52.0 APEX_CODE,FINEST;APEX_PROFILING,INFO;CALLOUT,INFO;DATA_ACCESS,INFO;DB,INFO;NBA,INFO;SYSTEM,DEBUG;VALIDATION,INFO;VISUALFORCE,INFO;WAVE,INFO;WORKFLOW,INFO
18:27:01.0 (352132)|USER_INFO|[EXTERNAL]|0051N000008bAK9|contingenciafalabella@falabella.com.mx|(GMT-06:00) Central Standard Time (America/Mexico_City)|GMT-06:00
18:27:01.0 (449744)|EXECUTION_STARTED
18:27:01.0 (480097)|CODE_UNIT_STARTED|[EXTERNAL]|01p3l00000EBsec|BatchUpdateCaseGestorBO
18:27:01.0 (2155428)|HEAP_ALLOCATE|[95]|Bytes:3
18:27:01.0 (2257693)|HEAP_ALLOCATE|[100]|Bytes:152
18:27:01.0 (2273124)|HEAP_ALLOCATE|[417]|Bytes:408
18:27:01.0 (2284874)|HEAP_ALLOCATE|[430]|Bytes:408
18:27:01.0 (2320410)|HEAP_ALLOCATE|[317]|Bytes:6
18:27:01.0 (4597819)|HEAP_ALLOCATE|[EXTERNAL]|Bytes:98
18:27:01.0 (8853639)|HEAP_ALLOCATE|[EXTERNAL]|Bytes:11
18:27:01.0 (8910675)|SYSTEM_METHOD_ENTRY|[15]|BatchableContextImpl.BatchableContextImpl()
18:27:01.0 (8945727)|STATEMENT_EXECUTE|[15]
18:27:01.0 (8967761)|SYSTEM_METHOD_EXIT|[15]|BatchableContextImpl
18:27:01.0 (8974681)|HEAP_ALLOCATE|[EXTERNAL]|Bytes:12
18:27:01.0 (8978440)|HEAP_ALLOCATE|[EXTERNAL]|Bytes:4
18:27:01.0 (8980878)|HEAP_ALLOCATE|[EXTERNAL]|Bytes:4
18:27:01.0 (8996664)|VARIABLE_SCOPE_BEGIN|[31]|this|Database.BatchableContextImpl|true|false
18:27:01.0 (9229881)|VARIABLE_ASSIGNMENT|[31]|this|{}|0x85a3729
18:27:01.0 (9235933)|VARIABLE_SCOPE_BEGIN|[31]|jobId|Id|false|false
18:27:01.0 (9355118)|VARIABLE_ASSIGNMENT|[31]|jobId|"707RQ00001vVo3RYAS"
18:27:01.0 (9359059)|VARIABLE_SCOPE_BEGIN|[31]|childJobId|Id|false|false
18:27:01.0 (9374292)|VARIABLE_ASSIGNMENT|[31]|childJobId|"707RQ00001vVnKhYAK"
18:27:01.0 (21295891)|HEAP_ALLOCATE|[EXTERNAL]|Bytes:16
18:27:03.280 (2280279037)|CUMULATIVE_LIMIT_USAGE
18:27:03.280 (2280279037)|LIMIT_USAGE_FOR_NS|(default)|
  Number of SOQL queries: 0 out of 200
  Number of query rows: 0 out of 50000
  Number of SOSL queries: 0 out of 20
  Number of DML statements: 0 out of 150
  Number of Publish Immediate DML: 0 out of 150
  Number of DML rows: 0 out of 10000
  Maximum CPU time: 0 out of 60000
  Maximum heap size: 0 out of 12000000
  Number of callouts: 0 out of 0
  Number of Email Invocations: 0 out of 10
  Number of future calls: 0 out of 0
  Number of queueable jobs added to the queue: 0 out of 1
  Number of Mobile Apex push calls: 0 out of 10

18:27:03.280 (2280279037)|CUMULATIVE_LIMIT_USAGE_END

18:27:03.280 (2280429937)|CODE_UNIT_FINISHED|BatchUpdateCaseGestorBO
18:27:03.280 (2280457035)|EXECUTION_FINISHED
