52.0 APEX_CODE,FINEST;APEX_PROFILING,INFO;CALLOUT,INFO;DATA_ACCESS,INFO;DB,INFO;NBA,INFO;SYSTEM,DEBUG;VALIDATION,INFO;VISUALFORCE,INFO;WAVE,INFO;WORKFLOW,INFO
18:03:06.0 (304227)|USER_INFO|[EXTERNAL]|0051N000008bAK9|contingenciafalabella@falabella.com.mx|(GMT-06:00) Central Standard Time (America/Mexico_City)|GMT-06:00
18:03:06.0 (415817)|EXECUTION_STARTED
18:03:06.0 (446406)|CODE_UNIT_STARTED|[EXTERNAL]|01p3l00000EBsec|BatchUpdateCaseGestorBO
18:03:06.0 (2014375)|HEAP_ALLOCATE|[95]|Bytes:3
18:03:06.0 (2125501)|HEAP_ALLOCATE|[100]|Bytes:152
18:03:06.0 (2138733)|HEAP_ALLOCATE|[417]|Bytes:408
18:03:06.0 (2149661)|HEAP_ALLOCATE|[430]|Bytes:408
18:03:06.0 (2168447)|HEAP_ALLOCATE|[317]|Bytes:6
18:03:06.0 (3111447)|HEAP_ALLOCATE|[EXTERNAL]|Bytes:98
18:03:06.0 (3754739)|HEAP_ALLOCATE|[EXTERNAL]|Bytes:11
18:03:06.0 (3816939)|SYSTEM_METHOD_ENTRY|[15]|BatchableContextImpl.BatchableContextImpl()
18:03:06.0 (3837212)|STATEMENT_EXECUTE|[15]
18:03:06.0 (3859655)|SYSTEM_METHOD_EXIT|[15]|BatchableContextImpl
18:03:06.0 (3864547)|HEAP_ALLOCATE|[EXTERNAL]|Bytes:12
18:03:06.0 (3867938)|HEAP_ALLOCATE|[EXTERNAL]|Bytes:4
18:03:06.0 (3884162)|VARIABLE_SCOPE_BEGIN|[31]|this|Database.BatchableContextImpl|true|false
18:03:06.0 (3989445)|VARIABLE_ASSIGNMENT|[31]|this|{}|0x6bbb194d
18:03:06.0 (3993106)|VARIABLE_SCOPE_BEGIN|[31]|jobId|Id|false|false
18:03:06.0 (4080715)|VARIABLE_ASSIGNMENT|[31]|jobId|"707RQ00001vVeRZYA0"
18:03:06.0 (4084888)|VARIABLE_SCOPE_BEGIN|[31]|childJobId|Id|false|false
18:03:06.0 (4090755)|VARIABLE_ASSIGNMENT|[31]|childJobId|null
18:03:06.0 (17864782)|HEAP_ALLOCATE|[EXTERNAL]|Bytes:99
18:03:06.0 (17887119)|HEAP_ALLOCATE|[EXTERNAL]|Bytes:12
18:03:06.0 (17904370)|METHOD_ENTRY|[11]|01p3l00000EBsec|BatchUpdateCaseGestorBO.BatchUpdateCaseGestorBO()
18:03:06.0 (17918202)|STATEMENT_EXECUTE|[11]
18:03:06.0 (17928039)|STATEMENT_EXECUTE|[11]
18:03:06.0 (17943402)|METHOD_EXIT|[11]|BatchUpdateCaseGestorBO
18:03:06.0 (17949635)|HEAP_ALLOCATE|[EXTERNAL]|Bytes:20
18:03:06.0 (17952229)|HEAP_ALLOCATE|[EXTERNAL]|Bytes:12
18:03:06.0 (17964484)|VARIABLE_SCOPE_BEGIN|[108]|this|BatchUpdateCaseGestorBO|true|false
18:03:06.0 (18036776)|VARIABLE_ASSIGNMENT|[108]|this|{"idQueueFraudesCredito":"00G3l000004HYBREA4","intCallMSAttempts":3,"lstRecordTypesBO":"0x3dccba4a","lstRequestsWithError":"0x7e49bf29"}|0x644c9e49
18:03:06.0 (18041580)|VARIABLE_SCOPE_BEGIN|[108]|BC|Database.BatchableContext|true|false
18:03:06.0 (18136032)|VARIABLE_ASSIGNMENT|[108]|BC|{"jobId":"707RQ00001vVeRZYA0"}|0x6bbb194d
18:03:06.0 (18147396)|STATEMENT_EXECUTE|[108]
18:03:06.0 (18243783)|STATEMENT_EXECUTE|[111]
18:03:06.35 (35025147)|CUMULATIVE_LIMIT_USAGE
18:03:06.35 (35025147)|LIMIT_USAGE_FOR_NS|(default)|
  Number of SOQL queries: 0 out of 200
  Number of query rows: 0 out of 50000
  Number of SOSL queries: 0 out of 20
  Number of DML statements: 0 out of 150
  Number of Publish Immediate DML: 0 out of 150
  Number of DML rows: 0 out of 10000
  Maximum CPU time: 0 out of 60000
  Maximum heap size: 0 out of 12000000
  Number of callouts: 0 out of 0
  Number of Email Invocations: 0 out of 10
  Number of future calls: 0 out of 0
  Number of queueable jobs added to the queue: 0 out of 1
  Number of Mobile Apex push calls: 0 out of 10

18:03:06.35 (35025147)|CUMULATIVE_LIMIT_USAGE_END

18:03:06.0 (35216503)|CODE_UNIT_FINISHED|BatchUpdateCaseGestorBO
18:03:06.0 (35248458)|EXECUTION_FINISHED
