66.0 APEX_CODE,FINEST;APEX_PROFILING,INFO;CALLOUT,INFO;DATA_ACCESS,INFO;DB,INFO;NBA,INFO;SYSTEM,DEBUG;VALIDATION,INFO;VISUALFORCE,INFO;WAVE,INFO;WORKFLOW,INFO
12:05:56.0 (199024)|USER_INFO|[EXTERNAL]|0050v0000034lag|albeltransa@falabella.com.mx.admin.uat|(GMT-06:00) Central Standard Time (America/Mexico_City)|GMT-06:00
12:05:56.0 (250200)|EXECUTION_STARTED
12:05:56.0 (261539)|CODE_UNIT_STARTED|[EXTERNAL]|apex://CasosControllerExtension/ACTION$obtenerCasosCerrados
12:05:56.0 (1830875)|CODE_UNIT_STARTED|[EXTERNAL]|01p0v000003PcLg|CasosControllerExtension.obtenerCasosCerrados()
12:05:56.0 (2027718)|VARIABLE_SCOPE_BEGIN|[21]|CasosControllerExtension.QUEUE_CREDITO_FRAUDES|String|false|true
12:05:56.0 (2085654)|VARIABLE_SCOPE_BEGIN|[20]|CasosControllerExtension.RT_FIGITAL|String|false|true
12:05:56.0 (2092089)|VARIABLE_SCOPE_BEGIN|[19]|CasosControllerExtension.RT_RIESGOS|String|false|true
12:05:56.0 (2097526)|VARIABLE_SCOPE_BEGIN|[17]|CasosControllerExtension.ST_ASIGNADA|String|false|true
12:05:56.0 (2103374)|VARIABLE_SCOPE_BEGIN|[15]|CasosControllerExtension.ST_AUTORIZADA|String|false|true
12:05:56.0 (2108606)|VARIABLE_SCOPE_BEGIN|[18]|CasosControllerExtension.ST_CERRADO|String|false|true
12:05:56.0 (2113956)|VARIABLE_SCOPE_BEGIN|[16]|CasosControllerExtension.ST_NUEVO|String|false|true
12:05:56.0 (2435210)|HEAP_ALLOCATE|[95]|Bytes:3
12:05:56.0 (2490735)|HEAP_ALLOCATE|[100]|Bytes:152
12:05:56.0 (2518524)|HEAP_ALLOCATE|[417]|Bytes:408
12:05:56.0 (2545057)|HEAP_ALLOCATE|[430]|Bytes:408
12:05:56.0 (2584634)|HEAP_ALLOCATE|[317]|Bytes:6
12:05:56.0 (2602832)|HEAP_ALLOCATE|[EXTERNAL]|Bytes:11
12:05:56.0 (2628450)|METHOD_ENTRY|[13]|01p0v000003PcLg|CasosControllerExtension.CasosControllerExtension()
12:05:56.0 (2636580)|STATEMENT_EXECUTE|[13]
12:05:56.0 (2643660)|STATEMENT_EXECUTE|[13]
12:05:56.0 (2695787)|HEAP_ALLOCATE|[68]|Bytes:5
12:05:56.0 (2729995)|HEAP_ALLOCATE|[74]|Bytes:5
12:05:56.0 (2738927)|HEAP_ALLOCATE|[82]|Bytes:7
12:05:56.0 (2776235)|HEAP_ALLOCATE|[15]|Bytes:5
12:05:56.0 (2781009)|STATEMENT_EXECUTE|[15]
12:05:56.0 (2792190)|HEAP_ALLOCATE|[15]|Bytes:12
12:05:56.0 (2873790)|VARIABLE_ASSIGNMENT|[15]|CasosControllerExtension.ST_AUTORIZADA|"Autorización"
12:05:56.0 (2881396)|STATEMENT_EXECUTE|[16]
12:05:56.0 (2883847)|HEAP_ALLOCATE|[16]|Bytes:3
12:05:56.0 (2892140)|VARIABLE_ASSIGNMENT|[16]|CasosControllerExtension.ST_NUEVO|"New"
12:05:56.0 (2895864)|STATEMENT_EXECUTE|[17]
12:05:56.0 (2897518)|HEAP_ALLOCATE|[17]|Bytes:8
12:05:56.0 (2903280)|VARIABLE_ASSIGNMENT|[17]|CasosControllerExtension.ST_ASIGNADA|"Asignada"
12:05:56.0 (2906845)|STATEMENT_EXECUTE|[18]
12:05:56.0 (2908228)|HEAP_ALLOCATE|[18]|Bytes:7
12:05:56.0 (2913542)|VARIABLE_ASSIGNMENT|[18]|CasosControllerExtension.ST_CERRADO|"Cerrado"
12:05:56.0 (2916570)|STATEMENT_EXECUTE|[19]
12:05:56.0 (2918443)|HEAP_ALLOCATE|[19]|Bytes:19
12:05:56.0 (2923829)|VARIABLE_ASSIGNMENT|[19]|CasosControllerExtension.RT_RIESGOS|"Riesgos_Originaci_n"
12:05:56.0 (2927081)|STATEMENT_EXECUTE|[20]
12:05:56.0 (2928463)|HEAP_ALLOCATE|[20]|Bytes:18
12:05:56.0 (2933155)|VARIABLE_ASSIGNMENT|[20]|CasosControllerExtension.RT_FIGITAL|"BackOffice_Figital"
12:05:56.0 (2936214)|STATEMENT_EXECUTE|[21]
12:05:56.0 (2937657)|HEAP_ALLOCATE|[21]|Bytes:26
12:05:56.0 (2944329)|VARIABLE_ASSIGNMENT|[21]|CasosControllerExtension.QUEUE_CREDITO_FRAUDES|"BackOffice Credito/F (6 more) ..."
12:05:56.0 (2961204)|METHOD_EXIT|[13]|CasosControllerExtension
12:05:56.0 (2990327)|HEAP_ALLOCATE|[94]|Bytes:5
12:05:56.0 (2993760)|STATEMENT_EXECUTE|[92]
12:05:56.0 (2995082)|STATEMENT_EXECUTE|[94]
12:05:56.0 (2997137)|HEAP_ALLOCATE|[94]|Bytes:4
12:05:56.0 (3245268)|HEAP_ALLOCATE|[94]|Bytes:4
12:05:56.0 (5073269)|HEAP_ALLOCATE|[94]|Bytes:412
12:05:56.0 (5245791)|HEAP_ALLOCATE|[94]|Bytes:4
12:05:56.0 (5270893)|HEAP_ALLOCATE|[94]|Bytes:18
12:05:56.0 (5279986)|VARIABLE_SCOPE_BEGIN|[94]|idRecordTypeCredito|String|false|false
12:05:56.0 (5302321)|VARIABLE_ASSIGNMENT|[94]|idRecordTypeCredito|"0120v000000fwTjAAI"
12:05:56.0 (5307856)|STATEMENT_EXECUTE|[95]
12:05:56.0 (5449719)|HEAP_ALLOCATE|[95]|Bytes:4
12:05:56.0 (7411296)|HEAP_ALLOCATE|[95]|Bytes:412
12:05:56.0 (7529222)|HEAP_ALLOCATE|[95]|Bytes:4
12:05:56.0 (7545910)|HEAP_ALLOCATE|[95]|Bytes:18
12:05:56.0 (7553665)|VARIABLE_SCOPE_BEGIN|[95]|idRecordTypeFigital|String|false|false
12:05:56.0 (7578500)|VARIABLE_ASSIGNMENT|[95]|idRecordTypeFigital|"0120v000000pcRFAAY"
12:05:56.0 (7583743)|STATEMENT_EXECUTE|[97]
12:05:56.0 (7588509)|HEAP_ALLOCATE|[97]|Bytes:151
12:05:56.0 (7607760)|HEAP_ALLOCATE|[97]|Bytes:4
12:05:56.0 (7621510)|HEAP_ALLOCATE|[97]|Bytes:7
12:05:56.0 (7635755)|HEAP_ALLOCATE|[97]|Bytes:7
12:05:56.0 (7647156)|HEAP_ALLOCATE|[97]|Bytes:7
12:05:56.0 (8483539)|SOQL_EXECUTE_BEGIN|[97]|Aggregations:0|SELECT Id, CreatedDate, ClosedDate FROM Case WHERE (Status = :tmpVar1 AND CreatedDate = TODAY AND (RecordTypeId = :tmpVar2 OR RecordTypeId = :tmpVar3))
12:05:56.0 (22414408)|SOQL_EXECUTE_END|[97]|Rows:1
12:05:56.0 (22455310)|HEAP_ALLOCATE|[97]|Bytes:8
12:05:56.0 (22475585)|HEAP_ALLOCATE|[97]|Bytes:66
12:05:56.0 (22538213)|HEAP_ALLOCATE|[97]|Bytes:8
12:05:56.0 (22561690)|VARIABLE_SCOPE_BEGIN|[97]|listaCasosCerrados|List<Case>|true|false
12:05:56.0 (22661563)|VARIABLE_ASSIGNMENT|[97]|listaCasosCerrados|[{"CreatedDate":"2026-06-01T17:47:58.000Z","Id":"500Rt00000g7iDqIAI","ClosedDate":"2026-06-01T17:52:44.000Z"}]|0x6c3c2c21
12:05:56.0 (22667074)|STATEMENT_EXECUTE|[99]
12:05:56.22 (22733419)|CUMULATIVE_LIMIT_USAGE
12:05:56.22 (22733419)|LIMIT_USAGE_FOR_NS|(default)|
  Number of SOQL queries: 1 out of 100
  Number of query rows: 1 out of 50000
  Number of SOSL queries: 0 out of 20
  Number of DML statements: 0 out of 150
  Number of Publish Immediate DML: 0 out of 150
  Number of DML rows: 0 out of 10000
  Maximum CPU time: 0 out of 10000
  Maximum heap size: 0 out of 6000000
  Number of callouts: 0 out of 100
  Number of Email Invocations: 0 out of 10
  Number of future calls: 0 out of 50
  Number of queueable jobs added to the queue: 0 out of 50
  Number of Mobile Apex push calls: 0 out of 10

12:05:56.22 (22733419)|CUMULATIVE_LIMIT_USAGE_END

12:05:56.0 (22760085)|CODE_UNIT_FINISHED|CasosControllerExtension.obtenerCasosCerrados()
12:05:56.0 (22996465)|CODE_UNIT_FINISHED|apex://CasosControllerExtension/ACTION$obtenerCasosCerrados
12:05:56.0 (23001896)|EXECUTION_FINISHED
