66.0 APEX_CODE,FINEST;APEX_PROFILING,INFO;CALLOUT,INFO;DATA_ACCESS,INFO;DB,INFO;NBA,INFO;SYSTEM,DEBUG;VALIDATION,INFO;VISUALFORCE,INFO;WAVE,INFO;WORKFLOW,INFO
14:52:07.0 (418246)|USER_INFO|[EXTERNAL]|0051N000005gvau|etrevinofalabella@izeicg.com.uat|(GMT-06:00) Central Standard Time (America/Mexico_City)|GMT-06:00
14:52:07.0 (479011)|EXECUTION_STARTED
14:52:07.0 (498835)|CODE_UNIT_STARTED|[EXTERNAL]|apex://validateQuestionsController/ACTION$getUserProfile
14:52:07.0 (3409892)|CODE_UNIT_STARTED|[EXTERNAL]|01p0v000003Gv5u|validateQuestionsController.getUserProfile()
14:52:07.0 (3766450)|HEAP_ALLOCATE|[95]|Bytes:3
14:52:07.0 (3872806)|HEAP_ALLOCATE|[100]|Bytes:152
14:52:07.0 (3893843)|HEAP_ALLOCATE|[417]|Bytes:408
14:52:07.0 (3910181)|HEAP_ALLOCATE|[430]|Bytes:408
14:52:07.0 (3933843)|HEAP_ALLOCATE|[317]|Bytes:6
14:52:07.0 (3958480)|HEAP_ALLOCATE|[EXTERNAL]|Bytes:27
14:52:07.0 (3964023)|HEAP_ALLOCATE|[EXTERNAL]|Bytes:11
14:52:07.0 (3981975)|METHOD_ENTRY|[15]|01p0v000003Gv5u|validateQuestionsController.validateQuestionsController()
14:52:07.0 (4002226)|STATEMENT_EXECUTE|[15]
14:52:07.0 (4009955)|STATEMENT_EXECUTE|[15]
14:52:07.0 (4020049)|METHOD_EXIT|[15]|validateQuestionsController
14:52:07.0 (4029504)|STATEMENT_EXECUTE|[155]
14:52:07.0 (4030636)|STATEMENT_EXECUTE|[156]
14:52:07.0 (4113299)|VARIABLE_SCOPE_BEGIN|[156]|UserProfile|Profile|true|false
14:52:07.0 (4185786)|VARIABLE_ASSIGNMENT|[156]|UserProfile|null|
14:52:07.0 (4189756)|STATEMENT_EXECUTE|[157]
14:52:07.0 (4190703)|STATEMENT_EXECUTE|[157]
14:52:07.0 (4191808)|STATEMENT_EXECUTE|[158]
14:52:07.0 (4224112)|HEAP_ALLOCATE|[158]|Bytes:105
14:52:07.0 (4237829)|SYSTEM_METHOD_ENTRY|[1]|UserInfo.UserInfo()
14:52:07.0 (4239964)|STATEMENT_EXECUTE|[1]
14:52:07.0 (4247554)|SYSTEM_METHOD_EXIT|[1]|UserInfo
14:52:07.0 (4261765)|METHOD_ENTRY|[158]||System.UserInfo.getProfileId()
14:52:07.0 (6075725)|METHOD_EXIT|[158]||System.UserInfo.getProfileId()
14:52:07.0 (6104990)|HEAP_ALLOCATE|[158]|Bytes:4
14:52:07.0 (6112987)|VARIABLE_SCOPE_BEGIN|[158]|profileId|Id|false|false
14:52:07.0 (6332887)|VARIABLE_ASSIGNMENT|[158]|profileId|"00e1N000001u1HIQAY"
14:52:07.0 (6346667)|STATEMENT_EXECUTE|[159]
14:52:07.0 (6350601)|HEAP_ALLOCATE|[159]|Bytes:52
14:52:07.0 (6370463)|HEAP_ALLOCATE|[159]|Bytes:4
14:52:07.0 (6381319)|HEAP_ALLOCATE|[159]|Bytes:7
14:52:07.0 (8792112)|SOQL_EXECUTE_BEGIN|[159]|Aggregations:0|SELECT Name FROM Profile WHERE Id = :tmpVar1 LIMIT 1
14:52:07.0 (13464543)|SOQL_EXECUTE_END|[159]|Rows:1
14:52:07.0 (13495785)|HEAP_ALLOCATE|[159]|Bytes:8
14:52:07.0 (13517400)|HEAP_ALLOCATE|[159]|Bytes:57
14:52:07.0 (13606421)|HEAP_ALLOCATE|[159]|Bytes:8
14:52:07.0 (13619135)|HEAP_ALLOCATE|[159]|Bytes:33
14:52:07.0 (13682588)|HEAP_ALLOCATE|[159]|Bytes:12
14:52:07.0 (13764969)|VARIABLE_ASSIGNMENT|[159]|UserProfile|{"Name":"System Administrator","Id":"00e1N000001u1HIQAY"}|0x66a2fc0d
14:52:07.0 (13773567)|STATEMENT_EXECUTE|[163]
14:52:07.13 (13916200)|CUMULATIVE_LIMIT_USAGE
14:52:07.13 (13916200)|LIMIT_USAGE_FOR_NS|(default)|
  Number of SOQL queries: 1 out of 100
  Number of query rows: 1 out of 50000
  Number of SOSL queries: 0 out of 20
  Number of DML statements: 0 out of 150
  Number of Publish Immediate DML: 0 out of 150
  Number of DML rows: 0 out of 10000
  Maximum CPU time: 0 out of 10000
  Maximum heap size: 0 out of 6000000
  Number of callouts: 0 out of 100
  Number of Email Invocations: 0 out of 10
  Number of future calls: 0 out of 50
  Number of queueable jobs added to the queue: 0 out of 50
  Number of Mobile Apex push calls: 0 out of 10

14:52:07.13 (13916200)|CUMULATIVE_LIMIT_USAGE_END

14:52:07.0 (13966131)|CODE_UNIT_FINISHED|validateQuestionsController.getUserProfile()
14:52:07.0 (14211111)|CODE_UNIT_FINISHED|apex://validateQuestionsController/ACTION$getUserProfile
14:52:07.0 (14218333)|EXECUTION_FINISHED
