67.0 APEX_CODE,FINEST;APEX_PROFILING,INFO;CALLOUT,INFO;DATA_ACCESS,INFO;DB,INFO;NBA,INFO;SYSTEM,DEBUG;VALIDATION,INFO;VISUALFORCE,INFO;WAVE,INFO;WORKFLOW,INFO
12:21:24.0 (253329)|USER_INFO|[EXTERNAL]|0051N000005gvau|etrevinofalabella@izeicg.com.uat|(GMT-06:00) Central Standard Time (America/Mexico_City)|GMT-06:00
12:21:24.0 (307920)|EXECUTION_STARTED
12:21:24.0 (318116)|CODE_UNIT_STARTED|[EXTERNAL]|apex://AuthenticateCustomerController/ACTION$getCaseRecordTypesByName
12:21:24.0 (3635865)|CODE_UNIT_STARTED|[EXTERNAL]|01p1N00000DazLB|AuthenticateCustomerController.getCaseRecordTypesByName()
12:21:24.0 (3744951)|VARIABLE_SCOPE_BEGIN|[19]|AuthenticateCustomerController.BE|String|false|true
12:21:24.0 (3927796)|HEAP_ALLOCATE|[95]|Bytes:3
12:21:24.0 (3970734)|HEAP_ALLOCATE|[100]|Bytes:152
12:21:24.0 (3986650)|HEAP_ALLOCATE|[417]|Bytes:408
12:21:24.0 (4001911)|HEAP_ALLOCATE|[430]|Bytes:408
12:21:24.0 (4028351)|HEAP_ALLOCATE|[317]|Bytes:6
12:21:24.0 (4041271)|HEAP_ALLOCATE|[EXTERNAL]|Bytes:13
12:21:24.0 (4045441)|HEAP_ALLOCATE|[EXTERNAL]|Bytes:70
12:21:24.0 (4048060)|HEAP_ALLOCATE|[EXTERNAL]|Bytes:88
12:21:24.0 (4051396)|HEAP_ALLOCATE|[EXTERNAL]|Bytes:2
12:21:24.0 (4112073)|VARIABLE_ASSIGNMENT|[EXTERNAL]|AuthenticateCustomerController.BE|"BE"
12:21:24.0 (4122771)|METHOD_ENTRY|[17]|01p1N00000DazLB|AuthenticateCustomerController.AuthenticateCustomerController()
12:21:24.0 (4130266)|STATEMENT_EXECUTE|[17]
12:21:24.0 (4136916)|STATEMENT_EXECUTE|[17]
12:21:24.0 (4161241)|HEAP_ALLOCATE|[68]|Bytes:5
12:21:24.0 (4186881)|HEAP_ALLOCATE|[74]|Bytes:5
12:21:24.0 (4192995)|HEAP_ALLOCATE|[82]|Bytes:7
12:21:24.0 (4213731)|HEAP_ALLOCATE|[EXTERNAL]|Bytes:5
12:21:24.0 (4217462)|STATEMENT_EXECUTE|[21]
12:21:24.0 (4225416)|METHOD_EXIT|[17]|AuthenticateCustomerController
12:21:24.0 (4237731)|HEAP_ALLOCATE|[271]|Bytes:5
12:21:24.0 (4241185)|STATEMENT_EXECUTE|[269]
12:21:24.0 (4242978)|STATEMENT_EXECUTE|[271]
12:21:24.0 (4254163)|HEAP_ALLOCATE|[271]|Bytes:4
12:21:24.0 (4263901)|VARIABLE_SCOPE_BEGIN|[271]|result|Map<String,String>|true|false
12:21:24.0 (4288265)|VARIABLE_ASSIGNMENT|[271]|result|{}|0x4c022179
12:21:24.0 (4293535)|STATEMENT_EXECUTE|[273]
12:21:24.0 (4295430)|HEAP_ALLOCATE|[273]|Bytes:4
12:21:24.0 (4436022)|HEAP_ALLOCATE|[273]|Bytes:4
12:21:24.0 (4445595)|VARIABLE_SCOPE_BEGIN|[273]|d|Schema.DescribeSObjectResult|true|false
12:21:24.0 (4766107)|VARIABLE_ASSIGNMENT|[273]|d|"common.api.soap.wsdl.DescribeSObjectResult@b413cb91"|0x735446c4
12:21:24.0 (4774078)|STATEMENT_EXECUTE|[274]
12:21:24.0 (6423148)|HEAP_ALLOCATE|[274]|Bytes:412
12:21:24.0 (6438613)|VARIABLE_SCOPE_BEGIN|[274]|rtMapByName|Map<String,Schema.RecordTypeInfo>|true|false
12:21:24.0 (6455424)|VARIABLE_ASSIGNMENT|[274]|rtMapByName|"Map of size 102 too large to display"|0x60cf74d2
12:21:24.0 (6500191)|HEAP_ALLOCATE|[276]|Bytes:4
12:21:24.0 (6601661)|HEAP_ALLOCATE|[276]|Bytes:2582
12:21:24.0 (6624574)|HEAP_ALLOCATE|[276]|Bytes:408
12:21:24.0 (6663994)|HEAP_ALLOCATE|[276]|Bytes:5
12:21:24.0 (6679519)|VARIABLE_SCOPE_BEGIN|[276]|key|String|false|false
12:21:24.0 (6689763)|VARIABLE_ASSIGNMENT|[276]|key|"APP"
12:21:24.0 (6696130)|STATEMENT_EXECUTE|[276]
12:21:24.0 (6698141)|STATEMENT_EXECUTE|[278]
12:21:24.0 (6735214)|VARIABLE_SCOPE_BEGIN|[278]|info|Schema.RecordTypeInfo|true|false
12:21:24.0 (6824891)|VARIABLE_ASSIGNMENT|[278]|info|"common.api.soap.wsdl.RecordTypeInfo@f219f932"|0x50b3751d
12:21:24.0 (6830369)|STATEMENT_EXECUTE|[279]
12:21:24.0 (6846266)|HEAP_ALLOCATE|[279]|Bytes:4
12:21:24.0 (6886861)|HEAP_ALLOCATE|[EXTERNAL]|Bytes:-4
12:21:24.0 (6898293)|HEAP_ALLOCATE|[276]|Bytes:5
12:21:24.0 (6905319)|VARIABLE_SCOPE_BEGIN|[276]|key|String|false|false
12:21:24.0 (6912854)|VARIABLE_ASSIGNMENT|[276]|key|"Abono de Puntos"
12:21:24.0 (6916364)|STATEMENT_EXECUTE|[276]
12:21:24.0 (6917813)|STATEMENT_EXECUTE|[278]
12:21:24.0 (6925186)|VARIABLE_SCOPE_BEGIN|[278]|info|Schema.RecordTypeInfo|true|false
12:21:24.0 (6955165)|VARIABLE_ASSIGNMENT|[278]|info|"common.api.soap.wsdl.RecordTypeInfo@bae8d6e2"|0x1006ba9
12:21:24.0 (6959600)|STATEMENT_EXECUTE|[279]
12:21:24.0 (6963059)|HEAP_ALLOCATE|[279]|Bytes:4
12:21:24.0 (6971435)|HEAP_ALLOCATE|[EXTERNAL]|Bytes:-4
12:21:24.0 (6978959)|HEAP_ALLOCATE|[276]|Bytes:5
12:21:24.0 (6984899)|VARIABLE_SCOPE_BEGIN|[276]|key|String|false|false
12:21:24.0 (6993042)|VARIABLE_ASSIGNMENT|[276]|key|"Abono de Puntos (Mód (4 more) ..."
12:21:24.0 (6998310)|STATEMENT_EXECUTE|[276]
12:21:24.0 (6999711)|STATEMENT_EXECUTE|[278]
12:21:24.0 (7006104)|VARIABLE_SCOPE_BEGIN|[278]|info|Schema.RecordTypeInfo|true|false
12:21:24.0 (7032967)|VARIABLE_ASSIGNMENT|[278]|info|"common.api.soap.wsdl.RecordTypeInfo@a9df86c5"|0x1a72e6bf
12:21:24.0 (7037569)|STATEMENT_EXECUTE|[279]
12:21:24.0 (7040569)|HEAP_ALLOCATE|[279]|Bytes:4
12:21:24.0 (7048381)|HEAP_ALLOCATE|[EXTERNAL]|Bytes:-4
12:21:24.0 (7055482)|HEAP_ALLOCATE|[276]|Bytes:5
12:21:24.0 (7061349)|VARIABLE_SCOPE_BEGIN|[276]|key|String|false|false
12:21:24.0 (7068429)|VARIABLE_ASSIGNMENT|[276]|key|"Activación de NIP"
12:21:24.0 (7072219)|STATEMENT_EXECUTE|[276]
12:21:24.0 (7073570)|STATEMENT_EXECUTE|[278]
12:21:24.0 (7079680)|VARIABLE_SCOPE_BEGIN|[278]|info|Schema.RecordTypeInfo|true|false
12:21:24.0 (7105269)|VARIABLE_ASSIGNMENT|[278]|info|"common.api.soap.wsdl.RecordTypeInfo@5e312afc"|0x2b85bf4c
12:21:24.0 (7109900)|STATEMENT_EXECUTE|[279]
12:21:24.0 (7112749)|HEAP_ALLOCATE|[279]|Bytes:4
12:21:24.0 (7120094)|HEAP_ALLOCATE|[EXTERNAL]|Bytes:-4
12:21:24.0 (7127219)|HEAP_ALLOCATE|[276]|Bytes:5
12:21:24.0 (7132981)|VARIABLE_SCOPE_BEGIN|[276]|key|String|false|false
12:21:24.0 (7140531)|VARIABLE_ASSIGNMENT|[276]|key|"Activación de Tarjet (1 more) ..."
12:21:24.0 (7144297)|STATEMENT_EXECUTE|[276]
12:21:24.0 (7145689)|STATEMENT_EXECUTE|[278]
12:21:24.0 (7151650)|VARIABLE_SCOPE_BEGIN|[278]|info|Schema.RecordTypeInfo|true|false
12:21:24.0 (7176585)|VARIABLE_ASSIGNMENT|[278]|info|"common.api.soap.wsdl.RecordTypeInfo@d9f39a17"|0x60d53cbc
12:21:24.0 (7181265)|STATEMENT_EXECUTE|[279]
12:21:24.0 (7184141)|HEAP_ALLOCATE|[279]|Bytes:4
12:21:24.0 (7191737)|HEAP_ALLOCATE|[EXTERNAL]|Bytes:-4
12:21:24.0 (7198869)|HEAP_ALLOCATE|[276]|Bytes:5
12:21:24.0 (7204556)|VARIABLE_SCOPE_BEGIN|[276]|key|String|false|false
12:21:24.0 (7211586)|VARIABLE_ASSIGNMENT|[276]|key|"Actualización Buró"
12:21:24.0 (7215400)|STATEMENT_EXECUTE|[276]
12:21:24.0 (7216781)|STATEMENT_EXECUTE|[278]
12:21:24.0 (7223004)|VARIABLE_SCOPE_BEGIN|[278]|info|Schema.RecordTypeInfo|true|false
12:21:24.0 (7247969)|VARIABLE_ASSIGNMENT|[278]|info|"common.api.soap.wsdl.RecordTypeInfo@7b9f67bd"|0x628a4e2c
12:21:24.0 (7252522)|STATEMENT_EXECUTE|[279]
12:21:24.0 (7255275)|HEAP_ALLOCATE|[279]|Bytes:4
12:21:24.0 (7262646)|HEAP_ALLOCATE|[EXTERNAL]|Bytes:-4
12:21:24.0 (7269638)|HEAP_ALLOCATE|[276]|Bytes:5
12:21:24.0 (7275288)|VARIABLE_SCOPE_BEGIN|[276]|key|String|false|false
12:21:24.0 (7282564)|VARIABLE_ASSIGNMENT|[276]|key|"Actualización Correo (9 more) ..."
12:21:24.0 (7286265)|STATEMENT_EXECUTE|[276]
12:21:24.0 (7287752)|STATEMENT_EXECUTE|[278]
12:21:24.0 (7293732)|VARIABLE_SCOPE_BEGIN|[278]|info|Schema.RecordTypeInfo|true|false
12:21:24.0 (7318543)|VARIABLE_ASSIGNMENT|[278]|info|"common.api.soap.wsdl.RecordTypeInfo@aeecf39c"|0x6f401bdc
12:21:24.0 (7322941)|STATEMENT_EXECUTE|[279]
12:21:24.0 (7325796)|HEAP_ALLOCATE|[279]|Bytes:4
12:21:24.0 (7333104)|HEAP_ALLOCATE|[EXTERNAL]|Bytes:-4
12:21:24.0 (7340128)|HEAP_ALLOCATE|[276]|Bytes:5
12:21:24.0 (7345784)|VARIABLE_SCOPE_BEGIN|[276]|key|String|false|false
12:21:24.0 (7353118)|VARIABLE_ASSIGNMENT|[276]|key|"Actualización Domici (12 more) ..."
12:21:24.0 (7356729)|STATEMENT_EXECUTE|[276]
12:21:24.0 (7358101)|STATEMENT_EXECUTE|[278]
12:21:24.0 (7364104)|VARIABLE_SCOPE_BEGIN|[278]|info|Schema.RecordTypeInfo|true|false
12:21:24.0 (7388628)|VARIABLE_ASSIGNMENT|[278]|info|"common.api.soap.wsdl.RecordTypeInfo@d5441330"|0x6939a6a7
12:21:24.0 (7393048)|STATEMENT_EXECUTE|[279]
12:21:24.0 (7395866)|HEAP_ALLOCATE|[279]|Bytes:4
12:21:24.0 (7403268)|HEAP_ALLOCATE|[EXTERNAL]|Bytes:-4
12:21:24.0 (7410583)|HEAP_ALLOCATE|[276]|Bytes:5
12:21:24.0 (7416232)|VARIABLE_SCOPE_BEGIN|[276]|key|String|false|false
12:21:24.0 (7423378)|VARIABLE_ASSIGNMENT|[276]|key|"Actualización Nom, R (6 more) ..."
12:21:24.0 (7427028)|STATEMENT_EXECUTE|[276]
12:21:24.0 (7428480)|STATEMENT_EXECUTE|[278]
12:21:24.0 (7434599)|VARIABLE_SCOPE_BEGIN|[278]|info|Schema.RecordTypeInfo|true|false
12:21:24.0 (7459298)|VARIABLE_ASSIGNMENT|[278]|info|"common.api.soap.wsdl.RecordTypeInfo@56e7171e"|0x20c057e0
12:21:24.0 (7463771)|STATEMENT_EXECUTE|[279]
12:21:24.0 (7466533)|HEAP_ALLOCATE|[279]|Bytes:4
12:21:24.0 (7473726)|HEAP_ALLOCATE|[EXTERNAL]|Bytes:-4
12:21:24.0 (7480962)|HEAP_ALLOCATE|[276]|Bytes:5
12:21:24.0 (7486521)|VARIABLE_SCOPE_BEGIN|[276]|key|String|false|false
12:21:24.0 (7493598)|VARIABLE_ASSIGNMENT|[276]|key|"Actualización SORIBA (1 more) ..."
12:21:24.0 (7497103)|STATEMENT_EXECUTE|[276]
12:21:24.0 (7498488)|STATEMENT_EXECUTE|[278]
12:21:24.0 (7504461)|VARIABLE_SCOPE_BEGIN|[278]|info|Schema.RecordTypeInfo|true|false
12:21:24.0 (7529641)|VARIABLE_ASSIGNMENT|[278]|info|"common.api.soap.wsdl.RecordTypeInfo@1da61f93"|0x100b86fa
12:21:24.0 (7534174)|STATEMENT_EXECUTE|[279]
12:21:24.0 (7536959)|HEAP_ALLOCATE|[279]|Bytes:4
12:21:24.0 (7544430)|HEAP_ALLOCATE|[EXTERNAL]|Bytes:-4
12:21:24.0 (7551757)|HEAP_ALLOCATE|[276]|Bytes:5
12:21:24.0 (7557507)|VARIABLE_SCOPE_BEGIN|[276]|key|String|false|false
12:21:24.0 (7564728)|VARIABLE_ASSIGNMENT|[276]|key|"Actualización de CUR (1 more) ..."
12:21:24.0 (7568281)|STATEMENT_EXECUTE|[276]
12:21:24.0 (7569624)|STATEMENT_EXECUTE|[278]
12:21:24.0 (7575661)|VARIABLE_SCOPE_BEGIN|[278]|info|Schema.RecordTypeInfo|true|false
12:21:24.0 (7600693)|VARIABLE_ASSIGNMENT|[278]|info|"common.api.soap.wsdl.RecordTypeInfo@ad5dbd7c"|0x7f7ae1dc
12:21:24.0 (7605108)|STATEMENT_EXECUTE|[279]
12:21:24.0 (7607873)|HEAP_ALLOCATE|[279]|Bytes:4
12:21:24.0 (7615141)|HEAP_ALLOCATE|[EXTERNAL]|Bytes:-4
12:21:24.0 (7622088)|HEAP_ALLOCATE|[276]|Bytes:5
12:21:24.0 (7627674)|VARIABLE_SCOPE_BEGIN|[276]|key|String|false|false
12:21:24.0 (7634948)|VARIABLE_ASSIGNMENT|[276]|key|"Actualización de Cel (5 more) ..."
12:21:24.0 (7638385)|STATEMENT_EXECUTE|[276]
12:21:24.0 (7639767)|STATEMENT_EXECUTE|[278]
12:21:24.0 (7646058)|VARIABLE_SCOPE_BEGIN|[278]|info|Schema.RecordTypeInfo|true|false
12:21:24.0 (7671091)|VARIABLE_ASSIGNMENT|[278]|info|"common.api.soap.wsdl.RecordTypeInfo@76d75e63"|0x5b526c0a
12:21:24.0 (7675518)|STATEMENT_EXECUTE|[279]
12:21:24.0 (7678287)|HEAP_ALLOCATE|[279]|Bytes:4
12:21:24.0 (7685833)|HEAP_ALLOCATE|[EXTERNAL]|Bytes:-4
12:21:24.0 (7692791)|HEAP_ALLOCATE|[276]|Bytes:5
12:21:24.0 (7698461)|VARIABLE_SCOPE_BEGIN|[276]|key|String|false|false
12:21:24.0 (7705559)|VARIABLE_ASSIGNMENT|[276]|key|"Actualización de Cel (4 more) ..."
12:21:24.0 (7709005)|STATEMENT_EXECUTE|[276]
12:21:24.0 (7710361)|STATEMENT_EXECUTE|[278]
12:21:24.0 (7716542)|VARIABLE_SCOPE_BEGIN|[278]|info|Schema.RecordTypeInfo|true|false
12:21:24.0 (7741281)|VARIABLE_ASSIGNMENT|[278]|info|"common.api.soap.wsdl.RecordTypeInfo@64a8cf3b"|0x790f5fd7
12:21:24.0 (7745854)|STATEMENT_EXECUTE|[279]
12:21:24.0 (7748706)|HEAP_ALLOCATE|[279]|Bytes:4
12:21:24.0 (7756626)|HEAP_ALLOCATE|[EXTERNAL]|Bytes:-4
12:21:24.0 (7763772)|HEAP_ALLOCATE|[276]|Bytes:5
12:21:24.0 (7769323)|VARIABLE_SCOPE_BEGIN|[276]|key|String|false|false
12:21:24.0 (7776351)|VARIABLE_ASSIGNMENT|[276]|key|"Actualización de Cor (3 more) ..."
12:21:24.0 (7779826)|STATEMENT_EXECUTE|[276]
12:21:24.0 (7781172)|STATEMENT_EXECUTE|[278]
12:21:24.0 (7787477)|VARIABLE_SCOPE_BEGIN|[278]|info|Schema.RecordTypeInfo|true|false
12:21:24.0 (7812106)|VARIABLE_ASSIGNMENT|[278]|info|"common.api.soap.wsdl.RecordTypeInfo@66178782"|0x357f2a5a
12:21:24.0 (7816401)|STATEMENT_EXECUTE|[279]
12:21:24.0 (7819221)|HEAP_ALLOCATE|[279]|Bytes:4
12:21:24.0 (7826506)|HEAP_ALLOCATE|[EXTERNAL]|Bytes:-4
12:21:24.0 (7833558)|HEAP_ALLOCATE|[276]|Bytes:5
12:21:24.0 (7839175)|VARIABLE_SCOPE_BEGIN|[276]|key|String|false|false
12:21:24.0 (7846296)|VARIABLE_ASSIGNMENT|[276]|key|"Actualización de Dom (6 more) ..."
12:21:24.0 (7849918)|STATEMENT_EXECUTE|[276]
12:21:24.0 (7851276)|STATEMENT_EXECUTE|[278]
12:21:24.0 (7857579)|VARIABLE_SCOPE_BEGIN|[278]|info|Schema.RecordTypeInfo|true|false
12:21:24.0 (7881981)|VARIABLE_ASSIGNMENT|[278]|info|"common.api.soap.wsdl.RecordTypeInfo@19cbc967"|0x1d234928
12:21:24.0 (7886578)|STATEMENT_EXECUTE|[279]
12:21:24.0 (7889401)|HEAP_ALLOCATE|[279]|Bytes:4
12:21:24.0 (7896796)|HEAP_ALLOCATE|[EXTERNAL]|Bytes:-4
12:21:24.0 (7903988)|HEAP_ALLOCATE|[276]|Bytes:5
12:21:24.0 (7909594)|VARIABLE_SCOPE_BEGIN|[276]|key|String|false|false
12:21:24.0 (7916921)|VARIABLE_ASSIGNMENT|[276]|key|"Actualización de Tel (10 more) ..."
12:21:24.0 (7920501)|STATEMENT_EXECUTE|[276]
12:21:24.0 (7921851)|STATEMENT_EXECUTE|[278]
12:21:24.0 (7927966)|VARIABLE_SCOPE_BEGIN|[278]|info|Schema.RecordTypeInfo|true|false
12:21:24.0 (7952651)|VARIABLE_ASSIGNMENT|[278]|info|"common.api.soap.wsdl.RecordTypeInfo@767cd3c0"|0x555954ba
12:21:24.0 (7956986)|STATEMENT_EXECUTE|[279]
12:21:24.0 (7959776)|HEAP_ALLOCATE|[279]|Bytes:4
12:21:24.0 (7967335)|HEAP_ALLOCATE|[EXTERNAL]|Bytes:-4
12:21:24.0 (7974276)|HEAP_ALLOCATE|[276]|Bytes:5
12:21:24.0 (7979981)|VARIABLE_SCOPE_BEGIN|[276]|key|String|false|false
12:21:24.0 (7986567)|VARIABLE_ASSIGNMENT|[276]|key|"Alta Cliente"
12:21:24.0 (7989778)|STATEMENT_EXECUTE|[276]
12:21:24.0 (7991115)|STATEMENT_EXECUTE|[278]
12:21:24.0 (7997047)|VARIABLE_SCOPE_BEGIN|[278]|info|Schema.RecordTypeInfo|true|false
12:21:24.0 (8022278)|VARIABLE_ASSIGNMENT|[278]|info|"common.api.soap.wsdl.RecordTypeInfo@80a41a04"|0x562b5821
12:21:24.0 (8027000)|STATEMENT_EXECUTE|[279]
12:21:24.0 (8029820)|HEAP_ALLOCATE|[279]|Bytes:4
12:21:24.0 (8037245)|HEAP_ALLOCATE|[EXTERNAL]|Bytes:-4
12:21:24.0 (8044158)|HEAP_ALLOCATE|[276]|Bytes:5
12:21:24.0 (8049711)|VARIABLE_SCOPE_BEGIN|[276]|key|String|false|false
12:21:24.0 (8056867)|VARIABLE_ASSIGNMENT|[276]|key|"Audiencia CONDUSEF"
12:21:24.0 (8060005)|STATEMENT_EXECUTE|[276]
12:21:24.0 (8061360)|STATEMENT_EXECUTE|[278]
12:21:24.0 (8067363)|VARIABLE_SCOPE_BEGIN|[278]|info|Schema.RecordTypeInfo|true|false
12:21:24.0 (8092431)|VARIABLE_ASSIGNMENT|[278]|info|"common.api.soap.wsdl.RecordTypeInfo@ee8898d7"|0x1a4a8544
12:21:24.0 (8096775)|STATEMENT_EXECUTE|[279]
12:21:24.0 (8099522)|HEAP_ALLOCATE|[279]|Bytes:4
12:21:24.0 (8107000)|HEAP_ALLOCATE|[EXTERNAL]|Bytes:-4
12:21:24.0 (8113965)|HEAP_ALLOCATE|[276]|Bytes:5
12:21:24.0 (8119595)|VARIABLE_SCOPE_BEGIN|[276]|key|String|false|false
12:21:24.0 (8127012)|VARIABLE_ASSIGNMENT|[276]|key|"Aumento de Línea de  (7 more) ..."
12:21:24.0 (8130768)|STATEMENT_EXECUTE|[276]
12:21:24.0 (8132117)|STATEMENT_EXECUTE|[278]
12:21:24.0 (8138418)|VARIABLE_SCOPE_BEGIN|[278]|info|Schema.RecordTypeInfo|true|false
12:21:24.0 (8163548)|VARIABLE_ASSIGNMENT|[278]|info|"common.api.soap.wsdl.RecordTypeInfo@b67992fe"|0x1da7e52c
12:21:24.0 (8167936)|STATEMENT_EXECUTE|[279]
12:21:24.0 (8170800)|HEAP_ALLOCATE|[279]|Bytes:4
12:21:24.0 (8178263)|HEAP_ALLOCATE|[EXTERNAL]|Bytes:-4
12:21:24.0 (8185314)|HEAP_ALLOCATE|[276]|Bytes:5
12:21:24.0 (8190843)|VARIABLE_SCOPE_BEGIN|[276]|key|String|false|false
12:21:24.0 (8197800)|VARIABLE_ASSIGNMENT|[276]|key|"BackOffice Figital"
12:21:24.0 (8200981)|STATEMENT_EXECUTE|[276]
12:21:24.0 (8202337)|STATEMENT_EXECUTE|[278]
12:21:24.0 (8208315)|VARIABLE_SCOPE_BEGIN|[278]|info|Schema.RecordTypeInfo|true|false
12:21:24.0 (8233313)|VARIABLE_ASSIGNMENT|[278]|info|"common.api.soap.wsdl.RecordTypeInfo@e1ed000"|0x2448ea6
12:21:24.0 (8237711)|STATEMENT_EXECUTE|[279]
12:21:24.0 (8240498)|HEAP_ALLOCATE|[279]|Bytes:4
12:21:24.0 (8248110)|HEAP_ALLOCATE|[EXTERNAL]|Bytes:-4
12:21:24.0 (8255033)|HEAP_ALLOCATE|[276]|Bytes:5
12:21:24.0 (8260614)|VARIABLE_SCOPE_BEGIN|[276]|key|String|false|false
12:21:24.0 (8267181)|VARIABLE_ASSIGNMENT|[276]|key|"BackOffice Fraudes"
12:21:24.0 (8270398)|STATEMENT_EXECUTE|[276]
12:21:24.0 (8271753)|STATEMENT_EXECUTE|[278]
12:21:24.0 (8277842)|VARIABLE_SCOPE_BEGIN|[278]|info|Schema.RecordTypeInfo|true|false
12:21:24.0 (8302691)|VARIABLE_ASSIGNMENT|[278]|info|"common.api.soap.wsdl.RecordTypeInfo@a750b4b9"|0xea2249f
12:21:24.0 (8307231)|STATEMENT_EXECUTE|[279]
12:21:24.0 (8310049)|HEAP_ALLOCATE|[279]|Bytes:4
12:21:24.0 (8317514)|HEAP_ALLOCATE|[EXTERNAL]|Bytes:-4
12:21:24.0 (8324438)|HEAP_ALLOCATE|[276]|Bytes:5
12:21:24.0 (8329986)|VARIABLE_SCOPE_BEGIN|[276]|key|String|false|false
12:21:24.0 (8336886)|VARIABLE_ASSIGNMENT|[276]|key|"Bloqueo Seguridad"
12:21:24.0 (8340074)|STATEMENT_EXECUTE|[276]
12:21:24.0 (8341445)|STATEMENT_EXECUTE|[278]
12:21:24.0 (8347584)|VARIABLE_SCOPE_BEGIN|[278]|info|Schema.RecordTypeInfo|true|false
12:21:24.0 (8372132)|VARIABLE_ASSIGNMENT|[278]|info|"common.api.soap.wsdl.RecordTypeInfo@1ad47a66"|0x408cf0aa
12:21:24.0 (8376495)|STATEMENT_EXECUTE|[279]
12:21:24.0 (8379089)|HEAP_ALLOCATE|[279]|Bytes:4
12:21:24.0 (8386531)|HEAP_ALLOCATE|[EXTERNAL]|Bytes:-4
12:21:24.0 (8393485)|HEAP_ALLOCATE|[276]|Bytes:5
12:21:24.0 (8399137)|VARIABLE_SCOPE_BEGIN|[276]|key|String|false|false
12:21:24.0 (8405629)|VARIABLE_ASSIGNMENT|[276]|key|"CVV Dinámico"
12:21:24.0 (8409339)|STATEMENT_EXECUTE|[276]
12:21:24.0 (8410675)|STATEMENT_EXECUTE|[278]
12:21:24.0 (8416837)|VARIABLE_SCOPE_BEGIN|[278]|info|Schema.RecordTypeInfo|true|false
12:21:24.0 (8441468)|VARIABLE_ASSIGNMENT|[278]|info|"common.api.soap.wsdl.RecordTypeInfo@5ce747f8"|0x62a0e312
12:21:24.0 (8445777)|STATEMENT_EXECUTE|[279]
12:21:24.0 (8448563)|HEAP_ALLOCATE|[279]|Bytes:4
12:21:24.0 (8455793)|HEAP_ALLOCATE|[EXTERNAL]|Bytes:-4
12:21:24.0 (8462885)|HEAP_ALLOCATE|[276]|Bytes:5
12:21:24.0 (8468597)|VARIABLE_SCOPE_BEGIN|[276]|key|String|false|false
12:21:24.0 (8475856)|VARIABLE_ASSIGNMENT|[276]|key|"Cambio de MC a Priva (2 more) ..."
12:21:24.0 (8479032)|STATEMENT_EXECUTE|[276]
12:21:24.0 (8480384)|STATEMENT_EXECUTE|[278]
12:21:24.0 (8486614)|VARIABLE_SCOPE_BEGIN|[278]|info|Schema.RecordTypeInfo|true|false
12:21:24.0 (8511728)|VARIABLE_ASSIGNMENT|[278]|info|"common.api.soap.wsdl.RecordTypeInfo@a6d8a80b"|0x4437605e
12:21:24.0 (8516141)|STATEMENT_EXECUTE|[279]
12:21:24.0 (8518855)|HEAP_ALLOCATE|[279]|Bytes:4
12:21:24.0 (8526205)|HEAP_ALLOCATE|[EXTERNAL]|Bytes:-4
12:21:24.0 (8533268)|HEAP_ALLOCATE|[276]|Bytes:5
12:21:24.0 (8538988)|VARIABLE_SCOPE_BEGIN|[276]|key|String|false|false
12:21:24.0 (8546177)|VARIABLE_ASSIGNMENT|[276]|key|"Cambio de Medio Enví (1 more) ..."
12:21:24.0 (8549833)|STATEMENT_EXECUTE|[276]
12:21:24.0 (8551170)|STATEMENT_EXECUTE|[278]
12:21:24.0 (8557518)|VARIABLE_SCOPE_BEGIN|[278]|info|Schema.RecordTypeInfo|true|false
12:21:24.0 (8582471)|VARIABLE_ASSIGNMENT|[278]|info|"common.api.soap.wsdl.RecordTypeInfo@be215376"|0x5b2e229b
12:21:24.0 (8587050)|STATEMENT_EXECUTE|[279]
12:21:24.0 (8589733)|HEAP_ALLOCATE|[279]|Bytes:4
12:21:24.0 (8598017)|HEAP_ALLOCATE|[EXTERNAL]|Bytes:-4
12:21:24.0 (8619150)|HEAP_ALLOCATE|[276]|Bytes:5
12:21:24.0 (8625032)|VARIABLE_SCOPE_BEGIN|[276]|key|String|false|false
12:21:24.0 (8632583)|VARIABLE_ASSIGNMENT|[276]|key|"Campañas Outbound"
12:21:24.0 (8636276)|STATEMENT_EXECUTE|[276]
12:21:24.0 (8637660)|STATEMENT_EXECUTE|[278]
12:21:24.0 (8644032)|VARIABLE_SCOPE_BEGIN|[278]|info|Schema.RecordTypeInfo|true|false
12:21:24.0 (8670618)|VARIABLE_ASSIGNMENT|[278]|info|"common.api.soap.wsdl.RecordTypeInfo@6d4e485f"|0x7c8080f4
12:21:24.0 (8675142)|STATEMENT_EXECUTE|[279]
12:21:24.0 (8678103)|HEAP_ALLOCATE|[279]|Bytes:4
12:21:24.0 (8685823)|HEAP_ALLOCATE|[EXTERNAL]|Bytes:-4
12:21:24.0 (8692813)|HEAP_ALLOCATE|[276]|Bytes:5
12:21:24.0 (8698475)|VARIABLE_SCOPE_BEGIN|[276]|key|String|false|false
12:21:24.0 (8705340)|VARIABLE_ASSIGNMENT|[276]|key|"Campos Regulatorios"
12:21:24.0 (8708571)|STATEMENT_EXECUTE|[276]
12:21:24.0 (8709934)|STATEMENT_EXECUTE|[278]
12:21:24.0 (8716177)|VARIABLE_SCOPE_BEGIN|[278]|info|Schema.RecordTypeInfo|true|false
12:21:24.0 (8741070)|VARIABLE_ASSIGNMENT|[278]|info|"common.api.soap.wsdl.RecordTypeInfo@36673986"|0x195d5405
12:21:24.0 (8745458)|STATEMENT_EXECUTE|[279]
12:21:24.0 (8748184)|HEAP_ALLOCATE|[279]|Bytes:4
12:21:24.0 (8755527)|HEAP_ALLOCATE|[EXTERNAL]|Bytes:-4
12:21:24.0 (8762405)|HEAP_ALLOCATE|[276]|Bytes:5
12:21:24.0 (8767968)|VARIABLE_SCOPE_BEGIN|[276]|key|String|false|false
12:21:24.0 (8775207)|VARIABLE_ASSIGNMENT|[276]|key|"Cancelación Adiciona (1 more) ..."
12:21:24.0 (8779099)|STATEMENT_EXECUTE|[276]
12:21:24.0 (8780461)|STATEMENT_EXECUTE|[278]
12:21:24.0 (8786497)|VARIABLE_SCOPE_BEGIN|[278]|info|Schema.RecordTypeInfo|true|false
12:21:24.0 (8811908)|VARIABLE_ASSIGNMENT|[278]|info|"common.api.soap.wsdl.RecordTypeInfo@a287f482"|0x6617e2e0
12:21:24.0 (8816298)|STATEMENT_EXECUTE|[279]
12:21:24.0 (8819027)|HEAP_ALLOCATE|[279]|Bytes:4
12:21:24.0 (8826425)|HEAP_ALLOCATE|[EXTERNAL]|Bytes:-4
12:21:24.0 (8833527)|HEAP_ALLOCATE|[276]|Bytes:5
12:21:24.0 (8839074)|VARIABLE_SCOPE_BEGIN|[276]|key|String|false|false
12:21:24.0 (8846237)|VARIABLE_ASSIGNMENT|[276]|key|"Cancelación de Adici (13 more) ..."
12:21:24.0 (8849812)|STATEMENT_EXECUTE|[276]
12:21:24.0 (8851220)|STATEMENT_EXECUTE|[278]
12:21:24.0 (8857199)|VARIABLE_SCOPE_BEGIN|[278]|info|Schema.RecordTypeInfo|true|false
12:21:24.0 (8882530)|VARIABLE_ASSIGNMENT|[278]|info|"common.api.soap.wsdl.RecordTypeInfo@9677e4f6"|0x4c073e43
12:21:24.0 (8886976)|STATEMENT_EXECUTE|[279]
12:21:24.0 (8889657)|HEAP_ALLOCATE|[279]|Bytes:4
12:21:24.0 (8897319)|HEAP_ALLOCATE|[EXTERNAL]|Bytes:-4
12:21:24.0 (8904521)|HEAP_ALLOCATE|[276]|Bytes:5
12:21:24.0 (8910157)|VARIABLE_SCOPE_BEGIN|[276]|key|String|false|false
12:21:24.0 (8917410)|VARIABLE_ASSIGNMENT|[276]|key|"Cancelación de Tarje (20 more) ..."
12:21:24.0 (8920977)|STATEMENT_EXECUTE|[276]
12:21:24.0 (8922327)|STATEMENT_EXECUTE|[278]
12:21:24.0 (8928467)|VARIABLE_SCOPE_BEGIN|[278]|info|Schema.RecordTypeInfo|true|false
12:21:24.0 (8953662)|VARIABLE_ASSIGNMENT|[278]|info|"common.api.soap.wsdl.RecordTypeInfo@41ee2a4a"|0x34788017
12:21:24.0 (8958250)|STATEMENT_EXECUTE|[279]
12:21:24.0 (8961009)|HEAP_ALLOCATE|[279]|Bytes:4
12:21:24.0 (8968662)|HEAP_ALLOCATE|[EXTERNAL]|Bytes:-4
12:21:24.0 (8975840)|HEAP_ALLOCATE|[276]|Bytes:5
12:21:24.0 (8981895)|VARIABLE_SCOPE_BEGIN|[276]|key|String|false|false
12:21:24.0 (8988975)|VARIABLE_ASSIGNMENT|[276]|key|"Cancelación de Titul (2 more) ..."
12:21:24.0 (8992537)|STATEMENT_EXECUTE|[276]
12:21:24.0 (8993894)|STATEMENT_EXECUTE|[278]
12:21:24.0 (9000072)|VARIABLE_SCOPE_BEGIN|[278]|info|Schema.RecordTypeInfo|true|false
12:21:24.0 (9025768)|VARIABLE_ASSIGNMENT|[278]|info|"common.api.soap.wsdl.RecordTypeInfo@f3aa61a5"|0x47f607e1
12:21:24.0 (9030239)|STATEMENT_EXECUTE|[279]
12:21:24.0 (9033091)|HEAP_ALLOCATE|[279]|Bytes:4
12:21:24.0 (9040746)|HEAP_ALLOCATE|[EXTERNAL]|Bytes:-4
12:21:24.0 (9047701)|HEAP_ALLOCATE|[276]|Bytes:5
12:21:24.0 (9053212)|VARIABLE_SCOPE_BEGIN|[276]|key|String|false|false
12:21:24.0 (9060595)|VARIABLE_ASSIGNMENT|[276]|key|"Cancelación por fall (30 more) ..."
12:21:24.0 (9064132)|STATEMENT_EXECUTE|[276]
12:21:24.0 (9065523)|STATEMENT_EXECUTE|[278]
12:21:24.0 (9071612)|VARIABLE_SCOPE_BEGIN|[278]|info|Schema.RecordTypeInfo|true|false
12:21:24.0 (9097014)|VARIABLE_ASSIGNMENT|[278]|info|"common.api.soap.wsdl.RecordTypeInfo@c2aa1923"|0x1eafed1d
12:21:24.0 (9101360)|STATEMENT_EXECUTE|[279]
12:21:24.0 (9104076)|HEAP_ALLOCATE|[279]|Bytes:4
12:21:24.0 (9111245)|HEAP_ALLOCATE|[EXTERNAL]|Bytes:-4
12:21:24.0 (9118337)|HEAP_ALLOCATE|[276]|Bytes:5
12:21:24.0 (9123963)|VARIABLE_SCOPE_BEGIN|[276]|key|String|false|false
12:21:24.0 (9131199)|VARIABLE_ASSIGNMENT|[276]|key|"Cargo No Reconocido  (8 more) ..."
12:21:24.0 (9134465)|STATEMENT_EXECUTE|[276]
12:21:24.0 (9135845)|STATEMENT_EXECUTE|[278]
12:21:24.0 (9141945)|VARIABLE_SCOPE_BEGIN|[278]|info|Schema.RecordTypeInfo|true|false
12:21:24.0 (9167170)|VARIABLE_ASSIGNMENT|[278]|info|"common.api.soap.wsdl.RecordTypeInfo@9d794691"|0x6baf3dad
12:21:24.0 (9171596)|STATEMENT_EXECUTE|[279]
12:21:24.0 (9174285)|HEAP_ALLOCATE|[279]|Bytes:4
12:21:24.0 (9181911)|HEAP_ALLOCATE|[EXTERNAL]|Bytes:-4
12:21:24.0 (9189089)|HEAP_ALLOCATE|[276]|Bytes:5
12:21:24.0 (9194573)|VARIABLE_SCOPE_BEGIN|[276]|key|String|false|false
12:21:24.0 (9201323)|VARIABLE_ASSIGNMENT|[276]|key|"Cargo no reconocido"
12:21:24.0 (9204567)|STATEMENT_EXECUTE|[276]
12:21:24.0 (9205958)|STATEMENT_EXECUTE|[278]
12:21:24.0 (9212037)|VARIABLE_SCOPE_BEGIN|[278]|info|Schema.RecordTypeInfo|true|false
12:21:24.0 (9237119)|VARIABLE_ASSIGNMENT|[278]|info|"common.api.soap.wsdl.RecordTypeInfo@18d8e370"|0x1b2760f7
12:21:24.0 (9241666)|STATEMENT_EXECUTE|[279]
12:21:24.0 (9244268)|HEAP_ALLOCATE|[279]|Bytes:4
12:21:24.0 (9251707)|HEAP_ALLOCATE|[EXTERNAL]|Bytes:-4
12:21:24.0 (9258865)|HEAP_ALLOCATE|[276]|Bytes:5
12:21:24.0 (9264517)|VARIABLE_SCOPE_BEGIN|[276]|key|String|false|false
12:21:24.0 (9271314)|VARIABLE_ASSIGNMENT|[276]|key|"Carta Finiquito"
12:21:24.0 (9274510)|STATEMENT_EXECUTE|[276]
12:21:24.0 (9275887)|STATEMENT_EXECUTE|[278]
12:21:24.0 (9281959)|VARIABLE_SCOPE_BEGIN|[278]|info|Schema.RecordTypeInfo|true|false
12:21:24.0 (9306725)|VARIABLE_ASSIGNMENT|[278]|info|"common.api.soap.wsdl.RecordTypeInfo@b7d2cccc"|0x6c19a57d
12:21:24.0 (9311244)|STATEMENT_EXECUTE|[279]
12:21:24.0 (9314021)|HEAP_ALLOCATE|[279]|Bytes:4
12:21:24.0 (9321488)|HEAP_ALLOCATE|[EXTERNAL]|Bytes:-4
12:21:24.0 (9328609)|HEAP_ALLOCATE|[276]|Bytes:5
12:21:24.0 (9334163)|VARIABLE_SCOPE_BEGIN|[276]|key|String|false|false
12:21:24.0 (9341353)|VARIABLE_ASSIGNMENT|[276]|key|"Cliente en Mora Grav (1 more) ..."
12:21:24.0 (9344767)|STATEMENT_EXECUTE|[276]
12:21:24.0 (9346120)|STATEMENT_EXECUTE|[278]
12:21:24.0 (9352205)|VARIABLE_SCOPE_BEGIN|[278]|info|Schema.RecordTypeInfo|true|false
12:21:24.0 (9377105)|VARIABLE_ASSIGNMENT|[278]|info|"common.api.soap.wsdl.RecordTypeInfo@85d25fd8"|0xdbf7ae6
12:21:24.0 (9381454)|STATEMENT_EXECUTE|[279]
12:21:24.0 (9384060)|HEAP_ALLOCATE|[279]|Bytes:4
12:21:24.0 (9391506)|HEAP_ALLOCATE|[EXTERNAL]|Bytes:-4
12:21:24.0 (9398557)|HEAP_ALLOCATE|[276]|Bytes:5
12:21:24.0 (9404263)|VARIABLE_SCOPE_BEGIN|[276]|key|String|false|false
12:21:24.0 (9411308)|VARIABLE_ASSIGNMENT|[276]|key|"Cobro a Persona Equi (6 more) ..."
12:21:24.0 (9414565)|STATEMENT_EXECUTE|[276]
12:21:24.0 (9416037)|STATEMENT_EXECUTE|[278]
12:21:24.0 (9422035)|VARIABLE_SCOPE_BEGIN|[278]|info|Schema.RecordTypeInfo|true|false
12:21:24.0 (9446603)|VARIABLE_ASSIGNMENT|[278]|info|"common.api.soap.wsdl.RecordTypeInfo@2a2b8d4f"|0x1f6f7ca9
12:21:24.0 (9450952)|STATEMENT_EXECUTE|[279]
12:21:24.0 (9453647)|HEAP_ALLOCATE|[279]|Bytes:4
12:21:24.0 (9461213)|HEAP_ALLOCATE|[EXTERNAL]|Bytes:-4
12:21:24.0 (9468047)|HEAP_ALLOCATE|[276]|Bytes:5
12:21:24.0 (9473660)|VARIABLE_SCOPE_BEGIN|[276]|key|String|false|false
12:21:24.0 (9480620)|VARIABLE_ASSIGNMENT|[276]|key|"Compra no diferida"
12:21:24.0 (9483888)|STATEMENT_EXECUTE|[276]
12:21:24.0 (9485238)|STATEMENT_EXECUTE|[278]
12:21:24.0 (9491395)|VARIABLE_SCOPE_BEGIN|[278]|info|Schema.RecordTypeInfo|true|false
12:21:24.0 (9515854)|VARIABLE_ASSIGNMENT|[278]|info|"common.api.soap.wsdl.RecordTypeInfo@2b1f53cf"|0x3f6f876b
12:21:24.0 (9520214)|STATEMENT_EXECUTE|[279]
12:21:24.0 (9522904)|HEAP_ALLOCATE|[279]|Bytes:4
12:21:24.0 (9530236)|HEAP_ALLOCATE|[EXTERNAL]|Bytes:-4
12:21:24.0 (9537199)|HEAP_ALLOCATE|[276]|Bytes:5
12:21:24.0 (9542674)|VARIABLE_SCOPE_BEGIN|[276]|key|String|false|false
12:21:24.0 (9549932)|VARIABLE_ASSIGNMENT|[276]|key|"Compra no diferida ( (7 more) ..."
12:21:24.0 (9553089)|STATEMENT_EXECUTE|[276]
12:21:24.0 (9554444)|STATEMENT_EXECUTE|[278]
12:21:24.0 (9560444)|VARIABLE_SCOPE_BEGIN|[278]|info|Schema.RecordTypeInfo|true|false
12:21:24.0 (9585442)|VARIABLE_ASSIGNMENT|[278]|info|"common.api.soap.wsdl.RecordTypeInfo@b545a3a2"|0x1e7cffb6
12:21:24.0 (9589734)|STATEMENT_EXECUTE|[279]
12:21:24.0 (9592414)|HEAP_ALLOCATE|[279]|Bytes:4
12:21:24.0 (9600245)|HEAP_ALLOCATE|[EXTERNAL]|Bytes:-4
12:21:24.0 (9607302)|HEAP_ALLOCATE|[276]|Bytes:5
12:21:24.0 (9612897)|VARIABLE_SCOPE_BEGIN|[276]|key|String|false|false
12:21:24.0 (9619459)|VARIABLE_ASSIGNMENT|[276]|key|"Condonación"
12:21:24.0 (9623114)|STATEMENT_EXECUTE|[276]
12:21:24.0 (9624501)|STATEMENT_EXECUTE|[278]
12:21:24.0 (9630489)|VARIABLE_SCOPE_BEGIN|[278]|info|Schema.RecordTypeInfo|true|false
12:21:24.0 (9655329)|VARIABLE_ASSIGNMENT|[278]|info|"common.api.soap.wsdl.RecordTypeInfo@bf74e2cb"|0x6862ded5
12:21:24.0 (9659637)|STATEMENT_EXECUTE|[279]
12:21:24.0 (9662373)|HEAP_ALLOCATE|[279]|Bytes:4
12:21:24.0 (9669889)|HEAP_ALLOCATE|[EXTERNAL]|Bytes:-4
12:21:24.0 (9676804)|HEAP_ALLOCATE|[276]|Bytes:5
12:21:24.0 (9682339)|VARIABLE_SCOPE_BEGIN|[276]|key|String|false|false
12:21:24.0 (9689515)|VARIABLE_ASSIGNMENT|[276]|key|"Consulta Fecha Corte (18 more) ..."
12:21:24.0 (9692781)|STATEMENT_EXECUTE|[276]
12:21:24.0 (9694173)|STATEMENT_EXECUTE|[278]
12:21:24.0 (9700645)|VARIABLE_SCOPE_BEGIN|[278]|info|Schema.RecordTypeInfo|true|false
12:21:24.0 (9725654)|VARIABLE_ASSIGNMENT|[278]|info|"common.api.soap.wsdl.RecordTypeInfo@edebf001"|0xc8c6d44
12:21:24.0 (9729929)|STATEMENT_EXECUTE|[279]
12:21:24.0 (9732677)|HEAP_ALLOCATE|[279]|Bytes:4
12:21:24.0 (9740047)|HEAP_ALLOCATE|[EXTERNAL]|Bytes:-4
12:21:24.0 (9746952)|HEAP_ALLOCATE|[276]|Bytes:5
12:21:24.0 (9752558)|VARIABLE_SCOPE_BEGIN|[276]|key|String|false|false
12:21:24.0 (9759787)|VARIABLE_ASSIGNMENT|[276]|key|"Consulta Límite Créd (16 more) ..."
12:21:24.0 (9763572)|STATEMENT_EXECUTE|[276]
12:21:24.0 (9764925)|STATEMENT_EXECUTE|[278]
12:21:24.0 (9771020)|VARIABLE_SCOPE_BEGIN|[278]|info|Schema.RecordTypeInfo|true|false
12:21:24.0 (9795722)|VARIABLE_ASSIGNMENT|[278]|info|"common.api.soap.wsdl.RecordTypeInfo@df78061f"|0x4f9be761
12:21:24.0 (9800217)|STATEMENT_EXECUTE|[279]
12:21:24.0 (9802820)|HEAP_ALLOCATE|[279]|Bytes:4
12:21:24.0 (9810163)|HEAP_ALLOCATE|[EXTERNAL]|Bytes:-4
12:21:24.0 (9817213)|HEAP_ALLOCATE|[276]|Bytes:5
12:21:24.0 (9822903)|VARIABLE_SCOPE_BEGIN|[276]|key|String|false|false
12:21:24.0 (9829857)|VARIABLE_ASSIGNMENT|[276]|key|"Consulta de Movimien (3 more) ..."
12:21:24.0 (9833079)|STATEMENT_EXECUTE|[276]
12:21:24.0 (9834455)|STATEMENT_EXECUTE|[278]
12:21:24.0 (9840622)|VARIABLE_SCOPE_BEGIN|[278]|info|Schema.RecordTypeInfo|true|false
12:21:24.0 (9865406)|VARIABLE_ASSIGNMENT|[278]|info|"common.api.soap.wsdl.RecordTypeInfo@c09e846b"|0x36e3206b
12:21:24.0 (9869756)|STATEMENT_EXECUTE|[279]
12:21:24.0 (9872459)|HEAP_ALLOCATE|[279]|Bytes:4
12:21:24.0 (9879835)|HEAP_ALLOCATE|[EXTERNAL]|Bytes:-4
12:21:24.0 (9886857)|HEAP_ALLOCATE|[276]|Bytes:5
12:21:24.0 (9892462)|VARIABLE_SCOPE_BEGIN|[276]|key|String|false|false
12:21:24.0 (9899185)|VARIABLE_ASSIGNMENT|[276]|key|"Consulta de PAN"
12:21:24.0 (9902413)|STATEMENT_EXECUTE|[276]
12:21:24.0 (9903883)|STATEMENT_EXECUTE|[278]
12:21:24.0 (9910148)|VARIABLE_SCOPE_BEGIN|[278]|info|Schema.RecordTypeInfo|true|false
12:21:24.0 (9934632)|VARIABLE_ASSIGNMENT|[278]|info|"common.api.soap.wsdl.RecordTypeInfo@33de21de"|0x4809d414
12:21:24.0 (9939089)|STATEMENT_EXECUTE|[279]
12:21:24.0 (9941832)|HEAP_ALLOCATE|[279]|Bytes:4
12:21:24.0 (9949310)|HEAP_ALLOCATE|[EXTERNAL]|Bytes:-4
12:21:24.0 (9956291)|HEAP_ALLOCATE|[276]|Bytes:5
12:21:24.0 (9961774)|VARIABLE_SCOPE_BEGIN|[276]|key|String|false|false
12:21:24.0 (9968859)|VARIABLE_ASSIGNMENT|[276]|key|"Consulta de Saldo a  (5 more) ..."
12:21:24.0 (9972033)|STATEMENT_EXECUTE|[276]
12:21:24.0 (9973419)|STATEMENT_EXECUTE|[278]
12:21:24.0 (9979520)|VARIABLE_SCOPE_BEGIN|[278]|info|Schema.RecordTypeInfo|true|false
12:21:24.0 (10004098)|VARIABLE_ASSIGNMENT|[278]|info|"common.api.soap.wsdl.RecordTypeInfo@287bf5b3"|0x2780661c
12:21:24.0 (10008832)|STATEMENT_EXECUTE|[279]
12:21:24.0 (10011669)|HEAP_ALLOCATE|[279]|Bytes:4
12:21:24.0 (10019232)|HEAP_ALLOCATE|[EXTERNAL]|Bytes:-4
12:21:24.0 (10026517)|HEAP_ALLOCATE|[276]|Bytes:5
12:21:24.0 (10032093)|VARIABLE_SCOPE_BEGIN|[276]|key|String|false|false
12:21:24.0 (10039219)|VARIABLE_ASSIGNMENT|[276]|key|"Consulta de Saldos y (12 more) ..."
12:21:24.0 (10042414)|STATEMENT_EXECUTE|[276]
12:21:24.0 (10043770)|STATEMENT_EXECUTE|[278]
12:21:24.0 (10049792)|VARIABLE_SCOPE_BEGIN|[278]|info|Schema.RecordTypeInfo|true|false
12:21:24.0 (10074583)|VARIABLE_ASSIGNMENT|[278]|info|"common.api.soap.wsdl.RecordTypeInfo@3a09b8e5"|0x37b03d62
12:21:24.0 (10078776)|STATEMENT_EXECUTE|[279]
12:21:24.0 (10081514)|HEAP_ALLOCATE|[279]|Bytes:4
12:21:24.0 (10089144)|HEAP_ALLOCATE|[EXTERNAL]|Bytes:-4
12:21:24.0 (10096050)|HEAP_ALLOCATE|[276]|Bytes:5
12:21:24.0 (10101622)|VARIABLE_SCOPE_BEGIN|[276]|key|String|false|false
12:21:24.0 (10108344)|VARIABLE_ASSIGNMENT|[276]|key|"Consulta de Seguros"
12:21:24.0 (10111517)|STATEMENT_EXECUTE|[276]
12:21:24.0 (10112939)|STATEMENT_EXECUTE|[278]
12:21:24.0 (10119079)|VARIABLE_SCOPE_BEGIN|[278]|info|Schema.RecordTypeInfo|true|false
12:21:24.0 (10143893)|VARIABLE_ASSIGNMENT|[278]|info|"common.api.soap.wsdl.RecordTypeInfo@cf799212"|0x18ffa387
12:21:24.0 (10148322)|STATEMENT_EXECUTE|[279]
12:21:24.0 (10151023)|HEAP_ALLOCATE|[279]|Bytes:4
12:21:24.0 (10158283)|HEAP_ALLOCATE|[EXTERNAL]|Bytes:-4
12:21:24.0 (10165278)|HEAP_ALLOCATE|[276]|Bytes:5
12:21:24.0 (10171037)|VARIABLE_SCOPE_BEGIN|[276]|key|String|false|false
12:21:24.0 (10177624)|VARIABLE_ASSIGNMENT|[276]|key|"Contrato manual"
12:21:24.0 (10180813)|STATEMENT_EXECUTE|[276]
12:21:24.0 (10182203)|STATEMENT_EXECUTE|[278]
12:21:24.0 (10188637)|VARIABLE_SCOPE_BEGIN|[278]|info|Schema.RecordTypeInfo|true|false
12:21:24.0 (10213497)|VARIABLE_ASSIGNMENT|[278]|info|"common.api.soap.wsdl.RecordTypeInfo@c7574dd9"|0x1ed06df8
12:21:24.0 (10217806)|STATEMENT_EXECUTE|[279]
12:21:24.0 (10220387)|HEAP_ALLOCATE|[279]|Bytes:4
12:21:24.0 (10227727)|HEAP_ALLOCATE|[EXTERNAL]|Bytes:-4
12:21:24.0 (10234679)|HEAP_ALLOCATE|[276]|Bytes:5
12:21:24.0 (10240206)|VARIABLE_SCOPE_BEGIN|[276]|key|String|false|false
12:21:24.0 (10247681)|VARIABLE_ASSIGNMENT|[276]|key|"Desbloqueo de PIN"
12:21:24.0 (10250896)|STATEMENT_EXECUTE|[276]
12:21:24.0 (10252267)|STATEMENT_EXECUTE|[278]
12:21:24.0 (10258437)|VARIABLE_SCOPE_BEGIN|[278]|info|Schema.RecordTypeInfo|true|false
12:21:24.0 (10283463)|VARIABLE_ASSIGNMENT|[278]|info|"common.api.soap.wsdl.RecordTypeInfo@30261dc8"|0x3ac458b8
12:21:24.0 (10287787)|STATEMENT_EXECUTE|[279]
12:21:24.0 (10290415)|HEAP_ALLOCATE|[279]|Bytes:4
12:21:24.0 (10299980)|HEAP_ALLOCATE|[EXTERNAL]|Bytes:-4
12:21:24.0 (10307226)|HEAP_ALLOCATE|[276]|Bytes:5
12:21:24.0 (10312913)|VARIABLE_SCOPE_BEGIN|[276]|key|String|false|false
12:21:24.0 (10320236)|VARIABLE_ASSIGNMENT|[276]|key|"Desconoce transacció (8 more) ..."
12:21:24.0 (10324213)|STATEMENT_EXECUTE|[276]
12:21:24.0 (10325684)|STATEMENT_EXECUTE|[278]
12:21:24.0 (10331764)|VARIABLE_SCOPE_BEGIN|[278]|info|Schema.RecordTypeInfo|true|false
12:21:24.0 (10357435)|VARIABLE_ASSIGNMENT|[278]|info|"common.api.soap.wsdl.RecordTypeInfo@96885c8c"|0xc2939af
12:21:24.0 (10361901)|STATEMENT_EXECUTE|[279]
12:21:24.0 (10364665)|HEAP_ALLOCATE|[279]|Bytes:4
12:21:24.0 (10372105)|HEAP_ALLOCATE|[EXTERNAL]|Bytes:-4
12:21:24.0 (10379183)|HEAP_ALLOCATE|[276]|Bytes:5
12:21:24.0 (10384766)|VARIABLE_SCOPE_BEGIN|[276]|key|String|false|false
12:21:24.0 (10391854)|VARIABLE_ASSIGNMENT|[276]|key|"Desconoce transacció (17 more) ..."
12:21:24.0 (10395599)|STATEMENT_EXECUTE|[276]
12:21:24.0 (10396953)|STATEMENT_EXECUTE|[278]
12:21:24.0 (10403175)|VARIABLE_SCOPE_BEGIN|[278]|info|Schema.RecordTypeInfo|true|false
12:21:24.0 (10428308)|VARIABLE_ASSIGNMENT|[278]|info|"common.api.soap.wsdl.RecordTypeInfo@aec1d09b"|0x69af4036
12:21:24.0 (10432626)|STATEMENT_EXECUTE|[279]
12:21:24.0 (10435343)|HEAP_ALLOCATE|[279]|Bytes:4
12:21:24.0 (10443005)|HEAP_ALLOCATE|[EXTERNAL]|Bytes:-4
12:21:24.0 (10449893)|HEAP_ALLOCATE|[276]|Bytes:5
12:21:24.0 (10455345)|VARIABLE_SCOPE_BEGIN|[276]|key|String|false|false
12:21:24.0 (10462178)|VARIABLE_ASSIGNMENT|[276]|key|"Emboce Centralizado"
12:21:24.0 (10465494)|STATEMENT_EXECUTE|[276]
12:21:24.0 (10466871)|STATEMENT_EXECUTE|[278]
12:21:24.0 (10472987)|VARIABLE_SCOPE_BEGIN|[278]|info|Schema.RecordTypeInfo|true|false
12:21:24.0 (10497825)|VARIABLE_ASSIGNMENT|[278]|info|"common.api.soap.wsdl.RecordTypeInfo@1e08cefd"|0x748d5f56
12:21:24.0 (10502219)|STATEMENT_EXECUTE|[279]
12:21:24.0 (10504911)|HEAP_ALLOCATE|[279]|Bytes:4
12:21:24.0 (10512253)|HEAP_ALLOCATE|[EXTERNAL]|Bytes:-4
12:21:24.0 (10519135)|HEAP_ALLOCATE|[276]|Bytes:5
12:21:24.0 (10524566)|VARIABLE_SCOPE_BEGIN|[276]|key|String|false|false
12:21:24.0 (10531993)|VARIABLE_ASSIGNMENT|[276]|key|"Estado de Cuenta No  (5 more) ..."
12:21:24.0 (10535168)|STATEMENT_EXECUTE|[276]
12:21:24.0 (10536527)|STATEMENT_EXECUTE|[278]
12:21:24.0 (10542612)|VARIABLE_SCOPE_BEGIN|[278]|info|Schema.RecordTypeInfo|true|false
12:21:24.0 (10567565)|VARIABLE_ASSIGNMENT|[278]|info|"common.api.soap.wsdl.RecordTypeInfo@5d8b692e"|0x6c14d8e7
12:21:24.0 (10571929)|STATEMENT_EXECUTE|[279]
12:21:24.0 (10574760)|HEAP_ALLOCATE|[279]|Bytes:4
12:21:24.0 (10582156)|HEAP_ALLOCATE|[EXTERNAL]|Bytes:-4
12:21:24.0 (10589168)|HEAP_ALLOCATE|[276]|Bytes:5
12:21:24.0 (10594874)|VARIABLE_SCOPE_BEGIN|[276]|key|String|false|false
12:21:24.0 (10601913)|VARIABLE_ASSIGNMENT|[276]|key|"Estado de Cuenta No  (14 more) ..."
12:21:24.0 (10605266)|STATEMENT_EXECUTE|[276]
12:21:24.0 (10606607)|STATEMENT_EXECUTE|[278]
12:21:24.0 (10612720)|VARIABLE_SCOPE_BEGIN|[278]|info|Schema.RecordTypeInfo|true|false
12:21:24.0 (10637414)|VARIABLE_ASSIGNMENT|[278]|info|"common.api.soap.wsdl.RecordTypeInfo@245cdfba"|0x29b5708b
12:21:24.0 (10641701)|STATEMENT_EXECUTE|[279]
12:21:24.0 (10644408)|HEAP_ALLOCATE|[279]|Bytes:4
12:21:24.0 (10651605)|HEAP_ALLOCATE|[EXTERNAL]|Bytes:-4
12:21:24.0 (10658542)|HEAP_ALLOCATE|[276]|Bytes:5
12:21:24.0 (10664165)|VARIABLE_SCOPE_BEGIN|[276]|key|String|false|false
12:21:24.0 (10670645)|VARIABLE_ASSIGNMENT|[276]|key|"Figital"
12:21:24.0 (10673876)|STATEMENT_EXECUTE|[276]
12:21:24.0 (10675263)|STATEMENT_EXECUTE|[278]
12:21:24.0 (10681336)|VARIABLE_SCOPE_BEGIN|[278]|info|Schema.RecordTypeInfo|true|false
12:21:24.0 (10705877)|VARIABLE_ASSIGNMENT|[278]|info|"common.api.soap.wsdl.RecordTypeInfo@7c4f98fb"|0x3a082b7b
12:21:24.0 (10710192)|STATEMENT_EXECUTE|[279]
12:21:24.0 (10712956)|HEAP_ALLOCATE|[279]|Bytes:4
12:21:24.0 (10720229)|HEAP_ALLOCATE|[EXTERNAL]|Bytes:-4
12:21:24.0 (10727263)|HEAP_ALLOCATE|[276]|Bytes:5
12:21:24.0 (10732972)|VARIABLE_SCOPE_BEGIN|[276]|key|String|false|false
12:21:24.0 (10739966)|VARIABLE_ASSIGNMENT|[276]|key|"Información de Promo (6 more) ..."
12:21:24.0 (10743731)|STATEMENT_EXECUTE|[276]
12:21:24.0 (10745092)|STATEMENT_EXECUTE|[278]
12:21:24.0 (10751172)|VARIABLE_SCOPE_BEGIN|[278]|info|Schema.RecordTypeInfo|true|false
12:21:24.0 (10776145)|VARIABLE_ASSIGNMENT|[278]|info|"common.api.soap.wsdl.RecordTypeInfo@cd9eb64"|0x24e1b483
12:21:24.0 (10780469)|STATEMENT_EXECUTE|[279]
12:21:24.0 (10783173)|HEAP_ALLOCATE|[279]|Bytes:4
12:21:24.0 (10790448)|HEAP_ALLOCATE|[EXTERNAL]|Bytes:-4
12:21:24.0 (10797646)|HEAP_ALLOCATE|[276]|Bytes:5
12:21:24.0 (10803334)|VARIABLE_SCOPE_BEGIN|[276]|key|String|false|false
12:21:24.0 (10810594)|VARIABLE_ASSIGNMENT|[276]|key|"Invitación Canales D (8 more) ..."
12:21:24.0 (10814159)|STATEMENT_EXECUTE|[276]
12:21:24.0 (10815515)|STATEMENT_EXECUTE|[278]
12:21:24.0 (10821543)|VARIABLE_SCOPE_BEGIN|[278]|info|Schema.RecordTypeInfo|true|false
12:21:24.0 (10846542)|VARIABLE_ASSIGNMENT|[278]|info|"common.api.soap.wsdl.RecordTypeInfo@16f44053"|0x6ef89318
12:21:24.0 (10850908)|STATEMENT_EXECUTE|[279]
12:21:24.0 (10853730)|HEAP_ALLOCATE|[279]|Bytes:4
12:21:24.0 (10861065)|HEAP_ALLOCATE|[EXTERNAL]|Bytes:-4
12:21:24.0 (10868066)|HEAP_ALLOCATE|[276]|Bytes:5
12:21:24.0 (10873576)|VARIABLE_SCOPE_BEGIN|[276]|key|String|false|false
12:21:24.0 (10880886)|VARIABLE_ASSIGNMENT|[276]|key|"Liberación de Compra (9 more) ..."
12:21:24.0 (10884446)|STATEMENT_EXECUTE|[276]
12:21:24.0 (10885811)|STATEMENT_EXECUTE|[278]
12:21:24.0 (10892242)|VARIABLE_SCOPE_BEGIN|[278]|info|Schema.RecordTypeInfo|true|false
12:21:24.0 (10916906)|VARIABLE_ASSIGNMENT|[278]|info|"common.api.soap.wsdl.RecordTypeInfo@93f08065"|0x6c4b8764
12:21:24.0 (10921373)|STATEMENT_EXECUTE|[279]
12:21:24.0 (10924299)|HEAP_ALLOCATE|[279]|Bytes:4
12:21:24.0 (10931963)|HEAP_ALLOCATE|[EXTERNAL]|Bytes:-4
12:21:24.0 (10938911)|HEAP_ALLOCATE|[276]|Bytes:5
12:21:24.0 (10944571)|VARIABLE_SCOPE_BEGIN|[276]|key|String|false|false
12:21:24.0 (10951621)|VARIABLE_ASSIGNMENT|[276]|key|"Liberar Saldo Reteni (11 more) ..."
12:21:24.0 (10954875)|STATEMENT_EXECUTE|[276]
12:21:24.0 (10956229)|STATEMENT_EXECUTE|[278]
12:21:24.0 (10962825)|VARIABLE_SCOPE_BEGIN|[278]|info|Schema.RecordTypeInfo|true|false
12:21:24.0 (10987964)|VARIABLE_ASSIGNMENT|[278]|info|"common.api.soap.wsdl.RecordTypeInfo@c5ec1a81"|0x17633a65
12:21:24.0 (10992369)|STATEMENT_EXECUTE|[279]
12:21:24.0 (10995061)|HEAP_ALLOCATE|[279]|Bytes:4
12:21:24.0 (11002818)|HEAP_ALLOCATE|[EXTERNAL]|Bytes:-4
12:21:24.0 (11010020)|HEAP_ALLOCATE|[276]|Bytes:5
12:21:24.0 (11015472)|VARIABLE_SCOPE_BEGIN|[276]|key|String|false|false
12:21:24.0 (11022523)|VARIABLE_ASSIGNMENT|[276]|key|"Liberar saldo reteni (2 more) ..."
12:21:24.0 (11025937)|STATEMENT_EXECUTE|[276]
12:21:24.0 (11027302)|STATEMENT_EXECUTE|[278]
12:21:24.0 (11033666)|VARIABLE_SCOPE_BEGIN|[278]|info|Schema.RecordTypeInfo|true|false
12:21:24.0 (11058862)|VARIABLE_ASSIGNMENT|[278]|info|"common.api.soap.wsdl.RecordTypeInfo@a1b19da2"|0x3e8fc1a6
12:21:24.0 (11063303)|STATEMENT_EXECUTE|[279]
12:21:24.0 (11065916)|HEAP_ALLOCATE|[279]|Bytes:4
12:21:24.0 (11073566)|HEAP_ALLOCATE|[EXTERNAL]|Bytes:-4
12:21:24.0 (11080650)|HEAP_ALLOCATE|[276]|Bytes:5
12:21:24.0 (11086083)|VARIABLE_SCOPE_BEGIN|[276]|key|String|false|false
12:21:24.0 (11093022)|VARIABLE_ASSIGNMENT|[276]|key|"Mal proceso de cobro"
12:21:24.0 (11096328)|STATEMENT_EXECUTE|[276]
12:21:24.0 (11097672)|STATEMENT_EXECUTE|[278]
12:21:24.0 (11103863)|VARIABLE_SCOPE_BEGIN|[278]|info|Schema.RecordTypeInfo|true|false
12:21:24.0 (11128480)|VARIABLE_ASSIGNMENT|[278]|info|"common.api.soap.wsdl.RecordTypeInfo@41b8e3ba"|0x1445f53c
12:21:24.0 (11132859)|STATEMENT_EXECUTE|[279]
12:21:24.0 (11135608)|HEAP_ALLOCATE|[279]|Bytes:4
12:21:24.0 (11143023)|HEAP_ALLOCATE|[EXTERNAL]|Bytes:-4
12:21:24.0 (11150220)|HEAP_ALLOCATE|[276]|Bytes:5
12:21:24.0 (11155653)|VARIABLE_SCOPE_BEGIN|[276]|key|String|false|false
12:21:24.0 (11162651)|VARIABLE_ASSIGNMENT|[276]|key|"Notificación Publici (3 more) ..."
12:21:24.0 (11166226)|STATEMENT_EXECUTE|[276]
12:21:24.0 (11167589)|STATEMENT_EXECUTE|[278]
12:21:24.0 (11173730)|VARIABLE_SCOPE_BEGIN|[278]|info|Schema.RecordTypeInfo|true|false
12:21:24.0 (11198938)|VARIABLE_ASSIGNMENT|[278]|info|"common.api.soap.wsdl.RecordTypeInfo@4196691a"|0x24853077
12:21:24.0 (11203325)|STATEMENT_EXECUTE|[279]
12:21:24.0 (11205979)|HEAP_ALLOCATE|[279]|Bytes:4
12:21:24.0 (11213991)|HEAP_ALLOCATE|[EXTERNAL]|Bytes:-4
12:21:24.0 (11220858)|HEAP_ALLOCATE|[276]|Bytes:5
12:21:24.0 (11226383)|VARIABLE_SCOPE_BEGIN|[276]|key|String|false|false
12:21:24.0 (11233149)|VARIABLE_ASSIGNMENT|[276]|key|"Pago No Aplicado"
12:21:24.0 (11236288)|STATEMENT_EXECUTE|[276]
12:21:24.0 (11237732)|STATEMENT_EXECUTE|[278]
12:21:24.0 (11244125)|VARIABLE_SCOPE_BEGIN|[278]|info|Schema.RecordTypeInfo|true|false
12:21:24.0 (11268413)|VARIABLE_ASSIGNMENT|[278]|info|"common.api.soap.wsdl.RecordTypeInfo@6663c20"|0x2abb9690
12:21:24.0 (11272807)|STATEMENT_EXECUTE|[279]
12:21:24.0 (11275561)|HEAP_ALLOCATE|[279]|Bytes:4
12:21:24.0 (11282881)|HEAP_ALLOCATE|[EXTERNAL]|Bytes:-4
12:21:24.0 (11289817)|HEAP_ALLOCATE|[276]|Bytes:5
12:21:24.0 (11295368)|VARIABLE_SCOPE_BEGIN|[276]|key|String|false|false
12:21:24.0 (11302570)|VARIABLE_ASSIGNMENT|[276]|key|"Pago No Aplicado (Mó (5 more) ..."
12:21:24.0 (11306159)|STATEMENT_EXECUTE|[276]
12:21:24.0 (11307533)|STATEMENT_EXECUTE|[278]
12:21:24.0 (11313534)|VARIABLE_SCOPE_BEGIN|[278]|info|Schema.RecordTypeInfo|true|false
12:21:24.0 (11338112)|VARIABLE_ASSIGNMENT|[278]|info|"common.api.soap.wsdl.RecordTypeInfo@8334e7ee"|0x6a79f090
12:21:24.0 (11342463)|STATEMENT_EXECUTE|[279]
12:21:24.0 (11345177)|HEAP_ALLOCATE|[279]|Bytes:4
12:21:24.0 (11352498)|HEAP_ALLOCATE|[EXTERNAL]|Bytes:-4
12:21:24.0 (11359918)|HEAP_ALLOCATE|[276]|Bytes:5
12:21:24.0 (11365722)|VARIABLE_SCOPE_BEGIN|[276]|key|String|false|false
12:21:24.0 (11372498)|VARIABLE_ASSIGNMENT|[276]|key|"Plan de Pagos"
12:21:24.0 (11375790)|STATEMENT_EXECUTE|[276]
12:21:24.0 (11377152)|STATEMENT_EXECUTE|[278]
12:21:24.0 (11383196)|VARIABLE_SCOPE_BEGIN|[278]|info|Schema.RecordTypeInfo|true|false
12:21:24.0 (11407805)|VARIABLE_ASSIGNMENT|[278]|info|"common.api.soap.wsdl.RecordTypeInfo@153377c6"|0x512e14f6
12:21:24.0 (11412148)|STATEMENT_EXECUTE|[279]
12:21:24.0 (11414836)|HEAP_ALLOCATE|[279]|Bytes:4
12:21:24.0 (11421958)|HEAP_ALLOCATE|[EXTERNAL]|Bytes:-4
12:21:24.0 (11428947)|HEAP_ALLOCATE|[276]|Bytes:5
12:21:24.0 (11434465)|VARIABLE_SCOPE_BEGIN|[276]|key|String|false|false
12:21:24.0 (11441652)|VARIABLE_ASSIGNMENT|[276]|key|"Promoción no Aplicad (1 more) ..."
12:21:24.0 (11445251)|STATEMENT_EXECUTE|[276]
12:21:24.0 (11446632)|STATEMENT_EXECUTE|[278]
12:21:24.0 (11452605)|VARIABLE_SCOPE_BEGIN|[278]|info|Schema.RecordTypeInfo|true|false
12:21:24.0 (11477208)|VARIABLE_ASSIGNMENT|[278]|info|"common.api.soap.wsdl.RecordTypeInfo@48530913"|0x5c25902c
12:21:24.0 (11481528)|STATEMENT_EXECUTE|[279]
12:21:24.0 (11484286)|HEAP_ALLOCATE|[279]|Bytes:4
12:21:24.0 (11491655)|HEAP_ALLOCATE|[EXTERNAL]|Bytes:-4
12:21:24.0 (11498701)|HEAP_ALLOCATE|[276]|Bytes:5
12:21:24.0 (11504136)|VARIABLE_SCOPE_BEGIN|[276]|key|String|false|false
12:21:24.0 (11627369)|VARIABLE_ASSIGNMENT|[276]|key|"Promoción no Aplicad (10 more) ..."
12:21:24.0 (11631726)|STATEMENT_EXECUTE|[276]
12:21:24.0 (11633362)|STATEMENT_EXECUTE|[278]
12:21:24.0 (11641721)|VARIABLE_SCOPE_BEGIN|[278]|info|Schema.RecordTypeInfo|true|false
12:21:24.0 (11671398)|VARIABLE_ASSIGNMENT|[278]|info|"common.api.soap.wsdl.RecordTypeInfo@54ed86c2"|0x2a5c822e
12:21:24.0 (11676269)|STATEMENT_EXECUTE|[279]
12:21:24.0 (11680573)|HEAP_ALLOCATE|[279]|Bytes:4
12:21:24.0 (11690067)|HEAP_ALLOCATE|[EXTERNAL]|Bytes:-4
12:21:24.0 (11697731)|HEAP_ALLOCATE|[276]|Bytes:5
12:21:24.0 (11703738)|VARIABLE_SCOPE_BEGIN|[276]|key|String|false|false
12:21:24.0 (11711016)|VARIABLE_ASSIGNMENT|[276]|key|"Préstamo Personal"
12:21:24.0 (11714647)|STATEMENT_EXECUTE|[276]
12:21:24.0 (11716000)|STATEMENT_EXECUTE|[278]
12:21:24.0 (11722061)|VARIABLE_SCOPE_BEGIN|[278]|info|Schema.RecordTypeInfo|true|false
12:21:24.0 (11747560)|VARIABLE_ASSIGNMENT|[278]|info|"common.api.soap.wsdl.RecordTypeInfo@e847229"|0xf840a85
12:21:24.0 (11752033)|STATEMENT_EXECUTE|[279]
12:21:24.0 (11754768)|HEAP_ALLOCATE|[279]|Bytes:4
12:21:24.0 (11762159)|HEAP_ALLOCATE|[EXTERNAL]|Bytes:-4
12:21:24.0 (11769189)|HEAP_ALLOCATE|[276]|Bytes:5
12:21:24.0 (11775068)|VARIABLE_SCOPE_BEGIN|[276]|key|String|false|false
12:21:24.0 (11781459)|VARIABLE_ASSIGNMENT|[276]|key|"QR"
12:21:24.0 (11784650)|STATEMENT_EXECUTE|[276]
12:21:24.0 (11786025)|STATEMENT_EXECUTE|[278]
12:21:24.0 (11792126)|VARIABLE_SCOPE_BEGIN|[278]|info|Schema.RecordTypeInfo|true|false
12:21:24.0 (11817600)|VARIABLE_ASSIGNMENT|[278]|info|"common.api.soap.wsdl.RecordTypeInfo@a3ca910f"|0x2e2c2627
12:21:24.0 (11822126)|STATEMENT_EXECUTE|[279]
12:21:24.0 (11824903)|HEAP_ALLOCATE|[279]|Bytes:4
12:21:24.0 (11832560)|HEAP_ALLOCATE|[EXTERNAL]|Bytes:-4
12:21:24.0 (11839570)|HEAP_ALLOCATE|[276]|Bytes:5
12:21:24.0 (11845089)|VARIABLE_SCOPE_BEGIN|[276]|key|String|false|false
12:21:24.0 (11851785)|VARIABLE_ASSIGNMENT|[276]|key|"Quejas y Sugerencias"
12:21:24.0 (11855055)|STATEMENT_EXECUTE|[276]
12:21:24.0 (11856408)|STATEMENT_EXECUTE|[278]
12:21:24.0 (11862407)|VARIABLE_SCOPE_BEGIN|[278]|info|Schema.RecordTypeInfo|true|false
12:21:24.0 (11887318)|VARIABLE_ASSIGNMENT|[278]|info|"common.api.soap.wsdl.RecordTypeInfo@990e8655"|0x5ef8773e
12:21:24.0 (11891620)|STATEMENT_EXECUTE|[279]
12:21:24.0 (11894328)|HEAP_ALLOCATE|[279]|Bytes:4
12:21:24.0 (11901855)|HEAP_ALLOCATE|[EXTERNAL]|Bytes:-4
12:21:24.0 (11908992)|HEAP_ALLOCATE|[276]|Bytes:5
12:21:24.0 (11914662)|VARIABLE_SCOPE_BEGIN|[276]|key|String|false|false
12:21:24.0 (11922062)|VARIABLE_ASSIGNMENT|[276]|key|"Quejas y/o Sugerenci (11 more) ..."
12:21:24.0 (11925270)|STATEMENT_EXECUTE|[276]
12:21:24.0 (11926825)|STATEMENT_EXECUTE|[278]
12:21:24.0 (11932931)|VARIABLE_SCOPE_BEGIN|[278]|info|Schema.RecordTypeInfo|true|false
12:21:24.0 (11958063)|VARIABLE_ASSIGNMENT|[278]|info|"common.api.soap.wsdl.RecordTypeInfo@c16a1b67"|0x107bc33d
12:21:24.0 (11962348)|STATEMENT_EXECUTE|[279]
12:21:24.0 (11965055)|HEAP_ALLOCATE|[279]|Bytes:4
12:21:24.0 (11972868)|HEAP_ALLOCATE|[EXTERNAL]|Bytes:-4
12:21:24.0 (11980138)|HEAP_ALLOCATE|[276]|Bytes:5
12:21:24.0 (11985570)|VARIABLE_SCOPE_BEGIN|[276]|key|String|false|false
12:21:24.0 (11992090)|VARIABLE_ASSIGNMENT|[276]|key|"Quita"
12:21:24.0 (11995254)|STATEMENT_EXECUTE|[276]
12:21:24.0 (11996614)|STATEMENT_EXECUTE|[278]
12:21:24.0 (12002689)|VARIABLE_SCOPE_BEGIN|[278]|info|Schema.RecordTypeInfo|true|false
12:21:24.0 (12027600)|VARIABLE_ASSIGNMENT|[278]|info|"common.api.soap.wsdl.RecordTypeInfo@537d4e99"|0x3f842395
12:21:24.0 (12032095)|STATEMENT_EXECUTE|[279]
12:21:24.0 (12034729)|HEAP_ALLOCATE|[279]|Bytes:4
12:21:24.0 (12042144)|HEAP_ALLOCATE|[EXTERNAL]|Bytes:-4
12:21:24.0 (12049301)|HEAP_ALLOCATE|[276]|Bytes:5
12:21:24.0 (12054789)|VARIABLE_SCOPE_BEGIN|[276]|key|String|false|false
12:21:24.0 (12061627)|VARIABLE_ASSIGNMENT|[276]|key|"REDECO"
12:21:24.0 (12064849)|STATEMENT_EXECUTE|[276]
12:21:24.0 (12066209)|STATEMENT_EXECUTE|[278]
12:21:24.0 (12072414)|VARIABLE_SCOPE_BEGIN|[278]|info|Schema.RecordTypeInfo|true|false
12:21:24.0 (12097076)|VARIABLE_ASSIGNMENT|[278]|info|"common.api.soap.wsdl.RecordTypeInfo@21ba273d"|0x70d6375c
12:21:24.0 (12101409)|STATEMENT_EXECUTE|[279]
12:21:24.0 (12104216)|HEAP_ALLOCATE|[279]|Bytes:4
12:21:24.0 (12111528)|HEAP_ALLOCATE|[EXTERNAL]|Bytes:-4
12:21:24.0 (12118459)|HEAP_ALLOCATE|[276]|Bytes:5
12:21:24.0 (12123987)|VARIABLE_SCOPE_BEGIN|[276]|key|String|false|false
12:21:24.0 (12131058)|VARIABLE_ASSIGNMENT|[276]|key|"Reenvío de Estado de (7 more) ..."
12:21:24.0 (12134858)|STATEMENT_EXECUTE|[276]
12:21:24.0 (12136220)|STATEMENT_EXECUTE|[278]
12:21:24.0 (12142452)|VARIABLE_SCOPE_BEGIN|[278]|info|Schema.RecordTypeInfo|true|false
12:21:24.0 (12167048)|VARIABLE_ASSIGNMENT|[278]|info|"common.api.soap.wsdl.RecordTypeInfo@2f4fb732"|0x6d0aefff
12:21:24.0 (12171556)|STATEMENT_EXECUTE|[279]
12:21:24.0 (12174173)|HEAP_ALLOCATE|[279]|Bytes:4
12:21:24.0 (12181929)|HEAP_ALLOCATE|[EXTERNAL]|Bytes:-4
12:21:24.0 (12189287)|HEAP_ALLOCATE|[276]|Bytes:5
12:21:24.0 (12194897)|VARIABLE_SCOPE_BEGIN|[276]|key|String|false|false
12:21:24.0 (12201529)|VARIABLE_ASSIGNMENT|[276]|key|"Reestructura"
12:21:24.0 (12204752)|STATEMENT_EXECUTE|[276]
12:21:24.0 (12206105)|STATEMENT_EXECUTE|[278]
12:21:24.0 (12212299)|VARIABLE_SCOPE_BEGIN|[278]|info|Schema.RecordTypeInfo|true|false
12:21:24.0 (12236986)|VARIABLE_ASSIGNMENT|[278]|info|"common.api.soap.wsdl.RecordTypeInfo@f96295ed"|0x2326ab48
12:21:24.0 (12241359)|STATEMENT_EXECUTE|[279]
12:21:24.0 (12244078)|HEAP_ALLOCATE|[279]|Bytes:4
12:21:24.0 (12251612)|HEAP_ALLOCATE|[EXTERNAL]|Bytes:-4
12:21:24.0 (12258751)|HEAP_ALLOCATE|[276]|Bytes:5
12:21:24.0 (12264190)|VARIABLE_SCOPE_BEGIN|[276]|key|String|false|false
12:21:24.0 (12270763)|VARIABLE_ASSIGNMENT|[276]|key|"Remisión"
12:21:24.0 (12274498)|STATEMENT_EXECUTE|[276]
12:21:24.0 (12275863)|STATEMENT_EXECUTE|[278]
12:21:24.0 (12282230)|VARIABLE_SCOPE_BEGIN|[278]|info|Schema.RecordTypeInfo|true|false
12:21:24.0 (12306797)|VARIABLE_ASSIGNMENT|[278]|info|"common.api.soap.wsdl.RecordTypeInfo@e1e2d95d"|0x3d20bc32
12:21:24.0 (12311300)|STATEMENT_EXECUTE|[279]
12:21:24.0 (12314070)|HEAP_ALLOCATE|[279]|Bytes:4
12:21:24.0 (12321818)|HEAP_ALLOCATE|[EXTERNAL]|Bytes:-4
12:21:24.0 (12328922)|HEAP_ALLOCATE|[276]|Bytes:5
12:21:24.0 (12334428)|VARIABLE_SCOPE_BEGIN|[276]|key|String|false|false
12:21:24.0 (12341067)|VARIABLE_ASSIGNMENT|[276]|key|"Renegociación"
12:21:24.0 (12344780)|STATEMENT_EXECUTE|[276]
12:21:24.0 (12346142)|STATEMENT_EXECUTE|[278]
12:21:24.0 (12352231)|VARIABLE_SCOPE_BEGIN|[278]|info|Schema.RecordTypeInfo|true|false
12:21:24.0 (12377003)|VARIABLE_ASSIGNMENT|[278]|info|"common.api.soap.wsdl.RecordTypeInfo@23cd8d41"|0x7c0d101d
12:21:24.0 (12381413)|STATEMENT_EXECUTE|[279]
12:21:24.0 (12384421)|HEAP_ALLOCATE|[279]|Bytes:4
12:21:24.0 (12392118)|HEAP_ALLOCATE|[EXTERNAL]|Bytes:-4
12:21:24.0 (12399160)|HEAP_ALLOCATE|[276]|Bytes:5
12:21:24.0 (12404841)|VARIABLE_SCOPE_BEGIN|[276]|key|String|false|false
12:21:24.0 (12411958)|VARIABLE_ASSIGNMENT|[276]|key|"Reporte por Deterior (1 more) ..."
12:21:24.0 (12415190)|STATEMENT_EXECUTE|[276]
12:21:24.0 (12416535)|STATEMENT_EXECUTE|[278]
12:21:24.0 (12422633)|VARIABLE_SCOPE_BEGIN|[278]|info|Schema.RecordTypeInfo|true|false
12:21:24.0 (12447665)|VARIABLE_ASSIGNMENT|[278]|info|"common.api.soap.wsdl.RecordTypeInfo@d6e6859d"|0x46426d74
12:21:24.0 (12452077)|STATEMENT_EXECUTE|[279]
12:21:24.0 (12454743)|HEAP_ALLOCATE|[279]|Bytes:4
12:21:24.0 (12462258)|HEAP_ALLOCATE|[EXTERNAL]|Bytes:-4
12:21:24.0 (12469444)|HEAP_ALLOCATE|[276]|Bytes:5
12:21:24.0 (12475063)|VARIABLE_SCOPE_BEGIN|[276]|key|String|false|false
12:21:24.0 (12482023)|VARIABLE_ASSIGNMENT|[276]|key|"Reporte por Retenció (8 more) ..."
12:21:24.0 (12485768)|STATEMENT_EXECUTE|[276]
12:21:24.0 (12487208)|STATEMENT_EXECUTE|[278]
12:21:24.0 (12493247)|VARIABLE_SCOPE_BEGIN|[278]|info|Schema.RecordTypeInfo|true|false
12:21:24.0 (12518246)|VARIABLE_ASSIGNMENT|[278]|info|"common.api.soap.wsdl.RecordTypeInfo@e985f6a7"|0x5028e21f
12:21:24.0 (12522593)|STATEMENT_EXECUTE|[279]
12:21:24.0 (12525335)|HEAP_ALLOCATE|[279]|Bytes:4
12:21:24.0 (12532680)|HEAP_ALLOCATE|[EXTERNAL]|Bytes:-4
12:21:24.0 (12539843)|HEAP_ALLOCATE|[276]|Bytes:5
12:21:24.0 (12545388)|VARIABLE_SCOPE_BEGIN|[276]|key|String|false|false
12:21:24.0 (12552360)|VARIABLE_ASSIGNMENT|[276]|key|"Reporte por Robo o E (7 more) ..."
12:21:24.0 (12555557)|STATEMENT_EXECUTE|[276]
12:21:24.0 (12556922)|STATEMENT_EXECUTE|[278]
12:21:24.0 (12563152)|VARIABLE_SCOPE_BEGIN|[278]|info|Schema.RecordTypeInfo|true|false
12:21:24.0 (12588017)|VARIABLE_ASSIGNMENT|[278]|info|"common.api.soap.wsdl.RecordTypeInfo@ed6b1696"|0x68511504
12:21:24.0 (12592694)|STATEMENT_EXECUTE|[279]
12:21:24.0 (12595409)|HEAP_ALLOCATE|[279]|Bytes:4
12:21:24.0 (12612862)|HEAP_ALLOCATE|[EXTERNAL]|Bytes:-4
12:21:24.0 (12621098)|HEAP_ALLOCATE|[276]|Bytes:5
12:21:24.0 (12626829)|VARIABLE_SCOPE_BEGIN|[276]|key|String|false|false
12:21:24.0 (12633422)|VARIABLE_ASSIGNMENT|[276]|key|"Reposición"
12:21:24.0 (12637097)|STATEMENT_EXECUTE|[276]
12:21:24.0 (12638502)|STATEMENT_EXECUTE|[278]
12:21:24.0 (12645081)|VARIABLE_SCOPE_BEGIN|[278]|info|Schema.RecordTypeInfo|true|false
12:21:24.0 (12671062)|VARIABLE_ASSIGNMENT|[278]|info|"common.api.soap.wsdl.RecordTypeInfo@bc60712d"|0x7c486deb
12:21:24.0 (12703870)|STATEMENT_EXECUTE|[279]
12:21:24.0 (12708168)|HEAP_ALLOCATE|[279]|Bytes:4
12:21:24.0 (12717814)|HEAP_ALLOCATE|[EXTERNAL]|Bytes:-4
12:21:24.0 (12726220)|HEAP_ALLOCATE|[276]|Bytes:5
12:21:24.0 (12731143)|VARIABLE_SCOPE_BEGIN|[276]|key|String|false|false
12:21:24.0 (12735915)|VARIABLE_ASSIGNMENT|[276]|key|"Retención de Titular"
12:21:24.0 (12738414)|STATEMENT_EXECUTE|[276]
12:21:24.0 (12739271)|STATEMENT_EXECUTE|[278]
12:21:24.0 (12743725)|VARIABLE_SCOPE_BEGIN|[278]|info|Schema.RecordTypeInfo|true|false
12:21:24.0 (12764218)|VARIABLE_ASSIGNMENT|[278]|info|"common.api.soap.wsdl.RecordTypeInfo@a96fa95b"|0x29b496db
12:21:24.0 (12767561)|STATEMENT_EXECUTE|[279]
12:21:24.0 (12769696)|HEAP_ALLOCATE|[279]|Bytes:4
12:21:24.0 (12774941)|HEAP_ALLOCATE|[EXTERNAL]|Bytes:-4
12:21:24.0 (12780078)|HEAP_ALLOCATE|[276]|Bytes:5
12:21:24.0 (12783746)|VARIABLE_SCOPE_BEGIN|[276]|key|String|false|false
12:21:24.0 (12788685)|VARIABLE_ASSIGNMENT|[276]|key|"Retiro de Efectivo e (14 more) ..."
12:21:24.0 (12790677)|STATEMENT_EXECUTE|[276]
12:21:24.0 (12791521)|STATEMENT_EXECUTE|[278]
12:21:24.0 (12795865)|VARIABLE_SCOPE_BEGIN|[278]|info|Schema.RecordTypeInfo|true|false
12:21:24.0 (12813298)|VARIABLE_ASSIGNMENT|[278]|info|"common.api.soap.wsdl.RecordTypeInfo@91248e51"|0x3e1bb1e8
12:21:24.0 (12816249)|STATEMENT_EXECUTE|[279]
12:21:24.0 (12818262)|HEAP_ALLOCATE|[279]|Bytes:4
12:21:24.0 (12823352)|HEAP_ALLOCATE|[EXTERNAL]|Bytes:-4
12:21:24.0 (12827977)|HEAP_ALLOCATE|[276]|Bytes:5
12:21:24.0 (12831580)|VARIABLE_SCOPE_BEGIN|[276]|key|String|false|false
12:21:24.0 (12836517)|VARIABLE_ASSIGNMENT|[276]|key|"Retiro de efectivo e (5 more) ..."
12:21:24.0 (12838549)|STATEMENT_EXECUTE|[276]
12:21:24.0 (12839378)|STATEMENT_EXECUTE|[278]
12:21:24.0 (12843406)|VARIABLE_SCOPE_BEGIN|[278]|info|Schema.RecordTypeInfo|true|false
12:21:24.0 (12859863)|VARIABLE_ASSIGNMENT|[278]|info|"common.api.soap.wsdl.RecordTypeInfo@20767856"|0x5e026a1a
12:21:24.0 (12862627)|STATEMENT_EXECUTE|[279]
12:21:24.0 (12864542)|HEAP_ALLOCATE|[279]|Bytes:4
12:21:24.0 (12869340)|HEAP_ALLOCATE|[EXTERNAL]|Bytes:-4
12:21:24.0 (12873941)|HEAP_ALLOCATE|[276]|Bytes:5
12:21:24.0 (12877535)|VARIABLE_SCOPE_BEGIN|[276]|key|String|false|false
12:21:24.0 (12881862)|VARIABLE_ASSIGNMENT|[276]|key|"Retorno de Tarjeta"
12:21:24.0 (12883795)|STATEMENT_EXECUTE|[276]
12:21:24.0 (12884642)|STATEMENT_EXECUTE|[278]
12:21:24.0 (12888746)|VARIABLE_SCOPE_BEGIN|[278]|info|Schema.RecordTypeInfo|true|false
12:21:24.0 (12905461)|VARIABLE_ASSIGNMENT|[278]|info|"common.api.soap.wsdl.RecordTypeInfo@6bda56db"|0x619a7304
12:21:24.0 (12908283)|STATEMENT_EXECUTE|[279]
12:21:24.0 (12910311)|HEAP_ALLOCATE|[279]|Bytes:4
12:21:24.0 (12915313)|HEAP_ALLOCATE|[EXTERNAL]|Bytes:-4
12:21:24.0 (12920213)|HEAP_ALLOCATE|[276]|Bytes:5
12:21:24.0 (12923805)|VARIABLE_SCOPE_BEGIN|[276]|key|String|false|false
12:21:24.0 (12928005)|VARIABLE_ASSIGNMENT|[276]|key|"Reversa de Anualidad"
12:21:24.0 (12929978)|STATEMENT_EXECUTE|[276]
12:21:24.0 (12930802)|STATEMENT_EXECUTE|[278]
12:21:24.0 (12934954)|VARIABLE_SCOPE_BEGIN|[278]|info|Schema.RecordTypeInfo|true|false
12:21:24.0 (12951897)|VARIABLE_ASSIGNMENT|[278]|info|"common.api.soap.wsdl.RecordTypeInfo@95e3f3eb"|0x6c1523a2
12:21:24.0 (12954752)|STATEMENT_EXECUTE|[279]
12:21:24.0 (12956891)|HEAP_ALLOCATE|[279]|Bytes:4
12:21:24.0 (12962815)|HEAP_ALLOCATE|[EXTERNAL]|Bytes:-4
12:21:24.0 (12967670)|HEAP_ALLOCATE|[276]|Bytes:5
12:21:24.0 (12971295)|VARIABLE_SCOPE_BEGIN|[276]|key|String|false|false
12:21:24.0 (12975910)|VARIABLE_ASSIGNMENT|[276]|key|"Reversa de Anualidad (9 more) ..."
12:21:24.0 (12977828)|STATEMENT_EXECUTE|[276]
12:21:24.0 (12978846)|STATEMENT_EXECUTE|[278]
12:21:24.0 (12983056)|VARIABLE_SCOPE_BEGIN|[278]|info|Schema.RecordTypeInfo|true|false
12:21:24.0 (12999363)|VARIABLE_ASSIGNMENT|[278]|info|"common.api.soap.wsdl.RecordTypeInfo@a08d19ba"|0xfe24b39
12:21:24.0 (13002142)|STATEMENT_EXECUTE|[279]
12:21:24.0 (13004613)|HEAP_ALLOCATE|[279]|Bytes:4
12:21:24.0 (13009499)|HEAP_ALLOCATE|[EXTERNAL]|Bytes:-4
12:21:24.0 (13014421)|HEAP_ALLOCATE|[276]|Bytes:5
12:21:24.0 (13017922)|VARIABLE_SCOPE_BEGIN|[276]|key|String|false|false
12:21:24.0 (13022141)|VARIABLE_ASSIGNMENT|[276]|key|"Reversa de Comisión"
12:21:24.0 (13024495)|STATEMENT_EXECUTE|[276]
12:21:24.0 (13025339)|STATEMENT_EXECUTE|[278]
12:21:24.0 (13029511)|VARIABLE_SCOPE_BEGIN|[278]|info|Schema.RecordTypeInfo|true|false
12:21:24.0 (13046502)|VARIABLE_ASSIGNMENT|[278]|info|"common.api.soap.wsdl.RecordTypeInfo@c12cbb8e"|0x42fda265
12:21:24.0 (13049588)|STATEMENT_EXECUTE|[279]
12:21:24.0 (13051526)|HEAP_ALLOCATE|[279]|Bytes:4
12:21:24.0 (13056419)|HEAP_ALLOCATE|[EXTERNAL]|Bytes:-4
12:21:24.0 (13061498)|HEAP_ALLOCATE|[276]|Bytes:5
12:21:24.0 (13065012)|VARIABLE_SCOPE_BEGIN|[276]|key|String|false|false
12:21:24.0 (13069265)|VARIABLE_ASSIGNMENT|[276]|key|"Reversa de Comisión  (8 more) ..."
12:21:24.0 (13071542)|STATEMENT_EXECUTE|[276]
12:21:24.0 (13072499)|STATEMENT_EXECUTE|[278]
12:21:24.0 (13076917)|VARIABLE_SCOPE_BEGIN|[278]|info|Schema.RecordTypeInfo|true|false
12:21:24.0 (13094190)|VARIABLE_ASSIGNMENT|[278]|info|"common.api.soap.wsdl.RecordTypeInfo@af5255b"|0x70cdfb6d
12:21:24.0 (13096995)|STATEMENT_EXECUTE|[279]
12:21:24.0 (13098935)|HEAP_ALLOCATE|[279]|Bytes:4
12:21:24.0 (13104058)|HEAP_ALLOCATE|[EXTERNAL]|Bytes:-4
12:21:24.0 (13108775)|HEAP_ALLOCATE|[276]|Bytes:5
12:21:24.0 (13112331)|VARIABLE_SCOPE_BEGIN|[276]|key|String|false|false
12:21:24.0 (13116725)|VARIABLE_ASSIGNMENT|[276]|key|"Riesgos/Originación"
12:21:24.0 (13119017)|STATEMENT_EXECUTE|[276]
12:21:24.0 (13119868)|STATEMENT_EXECUTE|[278]
12:21:24.0 (13123862)|VARIABLE_SCOPE_BEGIN|[278]|info|Schema.RecordTypeInfo|true|false
12:21:24.0 (13141170)|VARIABLE_ASSIGNMENT|[278]|info|"common.api.soap.wsdl.RecordTypeInfo@b4223aba"|0x3500cee5
12:21:24.0 (13143826)|STATEMENT_EXECUTE|[279]
12:21:24.0 (13145721)|HEAP_ALLOCATE|[279]|Bytes:4
12:21:24.0 (13150724)|HEAP_ALLOCATE|[EXTERNAL]|Bytes:-4
12:21:24.0 (13155465)|HEAP_ALLOCATE|[276]|Bytes:5
12:21:24.0 (13159025)|VARIABLE_SCOPE_BEGIN|[276]|key|String|false|false
12:21:24.0 (13163250)|VARIABLE_ASSIGNMENT|[276]|key|"Saldo a Favor"
12:21:24.0 (13165230)|STATEMENT_EXECUTE|[276]
12:21:24.0 (13166077)|STATEMENT_EXECUTE|[278]
12:21:24.0 (13170117)|VARIABLE_SCOPE_BEGIN|[278]|info|Schema.RecordTypeInfo|true|false
12:21:24.0 (13186979)|VARIABLE_ASSIGNMENT|[278]|info|"common.api.soap.wsdl.RecordTypeInfo@3723677e"|0x28a6e0ff
12:21:24.0 (13189884)|STATEMENT_EXECUTE|[279]
12:21:24.0 (13191982)|HEAP_ALLOCATE|[279]|Bytes:4
12:21:24.0 (13197424)|HEAP_ALLOCATE|[EXTERNAL]|Bytes:-4
12:21:24.0 (13202175)|HEAP_ALLOCATE|[276]|Bytes:5
12:21:24.0 (13205777)|VARIABLE_SCOPE_BEGIN|[276]|key|String|false|false
12:21:24.0 (13210200)|VARIABLE_ASSIGNMENT|[276]|key|"Seguimiento a Folios"
12:21:24.0 (13212114)|STATEMENT_EXECUTE|[276]
12:21:24.0 (13212960)|STATEMENT_EXECUTE|[278]
12:21:24.0 (13217002)|VARIABLE_SCOPE_BEGIN|[278]|info|Schema.RecordTypeInfo|true|false
12:21:24.0 (13312400)|VARIABLE_ASSIGNMENT|[278]|info|"common.api.soap.wsdl.RecordTypeInfo@eb3cbf33"|0x7e79104
12:21:24.0 (13315340)|STATEMENT_EXECUTE|[279]
12:21:24.0 (13318102)|HEAP_ALLOCATE|[279]|Bytes:4
12:21:24.0 (13324832)|HEAP_ALLOCATE|[EXTERNAL]|Bytes:-4
12:21:24.0 (13330782)|HEAP_ALLOCATE|[276]|Bytes:5
12:21:24.0 (13334665)|VARIABLE_SCOPE_BEGIN|[276]|key|String|false|false
12:21:24.0 (13339593)|VARIABLE_ASSIGNMENT|[276]|key|"Solicitud de Contrat (1 more) ..."
12:21:24.0 (13341780)|STATEMENT_EXECUTE|[276]
12:21:24.0 (13342645)|STATEMENT_EXECUTE|[278]
12:21:24.0 (13347070)|VARIABLE_SCOPE_BEGIN|[278]|info|Schema.RecordTypeInfo|true|false
12:21:24.0 (13364738)|VARIABLE_ASSIGNMENT|[278]|info|"common.api.soap.wsdl.RecordTypeInfo@7488117c"|0x18ee1406
12:21:24.0 (13367697)|STATEMENT_EXECUTE|[279]
12:21:24.0 (13369698)|HEAP_ALLOCATE|[279]|Bytes:4
12:21:24.0 (13375580)|HEAP_ALLOCATE|[EXTERNAL]|Bytes:-4
12:21:24.0 (13380704)|HEAP_ALLOCATE|[276]|Bytes:5
12:21:24.0 (13384303)|VARIABLE_SCOPE_BEGIN|[276]|key|String|false|false
12:21:24.0 (13388912)|VARIABLE_ASSIGNMENT|[276]|key|"Soporte a Módulo"
12:21:24.0 (13391233)|STATEMENT_EXECUTE|[276]
12:21:24.0 (13392135)|STATEMENT_EXECUTE|[278]
12:21:24.0 (13396090)|VARIABLE_SCOPE_BEGIN|[278]|info|Schema.RecordTypeInfo|true|false
12:21:24.0 (13413599)|VARIABLE_ASSIGNMENT|[278]|info|"common.api.soap.wsdl.RecordTypeInfo@a144407d"|0x2b2a8618
12:21:24.0 (13416609)|STATEMENT_EXECUTE|[279]
12:21:24.0 (13418467)|HEAP_ALLOCATE|[279]|Bytes:4
12:21:24.0 (13423662)|HEAP_ALLOCATE|[EXTERNAL]|Bytes:-4
12:21:24.0 (13428713)|HEAP_ALLOCATE|[276]|Bytes:5
12:21:24.0 (13432487)|VARIABLE_SCOPE_BEGIN|[276]|key|String|false|false
12:21:24.0 (13436864)|VARIABLE_ASSIGNMENT|[276]|key|"Sospecha de Fraude"
12:21:24.0 (13438769)|STATEMENT_EXECUTE|[276]
12:21:24.0 (13439674)|STATEMENT_EXECUTE|[278]
12:21:24.0 (13443844)|VARIABLE_SCOPE_BEGIN|[278]|info|Schema.RecordTypeInfo|true|false
12:21:24.0 (13460954)|VARIABLE_ASSIGNMENT|[278]|info|"common.api.soap.wsdl.RecordTypeInfo@6c3b7acf"|0x34142a9a
12:21:24.0 (13463919)|STATEMENT_EXECUTE|[279]
12:21:24.0 (13465971)|HEAP_ALLOCATE|[279]|Bytes:4
12:21:24.0 (13470804)|HEAP_ALLOCATE|[EXTERNAL]|Bytes:-4
12:21:24.0 (13475663)|HEAP_ALLOCATE|[276]|Bytes:5
12:21:24.0 (13479549)|VARIABLE_SCOPE_BEGIN|[276]|key|String|false|false
12:21:24.0 (13484128)|VARIABLE_ASSIGNMENT|[276]|key|"Sospecha de fraudes  (8 more) ..."
12:21:24.0 (13486025)|STATEMENT_EXECUTE|[276]
12:21:24.0 (13486872)|STATEMENT_EXECUTE|[278]
12:21:24.0 (13491059)|VARIABLE_SCOPE_BEGIN|[278]|info|Schema.RecordTypeInfo|true|false
12:21:24.0 (13507508)|VARIABLE_ASSIGNMENT|[278]|info|"common.api.soap.wsdl.RecordTypeInfo@8088bf01"|0xf40f2ad
12:21:24.0 (13510564)|STATEMENT_EXECUTE|[279]
12:21:24.0 (13512489)|HEAP_ALLOCATE|[279]|Bytes:4
12:21:24.0 (13517574)|HEAP_ALLOCATE|[EXTERNAL]|Bytes:-4
12:21:24.0 (13522368)|HEAP_ALLOCATE|[276]|Bytes:5
12:21:24.0 (13526006)|VARIABLE_SCOPE_BEGIN|[276]|key|String|false|false
12:21:24.0 (13530342)|VARIABLE_ASSIGNMENT|[276]|key|"Tarjeta de Crédito"
12:21:24.0 (13532594)|STATEMENT_EXECUTE|[276]
12:21:24.0 (13533426)|STATEMENT_EXECUTE|[278]
12:21:24.0 (13537780)|VARIABLE_SCOPE_BEGIN|[278]|info|Schema.RecordTypeInfo|true|false
12:21:24.0 (13554712)|VARIABLE_ASSIGNMENT|[278]|info|"common.api.soap.wsdl.RecordTypeInfo@5d93dd17"|0x67669967
12:21:24.0 (13557512)|STATEMENT_EXECUTE|[279]
12:21:24.0 (13559402)|HEAP_ALLOCATE|[279]|Bytes:4
12:21:24.0 (13568254)|HEAP_ALLOCATE|[EXTERNAL]|Bytes:-4
12:21:24.0 (13573854)|HEAP_ALLOCATE|[276]|Bytes:5
12:21:24.0 (13577673)|VARIABLE_SCOPE_BEGIN|[276]|key|String|false|false
12:21:24.0 (13582180)|VARIABLE_ASSIGNMENT|[276]|key|"Tarjeta no pasa"
12:21:24.0 (13584127)|STATEMENT_EXECUTE|[276]
12:21:24.0 (13584953)|STATEMENT_EXECUTE|[278]
12:21:24.0 (13589337)|VARIABLE_SCOPE_BEGIN|[278]|info|Schema.RecordTypeInfo|true|false
12:21:24.0 (13607139)|VARIABLE_ASSIGNMENT|[278]|info|"common.api.soap.wsdl.RecordTypeInfo@e5bf180e"|0x1883c9d5
12:21:24.0 (13609907)|STATEMENT_EXECUTE|[279]
12:21:24.0 (13611997)|HEAP_ALLOCATE|[279]|Bytes:4
12:21:24.0 (13617399)|HEAP_ALLOCATE|[EXTERNAL]|Bytes:-4
12:21:24.0 (13622079)|HEAP_ALLOCATE|[276]|Bytes:5
12:21:24.0 (13626004)|VARIABLE_SCOPE_BEGIN|[276]|key|String|false|false
12:21:24.0 (13630729)|VARIABLE_ASSIGNMENT|[276]|key|"Tarjeta no pasa (Mód (4 more) ..."
12:21:24.0 (13633049)|STATEMENT_EXECUTE|[276]
12:21:24.0 (13633947)|STATEMENT_EXECUTE|[278]
12:21:24.0 (13638364)|VARIABLE_SCOPE_BEGIN|[278]|info|Schema.RecordTypeInfo|true|false
12:21:24.0 (13655132)|VARIABLE_ASSIGNMENT|[278]|info|"common.api.soap.wsdl.RecordTypeInfo@aa34942d"|0xd5660a5
12:21:24.0 (13657871)|STATEMENT_EXECUTE|[279]
12:21:24.0 (13659937)|HEAP_ALLOCATE|[279]|Bytes:4
12:21:24.0 (13664918)|HEAP_ALLOCATE|[EXTERNAL]|Bytes:-4
12:21:24.0 (13669670)|HEAP_ALLOCATE|[276]|Bytes:5
12:21:24.0 (13673247)|VARIABLE_SCOPE_BEGIN|[276]|key|String|false|false
12:21:24.0 (13677646)|VARIABLE_ASSIGNMENT|[276]|key|"Up Grade"
12:21:24.0 (13679542)|STATEMENT_EXECUTE|[276]
12:21:24.0 (13680419)|STATEMENT_EXECUTE|[278]
12:21:24.0 (13684843)|VARIABLE_SCOPE_BEGIN|[278]|info|Schema.RecordTypeInfo|true|false
12:21:24.0 (13701495)|VARIABLE_ASSIGNMENT|[278]|info|"common.api.soap.wsdl.RecordTypeInfo@f6ba334"|0x58b2e38
12:21:24.0 (13704692)|STATEMENT_EXECUTE|[279]
12:21:24.0 (13706757)|HEAP_ALLOCATE|[279]|Bytes:4
12:21:24.0 (13711987)|HEAP_ALLOCATE|[EXTERNAL]|Bytes:-4
12:21:24.0 (13716743)|HEAP_ALLOCATE|[276]|Bytes:5
12:21:24.0 (13720310)|VARIABLE_SCOPE_BEGIN|[276]|key|String|false|false
12:21:24.0 (13724224)|VARIABLE_ASSIGNMENT|[276]|key|"WEB"
12:21:24.0 (13726123)|STATEMENT_EXECUTE|[276]
12:21:24.0 (13726988)|STATEMENT_EXECUTE|[278]
12:21:24.0 (13731158)|VARIABLE_SCOPE_BEGIN|[278]|info|Schema.RecordTypeInfo|true|false
12:21:24.0 (13747586)|VARIABLE_ASSIGNMENT|[278]|info|"common.api.soap.wsdl.RecordTypeInfo@288d39b"|0x5675224f
12:21:24.0 (13750420)|STATEMENT_EXECUTE|[279]
12:21:24.0 (13752342)|HEAP_ALLOCATE|[279]|Bytes:4
12:21:24.0 (13757327)|HEAP_ALLOCATE|[EXTERNAL]|Bytes:-4
12:21:24.0 (13762424)|HEAP_ALLOCATE|[276]|Bytes:5
12:21:24.0 (13765948)|VARIABLE_SCOPE_BEGIN|[276]|key|String|false|false
12:21:24.0 (13770093)|VARIABLE_ASSIGNMENT|[276]|key|"Master"
12:21:24.0 (13772123)|STATEMENT_EXECUTE|[276]
12:21:24.0 (13772959)|STATEMENT_EXECUTE|[278]
12:21:24.0 (13777203)|VARIABLE_SCOPE_BEGIN|[278]|info|Schema.RecordTypeInfo|true|false
12:21:24.0 (13793702)|VARIABLE_ASSIGNMENT|[278]|info|"common.api.soap.wsdl.RecordTypeInfo@414d784a"|0x503e8435
12:21:24.0 (13796441)|STATEMENT_EXECUTE|[279]
12:21:24.0 (13798418)|HEAP_ALLOCATE|[279]|Bytes:4
12:21:24.0 (13803142)|HEAP_ALLOCATE|[EXTERNAL]|Bytes:-4
12:21:24.0 (13807963)|HEAP_ALLOCATE|[276]|Bytes:5
12:21:24.0 (13814761)|VARIABLE_ASSIGNMENT|[276]|key|null
12:21:24.0 (13819285)|STATEMENT_EXECUTE|[283]
12:21:24.13 (13889428)|CUMULATIVE_LIMIT_USAGE
12:21:24.13 (13889428)|LIMIT_USAGE_FOR_NS|(default)|
  Number of SOQL queries: 0 out of 100
  Number of query rows: 0 out of 50000
  Number of SOSL queries: 0 out of 20
  Number of DML statements: 0 out of 150
  Number of Publish Immediate DML: 0 out of 150
  Number of DML rows: 0 out of 10000
  Maximum CPU time: 0 out of 10000
  Maximum heap size: 0 out of 6000000
  Number of callouts: 0 out of 100
  Number of Email Invocations: 0 out of 10
  Number of future calls: 0 out of 50
  Number of queueable jobs added to the queue: 0 out of 50
  Number of Mobile Apex push calls: 0 out of 10

12:21:24.13 (13889428)|CUMULATIVE_LIMIT_USAGE_END

12:21:24.0 (13914883)|CODE_UNIT_FINISHED|AuthenticateCustomerController.getCaseRecordTypesByName()
12:21:24.0 (14220418)|CODE_UNIT_FINISHED|apex://AuthenticateCustomerController/ACTION$getCaseRecordTypesByName
12:21:24.0 (14226979)|EXECUTION_FINISHED
