67.0 APEX_CODE,FINEST;APEX_PROFILING,INFO;CALLOUT,INFO;DATA_ACCESS,INFO;DB,INFO;NBA,INFO;SYSTEM,DEBUG;VALIDATION,INFO;VISUALFORCE,INFO;WAVE,INFO;WORKFLOW,INFO
13:02:12.0 (339745)|USER_INFO|[EXTERNAL]|005Qg000002VBqt|jlandav@falabella.com.mx|(GMT-06:00) Central Standard Time (America/Mexico_City)|GMT-06:00
13:02:12.0 (420732)|EXECUTION_STARTED
13:02:12.0 (499402)|CODE_UNIT_STARTED|[EXTERNAL]|apex://CasosControllerExtension/ACTION$obtenerCasosToday
13:02:12.0 (1993191)|CODE_UNIT_STARTED|[EXTERNAL]|01p3l000005qcOV|CasosControllerExtension.obtenerCasosToday()
13:02:12.0 (2142112)|VARIABLE_SCOPE_BEGIN|[21]|CasosControllerExtension.QUEUE_CREDITO_FRAUDES|String|false|true
13:02:12.0 (2217610)|VARIABLE_SCOPE_BEGIN|[20]|CasosControllerExtension.RT_FIGITAL|String|false|true
13:02:12.0 (2223135)|VARIABLE_SCOPE_BEGIN|[19]|CasosControllerExtension.RT_RIESGOS|String|false|true
13:02:12.0 (2227662)|VARIABLE_SCOPE_BEGIN|[17]|CasosControllerExtension.ST_ASIGNADA|String|false|true
13:02:12.0 (2232129)|VARIABLE_SCOPE_BEGIN|[15]|CasosControllerExtension.ST_AUTORIZADA|String|false|true
13:02:12.0 (2236542)|VARIABLE_SCOPE_BEGIN|[18]|CasosControllerExtension.ST_CERRADO|String|false|true
13:02:12.0 (2241177)|VARIABLE_SCOPE_BEGIN|[16]|CasosControllerExtension.ST_NUEVO|String|false|true
13:02:12.0 (2407655)|HEAP_ALLOCATE|[95]|Bytes:3
13:02:12.0 (2476186)|HEAP_ALLOCATE|[100]|Bytes:152
13:02:12.0 (2496409)|HEAP_ALLOCATE|[417]|Bytes:408
13:02:12.0 (2514215)|HEAP_ALLOCATE|[430]|Bytes:408
13:02:12.0 (2546638)|HEAP_ALLOCATE|[317]|Bytes:6
13:02:12.0 (2560899)|HEAP_ALLOCATE|[EXTERNAL]|Bytes:11
13:02:12.0 (2580731)|METHOD_ENTRY|[13]|01p3l000005qcOV|CasosControllerExtension.CasosControllerExtension()
13:02:12.0 (2587130)|STATEMENT_EXECUTE|[13]
13:02:12.0 (2592923)|STATEMENT_EXECUTE|[13]
13:02:12.0 (2663493)|HEAP_ALLOCATE|[68]|Bytes:5
13:02:12.0 (2697413)|HEAP_ALLOCATE|[74]|Bytes:5
13:02:12.0 (2711384)|HEAP_ALLOCATE|[82]|Bytes:7
13:02:12.0 (2741558)|HEAP_ALLOCATE|[15]|Bytes:5
13:02:12.0 (2766219)|STATEMENT_EXECUTE|[15]
13:02:12.0 (2768513)|HEAP_ALLOCATE|[15]|Bytes:12
13:02:12.0 (2838074)|VARIABLE_ASSIGNMENT|[15]|CasosControllerExtension.ST_AUTORIZADA|"Autorización"
13:02:12.0 (2843738)|STATEMENT_EXECUTE|[16]
13:02:12.0 (2846225)|HEAP_ALLOCATE|[16]|Bytes:3
13:02:12.0 (2852873)|VARIABLE_ASSIGNMENT|[16]|CasosControllerExtension.ST_NUEVO|"New"
13:02:12.0 (2856182)|STATEMENT_EXECUTE|[17]
13:02:12.0 (2858048)|HEAP_ALLOCATE|[17]|Bytes:8
13:02:12.0 (2863271)|VARIABLE_ASSIGNMENT|[17]|CasosControllerExtension.ST_ASIGNADA|"Asignada"
13:02:12.0 (2866036)|STATEMENT_EXECUTE|[18]
13:02:12.0 (2867624)|HEAP_ALLOCATE|[18]|Bytes:7
13:02:12.0 (2872212)|VARIABLE_ASSIGNMENT|[18]|CasosControllerExtension.ST_CERRADO|"Cerrado"
13:02:12.0 (2874563)|STATEMENT_EXECUTE|[19]
13:02:12.0 (2876980)|HEAP_ALLOCATE|[19]|Bytes:19
13:02:12.0 (2882119)|VARIABLE_ASSIGNMENT|[19]|CasosControllerExtension.RT_RIESGOS|"Riesgos_Originaci_n"
13:02:12.0 (2884858)|STATEMENT_EXECUTE|[20]
13:02:12.0 (2886502)|HEAP_ALLOCATE|[20]|Bytes:18
13:02:12.0 (2891783)|VARIABLE_ASSIGNMENT|[20]|CasosControllerExtension.RT_FIGITAL|"BackOffice_Figital"
13:02:12.0 (2894828)|STATEMENT_EXECUTE|[21]
13:02:12.0 (2896295)|HEAP_ALLOCATE|[21]|Bytes:26
13:02:12.0 (2902128)|VARIABLE_ASSIGNMENT|[21]|CasosControllerExtension.QUEUE_CREDITO_FRAUDES|"BackOffice Credito/F (6 more) ..."
13:02:12.0 (2920281)|METHOD_EXIT|[13]|CasosControllerExtension
13:02:12.0 (2940484)|HEAP_ALLOCATE|[78]|Bytes:5
13:02:12.0 (2945029)|STATEMENT_EXECUTE|[76]
13:02:12.0 (2946850)|STATEMENT_EXECUTE|[78]
13:02:12.0 (2949196)|HEAP_ALLOCATE|[78]|Bytes:4
13:02:12.0 (3147174)|HEAP_ALLOCATE|[78]|Bytes:4
13:02:12.0 (4595699)|HEAP_ALLOCATE|[78]|Bytes:408
13:02:12.0 (4687156)|HEAP_ALLOCATE|[78]|Bytes:4
13:02:12.0 (4703715)|HEAP_ALLOCATE|[78]|Bytes:18
13:02:12.0 (4735222)|VARIABLE_SCOPE_BEGIN|[78]|idRecordTypeCredito|String|false|false
13:02:12.0 (4752938)|VARIABLE_ASSIGNMENT|[78]|idRecordTypeCredito|"0123l000001M9F8AAK"
13:02:12.0 (4756425)|STATEMENT_EXECUTE|[79]
13:02:12.0 (4826156)|HEAP_ALLOCATE|[79]|Bytes:4
13:02:12.0 (5773418)|HEAP_ALLOCATE|[79]|Bytes:408
13:02:12.0 (5799437)|HEAP_ALLOCATE|[79]|Bytes:4
13:02:12.0 (5804632)|HEAP_ALLOCATE|[79]|Bytes:18
13:02:12.0 (5807667)|VARIABLE_SCOPE_BEGIN|[79]|idRecordTypeFigital|String|false|false
13:02:12.0 (5816286)|VARIABLE_ASSIGNMENT|[79]|idRecordTypeFigital|"0123l0000019LkKAAU"
13:02:12.0 (5818577)|STATEMENT_EXECUTE|[81]
13:02:12.0 (5821119)|HEAP_ALLOCATE|[81]|Bytes:196
13:02:12.0 (5832722)|HEAP_ALLOCATE|[81]|Bytes:4
13:02:12.0 (5841110)|HEAP_ALLOCATE|[81]|Bytes:7
13:02:12.0 (5850037)|HEAP_ALLOCATE|[81]|Bytes:7
13:02:12.0 (5854143)|HEAP_ALLOCATE|[81]|Bytes:7
13:02:12.0 (5857366)|HEAP_ALLOCATE|[81]|Bytes:7
13:02:12.0 (5860653)|HEAP_ALLOCATE|[81]|Bytes:7
13:02:12.0 (5863548)|HEAP_ALLOCATE|[81]|Bytes:7
13:02:12.0 (6441890)|SOQL_EXECUTE_BEGIN|[81]|Aggregations:0|SELECT COUNT() FROM Case WHERE ((Status = :tmpVar1 OR Status = :tmpVar2 OR Status = :tmpVar3 OR Status = :tmpVar4) AND CreatedDate = TODAY AND (RecordTypeId = :tmpVar5 OR RecordTypeId = :tmpVar6))
13:02:12.0 (18118386)|SOQL_EXECUTE_END|[81]|Rows:129
13:02:12.0 (18199672)|HEAP_ALLOCATE|[81]|Bytes:4
13:02:12.0 (18230324)|VARIABLE_SCOPE_BEGIN|[81]|total|Integer|false|false
13:02:12.0 (18237745)|HEAP_ALLOCATE|[81]|Bytes:4
13:02:12.0 (18257773)|VARIABLE_ASSIGNMENT|[81]|total|129
13:02:12.0 (18261550)|STATEMENT_EXECUTE|[83]
13:02:12.0 (18264425)|HEAP_ALLOCATE|[83]|Bytes:4
13:02:12.0 (18273204)|HEAP_ALLOCATE|[83]|Bytes:4
13:02:12.18 (18346513)|CUMULATIVE_LIMIT_USAGE
13:02:12.18 (18346513)|LIMIT_USAGE_FOR_NS|(default)|
  Number of SOQL queries: 1 out of 100
  Number of query rows: 1 out of 50000
  Number of SOSL queries: 0 out of 20
  Number of DML statements: 0 out of 150
  Number of Publish Immediate DML: 0 out of 150
  Number of DML rows: 0 out of 10000
  Maximum CPU time: 0 out of 10000
  Maximum heap size: 0 out of 6000000
  Number of callouts: 0 out of 100
  Number of Email Invocations: 0 out of 10
  Number of future calls: 0 out of 50
  Number of queueable jobs added to the queue: 0 out of 50
  Number of Mobile Apex push calls: 0 out of 10

13:02:12.18 (18346513)|CUMULATIVE_LIMIT_USAGE_END

13:02:12.0 (18438052)|CODE_UNIT_FINISHED|CasosControllerExtension.obtenerCasosToday()
13:02:12.0 (18664668)|CODE_UNIT_FINISHED|apex://CasosControllerExtension/ACTION$obtenerCasosToday
13:02:12.0 (18675053)|EXECUTION_FINISHED
