66.0 APEX_CODE,FINEST;APEX_PROFILING,INFO;CALLOUT,INFO;DATA_ACCESS,INFO;DB,INFO;NBA,INFO;SYSTEM,DEBUG;VALIDATION,INFO;VISUALFORCE,INFO;WAVE,INFO;WORKFLOW,INFO
14:52:07.0 (692803)|USER_INFO|[EXTERNAL]|0051N000005gvau|etrevinofalabella@izeicg.com.uat|(GMT-06:00) Central Standard Time (America/Mexico_City)|GMT-06:00
14:52:07.0 (729733)|EXECUTION_STARTED
14:52:07.0 (751346)|CODE_UNIT_STARTED|[EXTERNAL]|apex://validateQuestionsController/ACTION$getValidationToday
14:52:07.0 (5975414)|CODE_UNIT_STARTED|[EXTERNAL]|01p0v000003Gv5u|validateQuestionsController.getValidationToday(String)
14:52:07.0 (6319481)|HEAP_ALLOCATE|[95]|Bytes:3
14:52:07.0 (6410480)|HEAP_ALLOCATE|[100]|Bytes:152
14:52:07.0 (6424590)|HEAP_ALLOCATE|[417]|Bytes:408
14:52:07.0 (6435947)|HEAP_ALLOCATE|[430]|Bytes:408
14:52:07.0 (6457320)|HEAP_ALLOCATE|[317]|Bytes:6
14:52:07.0 (6467188)|HEAP_ALLOCATE|[EXTERNAL]|Bytes:27
14:52:07.0 (6470036)|HEAP_ALLOCATE|[EXTERNAL]|Bytes:11
14:52:07.0 (6479378)|METHOD_ENTRY|[15]|01p0v000003Gv5u|validateQuestionsController.validateQuestionsController()
14:52:07.0 (6491687)|STATEMENT_EXECUTE|[15]
14:52:07.0 (6503841)|STATEMENT_EXECUTE|[15]
14:52:07.0 (6507449)|METHOD_EXIT|[15]|validateQuestionsController
14:52:07.0 (6511199)|HEAP_ALLOCATE|[EXTERNAL]|Bytes:18
14:52:07.0 (6532089)|VARIABLE_SCOPE_BEGIN|[58]|customerId|String|false|false
14:52:07.0 (6601301)|VARIABLE_ASSIGNMENT|[58]|customerId|"001Rt000014IrsjIAC"
14:52:07.0 (6608977)|STATEMENT_EXECUTE|[58]
14:52:07.0 (6609984)|STATEMENT_EXECUTE|[59]
14:52:07.0 (7017060)|HEAP_ALLOCATE|[59]|Bytes:4
14:52:07.0 (7113822)|VARIABLE_SCOPE_BEGIN|[59]|VIList|List<Validacion_Incorrecta__c>|true|false
14:52:07.0 (7123618)|HEAP_ALLOCATE|[EXTERNAL]|Bytes:4
14:52:07.0 (7139092)|VARIABLE_ASSIGNMENT|[59]|VIList|[]|0x778d235a
14:52:07.0 (7142773)|STATEMENT_EXECUTE|[60]
14:52:07.0 (7144165)|STATEMENT_EXECUTE|[60]
14:52:07.0 (7145156)|STATEMENT_EXECUTE|[61]
14:52:07.0 (7147311)|HEAP_ALLOCATE|[61]|Bytes:128
14:52:07.0 (7161107)|HEAP_ALLOCATE|[61]|Bytes:4
14:52:07.0 (7169064)|HEAP_ALLOCATE|[61]|Bytes:7
14:52:07.0 (7203156)|HEAP_ALLOCATE|[68]|Bytes:5
14:52:07.0 (7231764)|HEAP_ALLOCATE|[74]|Bytes:5
14:52:07.0 (7236659)|HEAP_ALLOCATE|[82]|Bytes:7
14:52:07.0 (9662594)|SOQL_EXECUTE_BEGIN|[61]|Aggregations:0|SELECT Id FROM Validacion_Incorrecta__c WHERE (Account__c = :tmpVar1 AND Validacion_Exitosa__c = FALSE AND Creado_Hoy__c = TRUE)
14:52:07.0 (17358384)|SOQL_EXECUTE_END|[61]|Rows:0
14:52:07.0 (17394309)|HEAP_ALLOCATE|[61]|Bytes:4
14:52:07.0 (17410927)|HEAP_ALLOCATE|[61]|Bytes:0
14:52:07.0 (17457610)|HEAP_ALLOCATE|[61]|Bytes:4
14:52:07.0 (17492900)|VARIABLE_ASSIGNMENT|[61]|VIList|[]|0x38fbca31
14:52:07.0 (17503075)|STATEMENT_EXECUTE|[68]
14:52:07.0 (17556142)|VARIABLE_SCOPE_BEGIN|[68]|numeroDeValidacionesIncorrectas|Integer|false|false
14:52:07.0 (17561837)|HEAP_ALLOCATE|[68]|Bytes:4
14:52:07.0 (17569366)|VARIABLE_ASSIGNMENT|[68]|numeroDeValidacionesIncorrectas|0
14:52:07.0 (17572034)|STATEMENT_EXECUTE|[69]
14:52:07.0 (17575041)|HEAP_ALLOCATE|[69]|Bytes:4
14:52:07.17 (17632656)|CUMULATIVE_LIMIT_USAGE
14:52:07.17 (17632656)|LIMIT_USAGE_FOR_NS|(default)|
  Number of SOQL queries: 1 out of 100
  Number of query rows: 0 out of 50000
  Number of SOSL queries: 0 out of 20
  Number of DML statements: 0 out of 150
  Number of Publish Immediate DML: 0 out of 150
  Number of DML rows: 0 out of 10000
  Maximum CPU time: 0 out of 10000
  Maximum heap size: 0 out of 6000000
  Number of callouts: 0 out of 100
  Number of Email Invocations: 0 out of 10
  Number of future calls: 0 out of 50
  Number of queueable jobs added to the queue: 0 out of 50
  Number of Mobile Apex push calls: 0 out of 10

14:52:07.17 (17632656)|CUMULATIVE_LIMIT_USAGE_END

14:52:07.0 (17676906)|CODE_UNIT_FINISHED|validateQuestionsController.getValidationToday(String)
14:52:07.0 (17861807)|CODE_UNIT_FINISHED|apex://validateQuestionsController/ACTION$getValidationToday
14:52:07.0 (17866313)|EXECUTION_FINISHED
