52.0 APEX_CODE,FINEST;APEX_PROFILING,INFO;CALLOUT,INFO;DATA_ACCESS,INFO;DB,INFO;NBA,INFO;SYSTEM,DEBUG;VALIDATION,INFO;VISUALFORCE,INFO;WAVE,INFO;WORKFLOW,INFO
18:33:04.0 (222958)|USER_INFO|[EXTERNAL]|0051N000008bAK9|contingenciafalabella@falabella.com.mx|(GMT-06:00) Central Standard Time (America/Mexico_City)|GMT-06:00
18:33:04.0 (300089)|EXECUTION_STARTED
18:33:04.0 (325875)|CODE_UNIT_STARTED|[EXTERNAL]|01p3l00000EBsec|BatchUpdateCaseGestorBO
18:33:04.0 (1467824)|HEAP_ALLOCATE|[95]|Bytes:3
18:33:04.0 (1548012)|HEAP_ALLOCATE|[100]|Bytes:152
18:33:04.0 (1563310)|HEAP_ALLOCATE|[417]|Bytes:408
18:33:04.0 (1573525)|HEAP_ALLOCATE|[430]|Bytes:408
18:33:04.0 (1593873)|HEAP_ALLOCATE|[317]|Bytes:6
18:33:04.0 (2002569)|HEAP_ALLOCATE|[EXTERNAL]|Bytes:98
18:33:04.0 (2328461)|HEAP_ALLOCATE|[EXTERNAL]|Bytes:11
18:33:04.0 (2435338)|SYSTEM_METHOD_ENTRY|[15]|BatchableContextImpl.BatchableContextImpl()
18:33:04.0 (2448593)|STATEMENT_EXECUTE|[15]
18:33:04.0 (2458382)|SYSTEM_METHOD_EXIT|[15]|BatchableContextImpl
18:33:04.0 (2462478)|HEAP_ALLOCATE|[EXTERNAL]|Bytes:12
18:33:04.0 (2465370)|HEAP_ALLOCATE|[EXTERNAL]|Bytes:4
18:33:04.0 (2470763)|VARIABLE_SCOPE_BEGIN|[31]|this|Database.BatchableContextImpl|true|false
18:33:04.0 (2560330)|VARIABLE_ASSIGNMENT|[31]|this|{}|0x17e91b80
18:33:04.0 (2564763)|VARIABLE_SCOPE_BEGIN|[31]|jobId|Id|false|false
18:33:04.0 (2639924)|VARIABLE_ASSIGNMENT|[31]|jobId|"707RQ00001vVuBCYA0"
18:33:04.0 (2642795)|VARIABLE_SCOPE_BEGIN|[31]|childJobId|Id|false|false
18:33:04.0 (2648140)|VARIABLE_ASSIGNMENT|[31]|childJobId|null
18:33:04.0 (16695027)|HEAP_ALLOCATE|[EXTERNAL]|Bytes:99
18:33:04.0 (16714100)|HEAP_ALLOCATE|[EXTERNAL]|Bytes:12
18:33:04.0 (16815385)|METHOD_ENTRY|[11]|01p3l00000EBsec|BatchUpdateCaseGestorBO.BatchUpdateCaseGestorBO()
18:33:04.0 (16828683)|STATEMENT_EXECUTE|[11]
18:33:04.0 (16837542)|STATEMENT_EXECUTE|[11]
18:33:04.0 (16843040)|METHOD_EXIT|[11]|BatchUpdateCaseGestorBO
18:33:04.0 (16849108)|HEAP_ALLOCATE|[EXTERNAL]|Bytes:20
18:33:04.0 (16852288)|HEAP_ALLOCATE|[EXTERNAL]|Bytes:12
18:33:04.0 (16861463)|VARIABLE_SCOPE_BEGIN|[108]|this|BatchUpdateCaseGestorBO|true|false
18:33:04.0 (16915081)|VARIABLE_ASSIGNMENT|[108]|this|{"idQueueFraudesCredito":"00G3l000004HYBREA4","intCallMSAttempts":3,"lstRecordTypesBO":"0x75b37136","lstRequestsWithError":"0x1e104656"}|0x1b83ec99
18:33:04.0 (16921007)|VARIABLE_SCOPE_BEGIN|[108]|BC|Database.BatchableContext|true|false
18:33:04.0 (16978128)|VARIABLE_ASSIGNMENT|[108]|BC|{"jobId":"707RQ00001vVuBCYA0"}|0x17e91b80
18:33:04.0 (16987343)|STATEMENT_EXECUTE|[108]
18:33:04.0 (17044192)|STATEMENT_EXECUTE|[111]
18:33:04.35 (35705902)|CUMULATIVE_LIMIT_USAGE
18:33:04.35 (35705902)|LIMIT_USAGE_FOR_NS|(default)|
  Number of SOQL queries: 0 out of 200
  Number of query rows: 0 out of 50000
  Number of SOSL queries: 0 out of 20
  Number of DML statements: 0 out of 150
  Number of Publish Immediate DML: 0 out of 150
  Number of DML rows: 0 out of 10000
  Maximum CPU time: 0 out of 60000
  Maximum heap size: 0 out of 12000000
  Number of callouts: 0 out of 0
  Number of Email Invocations: 0 out of 10
  Number of future calls: 0 out of 0
  Number of queueable jobs added to the queue: 0 out of 1
  Number of Mobile Apex push calls: 0 out of 10

18:33:04.35 (35705902)|CUMULATIVE_LIMIT_USAGE_END

18:33:04.0 (35808984)|CODE_UNIT_FINISHED|BatchUpdateCaseGestorBO
18:33:04.0 (35832004)|EXECUTION_FINISHED
