52.0 APEX_CODE,FINEST;APEX_PROFILING,INFO;CALLOUT,INFO;DATA_ACCESS,INFO;DB,INFO;NBA,INFO;SYSTEM,DEBUG;VALIDATION,INFO;VISUALFORCE,INFO;WAVE,INFO;WORKFLOW,INFO
14:40:10.0 (872807)|USER_INFO|[EXTERNAL]|0051N000005gvau|etrevinofalabella@izeicg.com.uat|(GMT-06:00) Central Standard Time (America/Mexico_City)|GMT-06:00
14:40:10.0 (916232)|EXECUTION_STARTED
14:40:10.0 (936417)|CODE_UNIT_STARTED|[EXTERNAL]|01p0v000003h7p3|BatchUpdateCaseGestorBO
14:40:10.0 (2144030)|HEAP_ALLOCATE|[95]|Bytes:3
14:40:10.0 (2251131)|HEAP_ALLOCATE|[100]|Bytes:152
14:40:10.0 (2266360)|HEAP_ALLOCATE|[417]|Bytes:408
14:40:10.0 (2277911)|HEAP_ALLOCATE|[430]|Bytes:408
14:40:10.0 (2300929)|HEAP_ALLOCATE|[317]|Bytes:6
14:40:10.0 (3274457)|HEAP_ALLOCATE|[EXTERNAL]|Bytes:98
14:40:10.0 (3688414)|HEAP_ALLOCATE|[EXTERNAL]|Bytes:11
14:40:10.0 (3715339)|SYSTEM_METHOD_ENTRY|[15]|BatchableContextImpl.BatchableContextImpl()
14:40:10.0 (3763362)|STATEMENT_EXECUTE|[15]
14:40:10.0 (3786582)|SYSTEM_METHOD_EXIT|[15]|BatchableContextImpl
14:40:10.0 (3792147)|HEAP_ALLOCATE|[EXTERNAL]|Bytes:12
14:40:10.0 (3796244)|HEAP_ALLOCATE|[EXTERNAL]|Bytes:4
14:40:10.0 (3810290)|VARIABLE_SCOPE_BEGIN|[31]|this|Database.BatchableContextImpl|true|false
14:40:10.0 (4009881)|VARIABLE_ASSIGNMENT|[31]|this|{}|0x75964e20
14:40:10.0 (4017813)|VARIABLE_SCOPE_BEGIN|[31]|jobId|Id|false|false
14:40:10.0 (4123531)|VARIABLE_ASSIGNMENT|[31]|jobId|"707Rt00001wi45FIAQ"
14:40:10.0 (4127726)|VARIABLE_SCOPE_BEGIN|[31]|childJobId|Id|false|false
14:40:10.0 (4136312)|VARIABLE_ASSIGNMENT|[31]|childJobId|null
14:40:10.0 (23504813)|HEAP_ALLOCATE|[EXTERNAL]|Bytes:99
14:40:10.0 (23529975)|HEAP_ALLOCATE|[EXTERNAL]|Bytes:12
14:40:10.0 (23552463)|METHOD_ENTRY|[11]|01p0v000003h7p3|BatchUpdateCaseGestorBO.BatchUpdateCaseGestorBO()
14:40:10.0 (23575167)|STATEMENT_EXECUTE|[11]
14:40:10.0 (23645290)|STATEMENT_EXECUTE|[11]
14:40:10.0 (23672116)|METHOD_EXIT|[11]|BatchUpdateCaseGestorBO
14:40:10.0 (23681061)|HEAP_ALLOCATE|[EXTERNAL]|Bytes:20
14:40:10.0 (23685296)|HEAP_ALLOCATE|[EXTERNAL]|Bytes:12
14:40:10.0 (23702791)|VARIABLE_SCOPE_BEGIN|[108]|this|BatchUpdateCaseGestorBO|true|false
14:40:10.0 (23850333)|VARIABLE_ASSIGNMENT|[108]|this|{"idQueueFraudesCredito":"00G0v000002erN3EAI","intCallMSAttempts":3,"lstRecordTypesBO":"0xddeeeab","lstRequestsWithError":"0xd7a1b3e"}|0xf10f82a
14:40:10.0 (23858209)|VARIABLE_SCOPE_BEGIN|[108]|BC|Database.BatchableContext|true|false
14:40:10.0 (23995063)|VARIABLE_ASSIGNMENT|[108]|BC|{"jobId":"707Rt00001wi45FIAQ"}|0x75964e20
14:40:10.0 (24014754)|STATEMENT_EXECUTE|[108]
14:40:10.0 (24126313)|STATEMENT_EXECUTE|[111]
14:40:10.41 (41229675)|CUMULATIVE_LIMIT_USAGE
14:40:10.41 (41229675)|LIMIT_USAGE_FOR_NS|(default)|
  Number of SOQL queries: 0 out of 200
  Number of query rows: 0 out of 50000
  Number of SOSL queries: 0 out of 20
  Number of DML statements: 0 out of 150
  Number of Publish Immediate DML: 0 out of 150
  Number of DML rows: 0 out of 10000
  Maximum CPU time: 0 out of 60000
  Maximum heap size: 0 out of 12000000
  Number of callouts: 0 out of 0
  Number of Email Invocations: 0 out of 10
  Number of future calls: 0 out of 0
  Number of queueable jobs added to the queue: 0 out of 1
  Number of Mobile Apex push calls: 0 out of 10

14:40:10.41 (41229675)|CUMULATIVE_LIMIT_USAGE_END

14:40:10.0 (41310795)|CODE_UNIT_FINISHED|BatchUpdateCaseGestorBO
14:40:10.0 (41393352)|EXECUTION_FINISHED
