66.0 APEX_CODE,FINEST;APEX_PROFILING,INFO;CALLOUT,INFO;DATA_ACCESS,INFO;DB,INFO;NBA,INFO;SYSTEM,DEBUG;VALIDATION,INFO;VISUALFORCE,INFO;WAVE,INFO;WORKFLOW,INFO
14:50:37.0 (127616)|USER_INFO|[EXTERNAL]|0051N000005gvau|etrevinofalabella@izeicg.com.uat|(GMT-06:00) Central Standard Time (America/Mexico_City)|GMT-06:00
14:50:37.0 (159554)|EXECUTION_STARTED
14:50:37.0 (168240)|CODE_UNIT_STARTED|[EXTERNAL]|apex://SendOTPController/ACTION$obtenerConfiguracionServicio
14:50:37.0 (1640606)|CODE_UNIT_STARTED|[EXTERNAL]|01p1N000005h4aa|SendOTPController.obtenerConfiguracionServicio()
14:50:37.0 (1774967)|HEAP_ALLOCATE|[95]|Bytes:3
14:50:37.0 (1838302)|HEAP_ALLOCATE|[100]|Bytes:152
14:50:37.0 (1853141)|HEAP_ALLOCATE|[417]|Bytes:408
14:50:37.0 (1864510)|HEAP_ALLOCATE|[430]|Bytes:408
14:50:37.0 (1882792)|HEAP_ALLOCATE|[317]|Bytes:6
14:50:37.0 (1918859)|HEAP_ALLOCATE|[EXTERNAL]|Bytes:21
14:50:37.0 (1921765)|HEAP_ALLOCATE|[EXTERNAL]|Bytes:55
14:50:37.0 (1929055)|METHOD_ENTRY|[1]|01p1N000005h4aa|SendOTPController.SendOTPController()
14:50:37.0 (1933965)|STATEMENT_EXECUTE|[1]
14:50:37.0 (1940042)|STATEMENT_EXECUTE|[1]
14:50:37.0 (1942471)|METHOD_EXIT|[1]|SendOTPController
14:50:37.0 (1951148)|STATEMENT_EXECUTE|[23]
14:50:37.0 (1952071)|STATEMENT_EXECUTE|[25]
14:50:37.0 (1967005)|HEAP_ALLOCATE|[25]|Bytes:4
14:50:37.0 (1979000)|VARIABLE_SCOPE_BEGIN|[25]|result|Map<String,String>|true|false
14:50:37.0 (2018199)|VARIABLE_ASSIGNMENT|[25]|result|{}|0xaba2531
14:50:37.0 (2021924)|STATEMENT_EXECUTE|[27]
14:50:37.0 (2023519)|HEAP_ALLOCATE|[27]|Bytes:54
14:50:37.0 (2029506)|HEAP_ALLOCATE|[27]|Bytes:4
14:50:37.0 (2048382)|HEAP_ALLOCATE|[68]|Bytes:5
14:50:37.0 (2080113)|HEAP_ALLOCATE|[74]|Bytes:5
14:50:37.0 (2085220)|HEAP_ALLOCATE|[82]|Bytes:7
14:50:37.0 (3557966)|SOQL_EXECUTE_BEGIN|[27]|Aggregations:0|SELECT Servicio__c FROM Configuracion_OTP__mdt LIMIT 1
14:50:37.0 (10261824)|SOQL_EXECUTE_END|[27]|Rows:1
14:50:37.0 (10288886)|HEAP_ALLOCATE|[27]|Bytes:8
14:50:37.0 (10300958)|HEAP_ALLOCATE|[27]|Bytes:57
14:50:37.0 (10409189)|HEAP_ALLOCATE|[27]|Bytes:8
14:50:37.0 (10423974)|HEAP_ALLOCATE|[27]|Bytes:48
14:50:37.0 (10487797)|HEAP_ALLOCATE|[27]|Bytes:12
14:50:37.0 (10493081)|VARIABLE_SCOPE_BEGIN|[27]|configuracionOTP|Configuracion_OTP__mdt|true|false
14:50:37.0 (10556626)|VARIABLE_ASSIGNMENT|[27]|configuracionOTP|{"Servicio__c":"Microservicio","Id":"m0B0v000000902rEAA"}|0x797814f5
14:50:37.0 (10562661)|STATEMENT_EXECUTE|[29]
14:50:37.0 (10586175)|VARIABLE_SCOPE_BEGIN|[29]|servicio|String|false|false
14:50:37.0 (10591771)|VARIABLE_ASSIGNMENT|[29]|servicio|"Microservicio"
14:50:37.0 (10594399)|STATEMENT_EXECUTE|[31]
14:50:37.0 (10596032)|HEAP_ALLOCATE|[31]|Bytes:11
14:50:37.0 (10610784)|HEAP_ALLOCATE|[31]|Bytes:24
14:50:37.0 (10667804)|USER_DEBUG|[31]|DEBUG|Servicio:  Microservicio
14:50:37.0 (10675966)|STATEMENT_EXECUTE|[33]
14:50:37.0 (10678296)|HEAP_ALLOCATE|[33]|Bytes:8
14:50:37.0 (10716779)|HEAP_ALLOCATE|[EXTERNAL]|Bytes:-4
14:50:37.0 (10721939)|STATEMENT_EXECUTE|[35]
14:50:37.10 (10768468)|CUMULATIVE_LIMIT_USAGE
14:50:37.10 (10768468)|LIMIT_USAGE_FOR_NS|(default)|
  Number of SOQL queries: 0 out of 100
  Number of query rows: 1 out of 50000
  Number of SOSL queries: 0 out of 20
  Number of DML statements: 0 out of 150
  Number of Publish Immediate DML: 0 out of 150
  Number of DML rows: 0 out of 10000
  Maximum CPU time: 0 out of 10000
  Maximum heap size: 0 out of 6000000
  Number of callouts: 0 out of 100
  Number of Email Invocations: 0 out of 10
  Number of future calls: 0 out of 50
  Number of queueable jobs added to the queue: 0 out of 50
  Number of Mobile Apex push calls: 0 out of 10

14:50:37.10 (10768468)|CUMULATIVE_LIMIT_USAGE_END

14:50:37.0 (10788987)|CODE_UNIT_FINISHED|SendOTPController.obtenerConfiguracionServicio()
14:50:37.0 (10966364)|CODE_UNIT_FINISHED|apex://SendOTPController/ACTION$obtenerConfiguracionServicio
14:50:37.0 (10971035)|EXECUTION_FINISHED
