66.0 APEX_CODE,FINEST;APEX_PROFILING,INFO;CALLOUT,INFO;DATA_ACCESS,INFO;DB,INFO;NBA,INFO;SYSTEM,DEBUG;VALIDATION,INFO;VISUALFORCE,INFO;WAVE,INFO;WORKFLOW,INFO
14:45:55.0 (193330)|USER_INFO|[EXTERNAL]|0051N000005gvau|etrevinofalabella@izeicg.com.uat|(GMT-06:00) Central Standard Time (America/Mexico_City)|GMT-06:00
14:45:55.0 (222930)|EXECUTION_STARTED
14:45:55.0 (231979)|CODE_UNIT_STARTED|[EXTERNAL]|apex://CardLockButtons/ACTION$getCaseInfo
14:45:55.0 (3607890)|CODE_UNIT_STARTED|[EXTERNAL]|01p0v000003gp6H|CardLockButtons.getCaseInfo(String)
14:45:55.0 (3961627)|HEAP_ALLOCATE|[95]|Bytes:3
14:45:55.0 (4073351)|HEAP_ALLOCATE|[100]|Bytes:152
14:45:55.0 (4093631)|HEAP_ALLOCATE|[417]|Bytes:408
14:45:55.0 (4109151)|HEAP_ALLOCATE|[430]|Bytes:408
14:45:55.0 (4139268)|HEAP_ALLOCATE|[317]|Bytes:6
14:45:55.0 (4154953)|HEAP_ALLOCATE|[EXTERNAL]|Bytes:13
14:45:55.0 (4160020)|HEAP_ALLOCATE|[EXTERNAL]|Bytes:3
14:45:55.0 (4172412)|METHOD_ENTRY|[11]|01p0v000003gp6H|CardLockButtons.CardLockButtons()
14:45:55.0 (4181599)|STATEMENT_EXECUTE|[11]
14:45:55.0 (4190862)|STATEMENT_EXECUTE|[11]
14:45:55.0 (4195832)|METHOD_EXIT|[11]|CardLockButtons
14:45:55.0 (4199750)|HEAP_ALLOCATE|[EXTERNAL]|Bytes:18
14:45:55.0 (4210490)|VARIABLE_SCOPE_BEGIN|[22]|recordId|String|false|false
14:45:55.0 (4281780)|VARIABLE_ASSIGNMENT|[22]|recordId|"500Rt00000e4fwNIAQ"
14:45:55.0 (4293225)|STATEMENT_EXECUTE|[22]
14:45:55.0 (4295178)|STATEMENT_EXECUTE|[24]
14:45:55.0 (4313894)|HEAP_ALLOCATE|[24]|Bytes:4
14:45:55.0 (4329794)|VARIABLE_SCOPE_BEGIN|[24]|mapResult|Map<String,ANY>|true|false
14:45:55.0 (4353271)|VARIABLE_ASSIGNMENT|[24]|mapResult|{}|0x3cc5f24d
14:45:55.0 (4357910)|STATEMENT_EXECUTE|[25]
14:45:55.0 (4384075)|HEAP_ALLOCATE|[68]|Bytes:5
14:45:55.0 (4412593)|HEAP_ALLOCATE|[74]|Bytes:5
14:45:55.0 (4419927)|HEAP_ALLOCATE|[82]|Bytes:7
14:45:55.0 (4431365)|VARIABLE_SCOPE_BEGIN|[25]|success|Boolean|false|false
14:45:55.0 (4616218)|HEAP_ALLOCATE|[25]|Bytes:5
14:45:55.0 (4627929)|VARIABLE_ASSIGNMENT|[25]|success|false
14:45:55.0 (4632521)|STATEMENT_EXECUTE|[27]
14:45:55.0 (4635468)|HEAP_ALLOCATE|[27]|Bytes:91
14:45:55.0 (4645507)|HEAP_ALLOCATE|[27]|Bytes:4
14:45:55.0 (4651510)|HEAP_ALLOCATE|[27]|Bytes:7
14:45:55.0 (6122142)|SOQL_EXECUTE_BEGIN|[27]|Aggregations:0|SELECT CURPcontacto__c, TarjetaCaso__c, Subcategor_a_Texto__c FROM Case WHERE Id = :tmpVar1
14:45:55.0 (20984818)|SOQL_EXECUTE_END|[27]|Rows:1
14:45:55.0 (21032132)|HEAP_ALLOCATE|[27]|Bytes:8
14:45:55.0 (21055952)|HEAP_ALLOCATE|[27]|Bytes:109
14:45:55.0 (21239399)|HEAP_ALLOCATE|[27]|Bytes:8
14:45:55.0 (21269796)|VARIABLE_SCOPE_BEGIN|[27]|lstCases|List<Case>|true|false
14:45:55.0 (21373129)|VARIABLE_ASSIGNMENT|[27]|lstCases|[{"CURPcontacto__c":"MONJ660623HNLNVN06","Subcategor_a_Texto__c":"Compra no diferida","Id":"500Rt00000e4fwNIAQ"}]|0x36bfe41f
14:45:55.0 (21489082)|STATEMENT_EXECUTE|[32]
14:45:55.0 (21492109)|STATEMENT_EXECUTE|[34]
14:45:55.0 (21520614)|HEAP_ALLOCATE|[34]|Bytes:16
14:45:55.0 (21564907)|METHOD_ENTRY|[34]|01p0v000003gp6H|CardLockButtons.loadCardLockSubCategories(String)
14:45:55.0 (21733217)|VARIABLE_SCOPE_BEGIN|[79]|subCategory|String|false|false
14:45:55.0 (21741908)|VARIABLE_ASSIGNMENT|[79]|subCategory|"Compra no diferida"
14:45:55.0 (21748624)|STATEMENT_EXECUTE|[79]
14:45:55.0 (21749903)|STATEMENT_EXECUTE|[81]
14:45:55.0 (21753153)|VARIABLE_SCOPE_BEGIN|[81]|cmCardLock|Bloqueo_de_Tarjeta__mdt|true|false
14:45:55.0 (21774379)|VARIABLE_ASSIGNMENT|[81]|cmCardLock|null|
14:45:55.0 (21777070)|STATEMENT_EXECUTE|[83]
14:45:55.0 (21780440)|HEAP_ALLOCATE|[83]|Bytes:296
14:45:55.0 (21797987)|HEAP_ALLOCATE|[83]|Bytes:4
14:45:55.0 (24487518)|SOQL_EXECUTE_BEGIN|[83]|Aggregations:1|SELECT MasterLabel, Descripcion__c, Etiqueta_en_SF__c, SubCategoria__c, Categoria__c, (SELECT Nombre_de_API__c, Valor_del_Campo__c, Tarjeta_bloqueada__c FROM Bloqueo_de_Tarjeta_Campos_Requeridos__r) FROM Bloqueo_de_Tarjeta__mdt WHERE (Pantalla_principal__c = FALSE AND SubCategoria__c = :tmpVar1)
14:45:55.0 (29696243)|SOQL_EXECUTE_END|[83]|Rows:0
14:45:55.0 (29739870)|HEAP_ALLOCATE|[83]|Bytes:4
14:45:55.0 (29772386)|HEAP_ALLOCATE|[83]|Bytes:0
14:45:55.0 (29859319)|HEAP_ALLOCATE|[83]|Bytes:4
14:45:55.0 (29882080)|VARIABLE_SCOPE_BEGIN|[83]|lstCMCardLock|List<Bloqueo_de_Tarjeta__mdt>|true|false
14:45:55.0 (29905930)|VARIABLE_ASSIGNMENT|[83]|lstCMCardLock|[]|0x50ec3d26
14:45:55.0 (30011192)|STATEMENT_EXECUTE|[93]
14:45:55.0 (30015443)|STATEMENT_EXECUTE|[98]
14:45:55.0 (30028900)|METHOD_EXIT|[34]|01p0v000003gp6H|CardLockButtons.loadCardLockSubCategories(String)
14:45:55.0 (30033351)|VARIABLE_SCOPE_BEGIN|[34]|cmCardLock|Bloqueo_de_Tarjeta__mdt|true|false
14:45:55.0 (30040010)|VARIABLE_ASSIGNMENT|[34]|cmCardLock|null|
14:45:55.0 (30043304)|STATEMENT_EXECUTE|[36]
14:45:55.0 (30044941)|STATEMENT_EXECUTE|[68]
14:45:55.0 (30049599)|HEAP_ALLOCATE|[68]|Bytes:7
14:45:55.0 (30092917)|HEAP_ALLOCATE|[68]|Bytes:5
14:45:55.0 (30102430)|HEAP_ALLOCATE|[EXTERNAL]|Bytes:-4
14:45:55.0 (30107206)|STATEMENT_EXECUTE|[70]
14:45:55.30 (30162500)|CUMULATIVE_LIMIT_USAGE
14:45:55.30 (30162500)|LIMIT_USAGE_FOR_NS|(default)|
  Number of SOQL queries: 1 out of 100
  Number of query rows: 1 out of 50000
  Number of SOSL queries: 0 out of 20
  Number of DML statements: 0 out of 150
  Number of Publish Immediate DML: 0 out of 150
  Number of DML rows: 0 out of 10000
  Maximum CPU time: 0 out of 10000
  Maximum heap size: 0 out of 6000000
  Number of callouts: 0 out of 100
  Number of Email Invocations: 0 out of 10
  Number of future calls: 0 out of 50
  Number of queueable jobs added to the queue: 0 out of 50
  Number of Mobile Apex push calls: 0 out of 10

14:45:55.30 (30162500)|CUMULATIVE_LIMIT_USAGE_END

14:45:55.0 (30189817)|CODE_UNIT_FINISHED|CardLockButtons.getCaseInfo(String)
14:45:55.0 (30382522)|CODE_UNIT_FINISHED|apex://CardLockButtons/ACTION$getCaseInfo
14:45:55.0 (30387396)|EXECUTION_FINISHED
