67.0 APEX_CODE,FINEST;APEX_PROFILING,INFO;CALLOUT,INFO;DATA_ACCESS,INFO;DB,INFO;NBA,INFO;SYSTEM,DEBUG;VALIDATION,INFO;VISUALFORCE,INFO;WAVE,INFO;WORKFLOW,INFO
12:21:17.0 (278938)|USER_INFO|[EXTERNAL]|0051N000005gvau|etrevinofalabella@izeicg.com.uat|(GMT-06:00) Central Standard Time (America/Mexico_City)|GMT-06:00
12:21:17.0 (359254)|EXECUTION_STARTED
12:21:17.0 (370611)|CODE_UNIT_STARTED|[EXTERNAL]|apex://Lookupcontroller/ACTION$querySalesforceRecord
12:21:17.0 (3314984)|CODE_UNIT_STARTED|[EXTERNAL]|01p1N00000DazLF|Lookupcontroller.querySalesforceRecord(String)
12:21:17.0 (3625446)|HEAP_ALLOCATE|[95]|Bytes:3
12:21:17.0 (3714823)|HEAP_ALLOCATE|[100]|Bytes:152
12:21:17.0 (3733608)|HEAP_ALLOCATE|[417]|Bytes:408
12:21:17.0 (3746300)|HEAP_ALLOCATE|[430]|Bytes:408
12:21:17.0 (3766181)|HEAP_ALLOCATE|[317]|Bytes:6
12:21:17.0 (3776141)|HEAP_ALLOCATE|[EXTERNAL]|Bytes:1
12:21:17.0 (3790835)|METHOD_ENTRY|[1]|01p1N00000DazLF|Lookupcontroller.Lookupcontroller()
12:21:17.0 (3798880)|STATEMENT_EXECUTE|[1]
12:21:17.0 (3803960)|STATEMENT_EXECUTE|[1]
12:21:17.0 (3824284)|HEAP_ALLOCATE|[68]|Bytes:5
12:21:17.0 (3848609)|HEAP_ALLOCATE|[74]|Bytes:5
12:21:17.0 (3853346)|HEAP_ALLOCATE|[82]|Bytes:7
12:21:17.0 (4012287)|HEAP_ALLOCATE|[EXTERNAL]|Bytes:5
12:21:17.0 (4025319)|METHOD_EXIT|[1]|Lookupcontroller
12:21:17.0 (4028989)|HEAP_ALLOCATE|[EXTERNAL]|Bytes:762
12:21:17.0 (4038513)|VARIABLE_SCOPE_BEGIN|[4]|queryString|String|false|false
12:21:17.0 (4086960)|VARIABLE_ASSIGNMENT|[4]|queryString|"SELECT ID_PersonAcco (742 more) ..."
12:21:17.0 (4095559)|HEAP_ALLOCATE|[6]|Bytes:5
12:21:17.0 (4098623)|STATEMENT_EXECUTE|[4]
12:21:17.0 (4099759)|STATEMENT_EXECUTE|[6]
12:21:17.0 (15177129)|SOQL_EXECUTE_BEGIN|[6]|Aggregations:2|SELECT ID_PersonAccount__c,Tipo_Direcci_n__c,Poblaci_n__c,Tipo_de_v_a__c,Regi_n__c,Resto_Direcci_n__c,Delegaci_n__c,Nombre_v_a__c,Colonia__c,N_mero_de_v_a__c,C_digo_Postal__c,ltimos_4_d_gitos_de_Celular__pc,PT__pc,Campa_a_Actualizaci_n_SORIBAN__c,Cliente_Anonimo__c,Autenticar_Sin_Celular__c,Name,Id,Oficina__c,N_m_contrato__c,CURP__c,ID_Cliente__c,PersonMailingAddress,PersonEmail,PersonContactId,PersonMobilePhone,Ultimos_4_d_gitos_de_Mobile__c,(select Subject, Status from cases limit 10),(select N_mero_de_tarjeta__c from Tarjetas__r),VIP__c,Empleado__c,N_mero_de_Contrato_texto__c,BIN__c,Subgrupo__pc,Flex__c,Condici_n_econ_mica__c,Saldo_Garantia__c FROM Account WHERE (Name LIKE '%herib%') AND ParentId = null AND Fecha_de_nacimiento1__c=1990-01-01 LIMIT 5
12:21:17.0 (72051440)|SOQL_EXECUTE_END|[6]|Rows:1
12:21:17.0 (72121073)|HEAP_ALLOCATE|[6]|Bytes:8
12:21:17.0 (72176936)|HEAP_ALLOCATE|[6]|Bytes:2563
12:21:17.0 (72305215)|HEAP_ALLOCATE|[6]|Bytes:8
12:21:17.72 (72416193)|CUMULATIVE_LIMIT_USAGE
12:21:17.72 (72416193)|LIMIT_USAGE_FOR_NS|(default)|
  Number of SOQL queries: 1 out of 100
  Number of query rows: 14 out of 50000
  Number of SOSL queries: 0 out of 20
  Number of DML statements: 0 out of 150
  Number of Publish Immediate DML: 0 out of 150
  Number of DML rows: 0 out of 10000
  Maximum CPU time: 0 out of 10000
  Maximum heap size: 0 out of 6000000
  Number of callouts: 0 out of 100
  Number of Email Invocations: 0 out of 10
  Number of future calls: 0 out of 50
  Number of queueable jobs added to the queue: 0 out of 50
  Number of Mobile Apex push calls: 0 out of 10

12:21:17.72 (72416193)|CUMULATIVE_LIMIT_USAGE_END

12:21:17.0 (72458751)|CODE_UNIT_FINISHED|Lookupcontroller.querySalesforceRecord(String)
12:21:17.0 (72863875)|CODE_UNIT_FINISHED|apex://Lookupcontroller/ACTION$querySalesforceRecord
12:21:17.0 (72878417)|EXECUTION_FINISHED
