67.0 APEX_CODE,FINEST;APEX_PROFILING,INFO;CALLOUT,INFO;DATA_ACCESS,INFO;DB,INFO;NBA,INFO;SYSTEM,DEBUG;VALIDATION,INFO;VISUALFORCE,INFO;WAVE,INFO;WORKFLOW,INFO
13:14:33.0 (399165)|USER_INFO|[EXTERNAL]|005Qg000002VBqt|jlandav@falabella.com.mx|(GMT-06:00) Central Standard Time (America/Mexico_City)|GMT-06:00
13:14:33.0 (527594)|EXECUTION_STARTED
13:14:33.0 (560962)|CODE_UNIT_STARTED|[EXTERNAL]|apex://MicroServicioObtenerImagenesBO/ACTION$obtenerListaImagenesWS
13:14:33.0 (5992180)|CODE_UNIT_STARTED|[EXTERNAL]|01p3l000005qhVj|MicroServicioObtenerImagenesBO.obtenerListaImagenesWS(String)
13:14:33.0 (6451023)|HEAP_ALLOCATE|[95]|Bytes:3
13:14:33.0 (6766772)|HEAP_ALLOCATE|[100]|Bytes:152
13:14:33.0 (6797381)|HEAP_ALLOCATE|[417]|Bytes:408
13:14:33.0 (6817426)|HEAP_ALLOCATE|[430]|Bytes:408
13:14:33.0 (6887279)|HEAP_ALLOCATE|[317]|Bytes:6
13:14:33.0 (6906234)|HEAP_ALLOCATE|[EXTERNAL]|Bytes:2
13:14:33.0 (6911138)|HEAP_ALLOCATE|[EXTERNAL]|Bytes:2
13:14:33.0 (6965376)|METHOD_ENTRY|[14]|01p3l000005qhVj|MicroServicioObtenerImagenesBO.MicroServicioObtenerImagenesBO()
13:14:33.0 (6980518)|STATEMENT_EXECUTE|[14]
13:14:33.0 (6992059)|STATEMENT_EXECUTE|[14]
13:14:33.0 (6999077)|METHOD_EXIT|[14]|MicroServicioObtenerImagenesBO
13:14:33.0 (7005546)|HEAP_ALLOCATE|[EXTERNAL]|Bytes:18
13:14:33.0 (7032674)|VARIABLE_SCOPE_BEGIN|[23]|recordId|String|false|false
13:14:33.0 (7386570)|VARIABLE_ASSIGNMENT|[23]|recordId|"500RQ00000snebaYAA"
13:14:33.0 (7401113)|STATEMENT_EXECUTE|[23]
13:14:33.0 (7402625)|STATEMENT_EXECUTE|[25]
13:14:33.0 (7431183)|HEAP_ALLOCATE|[25]|Bytes:4
13:14:33.0 (7452379)|VARIABLE_SCOPE_BEGIN|[25]|result|Map<String,ANY>|true|false
13:14:33.0 (7493024)|VARIABLE_ASSIGNMENT|[25]|result|{}|0x59fea7c4
13:14:33.0 (7497729)|STATEMENT_EXECUTE|[26]
13:14:33.0 (7539698)|HEAP_ALLOCATE|[68]|Bytes:5
13:14:33.0 (7575483)|HEAP_ALLOCATE|[74]|Bytes:5
13:14:33.0 (7583364)|HEAP_ALLOCATE|[82]|Bytes:7
13:14:33.0 (7595061)|VARIABLE_SCOPE_BEGIN|[26]|success|Boolean|false|false
13:14:33.0 (7852056)|HEAP_ALLOCATE|[26]|Bytes:5
13:14:33.0 (7864000)|VARIABLE_ASSIGNMENT|[26]|success|false
13:14:33.0 (7868501)|STATEMENT_EXECUTE|[28]
13:14:33.0 (7871616)|HEAP_ALLOCATE|[28]|Bytes:11
13:14:33.0 (7890746)|HEAP_ALLOCATE|[28]|Bytes:29
13:14:33.0 (7997673)|USER_DEBUG|[28]|DEBUG|recordId:  500RQ00000snebaYAA
13:14:33.0 (8010109)|STATEMENT_EXECUTE|[31]
13:14:33.0 (8051435)|HEAP_ALLOCATE|[31]|Bytes:166
13:14:33.0 (8072027)|HEAP_ALLOCATE|[31]|Bytes:4
13:14:33.0 (8080589)|HEAP_ALLOCATE|[31]|Bytes:7
13:14:33.0 (11402595)|SOQL_EXECUTE_BEGIN|[31]|Aggregations:1|SELECT ID_Solicitud__c, Solicitud_Repetida__c, RecordType.DeveloperName, (SELECT CommentBody FROM CaseComments WHERE IsPublished = TRUE) FROM Case WHERE Id = :tmpVar1
13:14:33.0 (35654909)|SOQL_EXECUTE_END|[31]|Rows:1
13:14:33.0 (35706440)|HEAP_ALLOCATE|[31]|Bytes:8
13:14:33.0 (35731804)|HEAP_ALLOCATE|[31]|Bytes:197
13:14:33.0 (35858367)|HEAP_ALLOCATE|[31]|Bytes:8
13:14:33.0 (35878288)|VARIABLE_SCOPE_BEGIN|[31]|listCase|List<Case>|true|false
13:14:33.0 (36724373)|VARIABLE_ASSIGNMENT|[31]|listCase|[{"RecordTypeId":"0123l0000019LkKAAU","Solicitud_Repetida__c":false,"Id":"500RQ00000snebaYAA","RecordType":{"DeveloperName":"BackOffice_Figital","Id":"0123l0000019LkKAAU"},"ID_Solicitud__c":"310138462"}]|0x3473b48c
13:14:33.0 (36847657)|STATEMENT_EXECUTE|[37]
13:14:33.0 (36849037)|STATEMENT_EXECUTE|[39]
13:14:33.0 (36854480)|HEAP_ALLOCATE|[39]|Bytes:4
13:14:33.0 (36888616)|HEAP_ALLOCATE|[39]|Bytes:24
13:14:33.0 (36965590)|HEAP_ALLOCATE|[EXTERNAL]|Bytes:-4
13:14:33.0 (36972707)|STATEMENT_EXECUTE|[42]
13:14:33.0 (36990496)|HEAP_ALLOCATE|[42]|Bytes:4
13:14:33.0 (37052380)|VARIABLE_SCOPE_BEGIN|[42]|listMapDocumentos|List<Map<String,ANY>>|true|false
13:14:33.0 (37090569)|HEAP_ALLOCATE|[EXTERNAL]|Bytes:4
13:14:33.0 (37103577)|VARIABLE_ASSIGNMENT|[42]|listMapDocumentos|[]|0x5e91400a
13:14:33.0 (37107214)|STATEMENT_EXECUTE|[44]
13:14:33.0 (37109432)|HEAP_ALLOCATE|[44]|Bytes:212
13:14:33.0 (37117334)|HEAP_ALLOCATE|[44]|Bytes:4
13:14:33.0 (39134802)|SOQL_EXECUTE_BEGIN|[44]|Aggregations:0|SELECT MasterLabel, Archivo__c, Micro_Servicio__c, Motivos_de_Pendiente__c, Solicitud_Repetida__c, Mostrar_siempre__c, Espacio_al_inicio__c FROM MS_Imagenes_BlobS_WistonD__mdt ORDER BY MasterLabel ASC NULLS FIRST
13:14:33.0 (55606903)|SOQL_EXECUTE_END|[44]|Rows:16
13:14:33.0 (55667561)|HEAP_ALLOCATE|[44]|Bytes:68
13:14:33.0 (55717032)|HEAP_ALLOCATE|[44]|Bytes:4387
13:14:33.0 (55843462)|HEAP_ALLOCATE|[44]|Bytes:68
13:14:33.0 (55874638)|VARIABLE_SCOPE_BEGIN|[44]|listDocs|List<MS_Imagenes_BlobS_WistonD__mdt>|true|false
13:14:33.0 (55925251)|VARIABLE_ASSIGNMENT|[44]|listDocs|"List of size 16 too large to display"|0x75b49cdf
13:14:33.0 (56314793)|HEAP_ALLOCATE|[53]|Bytes:5
13:14:33.0 (56381452)|HEAP_ALLOCATE|[53]|Bytes:32
13:14:33.0 (56398540)|VARIABLE_SCOPE_BEGIN|[53]|doc|MS_Imagenes_BlobS_WistonD__mdt|true|false
13:14:33.0 (56561603)|VARIABLE_ASSIGNMENT|[53]|doc|{"Micro_Servicio__c":"WistonData","Solicitud_Repetida__c":false,"Id":"m0eRQ00000Ubr2YYAR","MasterLabel":"Caratula Debito","Archivo__c":"16","Mostrar_siempre__c":true,"Espacio_al_inicio__c":false}|0x16a22803
13:14:33.0 (56584878)|STATEMENT_EXECUTE|[53]
13:14:33.0 (56606026)|HEAP_ALLOCATE|[55]|Bytes:24
13:14:33.0 (56734172)|HEAP_ALLOCATE|[55]|Bytes:18
13:14:33.0 (56771183)|HEAP_ALLOCATE|[55]|Bytes:24
13:14:33.0 (56795719)|HEAP_ALLOCATE|[55]|Bytes:11
13:14:33.0 (56811015)|STATEMENT_EXECUTE|[55]
13:14:33.0 (56812597)|STATEMENT_EXECUTE|[57]
13:14:33.0 (56829595)|HEAP_ALLOCATE|[57]|Bytes:4
13:14:33.0 (56841354)|VARIABLE_SCOPE_BEGIN|[57]|mapDocumentos|Map<String,ANY>|true|false
13:14:33.0 (56872823)|VARIABLE_ASSIGNMENT|[57]|mapDocumentos|{}|0x380cb415
13:14:33.0 (56878224)|STATEMENT_EXECUTE|[59]
13:14:33.0 (56880691)|HEAP_ALLOCATE|[59]|Bytes:6
13:14:33.0 (56963947)|HEAP_ALLOCATE|[EXTERNAL]|Bytes:-4
13:14:33.0 (56972930)|STATEMENT_EXECUTE|[60]
13:14:33.0 (56975214)|HEAP_ALLOCATE|[60]|Bytes:4
13:14:33.0 (57005173)|HEAP_ALLOCATE|[EXTERNAL]|Bytes:-4
13:14:33.0 (57010877)|STATEMENT_EXECUTE|[61]
13:14:33.0 (57012849)|HEAP_ALLOCATE|[61]|Bytes:13
13:14:33.0 (57028325)|HEAP_ALLOCATE|[EXTERNAL]|Bytes:-4
13:14:33.0 (57032590)|STATEMENT_EXECUTE|[62]
13:14:33.0 (57034499)|HEAP_ALLOCATE|[62]|Bytes:18
13:14:33.0 (57049496)|HEAP_ALLOCATE|[EXTERNAL]|Bytes:-4
13:14:33.0 (57053589)|STATEMENT_EXECUTE|[63]
13:14:33.0 (57055488)|HEAP_ALLOCATE|[63]|Bytes:17
13:14:33.0 (57083459)|HEAP_ALLOCATE|[EXTERNAL]|Bytes:-4
13:14:33.0 (57088555)|STATEMENT_EXECUTE|[64]
13:14:33.0 (57090553)|HEAP_ALLOCATE|[64]|Bytes:14
13:14:33.0 (57111070)|HEAP_ALLOCATE|[EXTERNAL]|Bytes:-4
13:14:33.0 (57115567)|STATEMENT_EXECUTE|[65]
13:14:33.0 (57117505)|HEAP_ALLOCATE|[65]|Bytes:15
13:14:33.0 (57137128)|HEAP_ALLOCATE|[EXTERNAL]|Bytes:-4
13:14:33.0 (57150789)|STATEMENT_EXECUTE|[67]
13:14:33.0 (57180675)|HEAP_ALLOCATE|[EXTERNAL]|Bytes:4
13:14:33.0 (57185734)|STATEMENT_EXECUTE|[68]
13:14:33.0 (57189220)|HEAP_ALLOCATE|[68]|Bytes:5
13:14:33.0 (57198484)|VARIABLE_ASSIGNMENT|[68]|success|true
13:14:33.0 (57213543)|HEAP_ALLOCATE|[53]|Bytes:5
13:14:33.0 (57227525)|HEAP_ALLOCATE|[53]|Bytes:36
13:14:33.0 (57235722)|VARIABLE_SCOPE_BEGIN|[53]|doc|MS_Imagenes_BlobS_WistonD__mdt|true|false
13:14:33.0 (57312754)|VARIABLE_ASSIGNMENT|[53]|doc|{"Micro_Servicio__c":"BlobStorage","Solicitud_Repetida__c":true,"Motivos_de_Pendiente__c":"7.0.- Comprobante de (238 more) ...","Id":"m0e3l000000GmbvAAC","MasterLabel":"Comprobante Domicili (3 more) ...","Archivo__c":"-ComprobanteDomicili (2 more) ...","Mostrar_siempre__c":false,"Espacio_al_inicio__c":false}|0x27fcb2b5
13:14:33.0 (57322444)|STATEMENT_EXECUTE|[53]
13:14:33.0 (57329738)|HEAP_ALLOCATE|[55]|Bytes:24
13:14:33.0 (57347141)|HEAP_ALLOCATE|[55]|Bytes:24
13:14:33.0 (57360968)|STATEMENT_EXECUTE|[55]
13:14:33.0 (57366909)|HEAP_ALLOCATE|[53]|Bytes:5
13:14:33.0 (57373741)|HEAP_ALLOCATE|[53]|Bytes:36
13:14:33.0 (57378064)|VARIABLE_SCOPE_BEGIN|[53]|doc|MS_Imagenes_BlobS_WistonD__mdt|true|false
13:14:33.0 (57422674)|VARIABLE_ASSIGNMENT|[53]|doc|{"Micro_Servicio__c":"BlobStorage","Solicitud_Repetida__c":true,"Motivos_de_Pendiente__c":"7.0.- Comprobante de (238 more) ...","Id":"m0e3l000000GmbwAAC","MasterLabel":"Comprobante Domicili (3 more) ...","Archivo__c":"-ComprobanteDomicili (2 more) ...","Mostrar_siempre__c":false,"Espacio_al_inicio__c":false}|0x1b99b540
13:14:33.0 (57430248)|STATEMENT_EXECUTE|[53]
13:14:33.0 (57433235)|HEAP_ALLOCATE|[55]|Bytes:24
13:14:33.0 (57442544)|HEAP_ALLOCATE|[55]|Bytes:24
13:14:33.0 (57453093)|STATEMENT_EXECUTE|[55]
13:14:33.0 (57458110)|HEAP_ALLOCATE|[53]|Bytes:5
13:14:33.0 (57464445)|HEAP_ALLOCATE|[53]|Bytes:36
13:14:33.0 (57468589)|VARIABLE_SCOPE_BEGIN|[53]|doc|MS_Imagenes_BlobS_WistonD__mdt|true|false
13:14:33.0 (57518006)|VARIABLE_ASSIGNMENT|[53]|doc|{"Micro_Servicio__c":"BlobStorage","Solicitud_Repetida__c":true,"Motivos_de_Pendiente__c":"7.0.- Comprobante de (238 more) ...","Id":"m0e3l000000GmbxAAC","MasterLabel":"Comprobante Domicili (3 more) ...","Archivo__c":"-ComprobanteDomicili (2 more) ...","Mostrar_siempre__c":false,"Espacio_al_inicio__c":false}|0x4b5b7c20
13:14:33.0 (57525303)|STATEMENT_EXECUTE|[53]
13:14:33.0 (57528240)|HEAP_ALLOCATE|[55]|Bytes:24
13:14:33.0 (57537001)|HEAP_ALLOCATE|[55]|Bytes:24
13:14:33.0 (57548690)|STATEMENT_EXECUTE|[55]
13:14:33.0 (57553892)|HEAP_ALLOCATE|[53]|Bytes:5
13:14:33.0 (57559919)|HEAP_ALLOCATE|[53]|Bytes:32
13:14:33.0 (57563740)|VARIABLE_SCOPE_BEGIN|[53]|doc|MS_Imagenes_BlobS_WistonD__mdt|true|false
13:14:33.0 (57600985)|VARIABLE_ASSIGNMENT|[53]|doc|{"Micro_Servicio__c":"WistonData","Solicitud_Repetida__c":false,"Id":"m0eRQ00000Ubr2ZYAR","MasterLabel":"Contrato Debito","Archivo__c":"17","Mostrar_siempre__c":true,"Espacio_al_inicio__c":false}|0x4cbeb778
13:14:33.0 (57607477)|STATEMENT_EXECUTE|[53]
13:14:33.0 (57610054)|HEAP_ALLOCATE|[55]|Bytes:24
13:14:33.0 (57618812)|HEAP_ALLOCATE|[55]|Bytes:24
13:14:33.0 (57631440)|STATEMENT_EXECUTE|[55]
13:14:33.0 (57632670)|STATEMENT_EXECUTE|[57]
13:14:33.0 (57641989)|HEAP_ALLOCATE|[57]|Bytes:4
13:14:33.0 (57647564)|VARIABLE_SCOPE_BEGIN|[57]|mapDocumentos|Map<String,ANY>|true|false
13:14:33.0 (57661853)|VARIABLE_ASSIGNMENT|[57]|mapDocumentos|{}|0x199c9e34
13:14:33.0 (57666826)|STATEMENT_EXECUTE|[59]
13:14:33.0 (57677964)|HEAP_ALLOCATE|[EXTERNAL]|Bytes:-4
13:14:33.0 (57683256)|STATEMENT_EXECUTE|[60]
13:14:33.0 (57690219)|HEAP_ALLOCATE|[EXTERNAL]|Bytes:-4
13:14:33.0 (57694471)|STATEMENT_EXECUTE|[61]
13:14:33.0 (57700353)|HEAP_ALLOCATE|[EXTERNAL]|Bytes:-4
13:14:33.0 (57704471)|STATEMENT_EXECUTE|[62]
13:14:33.0 (57710229)|HEAP_ALLOCATE|[EXTERNAL]|Bytes:-4
13:14:33.0 (57714392)|STATEMENT_EXECUTE|[63]
13:14:33.0 (57722844)|HEAP_ALLOCATE|[EXTERNAL]|Bytes:-4
13:14:33.0 (57729544)|STATEMENT_EXECUTE|[64]
13:14:33.0 (57736593)|HEAP_ALLOCATE|[EXTERNAL]|Bytes:-4
13:14:33.0 (57740729)|STATEMENT_EXECUTE|[65]
13:14:33.0 (57747457)|HEAP_ALLOCATE|[EXTERNAL]|Bytes:-4
13:14:33.0 (57751251)|STATEMENT_EXECUTE|[67]
13:14:33.0 (57758538)|HEAP_ALLOCATE|[EXTERNAL]|Bytes:4
13:14:33.0 (57763690)|STATEMENT_EXECUTE|[68]
13:14:33.0 (57765990)|HEAP_ALLOCATE|[68]|Bytes:5
13:14:33.0 (57771211)|VARIABLE_ASSIGNMENT|[68]|success|true
13:14:33.0 (57784970)|HEAP_ALLOCATE|[53]|Bytes:5
13:14:33.0 (57791478)|HEAP_ALLOCATE|[53]|Bytes:32
13:14:33.0 (57795503)|VARIABLE_SCOPE_BEGIN|[53]|doc|MS_Imagenes_BlobS_WistonD__mdt|true|false
13:14:33.0 (57833713)|VARIABLE_ASSIGNMENT|[53]|doc|{"Micro_Servicio__c":"WistonData","Solicitud_Repetida__c":false,"Id":"m0eRQ00000Ubr2aYAB","MasterLabel":"Fatca Debito","Archivo__c":"18","Mostrar_siempre__c":true,"Espacio_al_inicio__c":false}|0xe15dd40
13:14:33.0 (57839693)|STATEMENT_EXECUTE|[53]
13:14:33.0 (57843257)|HEAP_ALLOCATE|[55]|Bytes:24
13:14:33.0 (57854386)|HEAP_ALLOCATE|[55]|Bytes:24
13:14:33.0 (57866265)|STATEMENT_EXECUTE|[55]
13:14:33.0 (57867589)|STATEMENT_EXECUTE|[57]
13:14:33.0 (57873756)|HEAP_ALLOCATE|[57]|Bytes:4
13:14:33.0 (57877898)|VARIABLE_SCOPE_BEGIN|[57]|mapDocumentos|Map<String,ANY>|true|false
13:14:33.0 (57887995)|VARIABLE_ASSIGNMENT|[57]|mapDocumentos|{}|0x7046231
13:14:33.0 (57892584)|STATEMENT_EXECUTE|[59]
13:14:33.0 (57899230)|HEAP_ALLOCATE|[EXTERNAL]|Bytes:-4
13:14:33.0 (57903710)|STATEMENT_EXECUTE|[60]
13:14:33.0 (57909615)|HEAP_ALLOCATE|[EXTERNAL]|Bytes:-4
13:14:33.0 (57913930)|STATEMENT_EXECUTE|[61]
13:14:33.0 (57918966)|HEAP_ALLOCATE|[EXTERNAL]|Bytes:-4
13:14:33.0 (57922987)|STATEMENT_EXECUTE|[62]
13:14:33.0 (57927211)|HEAP_ALLOCATE|[EXTERNAL]|Bytes:-4
13:14:33.0 (57931216)|STATEMENT_EXECUTE|[63]
13:14:33.0 (57936505)|HEAP_ALLOCATE|[EXTERNAL]|Bytes:-4
13:14:33.0 (57940641)|STATEMENT_EXECUTE|[64]
13:14:33.0 (57945394)|HEAP_ALLOCATE|[EXTERNAL]|Bytes:-4
13:14:33.0 (57949206)|STATEMENT_EXECUTE|[65]
13:14:33.0 (57954324)|HEAP_ALLOCATE|[EXTERNAL]|Bytes:-4
13:14:33.0 (57958315)|STATEMENT_EXECUTE|[67]
13:14:33.0 (57961945)|HEAP_ALLOCATE|[EXTERNAL]|Bytes:4
13:14:33.0 (57966151)|STATEMENT_EXECUTE|[68]
13:14:33.0 (57968601)|HEAP_ALLOCATE|[68]|Bytes:5
13:14:33.0 (57973142)|VARIABLE_ASSIGNMENT|[68]|success|true
13:14:33.0 (57980492)|HEAP_ALLOCATE|[53]|Bytes:5
13:14:33.0 (57986847)|HEAP_ALLOCATE|[53]|Bytes:32
13:14:33.0 (57991360)|VARIABLE_SCOPE_BEGIN|[53]|doc|MS_Imagenes_BlobS_WistonD__mdt|true|false
13:14:33.0 (58029086)|VARIABLE_ASSIGNMENT|[53]|doc|{"Micro_Servicio__c":"BlobStorage","Solicitud_Repetida__c":false,"Id":"m0e3l000000GmbyAAC","MasterLabel":"Foto Cliente","Archivo__c":"-Foto","Mostrar_siempre__c":true,"Espacio_al_inicio__c":false}|0x58705a77
13:14:33.0 (58041302)|STATEMENT_EXECUTE|[53]
13:14:33.0 (58044182)|HEAP_ALLOCATE|[55]|Bytes:24
13:14:33.0 (58053035)|HEAP_ALLOCATE|[55]|Bytes:24
13:14:33.0 (58063597)|STATEMENT_EXECUTE|[55]
13:14:33.0 (58068808)|HEAP_ALLOCATE|[53]|Bytes:5
13:14:33.0 (58074591)|HEAP_ALLOCATE|[53]|Bytes:36
13:14:33.0 (58078722)|VARIABLE_SCOPE_BEGIN|[53]|doc|MS_Imagenes_BlobS_WistonD__mdt|true|false
13:14:33.0 (58119136)|VARIABLE_ASSIGNMENT|[53]|doc|{"Micro_Servicio__c":"BlobStorage","Solicitud_Repetida__c":true,"Motivos_de_Pendiente__c":"24.0.-Gafete Frontal","Id":"m0e3l000000GmbzAAC","MasterLabel":"Gafete Frontal","Archivo__c":"-GafeteFrontal","Mostrar_siempre__c":false,"Espacio_al_inicio__c":false}|0x48da9725
13:14:33.0 (58125826)|STATEMENT_EXECUTE|[53]
13:14:33.0 (58128595)|HEAP_ALLOCATE|[55]|Bytes:24
13:14:33.0 (58136940)|HEAP_ALLOCATE|[55]|Bytes:24
13:14:33.0 (58146584)|STATEMENT_EXECUTE|[55]
13:14:33.0 (58151065)|HEAP_ALLOCATE|[53]|Bytes:5
13:14:33.0 (58157040)|HEAP_ALLOCATE|[53]|Bytes:36
13:14:33.0 (58160822)|VARIABLE_SCOPE_BEGIN|[53]|doc|MS_Imagenes_BlobS_WistonD__mdt|true|false
13:14:33.0 (58200003)|VARIABLE_ASSIGNMENT|[53]|doc|{"Micro_Servicio__c":"BlobStorage","Solicitud_Repetida__c":true,"Motivos_de_Pendiente__c":"24.1.-Gafete Reverso","Id":"m0e3l000000Gmc0AAC","MasterLabel":"Gafete Reverso","Archivo__c":"-GafeteReverso","Mostrar_siempre__c":false,"Espacio_al_inicio__c":false}|0x71e6ec31
13:14:33.0 (58206594)|STATEMENT_EXECUTE|[53]
13:14:33.0 (58209798)|HEAP_ALLOCATE|[55]|Bytes:24
13:14:33.0 (58218075)|HEAP_ALLOCATE|[55]|Bytes:24
13:14:33.0 (58227686)|STATEMENT_EXECUTE|[55]
13:14:33.0 (58232264)|HEAP_ALLOCATE|[53]|Bytes:5
13:14:33.0 (58238405)|HEAP_ALLOCATE|[53]|Bytes:32
13:14:33.0 (58242301)|VARIABLE_SCOPE_BEGIN|[53]|doc|MS_Imagenes_BlobS_WistonD__mdt|true|false
13:14:33.0 (58281636)|VARIABLE_ASSIGNMENT|[53]|doc|{"Micro_Servicio__c":"BlobStorage","Solicitud_Repetida__c":false,"Id":"m0e3l000000Gmc1AAC","MasterLabel":"INE Frontal","Archivo__c":"-INEFrontal","Mostrar_siempre__c":true,"Espacio_al_inicio__c":false}|0x51b9c090
13:14:33.0 (58287761)|STATEMENT_EXECUTE|[53]
13:14:33.0 (58290375)|HEAP_ALLOCATE|[55]|Bytes:24
13:14:33.0 (58298586)|HEAP_ALLOCATE|[55]|Bytes:24
13:14:33.0 (58308481)|STATEMENT_EXECUTE|[55]
13:14:33.0 (58313170)|HEAP_ALLOCATE|[53]|Bytes:5
13:14:33.0 (58318749)|HEAP_ALLOCATE|[53]|Bytes:32
13:14:33.0 (58322605)|VARIABLE_SCOPE_BEGIN|[53]|doc|MS_Imagenes_BlobS_WistonD__mdt|true|false
13:14:33.0 (58356156)|VARIABLE_ASSIGNMENT|[53]|doc|{"Micro_Servicio__c":"BlobStorage","Solicitud_Repetida__c":false,"Id":"m0e3l000000Gmc2AAC","MasterLabel":"INE Reverso","Archivo__c":"-INEReverso","Mostrar_siempre__c":true,"Espacio_al_inicio__c":false}|0xbc09b32
13:14:33.0 (58362159)|STATEMENT_EXECUTE|[53]
13:14:33.0 (58364976)|HEAP_ALLOCATE|[55]|Bytes:24
13:14:33.0 (58372840)|HEAP_ALLOCATE|[55]|Bytes:24
13:14:33.0 (58382171)|STATEMENT_EXECUTE|[55]
13:14:33.0 (58386581)|HEAP_ALLOCATE|[53]|Bytes:5
13:14:33.0 (58392422)|HEAP_ALLOCATE|[53]|Bytes:32
13:14:33.0 (58396142)|VARIABLE_SCOPE_BEGIN|[53]|doc|MS_Imagenes_BlobS_WistonD__mdt|true|false
13:14:33.0 (58429728)|VARIABLE_ASSIGNMENT|[53]|doc|{"Micro_Servicio__c":"WistonData","Solicitud_Repetida__c":false,"Id":"m0e3l000000Gmc3AAC","MasterLabel":"Pre Solicitud","Archivo__c":"01","Mostrar_siempre__c":true,"Espacio_al_inicio__c":false}|0x173f46d0
13:14:33.0 (58435682)|STATEMENT_EXECUTE|[53]
13:14:33.0 (58438206)|HEAP_ALLOCATE|[55]|Bytes:24
13:14:33.0 (58446117)|HEAP_ALLOCATE|[55]|Bytes:24
13:14:33.0 (58458397)|STATEMENT_EXECUTE|[55]
13:14:33.0 (58459760)|STATEMENT_EXECUTE|[57]
13:14:33.0 (58466432)|HEAP_ALLOCATE|[57]|Bytes:4
13:14:33.0 (58471442)|VARIABLE_SCOPE_BEGIN|[57]|mapDocumentos|Map<String,ANY>|true|false
13:14:33.0 (58486401)|VARIABLE_ASSIGNMENT|[57]|mapDocumentos|{}|0x52793d27
13:14:33.0 (58491046)|STATEMENT_EXECUTE|[59]
13:14:33.0 (58498943)|HEAP_ALLOCATE|[EXTERNAL]|Bytes:-4
13:14:33.0 (58503619)|STATEMENT_EXECUTE|[60]
13:14:33.0 (58509235)|HEAP_ALLOCATE|[EXTERNAL]|Bytes:-4
13:14:33.0 (58513232)|STATEMENT_EXECUTE|[61]
13:14:33.0 (58519041)|HEAP_ALLOCATE|[EXTERNAL]|Bytes:-4
13:14:33.0 (58523078)|STATEMENT_EXECUTE|[62]
13:14:33.0 (58548180)|HEAP_ALLOCATE|[EXTERNAL]|Bytes:-4
13:14:33.0 (58552957)|STATEMENT_EXECUTE|[63]
13:14:33.0 (58560583)|HEAP_ALLOCATE|[EXTERNAL]|Bytes:-4
13:14:33.0 (58564615)|STATEMENT_EXECUTE|[64]
13:14:33.0 (58570652)|HEAP_ALLOCATE|[EXTERNAL]|Bytes:-4
13:14:33.0 (58574879)|STATEMENT_EXECUTE|[65]
13:14:33.0 (58580275)|HEAP_ALLOCATE|[EXTERNAL]|Bytes:-4
13:14:33.0 (58584327)|STATEMENT_EXECUTE|[67]
13:14:33.0 (58589831)|HEAP_ALLOCATE|[EXTERNAL]|Bytes:4
13:14:33.0 (58594661)|STATEMENT_EXECUTE|[68]
13:14:33.0 (58597150)|HEAP_ALLOCATE|[68]|Bytes:5
13:14:33.0 (58602455)|VARIABLE_ASSIGNMENT|[68]|success|true
13:14:33.0 (58610415)|HEAP_ALLOCATE|[53]|Bytes:5
13:14:33.0 (58617410)|HEAP_ALLOCATE|[53]|Bytes:32
13:14:33.0 (58621502)|VARIABLE_SCOPE_BEGIN|[53]|doc|MS_Imagenes_BlobS_WistonD__mdt|true|false
13:14:33.0 (58662770)|VARIABLE_ASSIGNMENT|[53]|doc|{"Micro_Servicio__c":"WistonData","Solicitud_Repetida__c":false,"Id":"m0e3l000000Gmc4AAC","MasterLabel":"Solicitud","Archivo__c":"02","Mostrar_siempre__c":true,"Espacio_al_inicio__c":false}|0x51feb762
13:14:33.0 (58669474)|STATEMENT_EXECUTE|[53]
13:14:33.0 (58672485)|HEAP_ALLOCATE|[55]|Bytes:24
13:14:33.0 (58681650)|HEAP_ALLOCATE|[55]|Bytes:24
13:14:33.0 (58693062)|STATEMENT_EXECUTE|[55]
13:14:33.0 (58694553)|STATEMENT_EXECUTE|[57]
13:14:33.0 (58700084)|HEAP_ALLOCATE|[57]|Bytes:4
13:14:33.0 (58704147)|VARIABLE_SCOPE_BEGIN|[57]|mapDocumentos|Map<String,ANY>|true|false
13:14:33.0 (58713708)|VARIABLE_ASSIGNMENT|[57]|mapDocumentos|{}|0x10f550d1
13:14:33.0 (58718399)|STATEMENT_EXECUTE|[59]
13:14:33.0 (58724458)|HEAP_ALLOCATE|[EXTERNAL]|Bytes:-4
13:14:33.0 (58728847)|STATEMENT_EXECUTE|[60]
13:14:33.0 (58733916)|HEAP_ALLOCATE|[EXTERNAL]|Bytes:-4
13:14:33.0 (58737898)|STATEMENT_EXECUTE|[61]
13:14:33.0 (58742966)|HEAP_ALLOCATE|[EXTERNAL]|Bytes:-4
13:14:33.0 (58746992)|STATEMENT_EXECUTE|[62]
13:14:33.0 (58751006)|HEAP_ALLOCATE|[EXTERNAL]|Bytes:-4
13:14:33.0 (58760636)|STATEMENT_EXECUTE|[63]
13:14:33.0 (58766285)|HEAP_ALLOCATE|[EXTERNAL]|Bytes:-4
13:14:33.0 (58770257)|STATEMENT_EXECUTE|[64]
13:14:33.0 (58775199)|HEAP_ALLOCATE|[EXTERNAL]|Bytes:-4
13:14:33.0 (58779141)|STATEMENT_EXECUTE|[65]
13:14:33.0 (58783968)|HEAP_ALLOCATE|[EXTERNAL]|Bytes:-4
13:14:33.0 (58787873)|STATEMENT_EXECUTE|[67]
13:14:33.0 (58791553)|HEAP_ALLOCATE|[EXTERNAL]|Bytes:4
13:14:33.0 (58795897)|STATEMENT_EXECUTE|[68]
13:14:33.0 (58798368)|HEAP_ALLOCATE|[68]|Bytes:5
13:14:33.0 (58802569)|VARIABLE_ASSIGNMENT|[68]|success|true
13:14:33.0 (58809442)|HEAP_ALLOCATE|[53]|Bytes:5
13:14:33.0 (58816584)|HEAP_ALLOCATE|[53]|Bytes:32
13:14:33.0 (58820707)|VARIABLE_SCOPE_BEGIN|[53]|doc|MS_Imagenes_BlobS_WistonD__mdt|true|false
13:14:33.0 (58858113)|VARIABLE_ASSIGNMENT|[53]|doc|{"Micro_Servicio__c":"WistonData","Solicitud_Repetida__c":false,"Id":"m0eRQ00000Ubr2bYAB","MasterLabel":"Solicitud Debito","Archivo__c":"15","Mostrar_siempre__c":true,"Espacio_al_inicio__c":false}|0x4e5c508d
13:14:33.0 (58864751)|STATEMENT_EXECUTE|[53]
13:14:33.0 (58867857)|HEAP_ALLOCATE|[55]|Bytes:24
13:14:33.0 (58876858)|HEAP_ALLOCATE|[55]|Bytes:24
13:14:33.0 (58888282)|STATEMENT_EXECUTE|[55]
13:14:33.0 (58889422)|STATEMENT_EXECUTE|[57]
13:14:33.0 (58894181)|HEAP_ALLOCATE|[57]|Bytes:4
13:14:33.0 (58898145)|VARIABLE_SCOPE_BEGIN|[57]|mapDocumentos|Map<String,ANY>|true|false
13:14:33.0 (58907105)|VARIABLE_ASSIGNMENT|[57]|mapDocumentos|{}|0x6de511c5
13:14:33.0 (58911807)|STATEMENT_EXECUTE|[59]
13:14:33.0 (58918116)|HEAP_ALLOCATE|[EXTERNAL]|Bytes:-4
13:14:33.0 (58922667)|STATEMENT_EXECUTE|[60]
13:14:33.0 (58928397)|HEAP_ALLOCATE|[EXTERNAL]|Bytes:-4
13:14:33.0 (58932502)|STATEMENT_EXECUTE|[61]
13:14:33.0 (58937488)|HEAP_ALLOCATE|[EXTERNAL]|Bytes:-4
13:14:33.0 (58941503)|STATEMENT_EXECUTE|[62]
13:14:33.0 (58945688)|HEAP_ALLOCATE|[EXTERNAL]|Bytes:-4
13:14:33.0 (58949623)|STATEMENT_EXECUTE|[63]
13:14:33.0 (58954851)|HEAP_ALLOCATE|[EXTERNAL]|Bytes:-4
13:14:33.0 (58958938)|STATEMENT_EXECUTE|[64]
13:14:33.0 (58964238)|HEAP_ALLOCATE|[EXTERNAL]|Bytes:-4
13:14:33.0 (58968325)|STATEMENT_EXECUTE|[65]
13:14:33.0 (58973027)|HEAP_ALLOCATE|[EXTERNAL]|Bytes:-4
13:14:33.0 (58976898)|STATEMENT_EXECUTE|[67]
13:14:33.0 (58980244)|HEAP_ALLOCATE|[EXTERNAL]|Bytes:4
13:14:33.0 (58984609)|STATEMENT_EXECUTE|[68]
13:14:33.0 (58986882)|HEAP_ALLOCATE|[68]|Bytes:5
13:14:33.0 (58991476)|VARIABLE_ASSIGNMENT|[68]|success|true
13:14:33.0 (58998522)|HEAP_ALLOCATE|[53]|Bytes:5
13:14:33.0 (59010071)|HEAP_ALLOCATE|[53]|Bytes:36
13:14:33.0 (59014778)|VARIABLE_SCOPE_BEGIN|[53]|doc|MS_Imagenes_BlobS_WistonD__mdt|true|false
13:14:33.0 (59058163)|VARIABLE_ASSIGNMENT|[53]|doc|{"Micro_Servicio__c":"BlobStorage","Solicitud_Repetida__c":true,"Motivos_de_Pendiente__c":"1.0.- Solicitud - No (139 more) ...","Id":"m0e3l000000PAwtAAG","MasterLabel":"Solicitud Manual","Archivo__c":"-Solicitud","Mostrar_siempre__c":false,"Espacio_al_inicio__c":false}|0x414a5b7f
13:14:33.0 (59065365)|STATEMENT_EXECUTE|[53]
13:14:33.0 (59068496)|HEAP_ALLOCATE|[55]|Bytes:24
13:14:33.0 (59077403)|HEAP_ALLOCATE|[55]|Bytes:24
13:14:33.0 (59087578)|STATEMENT_EXECUTE|[55]
13:14:33.0 (59092478)|HEAP_ALLOCATE|[53]|Bytes:5
13:14:33.0 (59099580)|HEAP_ALLOCATE|[53]|Bytes:36
13:14:33.0 (59103640)|VARIABLE_SCOPE_BEGIN|[53]|doc|MS_Imagenes_BlobS_WistonD__mdt|true|false
13:14:33.0 (59143482)|VARIABLE_ASSIGNMENT|[53]|doc|{"Micro_Servicio__c":"BlobStorage","Solicitud_Repetida__c":true,"Motivos_de_Pendiente__c":"26.0.- Anexar Imagen (32 more) ...","Id":"m0e3l000000Gmc5AAC","MasterLabel":"Tarjeta de Recompens (2 more) ...","Archivo__c":"-TarjetaRecompensas","Mostrar_siempre__c":false,"Espacio_al_inicio__c":false}|0x2c2e8c40
13:14:33.0 (59150854)|STATEMENT_EXECUTE|[53]
13:14:33.0 (59153764)|HEAP_ALLOCATE|[55]|Bytes:24
13:14:33.0 (59162243)|HEAP_ALLOCATE|[55]|Bytes:24
13:14:33.0 (59171979)|STATEMENT_EXECUTE|[55]
13:14:33.0 (59176636)|HEAP_ALLOCATE|[53]|Bytes:5
13:14:33.0 (59185582)|VARIABLE_ASSIGNMENT|[53]|doc|null|
13:14:33.0 (59190701)|STATEMENT_EXECUTE|[72]
13:14:33.0 (59193865)|HEAP_ALLOCATE|[72]|Bytes:7
13:14:33.0 (59237308)|HEAP_ALLOCATE|[72]|Bytes:5
13:14:33.0 (59241567)|HEAP_ALLOCATE|[EXTERNAL]|Bytes:-4
13:14:33.0 (59246520)|STATEMENT_EXECUTE|[73]
13:14:33.0 (59248424)|HEAP_ALLOCATE|[73]|Bytes:17
13:14:33.0 (59262424)|HEAP_ALLOCATE|[EXTERNAL]|Bytes:-4
13:14:33.0 (59266832)|STATEMENT_EXECUTE|[75]
13:14:33.59 (59385872)|CUMULATIVE_LIMIT_USAGE
13:14:33.59 (59385872)|LIMIT_USAGE_FOR_NS|(default)|
  Number of SOQL queries: 2 out of 100
  Number of query rows: 17 out of 50000
  Number of SOSL queries: 0 out of 20
  Number of DML statements: 0 out of 150
  Number of Publish Immediate DML: 0 out of 150
  Number of DML rows: 0 out of 10000
  Maximum CPU time: 0 out of 10000
  Maximum heap size: 0 out of 6000000
  Number of callouts: 0 out of 100
  Number of Email Invocations: 0 out of 10
  Number of future calls: 0 out of 50
  Number of queueable jobs added to the queue: 0 out of 50
  Number of Mobile Apex push calls: 0 out of 10

13:14:33.59 (59385872)|CUMULATIVE_LIMIT_USAGE_END

13:14:33.0 (59534790)|CODE_UNIT_FINISHED|MicroServicioObtenerImagenesBO.obtenerListaImagenesWS(String)
13:14:33.0 (59958778)|CODE_UNIT_FINISHED|apex://MicroServicioObtenerImagenesBO/ACTION$obtenerListaImagenesWS
13:14:33.0 (59986557)|EXECUTION_FINISHED
