66.0 APEX_CODE,FINEST;APEX_PROFILING,INFO;CALLOUT,INFO;DATA_ACCESS,INFO;DB,INFO;NBA,INFO;SYSTEM,DEBUG;VALIDATION,INFO;VISUALFORCE,INFO;WAVE,INFO;WORKFLOW,INFO
14:52:07.0 (135809)|USER_INFO|[EXTERNAL]|0051N000005gvau|etrevinofalabella@izeicg.com.uat|(GMT-06:00) Central Standard Time (America/Mexico_City)|GMT-06:00
14:52:07.0 (170554)|EXECUTION_STARTED
14:52:07.0 (179811)|CODE_UNIT_STARTED|[EXTERNAL]|apex://AuthenticateCustomerController/ACTION$getCaseRecordTypesByName
14:52:07.0 (1140425)|CODE_UNIT_STARTED|[EXTERNAL]|01p1N00000DazLB|AuthenticateCustomerController.getCaseRecordTypesByName()
14:52:07.0 (1292375)|HEAP_ALLOCATE|[95]|Bytes:3
14:52:07.0 (1365203)|HEAP_ALLOCATE|[100]|Bytes:152
14:52:07.0 (1380636)|HEAP_ALLOCATE|[417]|Bytes:408
14:52:07.0 (1393326)|HEAP_ALLOCATE|[430]|Bytes:408
14:52:07.0 (1414533)|HEAP_ALLOCATE|[317]|Bytes:6
14:52:07.0 (1430992)|VARIABLE_SCOPE_BEGIN|[19]|AuthenticateCustomerController.BE|String|false|true
14:52:07.0 (1468244)|HEAP_ALLOCATE|[EXTERNAL]|Bytes:13
14:52:07.0 (1471139)|HEAP_ALLOCATE|[EXTERNAL]|Bytes:70
14:52:07.0 (1472871)|HEAP_ALLOCATE|[EXTERNAL]|Bytes:88
14:52:07.0 (1475288)|HEAP_ALLOCATE|[EXTERNAL]|Bytes:2
14:52:07.0 (1521613)|VARIABLE_ASSIGNMENT|[EXTERNAL]|AuthenticateCustomerController.BE|"BE"
14:52:07.0 (1531255)|METHOD_ENTRY|[17]|01p1N00000DazLB|AuthenticateCustomerController.AuthenticateCustomerController()
14:52:07.0 (1536901)|STATEMENT_EXECUTE|[17]
14:52:07.0 (1543028)|STATEMENT_EXECUTE|[17]
14:52:07.0 (1559597)|HEAP_ALLOCATE|[68]|Bytes:5
14:52:07.0 (1580930)|HEAP_ALLOCATE|[74]|Bytes:5
14:52:07.0 (1587219)|HEAP_ALLOCATE|[82]|Bytes:7
14:52:07.0 (1607608)|HEAP_ALLOCATE|[EXTERNAL]|Bytes:5
14:52:07.0 (1612051)|STATEMENT_EXECUTE|[21]
14:52:07.0 (1618078)|METHOD_EXIT|[17]|AuthenticateCustomerController
14:52:07.0 (1626557)|HEAP_ALLOCATE|[271]|Bytes:5
14:52:07.0 (1629348)|STATEMENT_EXECUTE|[269]
14:52:07.0 (1630587)|STATEMENT_EXECUTE|[271]
14:52:07.0 (1642537)|HEAP_ALLOCATE|[271]|Bytes:4
14:52:07.0 (1651844)|VARIABLE_SCOPE_BEGIN|[271]|result|Map<String,String>|true|false
14:52:07.0 (1673401)|VARIABLE_ASSIGNMENT|[271]|result|{}|0x3822ede2
14:52:07.0 (1676875)|STATEMENT_EXECUTE|[273]
14:52:07.0 (1678370)|HEAP_ALLOCATE|[273]|Bytes:4
14:52:07.0 (1790536)|HEAP_ALLOCATE|[273]|Bytes:4
14:52:07.0 (1798828)|VARIABLE_SCOPE_BEGIN|[273]|d|Schema.DescribeSObjectResult|true|false
14:52:07.0 (1957652)|VARIABLE_ASSIGNMENT|[273]|d|"common.api.soap.wsdl.DescribeSObjectResult@af42dc55"|0x694390c5
14:52:07.0 (1962619)|STATEMENT_EXECUTE|[274]
14:52:07.0 (3052421)|HEAP_ALLOCATE|[274]|Bytes:412
14:52:07.0 (3070230)|VARIABLE_SCOPE_BEGIN|[274]|rtMapByName|Map<String,Schema.RecordTypeInfo>|true|false
14:52:07.0 (3086330)|VARIABLE_ASSIGNMENT|[274]|rtMapByName|"Map of size 102 too large to display"|0x6dc9df87
14:52:07.0 (3122469)|HEAP_ALLOCATE|[276]|Bytes:4
14:52:07.0 (3226647)|HEAP_ALLOCATE|[276]|Bytes:2582
14:52:07.0 (3245878)|HEAP_ALLOCATE|[276]|Bytes:408
14:52:07.0 (3283801)|HEAP_ALLOCATE|[276]|Bytes:5
14:52:07.0 (3297729)|VARIABLE_SCOPE_BEGIN|[276]|key|String|false|false
14:52:07.0 (3306090)|VARIABLE_ASSIGNMENT|[276]|key|"APP"
14:52:07.0 (3310216)|STATEMENT_EXECUTE|[276]
14:52:07.0 (3311276)|STATEMENT_EXECUTE|[278]
14:52:07.0 (3346972)|VARIABLE_SCOPE_BEGIN|[278]|info|Schema.RecordTypeInfo|true|false
14:52:07.0 (3416495)|VARIABLE_ASSIGNMENT|[278]|info|"common.api.soap.wsdl.RecordTypeInfo@f219f932"|0x1998c681
14:52:07.0 (3420685)|STATEMENT_EXECUTE|[279]
14:52:07.0 (3436055)|HEAP_ALLOCATE|[279]|Bytes:4
14:52:07.0 (3470719)|HEAP_ALLOCATE|[EXTERNAL]|Bytes:-4
14:52:07.0 (3479517)|HEAP_ALLOCATE|[276]|Bytes:5
14:52:07.0 (3485250)|VARIABLE_SCOPE_BEGIN|[276]|key|String|false|false
14:52:07.0 (3490657)|VARIABLE_ASSIGNMENT|[276]|key|"Abono de Puntos"
14:52:07.0 (3493116)|STATEMENT_EXECUTE|[276]
14:52:07.0 (3493998)|STATEMENT_EXECUTE|[278]
14:52:07.0 (3499978)|VARIABLE_SCOPE_BEGIN|[278]|info|Schema.RecordTypeInfo|true|false
14:52:07.0 (3522151)|VARIABLE_ASSIGNMENT|[278]|info|"common.api.soap.wsdl.RecordTypeInfo@bae8d6e2"|0x6c28b8cf
14:52:07.0 (3525448)|STATEMENT_EXECUTE|[279]
14:52:07.0 (3528292)|HEAP_ALLOCATE|[279]|Bytes:4
14:52:07.0 (3534431)|HEAP_ALLOCATE|[EXTERNAL]|Bytes:-4
14:52:07.0 (3539772)|HEAP_ALLOCATE|[276]|Bytes:5
14:52:07.0 (3544363)|VARIABLE_SCOPE_BEGIN|[276]|key|String|false|false
14:52:07.0 (3550457)|VARIABLE_ASSIGNMENT|[276]|key|"Abono de Puntos (Mód (4 more) ..."
14:52:07.0 (3554061)|STATEMENT_EXECUTE|[276]
14:52:07.0 (3554931)|STATEMENT_EXECUTE|[278]
14:52:07.0 (3559603)|VARIABLE_SCOPE_BEGIN|[278]|info|Schema.RecordTypeInfo|true|false
14:52:07.0 (3578213)|VARIABLE_ASSIGNMENT|[278]|info|"common.api.soap.wsdl.RecordTypeInfo@a9df86c5"|0x4f3e672a
14:52:07.0 (3581433)|STATEMENT_EXECUTE|[279]
14:52:07.0 (3583722)|HEAP_ALLOCATE|[279]|Bytes:4
14:52:07.0 (3589341)|HEAP_ALLOCATE|[EXTERNAL]|Bytes:-4
14:52:07.0 (3594699)|HEAP_ALLOCATE|[276]|Bytes:5
14:52:07.0 (3598802)|VARIABLE_SCOPE_BEGIN|[276]|key|String|false|false
14:52:07.0 (3603547)|VARIABLE_ASSIGNMENT|[276]|key|"Activación de NIP"
14:52:07.0 (3606107)|STATEMENT_EXECUTE|[276]
14:52:07.0 (3607020)|STATEMENT_EXECUTE|[278]
14:52:07.0 (3611328)|VARIABLE_SCOPE_BEGIN|[278]|info|Schema.RecordTypeInfo|true|false
14:52:07.0 (3628931)|VARIABLE_ASSIGNMENT|[278]|info|"common.api.soap.wsdl.RecordTypeInfo@5e312afc"|0x2a23fe74
14:52:07.0 (3631872)|STATEMENT_EXECUTE|[279]
14:52:07.0 (3633964)|HEAP_ALLOCATE|[279]|Bytes:4
14:52:07.0 (3639026)|HEAP_ALLOCATE|[EXTERNAL]|Bytes:-4
14:52:07.0 (3644231)|HEAP_ALLOCATE|[276]|Bytes:5
14:52:07.0 (3650909)|VARIABLE_SCOPE_BEGIN|[276]|key|String|false|false
14:52:07.0 (3658636)|VARIABLE_ASSIGNMENT|[276]|key|"Activación de Tarjet (1 more) ..."
14:52:07.0 (3662562)|STATEMENT_EXECUTE|[276]
14:52:07.0 (3663752)|STATEMENT_EXECUTE|[278]
14:52:07.0 (3668624)|VARIABLE_SCOPE_BEGIN|[278]|info|Schema.RecordTypeInfo|true|false
14:52:07.0 (3687402)|VARIABLE_ASSIGNMENT|[278]|info|"common.api.soap.wsdl.RecordTypeInfo@d9f39a17"|0x7550997f
14:52:07.0 (3690623)|STATEMENT_EXECUTE|[279]
14:52:07.0 (3693043)|HEAP_ALLOCATE|[279]|Bytes:4
14:52:07.0 (3698426)|HEAP_ALLOCATE|[EXTERNAL]|Bytes:-4
14:52:07.0 (3703642)|HEAP_ALLOCATE|[276]|Bytes:5
14:52:07.0 (3707760)|VARIABLE_SCOPE_BEGIN|[276]|key|String|false|false
14:52:07.0 (3712411)|VARIABLE_ASSIGNMENT|[276]|key|"Actualización Buró"
14:52:07.0 (3715010)|STATEMENT_EXECUTE|[276]
14:52:07.0 (3715862)|STATEMENT_EXECUTE|[278]
14:52:07.0 (3720180)|VARIABLE_SCOPE_BEGIN|[278]|info|Schema.RecordTypeInfo|true|false
14:52:07.0 (3737601)|VARIABLE_ASSIGNMENT|[278]|info|"common.api.soap.wsdl.RecordTypeInfo@7b9f67bd"|0x5c97a9da
14:52:07.0 (3740596)|STATEMENT_EXECUTE|[279]
14:52:07.0 (3742644)|HEAP_ALLOCATE|[279]|Bytes:4
14:52:07.0 (3747756)|HEAP_ALLOCATE|[EXTERNAL]|Bytes:-4
14:52:07.0 (3752703)|HEAP_ALLOCATE|[276]|Bytes:5
14:52:07.0 (3756630)|VARIABLE_SCOPE_BEGIN|[276]|key|String|false|false
14:52:07.0 (3761473)|VARIABLE_ASSIGNMENT|[276]|key|"Actualización Correo (9 more) ..."
14:52:07.0 (3764011)|STATEMENT_EXECUTE|[276]
14:52:07.0 (3765106)|STATEMENT_EXECUTE|[278]
14:52:07.0 (3769533)|VARIABLE_SCOPE_BEGIN|[278]|info|Schema.RecordTypeInfo|true|false
14:52:07.0 (3787017)|VARIABLE_ASSIGNMENT|[278]|info|"common.api.soap.wsdl.RecordTypeInfo@aeecf39c"|0x602c8255
14:52:07.0 (3790041)|STATEMENT_EXECUTE|[279]
14:52:07.0 (3792078)|HEAP_ALLOCATE|[279]|Bytes:4
14:52:07.0 (3797186)|HEAP_ALLOCATE|[EXTERNAL]|Bytes:-4
14:52:07.0 (3802112)|HEAP_ALLOCATE|[276]|Bytes:5
14:52:07.0 (3805981)|VARIABLE_SCOPE_BEGIN|[276]|key|String|false|false
14:52:07.0 (3810895)|VARIABLE_ASSIGNMENT|[276]|key|"Actualización Domici (12 more) ..."
14:52:07.0 (3813328)|STATEMENT_EXECUTE|[276]
14:52:07.0 (3814192)|STATEMENT_EXECUTE|[278]
14:52:07.0 (3818708)|VARIABLE_SCOPE_BEGIN|[278]|info|Schema.RecordTypeInfo|true|false
14:52:07.0 (3835340)|VARIABLE_ASSIGNMENT|[278]|info|"common.api.soap.wsdl.RecordTypeInfo@d5441330"|0x55c9007a
14:52:07.0 (3838248)|STATEMENT_EXECUTE|[279]
14:52:07.0 (3840137)|HEAP_ALLOCATE|[279]|Bytes:4
14:52:07.0 (3844937)|HEAP_ALLOCATE|[EXTERNAL]|Bytes:-4
14:52:07.0 (3849809)|HEAP_ALLOCATE|[276]|Bytes:5
14:52:07.0 (3853649)|VARIABLE_SCOPE_BEGIN|[276]|key|String|false|false
14:52:07.0 (3858189)|VARIABLE_ASSIGNMENT|[276]|key|"Actualización Nom, R (6 more) ..."
14:52:07.0 (3860409)|STATEMENT_EXECUTE|[276]
14:52:07.0 (3861321)|STATEMENT_EXECUTE|[278]
14:52:07.0 (3865758)|VARIABLE_SCOPE_BEGIN|[278]|info|Schema.RecordTypeInfo|true|false
14:52:07.0 (3883308)|VARIABLE_ASSIGNMENT|[278]|info|"common.api.soap.wsdl.RecordTypeInfo@56e7171e"|0x2423f0dd
14:52:07.0 (3886162)|STATEMENT_EXECUTE|[279]
14:52:07.0 (3888117)|HEAP_ALLOCATE|[279]|Bytes:4
14:52:07.0 (3893123)|HEAP_ALLOCATE|[EXTERNAL]|Bytes:-4
14:52:07.0 (3897927)|HEAP_ALLOCATE|[276]|Bytes:5
14:52:07.0 (3901875)|VARIABLE_SCOPE_BEGIN|[276]|key|String|false|false
14:52:07.0 (3906312)|VARIABLE_ASSIGNMENT|[276]|key|"Actualización SORIBA (1 more) ..."
14:52:07.0 (3908567)|STATEMENT_EXECUTE|[276]
14:52:07.0 (3909426)|STATEMENT_EXECUTE|[278]
14:52:07.0 (3913627)|VARIABLE_SCOPE_BEGIN|[278]|info|Schema.RecordTypeInfo|true|false
14:52:07.0 (3930637)|VARIABLE_ASSIGNMENT|[278]|info|"common.api.soap.wsdl.RecordTypeInfo@1da61f93"|0x459b54fa
14:52:07.0 (3933538)|STATEMENT_EXECUTE|[279]
14:52:07.0 (3935492)|HEAP_ALLOCATE|[279]|Bytes:4
14:52:07.0 (3940419)|HEAP_ALLOCATE|[EXTERNAL]|Bytes:-4
14:52:07.0 (3945203)|HEAP_ALLOCATE|[276]|Bytes:5
14:52:07.0 (3949083)|VARIABLE_SCOPE_BEGIN|[276]|key|String|false|false
14:52:07.0 (3953839)|VARIABLE_ASSIGNMENT|[276]|key|"Actualización de CUR (1 more) ..."
14:52:07.0 (3956138)|STATEMENT_EXECUTE|[276]
14:52:07.0 (3957037)|STATEMENT_EXECUTE|[278]
14:52:07.0 (3961244)|VARIABLE_SCOPE_BEGIN|[278]|info|Schema.RecordTypeInfo|true|false
14:52:07.0 (3978429)|VARIABLE_ASSIGNMENT|[278]|info|"common.api.soap.wsdl.RecordTypeInfo@ad5dbd7c"|0x41a14836
14:52:07.0 (3981440)|STATEMENT_EXECUTE|[279]
14:52:07.0 (3983455)|HEAP_ALLOCATE|[279]|Bytes:4
14:52:07.0 (3988478)|HEAP_ALLOCATE|[EXTERNAL]|Bytes:-4
14:52:07.0 (3993203)|HEAP_ALLOCATE|[276]|Bytes:5
14:52:07.0 (3997248)|VARIABLE_SCOPE_BEGIN|[276]|key|String|false|false
14:52:07.0 (4001907)|VARIABLE_ASSIGNMENT|[276]|key|"Actualización de Cel (5 more) ..."
14:52:07.0 (4005052)|STATEMENT_EXECUTE|[276]
14:52:07.0 (4005912)|STATEMENT_EXECUTE|[278]
14:52:07.0 (4010120)|VARIABLE_SCOPE_BEGIN|[278]|info|Schema.RecordTypeInfo|true|false
14:52:07.0 (4026595)|VARIABLE_ASSIGNMENT|[278]|info|"common.api.soap.wsdl.RecordTypeInfo@76d75e63"|0x5c765aa8
14:52:07.0 (4029457)|STATEMENT_EXECUTE|[279]
14:52:07.0 (4031506)|HEAP_ALLOCATE|[279]|Bytes:4
14:52:07.0 (4036444)|HEAP_ALLOCATE|[EXTERNAL]|Bytes:-4
14:52:07.0 (4041153)|HEAP_ALLOCATE|[276]|Bytes:5
14:52:07.0 (4045086)|VARIABLE_SCOPE_BEGIN|[276]|key|String|false|false
14:52:07.0 (4049719)|VARIABLE_ASSIGNMENT|[276]|key|"Actualización de Cel (4 more) ..."
14:52:07.0 (4052087)|STATEMENT_EXECUTE|[276]
14:52:07.0 (4052930)|STATEMENT_EXECUTE|[278]
14:52:07.0 (4057227)|VARIABLE_SCOPE_BEGIN|[278]|info|Schema.RecordTypeInfo|true|false
14:52:07.0 (4073992)|VARIABLE_ASSIGNMENT|[278]|info|"common.api.soap.wsdl.RecordTypeInfo@64a8cf3b"|0x67e8ece3
14:52:07.0 (4076976)|STATEMENT_EXECUTE|[279]
14:52:07.0 (4078869)|HEAP_ALLOCATE|[279]|Bytes:4
14:52:07.0 (4084277)|HEAP_ALLOCATE|[EXTERNAL]|Bytes:-4
14:52:07.0 (4089018)|HEAP_ALLOCATE|[276]|Bytes:5
14:52:07.0 (4092807)|VARIABLE_SCOPE_BEGIN|[276]|key|String|false|false
14:52:07.0 (4097318)|VARIABLE_ASSIGNMENT|[276]|key|"Actualización de Cor (3 more) ..."
14:52:07.0 (4099542)|STATEMENT_EXECUTE|[276]
14:52:07.0 (4100392)|STATEMENT_EXECUTE|[278]
14:52:07.0 (4105138)|VARIABLE_SCOPE_BEGIN|[278]|info|Schema.RecordTypeInfo|true|false
14:52:07.0 (4121342)|VARIABLE_ASSIGNMENT|[278]|info|"common.api.soap.wsdl.RecordTypeInfo@66178782"|0x784b5860
14:52:07.0 (4124112)|STATEMENT_EXECUTE|[279]
14:52:07.0 (4126105)|HEAP_ALLOCATE|[279]|Bytes:4
14:52:07.0 (4131079)|HEAP_ALLOCATE|[EXTERNAL]|Bytes:-4
14:52:07.0 (4135756)|HEAP_ALLOCATE|[276]|Bytes:5
14:52:07.0 (4139492)|VARIABLE_SCOPE_BEGIN|[276]|key|String|false|false
14:52:07.0 (4144181)|VARIABLE_ASSIGNMENT|[276]|key|"Actualización de Dom (6 more) ..."
14:52:07.0 (4146587)|STATEMENT_EXECUTE|[276]
14:52:07.0 (4147439)|STATEMENT_EXECUTE|[278]
14:52:07.0 (4151868)|VARIABLE_SCOPE_BEGIN|[278]|info|Schema.RecordTypeInfo|true|false
14:52:07.0 (4168282)|VARIABLE_ASSIGNMENT|[278]|info|"common.api.soap.wsdl.RecordTypeInfo@19cbc967"|0x33e05fa7
14:52:07.0 (4170998)|STATEMENT_EXECUTE|[279]
14:52:07.0 (4173019)|HEAP_ALLOCATE|[279]|Bytes:4
14:52:07.0 (4177896)|HEAP_ALLOCATE|[EXTERNAL]|Bytes:-4
14:52:07.0 (4182618)|HEAP_ALLOCATE|[276]|Bytes:5
14:52:07.0 (4186384)|VARIABLE_SCOPE_BEGIN|[276]|key|String|false|false
14:52:07.0 (4191143)|VARIABLE_ASSIGNMENT|[276]|key|"Actualización de Tel (10 more) ..."
14:52:07.0 (4193586)|STATEMENT_EXECUTE|[276]
14:52:07.0 (4194443)|STATEMENT_EXECUTE|[278]
14:52:07.0 (4198732)|VARIABLE_SCOPE_BEGIN|[278]|info|Schema.RecordTypeInfo|true|false
14:52:07.0 (4215586)|VARIABLE_ASSIGNMENT|[278]|info|"common.api.soap.wsdl.RecordTypeInfo@767cd3c0"|0x5dadf069
14:52:07.0 (4218352)|STATEMENT_EXECUTE|[279]
14:52:07.0 (4220343)|HEAP_ALLOCATE|[279]|Bytes:4
14:52:07.0 (4225674)|HEAP_ALLOCATE|[EXTERNAL]|Bytes:-4
14:52:07.0 (4230233)|HEAP_ALLOCATE|[276]|Bytes:5
14:52:07.0 (4234014)|VARIABLE_SCOPE_BEGIN|[276]|key|String|false|false
14:52:07.0 (4238361)|VARIABLE_ASSIGNMENT|[276]|key|"Alta Cliente"
14:52:07.0 (4240616)|STATEMENT_EXECUTE|[276]
14:52:07.0 (4241466)|STATEMENT_EXECUTE|[278]
14:52:07.0 (4245757)|VARIABLE_SCOPE_BEGIN|[278]|info|Schema.RecordTypeInfo|true|false
14:52:07.0 (4262432)|VARIABLE_ASSIGNMENT|[278]|info|"common.api.soap.wsdl.RecordTypeInfo@80a41a04"|0x7d0280cb
14:52:07.0 (4265245)|STATEMENT_EXECUTE|[279]
14:52:07.0 (4267207)|HEAP_ALLOCATE|[279]|Bytes:4
14:52:07.0 (4272054)|HEAP_ALLOCATE|[EXTERNAL]|Bytes:-4
14:52:07.0 (4276718)|HEAP_ALLOCATE|[276]|Bytes:5
14:52:07.0 (4280389)|VARIABLE_SCOPE_BEGIN|[276]|key|String|false|false
14:52:07.0 (4284872)|VARIABLE_ASSIGNMENT|[276]|key|"Audiencia CONDUSEF"
14:52:07.0 (4286989)|STATEMENT_EXECUTE|[276]
14:52:07.0 (4287849)|STATEMENT_EXECUTE|[278]
14:52:07.0 (4292212)|VARIABLE_SCOPE_BEGIN|[278]|info|Schema.RecordTypeInfo|true|false
14:52:07.0 (4308824)|VARIABLE_ASSIGNMENT|[278]|info|"common.api.soap.wsdl.RecordTypeInfo@ee8898d7"|0x5f285f53
14:52:07.0 (4311642)|STATEMENT_EXECUTE|[279]
14:52:07.0 (4313550)|HEAP_ALLOCATE|[279]|Bytes:4
14:52:07.0 (4318653)|HEAP_ALLOCATE|[EXTERNAL]|Bytes:-4
14:52:07.0 (4323518)|HEAP_ALLOCATE|[276]|Bytes:5
14:52:07.0 (4327478)|VARIABLE_SCOPE_BEGIN|[276]|key|String|false|false
14:52:07.0 (4332462)|VARIABLE_ASSIGNMENT|[276]|key|"Aumento de Línea de  (7 more) ..."
14:52:07.0 (4334958)|STATEMENT_EXECUTE|[276]
14:52:07.0 (4335804)|STATEMENT_EXECUTE|[278]
14:52:07.0 (4339922)|VARIABLE_SCOPE_BEGIN|[278]|info|Schema.RecordTypeInfo|true|false
14:52:07.0 (4356465)|VARIABLE_ASSIGNMENT|[278]|info|"common.api.soap.wsdl.RecordTypeInfo@b67992fe"|0x6e843e76
14:52:07.0 (4359395)|STATEMENT_EXECUTE|[279]
14:52:07.0 (4361253)|HEAP_ALLOCATE|[279]|Bytes:4
14:52:07.0 (4366237)|HEAP_ALLOCATE|[EXTERNAL]|Bytes:-4
14:52:07.0 (4370947)|HEAP_ALLOCATE|[276]|Bytes:5
14:52:07.0 (4374679)|VARIABLE_SCOPE_BEGIN|[276]|key|String|false|false
14:52:07.0 (4379260)|VARIABLE_ASSIGNMENT|[276]|key|"BackOffice Figital"
14:52:07.0 (4381389)|STATEMENT_EXECUTE|[276]
14:52:07.0 (4382270)|STATEMENT_EXECUTE|[278]
14:52:07.0 (4386443)|VARIABLE_SCOPE_BEGIN|[278]|info|Schema.RecordTypeInfo|true|false
14:52:07.0 (4403365)|VARIABLE_ASSIGNMENT|[278]|info|"common.api.soap.wsdl.RecordTypeInfo@e1ed000"|0x5c98a577
14:52:07.0 (4406374)|STATEMENT_EXECUTE|[279]
14:52:07.0 (4408382)|HEAP_ALLOCATE|[279]|Bytes:4
14:52:07.0 (4413301)|HEAP_ALLOCATE|[EXTERNAL]|Bytes:-4
14:52:07.0 (4418073)|HEAP_ALLOCATE|[276]|Bytes:5
14:52:07.0 (4421879)|VARIABLE_SCOPE_BEGIN|[276]|key|String|false|false
14:52:07.0 (4426283)|VARIABLE_ASSIGNMENT|[276]|key|"BackOffice Fraudes"
14:52:07.0 (4428407)|STATEMENT_EXECUTE|[276]
14:52:07.0 (4429295)|STATEMENT_EXECUTE|[278]
14:52:07.0 (4433593)|VARIABLE_SCOPE_BEGIN|[278]|info|Schema.RecordTypeInfo|true|false
14:52:07.0 (4450584)|VARIABLE_ASSIGNMENT|[278]|info|"common.api.soap.wsdl.RecordTypeInfo@a750b4b9"|0x35f572f7
14:52:07.0 (4453434)|STATEMENT_EXECUTE|[279]
14:52:07.0 (4455559)|HEAP_ALLOCATE|[279]|Bytes:4
14:52:07.0 (4460550)|HEAP_ALLOCATE|[EXTERNAL]|Bytes:-4
14:52:07.0 (4465360)|HEAP_ALLOCATE|[276]|Bytes:5
14:52:07.0 (4469164)|VARIABLE_SCOPE_BEGIN|[276]|key|String|false|false
14:52:07.0 (4473628)|VARIABLE_ASSIGNMENT|[276]|key|"Bloqueo Seguridad"
14:52:07.0 (4475809)|STATEMENT_EXECUTE|[276]
14:52:07.0 (4476670)|STATEMENT_EXECUTE|[278]
14:52:07.0 (4480728)|VARIABLE_SCOPE_BEGIN|[278]|info|Schema.RecordTypeInfo|true|false
14:52:07.0 (4499745)|VARIABLE_ASSIGNMENT|[278]|info|"common.api.soap.wsdl.RecordTypeInfo@1ad47a66"|0x28ba61dd
14:52:07.0 (4505139)|STATEMENT_EXECUTE|[279]
14:52:07.0 (4508365)|HEAP_ALLOCATE|[279]|Bytes:4
14:52:07.0 (4516353)|HEAP_ALLOCATE|[EXTERNAL]|Bytes:-4
14:52:07.0 (4522798)|HEAP_ALLOCATE|[276]|Bytes:5
14:52:07.0 (4526943)|VARIABLE_SCOPE_BEGIN|[276]|key|String|false|false
14:52:07.0 (4531747)|VARIABLE_ASSIGNMENT|[276]|key|"CVV Dinámico"
14:52:07.0 (4534309)|STATEMENT_EXECUTE|[276]
14:52:07.0 (4535179)|STATEMENT_EXECUTE|[278]
14:52:07.0 (4539784)|VARIABLE_SCOPE_BEGIN|[278]|info|Schema.RecordTypeInfo|true|false
14:52:07.0 (4558342)|VARIABLE_ASSIGNMENT|[278]|info|"common.api.soap.wsdl.RecordTypeInfo@5ce747f8"|0x67828d32
14:52:07.0 (4561333)|STATEMENT_EXECUTE|[279]
14:52:07.0 (4563492)|HEAP_ALLOCATE|[279]|Bytes:4
14:52:07.0 (4569000)|HEAP_ALLOCATE|[EXTERNAL]|Bytes:-4
14:52:07.0 (4573823)|HEAP_ALLOCATE|[276]|Bytes:5
14:52:07.0 (4577794)|VARIABLE_SCOPE_BEGIN|[276]|key|String|false|false
14:52:07.0 (4582784)|VARIABLE_ASSIGNMENT|[276]|key|"Cambio de MC a Priva (2 more) ..."
14:52:07.0 (4585036)|STATEMENT_EXECUTE|[276]
14:52:07.0 (4585893)|STATEMENT_EXECUTE|[278]
14:52:07.0 (4590088)|VARIABLE_SCOPE_BEGIN|[278]|info|Schema.RecordTypeInfo|true|false
14:52:07.0 (4607425)|VARIABLE_ASSIGNMENT|[278]|info|"common.api.soap.wsdl.RecordTypeInfo@a6d8a80b"|0x7ea83fa8
14:52:07.0 (4610273)|STATEMENT_EXECUTE|[279]
14:52:07.0 (4612297)|HEAP_ALLOCATE|[279]|Bytes:4
14:52:07.0 (4617348)|HEAP_ALLOCATE|[EXTERNAL]|Bytes:-4
14:52:07.0 (4622052)|HEAP_ALLOCATE|[276]|Bytes:5
14:52:07.0 (4625921)|VARIABLE_SCOPE_BEGIN|[276]|key|String|false|false
14:52:07.0 (4630574)|VARIABLE_ASSIGNMENT|[276]|key|"Cambio de Medio Enví (1 more) ..."
14:52:07.0 (4633157)|STATEMENT_EXECUTE|[276]
14:52:07.0 (4634013)|STATEMENT_EXECUTE|[278]
14:52:07.0 (4638491)|VARIABLE_SCOPE_BEGIN|[278]|info|Schema.RecordTypeInfo|true|false
14:52:07.0 (4654625)|VARIABLE_ASSIGNMENT|[278]|info|"common.api.soap.wsdl.RecordTypeInfo@be215376"|0x60549840
14:52:07.0 (4657533)|STATEMENT_EXECUTE|[279]
14:52:07.0 (4659385)|HEAP_ALLOCATE|[279]|Bytes:4
14:52:07.0 (4665384)|HEAP_ALLOCATE|[EXTERNAL]|Bytes:-4
14:52:07.0 (4670293)|HEAP_ALLOCATE|[276]|Bytes:5
14:52:07.0 (4674288)|VARIABLE_SCOPE_BEGIN|[276]|key|String|false|false
14:52:07.0 (4678859)|VARIABLE_ASSIGNMENT|[276]|key|"Campañas Outbound"
14:52:07.0 (4681239)|STATEMENT_EXECUTE|[276]
14:52:07.0 (4682070)|STATEMENT_EXECUTE|[278]
14:52:07.0 (4686315)|VARIABLE_SCOPE_BEGIN|[278]|info|Schema.RecordTypeInfo|true|false
14:52:07.0 (4703086)|VARIABLE_ASSIGNMENT|[278]|info|"common.api.soap.wsdl.RecordTypeInfo@6d4e485f"|0x1b9bb91e
14:52:07.0 (4706022)|STATEMENT_EXECUTE|[279]
14:52:07.0 (4707979)|HEAP_ALLOCATE|[279]|Bytes:4
14:52:07.0 (4712973)|HEAP_ALLOCATE|[EXTERNAL]|Bytes:-4
14:52:07.0 (4717837)|HEAP_ALLOCATE|[276]|Bytes:5
14:52:07.0 (4721642)|VARIABLE_SCOPE_BEGIN|[276]|key|String|false|false
14:52:07.0 (4725960)|VARIABLE_ASSIGNMENT|[276]|key|"Campos Regulatorios"
14:52:07.0 (4728028)|STATEMENT_EXECUTE|[276]
14:52:07.0 (4728883)|STATEMENT_EXECUTE|[278]
14:52:07.0 (4733225)|VARIABLE_SCOPE_BEGIN|[278]|info|Schema.RecordTypeInfo|true|false
14:52:07.0 (4750146)|VARIABLE_ASSIGNMENT|[278]|info|"common.api.soap.wsdl.RecordTypeInfo@36673986"|0x68835c42
14:52:07.0 (4753094)|STATEMENT_EXECUTE|[279]
14:52:07.0 (4755069)|HEAP_ALLOCATE|[279]|Bytes:4
14:52:07.0 (4761171)|HEAP_ALLOCATE|[EXTERNAL]|Bytes:-4
14:52:07.0 (4768860)|HEAP_ALLOCATE|[276]|Bytes:5
14:52:07.0 (4775078)|VARIABLE_SCOPE_BEGIN|[276]|key|String|false|false
14:52:07.0 (4781489)|VARIABLE_ASSIGNMENT|[276]|key|"Cancelación Adiciona (1 more) ..."
14:52:07.0 (4784187)|STATEMENT_EXECUTE|[276]
14:52:07.0 (4785145)|STATEMENT_EXECUTE|[278]
14:52:07.0 (4789630)|VARIABLE_SCOPE_BEGIN|[278]|info|Schema.RecordTypeInfo|true|false
14:52:07.0 (4814775)|VARIABLE_ASSIGNMENT|[278]|info|"common.api.soap.wsdl.RecordTypeInfo@a287f482"|0x57e97b85
14:52:07.0 (4818221)|STATEMENT_EXECUTE|[279]
14:52:07.0 (4820575)|HEAP_ALLOCATE|[279]|Bytes:4
14:52:07.0 (4826558)|HEAP_ALLOCATE|[EXTERNAL]|Bytes:-4
14:52:07.0 (4831959)|HEAP_ALLOCATE|[276]|Bytes:5
14:52:07.0 (4835995)|VARIABLE_SCOPE_BEGIN|[276]|key|String|false|false
14:52:07.0 (4841269)|VARIABLE_ASSIGNMENT|[276]|key|"Cancelación de Adici (13 more) ..."
14:52:07.0 (4843739)|STATEMENT_EXECUTE|[276]
14:52:07.0 (4844587)|STATEMENT_EXECUTE|[278]
14:52:07.0 (4848891)|VARIABLE_SCOPE_BEGIN|[278]|info|Schema.RecordTypeInfo|true|false
14:52:07.0 (4867002)|VARIABLE_ASSIGNMENT|[278]|info|"common.api.soap.wsdl.RecordTypeInfo@9677e4f6"|0x133b7fa0
14:52:07.0 (4869950)|STATEMENT_EXECUTE|[279]
14:52:07.0 (4871985)|HEAP_ALLOCATE|[279]|Bytes:4
14:52:07.0 (4877049)|HEAP_ALLOCATE|[EXTERNAL]|Bytes:-4
14:52:07.0 (4881886)|HEAP_ALLOCATE|[276]|Bytes:5
14:52:07.0 (4885845)|VARIABLE_SCOPE_BEGIN|[276]|key|String|false|false
14:52:07.0 (4890645)|VARIABLE_ASSIGNMENT|[276]|key|"Cancelación de Tarje (20 more) ..."
14:52:07.0 (4893113)|STATEMENT_EXECUTE|[276]
14:52:07.0 (4893965)|STATEMENT_EXECUTE|[278]
14:52:07.0 (4898320)|VARIABLE_SCOPE_BEGIN|[278]|info|Schema.RecordTypeInfo|true|false
14:52:07.0 (4915392)|VARIABLE_ASSIGNMENT|[278]|info|"common.api.soap.wsdl.RecordTypeInfo@41ee2a4a"|0x552e6790
14:52:07.0 (4918150)|STATEMENT_EXECUTE|[279]
14:52:07.0 (4919913)|HEAP_ALLOCATE|[279]|Bytes:4
14:52:07.0 (4924622)|HEAP_ALLOCATE|[EXTERNAL]|Bytes:-4
14:52:07.0 (4929373)|HEAP_ALLOCATE|[276]|Bytes:5
14:52:07.0 (4933642)|VARIABLE_SCOPE_BEGIN|[276]|key|String|false|false
14:52:07.0 (4938320)|VARIABLE_ASSIGNMENT|[276]|key|"Cancelación de Titul (2 more) ..."
14:52:07.0 (4940621)|STATEMENT_EXECUTE|[276]
14:52:07.0 (4941459)|STATEMENT_EXECUTE|[278]
14:52:07.0 (4945935)|VARIABLE_SCOPE_BEGIN|[278]|info|Schema.RecordTypeInfo|true|false
14:52:07.0 (4962297)|VARIABLE_ASSIGNMENT|[278]|info|"common.api.soap.wsdl.RecordTypeInfo@f3aa61a5"|0x273d403b
14:52:07.0 (4965296)|STATEMENT_EXECUTE|[279]
14:52:07.0 (4967191)|HEAP_ALLOCATE|[279]|Bytes:4
14:52:07.0 (4972064)|HEAP_ALLOCATE|[EXTERNAL]|Bytes:-4
14:52:07.0 (4976823)|HEAP_ALLOCATE|[276]|Bytes:5
14:52:07.0 (4980715)|VARIABLE_SCOPE_BEGIN|[276]|key|String|false|false
14:52:07.0 (4985264)|VARIABLE_ASSIGNMENT|[276]|key|"Cancelación por fall (30 more) ..."
14:52:07.0 (4987586)|STATEMENT_EXECUTE|[276]
14:52:07.0 (4988443)|STATEMENT_EXECUTE|[278]
14:52:07.0 (4992715)|VARIABLE_SCOPE_BEGIN|[278]|info|Schema.RecordTypeInfo|true|false
14:52:07.0 (5012518)|VARIABLE_ASSIGNMENT|[278]|info|"common.api.soap.wsdl.RecordTypeInfo@c2aa1923"|0x3b14220a
14:52:07.0 (5016254)|STATEMENT_EXECUTE|[279]
14:52:07.0 (5018996)|HEAP_ALLOCATE|[279]|Bytes:4
14:52:07.0 (5024328)|HEAP_ALLOCATE|[EXTERNAL]|Bytes:-4
14:52:07.0 (5029723)|HEAP_ALLOCATE|[276]|Bytes:5
14:52:07.0 (5034235)|VARIABLE_SCOPE_BEGIN|[276]|key|String|false|false
14:52:07.0 (5039005)|VARIABLE_ASSIGNMENT|[276]|key|"Cargo No Reconocido  (8 more) ..."
14:52:07.0 (5042344)|STATEMENT_EXECUTE|[276]
14:52:07.0 (5043628)|STATEMENT_EXECUTE|[278]
14:52:07.0 (5050798)|VARIABLE_SCOPE_BEGIN|[278]|info|Schema.RecordTypeInfo|true|false
14:52:07.0 (5073161)|VARIABLE_ASSIGNMENT|[278]|info|"common.api.soap.wsdl.RecordTypeInfo@9d794691"|0x731a9cb7
14:52:07.0 (5076385)|STATEMENT_EXECUTE|[279]
14:52:07.0 (5079591)|HEAP_ALLOCATE|[279]|Bytes:4
14:52:07.0 (5085756)|HEAP_ALLOCATE|[EXTERNAL]|Bytes:-4
14:52:07.0 (5091149)|HEAP_ALLOCATE|[276]|Bytes:5
14:52:07.0 (5095428)|VARIABLE_SCOPE_BEGIN|[276]|key|String|false|false
14:52:07.0 (5100109)|VARIABLE_ASSIGNMENT|[276]|key|"Cargo no reconocido"
14:52:07.0 (5102236)|STATEMENT_EXECUTE|[276]
14:52:07.0 (5103080)|STATEMENT_EXECUTE|[278]
14:52:07.0 (5107449)|VARIABLE_SCOPE_BEGIN|[278]|info|Schema.RecordTypeInfo|true|false
14:52:07.0 (5124535)|VARIABLE_ASSIGNMENT|[278]|info|"common.api.soap.wsdl.RecordTypeInfo@18d8e370"|0x552e77a3
14:52:07.0 (5127774)|STATEMENT_EXECUTE|[279]
14:52:07.0 (5129627)|HEAP_ALLOCATE|[279]|Bytes:4
14:52:07.0 (5134742)|HEAP_ALLOCATE|[EXTERNAL]|Bytes:-4
14:52:07.0 (5139675)|HEAP_ALLOCATE|[276]|Bytes:5
14:52:07.0 (5143736)|VARIABLE_SCOPE_BEGIN|[276]|key|String|false|false
14:52:07.0 (5148048)|VARIABLE_ASSIGNMENT|[276]|key|"Carta Finiquito"
14:52:07.0 (5150112)|STATEMENT_EXECUTE|[276]
14:52:07.0 (5150935)|STATEMENT_EXECUTE|[278]
14:52:07.0 (5155113)|VARIABLE_SCOPE_BEGIN|[278]|info|Schema.RecordTypeInfo|true|false
14:52:07.0 (5171870)|VARIABLE_ASSIGNMENT|[278]|info|"common.api.soap.wsdl.RecordTypeInfo@b7d2cccc"|0x18dfc9a5
14:52:07.0 (5174697)|STATEMENT_EXECUTE|[279]
14:52:07.0 (5176478)|HEAP_ALLOCATE|[279]|Bytes:4
14:52:07.0 (5181405)|HEAP_ALLOCATE|[EXTERNAL]|Bytes:-4
14:52:07.0 (5186170)|HEAP_ALLOCATE|[276]|Bytes:5
14:52:07.0 (5189971)|VARIABLE_SCOPE_BEGIN|[276]|key|String|false|false
14:52:07.0 (5194769)|VARIABLE_ASSIGNMENT|[276]|key|"Cliente en Mora Grav (1 more) ..."
14:52:07.0 (5197025)|STATEMENT_EXECUTE|[276]
14:52:07.0 (5197862)|STATEMENT_EXECUTE|[278]
14:52:07.0 (5202343)|VARIABLE_SCOPE_BEGIN|[278]|info|Schema.RecordTypeInfo|true|false
14:52:07.0 (5218869)|VARIABLE_ASSIGNMENT|[278]|info|"common.api.soap.wsdl.RecordTypeInfo@85d25fd8"|0x241bcc6
14:52:07.0 (5222050)|STATEMENT_EXECUTE|[279]
14:52:07.0 (5224053)|HEAP_ALLOCATE|[279]|Bytes:4
14:52:07.0 (5228764)|HEAP_ALLOCATE|[EXTERNAL]|Bytes:-4
14:52:07.0 (5233571)|HEAP_ALLOCATE|[276]|Bytes:5
14:52:07.0 (5237412)|VARIABLE_SCOPE_BEGIN|[276]|key|String|false|false
14:52:07.0 (5242016)|VARIABLE_ASSIGNMENT|[276]|key|"Cobro a Persona Equi (6 more) ..."
14:52:07.0 (5244093)|STATEMENT_EXECUTE|[276]
14:52:07.0 (5244933)|STATEMENT_EXECUTE|[278]
14:52:07.0 (5249485)|VARIABLE_SCOPE_BEGIN|[278]|info|Schema.RecordTypeInfo|true|false
14:52:07.0 (5266369)|VARIABLE_ASSIGNMENT|[278]|info|"common.api.soap.wsdl.RecordTypeInfo@2a2b8d4f"|0x2599771d
14:52:07.0 (5269281)|STATEMENT_EXECUTE|[279]
14:52:07.0 (5271110)|HEAP_ALLOCATE|[279]|Bytes:4
14:52:07.0 (5275950)|HEAP_ALLOCATE|[EXTERNAL]|Bytes:-4
14:52:07.0 (5280710)|HEAP_ALLOCATE|[276]|Bytes:5
14:52:07.0 (5284536)|VARIABLE_SCOPE_BEGIN|[276]|key|String|false|false
14:52:07.0 (5289043)|VARIABLE_ASSIGNMENT|[276]|key|"Compra no diferida"
14:52:07.0 (5291142)|STATEMENT_EXECUTE|[276]
14:52:07.0 (5292017)|STATEMENT_EXECUTE|[278]
14:52:07.0 (5296265)|VARIABLE_SCOPE_BEGIN|[278]|info|Schema.RecordTypeInfo|true|false
14:52:07.0 (5312386)|VARIABLE_ASSIGNMENT|[278]|info|"common.api.soap.wsdl.RecordTypeInfo@2b1f53cf"|0x3ac9f62
14:52:07.0 (5315295)|STATEMENT_EXECUTE|[279]
14:52:07.0 (5317117)|HEAP_ALLOCATE|[279]|Bytes:4
14:52:07.0 (5322041)|HEAP_ALLOCATE|[EXTERNAL]|Bytes:-4
14:52:07.0 (5326736)|HEAP_ALLOCATE|[276]|Bytes:5
14:52:07.0 (5330581)|VARIABLE_SCOPE_BEGIN|[276]|key|String|false|false
14:52:07.0 (5335349)|VARIABLE_ASSIGNMENT|[276]|key|"Compra no diferida ( (7 more) ..."
14:52:07.0 (5337493)|STATEMENT_EXECUTE|[276]
14:52:07.0 (5338321)|STATEMENT_EXECUTE|[278]
14:52:07.0 (5342619)|VARIABLE_SCOPE_BEGIN|[278]|info|Schema.RecordTypeInfo|true|false
14:52:07.0 (5358936)|VARIABLE_ASSIGNMENT|[278]|info|"common.api.soap.wsdl.RecordTypeInfo@b545a3a2"|0x65d8ec53
14:52:07.0 (5361805)|STATEMENT_EXECUTE|[279]
14:52:07.0 (5363648)|HEAP_ALLOCATE|[279]|Bytes:4
14:52:07.0 (5368399)|HEAP_ALLOCATE|[EXTERNAL]|Bytes:-4
14:52:07.0 (5373172)|HEAP_ALLOCATE|[276]|Bytes:5
14:52:07.0 (5377071)|VARIABLE_SCOPE_BEGIN|[276]|key|String|false|false
14:52:07.0 (5381370)|VARIABLE_ASSIGNMENT|[276]|key|"Condonación"
14:52:07.0 (5383882)|STATEMENT_EXECUTE|[276]
14:52:07.0 (5384731)|STATEMENT_EXECUTE|[278]
14:52:07.0 (5388984)|VARIABLE_SCOPE_BEGIN|[278]|info|Schema.RecordTypeInfo|true|false
14:52:07.0 (5405276)|VARIABLE_ASSIGNMENT|[278]|info|"common.api.soap.wsdl.RecordTypeInfo@bf74e2cb"|0x6af0dba2
14:52:07.0 (5408069)|STATEMENT_EXECUTE|[279]
14:52:07.0 (5411070)|HEAP_ALLOCATE|[279]|Bytes:4
14:52:07.0 (5419056)|HEAP_ALLOCATE|[EXTERNAL]|Bytes:-4
14:52:07.0 (5427025)|HEAP_ALLOCATE|[276]|Bytes:5
14:52:07.0 (5431735)|VARIABLE_SCOPE_BEGIN|[276]|key|String|false|false
14:52:07.0 (5436911)|VARIABLE_ASSIGNMENT|[276]|key|"Consulta Fecha Corte (18 more) ..."
14:52:07.0 (5439073)|STATEMENT_EXECUTE|[276]
14:52:07.0 (5439924)|STATEMENT_EXECUTE|[278]
14:52:07.0 (5444550)|VARIABLE_SCOPE_BEGIN|[278]|info|Schema.RecordTypeInfo|true|false
14:52:07.0 (5462716)|VARIABLE_ASSIGNMENT|[278]|info|"common.api.soap.wsdl.RecordTypeInfo@edebf001"|0x4bf687e
14:52:07.0 (5465507)|STATEMENT_EXECUTE|[279]
14:52:07.0 (5467743)|HEAP_ALLOCATE|[279]|Bytes:4
14:52:07.0 (5472918)|HEAP_ALLOCATE|[EXTERNAL]|Bytes:-4
14:52:07.0 (5478015)|HEAP_ALLOCATE|[276]|Bytes:5
14:52:07.0 (5481865)|VARIABLE_SCOPE_BEGIN|[276]|key|String|false|false
14:52:07.0 (5486704)|VARIABLE_ASSIGNMENT|[276]|key|"Consulta Límite Créd (16 more) ..."
14:52:07.0 (5489148)|STATEMENT_EXECUTE|[276]
14:52:07.0 (5489995)|STATEMENT_EXECUTE|[278]
14:52:07.0 (5494264)|VARIABLE_SCOPE_BEGIN|[278]|info|Schema.RecordTypeInfo|true|false
14:52:07.0 (5511201)|VARIABLE_ASSIGNMENT|[278]|info|"common.api.soap.wsdl.RecordTypeInfo@df78061f"|0x638fb004
14:52:07.0 (5514136)|STATEMENT_EXECUTE|[279]
14:52:07.0 (5516108)|HEAP_ALLOCATE|[279]|Bytes:4
14:52:07.0 (5521087)|HEAP_ALLOCATE|[EXTERNAL]|Bytes:-4
14:52:07.0 (5525967)|HEAP_ALLOCATE|[276]|Bytes:5
14:52:07.0 (5529729)|VARIABLE_SCOPE_BEGIN|[276]|key|String|false|false
14:52:07.0 (5534212)|VARIABLE_ASSIGNMENT|[276]|key|"Consulta de Movimien (3 more) ..."
14:52:07.0 (5536400)|STATEMENT_EXECUTE|[276]
14:52:07.0 (5537259)|STATEMENT_EXECUTE|[278]
14:52:07.0 (5541559)|VARIABLE_SCOPE_BEGIN|[278]|info|Schema.RecordTypeInfo|true|false
14:52:07.0 (5558464)|VARIABLE_ASSIGNMENT|[278]|info|"common.api.soap.wsdl.RecordTypeInfo@c09e846b"|0x41177252
14:52:07.0 (5561395)|STATEMENT_EXECUTE|[279]
14:52:07.0 (5563579)|HEAP_ALLOCATE|[279]|Bytes:4
14:52:07.0 (5568434)|HEAP_ALLOCATE|[EXTERNAL]|Bytes:-4
14:52:07.0 (5573208)|HEAP_ALLOCATE|[276]|Bytes:5
14:52:07.0 (5576914)|VARIABLE_SCOPE_BEGIN|[276]|key|String|false|false
14:52:07.0 (5581409)|VARIABLE_ASSIGNMENT|[276]|key|"Consulta de PAN"
14:52:07.0 (5583599)|STATEMENT_EXECUTE|[276]
14:52:07.0 (5584532)|STATEMENT_EXECUTE|[278]
14:52:07.0 (5588895)|VARIABLE_SCOPE_BEGIN|[278]|info|Schema.RecordTypeInfo|true|false
14:52:07.0 (5605106)|VARIABLE_ASSIGNMENT|[278]|info|"common.api.soap.wsdl.RecordTypeInfo@33de21de"|0x2dd69c19
14:52:07.0 (5608010)|STATEMENT_EXECUTE|[279]
14:52:07.0 (5609942)|HEAP_ALLOCATE|[279]|Bytes:4
14:52:07.0 (5615122)|HEAP_ALLOCATE|[EXTERNAL]|Bytes:-4
14:52:07.0 (5619976)|HEAP_ALLOCATE|[276]|Bytes:5
14:52:07.0 (5623716)|VARIABLE_SCOPE_BEGIN|[276]|key|String|false|false
14:52:07.0 (5628218)|VARIABLE_ASSIGNMENT|[276]|key|"Consulta de Saldo a  (5 more) ..."
14:52:07.0 (5630251)|STATEMENT_EXECUTE|[276]
14:52:07.0 (5631106)|STATEMENT_EXECUTE|[278]
14:52:07.0 (5635354)|VARIABLE_SCOPE_BEGIN|[278]|info|Schema.RecordTypeInfo|true|false
14:52:07.0 (5651721)|VARIABLE_ASSIGNMENT|[278]|info|"common.api.soap.wsdl.RecordTypeInfo@287bf5b3"|0x52d5ed45
14:52:07.0 (5654585)|STATEMENT_EXECUTE|[279]
14:52:07.0 (5656481)|HEAP_ALLOCATE|[279]|Bytes:4
14:52:07.0 (5661379)|HEAP_ALLOCATE|[EXTERNAL]|Bytes:-4
14:52:07.0 (5666306)|HEAP_ALLOCATE|[276]|Bytes:5
14:52:07.0 (5670141)|VARIABLE_SCOPE_BEGIN|[276]|key|String|false|false
14:52:07.0 (5674770)|VARIABLE_ASSIGNMENT|[276]|key|"Consulta de Saldos y (12 more) ..."
14:52:07.0 (5676862)|STATEMENT_EXECUTE|[276]
14:52:07.0 (5677731)|STATEMENT_EXECUTE|[278]
14:52:07.0 (5681975)|VARIABLE_SCOPE_BEGIN|[278]|info|Schema.RecordTypeInfo|true|false
14:52:07.0 (5698208)|VARIABLE_ASSIGNMENT|[278]|info|"common.api.soap.wsdl.RecordTypeInfo@3a09b8e5"|0x4cc4788b
14:52:07.0 (5701061)|STATEMENT_EXECUTE|[279]
14:52:07.0 (5703035)|HEAP_ALLOCATE|[279]|Bytes:4
14:52:07.0 (5707906)|HEAP_ALLOCATE|[EXTERNAL]|Bytes:-4
14:52:07.0 (5712736)|HEAP_ALLOCATE|[276]|Bytes:5
14:52:07.0 (5716656)|VARIABLE_SCOPE_BEGIN|[276]|key|String|false|false
14:52:07.0 (5720944)|VARIABLE_ASSIGNMENT|[276]|key|"Consulta de Seguros"
14:52:07.0 (5722952)|STATEMENT_EXECUTE|[276]
14:52:07.0 (5723785)|STATEMENT_EXECUTE|[278]
14:52:07.0 (5728240)|VARIABLE_SCOPE_BEGIN|[278]|info|Schema.RecordTypeInfo|true|false
14:52:07.0 (5744877)|VARIABLE_ASSIGNMENT|[278]|info|"common.api.soap.wsdl.RecordTypeInfo@cf799212"|0x36bb16a3
14:52:07.0 (5747689)|STATEMENT_EXECUTE|[279]
14:52:07.0 (5749722)|HEAP_ALLOCATE|[279]|Bytes:4
14:52:07.0 (5754751)|HEAP_ALLOCATE|[EXTERNAL]|Bytes:-4
14:52:07.0 (5759450)|HEAP_ALLOCATE|[276]|Bytes:5
14:52:07.0 (5763381)|VARIABLE_SCOPE_BEGIN|[276]|key|String|false|false
14:52:07.0 (5767705)|VARIABLE_ASSIGNMENT|[276]|key|"Contrato manual"
14:52:07.0 (5769702)|STATEMENT_EXECUTE|[276]
14:52:07.0 (5770561)|STATEMENT_EXECUTE|[278]
14:52:07.0 (5775175)|VARIABLE_SCOPE_BEGIN|[278]|info|Schema.RecordTypeInfo|true|false
14:52:07.0 (5791751)|VARIABLE_ASSIGNMENT|[278]|info|"common.api.soap.wsdl.RecordTypeInfo@c7574dd9"|0x2f946239
14:52:07.0 (5794646)|STATEMENT_EXECUTE|[279]
14:52:07.0 (5796606)|HEAP_ALLOCATE|[279]|Bytes:4
14:52:07.0 (5801499)|HEAP_ALLOCATE|[EXTERNAL]|Bytes:-4
14:52:07.0 (5806426)|HEAP_ALLOCATE|[276]|Bytes:5
14:52:07.0 (5810227)|VARIABLE_SCOPE_BEGIN|[276]|key|String|false|false
14:52:07.0 (5814905)|VARIABLE_ASSIGNMENT|[276]|key|"Desbloqueo de PIN"
14:52:07.0 (5817013)|STATEMENT_EXECUTE|[276]
14:52:07.0 (5817867)|STATEMENT_EXECUTE|[278]
14:52:07.0 (5822112)|VARIABLE_SCOPE_BEGIN|[278]|info|Schema.RecordTypeInfo|true|false
14:52:07.0 (5839328)|VARIABLE_ASSIGNMENT|[278]|info|"common.api.soap.wsdl.RecordTypeInfo@30261dc8"|0x52d60d4b
14:52:07.0 (5842102)|STATEMENT_EXECUTE|[279]
14:52:07.0 (5844018)|HEAP_ALLOCATE|[279]|Bytes:4
14:52:07.0 (5851505)|HEAP_ALLOCATE|[EXTERNAL]|Bytes:-4
14:52:07.0 (5856587)|HEAP_ALLOCATE|[276]|Bytes:5
14:52:07.0 (5860595)|VARIABLE_SCOPE_BEGIN|[276]|key|String|false|false
14:52:07.0 (5865207)|VARIABLE_ASSIGNMENT|[276]|key|"Desconoce transacció (8 more) ..."
14:52:07.0 (5867671)|STATEMENT_EXECUTE|[276]
14:52:07.0 (5868520)|STATEMENT_EXECUTE|[278]
14:52:07.0 (5872776)|VARIABLE_SCOPE_BEGIN|[278]|info|Schema.RecordTypeInfo|true|false
14:52:07.0 (5889150)|VARIABLE_ASSIGNMENT|[278]|info|"common.api.soap.wsdl.RecordTypeInfo@96885c8c"|0x3db927ba
14:52:07.0 (5892006)|STATEMENT_EXECUTE|[279]
14:52:07.0 (5894129)|HEAP_ALLOCATE|[279]|Bytes:4
14:52:07.0 (5899147)|HEAP_ALLOCATE|[EXTERNAL]|Bytes:-4
14:52:07.0 (5904195)|HEAP_ALLOCATE|[276]|Bytes:5
14:52:07.0 (5908063)|VARIABLE_SCOPE_BEGIN|[276]|key|String|false|false
14:52:07.0 (5912647)|VARIABLE_ASSIGNMENT|[276]|key|"Desconoce transacció (17 more) ..."
14:52:07.0 (5914921)|STATEMENT_EXECUTE|[276]
14:52:07.0 (5915824)|STATEMENT_EXECUTE|[278]
14:52:07.0 (5920031)|VARIABLE_SCOPE_BEGIN|[278]|info|Schema.RecordTypeInfo|true|false
14:52:07.0 (5936248)|VARIABLE_ASSIGNMENT|[278]|info|"common.api.soap.wsdl.RecordTypeInfo@aec1d09b"|0x53d920a0
14:52:07.0 (5939022)|STATEMENT_EXECUTE|[279]
14:52:07.0 (5940955)|HEAP_ALLOCATE|[279]|Bytes:4
14:52:07.0 (5947796)|HEAP_ALLOCATE|[EXTERNAL]|Bytes:-4
14:52:07.0 (5955785)|HEAP_ALLOCATE|[276]|Bytes:5
14:52:07.0 (5961366)|VARIABLE_SCOPE_BEGIN|[276]|key|String|false|false
14:52:07.0 (5966136)|VARIABLE_ASSIGNMENT|[276]|key|"Emboce Centralizado"
14:52:07.0 (5968315)|STATEMENT_EXECUTE|[276]
14:52:07.0 (5969162)|STATEMENT_EXECUTE|[278]
14:52:07.0 (5973846)|VARIABLE_SCOPE_BEGIN|[278]|info|Schema.RecordTypeInfo|true|false
14:52:07.0 (5991781)|VARIABLE_ASSIGNMENT|[278]|info|"common.api.soap.wsdl.RecordTypeInfo@1e08cefd"|0x5f500548
14:52:07.0 (5994601)|STATEMENT_EXECUTE|[279]
14:52:07.0 (5996946)|HEAP_ALLOCATE|[279]|Bytes:4
14:52:07.0 (6002081)|HEAP_ALLOCATE|[EXTERNAL]|Bytes:-4
14:52:07.0 (6007795)|HEAP_ALLOCATE|[276]|Bytes:5
14:52:07.0 (6011681)|VARIABLE_SCOPE_BEGIN|[276]|key|String|false|false
14:52:07.0 (6016376)|VARIABLE_ASSIGNMENT|[276]|key|"Estado de Cuenta No  (5 more) ..."
14:52:07.0 (6018520)|STATEMENT_EXECUTE|[276]
14:52:07.0 (6019351)|STATEMENT_EXECUTE|[278]
14:52:07.0 (6023666)|VARIABLE_SCOPE_BEGIN|[278]|info|Schema.RecordTypeInfo|true|false
14:52:07.0 (6040357)|VARIABLE_ASSIGNMENT|[278]|info|"common.api.soap.wsdl.RecordTypeInfo@5d8b692e"|0x3d0ee7bc
14:52:07.0 (6043284)|STATEMENT_EXECUTE|[279]
14:52:07.0 (6045210)|HEAP_ALLOCATE|[279]|Bytes:4
14:52:07.0 (6050222)|HEAP_ALLOCATE|[EXTERNAL]|Bytes:-4
14:52:07.0 (6055176)|HEAP_ALLOCATE|[276]|Bytes:5
14:52:07.0 (6059304)|VARIABLE_SCOPE_BEGIN|[276]|key|String|false|false
14:52:07.0 (6064116)|VARIABLE_ASSIGNMENT|[276]|key|"Estado de Cuenta No  (14 more) ..."
14:52:07.0 (6066109)|STATEMENT_EXECUTE|[276]
14:52:07.0 (6067009)|STATEMENT_EXECUTE|[278]
14:52:07.0 (6071443)|VARIABLE_SCOPE_BEGIN|[278]|info|Schema.RecordTypeInfo|true|false
14:52:07.0 (6087403)|VARIABLE_ASSIGNMENT|[278]|info|"common.api.soap.wsdl.RecordTypeInfo@245cdfba"|0x497e8350
14:52:07.0 (6090228)|STATEMENT_EXECUTE|[279]
14:52:07.0 (6092108)|HEAP_ALLOCATE|[279]|Bytes:4
14:52:07.0 (6097066)|HEAP_ALLOCATE|[EXTERNAL]|Bytes:-4
14:52:07.0 (6102195)|HEAP_ALLOCATE|[276]|Bytes:5
14:52:07.0 (6106070)|VARIABLE_SCOPE_BEGIN|[276]|key|String|false|false
14:52:07.0 (6110471)|VARIABLE_ASSIGNMENT|[276]|key|"Figital"
14:52:07.0 (6112615)|STATEMENT_EXECUTE|[276]
14:52:07.0 (6113461)|STATEMENT_EXECUTE|[278]
14:52:07.0 (6118244)|VARIABLE_SCOPE_BEGIN|[278]|info|Schema.RecordTypeInfo|true|false
14:52:07.0 (6142514)|VARIABLE_ASSIGNMENT|[278]|info|"common.api.soap.wsdl.RecordTypeInfo@7c4f98fb"|0x533876ff
14:52:07.0 (6146038)|STATEMENT_EXECUTE|[279]
14:52:07.0 (6148356)|HEAP_ALLOCATE|[279]|Bytes:4
14:52:07.0 (6154054)|HEAP_ALLOCATE|[EXTERNAL]|Bytes:-4
14:52:07.0 (6159177)|HEAP_ALLOCATE|[276]|Bytes:5
14:52:07.0 (6163206)|VARIABLE_SCOPE_BEGIN|[276]|key|String|false|false
14:52:07.0 (6167845)|VARIABLE_ASSIGNMENT|[276]|key|"Información de Promo (6 more) ..."
14:52:07.0 (6170166)|STATEMENT_EXECUTE|[276]
14:52:07.0 (6170995)|STATEMENT_EXECUTE|[278]
14:52:07.0 (6175494)|VARIABLE_SCOPE_BEGIN|[278]|info|Schema.RecordTypeInfo|true|false
14:52:07.0 (6192926)|VARIABLE_ASSIGNMENT|[278]|info|"common.api.soap.wsdl.RecordTypeInfo@cd9eb64"|0xc9d5395
14:52:07.0 (6195938)|STATEMENT_EXECUTE|[279]
14:52:07.0 (6197752)|HEAP_ALLOCATE|[279]|Bytes:4
14:52:07.0 (6202737)|HEAP_ALLOCATE|[EXTERNAL]|Bytes:-4
14:52:07.0 (6207642)|HEAP_ALLOCATE|[276]|Bytes:5
14:52:07.0 (6211606)|VARIABLE_SCOPE_BEGIN|[276]|key|String|false|false
14:52:07.0 (6216270)|VARIABLE_ASSIGNMENT|[276]|key|"Invitación Canales D (8 more) ..."
14:52:07.0 (6218726)|STATEMENT_EXECUTE|[276]
14:52:07.0 (6219591)|STATEMENT_EXECUTE|[278]
14:52:07.0 (6223919)|VARIABLE_SCOPE_BEGIN|[278]|info|Schema.RecordTypeInfo|true|false
14:52:07.0 (6240527)|VARIABLE_ASSIGNMENT|[278]|info|"common.api.soap.wsdl.RecordTypeInfo@16f44053"|0x466466bd
14:52:07.0 (6243388)|STATEMENT_EXECUTE|[279]
14:52:07.0 (6245254)|HEAP_ALLOCATE|[279]|Bytes:4
14:52:07.0 (6250026)|HEAP_ALLOCATE|[EXTERNAL]|Bytes:-4
14:52:07.0 (6254693)|HEAP_ALLOCATE|[276]|Bytes:5
14:52:07.0 (6258607)|VARIABLE_SCOPE_BEGIN|[276]|key|String|false|false
14:52:07.0 (6263258)|VARIABLE_ASSIGNMENT|[276]|key|"Liberación de Compra (9 more) ..."
14:52:07.0 (6265644)|STATEMENT_EXECUTE|[276]
14:52:07.0 (6266507)|STATEMENT_EXECUTE|[278]
14:52:07.0 (6270840)|VARIABLE_SCOPE_BEGIN|[278]|info|Schema.RecordTypeInfo|true|false
14:52:07.0 (6287396)|VARIABLE_ASSIGNMENT|[278]|info|"common.api.soap.wsdl.RecordTypeInfo@93f08065"|0x7bbd1922
14:52:07.0 (6290186)|STATEMENT_EXECUTE|[279]
14:52:07.0 (6292096)|HEAP_ALLOCATE|[279]|Bytes:4
14:52:07.0 (6296987)|HEAP_ALLOCATE|[EXTERNAL]|Bytes:-4
14:52:07.0 (6301738)|HEAP_ALLOCATE|[276]|Bytes:5
14:52:07.0 (6305635)|VARIABLE_SCOPE_BEGIN|[276]|key|String|false|false
14:52:07.0 (6310207)|VARIABLE_ASSIGNMENT|[276]|key|"Liberar Saldo Reteni (11 more) ..."
14:52:07.0 (6312316)|STATEMENT_EXECUTE|[276]
14:52:07.0 (6313148)|STATEMENT_EXECUTE|[278]
14:52:07.0 (6317242)|VARIABLE_SCOPE_BEGIN|[278]|info|Schema.RecordTypeInfo|true|false
14:52:07.0 (6334064)|VARIABLE_ASSIGNMENT|[278]|info|"common.api.soap.wsdl.RecordTypeInfo@c5ec1a81"|0x6b221724
14:52:07.0 (6336858)|STATEMENT_EXECUTE|[279]
14:52:07.0 (6338605)|HEAP_ALLOCATE|[279]|Bytes:4
14:52:07.0 (6343433)|HEAP_ALLOCATE|[EXTERNAL]|Bytes:-4
14:52:07.0 (6348137)|HEAP_ALLOCATE|[276]|Bytes:5
14:52:07.0 (6352065)|VARIABLE_SCOPE_BEGIN|[276]|key|String|false|false
14:52:07.0 (6356543)|VARIABLE_ASSIGNMENT|[276]|key|"Liberar saldo reteni (2 more) ..."
14:52:07.0 (6358592)|STATEMENT_EXECUTE|[276]
14:52:07.0 (6359656)|STATEMENT_EXECUTE|[278]
14:52:07.0 (6363887)|VARIABLE_SCOPE_BEGIN|[278]|info|Schema.RecordTypeInfo|true|false
14:52:07.0 (6380543)|VARIABLE_ASSIGNMENT|[278]|info|"common.api.soap.wsdl.RecordTypeInfo@a1b19da2"|0xdc5e02e
14:52:07.0 (6383443)|STATEMENT_EXECUTE|[279]
14:52:07.0 (6385177)|HEAP_ALLOCATE|[279]|Bytes:4
14:52:07.0 (6389926)|HEAP_ALLOCATE|[EXTERNAL]|Bytes:-4
14:52:07.0 (6394837)|HEAP_ALLOCATE|[276]|Bytes:5
14:52:07.0 (6398702)|VARIABLE_SCOPE_BEGIN|[276]|key|String|false|false
14:52:07.0 (6403120)|VARIABLE_ASSIGNMENT|[276]|key|"Mal proceso de cobro"
14:52:07.0 (6405101)|STATEMENT_EXECUTE|[276]
14:52:07.0 (6405961)|STATEMENT_EXECUTE|[278]
14:52:07.0 (6410222)|VARIABLE_SCOPE_BEGIN|[278]|info|Schema.RecordTypeInfo|true|false
14:52:07.0 (6426816)|VARIABLE_ASSIGNMENT|[278]|info|"common.api.soap.wsdl.RecordTypeInfo@41b8e3ba"|0x68712ea5
14:52:07.0 (6431502)|STATEMENT_EXECUTE|[279]
14:52:07.0 (6434512)|HEAP_ALLOCATE|[279]|Bytes:4
14:52:07.0 (6442774)|HEAP_ALLOCATE|[EXTERNAL]|Bytes:-4
14:52:07.0 (6448389)|HEAP_ALLOCATE|[276]|Bytes:5
14:52:07.0 (6452573)|VARIABLE_SCOPE_BEGIN|[276]|key|String|false|false
14:52:07.0 (6457337)|VARIABLE_ASSIGNMENT|[276]|key|"Notificación Publici (3 more) ..."
14:52:07.0 (6459811)|STATEMENT_EXECUTE|[276]
14:52:07.0 (6460647)|STATEMENT_EXECUTE|[278]
14:52:07.0 (6465152)|VARIABLE_SCOPE_BEGIN|[278]|info|Schema.RecordTypeInfo|true|false
14:52:07.0 (6483001)|VARIABLE_ASSIGNMENT|[278]|info|"common.api.soap.wsdl.RecordTypeInfo@4196691a"|0x7b965e80
14:52:07.0 (6485904)|STATEMENT_EXECUTE|[279]
14:52:07.0 (6488073)|HEAP_ALLOCATE|[279]|Bytes:4
14:52:07.0 (6493337)|HEAP_ALLOCATE|[EXTERNAL]|Bytes:-4
14:52:07.0 (6498281)|HEAP_ALLOCATE|[276]|Bytes:5
14:52:07.0 (6502240)|VARIABLE_SCOPE_BEGIN|[276]|key|String|false|false
14:52:07.0 (6506604)|VARIABLE_ASSIGNMENT|[276]|key|"Pago No Aplicado"
14:52:07.0 (6508822)|STATEMENT_EXECUTE|[276]
14:52:07.0 (6509672)|STATEMENT_EXECUTE|[278]
14:52:07.0 (6514081)|VARIABLE_SCOPE_BEGIN|[278]|info|Schema.RecordTypeInfo|true|false
14:52:07.0 (6530818)|VARIABLE_ASSIGNMENT|[278]|info|"common.api.soap.wsdl.RecordTypeInfo@6663c20"|0x76ede1
14:52:07.0 (6533849)|STATEMENT_EXECUTE|[279]
14:52:07.0 (6535737)|HEAP_ALLOCATE|[279]|Bytes:4
14:52:07.0 (6540685)|HEAP_ALLOCATE|[EXTERNAL]|Bytes:-4
14:52:07.0 (6545857)|HEAP_ALLOCATE|[276]|Bytes:5
14:52:07.0 (6549648)|VARIABLE_SCOPE_BEGIN|[276]|key|String|false|false
14:52:07.0 (6566137)|VARIABLE_ASSIGNMENT|[276]|key|"Pago No Aplicado (Mó (5 more) ..."
14:52:07.0 (6569037)|STATEMENT_EXECUTE|[276]
14:52:07.0 (6569921)|STATEMENT_EXECUTE|[278]
14:52:07.0 (6574953)|VARIABLE_SCOPE_BEGIN|[278]|info|Schema.RecordTypeInfo|true|false
14:52:07.0 (6592952)|VARIABLE_ASSIGNMENT|[278]|info|"common.api.soap.wsdl.RecordTypeInfo@8334e7ee"|0x2210a951
14:52:07.0 (6595888)|STATEMENT_EXECUTE|[279]
14:52:07.0 (6598437)|HEAP_ALLOCATE|[279]|Bytes:4
14:52:07.0 (6603946)|HEAP_ALLOCATE|[EXTERNAL]|Bytes:-4
14:52:07.0 (6609265)|HEAP_ALLOCATE|[276]|Bytes:5
14:52:07.0 (6613183)|VARIABLE_SCOPE_BEGIN|[276]|key|String|false|false
14:52:07.0 (6618113)|VARIABLE_ASSIGNMENT|[276]|key|"Plan de Pagos"
14:52:07.0 (6620334)|STATEMENT_EXECUTE|[276]
14:52:07.0 (6621183)|STATEMENT_EXECUTE|[278]
14:52:07.0 (6625486)|VARIABLE_SCOPE_BEGIN|[278]|info|Schema.RecordTypeInfo|true|false
14:52:07.0 (6642539)|VARIABLE_ASSIGNMENT|[278]|info|"common.api.soap.wsdl.RecordTypeInfo@153377c6"|0x43f5afb0
14:52:07.0 (6645361)|STATEMENT_EXECUTE|[279]
14:52:07.0 (6647300)|HEAP_ALLOCATE|[279]|Bytes:4
14:52:07.0 (6652366)|HEAP_ALLOCATE|[EXTERNAL]|Bytes:-4
14:52:07.0 (6657257)|HEAP_ALLOCATE|[276]|Bytes:5
14:52:07.0 (6661030)|VARIABLE_SCOPE_BEGIN|[276]|key|String|false|false
14:52:07.0 (6665687)|VARIABLE_ASSIGNMENT|[276]|key|"Promoción no Aplicad (1 more) ..."
14:52:07.0 (6668064)|STATEMENT_EXECUTE|[276]
14:52:07.0 (6668921)|STATEMENT_EXECUTE|[278]
14:52:07.0 (6673171)|VARIABLE_SCOPE_BEGIN|[278]|info|Schema.RecordTypeInfo|true|false
14:52:07.0 (6689364)|VARIABLE_ASSIGNMENT|[278]|info|"common.api.soap.wsdl.RecordTypeInfo@48530913"|0xade8b10
14:52:07.0 (6692228)|STATEMENT_EXECUTE|[279]
14:52:07.0 (6694295)|HEAP_ALLOCATE|[279]|Bytes:4
14:52:07.0 (6699234)|HEAP_ALLOCATE|[EXTERNAL]|Bytes:-4
14:52:07.0 (6704078)|HEAP_ALLOCATE|[276]|Bytes:5
14:52:07.0 (6707878)|VARIABLE_SCOPE_BEGIN|[276]|key|String|false|false
14:52:07.0 (6712516)|VARIABLE_ASSIGNMENT|[276]|key|"Promoción no Aplicad (10 more) ..."
14:52:07.0 (6714927)|STATEMENT_EXECUTE|[276]
14:52:07.0 (6715793)|STATEMENT_EXECUTE|[278]
14:52:07.0 (6720137)|VARIABLE_SCOPE_BEGIN|[278]|info|Schema.RecordTypeInfo|true|false
14:52:07.0 (6736652)|VARIABLE_ASSIGNMENT|[278]|info|"common.api.soap.wsdl.RecordTypeInfo@54ed86c2"|0x3df0664f
14:52:07.0 (6739376)|STATEMENT_EXECUTE|[279]
14:52:07.0 (6741280)|HEAP_ALLOCATE|[279]|Bytes:4
14:52:07.0 (6746254)|HEAP_ALLOCATE|[EXTERNAL]|Bytes:-4
14:52:07.0 (6750978)|HEAP_ALLOCATE|[276]|Bytes:5
14:52:07.0 (6754778)|VARIABLE_SCOPE_BEGIN|[276]|key|String|false|false
14:52:07.0 (6759222)|VARIABLE_ASSIGNMENT|[276]|key|"Préstamo Personal"
14:52:07.0 (6761541)|STATEMENT_EXECUTE|[276]
14:52:07.0 (6762366)|STATEMENT_EXECUTE|[278]
14:52:07.0 (6766658)|VARIABLE_SCOPE_BEGIN|[278]|info|Schema.RecordTypeInfo|true|false
14:52:07.0 (6783037)|VARIABLE_ASSIGNMENT|[278]|info|"common.api.soap.wsdl.RecordTypeInfo@e847229"|0x1a0d0a81
14:52:07.0 (6785854)|STATEMENT_EXECUTE|[279]
14:52:07.0 (6787887)|HEAP_ALLOCATE|[279]|Bytes:4
14:52:07.0 (6792897)|HEAP_ALLOCATE|[EXTERNAL]|Bytes:-4
14:52:07.0 (6797706)|HEAP_ALLOCATE|[276]|Bytes:5
14:52:07.0 (6801574)|VARIABLE_SCOPE_BEGIN|[276]|key|String|false|false
14:52:07.0 (6805613)|VARIABLE_ASSIGNMENT|[276]|key|"QR"
14:52:07.0 (6807757)|STATEMENT_EXECUTE|[276]
14:52:07.0 (6808618)|STATEMENT_EXECUTE|[278]
14:52:07.0 (6812756)|VARIABLE_SCOPE_BEGIN|[278]|info|Schema.RecordTypeInfo|true|false
14:52:07.0 (6828884)|VARIABLE_ASSIGNMENT|[278]|info|"common.api.soap.wsdl.RecordTypeInfo@a3ca910f"|0x74ebae5f
14:52:07.0 (6831737)|STATEMENT_EXECUTE|[279]
14:52:07.0 (6833655)|HEAP_ALLOCATE|[279]|Bytes:4
14:52:07.0 (6838573)|HEAP_ALLOCATE|[EXTERNAL]|Bytes:-4
14:52:07.0 (6843503)|HEAP_ALLOCATE|[276]|Bytes:5
14:52:07.0 (6847328)|VARIABLE_SCOPE_BEGIN|[276]|key|String|false|false
14:52:07.0 (6851958)|VARIABLE_ASSIGNMENT|[276]|key|"Quejas y Sugerencias"
14:52:07.0 (6854013)|STATEMENT_EXECUTE|[276]
14:52:07.0 (6854872)|STATEMENT_EXECUTE|[278]
14:52:07.0 (6859143)|VARIABLE_SCOPE_BEGIN|[278]|info|Schema.RecordTypeInfo|true|false
14:52:07.0 (6875274)|VARIABLE_ASSIGNMENT|[278]|info|"common.api.soap.wsdl.RecordTypeInfo@990e8655"|0xa132dd9
14:52:07.0 (6878027)|STATEMENT_EXECUTE|[279]
14:52:07.0 (6879996)|HEAP_ALLOCATE|[279]|Bytes:4
14:52:07.0 (6884867)|HEAP_ALLOCATE|[EXTERNAL]|Bytes:-4
14:52:07.0 (6889827)|HEAP_ALLOCATE|[276]|Bytes:5
14:52:07.0 (6893625)|VARIABLE_SCOPE_BEGIN|[276]|key|String|false|false
14:52:07.0 (6898511)|VARIABLE_ASSIGNMENT|[276]|key|"Quejas y/o Sugerenci (11 more) ..."
14:52:07.0 (6900598)|STATEMENT_EXECUTE|[276]
14:52:07.0 (6901468)|STATEMENT_EXECUTE|[278]
14:52:07.0 (6905663)|VARIABLE_SCOPE_BEGIN|[278]|info|Schema.RecordTypeInfo|true|false
14:52:07.0 (6921875)|VARIABLE_ASSIGNMENT|[278]|info|"common.api.soap.wsdl.RecordTypeInfo@c16a1b67"|0x34eff0ca
14:52:07.0 (6924825)|STATEMENT_EXECUTE|[279]
14:52:07.0 (6945885)|HEAP_ALLOCATE|[279]|Bytes:4
14:52:07.0 (6956312)|HEAP_ALLOCATE|[EXTERNAL]|Bytes:-4
14:52:07.0 (6964744)|HEAP_ALLOCATE|[276]|Bytes:5
14:52:07.0 (6971768)|VARIABLE_SCOPE_BEGIN|[276]|key|String|false|false
14:52:07.0 (6979242)|VARIABLE_ASSIGNMENT|[276]|key|"Quita"
14:52:07.0 (6981607)|STATEMENT_EXECUTE|[276]
14:52:07.0 (6982565)|STATEMENT_EXECUTE|[278]
14:52:07.0 (6987209)|VARIABLE_SCOPE_BEGIN|[278]|info|Schema.RecordTypeInfo|true|false
14:52:07.0 (7009958)|VARIABLE_ASSIGNMENT|[278]|info|"common.api.soap.wsdl.RecordTypeInfo@537d4e99"|0x46c4add4
14:52:07.0 (7014372)|STATEMENT_EXECUTE|[279]
14:52:07.0 (7017547)|HEAP_ALLOCATE|[279]|Bytes:4
14:52:07.0 (7024809)|HEAP_ALLOCATE|[EXTERNAL]|Bytes:-4
14:52:07.0 (7030503)|HEAP_ALLOCATE|[276]|Bytes:5
14:52:07.0 (7034876)|VARIABLE_SCOPE_BEGIN|[276]|key|String|false|false
14:52:07.0 (7039150)|VARIABLE_ASSIGNMENT|[276]|key|"REDECO"
14:52:07.0 (7041274)|STATEMENT_EXECUTE|[276]
14:52:07.0 (7042130)|STATEMENT_EXECUTE|[278]
14:52:07.0 (7046734)|VARIABLE_SCOPE_BEGIN|[278]|info|Schema.RecordTypeInfo|true|false
14:52:07.0 (7064454)|VARIABLE_ASSIGNMENT|[278]|info|"common.api.soap.wsdl.RecordTypeInfo@21ba273d"|0x6f746a05
14:52:07.0 (7067423)|STATEMENT_EXECUTE|[279]
14:52:07.0 (7069598)|HEAP_ALLOCATE|[279]|Bytes:4
14:52:07.0 (7075027)|HEAP_ALLOCATE|[EXTERNAL]|Bytes:-4
14:52:07.0 (7079768)|HEAP_ALLOCATE|[276]|Bytes:5
14:52:07.0 (7083908)|VARIABLE_SCOPE_BEGIN|[276]|key|String|false|false
14:52:07.0 (7088797)|VARIABLE_ASSIGNMENT|[276]|key|"Reenvío de Estado de (7 more) ..."
14:52:07.0 (7091272)|STATEMENT_EXECUTE|[276]
14:52:07.0 (7092109)|STATEMENT_EXECUTE|[278]
14:52:07.0 (7096525)|VARIABLE_SCOPE_BEGIN|[278]|info|Schema.RecordTypeInfo|true|false
14:52:07.0 (7113381)|VARIABLE_ASSIGNMENT|[278]|info|"common.api.soap.wsdl.RecordTypeInfo@2f4fb732"|0x7c9affd7
14:52:07.0 (7116268)|STATEMENT_EXECUTE|[279]
14:52:07.0 (7118261)|HEAP_ALLOCATE|[279]|Bytes:4
14:52:07.0 (7123358)|HEAP_ALLOCATE|[EXTERNAL]|Bytes:-4
14:52:07.0 (7128170)|HEAP_ALLOCATE|[276]|Bytes:5
14:52:07.0 (7132063)|VARIABLE_SCOPE_BEGIN|[276]|key|String|false|false
14:52:07.0 (7136586)|VARIABLE_ASSIGNMENT|[276]|key|"Reestructura"
14:52:07.0 (7138681)|STATEMENT_EXECUTE|[276]
14:52:07.0 (7139557)|STATEMENT_EXECUTE|[278]
14:52:07.0 (7143873)|VARIABLE_SCOPE_BEGIN|[278]|info|Schema.RecordTypeInfo|true|false
14:52:07.0 (7160508)|VARIABLE_ASSIGNMENT|[278]|info|"common.api.soap.wsdl.RecordTypeInfo@f96295ed"|0x37b8292e
14:52:07.0 (7163249)|STATEMENT_EXECUTE|[279]
14:52:07.0 (7165231)|HEAP_ALLOCATE|[279]|Bytes:4
14:52:07.0 (7170074)|HEAP_ALLOCATE|[EXTERNAL]|Bytes:-4
14:52:07.0 (7175048)|HEAP_ALLOCATE|[276]|Bytes:5
14:52:07.0 (7178816)|VARIABLE_SCOPE_BEGIN|[276]|key|String|false|false
14:52:07.0 (7182991)|VARIABLE_ASSIGNMENT|[276]|key|"Remisión"
14:52:07.0 (7185469)|STATEMENT_EXECUTE|[276]
14:52:07.0 (7186305)|STATEMENT_EXECUTE|[278]
14:52:07.0 (7190659)|VARIABLE_SCOPE_BEGIN|[278]|info|Schema.RecordTypeInfo|true|false
14:52:07.0 (7207195)|VARIABLE_ASSIGNMENT|[278]|info|"common.api.soap.wsdl.RecordTypeInfo@e1e2d95d"|0x54719800
14:52:07.0 (7210211)|STATEMENT_EXECUTE|[279]
14:52:07.0 (7212142)|HEAP_ALLOCATE|[279]|Bytes:4
14:52:07.0 (7217176)|HEAP_ALLOCATE|[EXTERNAL]|Bytes:-4
14:52:07.0 (7221916)|HEAP_ALLOCATE|[276]|Bytes:5
14:52:07.0 (7225748)|VARIABLE_SCOPE_BEGIN|[276]|key|String|false|false
14:52:07.0 (7229910)|VARIABLE_ASSIGNMENT|[276]|key|"Renegociación"
14:52:07.0 (7232574)|STATEMENT_EXECUTE|[276]
14:52:07.0 (7233439)|STATEMENT_EXECUTE|[278]
14:52:07.0 (7237823)|VARIABLE_SCOPE_BEGIN|[278]|info|Schema.RecordTypeInfo|true|false
14:52:07.0 (7254247)|VARIABLE_ASSIGNMENT|[278]|info|"common.api.soap.wsdl.RecordTypeInfo@23cd8d41"|0x1899e4c9
14:52:07.0 (7257187)|STATEMENT_EXECUTE|[279]
14:52:07.0 (7259018)|HEAP_ALLOCATE|[279]|Bytes:4
14:52:07.0 (7263939)|HEAP_ALLOCATE|[EXTERNAL]|Bytes:-4
14:52:07.0 (7268854)|HEAP_ALLOCATE|[276]|Bytes:5
14:52:07.0 (7272669)|VARIABLE_SCOPE_BEGIN|[276]|key|String|false|false
14:52:07.0 (7277621)|VARIABLE_ASSIGNMENT|[276]|key|"Reporte por Deterior (1 more) ..."
14:52:07.0 (7279885)|STATEMENT_EXECUTE|[276]
14:52:07.0 (7280784)|STATEMENT_EXECUTE|[278]
14:52:07.0 (7285198)|VARIABLE_SCOPE_BEGIN|[278]|info|Schema.RecordTypeInfo|true|false
14:52:07.0 (7302245)|VARIABLE_ASSIGNMENT|[278]|info|"common.api.soap.wsdl.RecordTypeInfo@d6e6859d"|0x33d6c44a
14:52:07.0 (7305073)|STATEMENT_EXECUTE|[279]
14:52:07.0 (7306998)|HEAP_ALLOCATE|[279]|Bytes:4
14:52:07.0 (7312016)|HEAP_ALLOCATE|[EXTERNAL]|Bytes:-4
14:52:07.0 (7316761)|HEAP_ALLOCATE|[276]|Bytes:5
14:52:07.0 (7320645)|VARIABLE_SCOPE_BEGIN|[276]|key|String|false|false
14:52:07.0 (7325268)|VARIABLE_ASSIGNMENT|[276]|key|"Reporte por Retenció (8 more) ..."
14:52:07.0 (7327664)|STATEMENT_EXECUTE|[276]
14:52:07.0 (7328519)|STATEMENT_EXECUTE|[278]
14:52:07.0 (7332984)|VARIABLE_SCOPE_BEGIN|[278]|info|Schema.RecordTypeInfo|true|false
14:52:07.0 (7349045)|VARIABLE_ASSIGNMENT|[278]|info|"common.api.soap.wsdl.RecordTypeInfo@e985f6a7"|0x45516a47
14:52:07.0 (7351932)|STATEMENT_EXECUTE|[279]
14:52:07.0 (7353923)|HEAP_ALLOCATE|[279]|Bytes:4
14:52:07.0 (7358978)|HEAP_ALLOCATE|[EXTERNAL]|Bytes:-4
14:52:07.0 (7363611)|HEAP_ALLOCATE|[276]|Bytes:5
14:52:07.0 (7367322)|VARIABLE_SCOPE_BEGIN|[276]|key|String|false|false
14:52:07.0 (7371829)|VARIABLE_ASSIGNMENT|[276]|key|"Reporte por Robo o E (7 more) ..."
14:52:07.0 (7373893)|STATEMENT_EXECUTE|[276]
14:52:07.0 (7374729)|STATEMENT_EXECUTE|[278]
14:52:07.0 (7379421)|VARIABLE_SCOPE_BEGIN|[278]|info|Schema.RecordTypeInfo|true|false
14:52:07.0 (7395444)|VARIABLE_ASSIGNMENT|[278]|info|"common.api.soap.wsdl.RecordTypeInfo@ed6b1696"|0x1db84b75
14:52:07.0 (7398404)|STATEMENT_EXECUTE|[279]
14:52:07.0 (7400323)|HEAP_ALLOCATE|[279]|Bytes:4
14:52:07.0 (7405369)|HEAP_ALLOCATE|[EXTERNAL]|Bytes:-4
14:52:07.0 (7410203)|HEAP_ALLOCATE|[276]|Bytes:5
14:52:07.0 (7413975)|VARIABLE_SCOPE_BEGIN|[276]|key|String|false|false
14:52:07.0 (7418275)|VARIABLE_ASSIGNMENT|[276]|key|"Reposición"
14:52:07.0 (7420745)|STATEMENT_EXECUTE|[276]
14:52:07.0 (7421598)|STATEMENT_EXECUTE|[278]
14:52:07.0 (7426089)|VARIABLE_SCOPE_BEGIN|[278]|info|Schema.RecordTypeInfo|true|false
14:52:07.0 (7442841)|VARIABLE_ASSIGNMENT|[278]|info|"common.api.soap.wsdl.RecordTypeInfo@bc60712d"|0x4ad05ba7
14:52:07.0 (7445700)|STATEMENT_EXECUTE|[279]
14:52:07.0 (7447590)|HEAP_ALLOCATE|[279]|Bytes:4
14:52:07.0 (7452774)|HEAP_ALLOCATE|[EXTERNAL]|Bytes:-4
14:52:07.0 (7457848)|HEAP_ALLOCATE|[276]|Bytes:5
14:52:07.0 (7461713)|VARIABLE_SCOPE_BEGIN|[276]|key|String|false|false
14:52:07.0 (7466003)|VARIABLE_ASSIGNMENT|[276]|key|"Retención de Titular"
14:52:07.0 (7468557)|STATEMENT_EXECUTE|[276]
14:52:07.0 (7469404)|STATEMENT_EXECUTE|[278]
14:52:07.0 (7473724)|VARIABLE_SCOPE_BEGIN|[278]|info|Schema.RecordTypeInfo|true|false
14:52:07.0 (7489955)|VARIABLE_ASSIGNMENT|[278]|info|"common.api.soap.wsdl.RecordTypeInfo@a96fa95b"|0x4fa12223
14:52:07.0 (7493016)|STATEMENT_EXECUTE|[279]
14:52:07.0 (7495033)|HEAP_ALLOCATE|[279]|Bytes:4
14:52:07.0 (7499990)|HEAP_ALLOCATE|[EXTERNAL]|Bytes:-4
14:52:07.0 (7506338)|HEAP_ALLOCATE|[276]|Bytes:5
14:52:07.0 (7513067)|VARIABLE_SCOPE_BEGIN|[276]|key|String|false|false
14:52:07.0 (7520093)|VARIABLE_ASSIGNMENT|[276]|key|"Retiro de Efectivo e (14 more) ..."
14:52:07.0 (7523340)|STATEMENT_EXECUTE|[276]
14:52:07.0 (7524599)|STATEMENT_EXECUTE|[278]
14:52:07.0 (7529483)|VARIABLE_SCOPE_BEGIN|[278]|info|Schema.RecordTypeInfo|true|false
14:52:07.0 (7547634)|VARIABLE_ASSIGNMENT|[278]|info|"common.api.soap.wsdl.RecordTypeInfo@91248e51"|0x16c7ac2
14:52:07.0 (7550568)|STATEMENT_EXECUTE|[279]
14:52:07.0 (7552798)|HEAP_ALLOCATE|[279]|Bytes:4
14:52:07.0 (7558137)|HEAP_ALLOCATE|[EXTERNAL]|Bytes:-4
14:52:07.0 (7563318)|HEAP_ALLOCATE|[276]|Bytes:5
14:52:07.0 (7567477)|VARIABLE_SCOPE_BEGIN|[276]|key|String|false|false
14:52:07.0 (7572444)|VARIABLE_ASSIGNMENT|[276]|key|"Retiro de efectivo e (5 more) ..."
14:52:07.0 (7574562)|STATEMENT_EXECUTE|[276]
14:52:07.0 (7575408)|STATEMENT_EXECUTE|[278]
14:52:07.0 (7579843)|VARIABLE_SCOPE_BEGIN|[278]|info|Schema.RecordTypeInfo|true|false
14:52:07.0 (7596162)|VARIABLE_ASSIGNMENT|[278]|info|"common.api.soap.wsdl.RecordTypeInfo@20767856"|0x5e506a79
14:52:07.0 (7599154)|STATEMENT_EXECUTE|[279]
14:52:07.0 (7601194)|HEAP_ALLOCATE|[279]|Bytes:4
14:52:07.0 (7606547)|HEAP_ALLOCATE|[EXTERNAL]|Bytes:-4
14:52:07.0 (7611459)|HEAP_ALLOCATE|[276]|Bytes:5
14:52:07.0 (7615273)|VARIABLE_SCOPE_BEGIN|[276]|key|String|false|false
14:52:07.0 (7619883)|VARIABLE_ASSIGNMENT|[276]|key|"Retorno de Tarjeta"
14:52:07.0 (7622105)|STATEMENT_EXECUTE|[276]
14:52:07.0 (7622956)|STATEMENT_EXECUTE|[278]
14:52:07.0 (7627560)|VARIABLE_SCOPE_BEGIN|[278]|info|Schema.RecordTypeInfo|true|false
14:52:07.0 (7644017)|VARIABLE_ASSIGNMENT|[278]|info|"common.api.soap.wsdl.RecordTypeInfo@6bda56db"|0x16150f77
14:52:07.0 (7647045)|STATEMENT_EXECUTE|[279]
14:52:07.0 (7648998)|HEAP_ALLOCATE|[279]|Bytes:4
14:52:07.0 (7654062)|HEAP_ALLOCATE|[EXTERNAL]|Bytes:-4
14:52:07.0 (7659186)|HEAP_ALLOCATE|[276]|Bytes:5
14:52:07.0 (7662863)|VARIABLE_SCOPE_BEGIN|[276]|key|String|false|false
14:52:07.0 (7667322)|VARIABLE_ASSIGNMENT|[276]|key|"Reversa de Anualidad"
14:52:07.0 (7669338)|STATEMENT_EXECUTE|[276]
14:52:07.0 (7670266)|STATEMENT_EXECUTE|[278]
14:52:07.0 (7674619)|VARIABLE_SCOPE_BEGIN|[278]|info|Schema.RecordTypeInfo|true|false
14:52:07.0 (7691105)|VARIABLE_ASSIGNMENT|[278]|info|"common.api.soap.wsdl.RecordTypeInfo@95e3f3eb"|0x50e387ac
14:52:07.0 (7694180)|STATEMENT_EXECUTE|[279]
14:52:07.0 (7696059)|HEAP_ALLOCATE|[279]|Bytes:4
14:52:07.0 (7701514)|HEAP_ALLOCATE|[EXTERNAL]|Bytes:-4
14:52:07.0 (7706425)|HEAP_ALLOCATE|[276]|Bytes:5
14:52:07.0 (7710349)|VARIABLE_SCOPE_BEGIN|[276]|key|String|false|false
14:52:07.0 (7715226)|VARIABLE_ASSIGNMENT|[276]|key|"Reversa de Anualidad (9 more) ..."
14:52:07.0 (7717311)|STATEMENT_EXECUTE|[276]
14:52:07.0 (7718151)|STATEMENT_EXECUTE|[278]
14:52:07.0 (7722829)|VARIABLE_SCOPE_BEGIN|[278]|info|Schema.RecordTypeInfo|true|false
14:52:07.0 (7739464)|VARIABLE_ASSIGNMENT|[278]|info|"common.api.soap.wsdl.RecordTypeInfo@a08d19ba"|0x32bb5d18
14:52:07.0 (7742213)|STATEMENT_EXECUTE|[279]
14:52:07.0 (7744081)|HEAP_ALLOCATE|[279]|Bytes:4
14:52:07.0 (7749076)|HEAP_ALLOCATE|[EXTERNAL]|Bytes:-4
14:52:07.0 (7754122)|HEAP_ALLOCATE|[276]|Bytes:5
14:52:07.0 (7758096)|VARIABLE_SCOPE_BEGIN|[276]|key|String|false|false
14:52:07.0 (7762698)|VARIABLE_ASSIGNMENT|[276]|key|"Reversa de Comisión"
14:52:07.0 (7765242)|STATEMENT_EXECUTE|[276]
14:52:07.0 (7766114)|STATEMENT_EXECUTE|[278]
14:52:07.0 (7770469)|VARIABLE_SCOPE_BEGIN|[278]|info|Schema.RecordTypeInfo|true|false
14:52:07.0 (7787092)|VARIABLE_ASSIGNMENT|[278]|info|"common.api.soap.wsdl.RecordTypeInfo@c12cbb8e"|0x6f65ea94
14:52:07.0 (7789981)|STATEMENT_EXECUTE|[279]
14:52:07.0 (7792061)|HEAP_ALLOCATE|[279]|Bytes:4
14:52:07.0 (7797204)|HEAP_ALLOCATE|[EXTERNAL]|Bytes:-4
14:52:07.0 (7802389)|HEAP_ALLOCATE|[276]|Bytes:5
14:52:07.0 (7806359)|VARIABLE_SCOPE_BEGIN|[276]|key|String|false|false
14:52:07.0 (7810982)|VARIABLE_ASSIGNMENT|[276]|key|"Reversa de Comisión  (8 more) ..."
14:52:07.0 (7813363)|STATEMENT_EXECUTE|[276]
14:52:07.0 (7814224)|STATEMENT_EXECUTE|[278]
14:52:07.0 (7818975)|VARIABLE_SCOPE_BEGIN|[278]|info|Schema.RecordTypeInfo|true|false
14:52:07.0 (7835949)|VARIABLE_ASSIGNMENT|[278]|info|"common.api.soap.wsdl.RecordTypeInfo@af5255b"|0x51b53eb8
14:52:07.0 (7838853)|STATEMENT_EXECUTE|[279]
14:52:07.0 (7840756)|HEAP_ALLOCATE|[279]|Bytes:4
14:52:07.0 (7845899)|HEAP_ALLOCATE|[EXTERNAL]|Bytes:-4
14:52:07.0 (7850726)|HEAP_ALLOCATE|[276]|Bytes:5
14:52:07.0 (7854637)|VARIABLE_SCOPE_BEGIN|[276]|key|String|false|false
14:52:07.0 (7859201)|VARIABLE_ASSIGNMENT|[276]|key|"Riesgos/Originación"
14:52:07.0 (7861489)|STATEMENT_EXECUTE|[276]
14:52:07.0 (7862329)|STATEMENT_EXECUTE|[278]
14:52:07.0 (7866607)|VARIABLE_SCOPE_BEGIN|[278]|info|Schema.RecordTypeInfo|true|false
14:52:07.0 (7882797)|VARIABLE_ASSIGNMENT|[278]|info|"common.api.soap.wsdl.RecordTypeInfo@b4223aba"|0x1d271dc5
14:52:07.0 (7885674)|STATEMENT_EXECUTE|[279]
14:52:07.0 (7887650)|HEAP_ALLOCATE|[279]|Bytes:4
14:52:07.0 (7892519)|HEAP_ALLOCATE|[EXTERNAL]|Bytes:-4
14:52:07.0 (7897306)|HEAP_ALLOCATE|[276]|Bytes:5
14:52:07.0 (7901263)|VARIABLE_SCOPE_BEGIN|[276]|key|String|false|false
14:52:07.0 (7905721)|VARIABLE_ASSIGNMENT|[276]|key|"Saldo a Favor"
14:52:07.0 (7907845)|STATEMENT_EXECUTE|[276]
14:52:07.0 (7908685)|STATEMENT_EXECUTE|[278]
14:52:07.0 (7913021)|VARIABLE_SCOPE_BEGIN|[278]|info|Schema.RecordTypeInfo|true|false
14:52:07.0 (7929141)|VARIABLE_ASSIGNMENT|[278]|info|"common.api.soap.wsdl.RecordTypeInfo@3723677e"|0x751cc0e4
14:52:07.0 (7932053)|STATEMENT_EXECUTE|[279]
14:52:07.0 (7933997)|HEAP_ALLOCATE|[279]|Bytes:4
14:52:07.0 (7938811)|HEAP_ALLOCATE|[EXTERNAL]|Bytes:-4
14:52:07.0 (7943664)|HEAP_ALLOCATE|[276]|Bytes:5
14:52:07.0 (7947557)|VARIABLE_SCOPE_BEGIN|[276]|key|String|false|false
14:52:07.0 (7951895)|VARIABLE_ASSIGNMENT|[276]|key|"Seguimiento a Folios"
14:52:07.0 (7954003)|STATEMENT_EXECUTE|[276]
14:52:07.0 (7954854)|STATEMENT_EXECUTE|[278]
14:52:07.0 (7959037)|VARIABLE_SCOPE_BEGIN|[278]|info|Schema.RecordTypeInfo|true|false
14:52:07.0 (7975409)|VARIABLE_ASSIGNMENT|[278]|info|"common.api.soap.wsdl.RecordTypeInfo@eb3cbf33"|0x356da599
14:52:07.0 (7978314)|STATEMENT_EXECUTE|[279]
14:52:07.0 (7980264)|HEAP_ALLOCATE|[279]|Bytes:4
14:52:07.0 (7985225)|HEAP_ALLOCATE|[EXTERNAL]|Bytes:-4
14:52:07.0 (7990265)|HEAP_ALLOCATE|[276]|Bytes:5
14:52:07.0 (7994176)|VARIABLE_SCOPE_BEGIN|[276]|key|String|false|false
14:52:07.0 (7998978)|VARIABLE_ASSIGNMENT|[276]|key|"Solicitud de Contrat (1 more) ..."
14:52:07.0 (8001028)|STATEMENT_EXECUTE|[276]
14:52:07.0 (8002520)|STATEMENT_EXECUTE|[278]
14:52:07.0 (8006886)|VARIABLE_SCOPE_BEGIN|[278]|info|Schema.RecordTypeInfo|true|false
14:52:07.0 (8023100)|VARIABLE_ASSIGNMENT|[278]|info|"common.api.soap.wsdl.RecordTypeInfo@7488117c"|0x4d550d72
14:52:07.0 (8025880)|STATEMENT_EXECUTE|[279]
14:52:07.0 (8027851)|HEAP_ALLOCATE|[279]|Bytes:4
14:52:07.0 (8032875)|HEAP_ALLOCATE|[EXTERNAL]|Bytes:-4
14:52:07.0 (8037668)|HEAP_ALLOCATE|[276]|Bytes:5
14:52:07.0 (8041556)|VARIABLE_SCOPE_BEGIN|[276]|key|String|false|false
14:52:07.0 (8046007)|VARIABLE_ASSIGNMENT|[276]|key|"Soporte a Módulo"
14:52:07.0 (8048335)|STATEMENT_EXECUTE|[276]
14:52:07.0 (8049581)|STATEMENT_EXECUTE|[278]
14:52:07.0 (8055838)|VARIABLE_SCOPE_BEGIN|[278]|info|Schema.RecordTypeInfo|true|false
14:52:07.0 (8078905)|VARIABLE_ASSIGNMENT|[278]|info|"common.api.soap.wsdl.RecordTypeInfo@a144407d"|0x6839e828
14:52:07.0 (8082477)|STATEMENT_EXECUTE|[279]
14:52:07.0 (8084985)|HEAP_ALLOCATE|[279]|Bytes:4
14:52:07.0 (8091072)|HEAP_ALLOCATE|[EXTERNAL]|Bytes:-4
14:52:07.0 (8096251)|HEAP_ALLOCATE|[276]|Bytes:5
14:52:07.0 (8100219)|VARIABLE_SCOPE_BEGIN|[276]|key|String|false|false
14:52:07.0 (8104697)|VARIABLE_ASSIGNMENT|[276]|key|"Sospecha de Fraude"
14:52:07.0 (8106727)|STATEMENT_EXECUTE|[276]
14:52:07.0 (8107575)|STATEMENT_EXECUTE|[278]
14:52:07.0 (8111964)|VARIABLE_SCOPE_BEGIN|[278]|info|Schema.RecordTypeInfo|true|false
14:52:07.0 (8128410)|VARIABLE_ASSIGNMENT|[278]|info|"common.api.soap.wsdl.RecordTypeInfo@6c3b7acf"|0x7b311e2b
14:52:07.0 (8131236)|STATEMENT_EXECUTE|[279]
14:52:07.0 (8133080)|HEAP_ALLOCATE|[279]|Bytes:4
14:52:07.0 (8137912)|HEAP_ALLOCATE|[EXTERNAL]|Bytes:-4
14:52:07.0 (8143057)|HEAP_ALLOCATE|[276]|Bytes:5
14:52:07.0 (8146991)|VARIABLE_SCOPE_BEGIN|[276]|key|String|false|false
14:52:07.0 (8151731)|VARIABLE_ASSIGNMENT|[276]|key|"Sospecha de fraudes  (8 more) ..."
14:52:07.0 (8153785)|STATEMENT_EXECUTE|[276]
14:52:07.0 (8154610)|STATEMENT_EXECUTE|[278]
14:52:07.0 (8158933)|VARIABLE_SCOPE_BEGIN|[278]|info|Schema.RecordTypeInfo|true|false
14:52:07.0 (8181862)|VARIABLE_ASSIGNMENT|[278]|info|"common.api.soap.wsdl.RecordTypeInfo@8088bf01"|0x23a83db9
14:52:07.0 (8185579)|STATEMENT_EXECUTE|[279]
14:52:07.0 (8188126)|HEAP_ALLOCATE|[279]|Bytes:4
14:52:07.0 (8193624)|HEAP_ALLOCATE|[EXTERNAL]|Bytes:-4
14:52:07.0 (8198561)|HEAP_ALLOCATE|[276]|Bytes:5
14:52:07.0 (8202669)|VARIABLE_SCOPE_BEGIN|[276]|key|String|false|false
14:52:07.0 (8207340)|VARIABLE_ASSIGNMENT|[276]|key|"Tarjeta de Crédito"
14:52:07.0 (8209811)|STATEMENT_EXECUTE|[276]
14:52:07.0 (8210672)|STATEMENT_EXECUTE|[278]
14:52:07.0 (8215015)|VARIABLE_SCOPE_BEGIN|[278]|info|Schema.RecordTypeInfo|true|false
14:52:07.0 (8232805)|VARIABLE_ASSIGNMENT|[278]|info|"common.api.soap.wsdl.RecordTypeInfo@5d93dd17"|0x46f38a23
14:52:07.0 (8237651)|STATEMENT_EXECUTE|[279]
14:52:07.0 (8240810)|HEAP_ALLOCATE|[279]|Bytes:4
14:52:07.0 (8253785)|HEAP_ALLOCATE|[EXTERNAL]|Bytes:-4
14:52:07.0 (8259985)|HEAP_ALLOCATE|[276]|Bytes:5
14:52:07.0 (8264079)|VARIABLE_SCOPE_BEGIN|[276]|key|String|false|false
14:52:07.0 (8268910)|VARIABLE_ASSIGNMENT|[276]|key|"Tarjeta no pasa"
14:52:07.0 (8271066)|STATEMENT_EXECUTE|[276]
14:52:07.0 (8271912)|STATEMENT_EXECUTE|[278]
14:52:07.0 (8276567)|VARIABLE_SCOPE_BEGIN|[278]|info|Schema.RecordTypeInfo|true|false
14:52:07.0 (8295160)|VARIABLE_ASSIGNMENT|[278]|info|"common.api.soap.wsdl.RecordTypeInfo@e5bf180e"|0x612c427d
14:52:07.0 (8298180)|STATEMENT_EXECUTE|[279]
14:52:07.0 (8300326)|HEAP_ALLOCATE|[279]|Bytes:4
14:52:07.0 (8305724)|HEAP_ALLOCATE|[EXTERNAL]|Bytes:-4
14:52:07.0 (8310530)|HEAP_ALLOCATE|[276]|Bytes:5
14:52:07.0 (8314407)|VARIABLE_SCOPE_BEGIN|[276]|key|String|false|false
14:52:07.0 (8319410)|VARIABLE_ASSIGNMENT|[276]|key|"Tarjeta no pasa (Mód (4 more) ..."
14:52:07.0 (8321861)|STATEMENT_EXECUTE|[276]
14:52:07.0 (8322801)|STATEMENT_EXECUTE|[278]
14:52:07.0 (8327103)|VARIABLE_SCOPE_BEGIN|[278]|info|Schema.RecordTypeInfo|true|false
14:52:07.0 (8344671)|VARIABLE_ASSIGNMENT|[278]|info|"common.api.soap.wsdl.RecordTypeInfo@aa34942d"|0x121fc835
14:52:07.0 (8347845)|STATEMENT_EXECUTE|[279]
14:52:07.0 (8349920)|HEAP_ALLOCATE|[279]|Bytes:4
14:52:07.0 (8354875)|HEAP_ALLOCATE|[EXTERNAL]|Bytes:-4
14:52:07.0 (8359620)|HEAP_ALLOCATE|[276]|Bytes:5
14:52:07.0 (8363630)|VARIABLE_SCOPE_BEGIN|[276]|key|String|false|false
14:52:07.0 (8367810)|VARIABLE_ASSIGNMENT|[276]|key|"Up Grade"
14:52:07.0 (8369940)|STATEMENT_EXECUTE|[276]
14:52:07.0 (8370777)|STATEMENT_EXECUTE|[278]
14:52:07.0 (8375220)|VARIABLE_SCOPE_BEGIN|[278]|info|Schema.RecordTypeInfo|true|false
14:52:07.0 (8391528)|VARIABLE_ASSIGNMENT|[278]|info|"common.api.soap.wsdl.RecordTypeInfo@f6ba334"|0x70b86a3a
14:52:07.0 (8394596)|STATEMENT_EXECUTE|[279]
14:52:07.0 (8396611)|HEAP_ALLOCATE|[279]|Bytes:4
14:52:07.0 (8403428)|HEAP_ALLOCATE|[EXTERNAL]|Bytes:-4
14:52:07.0 (8411325)|HEAP_ALLOCATE|[276]|Bytes:5
14:52:07.0 (8416831)|VARIABLE_SCOPE_BEGIN|[276]|key|String|false|false
14:52:07.0 (8421268)|VARIABLE_ASSIGNMENT|[276]|key|"WEB"
14:52:07.0 (8423402)|STATEMENT_EXECUTE|[276]
14:52:07.0 (8424260)|STATEMENT_EXECUTE|[278]
14:52:07.0 (8428706)|VARIABLE_SCOPE_BEGIN|[278]|info|Schema.RecordTypeInfo|true|false
14:52:07.0 (8446621)|VARIABLE_ASSIGNMENT|[278]|info|"common.api.soap.wsdl.RecordTypeInfo@288d39b"|0x2a40549c
14:52:07.0 (8449577)|STATEMENT_EXECUTE|[279]
14:52:07.0 (8451821)|HEAP_ALLOCATE|[279]|Bytes:4
14:52:07.0 (8457484)|HEAP_ALLOCATE|[EXTERNAL]|Bytes:-4
14:52:07.0 (8462489)|HEAP_ALLOCATE|[276]|Bytes:5
14:52:07.0 (8466346)|VARIABLE_SCOPE_BEGIN|[276]|key|String|false|false
14:52:07.0 (8470632)|VARIABLE_ASSIGNMENT|[276]|key|"Master"
14:52:07.0 (8472686)|STATEMENT_EXECUTE|[276]
14:52:07.0 (8473534)|STATEMENT_EXECUTE|[278]
14:52:07.0 (8477905)|VARIABLE_SCOPE_BEGIN|[278]|info|Schema.RecordTypeInfo|true|false
14:52:07.0 (8494523)|VARIABLE_ASSIGNMENT|[278]|info|"common.api.soap.wsdl.RecordTypeInfo@414d784a"|0x297cc403
14:52:07.0 (8497437)|STATEMENT_EXECUTE|[279]
14:52:07.0 (8499563)|HEAP_ALLOCATE|[279]|Bytes:4
14:52:07.0 (8504897)|HEAP_ALLOCATE|[EXTERNAL]|Bytes:-4
14:52:07.0 (8510011)|HEAP_ALLOCATE|[276]|Bytes:5
14:52:07.0 (8516440)|VARIABLE_ASSIGNMENT|[276]|key|null
14:52:07.0 (8520069)|STATEMENT_EXECUTE|[283]
14:52:07.8 (8575177)|CUMULATIVE_LIMIT_USAGE
14:52:07.8 (8575177)|LIMIT_USAGE_FOR_NS|(default)|
  Number of SOQL queries: 0 out of 100
  Number of query rows: 0 out of 50000
  Number of SOSL queries: 0 out of 20
  Number of DML statements: 0 out of 150
  Number of Publish Immediate DML: 0 out of 150
  Number of DML rows: 0 out of 10000
  Maximum CPU time: 0 out of 10000
  Maximum heap size: 0 out of 6000000
  Number of callouts: 0 out of 100
  Number of Email Invocations: 0 out of 10
  Number of future calls: 0 out of 50
  Number of queueable jobs added to the queue: 0 out of 50
  Number of Mobile Apex push calls: 0 out of 10

14:52:07.8 (8575177)|CUMULATIVE_LIMIT_USAGE_END

14:52:07.0 (8601755)|CODE_UNIT_FINISHED|AuthenticateCustomerController.getCaseRecordTypesByName()
14:52:07.0 (8893281)|CODE_UNIT_FINISHED|apex://AuthenticateCustomerController/ACTION$getCaseRecordTypesByName
14:52:07.0 (8899806)|EXECUTION_FINISHED
