52.0 APEX_CODE,FINEST;APEX_PROFILING,INFO;CALLOUT,INFO;DATA_ACCESS,INFO;DB,INFO;NBA,INFO;SYSTEM,DEBUG;VALIDATION,INFO;VISUALFORCE,INFO;WAVE,INFO;WORKFLOW,INFO
17:57:01.0 (314282)|USER_INFO|[EXTERNAL]|0051N000008bAK9|contingenciafalabella@falabella.com.mx|(GMT-06:00) Central Standard Time (America/Mexico_City)|GMT-06:00
17:57:01.0 (415882)|EXECUTION_STARTED
17:57:01.0 (451494)|CODE_UNIT_STARTED|[EXTERNAL]|01p3l00000EBsec|BatchUpdateCaseGestorBO
17:57:01.0 (5582730)|HEAP_ALLOCATE|[95]|Bytes:3
17:57:01.0 (5727536)|HEAP_ALLOCATE|[100]|Bytes:152
17:57:01.0 (5746404)|HEAP_ALLOCATE|[417]|Bytes:408
17:57:01.0 (5758137)|HEAP_ALLOCATE|[430]|Bytes:408
17:57:01.0 (5783028)|HEAP_ALLOCATE|[317]|Bytes:6
17:57:01.0 (10887053)|HEAP_ALLOCATE|[EXTERNAL]|Bytes:98
17:57:01.0 (17053594)|HEAP_ALLOCATE|[EXTERNAL]|Bytes:11
17:57:01.0 (17157443)|SYSTEM_METHOD_ENTRY|[15]|BatchableContextImpl.BatchableContextImpl()
17:57:01.0 (17179762)|STATEMENT_EXECUTE|[15]
17:57:01.0 (17201458)|SYSTEM_METHOD_EXIT|[15]|BatchableContextImpl
17:57:01.0 (17208469)|HEAP_ALLOCATE|[EXTERNAL]|Bytes:12
17:57:01.0 (17212629)|HEAP_ALLOCATE|[EXTERNAL]|Bytes:4
17:57:01.0 (17214349)|HEAP_ALLOCATE|[EXTERNAL]|Bytes:4
17:57:01.0 (17229912)|VARIABLE_SCOPE_BEGIN|[31]|this|Database.BatchableContextImpl|true|false
17:57:01.0 (17398411)|VARIABLE_ASSIGNMENT|[31]|this|{}|0xa885626
17:57:01.0 (17403206)|VARIABLE_SCOPE_BEGIN|[31]|jobId|Id|false|false
17:57:01.0 (17510789)|VARIABLE_ASSIGNMENT|[31]|jobId|"707RQ00001vVTVNYA4"
17:57:01.0 (17514259)|VARIABLE_SCOPE_BEGIN|[31]|childJobId|Id|false|false
17:57:01.0 (17523800)|VARIABLE_ASSIGNMENT|[31]|childJobId|"707RQ00001vVVC6YAO"
17:57:01.0 (37586635)|HEAP_ALLOCATE|[EXTERNAL]|Bytes:16
17:57:03.296 (2296268797)|CUMULATIVE_LIMIT_USAGE
17:57:03.296 (2296268797)|LIMIT_USAGE_FOR_NS|(default)|
  Number of SOQL queries: 0 out of 200
  Number of query rows: 0 out of 50000
  Number of SOSL queries: 0 out of 20
  Number of DML statements: 0 out of 150
  Number of Publish Immediate DML: 0 out of 150
  Number of DML rows: 0 out of 10000
  Maximum CPU time: 0 out of 60000
  Maximum heap size: 0 out of 12000000
  Number of callouts: 0 out of 0
  Number of Email Invocations: 0 out of 10
  Number of future calls: 0 out of 0
  Number of queueable jobs added to the queue: 0 out of 1
  Number of Mobile Apex push calls: 0 out of 10

17:57:03.296 (2296268797)|CUMULATIVE_LIMIT_USAGE_END

17:57:03.296 (2296388506)|CODE_UNIT_FINISHED|BatchUpdateCaseGestorBO
17:57:03.296 (2296411616)|EXECUTION_FINISHED
