52.0 APEX_CODE,FINEST;APEX_PROFILING,INFO;CALLOUT,INFO;DATA_ACCESS,INFO;DB,INFO;NBA,INFO;SYSTEM,DEBUG;VALIDATION,INFO;VISUALFORCE,INFO;WAVE,INFO;WORKFLOW,INFO
17:51:03.0 (278913)|USER_INFO|[EXTERNAL]|0051N000008bAK9|contingenciafalabella@falabella.com.mx|(GMT-06:00) Central Standard Time (America/Mexico_City)|GMT-06:00
17:51:03.0 (398938)|EXECUTION_STARTED
17:51:03.0 (431428)|CODE_UNIT_STARTED|[EXTERNAL]|01p3l00000EBsec|BatchUpdateCaseGestorBO
17:51:03.0 (1380356)|HEAP_ALLOCATE|[95]|Bytes:3
17:51:03.0 (1533534)|HEAP_ALLOCATE|[100]|Bytes:152
17:51:03.0 (1553210)|HEAP_ALLOCATE|[417]|Bytes:408
17:51:03.0 (1569710)|HEAP_ALLOCATE|[430]|Bytes:408
17:51:03.0 (1602702)|HEAP_ALLOCATE|[317]|Bytes:6
17:51:03.0 (2687995)|HEAP_ALLOCATE|[EXTERNAL]|Bytes:98
17:51:03.0 (3136044)|HEAP_ALLOCATE|[EXTERNAL]|Bytes:11
17:51:03.0 (3209892)|SYSTEM_METHOD_ENTRY|[15]|BatchableContextImpl.BatchableContextImpl()
17:51:03.0 (3230806)|STATEMENT_EXECUTE|[15]
17:51:03.0 (3254087)|SYSTEM_METHOD_EXIT|[15]|BatchableContextImpl
17:51:03.0 (3270832)|HEAP_ALLOCATE|[EXTERNAL]|Bytes:12
17:51:03.0 (3275078)|HEAP_ALLOCATE|[EXTERNAL]|Bytes:4
17:51:03.0 (3294235)|VARIABLE_SCOPE_BEGIN|[31]|this|Database.BatchableContextImpl|true|false
17:51:03.0 (3470611)|VARIABLE_ASSIGNMENT|[31]|this|{}|0x4ef15e92
17:51:03.0 (3476996)|VARIABLE_SCOPE_BEGIN|[31]|jobId|Id|false|false
17:51:03.0 (3598661)|VARIABLE_ASSIGNMENT|[31]|jobId|"707RQ00001vVUijYAG"
17:51:03.0 (3603576)|VARIABLE_SCOPE_BEGIN|[31]|childJobId|Id|false|false
17:51:03.0 (3611598)|VARIABLE_ASSIGNMENT|[31]|childJobId|null
17:51:03.0 (16854180)|HEAP_ALLOCATE|[EXTERNAL]|Bytes:99
17:51:03.0 (16872938)|HEAP_ALLOCATE|[EXTERNAL]|Bytes:12
17:51:03.0 (16903690)|METHOD_ENTRY|[11]|01p3l00000EBsec|BatchUpdateCaseGestorBO.BatchUpdateCaseGestorBO()
17:51:03.0 (16919856)|STATEMENT_EXECUTE|[11]
17:51:03.0 (16928712)|STATEMENT_EXECUTE|[11]
17:51:03.0 (16936110)|METHOD_EXIT|[11]|BatchUpdateCaseGestorBO
17:51:03.0 (16940636)|HEAP_ALLOCATE|[EXTERNAL]|Bytes:20
17:51:03.0 (16943413)|HEAP_ALLOCATE|[EXTERNAL]|Bytes:12
17:51:03.0 (16954082)|VARIABLE_SCOPE_BEGIN|[108]|this|BatchUpdateCaseGestorBO|true|false
17:51:03.0 (17013541)|VARIABLE_ASSIGNMENT|[108]|this|{"idQueueFraudesCredito":"00G3l000004HYBREA4","intCallMSAttempts":3,"lstRecordTypesBO":"0x23d98e2","lstRequestsWithError":"0x37cec6f7"}|0x40ee8ad0
17:51:03.0 (17018077)|VARIABLE_SCOPE_BEGIN|[108]|BC|Database.BatchableContext|true|false
17:51:03.0 (17077627)|VARIABLE_ASSIGNMENT|[108]|BC|{"jobId":"707RQ00001vVUijYAG"}|0x4ef15e92
17:51:03.0 (17086454)|STATEMENT_EXECUTE|[108]
17:51:03.0 (17161227)|STATEMENT_EXECUTE|[111]
17:51:03.30 (30960572)|CUMULATIVE_LIMIT_USAGE
17:51:03.30 (30960572)|LIMIT_USAGE_FOR_NS|(default)|
  Number of SOQL queries: 0 out of 200
  Number of query rows: 0 out of 50000
  Number of SOSL queries: 0 out of 20
  Number of DML statements: 0 out of 150
  Number of Publish Immediate DML: 0 out of 150
  Number of DML rows: 0 out of 10000
  Maximum CPU time: 0 out of 60000
  Maximum heap size: 0 out of 12000000
  Number of callouts: 0 out of 0
  Number of Email Invocations: 0 out of 10
  Number of future calls: 0 out of 0
  Number of queueable jobs added to the queue: 0 out of 1
  Number of Mobile Apex push calls: 0 out of 10

17:51:03.30 (30960572)|CUMULATIVE_LIMIT_USAGE_END

17:51:03.0 (31087173)|CODE_UNIT_FINISHED|BatchUpdateCaseGestorBO
17:51:03.0 (31108511)|EXECUTION_FINISHED
