66.0 APEX_CODE,FINEST;APEX_PROFILING,INFO;CALLOUT,INFO;DATA_ACCESS,INFO;DB,INFO;NBA,INFO;SYSTEM,DEBUG;VALIDATION,INFO;VISUALFORCE,INFO;WAVE,INFO;WORKFLOW,INFO
11:22:02.0 (158620)|USER_INFO|[EXTERNAL]|0050v0000034lag|albeltransa@falabella.com.mx.admin.uat|(GMT-06:00) Central Standard Time (America/Mexico_City)|GMT-06:00
11:22:02.0 (202242)|EXECUTION_STARTED
11:22:02.0 (212979)|CODE_UNIT_STARTED|[EXTERNAL]|apex://AuthenticateCustomerController/ACTION$getCaseRecordTypesByName
11:22:02.0 (1199815)|CODE_UNIT_STARTED|[EXTERNAL]|01p1N00000DazLB|AuthenticateCustomerController.getCaseRecordTypesByName()
11:22:02.0 (1324130)|VARIABLE_SCOPE_BEGIN|[19]|AuthenticateCustomerController.BE|String|false|true
11:22:02.0 (1520058)|HEAP_ALLOCATE|[95]|Bytes:3
11:22:02.0 (1569405)|HEAP_ALLOCATE|[100]|Bytes:152
11:22:02.0 (1586056)|HEAP_ALLOCATE|[417]|Bytes:408
11:22:02.0 (1602133)|HEAP_ALLOCATE|[430]|Bytes:408
11:22:02.0 (1628866)|HEAP_ALLOCATE|[317]|Bytes:6
11:22:02.0 (1643858)|HEAP_ALLOCATE|[EXTERNAL]|Bytes:13
11:22:02.0 (1649578)|HEAP_ALLOCATE|[EXTERNAL]|Bytes:70
11:22:02.0 (1652506)|HEAP_ALLOCATE|[EXTERNAL]|Bytes:88
11:22:02.0 (1656592)|HEAP_ALLOCATE|[EXTERNAL]|Bytes:2
11:22:02.0 (1716033)|VARIABLE_ASSIGNMENT|[EXTERNAL]|AuthenticateCustomerController.BE|"BE"
11:22:02.0 (1729946)|METHOD_ENTRY|[17]|01p1N00000DazLB|AuthenticateCustomerController.AuthenticateCustomerController()
11:22:02.0 (1736939)|STATEMENT_EXECUTE|[17]
11:22:02.0 (1742736)|STATEMENT_EXECUTE|[17]
11:22:02.0 (1767819)|HEAP_ALLOCATE|[68]|Bytes:5
11:22:02.0 (1794456)|HEAP_ALLOCATE|[74]|Bytes:5
11:22:02.0 (1801882)|HEAP_ALLOCATE|[82]|Bytes:7
11:22:02.0 (1827646)|HEAP_ALLOCATE|[EXTERNAL]|Bytes:5
11:22:02.0 (1831181)|STATEMENT_EXECUTE|[21]
11:22:02.0 (1839128)|METHOD_EXIT|[17]|AuthenticateCustomerController
11:22:02.0 (1852221)|HEAP_ALLOCATE|[271]|Bytes:5
11:22:02.0 (1855549)|STATEMENT_EXECUTE|[269]
11:22:02.0 (1856758)|STATEMENT_EXECUTE|[271]
11:22:02.0 (1871992)|HEAP_ALLOCATE|[271]|Bytes:4
11:22:02.0 (1885039)|VARIABLE_SCOPE_BEGIN|[271]|result|Map<String,String>|true|false
11:22:02.0 (1908556)|VARIABLE_ASSIGNMENT|[271]|result|{}|0x635506a7
11:22:02.0 (1913206)|STATEMENT_EXECUTE|[273]
11:22:02.0 (1915519)|HEAP_ALLOCATE|[273]|Bytes:4
11:22:02.0 (3665297)|HEAP_ALLOCATE|[273]|Bytes:4
11:22:02.0 (3697943)|VARIABLE_SCOPE_BEGIN|[273]|d|Schema.DescribeSObjectResult|true|false
11:22:02.0 (3924737)|VARIABLE_ASSIGNMENT|[273]|d|"common.api.soap.wsdl.DescribeSObjectResult@90457133"|0x5ca5a8bc
11:22:02.0 (3935701)|STATEMENT_EXECUTE|[274]
11:22:02.0 (6145112)|HEAP_ALLOCATE|[274]|Bytes:412
11:22:02.0 (6171673)|VARIABLE_SCOPE_BEGIN|[274]|rtMapByName|Map<String,Schema.RecordTypeInfo>|true|false
11:22:02.0 (6223942)|VARIABLE_ASSIGNMENT|[274]|rtMapByName|"Map of size 102 too large to display"|0x786b6089
11:22:02.0 (6281397)|HEAP_ALLOCATE|[276]|Bytes:4
11:22:02.0 (6408320)|HEAP_ALLOCATE|[276]|Bytes:2582
11:22:02.0 (6433399)|HEAP_ALLOCATE|[276]|Bytes:408
11:22:02.0 (6478434)|HEAP_ALLOCATE|[276]|Bytes:5
11:22:02.0 (6496406)|VARIABLE_SCOPE_BEGIN|[276]|key|String|false|false
11:22:02.0 (6508375)|VARIABLE_ASSIGNMENT|[276]|key|"APP"
11:22:02.0 (6513826)|STATEMENT_EXECUTE|[276]
11:22:02.0 (6515311)|STATEMENT_EXECUTE|[278]
11:22:02.0 (6563745)|VARIABLE_SCOPE_BEGIN|[278]|info|Schema.RecordTypeInfo|true|false
11:22:02.0 (6657559)|VARIABLE_ASSIGNMENT|[278]|info|"common.api.soap.wsdl.RecordTypeInfo@f219f932"|0x69b2b8f4
11:22:02.0 (6664159)|STATEMENT_EXECUTE|[279]
11:22:02.0 (6685116)|HEAP_ALLOCATE|[279]|Bytes:4
11:22:02.0 (6738383)|HEAP_ALLOCATE|[EXTERNAL]|Bytes:-4
11:22:02.0 (6752826)|HEAP_ALLOCATE|[276]|Bytes:5
11:22:02.0 (6761458)|VARIABLE_SCOPE_BEGIN|[276]|key|String|false|false
11:22:02.0 (6770189)|VARIABLE_ASSIGNMENT|[276]|key|"Abono de Puntos"
11:22:02.0 (6773974)|STATEMENT_EXECUTE|[276]
11:22:02.0 (6775157)|STATEMENT_EXECUTE|[278]
11:22:02.0 (6782943)|VARIABLE_SCOPE_BEGIN|[278]|info|Schema.RecordTypeInfo|true|false
11:22:02.0 (6819481)|VARIABLE_ASSIGNMENT|[278]|info|"common.api.soap.wsdl.RecordTypeInfo@bae8d6e2"|0x247568f4
11:22:02.0 (6824588)|STATEMENT_EXECUTE|[279]
11:22:02.0 (6828915)|HEAP_ALLOCATE|[279]|Bytes:4
11:22:02.0 (6839884)|HEAP_ALLOCATE|[EXTERNAL]|Bytes:-4
11:22:02.0 (6848854)|HEAP_ALLOCATE|[276]|Bytes:5
11:22:02.0 (6855395)|VARIABLE_SCOPE_BEGIN|[276]|key|String|false|false
11:22:02.0 (6864727)|VARIABLE_ASSIGNMENT|[276]|key|"Abono de Puntos (Mód (4 more) ..."
11:22:02.0 (6869789)|STATEMENT_EXECUTE|[276]
11:22:02.0 (6870972)|STATEMENT_EXECUTE|[278]
11:22:02.0 (6877644)|VARIABLE_SCOPE_BEGIN|[278]|info|Schema.RecordTypeInfo|true|false
11:22:02.0 (6906769)|VARIABLE_ASSIGNMENT|[278]|info|"common.api.soap.wsdl.RecordTypeInfo@a9df86c5"|0x7392bdb
11:22:02.0 (6911834)|STATEMENT_EXECUTE|[279]
11:22:02.0 (6914966)|HEAP_ALLOCATE|[279]|Bytes:4
11:22:02.0 (6924101)|HEAP_ALLOCATE|[EXTERNAL]|Bytes:-4
11:22:02.0 (6932221)|HEAP_ALLOCATE|[276]|Bytes:5
11:22:02.0 (6938736)|VARIABLE_SCOPE_BEGIN|[276]|key|String|false|false
11:22:02.0 (6946814)|VARIABLE_ASSIGNMENT|[276]|key|"Activación de NIP"
11:22:02.0 (6950859)|STATEMENT_EXECUTE|[276]
11:22:02.0 (6951991)|STATEMENT_EXECUTE|[278]
11:22:02.0 (6958609)|VARIABLE_SCOPE_BEGIN|[278]|info|Schema.RecordTypeInfo|true|false
11:22:02.0 (6986169)|VARIABLE_ASSIGNMENT|[278]|info|"common.api.soap.wsdl.RecordTypeInfo@5e312afc"|0x782a30b
11:22:02.0 (6991046)|STATEMENT_EXECUTE|[279]
11:22:02.0 (6993856)|HEAP_ALLOCATE|[279]|Bytes:4
11:22:02.0 (7001979)|HEAP_ALLOCATE|[EXTERNAL]|Bytes:-4
11:22:02.0 (7010650)|HEAP_ALLOCATE|[276]|Bytes:5
11:22:02.0 (7016550)|VARIABLE_SCOPE_BEGIN|[276]|key|String|false|false
11:22:02.0 (7024157)|VARIABLE_ASSIGNMENT|[276]|key|"Activación de Tarjet (1 more) ..."
11:22:02.0 (7028004)|STATEMENT_EXECUTE|[276]
11:22:02.0 (7029199)|STATEMENT_EXECUTE|[278]
11:22:02.0 (7035215)|VARIABLE_SCOPE_BEGIN|[278]|info|Schema.RecordTypeInfo|true|false
11:22:02.0 (7061945)|VARIABLE_ASSIGNMENT|[278]|info|"common.api.soap.wsdl.RecordTypeInfo@d9f39a17"|0x7b0bce17
11:22:02.0 (7066939)|STATEMENT_EXECUTE|[279]
11:22:02.0 (7069938)|HEAP_ALLOCATE|[279]|Bytes:4
11:22:02.0 (7077779)|HEAP_ALLOCATE|[EXTERNAL]|Bytes:-4
11:22:02.0 (7085297)|HEAP_ALLOCATE|[276]|Bytes:5
11:22:02.0 (7091219)|VARIABLE_SCOPE_BEGIN|[276]|key|String|false|false
11:22:02.0 (7098242)|VARIABLE_ASSIGNMENT|[276]|key|"Actualización Buró"
11:22:02.0 (7102317)|STATEMENT_EXECUTE|[276]
11:22:02.0 (7103309)|STATEMENT_EXECUTE|[278]
11:22:02.0 (7109714)|VARIABLE_SCOPE_BEGIN|[278]|info|Schema.RecordTypeInfo|true|false
11:22:02.0 (7138440)|VARIABLE_ASSIGNMENT|[278]|info|"common.api.soap.wsdl.RecordTypeInfo@7b9f67bd"|0x74b62b4a
11:22:02.0 (7143681)|STATEMENT_EXECUTE|[279]
11:22:02.0 (7146912)|HEAP_ALLOCATE|[279]|Bytes:4
11:22:02.0 (7156569)|HEAP_ALLOCATE|[EXTERNAL]|Bytes:-4
11:22:02.0 (7164193)|HEAP_ALLOCATE|[276]|Bytes:5
11:22:02.0 (7170388)|VARIABLE_SCOPE_BEGIN|[276]|key|String|false|false
11:22:02.0 (7178484)|VARIABLE_ASSIGNMENT|[276]|key|"Actualización Correo (9 more) ..."
11:22:02.0 (7182569)|STATEMENT_EXECUTE|[276]
11:22:02.0 (7183836)|STATEMENT_EXECUTE|[278]
11:22:02.0 (7189858)|VARIABLE_SCOPE_BEGIN|[278]|info|Schema.RecordTypeInfo|true|false
11:22:02.0 (7217634)|VARIABLE_ASSIGNMENT|[278]|info|"common.api.soap.wsdl.RecordTypeInfo@aeecf39c"|0x3a1fb1f4
11:22:02.0 (7222391)|STATEMENT_EXECUTE|[279]
11:22:02.0 (7225228)|HEAP_ALLOCATE|[279]|Bytes:4
11:22:02.0 (7233496)|HEAP_ALLOCATE|[EXTERNAL]|Bytes:-4
11:22:02.0 (7241013)|HEAP_ALLOCATE|[276]|Bytes:5
11:22:02.0 (7247090)|VARIABLE_SCOPE_BEGIN|[276]|key|String|false|false
11:22:02.0 (7254791)|VARIABLE_ASSIGNMENT|[276]|key|"Actualización Domici (12 more) ..."
11:22:02.0 (7258714)|STATEMENT_EXECUTE|[276]
11:22:02.0 (7259794)|STATEMENT_EXECUTE|[278]
11:22:02.0 (7265839)|VARIABLE_SCOPE_BEGIN|[278]|info|Schema.RecordTypeInfo|true|false
11:22:02.0 (7292943)|VARIABLE_ASSIGNMENT|[278]|info|"common.api.soap.wsdl.RecordTypeInfo@d5441330"|0x2897c747
11:22:02.0 (7297865)|STATEMENT_EXECUTE|[279]
11:22:02.0 (7300771)|HEAP_ALLOCATE|[279]|Bytes:4
11:22:02.0 (7308540)|HEAP_ALLOCATE|[EXTERNAL]|Bytes:-4
11:22:02.0 (7316106)|HEAP_ALLOCATE|[276]|Bytes:5
11:22:02.0 (7322067)|VARIABLE_SCOPE_BEGIN|[276]|key|String|false|false
11:22:02.0 (7329794)|VARIABLE_ASSIGNMENT|[276]|key|"Actualización Nom, R (6 more) ..."
11:22:02.0 (7333604)|STATEMENT_EXECUTE|[276]
11:22:02.0 (7334670)|STATEMENT_EXECUTE|[278]
11:22:02.0 (7340847)|VARIABLE_SCOPE_BEGIN|[278]|info|Schema.RecordTypeInfo|true|false
11:22:02.0 (7367316)|VARIABLE_ASSIGNMENT|[278]|info|"common.api.soap.wsdl.RecordTypeInfo@56e7171e"|0xd49df34
11:22:02.0 (7372096)|STATEMENT_EXECUTE|[279]
11:22:02.0 (7374824)|HEAP_ALLOCATE|[279]|Bytes:4
11:22:02.0 (7382490)|HEAP_ALLOCATE|[EXTERNAL]|Bytes:-4
11:22:02.0 (7390434)|HEAP_ALLOCATE|[276]|Bytes:5
11:22:02.0 (7396490)|VARIABLE_SCOPE_BEGIN|[276]|key|String|false|false
11:22:02.0 (7404176)|VARIABLE_ASSIGNMENT|[276]|key|"Actualización SORIBA (1 more) ..."
11:22:02.0 (7407989)|STATEMENT_EXECUTE|[276]
11:22:02.0 (7409134)|STATEMENT_EXECUTE|[278]
11:22:02.0 (7415167)|VARIABLE_SCOPE_BEGIN|[278]|info|Schema.RecordTypeInfo|true|false
11:22:02.0 (7442488)|VARIABLE_ASSIGNMENT|[278]|info|"common.api.soap.wsdl.RecordTypeInfo@1da61f93"|0x486049ac
11:22:02.0 (7447081)|STATEMENT_EXECUTE|[279]
11:22:02.0 (7449907)|HEAP_ALLOCATE|[279]|Bytes:4
11:22:02.0 (7458089)|HEAP_ALLOCATE|[EXTERNAL]|Bytes:-4
11:22:02.0 (7465712)|HEAP_ALLOCATE|[276]|Bytes:5
11:22:02.0 (7471647)|VARIABLE_SCOPE_BEGIN|[276]|key|String|false|false
11:22:02.0 (7479584)|VARIABLE_ASSIGNMENT|[276]|key|"Actualización de CUR (1 more) ..."
11:22:02.0 (7483440)|STATEMENT_EXECUTE|[276]
11:22:02.0 (7484579)|STATEMENT_EXECUTE|[278]
11:22:02.0 (7491095)|VARIABLE_SCOPE_BEGIN|[278]|info|Schema.RecordTypeInfo|true|false
11:22:02.0 (7521267)|VARIABLE_ASSIGNMENT|[278]|info|"common.api.soap.wsdl.RecordTypeInfo@ad5dbd7c"|0xfb7d145
11:22:02.0 (7526201)|STATEMENT_EXECUTE|[279]
11:22:02.0 (7529301)|HEAP_ALLOCATE|[279]|Bytes:4
11:22:02.0 (7537612)|HEAP_ALLOCATE|[EXTERNAL]|Bytes:-4
11:22:02.0 (7545490)|HEAP_ALLOCATE|[276]|Bytes:5
11:22:02.0 (7552112)|VARIABLE_SCOPE_BEGIN|[276]|key|String|false|false
11:22:02.0 (7560219)|VARIABLE_ASSIGNMENT|[276]|key|"Actualización de Cel (5 more) ..."
11:22:02.0 (7564001)|STATEMENT_EXECUTE|[276]
11:22:02.0 (7565036)|STATEMENT_EXECUTE|[278]
11:22:02.0 (7571321)|VARIABLE_SCOPE_BEGIN|[278]|info|Schema.RecordTypeInfo|true|false
11:22:02.0 (7602483)|VARIABLE_ASSIGNMENT|[278]|info|"common.api.soap.wsdl.RecordTypeInfo@76d75e63"|0x190c920b
11:22:02.0 (7608216)|STATEMENT_EXECUTE|[279]
11:22:02.0 (7611309)|HEAP_ALLOCATE|[279]|Bytes:4
11:22:02.0 (7620186)|HEAP_ALLOCATE|[EXTERNAL]|Bytes:-4
11:22:02.0 (7627822)|HEAP_ALLOCATE|[276]|Bytes:5
11:22:02.0 (7634037)|VARIABLE_SCOPE_BEGIN|[276]|key|String|false|false
11:22:02.0 (7641494)|VARIABLE_ASSIGNMENT|[276]|key|"Actualización de Cel (4 more) ..."
11:22:02.0 (7645341)|STATEMENT_EXECUTE|[276]
11:22:02.0 (7646406)|STATEMENT_EXECUTE|[278]
11:22:02.0 (7652754)|VARIABLE_SCOPE_BEGIN|[278]|info|Schema.RecordTypeInfo|true|false
11:22:02.0 (7680752)|VARIABLE_ASSIGNMENT|[278]|info|"common.api.soap.wsdl.RecordTypeInfo@64a8cf3b"|0x5aff4e61
11:22:02.0 (7685724)|STATEMENT_EXECUTE|[279]
11:22:02.0 (7688599)|HEAP_ALLOCATE|[279]|Bytes:4
11:22:02.0 (7697824)|HEAP_ALLOCATE|[EXTERNAL]|Bytes:-4
11:22:02.0 (7705284)|HEAP_ALLOCATE|[276]|Bytes:5
11:22:02.0 (7711391)|VARIABLE_SCOPE_BEGIN|[276]|key|String|false|false
11:22:02.0 (7718697)|VARIABLE_ASSIGNMENT|[276]|key|"Actualización de Cor (3 more) ..."
11:22:02.0 (7722226)|STATEMENT_EXECUTE|[276]
11:22:02.0 (7723318)|STATEMENT_EXECUTE|[278]
11:22:02.0 (7729554)|VARIABLE_SCOPE_BEGIN|[278]|info|Schema.RecordTypeInfo|true|false
11:22:02.0 (7756210)|VARIABLE_ASSIGNMENT|[278]|info|"common.api.soap.wsdl.RecordTypeInfo@66178782"|0x101851bb
11:22:02.0 (7760826)|STATEMENT_EXECUTE|[279]
11:22:02.0 (7763731)|HEAP_ALLOCATE|[279]|Bytes:4
11:22:02.0 (7772559)|HEAP_ALLOCATE|[EXTERNAL]|Bytes:-4
11:22:02.0 (7780757)|HEAP_ALLOCATE|[276]|Bytes:5
11:22:02.0 (7787497)|VARIABLE_SCOPE_BEGIN|[276]|key|String|false|false
11:22:02.0 (7795260)|VARIABLE_ASSIGNMENT|[276]|key|"Actualización de Dom (6 more) ..."
11:22:02.0 (7799139)|STATEMENT_EXECUTE|[276]
11:22:02.0 (7800175)|STATEMENT_EXECUTE|[278]
11:22:02.0 (7806944)|VARIABLE_SCOPE_BEGIN|[278]|info|Schema.RecordTypeInfo|true|false
11:22:02.0 (7834534)|VARIABLE_ASSIGNMENT|[278]|info|"common.api.soap.wsdl.RecordTypeInfo@19cbc967"|0x21149704
11:22:02.0 (7839327)|STATEMENT_EXECUTE|[279]
11:22:02.0 (7842951)|HEAP_ALLOCATE|[279]|Bytes:4
11:22:02.0 (7851812)|HEAP_ALLOCATE|[EXTERNAL]|Bytes:-4
11:22:02.0 (7860006)|HEAP_ALLOCATE|[276]|Bytes:5
11:22:02.0 (7866209)|VARIABLE_SCOPE_BEGIN|[276]|key|String|false|false
11:22:02.0 (7873780)|VARIABLE_ASSIGNMENT|[276]|key|"Actualización de Tel (10 more) ..."
11:22:02.0 (7876999)|STATEMENT_EXECUTE|[276]
11:22:02.0 (7877862)|STATEMENT_EXECUTE|[278]
11:22:02.0 (7884313)|VARIABLE_SCOPE_BEGIN|[278]|info|Schema.RecordTypeInfo|true|false
11:22:02.0 (7915418)|VARIABLE_ASSIGNMENT|[278]|info|"common.api.soap.wsdl.RecordTypeInfo@767cd3c0"|0x5c75c5e7
11:22:02.0 (7920980)|STATEMENT_EXECUTE|[279]
11:22:02.0 (7924310)|HEAP_ALLOCATE|[279]|Bytes:4
11:22:02.0 (7933802)|HEAP_ALLOCATE|[EXTERNAL]|Bytes:-4
11:22:02.0 (7942137)|HEAP_ALLOCATE|[276]|Bytes:5
11:22:02.0 (7949320)|VARIABLE_SCOPE_BEGIN|[276]|key|String|false|false
11:22:02.0 (7957545)|VARIABLE_ASSIGNMENT|[276]|key|"Alta Cliente"
11:22:02.0 (7961334)|STATEMENT_EXECUTE|[276]
11:22:02.0 (7962514)|STATEMENT_EXECUTE|[278]
11:22:02.0 (7969237)|VARIABLE_SCOPE_BEGIN|[278]|info|Schema.RecordTypeInfo|true|false
11:22:02.0 (7998774)|VARIABLE_ASSIGNMENT|[278]|info|"common.api.soap.wsdl.RecordTypeInfo@80a41a04"|0x7cd9144e
11:22:02.0 (8003656)|STATEMENT_EXECUTE|[279]
11:22:02.0 (8008377)|HEAP_ALLOCATE|[279]|Bytes:4
11:22:02.0 (8018148)|HEAP_ALLOCATE|[EXTERNAL]|Bytes:-4
11:22:02.0 (8026415)|HEAP_ALLOCATE|[276]|Bytes:5
11:22:02.0 (8033107)|VARIABLE_SCOPE_BEGIN|[276]|key|String|false|false
11:22:02.0 (8040673)|VARIABLE_ASSIGNMENT|[276]|key|"Audiencia CONDUSEF"
11:22:02.0 (8043830)|STATEMENT_EXECUTE|[276]
11:22:02.0 (8044810)|STATEMENT_EXECUTE|[278]
11:22:02.0 (8051296)|VARIABLE_SCOPE_BEGIN|[278]|info|Schema.RecordTypeInfo|true|false
11:22:02.0 (8079967)|VARIABLE_ASSIGNMENT|[278]|info|"common.api.soap.wsdl.RecordTypeInfo@ee8898d7"|0x2e9e17e7
11:22:02.0 (8084755)|STATEMENT_EXECUTE|[279]
11:22:02.0 (8088135)|HEAP_ALLOCATE|[279]|Bytes:4
11:22:02.0 (8097895)|HEAP_ALLOCATE|[EXTERNAL]|Bytes:-4
11:22:02.0 (8106037)|HEAP_ALLOCATE|[276]|Bytes:5
11:22:02.0 (8112382)|VARIABLE_SCOPE_BEGIN|[276]|key|String|false|false
11:22:02.0 (8120410)|VARIABLE_ASSIGNMENT|[276]|key|"Aumento de Línea de  (7 more) ..."
11:22:02.0 (8124229)|STATEMENT_EXECUTE|[276]
11:22:02.0 (8125072)|STATEMENT_EXECUTE|[278]
11:22:02.0 (8131595)|VARIABLE_SCOPE_BEGIN|[278]|info|Schema.RecordTypeInfo|true|false
11:22:02.0 (8161187)|VARIABLE_ASSIGNMENT|[278]|info|"common.api.soap.wsdl.RecordTypeInfo@b67992fe"|0x2bb70987
11:22:02.0 (8166641)|STATEMENT_EXECUTE|[279]
11:22:02.0 (8169975)|HEAP_ALLOCATE|[279]|Bytes:4
11:22:02.0 (8179146)|HEAP_ALLOCATE|[EXTERNAL]|Bytes:-4
11:22:02.0 (8187260)|HEAP_ALLOCATE|[276]|Bytes:5
11:22:02.0 (8193762)|VARIABLE_SCOPE_BEGIN|[276]|key|String|false|false
11:22:02.0 (8202430)|VARIABLE_ASSIGNMENT|[276]|key|"BackOffice Figital"
11:22:02.0 (8205958)|STATEMENT_EXECUTE|[276]
11:22:02.0 (8207214)|STATEMENT_EXECUTE|[278]
11:22:02.0 (8213930)|VARIABLE_SCOPE_BEGIN|[278]|info|Schema.RecordTypeInfo|true|false
11:22:02.0 (8243504)|VARIABLE_ASSIGNMENT|[278]|info|"common.api.soap.wsdl.RecordTypeInfo@e1ed000"|0x599fbbeb
11:22:02.0 (8248853)|STATEMENT_EXECUTE|[279]
11:22:02.0 (8251938)|HEAP_ALLOCATE|[279]|Bytes:4
11:22:02.0 (8261573)|HEAP_ALLOCATE|[EXTERNAL]|Bytes:-4
11:22:02.0 (8268920)|HEAP_ALLOCATE|[276]|Bytes:5
11:22:02.0 (8275477)|VARIABLE_SCOPE_BEGIN|[276]|key|String|false|false
11:22:02.0 (8283580)|VARIABLE_ASSIGNMENT|[276]|key|"BackOffice Fraudes"
11:22:02.0 (8287345)|STATEMENT_EXECUTE|[276]
11:22:02.0 (8288508)|STATEMENT_EXECUTE|[278]
11:22:02.0 (8295127)|VARIABLE_SCOPE_BEGIN|[278]|info|Schema.RecordTypeInfo|true|false
11:22:02.0 (8324635)|VARIABLE_ASSIGNMENT|[278]|info|"common.api.soap.wsdl.RecordTypeInfo@a750b4b9"|0x6dd0bff2
11:22:02.0 (8329588)|STATEMENT_EXECUTE|[279]
11:22:02.0 (8332885)|HEAP_ALLOCATE|[279]|Bytes:4
11:22:02.0 (8342315)|HEAP_ALLOCATE|[EXTERNAL]|Bytes:-4
11:22:02.0 (8350055)|HEAP_ALLOCATE|[276]|Bytes:5
11:22:02.0 (8356515)|VARIABLE_SCOPE_BEGIN|[276]|key|String|false|false
11:22:02.0 (8364632)|VARIABLE_ASSIGNMENT|[276]|key|"Bloqueo Seguridad"
11:22:02.0 (8368355)|STATEMENT_EXECUTE|[276]
11:22:02.0 (8369542)|STATEMENT_EXECUTE|[278]
11:22:02.0 (8376077)|VARIABLE_SCOPE_BEGIN|[278]|info|Schema.RecordTypeInfo|true|false
11:22:02.0 (8404814)|VARIABLE_ASSIGNMENT|[278]|info|"common.api.soap.wsdl.RecordTypeInfo@1ad47a66"|0x332fac80
11:22:02.0 (8410266)|STATEMENT_EXECUTE|[279]
11:22:02.0 (8413455)|HEAP_ALLOCATE|[279]|Bytes:4
11:22:02.0 (8422737)|HEAP_ALLOCATE|[EXTERNAL]|Bytes:-4
11:22:02.0 (8430793)|HEAP_ALLOCATE|[276]|Bytes:5
11:22:02.0 (8437142)|VARIABLE_SCOPE_BEGIN|[276]|key|String|false|false
11:22:02.0 (8445186)|VARIABLE_ASSIGNMENT|[276]|key|"CVV Dinámico"
11:22:02.0 (8449515)|STATEMENT_EXECUTE|[276]
11:22:02.0 (8450661)|STATEMENT_EXECUTE|[278]
11:22:02.0 (8457289)|VARIABLE_SCOPE_BEGIN|[278]|info|Schema.RecordTypeInfo|true|false
11:22:02.0 (8485870)|VARIABLE_ASSIGNMENT|[278]|info|"common.api.soap.wsdl.RecordTypeInfo@5ce747f8"|0x20c76053
11:22:02.0 (8491670)|STATEMENT_EXECUTE|[279]
11:22:02.0 (8495122)|HEAP_ALLOCATE|[279]|Bytes:4
11:22:02.0 (8504826)|HEAP_ALLOCATE|[EXTERNAL]|Bytes:-4
11:22:02.0 (8513412)|HEAP_ALLOCATE|[276]|Bytes:5
11:22:02.0 (8520292)|VARIABLE_SCOPE_BEGIN|[276]|key|String|false|false
11:22:02.0 (8529748)|VARIABLE_ASSIGNMENT|[276]|key|"Cambio de MC a Priva (2 more) ..."
11:22:02.0 (8533865)|STATEMENT_EXECUTE|[276]
11:22:02.0 (8535047)|STATEMENT_EXECUTE|[278]
11:22:02.0 (8541625)|VARIABLE_SCOPE_BEGIN|[278]|info|Schema.RecordTypeInfo|true|false
11:22:02.0 (8573505)|VARIABLE_ASSIGNMENT|[278]|info|"common.api.soap.wsdl.RecordTypeInfo@a6d8a80b"|0x4a3c743
11:22:02.0 (8578941)|STATEMENT_EXECUTE|[279]
11:22:02.0 (8582220)|HEAP_ALLOCATE|[279]|Bytes:4
11:22:02.0 (8591772)|HEAP_ALLOCATE|[EXTERNAL]|Bytes:-4
11:22:02.0 (8600307)|HEAP_ALLOCATE|[276]|Bytes:5
11:22:02.0 (8607342)|VARIABLE_SCOPE_BEGIN|[276]|key|String|false|false
11:22:02.0 (8616255)|VARIABLE_ASSIGNMENT|[276]|key|"Cambio de Medio Enví (1 more) ..."
11:22:02.0 (8620882)|STATEMENT_EXECUTE|[276]
11:22:02.0 (8622111)|STATEMENT_EXECUTE|[278]
11:22:02.0 (8629019)|VARIABLE_SCOPE_BEGIN|[278]|info|Schema.RecordTypeInfo|true|false
11:22:02.0 (8659984)|VARIABLE_ASSIGNMENT|[278]|info|"common.api.soap.wsdl.RecordTypeInfo@be215376"|0x6ce4c70a
11:22:02.0 (8664948)|STATEMENT_EXECUTE|[279]
11:22:02.0 (8668487)|HEAP_ALLOCATE|[279]|Bytes:4
11:22:02.0 (8680160)|HEAP_ALLOCATE|[EXTERNAL]|Bytes:-4
11:22:02.0 (8688620)|HEAP_ALLOCATE|[276]|Bytes:5
11:22:02.0 (8695404)|VARIABLE_SCOPE_BEGIN|[276]|key|String|false|false
11:22:02.0 (8703610)|VARIABLE_ASSIGNMENT|[276]|key|"Campañas Outbound"
11:22:02.0 (8707870)|STATEMENT_EXECUTE|[276]
11:22:02.0 (8709005)|STATEMENT_EXECUTE|[278]
11:22:02.0 (8716155)|VARIABLE_SCOPE_BEGIN|[278]|info|Schema.RecordTypeInfo|true|false
11:22:02.0 (8746479)|VARIABLE_ASSIGNMENT|[278]|info|"common.api.soap.wsdl.RecordTypeInfo@6d4e485f"|0x22e12dba
11:22:02.0 (8751516)|STATEMENT_EXECUTE|[279]
11:22:02.0 (8754749)|HEAP_ALLOCATE|[279]|Bytes:4
11:22:02.0 (8763918)|HEAP_ALLOCATE|[EXTERNAL]|Bytes:-4
11:22:02.0 (8772179)|HEAP_ALLOCATE|[276]|Bytes:5
11:22:02.0 (8778757)|VARIABLE_SCOPE_BEGIN|[276]|key|String|false|false
11:22:02.0 (8786936)|VARIABLE_ASSIGNMENT|[276]|key|"Campos Regulatorios"
11:22:02.0 (8790763)|STATEMENT_EXECUTE|[276]
11:22:02.0 (8792003)|STATEMENT_EXECUTE|[278]
11:22:02.0 (8798978)|VARIABLE_SCOPE_BEGIN|[278]|info|Schema.RecordTypeInfo|true|false
11:22:02.0 (8829098)|VARIABLE_ASSIGNMENT|[278]|info|"common.api.soap.wsdl.RecordTypeInfo@36673986"|0x393f144d
11:22:02.0 (8834636)|STATEMENT_EXECUTE|[279]
11:22:02.0 (8838050)|HEAP_ALLOCATE|[279]|Bytes:4
11:22:02.0 (8846998)|HEAP_ALLOCATE|[EXTERNAL]|Bytes:-4
11:22:02.0 (8854639)|HEAP_ALLOCATE|[276]|Bytes:5
11:22:02.0 (8861002)|VARIABLE_SCOPE_BEGIN|[276]|key|String|false|false
11:22:02.0 (8868508)|VARIABLE_ASSIGNMENT|[276]|key|"Cancelación Adiciona (1 more) ..."
11:22:02.0 (8872052)|STATEMENT_EXECUTE|[276]
11:22:02.0 (8873010)|STATEMENT_EXECUTE|[278]
11:22:02.0 (8879145)|VARIABLE_SCOPE_BEGIN|[278]|info|Schema.RecordTypeInfo|true|false
11:22:02.0 (8909188)|VARIABLE_ASSIGNMENT|[278]|info|"common.api.soap.wsdl.RecordTypeInfo@a287f482"|0x23bc55f6
11:22:02.0 (8914912)|STATEMENT_EXECUTE|[279]
11:22:02.0 (8918443)|HEAP_ALLOCATE|[279]|Bytes:4
11:22:02.0 (8927927)|HEAP_ALLOCATE|[EXTERNAL]|Bytes:-4
11:22:02.0 (8936467)|HEAP_ALLOCATE|[276]|Bytes:5
11:22:02.0 (8943092)|VARIABLE_SCOPE_BEGIN|[276]|key|String|false|false
11:22:02.0 (8952025)|VARIABLE_ASSIGNMENT|[276]|key|"Cancelación de Adici (13 more) ..."
11:22:02.0 (8956415)|STATEMENT_EXECUTE|[276]
11:22:02.0 (8957658)|STATEMENT_EXECUTE|[278]
11:22:02.0 (8964351)|VARIABLE_SCOPE_BEGIN|[278]|info|Schema.RecordTypeInfo|true|false
11:22:02.0 (8994320)|VARIABLE_ASSIGNMENT|[278]|info|"common.api.soap.wsdl.RecordTypeInfo@9677e4f6"|0x692a1a1c
11:22:02.0 (8999177)|STATEMENT_EXECUTE|[279]
11:22:02.0 (9002300)|HEAP_ALLOCATE|[279]|Bytes:4
11:22:02.0 (9012667)|HEAP_ALLOCATE|[EXTERNAL]|Bytes:-4
11:22:02.0 (9020940)|HEAP_ALLOCATE|[276]|Bytes:5
11:22:02.0 (9027628)|VARIABLE_SCOPE_BEGIN|[276]|key|String|false|false
11:22:02.0 (9036482)|VARIABLE_ASSIGNMENT|[276]|key|"Cancelación de Tarje (20 more) ..."
11:22:02.0 (9040904)|STATEMENT_EXECUTE|[276]
11:22:02.0 (9042150)|STATEMENT_EXECUTE|[278]
11:22:02.0 (9048710)|VARIABLE_SCOPE_BEGIN|[278]|info|Schema.RecordTypeInfo|true|false
11:22:02.0 (9075682)|VARIABLE_ASSIGNMENT|[278]|info|"common.api.soap.wsdl.RecordTypeInfo@41ee2a4a"|0x428d667e
11:22:02.0 (9080782)|STATEMENT_EXECUTE|[279]
11:22:02.0 (9084805)|HEAP_ALLOCATE|[279]|Bytes:4
11:22:02.0 (9093725)|HEAP_ALLOCATE|[EXTERNAL]|Bytes:-4
11:22:02.0 (9101655)|HEAP_ALLOCATE|[276]|Bytes:5
11:22:02.0 (9107999)|VARIABLE_SCOPE_BEGIN|[276]|key|String|false|false
11:22:02.0 (9115528)|VARIABLE_ASSIGNMENT|[276]|key|"Cancelación de Titul (2 more) ..."
11:22:02.0 (9119240)|STATEMENT_EXECUTE|[276]
11:22:02.0 (9120105)|STATEMENT_EXECUTE|[278]
11:22:02.0 (9126730)|VARIABLE_SCOPE_BEGIN|[278]|info|Schema.RecordTypeInfo|true|false
11:22:02.0 (9157341)|VARIABLE_ASSIGNMENT|[278]|info|"common.api.soap.wsdl.RecordTypeInfo@f3aa61a5"|0x3d18f1e
11:22:02.0 (9162335)|STATEMENT_EXECUTE|[279]
11:22:02.0 (9165476)|HEAP_ALLOCATE|[279]|Bytes:4
11:22:02.0 (9174181)|HEAP_ALLOCATE|[EXTERNAL]|Bytes:-4
11:22:02.0 (9182143)|HEAP_ALLOCATE|[276]|Bytes:5
11:22:02.0 (9188383)|VARIABLE_SCOPE_BEGIN|[276]|key|String|false|false
11:22:02.0 (9196332)|VARIABLE_ASSIGNMENT|[276]|key|"Cancelación por fall (30 more) ..."
11:22:02.0 (9200141)|STATEMENT_EXECUTE|[276]
11:22:02.0 (9201251)|STATEMENT_EXECUTE|[278]
11:22:02.0 (9208312)|VARIABLE_SCOPE_BEGIN|[278]|info|Schema.RecordTypeInfo|true|false
11:22:02.0 (9236412)|VARIABLE_ASSIGNMENT|[278]|info|"common.api.soap.wsdl.RecordTypeInfo@c2aa1923"|0x42036977
11:22:02.0 (9241202)|STATEMENT_EXECUTE|[279]
11:22:02.0 (9245041)|HEAP_ALLOCATE|[279]|Bytes:4
11:22:02.0 (9254159)|HEAP_ALLOCATE|[EXTERNAL]|Bytes:-4
11:22:02.0 (9262021)|HEAP_ALLOCATE|[276]|Bytes:5
11:22:02.0 (9268436)|VARIABLE_SCOPE_BEGIN|[276]|key|String|false|false
11:22:02.0 (9275811)|VARIABLE_ASSIGNMENT|[276]|key|"Cargo No Reconocido  (8 more) ..."
11:22:02.0 (9279172)|STATEMENT_EXECUTE|[276]
11:22:02.0 (9280188)|STATEMENT_EXECUTE|[278]
11:22:02.0 (9286553)|VARIABLE_SCOPE_BEGIN|[278]|info|Schema.RecordTypeInfo|true|false
11:22:02.0 (9315301)|VARIABLE_ASSIGNMENT|[278]|info|"common.api.soap.wsdl.RecordTypeInfo@9d794691"|0x7bc061d1
11:22:02.0 (9320377)|STATEMENT_EXECUTE|[279]
11:22:02.0 (9324162)|HEAP_ALLOCATE|[279]|Bytes:4
11:22:02.0 (9333657)|HEAP_ALLOCATE|[EXTERNAL]|Bytes:-4
11:22:02.0 (9341621)|HEAP_ALLOCATE|[276]|Bytes:5
11:22:02.0 (9347523)|VARIABLE_SCOPE_BEGIN|[276]|key|String|false|false
11:22:02.0 (9355184)|VARIABLE_ASSIGNMENT|[276]|key|"Cargo no reconocido"
11:22:02.0 (9358121)|STATEMENT_EXECUTE|[276]
11:22:02.0 (9359471)|STATEMENT_EXECUTE|[278]
11:22:02.0 (9365585)|VARIABLE_SCOPE_BEGIN|[278]|info|Schema.RecordTypeInfo|true|false
11:22:02.0 (9393562)|VARIABLE_ASSIGNMENT|[278]|info|"common.api.soap.wsdl.RecordTypeInfo@18d8e370"|0x52574641
11:22:02.0 (9397898)|STATEMENT_EXECUTE|[279]
11:22:02.0 (9401568)|HEAP_ALLOCATE|[279]|Bytes:4
11:22:02.0 (9411183)|HEAP_ALLOCATE|[EXTERNAL]|Bytes:-4
11:22:02.0 (9418928)|HEAP_ALLOCATE|[276]|Bytes:5
11:22:02.0 (9424966)|VARIABLE_SCOPE_BEGIN|[276]|key|String|false|false
11:22:02.0 (9432277)|VARIABLE_ASSIGNMENT|[276]|key|"Carta Finiquito"
11:22:02.0 (9436122)|STATEMENT_EXECUTE|[276]
11:22:02.0 (9437021)|STATEMENT_EXECUTE|[278]
11:22:02.0 (9443018)|VARIABLE_SCOPE_BEGIN|[278]|info|Schema.RecordTypeInfo|true|false
11:22:02.0 (9468801)|VARIABLE_ASSIGNMENT|[278]|info|"common.api.soap.wsdl.RecordTypeInfo@b7d2cccc"|0x5df19a6a
11:22:02.0 (9473146)|STATEMENT_EXECUTE|[279]
11:22:02.0 (9476667)|HEAP_ALLOCATE|[279]|Bytes:4
11:22:02.0 (9486558)|HEAP_ALLOCATE|[EXTERNAL]|Bytes:-4
11:22:02.0 (9494058)|HEAP_ALLOCATE|[276]|Bytes:5
11:22:02.0 (9500171)|VARIABLE_SCOPE_BEGIN|[276]|key|String|false|false
11:22:02.0 (9508463)|VARIABLE_ASSIGNMENT|[276]|key|"Cliente en Mora Grav (1 more) ..."
11:22:02.0 (9511829)|STATEMENT_EXECUTE|[276]
11:22:02.0 (9512796)|STATEMENT_EXECUTE|[278]
11:22:02.0 (9518812)|VARIABLE_SCOPE_BEGIN|[278]|info|Schema.RecordTypeInfo|true|false
11:22:02.0 (9547447)|VARIABLE_ASSIGNMENT|[278]|info|"common.api.soap.wsdl.RecordTypeInfo@85d25fd8"|0x4e00872
11:22:02.0 (9552158)|STATEMENT_EXECUTE|[279]
11:22:02.0 (9555626)|HEAP_ALLOCATE|[279]|Bytes:4
11:22:02.0 (9564318)|HEAP_ALLOCATE|[EXTERNAL]|Bytes:-4
11:22:02.0 (9572591)|HEAP_ALLOCATE|[276]|Bytes:5
11:22:02.0 (9577748)|VARIABLE_SCOPE_BEGIN|[276]|key|String|false|false
11:22:02.0 (9583001)|VARIABLE_ASSIGNMENT|[276]|key|"Cobro a Persona Equi (6 more) ..."
11:22:02.0 (9585071)|STATEMENT_EXECUTE|[276]
11:22:02.0 (9585796)|STATEMENT_EXECUTE|[278]
11:22:02.0 (9590344)|VARIABLE_SCOPE_BEGIN|[278]|info|Schema.RecordTypeInfo|true|false
11:22:02.0 (9610904)|VARIABLE_ASSIGNMENT|[278]|info|"common.api.soap.wsdl.RecordTypeInfo@2a2b8d4f"|0x7c562fd6
11:22:02.0 (9615211)|STATEMENT_EXECUTE|[279]
11:22:02.0 (9618134)|HEAP_ALLOCATE|[279]|Bytes:4
11:22:02.0 (9624353)|HEAP_ALLOCATE|[EXTERNAL]|Bytes:-4
11:22:02.0 (9629709)|HEAP_ALLOCATE|[276]|Bytes:5
11:22:02.0 (9633776)|VARIABLE_SCOPE_BEGIN|[276]|key|String|false|false
11:22:02.0 (9638866)|VARIABLE_ASSIGNMENT|[276]|key|"Compra no diferida"
11:22:02.0 (9640936)|STATEMENT_EXECUTE|[276]
11:22:02.0 (9641672)|STATEMENT_EXECUTE|[278]
11:22:02.0 (9645876)|VARIABLE_SCOPE_BEGIN|[278]|info|Schema.RecordTypeInfo|true|false
11:22:02.0 (9664305)|VARIABLE_ASSIGNMENT|[278]|info|"common.api.soap.wsdl.RecordTypeInfo@2b1f53cf"|0x14db0b53
11:22:02.0 (9667178)|STATEMENT_EXECUTE|[279]
11:22:02.0 (9669289)|HEAP_ALLOCATE|[279]|Bytes:4
11:22:02.0 (9674925)|HEAP_ALLOCATE|[EXTERNAL]|Bytes:-4
11:22:02.0 (9679910)|HEAP_ALLOCATE|[276]|Bytes:5
11:22:02.0 (9683802)|VARIABLE_SCOPE_BEGIN|[276]|key|String|false|false
11:22:02.0 (9688827)|VARIABLE_ASSIGNMENT|[276]|key|"Compra no diferida ( (7 more) ..."
11:22:02.0 (9690891)|STATEMENT_EXECUTE|[276]
11:22:02.0 (9691618)|STATEMENT_EXECUTE|[278]
11:22:02.0 (9695871)|VARIABLE_SCOPE_BEGIN|[278]|info|Schema.RecordTypeInfo|true|false
11:22:02.0 (9713206)|VARIABLE_ASSIGNMENT|[278]|info|"common.api.soap.wsdl.RecordTypeInfo@b545a3a2"|0x4528f168
11:22:02.0 (9716069)|STATEMENT_EXECUTE|[279]
11:22:02.0 (9718186)|HEAP_ALLOCATE|[279]|Bytes:4
11:22:02.0 (9723551)|HEAP_ALLOCATE|[EXTERNAL]|Bytes:-4
11:22:02.0 (9728347)|HEAP_ALLOCATE|[276]|Bytes:5
11:22:02.0 (9731993)|VARIABLE_SCOPE_BEGIN|[276]|key|String|false|false
11:22:02.0 (9736838)|VARIABLE_ASSIGNMENT|[276]|key|"Condonación"
11:22:02.0 (9739597)|STATEMENT_EXECUTE|[276]
11:22:02.0 (9740326)|STATEMENT_EXECUTE|[278]
11:22:02.0 (9744215)|VARIABLE_SCOPE_BEGIN|[278]|info|Schema.RecordTypeInfo|true|false
11:22:02.0 (9760741)|VARIABLE_ASSIGNMENT|[278]|info|"common.api.soap.wsdl.RecordTypeInfo@bf74e2cb"|0x418fc227
11:22:02.0 (9763664)|STATEMENT_EXECUTE|[279]
11:22:02.0 (9765613)|HEAP_ALLOCATE|[279]|Bytes:4
11:22:02.0 (9770813)|HEAP_ALLOCATE|[EXTERNAL]|Bytes:-4
11:22:02.0 (9775717)|HEAP_ALLOCATE|[276]|Bytes:5
11:22:02.0 (9779377)|VARIABLE_SCOPE_BEGIN|[276]|key|String|false|false
11:22:02.0 (9784600)|VARIABLE_ASSIGNMENT|[276]|key|"Consulta Fecha Corte (18 more) ..."
11:22:02.0 (9786633)|STATEMENT_EXECUTE|[276]
11:22:02.0 (9787362)|STATEMENT_EXECUTE|[278]
11:22:02.0 (9791526)|VARIABLE_SCOPE_BEGIN|[278]|info|Schema.RecordTypeInfo|true|false
11:22:02.0 (9810804)|VARIABLE_ASSIGNMENT|[278]|info|"common.api.soap.wsdl.RecordTypeInfo@edebf001"|0xc6a7d5f
11:22:02.0 (9815101)|STATEMENT_EXECUTE|[279]
11:22:02.0 (9817206)|HEAP_ALLOCATE|[279]|Bytes:4
11:22:02.0 (9823064)|HEAP_ALLOCATE|[EXTERNAL]|Bytes:-4
11:22:02.0 (9828231)|HEAP_ALLOCATE|[276]|Bytes:5
11:22:02.0 (9832325)|VARIABLE_SCOPE_BEGIN|[276]|key|String|false|false
11:22:02.0 (9837511)|VARIABLE_ASSIGNMENT|[276]|key|"Consulta Límite Créd (16 more) ..."
11:22:02.0 (9840085)|STATEMENT_EXECUTE|[276]
11:22:02.0 (9840871)|STATEMENT_EXECUTE|[278]
11:22:02.0 (9844888)|VARIABLE_SCOPE_BEGIN|[278]|info|Schema.RecordTypeInfo|true|false
11:22:02.0 (9865692)|VARIABLE_ASSIGNMENT|[278]|info|"common.api.soap.wsdl.RecordTypeInfo@df78061f"|0x40a77e12
11:22:02.0 (9868901)|STATEMENT_EXECUTE|[279]
11:22:02.0 (9871038)|HEAP_ALLOCATE|[279]|Bytes:4
11:22:02.0 (9877058)|HEAP_ALLOCATE|[EXTERNAL]|Bytes:-4
11:22:02.0 (9882481)|HEAP_ALLOCATE|[276]|Bytes:5
11:22:02.0 (9886360)|VARIABLE_SCOPE_BEGIN|[276]|key|String|false|false
11:22:02.0 (9891495)|VARIABLE_ASSIGNMENT|[276]|key|"Consulta de Movimien (3 more) ..."
11:22:02.0 (9893592)|STATEMENT_EXECUTE|[276]
11:22:02.0 (9894331)|STATEMENT_EXECUTE|[278]
11:22:02.0 (9898685)|VARIABLE_SCOPE_BEGIN|[278]|info|Schema.RecordTypeInfo|true|false
11:22:02.0 (9916136)|VARIABLE_ASSIGNMENT|[278]|info|"common.api.soap.wsdl.RecordTypeInfo@c09e846b"|0x420674df
11:22:02.0 (9918930)|STATEMENT_EXECUTE|[279]
11:22:02.0 (9920853)|HEAP_ALLOCATE|[279]|Bytes:4
11:22:02.0 (9926238)|HEAP_ALLOCATE|[EXTERNAL]|Bytes:-4
11:22:02.0 (9931216)|HEAP_ALLOCATE|[276]|Bytes:5
11:22:02.0 (9934890)|VARIABLE_SCOPE_BEGIN|[276]|key|String|false|false
11:22:02.0 (9939736)|VARIABLE_ASSIGNMENT|[276]|key|"Consulta de PAN"
11:22:02.0 (9942223)|STATEMENT_EXECUTE|[276]
11:22:02.0 (9943346)|STATEMENT_EXECUTE|[278]
11:22:02.0 (9949258)|VARIABLE_SCOPE_BEGIN|[278]|info|Schema.RecordTypeInfo|true|false
11:22:02.0 (9974138)|VARIABLE_ASSIGNMENT|[278]|info|"common.api.soap.wsdl.RecordTypeInfo@33de21de"|0x7da70842
11:22:02.0 (9977380)|STATEMENT_EXECUTE|[279]
11:22:02.0 (9979646)|HEAP_ALLOCATE|[279]|Bytes:4
11:22:02.0 (9985538)|HEAP_ALLOCATE|[EXTERNAL]|Bytes:-4
11:22:02.0 (9990738)|HEAP_ALLOCATE|[276]|Bytes:5
11:22:02.0 (9994882)|VARIABLE_SCOPE_BEGIN|[276]|key|String|false|false
11:22:02.0 (9999781)|VARIABLE_ASSIGNMENT|[276]|key|"Consulta de Saldo a  (5 more) ..."
11:22:02.0 (10001811)|STATEMENT_EXECUTE|[276]
11:22:02.0 (10003509)|STATEMENT_EXECUTE|[278]
11:22:02.0 (10007725)|VARIABLE_SCOPE_BEGIN|[278]|info|Schema.RecordTypeInfo|true|false
11:22:02.0 (10025098)|VARIABLE_ASSIGNMENT|[278]|info|"common.api.soap.wsdl.RecordTypeInfo@287bf5b3"|0x22f8122c
11:22:02.0 (10027907)|STATEMENT_EXECUTE|[279]
11:22:02.0 (10029811)|HEAP_ALLOCATE|[279]|Bytes:4
11:22:02.0 (10035346)|HEAP_ALLOCATE|[EXTERNAL]|Bytes:-4
11:22:02.0 (10040588)|HEAP_ALLOCATE|[276]|Bytes:5
11:22:02.0 (10044486)|VARIABLE_SCOPE_BEGIN|[276]|key|String|false|false
11:22:02.0 (10049356)|VARIABLE_ASSIGNMENT|[276]|key|"Consulta de Saldos y (12 more) ..."
11:22:02.0 (10051380)|STATEMENT_EXECUTE|[276]
11:22:02.0 (10052111)|STATEMENT_EXECUTE|[278]
11:22:02.0 (10056170)|VARIABLE_SCOPE_BEGIN|[278]|info|Schema.RecordTypeInfo|true|false
11:22:02.0 (10073153)|VARIABLE_ASSIGNMENT|[278]|info|"common.api.soap.wsdl.RecordTypeInfo@3a09b8e5"|0x5954af8f
11:22:02.0 (10076066)|STATEMENT_EXECUTE|[279]
11:22:02.0 (10077865)|HEAP_ALLOCATE|[279]|Bytes:4
11:22:02.0 (10083174)|HEAP_ALLOCATE|[EXTERNAL]|Bytes:-4
11:22:02.0 (10088168)|HEAP_ALLOCATE|[276]|Bytes:5
11:22:02.0 (10094343)|VARIABLE_SCOPE_BEGIN|[276]|key|String|false|false
11:22:02.0 (10100503)|VARIABLE_ASSIGNMENT|[276]|key|"Consulta de Seguros"
11:22:02.0 (10103884)|STATEMENT_EXECUTE|[276]
11:22:02.0 (10104821)|STATEMENT_EXECUTE|[278]
11:22:02.0 (10111054)|VARIABLE_SCOPE_BEGIN|[278]|info|Schema.RecordTypeInfo|true|false
11:22:02.0 (10139360)|VARIABLE_ASSIGNMENT|[278]|info|"common.api.soap.wsdl.RecordTypeInfo@cf799212"|0x280598f6
11:22:02.0 (10144348)|STATEMENT_EXECUTE|[279]
11:22:02.0 (10147811)|HEAP_ALLOCATE|[279]|Bytes:4
11:22:02.0 (10156721)|HEAP_ALLOCATE|[EXTERNAL]|Bytes:-4
11:22:02.0 (10164109)|HEAP_ALLOCATE|[276]|Bytes:5
11:22:02.0 (10170013)|VARIABLE_SCOPE_BEGIN|[276]|key|String|false|false
11:22:02.0 (10177238)|VARIABLE_ASSIGNMENT|[276]|key|"Contrato manual"
11:22:02.0 (10202266)|STATEMENT_EXECUTE|[276]
11:22:02.0 (10203593)|STATEMENT_EXECUTE|[278]
11:22:02.0 (10211651)|VARIABLE_SCOPE_BEGIN|[278]|info|Schema.RecordTypeInfo|true|false
11:22:02.0 (10242367)|VARIABLE_ASSIGNMENT|[278]|info|"common.api.soap.wsdl.RecordTypeInfo@c7574dd9"|0x6d2560ac
11:22:02.0 (10247468)|STATEMENT_EXECUTE|[279]
11:22:02.0 (10251017)|HEAP_ALLOCATE|[279]|Bytes:4
11:22:02.0 (10260075)|HEAP_ALLOCATE|[EXTERNAL]|Bytes:-4
11:22:02.0 (10267815)|HEAP_ALLOCATE|[276]|Bytes:5
11:22:02.0 (10274421)|VARIABLE_SCOPE_BEGIN|[276]|key|String|false|false
11:22:02.0 (10282481)|VARIABLE_ASSIGNMENT|[276]|key|"Desbloqueo de PIN"
11:22:02.0 (10285331)|STATEMENT_EXECUTE|[276]
11:22:02.0 (10286335)|STATEMENT_EXECUTE|[278]
11:22:02.0 (10292793)|VARIABLE_SCOPE_BEGIN|[278]|info|Schema.RecordTypeInfo|true|false
11:22:02.0 (10320093)|VARIABLE_ASSIGNMENT|[278]|info|"common.api.soap.wsdl.RecordTypeInfo@30261dc8"|0xfae6656
11:22:02.0 (10324871)|STATEMENT_EXECUTE|[279]
11:22:02.0 (10328853)|HEAP_ALLOCATE|[279]|Bytes:4
11:22:02.0 (10342726)|HEAP_ALLOCATE|[EXTERNAL]|Bytes:-4
11:22:02.0 (10351186)|HEAP_ALLOCATE|[276]|Bytes:5
11:22:02.0 (10357476)|VARIABLE_SCOPE_BEGIN|[276]|key|String|false|false
11:22:02.0 (10364866)|VARIABLE_ASSIGNMENT|[276]|key|"Desconoce transacció (8 more) ..."
11:22:02.0 (10368609)|STATEMENT_EXECUTE|[276]
11:22:02.0 (10369579)|STATEMENT_EXECUTE|[278]
11:22:02.0 (10376411)|VARIABLE_SCOPE_BEGIN|[278]|info|Schema.RecordTypeInfo|true|false
11:22:02.0 (10404896)|VARIABLE_ASSIGNMENT|[278]|info|"common.api.soap.wsdl.RecordTypeInfo@96885c8c"|0x73fa98fb
11:22:02.0 (10409994)|STATEMENT_EXECUTE|[279]
11:22:02.0 (10413341)|HEAP_ALLOCATE|[279]|Bytes:4
11:22:02.0 (10421803)|HEAP_ALLOCATE|[EXTERNAL]|Bytes:-4
11:22:02.0 (10429516)|HEAP_ALLOCATE|[276]|Bytes:5
11:22:02.0 (10435936)|VARIABLE_SCOPE_BEGIN|[276]|key|String|false|false
11:22:02.0 (10443234)|VARIABLE_ASSIGNMENT|[276]|key|"Desconoce transacció (17 more) ..."
11:22:02.0 (10446826)|STATEMENT_EXECUTE|[276]
11:22:02.0 (10447761)|STATEMENT_EXECUTE|[278]
11:22:02.0 (10453737)|VARIABLE_SCOPE_BEGIN|[278]|info|Schema.RecordTypeInfo|true|false
11:22:02.0 (10481983)|VARIABLE_ASSIGNMENT|[278]|info|"common.api.soap.wsdl.RecordTypeInfo@aec1d09b"|0x773c7c5a
11:22:02.0 (10487517)|STATEMENT_EXECUTE|[279]
11:22:02.0 (10490886)|HEAP_ALLOCATE|[279]|Bytes:4
11:22:02.0 (10500386)|HEAP_ALLOCATE|[EXTERNAL]|Bytes:-4
11:22:02.0 (10508202)|HEAP_ALLOCATE|[276]|Bytes:5
11:22:02.0 (10514506)|VARIABLE_SCOPE_BEGIN|[276]|key|String|false|false
11:22:02.0 (10521423)|VARIABLE_ASSIGNMENT|[276]|key|"Emboce Centralizado"
11:22:02.0 (10524491)|STATEMENT_EXECUTE|[276]
11:22:02.0 (10525638)|STATEMENT_EXECUTE|[278]
11:22:02.0 (10532062)|VARIABLE_SCOPE_BEGIN|[278]|info|Schema.RecordTypeInfo|true|false
11:22:02.0 (10559667)|VARIABLE_ASSIGNMENT|[278]|info|"common.api.soap.wsdl.RecordTypeInfo@1e08cefd"|0x31da5211
11:22:02.0 (10563622)|STATEMENT_EXECUTE|[279]
11:22:02.0 (10567064)|HEAP_ALLOCATE|[279]|Bytes:4
11:22:02.0 (10575458)|HEAP_ALLOCATE|[EXTERNAL]|Bytes:-4
11:22:02.0 (10583997)|HEAP_ALLOCATE|[276]|Bytes:5
11:22:02.0 (10590700)|VARIABLE_SCOPE_BEGIN|[276]|key|String|false|false
11:22:02.0 (10598520)|VARIABLE_ASSIGNMENT|[276]|key|"Estado de Cuenta No  (5 more) ..."
11:22:02.0 (10601338)|STATEMENT_EXECUTE|[276]
11:22:02.0 (10602317)|STATEMENT_EXECUTE|[278]
11:22:02.0 (10608895)|VARIABLE_SCOPE_BEGIN|[278]|info|Schema.RecordTypeInfo|true|false
11:22:02.0 (10637922)|VARIABLE_ASSIGNMENT|[278]|info|"common.api.soap.wsdl.RecordTypeInfo@5d8b692e"|0x4d3a0eaa
11:22:02.0 (10643519)|STATEMENT_EXECUTE|[279]
11:22:02.0 (10647014)|HEAP_ALLOCATE|[279]|Bytes:4
11:22:02.0 (10657023)|HEAP_ALLOCATE|[EXTERNAL]|Bytes:-4
11:22:02.0 (10665612)|HEAP_ALLOCATE|[276]|Bytes:5
11:22:02.0 (10672865)|VARIABLE_SCOPE_BEGIN|[276]|key|String|false|false
11:22:02.0 (10681996)|VARIABLE_ASSIGNMENT|[276]|key|"Estado de Cuenta No  (14 more) ..."
11:22:02.0 (10685374)|STATEMENT_EXECUTE|[276]
11:22:02.0 (10686392)|STATEMENT_EXECUTE|[278]
11:22:02.0 (10693230)|VARIABLE_SCOPE_BEGIN|[278]|info|Schema.RecordTypeInfo|true|false
11:22:02.0 (10724777)|VARIABLE_ASSIGNMENT|[278]|info|"common.api.soap.wsdl.RecordTypeInfo@245cdfba"|0x6aa06ab6
11:22:02.0 (10739850)|STATEMENT_EXECUTE|[279]
11:22:02.0 (10743919)|HEAP_ALLOCATE|[279]|Bytes:4
11:22:02.0 (10754361)|HEAP_ALLOCATE|[EXTERNAL]|Bytes:-4
11:22:02.0 (10763113)|HEAP_ALLOCATE|[276]|Bytes:5
11:22:02.0 (10769897)|VARIABLE_SCOPE_BEGIN|[276]|key|String|false|false
11:22:02.0 (10778522)|VARIABLE_ASSIGNMENT|[276]|key|"Figital"
11:22:02.0 (10782483)|STATEMENT_EXECUTE|[276]
11:22:02.0 (10783719)|STATEMENT_EXECUTE|[278]
11:22:02.0 (10790863)|VARIABLE_SCOPE_BEGIN|[278]|info|Schema.RecordTypeInfo|true|false
11:22:02.0 (10823546)|VARIABLE_ASSIGNMENT|[278]|info|"common.api.soap.wsdl.RecordTypeInfo@7c4f98fb"|0x7eea1514
11:22:02.0 (10829027)|STATEMENT_EXECUTE|[279]
11:22:02.0 (10832072)|HEAP_ALLOCATE|[279]|Bytes:4
11:22:02.0 (10840930)|HEAP_ALLOCATE|[EXTERNAL]|Bytes:-4
11:22:02.0 (10848903)|HEAP_ALLOCATE|[276]|Bytes:5
11:22:02.0 (10855233)|VARIABLE_SCOPE_BEGIN|[276]|key|String|false|false
11:22:02.0 (10863584)|VARIABLE_ASSIGNMENT|[276]|key|"Información de Promo (6 more) ..."
11:22:02.0 (10868112)|STATEMENT_EXECUTE|[276]
11:22:02.0 (10869357)|STATEMENT_EXECUTE|[278]
11:22:02.0 (10876360)|VARIABLE_SCOPE_BEGIN|[278]|info|Schema.RecordTypeInfo|true|false
11:22:02.0 (10908608)|VARIABLE_ASSIGNMENT|[278]|info|"common.api.soap.wsdl.RecordTypeInfo@cd9eb64"|0x1dc39a02
11:22:02.0 (10913630)|STATEMENT_EXECUTE|[279]
11:22:02.0 (10917307)|HEAP_ALLOCATE|[279]|Bytes:4
11:22:02.0 (10927332)|HEAP_ALLOCATE|[EXTERNAL]|Bytes:-4
11:22:02.0 (10936142)|HEAP_ALLOCATE|[276]|Bytes:5
11:22:02.0 (10943172)|VARIABLE_SCOPE_BEGIN|[276]|key|String|false|false
11:22:02.0 (10952397)|VARIABLE_ASSIGNMENT|[276]|key|"Invitación Canales D (8 more) ..."
11:22:02.0 (10956893)|STATEMENT_EXECUTE|[276]
11:22:02.0 (10958153)|STATEMENT_EXECUTE|[278]
11:22:02.0 (10965319)|VARIABLE_SCOPE_BEGIN|[278]|info|Schema.RecordTypeInfo|true|false
11:22:02.0 (10996602)|VARIABLE_ASSIGNMENT|[278]|info|"common.api.soap.wsdl.RecordTypeInfo@16f44053"|0x91984e
11:22:02.0 (11002412)|STATEMENT_EXECUTE|[279]
11:22:02.0 (11006799)|HEAP_ALLOCATE|[279]|Bytes:4
11:22:02.0 (11016630)|HEAP_ALLOCATE|[EXTERNAL]|Bytes:-4
11:22:02.0 (11025302)|HEAP_ALLOCATE|[276]|Bytes:5
11:22:02.0 (11032160)|VARIABLE_SCOPE_BEGIN|[276]|key|String|false|false
11:22:02.0 (11041172)|VARIABLE_ASSIGNMENT|[276]|key|"Liberación de Compra (9 more) ..."
11:22:02.0 (11045594)|STATEMENT_EXECUTE|[276]
11:22:02.0 (11046766)|STATEMENT_EXECUTE|[278]
11:22:02.0 (11054039)|VARIABLE_SCOPE_BEGIN|[278]|info|Schema.RecordTypeInfo|true|false
11:22:02.0 (11085154)|VARIABLE_ASSIGNMENT|[278]|info|"common.api.soap.wsdl.RecordTypeInfo@93f08065"|0x690da730
11:22:02.0 (11090987)|STATEMENT_EXECUTE|[279]
11:22:02.0 (11094500)|HEAP_ALLOCATE|[279]|Bytes:4
11:22:02.0 (11104302)|HEAP_ALLOCATE|[EXTERNAL]|Bytes:-4
11:22:02.0 (11112546)|HEAP_ALLOCATE|[276]|Bytes:5
11:22:02.0 (11119135)|VARIABLE_SCOPE_BEGIN|[276]|key|String|false|false
11:22:02.0 (11126736)|VARIABLE_ASSIGNMENT|[276]|key|"Liberar Saldo Reteni (11 more) ..."
11:22:02.0 (11130550)|STATEMENT_EXECUTE|[276]
11:22:02.0 (11131506)|STATEMENT_EXECUTE|[278]
11:22:02.0 (11138234)|VARIABLE_SCOPE_BEGIN|[278]|info|Schema.RecordTypeInfo|true|false
11:22:02.0 (11166132)|VARIABLE_ASSIGNMENT|[278]|info|"common.api.soap.wsdl.RecordTypeInfo@c5ec1a81"|0x47e14db0
11:22:02.0 (11170666)|STATEMENT_EXECUTE|[279]
11:22:02.0 (11174249)|HEAP_ALLOCATE|[279]|Bytes:4
11:22:02.0 (11184404)|HEAP_ALLOCATE|[EXTERNAL]|Bytes:-4
11:22:02.0 (11193402)|HEAP_ALLOCATE|[276]|Bytes:5
11:22:02.0 (11200109)|VARIABLE_SCOPE_BEGIN|[276]|key|String|false|false
11:22:02.0 (11209519)|VARIABLE_ASSIGNMENT|[276]|key|"Liberar saldo reteni (2 more) ..."
11:22:02.0 (11213698)|STATEMENT_EXECUTE|[276]
11:22:02.0 (11214909)|STATEMENT_EXECUTE|[278]
11:22:02.0 (11221771)|VARIABLE_SCOPE_BEGIN|[278]|info|Schema.RecordTypeInfo|true|false
11:22:02.0 (11253047)|VARIABLE_ASSIGNMENT|[278]|info|"common.api.soap.wsdl.RecordTypeInfo@a1b19da2"|0x4673dcc4
11:22:02.0 (11258610)|STATEMENT_EXECUTE|[279]
11:22:02.0 (11262087)|HEAP_ALLOCATE|[279]|Bytes:4
11:22:02.0 (11272279)|HEAP_ALLOCATE|[EXTERNAL]|Bytes:-4
11:22:02.0 (11281009)|HEAP_ALLOCATE|[276]|Bytes:5
11:22:02.0 (11288114)|VARIABLE_SCOPE_BEGIN|[276]|key|String|false|false
11:22:02.0 (11296685)|VARIABLE_ASSIGNMENT|[276]|key|"Mal proceso de cobro"
11:22:02.0 (11300389)|STATEMENT_EXECUTE|[276]
11:22:02.0 (11301658)|STATEMENT_EXECUTE|[278]
11:22:02.0 (11308877)|VARIABLE_SCOPE_BEGIN|[278]|info|Schema.RecordTypeInfo|true|false
11:22:02.0 (11339572)|VARIABLE_ASSIGNMENT|[278]|info|"common.api.soap.wsdl.RecordTypeInfo@41b8e3ba"|0x4a2c7fac
11:22:02.0 (11345137)|STATEMENT_EXECUTE|[279]
11:22:02.0 (11348699)|HEAP_ALLOCATE|[279]|Bytes:4
11:22:02.0 (11358399)|HEAP_ALLOCATE|[EXTERNAL]|Bytes:-4
11:22:02.0 (11367187)|HEAP_ALLOCATE|[276]|Bytes:5
11:22:02.0 (11373881)|VARIABLE_SCOPE_BEGIN|[276]|key|String|false|false
11:22:02.0 (11382492)|VARIABLE_ASSIGNMENT|[276]|key|"Notificación Publici (3 more) ..."
11:22:02.0 (11386901)|STATEMENT_EXECUTE|[276]
11:22:02.0 (11388087)|STATEMENT_EXECUTE|[278]
11:22:02.0 (11395022)|VARIABLE_SCOPE_BEGIN|[278]|info|Schema.RecordTypeInfo|true|false
11:22:02.0 (11425806)|VARIABLE_ASSIGNMENT|[278]|info|"common.api.soap.wsdl.RecordTypeInfo@4196691a"|0x4e9c75fe
11:22:02.0 (11431292)|STATEMENT_EXECUTE|[279]
11:22:02.0 (11434635)|HEAP_ALLOCATE|[279]|Bytes:4
11:22:02.0 (11444246)|HEAP_ALLOCATE|[EXTERNAL]|Bytes:-4
11:22:02.0 (11453227)|HEAP_ALLOCATE|[276]|Bytes:5
11:22:02.0 (11460252)|VARIABLE_SCOPE_BEGIN|[276]|key|String|false|false
11:22:02.0 (11468408)|VARIABLE_ASSIGNMENT|[276]|key|"Pago No Aplicado"
11:22:02.0 (11472322)|STATEMENT_EXECUTE|[276]
11:22:02.0 (11473702)|STATEMENT_EXECUTE|[278]
11:22:02.0 (11480612)|VARIABLE_SCOPE_BEGIN|[278]|info|Schema.RecordTypeInfo|true|false
11:22:02.0 (11511718)|VARIABLE_ASSIGNMENT|[278]|info|"common.api.soap.wsdl.RecordTypeInfo@6663c20"|0x35d3d50
11:22:02.0 (11517171)|STATEMENT_EXECUTE|[279]
11:22:02.0 (11520849)|HEAP_ALLOCATE|[279]|Bytes:4
11:22:02.0 (11530625)|HEAP_ALLOCATE|[EXTERNAL]|Bytes:-4
11:22:02.0 (11539532)|HEAP_ALLOCATE|[276]|Bytes:5
11:22:02.0 (11546622)|VARIABLE_SCOPE_BEGIN|[276]|key|String|false|false
11:22:02.0 (11555522)|VARIABLE_ASSIGNMENT|[276]|key|"Pago No Aplicado (Mó (5 more) ..."
11:22:02.0 (11560205)|STATEMENT_EXECUTE|[276]
11:22:02.0 (11561514)|STATEMENT_EXECUTE|[278]
11:22:02.0 (11568609)|VARIABLE_SCOPE_BEGIN|[278]|info|Schema.RecordTypeInfo|true|false
11:22:02.0 (11599307)|VARIABLE_ASSIGNMENT|[278]|info|"common.api.soap.wsdl.RecordTypeInfo@8334e7ee"|0x5b905403
11:22:02.0 (11604232)|STATEMENT_EXECUTE|[279]
11:22:02.0 (11607537)|HEAP_ALLOCATE|[279]|Bytes:4
11:22:02.0 (11617397)|HEAP_ALLOCATE|[EXTERNAL]|Bytes:-4
11:22:02.0 (11626799)|HEAP_ALLOCATE|[276]|Bytes:5
11:22:02.0 (11634037)|VARIABLE_SCOPE_BEGIN|[276]|key|String|false|false
11:22:02.0 (11642282)|VARIABLE_ASSIGNMENT|[276]|key|"Plan de Pagos"
11:22:02.0 (11646272)|STATEMENT_EXECUTE|[276]
11:22:02.0 (11647533)|STATEMENT_EXECUTE|[278]
11:22:02.0 (11654770)|VARIABLE_SCOPE_BEGIN|[278]|info|Schema.RecordTypeInfo|true|false
11:22:02.0 (11684329)|VARIABLE_ASSIGNMENT|[278]|info|"common.api.soap.wsdl.RecordTypeInfo@153377c6"|0x72e891c2
11:22:02.0 (11688725)|STATEMENT_EXECUTE|[279]
11:22:02.0 (11692517)|HEAP_ALLOCATE|[279]|Bytes:4
11:22:02.0 (11703924)|HEAP_ALLOCATE|[EXTERNAL]|Bytes:-4
11:22:02.0 (11713131)|HEAP_ALLOCATE|[276]|Bytes:5
11:22:02.0 (11720047)|VARIABLE_SCOPE_BEGIN|[276]|key|String|false|false
11:22:02.0 (11728931)|VARIABLE_ASSIGNMENT|[276]|key|"Promoción no Aplicad (1 more) ..."
11:22:02.0 (11733554)|STATEMENT_EXECUTE|[276]
11:22:02.0 (11734809)|STATEMENT_EXECUTE|[278]
11:22:02.0 (11742379)|VARIABLE_SCOPE_BEGIN|[278]|info|Schema.RecordTypeInfo|true|false
11:22:02.0 (11773789)|VARIABLE_ASSIGNMENT|[278]|info|"common.api.soap.wsdl.RecordTypeInfo@48530913"|0x5f7639e4
11:22:02.0 (11779462)|STATEMENT_EXECUTE|[279]
11:22:02.0 (11782925)|HEAP_ALLOCATE|[279]|Bytes:4
11:22:02.0 (11792859)|HEAP_ALLOCATE|[EXTERNAL]|Bytes:-4
11:22:02.0 (11801367)|HEAP_ALLOCATE|[276]|Bytes:5
11:22:02.0 (11807997)|VARIABLE_SCOPE_BEGIN|[276]|key|String|false|false
11:22:02.0 (11816526)|VARIABLE_ASSIGNMENT|[276]|key|"Promoción no Aplicad (10 more) ..."
11:22:02.0 (11821022)|STATEMENT_EXECUTE|[276]
11:22:02.0 (11822239)|STATEMENT_EXECUTE|[278]
11:22:02.0 (11829384)|VARIABLE_SCOPE_BEGIN|[278]|info|Schema.RecordTypeInfo|true|false
11:22:02.0 (11859847)|VARIABLE_ASSIGNMENT|[278]|info|"common.api.soap.wsdl.RecordTypeInfo@54ed86c2"|0x352b38e7
11:22:02.0 (11865270)|STATEMENT_EXECUTE|[279]
11:22:02.0 (11868902)|HEAP_ALLOCATE|[279]|Bytes:4
11:22:02.0 (11878915)|HEAP_ALLOCATE|[EXTERNAL]|Bytes:-4
11:22:02.0 (11888009)|HEAP_ALLOCATE|[276]|Bytes:5
11:22:02.0 (11894993)|VARIABLE_SCOPE_BEGIN|[276]|key|String|false|false
11:22:02.0 (11903711)|VARIABLE_ASSIGNMENT|[276]|key|"Préstamo Personal"
11:22:02.0 (11908052)|STATEMENT_EXECUTE|[276]
11:22:02.0 (11909216)|STATEMENT_EXECUTE|[278]
11:22:02.0 (11916634)|VARIABLE_SCOPE_BEGIN|[278]|info|Schema.RecordTypeInfo|true|false
11:22:02.0 (11947855)|VARIABLE_ASSIGNMENT|[278]|info|"common.api.soap.wsdl.RecordTypeInfo@e847229"|0x6cc2520d
11:22:02.0 (11953579)|STATEMENT_EXECUTE|[279]
11:22:02.0 (11957018)|HEAP_ALLOCATE|[279]|Bytes:4
11:22:02.0 (11967246)|HEAP_ALLOCATE|[EXTERNAL]|Bytes:-4
11:22:02.0 (11976090)|HEAP_ALLOCATE|[276]|Bytes:5
11:22:02.0 (11983047)|VARIABLE_SCOPE_BEGIN|[276]|key|String|false|false
11:22:02.0 (11990604)|VARIABLE_ASSIGNMENT|[276]|key|"QR"
11:22:02.0 (11994575)|STATEMENT_EXECUTE|[276]
11:22:02.0 (11995825)|STATEMENT_EXECUTE|[278]
11:22:02.0 (12003217)|VARIABLE_SCOPE_BEGIN|[278]|info|Schema.RecordTypeInfo|true|false
11:22:02.0 (12035060)|VARIABLE_ASSIGNMENT|[278]|info|"common.api.soap.wsdl.RecordTypeInfo@a3ca910f"|0x5a12b8d6
11:22:02.0 (12040618)|STATEMENT_EXECUTE|[279]
11:22:02.0 (12044530)|HEAP_ALLOCATE|[279]|Bytes:4
11:22:02.0 (12054575)|HEAP_ALLOCATE|[EXTERNAL]|Bytes:-4
11:22:02.0 (12063381)|HEAP_ALLOCATE|[276]|Bytes:5
11:22:02.0 (12070326)|VARIABLE_SCOPE_BEGIN|[276]|key|String|false|false
11:22:02.0 (12079243)|VARIABLE_ASSIGNMENT|[276]|key|"Quejas y Sugerencias"
11:22:02.0 (12083037)|STATEMENT_EXECUTE|[276]
11:22:02.0 (12084287)|STATEMENT_EXECUTE|[278]
11:22:02.0 (12091216)|VARIABLE_SCOPE_BEGIN|[278]|info|Schema.RecordTypeInfo|true|false
11:22:02.0 (12123408)|VARIABLE_ASSIGNMENT|[278]|info|"common.api.soap.wsdl.RecordTypeInfo@990e8655"|0x34450369
11:22:02.0 (12128503)|STATEMENT_EXECUTE|[279]
11:22:02.0 (12132168)|HEAP_ALLOCATE|[279]|Bytes:4
11:22:02.0 (12148171)|HEAP_ALLOCATE|[EXTERNAL]|Bytes:-4
11:22:02.0 (12158253)|HEAP_ALLOCATE|[276]|Bytes:5
11:22:02.0 (12165844)|VARIABLE_SCOPE_BEGIN|[276]|key|String|false|false
11:22:02.0 (12175393)|VARIABLE_ASSIGNMENT|[276]|key|"Quejas y/o Sugerenci (11 more) ..."
11:22:02.0 (12179150)|STATEMENT_EXECUTE|[276]
11:22:02.0 (12180312)|STATEMENT_EXECUTE|[278]
11:22:02.0 (12187796)|VARIABLE_SCOPE_BEGIN|[278]|info|Schema.RecordTypeInfo|true|false
11:22:02.0 (12219824)|VARIABLE_ASSIGNMENT|[278]|info|"common.api.soap.wsdl.RecordTypeInfo@c16a1b67"|0x5845e906
11:22:02.0 (12225141)|STATEMENT_EXECUTE|[279]
11:22:02.0 (12229645)|HEAP_ALLOCATE|[279]|Bytes:4
11:22:02.0 (12239760)|HEAP_ALLOCATE|[EXTERNAL]|Bytes:-4
11:22:02.0 (12248596)|HEAP_ALLOCATE|[276]|Bytes:5
11:22:02.0 (12256293)|VARIABLE_SCOPE_BEGIN|[276]|key|String|false|false
11:22:02.0 (12264443)|VARIABLE_ASSIGNMENT|[276]|key|"Quita"
11:22:02.0 (12268440)|STATEMENT_EXECUTE|[276]
11:22:02.0 (12269700)|STATEMENT_EXECUTE|[278]
11:22:02.0 (12276733)|VARIABLE_SCOPE_BEGIN|[278]|info|Schema.RecordTypeInfo|true|false
11:22:02.0 (12308315)|VARIABLE_ASSIGNMENT|[278]|info|"common.api.soap.wsdl.RecordTypeInfo@537d4e99"|0x26699a39
11:22:02.0 (12313563)|STATEMENT_EXECUTE|[279]
11:22:02.0 (12317508)|HEAP_ALLOCATE|[279]|Bytes:4
11:22:02.0 (12327488)|HEAP_ALLOCATE|[EXTERNAL]|Bytes:-4
11:22:02.0 (12336115)|HEAP_ALLOCATE|[276]|Bytes:5
11:22:02.0 (12343242)|VARIABLE_SCOPE_BEGIN|[276]|key|String|false|false
11:22:02.0 (12351920)|VARIABLE_ASSIGNMENT|[276]|key|"REDECO"
11:22:02.0 (12355923)|STATEMENT_EXECUTE|[276]
11:22:02.0 (12357202)|STATEMENT_EXECUTE|[278]
11:22:02.0 (12364949)|VARIABLE_SCOPE_BEGIN|[278]|info|Schema.RecordTypeInfo|true|false
11:22:02.0 (12396260)|VARIABLE_ASSIGNMENT|[278]|info|"common.api.soap.wsdl.RecordTypeInfo@21ba273d"|0x69f2522a
11:22:02.0 (12401626)|STATEMENT_EXECUTE|[279]
11:22:02.0 (12405298)|HEAP_ALLOCATE|[279]|Bytes:4
11:22:02.0 (12415153)|HEAP_ALLOCATE|[EXTERNAL]|Bytes:-4
11:22:02.0 (12423936)|HEAP_ALLOCATE|[276]|Bytes:5
11:22:02.0 (12430673)|VARIABLE_SCOPE_BEGIN|[276]|key|String|false|false
11:22:02.0 (12438954)|VARIABLE_ASSIGNMENT|[276]|key|"Reenvío de Estado de (7 more) ..."
11:22:02.0 (12443537)|STATEMENT_EXECUTE|[276]
11:22:02.0 (12444734)|STATEMENT_EXECUTE|[278]
11:22:02.0 (12452353)|VARIABLE_SCOPE_BEGIN|[278]|info|Schema.RecordTypeInfo|true|false
11:22:02.0 (12484013)|VARIABLE_ASSIGNMENT|[278]|info|"common.api.soap.wsdl.RecordTypeInfo@2f4fb732"|0x75b05a36
11:22:02.0 (12489503)|STATEMENT_EXECUTE|[279]
11:22:02.0 (12493167)|HEAP_ALLOCATE|[279]|Bytes:4
11:22:02.0 (12503954)|HEAP_ALLOCATE|[EXTERNAL]|Bytes:-4
11:22:02.0 (12512463)|HEAP_ALLOCATE|[276]|Bytes:5
11:22:02.0 (12519233)|VARIABLE_SCOPE_BEGIN|[276]|key|String|false|false
11:22:02.0 (12526184)|VARIABLE_ASSIGNMENT|[276]|key|"Reestructura"
11:22:02.0 (12529598)|STATEMENT_EXECUTE|[276]
11:22:02.0 (12530623)|STATEMENT_EXECUTE|[278]
11:22:02.0 (12537519)|VARIABLE_SCOPE_BEGIN|[278]|info|Schema.RecordTypeInfo|true|false
11:22:02.0 (12568793)|VARIABLE_ASSIGNMENT|[278]|info|"common.api.soap.wsdl.RecordTypeInfo@f96295ed"|0x24a905f
11:22:02.0 (12574035)|STATEMENT_EXECUTE|[279]
11:22:02.0 (12578140)|HEAP_ALLOCATE|[279]|Bytes:4
11:22:02.0 (12588833)|HEAP_ALLOCATE|[EXTERNAL]|Bytes:-4
11:22:02.0 (12597635)|HEAP_ALLOCATE|[276]|Bytes:5
11:22:02.0 (12604559)|VARIABLE_SCOPE_BEGIN|[276]|key|String|false|false
11:22:02.0 (12612865)|VARIABLE_ASSIGNMENT|[276]|key|"Remisión"
11:22:02.0 (12617445)|STATEMENT_EXECUTE|[276]
11:22:02.0 (12618653)|STATEMENT_EXECUTE|[278]
11:22:02.0 (12625565)|VARIABLE_SCOPE_BEGIN|[278]|info|Schema.RecordTypeInfo|true|false
11:22:02.0 (12657295)|VARIABLE_ASSIGNMENT|[278]|info|"common.api.soap.wsdl.RecordTypeInfo@e1e2d95d"|0x68187a7d
11:22:02.0 (12662528)|STATEMENT_EXECUTE|[279]
11:22:02.0 (12666121)|HEAP_ALLOCATE|[279]|Bytes:4
11:22:02.0 (12675593)|HEAP_ALLOCATE|[EXTERNAL]|Bytes:-4
11:22:02.0 (12684533)|HEAP_ALLOCATE|[276]|Bytes:5
11:22:02.0 (12691548)|VARIABLE_SCOPE_BEGIN|[276]|key|String|false|false
11:22:02.0 (12826227)|VARIABLE_ASSIGNMENT|[276]|key|"Renegociación"
11:22:02.0 (12831757)|STATEMENT_EXECUTE|[276]
11:22:02.0 (12832993)|STATEMENT_EXECUTE|[278]
11:22:02.0 (12843569)|VARIABLE_SCOPE_BEGIN|[278]|info|Schema.RecordTypeInfo|true|false
11:22:02.0 (12884343)|VARIABLE_ASSIGNMENT|[278]|info|"common.api.soap.wsdl.RecordTypeInfo@23cd8d41"|0x13000656
11:22:02.0 (12889268)|STATEMENT_EXECUTE|[279]
11:22:02.0 (12894260)|HEAP_ALLOCATE|[279]|Bytes:4
11:22:02.0 (12907802)|HEAP_ALLOCATE|[EXTERNAL]|Bytes:-4
11:22:02.0 (12919088)|HEAP_ALLOCATE|[276]|Bytes:5
11:22:02.0 (12927233)|VARIABLE_SCOPE_BEGIN|[276]|key|String|false|false
11:22:02.0 (12936418)|VARIABLE_ASSIGNMENT|[276]|key|"Reporte por Deterior (1 more) ..."
11:22:02.0 (12939933)|STATEMENT_EXECUTE|[276]
11:22:02.0 (12941045)|STATEMENT_EXECUTE|[278]
11:22:02.0 (12948356)|VARIABLE_SCOPE_BEGIN|[278]|info|Schema.RecordTypeInfo|true|false
11:22:02.0 (12985574)|VARIABLE_ASSIGNMENT|[278]|info|"common.api.soap.wsdl.RecordTypeInfo@d6e6859d"|0x64169fea
11:22:02.0 (12990957)|STATEMENT_EXECUTE|[279]
11:22:02.0 (12994682)|HEAP_ALLOCATE|[279]|Bytes:4
11:22:02.0 (13005209)|HEAP_ALLOCATE|[EXTERNAL]|Bytes:-4
11:22:02.0 (13015206)|HEAP_ALLOCATE|[276]|Bytes:5
11:22:02.0 (13022243)|VARIABLE_SCOPE_BEGIN|[276]|key|String|false|false
11:22:02.0 (13030785)|VARIABLE_ASSIGNMENT|[276]|key|"Reporte por Retenció (8 more) ..."
11:22:02.0 (13034697)|STATEMENT_EXECUTE|[276]
11:22:02.0 (13035884)|STATEMENT_EXECUTE|[278]
11:22:02.0 (13042935)|VARIABLE_SCOPE_BEGIN|[278]|info|Schema.RecordTypeInfo|true|false
11:22:02.0 (13075468)|VARIABLE_ASSIGNMENT|[278]|info|"common.api.soap.wsdl.RecordTypeInfo@e985f6a7"|0x3288235f
11:22:02.0 (13080535)|STATEMENT_EXECUTE|[279]
11:22:02.0 (13083822)|HEAP_ALLOCATE|[279]|Bytes:4
11:22:02.0 (13093583)|HEAP_ALLOCATE|[EXTERNAL]|Bytes:-4
11:22:02.0 (13101663)|HEAP_ALLOCATE|[276]|Bytes:5
11:22:02.0 (13108590)|VARIABLE_SCOPE_BEGIN|[276]|key|String|false|false
11:22:02.0 (13117687)|VARIABLE_ASSIGNMENT|[276]|key|"Reporte por Robo o E (7 more) ..."
11:22:02.0 (13121378)|STATEMENT_EXECUTE|[276]
11:22:02.0 (13122602)|STATEMENT_EXECUTE|[278]
11:22:02.0 (13129933)|VARIABLE_SCOPE_BEGIN|[278]|info|Schema.RecordTypeInfo|true|false
11:22:02.0 (13161895)|VARIABLE_ASSIGNMENT|[278]|info|"common.api.soap.wsdl.RecordTypeInfo@ed6b1696"|0x19686ce1
11:22:02.0 (13167455)|STATEMENT_EXECUTE|[279]
11:22:02.0 (13170811)|HEAP_ALLOCATE|[279]|Bytes:4
11:22:02.0 (13182024)|HEAP_ALLOCATE|[EXTERNAL]|Bytes:-4
11:22:02.0 (13191328)|HEAP_ALLOCATE|[276]|Bytes:5
11:22:02.0 (13197990)|VARIABLE_SCOPE_BEGIN|[276]|key|String|false|false
11:22:02.0 (13206358)|VARIABLE_ASSIGNMENT|[276]|key|"Reposición"
11:22:02.0 (13210676)|STATEMENT_EXECUTE|[276]
11:22:02.0 (13211791)|STATEMENT_EXECUTE|[278]
11:22:02.0 (13218948)|VARIABLE_SCOPE_BEGIN|[278]|info|Schema.RecordTypeInfo|true|false
11:22:02.0 (13251063)|VARIABLE_ASSIGNMENT|[278]|info|"common.api.soap.wsdl.RecordTypeInfo@bc60712d"|0xac9fb2c
11:22:02.0 (13256033)|STATEMENT_EXECUTE|[279]
11:22:02.0 (13259945)|HEAP_ALLOCATE|[279]|Bytes:4
11:22:02.0 (13270395)|HEAP_ALLOCATE|[EXTERNAL]|Bytes:-4
11:22:02.0 (13279534)|HEAP_ALLOCATE|[276]|Bytes:5
11:22:02.0 (13286468)|VARIABLE_SCOPE_BEGIN|[276]|key|String|false|false
11:22:02.0 (13294339)|VARIABLE_ASSIGNMENT|[276]|key|"Retención de Titular"
11:22:02.0 (13298056)|STATEMENT_EXECUTE|[276]
11:22:02.0 (13299215)|STATEMENT_EXECUTE|[278]
11:22:02.0 (13305995)|VARIABLE_SCOPE_BEGIN|[278]|info|Schema.RecordTypeInfo|true|false
11:22:02.0 (13337074)|VARIABLE_ASSIGNMENT|[278]|info|"common.api.soap.wsdl.RecordTypeInfo@a96fa95b"|0x5a70dc50
11:22:02.0 (13342295)|STATEMENT_EXECUTE|[279]
11:22:02.0 (13345474)|HEAP_ALLOCATE|[279]|Bytes:4
11:22:02.0 (13355829)|HEAP_ALLOCATE|[EXTERNAL]|Bytes:-4
11:22:02.0 (13365039)|HEAP_ALLOCATE|[276]|Bytes:5
11:22:02.0 (13371899)|VARIABLE_SCOPE_BEGIN|[276]|key|String|false|false
11:22:02.0 (13380816)|VARIABLE_ASSIGNMENT|[276]|key|"Retiro de Efectivo e (14 more) ..."
11:22:02.0 (13384776)|STATEMENT_EXECUTE|[276]
11:22:02.0 (13386034)|STATEMENT_EXECUTE|[278]
11:22:02.0 (13392806)|VARIABLE_SCOPE_BEGIN|[278]|info|Schema.RecordTypeInfo|true|false
11:22:02.0 (13424095)|VARIABLE_ASSIGNMENT|[278]|info|"common.api.soap.wsdl.RecordTypeInfo@91248e51"|0x29119e9a
11:22:02.0 (13429789)|STATEMENT_EXECUTE|[279]
11:22:02.0 (13433187)|HEAP_ALLOCATE|[279]|Bytes:4
11:22:02.0 (13442335)|HEAP_ALLOCATE|[EXTERNAL]|Bytes:-4
11:22:02.0 (13450879)|HEAP_ALLOCATE|[276]|Bytes:5
11:22:02.0 (13458154)|VARIABLE_SCOPE_BEGIN|[276]|key|String|false|false
11:22:02.0 (13467287)|VARIABLE_ASSIGNMENT|[276]|key|"Retiro de efectivo e (5 more) ..."
11:22:02.0 (13470972)|STATEMENT_EXECUTE|[276]
11:22:02.0 (13472239)|STATEMENT_EXECUTE|[278]
11:22:02.0 (13479561)|VARIABLE_SCOPE_BEGIN|[278]|info|Schema.RecordTypeInfo|true|false
11:22:02.0 (13511464)|VARIABLE_ASSIGNMENT|[278]|info|"common.api.soap.wsdl.RecordTypeInfo@20767856"|0x73c4e03d
11:22:02.0 (13517553)|STATEMENT_EXECUTE|[279]
11:22:02.0 (13521158)|HEAP_ALLOCATE|[279]|Bytes:4
11:22:02.0 (13531585)|HEAP_ALLOCATE|[EXTERNAL]|Bytes:-4
11:22:02.0 (13540176)|HEAP_ALLOCATE|[276]|Bytes:5
11:22:02.0 (13547152)|VARIABLE_SCOPE_BEGIN|[276]|key|String|false|false
11:22:02.0 (13554739)|VARIABLE_ASSIGNMENT|[276]|key|"Retorno de Tarjeta"
11:22:02.0 (13558021)|STATEMENT_EXECUTE|[276]
11:22:02.0 (13559164)|STATEMENT_EXECUTE|[278]
11:22:02.0 (13566824)|VARIABLE_SCOPE_BEGIN|[278]|info|Schema.RecordTypeInfo|true|false
11:22:02.0 (13597460)|VARIABLE_ASSIGNMENT|[278]|info|"common.api.soap.wsdl.RecordTypeInfo@6bda56db"|0x369165f2
11:22:02.0 (13602484)|STATEMENT_EXECUTE|[279]
11:22:02.0 (13606339)|HEAP_ALLOCATE|[279]|Bytes:4
11:22:02.0 (13616620)|HEAP_ALLOCATE|[EXTERNAL]|Bytes:-4
11:22:02.0 (13625102)|HEAP_ALLOCATE|[276]|Bytes:5
11:22:02.0 (13631910)|VARIABLE_SCOPE_BEGIN|[276]|key|String|false|false
11:22:02.0 (13639855)|VARIABLE_ASSIGNMENT|[276]|key|"Reversa de Anualidad"
11:22:02.0 (13643401)|STATEMENT_EXECUTE|[276]
11:22:02.0 (13644442)|STATEMENT_EXECUTE|[278]
11:22:02.0 (13651533)|VARIABLE_SCOPE_BEGIN|[278]|info|Schema.RecordTypeInfo|true|false
11:22:02.0 (13682774)|VARIABLE_ASSIGNMENT|[278]|info|"common.api.soap.wsdl.RecordTypeInfo@95e3f3eb"|0x6adfad2c
11:22:02.0 (13688031)|STATEMENT_EXECUTE|[279]
11:22:02.0 (13692184)|HEAP_ALLOCATE|[279]|Bytes:4
11:22:02.0 (13702036)|HEAP_ALLOCATE|[EXTERNAL]|Bytes:-4
11:22:02.0 (13710903)|HEAP_ALLOCATE|[276]|Bytes:5
11:22:02.0 (13717570)|VARIABLE_SCOPE_BEGIN|[276]|key|String|false|false
11:22:02.0 (13726409)|VARIABLE_ASSIGNMENT|[276]|key|"Reversa de Anualidad (9 more) ..."
11:22:02.0 (13730303)|STATEMENT_EXECUTE|[276]
11:22:02.0 (13731689)|STATEMENT_EXECUTE|[278]
11:22:02.0 (13738950)|VARIABLE_SCOPE_BEGIN|[278]|info|Schema.RecordTypeInfo|true|false
11:22:02.0 (13771744)|VARIABLE_ASSIGNMENT|[278]|info|"common.api.soap.wsdl.RecordTypeInfo@a08d19ba"|0x4f1f1ba3
11:22:02.0 (13777017)|STATEMENT_EXECUTE|[279]
11:22:02.0 (13780372)|HEAP_ALLOCATE|[279]|Bytes:4
11:22:02.0 (13790139)|HEAP_ALLOCATE|[EXTERNAL]|Bytes:-4
11:22:02.0 (13798872)|HEAP_ALLOCATE|[276]|Bytes:5
11:22:02.0 (13806116)|VARIABLE_SCOPE_BEGIN|[276]|key|String|false|false
11:22:02.0 (13814526)|VARIABLE_ASSIGNMENT|[276]|key|"Reversa de Comisión"
11:22:02.0 (13818674)|STATEMENT_EXECUTE|[276]
11:22:02.0 (13819874)|STATEMENT_EXECUTE|[278]
11:22:02.0 (13827265)|VARIABLE_SCOPE_BEGIN|[278]|info|Schema.RecordTypeInfo|true|false
11:22:02.0 (13859101)|VARIABLE_ASSIGNMENT|[278]|info|"common.api.soap.wsdl.RecordTypeInfo@c12cbb8e"|0x1b8ecf75
11:22:02.0 (13864754)|STATEMENT_EXECUTE|[279]
11:22:02.0 (13868537)|HEAP_ALLOCATE|[279]|Bytes:4
11:22:02.0 (13879047)|HEAP_ALLOCATE|[EXTERNAL]|Bytes:-4
11:22:02.0 (13887298)|HEAP_ALLOCATE|[276]|Bytes:5
11:22:02.0 (13894211)|VARIABLE_SCOPE_BEGIN|[276]|key|String|false|false
11:22:02.0 (13902884)|VARIABLE_ASSIGNMENT|[276]|key|"Reversa de Comisión  (8 more) ..."
11:22:02.0 (13907391)|STATEMENT_EXECUTE|[276]
11:22:02.0 (13908532)|STATEMENT_EXECUTE|[278]
11:22:02.0 (13916381)|VARIABLE_SCOPE_BEGIN|[278]|info|Schema.RecordTypeInfo|true|false
11:22:02.0 (13947453)|VARIABLE_ASSIGNMENT|[278]|info|"common.api.soap.wsdl.RecordTypeInfo@af5255b"|0x268d9703
11:22:02.0 (13952846)|STATEMENT_EXECUTE|[279]
11:22:02.0 (13956566)|HEAP_ALLOCATE|[279]|Bytes:4
11:22:02.0 (13967167)|HEAP_ALLOCATE|[EXTERNAL]|Bytes:-4
11:22:02.0 (13976289)|HEAP_ALLOCATE|[276]|Bytes:5
11:22:02.0 (13982911)|VARIABLE_SCOPE_BEGIN|[276]|key|String|false|false
11:22:02.0 (13990435)|VARIABLE_ASSIGNMENT|[276]|key|"Riesgos/Originación"
11:22:02.0 (13994236)|STATEMENT_EXECUTE|[276]
11:22:02.0 (13995229)|STATEMENT_EXECUTE|[278]
11:22:02.0 (14002345)|VARIABLE_SCOPE_BEGIN|[278]|info|Schema.RecordTypeInfo|true|false
11:22:02.0 (14034704)|VARIABLE_ASSIGNMENT|[278]|info|"common.api.soap.wsdl.RecordTypeInfo@b4223aba"|0x312ce833
11:22:02.0 (14039959)|STATEMENT_EXECUTE|[279]
11:22:02.0 (14043461)|HEAP_ALLOCATE|[279]|Bytes:4
11:22:02.0 (14054052)|HEAP_ALLOCATE|[EXTERNAL]|Bytes:-4
11:22:02.0 (14063017)|HEAP_ALLOCATE|[276]|Bytes:5
11:22:02.0 (14069935)|VARIABLE_SCOPE_BEGIN|[276]|key|String|false|false
11:22:02.0 (14078172)|VARIABLE_ASSIGNMENT|[276]|key|"Saldo a Favor"
11:22:02.0 (14081656)|STATEMENT_EXECUTE|[276]
11:22:02.0 (14082645)|STATEMENT_EXECUTE|[278]
11:22:02.0 (14089860)|VARIABLE_SCOPE_BEGIN|[278]|info|Schema.RecordTypeInfo|true|false
11:22:02.0 (14121159)|VARIABLE_ASSIGNMENT|[278]|info|"common.api.soap.wsdl.RecordTypeInfo@3723677e"|0x6d92fb6
11:22:02.0 (14126909)|STATEMENT_EXECUTE|[279]
11:22:02.0 (14130161)|HEAP_ALLOCATE|[279]|Bytes:4
11:22:02.0 (14139744)|HEAP_ALLOCATE|[EXTERNAL]|Bytes:-4
11:22:02.0 (14148381)|HEAP_ALLOCATE|[276]|Bytes:5
11:22:02.0 (14155304)|VARIABLE_SCOPE_BEGIN|[276]|key|String|false|false
11:22:02.0 (14163679)|VARIABLE_ASSIGNMENT|[276]|key|"Seguimiento a Folios"
11:22:02.0 (14167428)|STATEMENT_EXECUTE|[276]
11:22:02.0 (14168664)|STATEMENT_EXECUTE|[278]
11:22:02.0 (14175559)|VARIABLE_SCOPE_BEGIN|[278]|info|Schema.RecordTypeInfo|true|false
11:22:02.0 (14238949)|VARIABLE_ASSIGNMENT|[278]|info|"common.api.soap.wsdl.RecordTypeInfo@eb3cbf33"|0x6bc1bd7f
11:22:02.0 (14244862)|STATEMENT_EXECUTE|[279]
11:22:02.0 (14249238)|HEAP_ALLOCATE|[279]|Bytes:4
11:22:02.0 (14259645)|HEAP_ALLOCATE|[EXTERNAL]|Bytes:-4
11:22:02.0 (14268901)|HEAP_ALLOCATE|[276]|Bytes:5
11:22:02.0 (14275459)|VARIABLE_SCOPE_BEGIN|[276]|key|String|false|false
11:22:02.0 (14284585)|VARIABLE_ASSIGNMENT|[276]|key|"Solicitud de Contrat (1 more) ..."
11:22:02.0 (14288589)|STATEMENT_EXECUTE|[276]
11:22:02.0 (14289867)|STATEMENT_EXECUTE|[278]
11:22:02.0 (14297899)|VARIABLE_SCOPE_BEGIN|[278]|info|Schema.RecordTypeInfo|true|false
11:22:02.0 (14330822)|VARIABLE_ASSIGNMENT|[278]|info|"common.api.soap.wsdl.RecordTypeInfo@7488117c"|0x21be1a8b
11:22:02.0 (14336556)|STATEMENT_EXECUTE|[279]
11:22:02.0 (14340230)|HEAP_ALLOCATE|[279]|Bytes:4
11:22:02.0 (14351569)|HEAP_ALLOCATE|[EXTERNAL]|Bytes:-4
11:22:02.0 (14360274)|HEAP_ALLOCATE|[276]|Bytes:5
11:22:02.0 (14366714)|VARIABLE_SCOPE_BEGIN|[276]|key|String|false|false
11:22:02.0 (14374462)|VARIABLE_ASSIGNMENT|[276]|key|"Soporte a Módulo"
11:22:02.0 (14378371)|STATEMENT_EXECUTE|[276]
11:22:02.0 (14379459)|STATEMENT_EXECUTE|[278]
11:22:02.0 (14386551)|VARIABLE_SCOPE_BEGIN|[278]|info|Schema.RecordTypeInfo|true|false
11:22:02.0 (14418419)|VARIABLE_ASSIGNMENT|[278]|info|"common.api.soap.wsdl.RecordTypeInfo@a144407d"|0x778513ff
11:22:02.0 (14423497)|STATEMENT_EXECUTE|[279]
11:22:02.0 (14427000)|HEAP_ALLOCATE|[279]|Bytes:4
11:22:02.0 (14436910)|HEAP_ALLOCATE|[EXTERNAL]|Bytes:-4
11:22:02.0 (14445544)|HEAP_ALLOCATE|[276]|Bytes:5
11:22:02.0 (14452694)|VARIABLE_SCOPE_BEGIN|[276]|key|String|false|false
11:22:02.0 (14460911)|VARIABLE_ASSIGNMENT|[276]|key|"Sospecha de Fraude"
11:22:02.0 (14464542)|STATEMENT_EXECUTE|[276]
11:22:02.0 (14465866)|STATEMENT_EXECUTE|[278]
11:22:02.0 (14472758)|VARIABLE_SCOPE_BEGIN|[278]|info|Schema.RecordTypeInfo|true|false
11:22:02.0 (14504311)|VARIABLE_ASSIGNMENT|[278]|info|"common.api.soap.wsdl.RecordTypeInfo@6c3b7acf"|0x38ee3626
11:22:02.0 (14509932)|STATEMENT_EXECUTE|[279]
11:22:02.0 (14513297)|HEAP_ALLOCATE|[279]|Bytes:4
11:22:02.0 (14523311)|HEAP_ALLOCATE|[EXTERNAL]|Bytes:-4
11:22:02.0 (14531959)|HEAP_ALLOCATE|[276]|Bytes:5
11:22:02.0 (14539094)|VARIABLE_SCOPE_BEGIN|[276]|key|String|false|false
11:22:02.0 (14548149)|VARIABLE_ASSIGNMENT|[276]|key|"Sospecha de fraudes  (8 more) ..."
11:22:02.0 (14551909)|STATEMENT_EXECUTE|[276]
11:22:02.0 (14553141)|STATEMENT_EXECUTE|[278]
11:22:02.0 (14559980)|VARIABLE_SCOPE_BEGIN|[278]|info|Schema.RecordTypeInfo|true|false
11:22:02.0 (14591373)|VARIABLE_ASSIGNMENT|[278]|info|"common.api.soap.wsdl.RecordTypeInfo@8088bf01"|0x5e225e01
11:22:02.0 (14597028)|STATEMENT_EXECUTE|[279]
11:22:02.0 (14601287)|HEAP_ALLOCATE|[279]|Bytes:4
11:22:02.0 (14610741)|HEAP_ALLOCATE|[EXTERNAL]|Bytes:-4
11:22:02.0 (14619392)|HEAP_ALLOCATE|[276]|Bytes:5
11:22:02.0 (14626089)|VARIABLE_SCOPE_BEGIN|[276]|key|String|false|false
11:22:02.0 (14634239)|VARIABLE_ASSIGNMENT|[276]|key|"Tarjeta de Crédito"
11:22:02.0 (14638671)|STATEMENT_EXECUTE|[276]
11:22:02.0 (14639924)|STATEMENT_EXECUTE|[278]
11:22:02.0 (14646904)|VARIABLE_SCOPE_BEGIN|[278]|info|Schema.RecordTypeInfo|true|false
11:22:02.0 (14679524)|VARIABLE_ASSIGNMENT|[278]|info|"common.api.soap.wsdl.RecordTypeInfo@5d93dd17"|0xf196d0c
11:22:02.0 (14685179)|STATEMENT_EXECUTE|[279]
11:22:02.0 (14688780)|HEAP_ALLOCATE|[279]|Bytes:4
11:22:02.0 (14709236)|HEAP_ALLOCATE|[EXTERNAL]|Bytes:-4
11:22:02.0 (14718700)|HEAP_ALLOCATE|[276]|Bytes:5
11:22:02.0 (14725045)|VARIABLE_SCOPE_BEGIN|[276]|key|String|false|false
11:22:02.0 (14741403)|VARIABLE_ASSIGNMENT|[276]|key|"Tarjeta no pasa"
11:22:02.0 (14744992)|STATEMENT_EXECUTE|[276]
11:22:02.0 (14746247)|STATEMENT_EXECUTE|[278]
11:22:02.0 (14753894)|VARIABLE_SCOPE_BEGIN|[278]|info|Schema.RecordTypeInfo|true|false
11:22:02.0 (14787919)|VARIABLE_ASSIGNMENT|[278]|info|"common.api.soap.wsdl.RecordTypeInfo@e5bf180e"|0x50dc8dfb
11:22:02.0 (14793869)|STATEMENT_EXECUTE|[279]
11:22:02.0 (14797750)|HEAP_ALLOCATE|[279]|Bytes:4
11:22:02.0 (14808703)|HEAP_ALLOCATE|[EXTERNAL]|Bytes:-4
11:22:02.0 (14817073)|HEAP_ALLOCATE|[276]|Bytes:5
11:22:02.0 (14823938)|VARIABLE_SCOPE_BEGIN|[276]|key|String|false|false
11:22:02.0 (14831858)|VARIABLE_ASSIGNMENT|[276]|key|"Tarjeta no pasa (Mód (4 more) ..."
11:22:02.0 (14835785)|STATEMENT_EXECUTE|[276]
11:22:02.0 (14836825)|STATEMENT_EXECUTE|[278]
11:22:02.0 (14844135)|VARIABLE_SCOPE_BEGIN|[278]|info|Schema.RecordTypeInfo|true|false
11:22:02.0 (14875685)|VARIABLE_ASSIGNMENT|[278]|info|"common.api.soap.wsdl.RecordTypeInfo@aa34942d"|0x19cadec0
11:22:02.0 (14880874)|STATEMENT_EXECUTE|[279]
11:22:02.0 (14884362)|HEAP_ALLOCATE|[279]|Bytes:4
11:22:02.0 (14894862)|HEAP_ALLOCATE|[EXTERNAL]|Bytes:-4
11:22:02.0 (14903983)|HEAP_ALLOCATE|[276]|Bytes:5
11:22:02.0 (14911579)|VARIABLE_SCOPE_BEGIN|[276]|key|String|false|false
11:22:02.0 (14920213)|VARIABLE_ASSIGNMENT|[276]|key|"Up Grade"
11:22:02.0 (14923822)|STATEMENT_EXECUTE|[276]
11:22:02.0 (14924893)|STATEMENT_EXECUTE|[278]
11:22:02.0 (14931775)|VARIABLE_SCOPE_BEGIN|[278]|info|Schema.RecordTypeInfo|true|false
11:22:02.0 (14963859)|VARIABLE_ASSIGNMENT|[278]|info|"common.api.soap.wsdl.RecordTypeInfo@f6ba334"|0x55d459ae
11:22:02.0 (14969578)|STATEMENT_EXECUTE|[279]
11:22:02.0 (14973172)|HEAP_ALLOCATE|[279]|Bytes:4
11:22:02.0 (14981902)|HEAP_ALLOCATE|[EXTERNAL]|Bytes:-4
11:22:02.0 (14990109)|HEAP_ALLOCATE|[276]|Bytes:5
11:22:02.0 (14997497)|VARIABLE_SCOPE_BEGIN|[276]|key|String|false|false
11:22:02.0 (15005198)|VARIABLE_ASSIGNMENT|[276]|key|"WEB"
11:22:02.0 (15009392)|STATEMENT_EXECUTE|[276]
11:22:02.0 (15010515)|STATEMENT_EXECUTE|[278]
11:22:02.0 (15016961)|VARIABLE_SCOPE_BEGIN|[278]|info|Schema.RecordTypeInfo|true|false
11:22:02.0 (15047344)|VARIABLE_ASSIGNMENT|[278]|info|"common.api.soap.wsdl.RecordTypeInfo@288d39b"|0x11e13f15
11:22:02.0 (15053237)|STATEMENT_EXECUTE|[279]
11:22:02.0 (15056940)|HEAP_ALLOCATE|[279]|Bytes:4
11:22:02.0 (15066877)|HEAP_ALLOCATE|[EXTERNAL]|Bytes:-4
11:22:02.0 (15076300)|HEAP_ALLOCATE|[276]|Bytes:5
11:22:02.0 (15082758)|VARIABLE_SCOPE_BEGIN|[276]|key|String|false|false
11:22:02.0 (15090062)|VARIABLE_ASSIGNMENT|[276]|key|"Master"
11:22:02.0 (15093419)|STATEMENT_EXECUTE|[276]
11:22:02.0 (15094430)|STATEMENT_EXECUTE|[278]
11:22:02.0 (15100860)|VARIABLE_SCOPE_BEGIN|[278]|info|Schema.RecordTypeInfo|true|false
11:22:02.0 (15131381)|VARIABLE_ASSIGNMENT|[278]|info|"common.api.soap.wsdl.RecordTypeInfo@414d784a"|0x25e6cb87
11:22:02.0 (15136347)|STATEMENT_EXECUTE|[279]
11:22:02.0 (15140597)|HEAP_ALLOCATE|[279]|Bytes:4
11:22:02.0 (15150688)|HEAP_ALLOCATE|[EXTERNAL]|Bytes:-4
11:22:02.0 (15159173)|HEAP_ALLOCATE|[276]|Bytes:5
11:22:02.0 (15169487)|VARIABLE_ASSIGNMENT|[276]|key|null
11:22:02.0 (15173988)|STATEMENT_EXECUTE|[283]
11:22:02.15 (15242867)|CUMULATIVE_LIMIT_USAGE
11:22:02.15 (15242867)|LIMIT_USAGE_FOR_NS|(default)|
  Number of SOQL queries: 0 out of 100
  Number of query rows: 0 out of 50000
  Number of SOSL queries: 0 out of 20
  Number of DML statements: 0 out of 150
  Number of Publish Immediate DML: 0 out of 150
  Number of DML rows: 0 out of 10000
  Maximum CPU time: 0 out of 10000
  Maximum heap size: 0 out of 6000000
  Number of callouts: 0 out of 100
  Number of Email Invocations: 0 out of 10
  Number of future calls: 0 out of 50
  Number of queueable jobs added to the queue: 0 out of 50
  Number of Mobile Apex push calls: 0 out of 10

11:22:02.15 (15242867)|CUMULATIVE_LIMIT_USAGE_END

11:22:02.0 (15276710)|CODE_UNIT_FINISHED|AuthenticateCustomerController.getCaseRecordTypesByName()
11:22:02.0 (15686974)|CODE_UNIT_FINISHED|apex://AuthenticateCustomerController/ACTION$getCaseRecordTypesByName
11:22:02.0 (15696840)|EXECUTION_FINISHED
