67.0 APEX_CODE,FINEST;APEX_PROFILING,INFO;CALLOUT,INFO;DATA_ACCESS,INFO;DB,INFO;NBA,INFO;SYSTEM,DEBUG;VALIDATION,INFO;VISUALFORCE,INFO;WAVE,INFO;WORKFLOW,INFO
13:14:39.0 (246940)|USER_INFO|[EXTERNAL]|005Qg000002VBqt|jlandav@falabella.com.mx|(GMT-06:00) Central Standard Time (America/Mexico_City)|GMT-06:00
13:14:39.0 (330966)|EXECUTION_STARTED
13:14:39.0 (352315)|CODE_UNIT_STARTED|[EXTERNAL]|apex://MicroServicioModalImagenesBO/ACTION$getPDFReporteBuro
13:14:39.0 (3450801)|CODE_UNIT_STARTED|[EXTERNAL]|01p3l000005qhVh|MicroServicioModalImagenesBO.getPDFReporteBuro(String)
13:14:39.0 (3617095)|VARIABLE_SCOPE_BEGIN|[18]|MicroServicioModalImagenesBO.ENDPOINTBLOBSTORAGE|String|false|true
13:14:39.0 (3661173)|VARIABLE_SCOPE_BEGIN|[19]|MicroServicioModalImagenesBO.ENDPOINTWISTONDATA|String|false|true
13:14:39.0 (3664695)|VARIABLE_SCOPE_BEGIN|[20]|MicroServicioModalImagenesBO.MICROSBLOBSTORAGE|String|false|true
13:14:39.0 (3667922)|VARIABLE_SCOPE_BEGIN|[21]|MicroServicioModalImagenesBO.MICROSWISTONDATA|String|false|true
13:14:39.0 (3671127)|VARIABLE_SCOPE_BEGIN|[17]|MicroServicioModalImagenesBO.POST|String|false|true
13:14:39.0 (3764531)|HEAP_ALLOCATE|[95]|Bytes:3
13:14:39.0 (3830579)|HEAP_ALLOCATE|[100]|Bytes:152
13:14:39.0 (3843404)|HEAP_ALLOCATE|[417]|Bytes:408
13:14:39.0 (3853885)|HEAP_ALLOCATE|[430]|Bytes:408
13:14:39.0 (3871821)|HEAP_ALLOCATE|[317]|Bytes:6
13:14:39.0 (3880424)|HEAP_ALLOCATE|[EXTERNAL]|Bytes:20
13:14:39.0 (3884449)|HEAP_ALLOCATE|[EXTERNAL]|Bytes:48
13:14:39.0 (3886151)|HEAP_ALLOCATE|[EXTERNAL]|Bytes:24
13:14:39.0 (3929134)|VARIABLE_ASSIGNMENT|[EXTERNAL]|MicroServicioModalImagenesBO.ENDPOINTBLOBSTORAGE|"onboarding/file/down (4 more) ..."
13:14:39.0 (3932461)|HEAP_ALLOCATE|[EXTERNAL]|Bytes:25
13:14:39.0 (3936344)|VARIABLE_ASSIGNMENT|[EXTERNAL]|MicroServicioModalImagenesBO.ENDPOINTWISTONDATA|"integracion/file/dow (5 more) ..."
13:14:39.0 (3938307)|HEAP_ALLOCATE|[EXTERNAL]|Bytes:27
13:14:39.0 (3941323)|VARIABLE_ASSIGNMENT|[EXTERNAL]|MicroServicioModalImagenesBO.MICROSBLOBSTORAGE|"MicroServicioImgBlob (7 more) ..."
13:14:39.0 (3943159)|HEAP_ALLOCATE|[EXTERNAL]|Bytes:26
13:14:39.0 (3946031)|VARIABLE_ASSIGNMENT|[EXTERNAL]|MicroServicioModalImagenesBO.MICROSWISTONDATA|"MicroServicioImgWist (6 more) ..."
13:14:39.0 (3947922)|HEAP_ALLOCATE|[EXTERNAL]|Bytes:4
13:14:39.0 (3950746)|VARIABLE_ASSIGNMENT|[EXTERNAL]|MicroServicioModalImagenesBO.POST|"POST"
13:14:39.0 (3972086)|METHOD_ENTRY|[14]|01p3l000005qhVh|MicroServicioModalImagenesBO.MicroServicioModalImagenesBO()
13:14:39.0 (3976661)|STATEMENT_EXECUTE|[14]
13:14:39.0 (3980431)|STATEMENT_EXECUTE|[14]
13:14:39.0 (3984729)|METHOD_EXIT|[14]|MicroServicioModalImagenesBO
13:14:39.0 (3988117)|HEAP_ALLOCATE|[EXTERNAL]|Bytes:61
13:14:39.0 (3998612)|VARIABLE_SCOPE_BEGIN|[181]|urlReporte|String|false|false
13:14:39.0 (4005361)|VARIABLE_ASSIGNMENT|[181]|urlReporte|"/apex/PDFReporteDeCr (41 more) ..."
13:14:39.0 (4012451)|STATEMENT_EXECUTE|[181]
13:14:39.0 (4013526)|STATEMENT_EXECUTE|[183]
13:14:39.0 (4016095)|VARIABLE_SCOPE_BEGIN|[183]|resultPDF|String|false|false
13:14:39.0 (4022939)|VARIABLE_ASSIGNMENT|[183]|resultPDF|""
13:14:39.0 (4025923)|STATEMENT_EXECUTE|[184]
13:14:39.0 (4027274)|HEAP_ALLOCATE|[184]|Bytes:13
13:14:39.0 (4040250)|HEAP_ALLOCATE|[184]|Bytes:74
13:14:39.0 (4060312)|HEAP_ALLOCATE|[68]|Bytes:5
13:14:39.0 (4081474)|HEAP_ALLOCATE|[74]|Bytes:5
13:14:39.0 (4087706)|HEAP_ALLOCATE|[82]|Bytes:7
13:14:39.0 (4165634)|USER_DEBUG|[184]|DEBUG|urlReporte:  /apex/PDFReporteDeCredito?idSolicitud=310138462&tipoReporte=B
13:14:39.0 (4174450)|STATEMENT_EXECUTE|[185]
13:14:39.0 (4226510)|VARIABLE_SCOPE_BEGIN|[185]|pdfReporteBuro|System.PageReference|true|false
13:14:39.0 (5371617)|VARIABLE_ASSIGNMENT|[185]|pdfReporteBuro|"/apex/PDFReporteDeCredito?idSolicitud=310138462&tipoReporte=B"|0x5b43a9a7
13:14:39.0 (5386023)|STATEMENT_EXECUTE|[187]
13:14:39.0 (5437863)|HEAP_ALLOCATE|[187]|Bytes:118
13:14:39.0 (5466762)|SYSTEM_METHOD_ENTRY|[1]|Test.Test()
13:14:39.0 (5470800)|STATEMENT_EXECUTE|[1]
13:14:39.0 (5479714)|SYSTEM_METHOD_EXIT|[1]|Test
13:14:39.0 (5493550)|METHOD_ENTRY|[187]||System.Test.isRunningTest()
13:14:39.0 (5526095)|METHOD_EXIT|[187]||System.Test.isRunningTest()
13:14:40.918 (1918213359)|HEAP_ALLOCATE|[187]|Bytes:4
13:14:40.918 (1918336422)|HEAP_ALLOCATE|[187]|Bytes:15
13:14:40.918 (1918376410)|SYSTEM_METHOD_ENTRY|[1]|EncodingUtil.EncodingUtil()
13:14:40.918 (1918383652)|STATEMENT_EXECUTE|[1]
13:14:40.918 (1918396726)|SYSTEM_METHOD_EXIT|[1]|EncodingUtil
13:14:40.918 (1918421947)|METHOD_ENTRY|[187]||System.EncodingUtil.base64Encode(Blob)
13:14:40.918 (1919740346)|METHOD_EXIT|[187]||System.EncodingUtil.base64Encode(Blob)
13:14:40.918 (1919772750)|VARIABLE_ASSIGNMENT|[187]|resultPDF|"JVBERi0xLjQKJeLjz9MK (37932 more) ..."
13:14:40.918 (1919806167)|STATEMENT_EXECUTE|[189]
13:14:40.919 (1919882761)|CUMULATIVE_LIMIT_USAGE
13:14:40.919 (1919882761)|LIMIT_USAGE_FOR_NS|(default)|
  Number of SOQL queries: 0 out of 100
  Number of query rows: 0 out of 50000
  Number of SOSL queries: 0 out of 20
  Number of DML statements: 0 out of 150
  Number of Publish Immediate DML: 0 out of 150
  Number of DML rows: 0 out of 10000
  Maximum CPU time: 8 out of 10000
  Maximum heap size: 0 out of 6000000
  Number of callouts: 3 out of 100
  Number of Email Invocations: 0 out of 10
  Number of future calls: 0 out of 50
  Number of queueable jobs added to the queue: 0 out of 50
  Number of Mobile Apex push calls: 0 out of 10

13:14:40.919 (1919882761)|CUMULATIVE_LIMIT_USAGE_END

13:14:40.918 (1919973654)|CODE_UNIT_FINISHED|MicroServicioModalImagenesBO.getPDFReporteBuro(String)
13:14:40.918 (1920859948)|CODE_UNIT_FINISHED|apex://MicroServicioModalImagenesBO/ACTION$getPDFReporteBuro
13:14:40.918 (1920879372)|EXECUTION_FINISHED
