66.0 APEX_CODE,FINEST;APEX_PROFILING,INFO;CALLOUT,INFO;DATA_ACCESS,INFO;DB,INFO;NBA,INFO;SYSTEM,DEBUG;VALIDATION,INFO;VISUALFORCE,INFO;WAVE,INFO;WORKFLOW,INFO
11:54:52.1 (1270802)|USER_INFO|[EXTERNAL]|0050v0000034lag|albeltransa@falabella.com.mx.admin.uat|(GMT-06:00) Central Standard Time (America/Mexico_City)|GMT-06:00
11:54:52.1 (1319405)|EXECUTION_STARTED
11:54:52.1 (1330347)|CODE_UNIT_STARTED|[EXTERNAL]|apex://MicroServicioObtenerImagenesBO/ACTION$obtenerListaImagenesWS
11:54:52.1 (6843125)|CODE_UNIT_STARTED|[EXTERNAL]|01p0v000003Sno1|MicroServicioObtenerImagenesBO.obtenerListaImagenesWS(String)
11:54:52.1 (7175167)|HEAP_ALLOCATE|[95]|Bytes:3
11:54:52.1 (7267100)|HEAP_ALLOCATE|[100]|Bytes:152
11:54:52.1 (7284941)|HEAP_ALLOCATE|[417]|Bytes:408
11:54:52.1 (7299909)|HEAP_ALLOCATE|[430]|Bytes:408
11:54:52.1 (7327740)|HEAP_ALLOCATE|[317]|Bytes:6
11:54:52.1 (7343335)|HEAP_ALLOCATE|[EXTERNAL]|Bytes:2
11:54:52.1 (7348107)|HEAP_ALLOCATE|[EXTERNAL]|Bytes:2
11:54:52.1 (7360087)|METHOD_ENTRY|[14]|01p0v000003Sno1|MicroServicioObtenerImagenesBO.MicroServicioObtenerImagenesBO()
11:54:52.1 (7369024)|STATEMENT_EXECUTE|[14]
11:54:52.1 (7375757)|STATEMENT_EXECUTE|[14]
11:54:52.1 (7380377)|METHOD_EXIT|[14]|MicroServicioObtenerImagenesBO
11:54:52.1 (7385534)|HEAP_ALLOCATE|[EXTERNAL]|Bytes:18
11:54:52.1 (7396492)|VARIABLE_SCOPE_BEGIN|[23]|recordId|String|false|false
11:54:52.1 (7527255)|VARIABLE_ASSIGNMENT|[23]|recordId|"500Rt000001jmyPIAQ"
11:54:52.1 (7539670)|STATEMENT_EXECUTE|[23]
11:54:52.1 (7541133)|STATEMENT_EXECUTE|[25]
11:54:52.1 (7556967)|HEAP_ALLOCATE|[25]|Bytes:4
11:54:52.1 (7572160)|VARIABLE_SCOPE_BEGIN|[25]|result|Map<String,ANY>|true|false
11:54:52.1 (7594438)|VARIABLE_ASSIGNMENT|[25]|result|{}|0x6af6a0c
11:54:52.1 (7598590)|STATEMENT_EXECUTE|[26]
11:54:52.1 (7629533)|HEAP_ALLOCATE|[68]|Bytes:5
11:54:52.1 (7654563)|HEAP_ALLOCATE|[74]|Bytes:5
11:54:52.1 (7660742)|HEAP_ALLOCATE|[82]|Bytes:7
11:54:52.1 (7669855)|VARIABLE_SCOPE_BEGIN|[26]|success|Boolean|false|false
11:54:52.1 (8132556)|HEAP_ALLOCATE|[26]|Bytes:5
11:54:52.1 (8148049)|VARIABLE_ASSIGNMENT|[26]|success|false
11:54:52.1 (8152038)|STATEMENT_EXECUTE|[28]
11:54:52.1 (8155079)|HEAP_ALLOCATE|[28]|Bytes:11
11:54:52.1 (8172262)|HEAP_ALLOCATE|[28]|Bytes:29
11:54:52.1 (8227704)|USER_DEBUG|[28]|DEBUG|recordId:  500Rt000001jmyPIAQ
11:54:52.1 (8239316)|STATEMENT_EXECUTE|[31]
11:54:52.1 (8240589)|HEAP_ALLOCATE|[31]|Bytes:166
11:54:52.1 (8250602)|HEAP_ALLOCATE|[31]|Bytes:4
11:54:52.1 (8255429)|HEAP_ALLOCATE|[31]|Bytes:7
11:54:52.1 (10882736)|SOQL_EXECUTE_BEGIN|[31]|Aggregations:1|SELECT ID_Solicitud__c, Solicitud_Repetida__c, RecordType.DeveloperName, (SELECT CommentBody FROM CaseComments WHERE IsPublished = TRUE) FROM Case WHERE Id = :tmpVar1
11:54:52.1 (36985639)|SOQL_EXECUTE_END|[31]|Rows:1
11:54:52.1 (37042883)|HEAP_ALLOCATE|[31]|Bytes:8
11:54:52.1 (37069819)|HEAP_ALLOCATE|[31]|Bytes:198
11:54:52.1 (37227310)|HEAP_ALLOCATE|[31]|Bytes:8
11:54:52.1 (37250596)|VARIABLE_SCOPE_BEGIN|[31]|listCase|List<Case>|true|false
11:54:52.1 (38103389)|VARIABLE_ASSIGNMENT|[31]|listCase|[{"RecordTypeId":"0120v000000fwTjAAI","Solicitud_Repetida__c":true,"Id":"500Rt000001jmyPIAQ","RecordType":{"DeveloperName":"Riesgos_Originaci_n","Id":"0120v000000fwTjAAI"},"ID_Solicitud__c":"300001530"}]|0x35f9a294
11:54:52.1 (38217376)|STATEMENT_EXECUTE|[37]
11:54:52.1 (38218847)|STATEMENT_EXECUTE|[39]
11:54:52.1 (38225289)|HEAP_ALLOCATE|[39]|Bytes:4
11:54:52.1 (38254322)|HEAP_ALLOCATE|[39]|Bytes:24
11:54:52.1 (38320345)|HEAP_ALLOCATE|[EXTERNAL]|Bytes:-4
11:54:52.1 (38326692)|STATEMENT_EXECUTE|[42]
11:54:52.1 (38345327)|HEAP_ALLOCATE|[42]|Bytes:4
11:54:52.1 (38367945)|VARIABLE_SCOPE_BEGIN|[42]|listMapDocumentos|List<Map<String,ANY>>|true|false
11:54:52.1 (38396675)|HEAP_ALLOCATE|[EXTERNAL]|Bytes:4
11:54:52.1 (38404464)|VARIABLE_ASSIGNMENT|[42]|listMapDocumentos|[]|0x53f6b290
11:54:52.1 (38407513)|STATEMENT_EXECUTE|[44]
11:54:52.1 (38409213)|HEAP_ALLOCATE|[44]|Bytes:212
11:54:52.1 (38416872)|HEAP_ALLOCATE|[44]|Bytes:4
11:54:52.1 (39851865)|SOQL_EXECUTE_BEGIN|[44]|Aggregations:0|SELECT MasterLabel, Archivo__c, Micro_Servicio__c, Motivos_de_Pendiente__c, Solicitud_Repetida__c, Mostrar_siempre__c, Espacio_al_inicio__c FROM MS_Imagenes_BlobS_WistonD__mdt ORDER BY MasterLabel ASC NULLS FIRST
11:54:52.1 (57886579)|SOQL_EXECUTE_END|[44]|Rows:16
11:54:52.1 (57938669)|HEAP_ALLOCATE|[44]|Bytes:68
11:54:52.1 (57971282)|HEAP_ALLOCATE|[44]|Bytes:4387
11:54:52.1 (58136461)|HEAP_ALLOCATE|[44]|Bytes:68
11:54:52.1 (58210930)|VARIABLE_SCOPE_BEGIN|[44]|listDocs|List<MS_Imagenes_BlobS_WistonD__mdt>|true|false
11:54:52.1 (58254971)|VARIABLE_ASSIGNMENT|[44]|listDocs|"List of size 16 too large to display"|0x3c3b79d5
11:54:52.1 (58674873)|HEAP_ALLOCATE|[53]|Bytes:5
11:54:52.1 (58745689)|HEAP_ALLOCATE|[53]|Bytes:32
11:54:52.1 (58759624)|VARIABLE_SCOPE_BEGIN|[53]|doc|MS_Imagenes_BlobS_WistonD__mdt|true|false
11:54:52.1 (58932800)|VARIABLE_ASSIGNMENT|[53]|doc|{"Micro_Servicio__c":"WistonData","Solicitud_Repetida__c":false,"Id":"m0dRt00000Icbx6IAB","MasterLabel":"Caratula Debito","Archivo__c":"16","Mostrar_siempre__c":true,"Espacio_al_inicio__c":false}|0x19a601ea
11:54:52.1 (58944174)|STATEMENT_EXECUTE|[53]
11:54:52.1 (58982001)|HEAP_ALLOCATE|[55]|Bytes:24
11:54:52.1 (59133943)|HEAP_ALLOCATE|[55]|Bytes:18
11:54:52.1 (59181949)|STATEMENT_EXECUTE|[55]
11:54:52.1 (59183755)|STATEMENT_EXECUTE|[57]
11:54:52.1 (59203830)|HEAP_ALLOCATE|[57]|Bytes:4
11:54:52.1 (59218174)|VARIABLE_SCOPE_BEGIN|[57]|mapDocumentos|Map<String,ANY>|true|false
11:54:52.1 (59241562)|VARIABLE_ASSIGNMENT|[57]|mapDocumentos|{}|0x111bcc2f
11:54:52.1 (59246356)|STATEMENT_EXECUTE|[59]
11:54:52.1 (59249067)|HEAP_ALLOCATE|[59]|Bytes:6
11:54:52.1 (59340115)|HEAP_ALLOCATE|[EXTERNAL]|Bytes:-4
11:54:52.1 (59350025)|STATEMENT_EXECUTE|[60]
11:54:52.1 (59352210)|HEAP_ALLOCATE|[60]|Bytes:4
11:54:52.1 (59390918)|HEAP_ALLOCATE|[EXTERNAL]|Bytes:-4
11:54:52.1 (59395879)|STATEMENT_EXECUTE|[61]
11:54:52.1 (59397805)|HEAP_ALLOCATE|[61]|Bytes:13
11:54:52.1 (59467004)|HEAP_ALLOCATE|[EXTERNAL]|Bytes:-4
11:54:52.1 (59472990)|STATEMENT_EXECUTE|[62]
11:54:52.1 (59475582)|HEAP_ALLOCATE|[62]|Bytes:18
11:54:52.1 (59491950)|HEAP_ALLOCATE|[EXTERNAL]|Bytes:-4
11:54:52.1 (59496275)|STATEMENT_EXECUTE|[63]
11:54:52.1 (59498034)|HEAP_ALLOCATE|[63]|Bytes:17
11:54:52.1 (59530426)|HEAP_ALLOCATE|[EXTERNAL]|Bytes:-4
11:54:52.1 (59535866)|STATEMENT_EXECUTE|[64]
11:54:52.1 (59537910)|HEAP_ALLOCATE|[64]|Bytes:14
11:54:52.1 (59559236)|HEAP_ALLOCATE|[EXTERNAL]|Bytes:-4
11:54:52.1 (59563917)|STATEMENT_EXECUTE|[65]
11:54:52.1 (59566244)|HEAP_ALLOCATE|[65]|Bytes:15
11:54:52.1 (59585568)|HEAP_ALLOCATE|[EXTERNAL]|Bytes:-4
11:54:52.1 (59589924)|STATEMENT_EXECUTE|[67]
11:54:52.1 (59610692)|HEAP_ALLOCATE|[EXTERNAL]|Bytes:4
11:54:52.1 (59615846)|STATEMENT_EXECUTE|[68]
11:54:52.1 (59620031)|HEAP_ALLOCATE|[68]|Bytes:5
11:54:52.1 (59629748)|VARIABLE_ASSIGNMENT|[68]|success|true
11:54:52.1 (59644844)|HEAP_ALLOCATE|[53]|Bytes:5
11:54:52.1 (59660036)|HEAP_ALLOCATE|[53]|Bytes:36
11:54:52.1 (59669136)|VARIABLE_SCOPE_BEGIN|[53]|doc|MS_Imagenes_BlobS_WistonD__mdt|true|false
11:54:52.1 (59751581)|VARIABLE_ASSIGNMENT|[53]|doc|{"Micro_Servicio__c":"BlobStorage","Solicitud_Repetida__c":true,"Motivos_de_Pendiente__c":"7.0.- Comprobante de (238 more) ...","Id":"m0d0v0000004EoRAAU","MasterLabel":"Comprobante Domicili (3 more) ...","Archivo__c":"-ComprobanteDomicili (2 more) ...","Mostrar_siempre__c":false,"Espacio_al_inicio__c":false}|0x52be0c61
11:54:52.1 (59761469)|STATEMENT_EXECUTE|[53]
11:54:52.1 (59815643)|HEAP_ALLOCATE|[55]|Bytes:24
11:54:52.1 (59857521)|STATEMENT_EXECUTE|[55]
11:54:52.1 (59858714)|STATEMENT_EXECUTE|[57]
11:54:52.1 (59872758)|HEAP_ALLOCATE|[57]|Bytes:4
11:54:52.1 (59881423)|VARIABLE_SCOPE_BEGIN|[57]|mapDocumentos|Map<String,ANY>|true|false
11:54:52.1 (59895697)|VARIABLE_ASSIGNMENT|[57]|mapDocumentos|{}|0x7c75023c
11:54:52.1 (59899557)|STATEMENT_EXECUTE|[59]
11:54:52.1 (59914892)|HEAP_ALLOCATE|[EXTERNAL]|Bytes:-4
11:54:52.1 (59920338)|STATEMENT_EXECUTE|[60]
11:54:52.1 (59926708)|HEAP_ALLOCATE|[EXTERNAL]|Bytes:-4
11:54:52.1 (59930715)|STATEMENT_EXECUTE|[61]
11:54:52.1 (59936393)|HEAP_ALLOCATE|[EXTERNAL]|Bytes:-4
11:54:52.1 (59940199)|STATEMENT_EXECUTE|[62]
11:54:52.1 (59956514)|HEAP_ALLOCATE|[EXTERNAL]|Bytes:-4
11:54:52.1 (59960776)|STATEMENT_EXECUTE|[63]
11:54:52.1 (59969287)|HEAP_ALLOCATE|[EXTERNAL]|Bytes:-4
11:54:52.1 (59972812)|STATEMENT_EXECUTE|[64]
11:54:52.1 (59978240)|HEAP_ALLOCATE|[EXTERNAL]|Bytes:-4
11:54:52.1 (59982379)|STATEMENT_EXECUTE|[65]
11:54:52.1 (59987117)|HEAP_ALLOCATE|[EXTERNAL]|Bytes:-4
11:54:52.1 (59990800)|STATEMENT_EXECUTE|[67]
11:54:52.1 (59997225)|HEAP_ALLOCATE|[EXTERNAL]|Bytes:4
11:54:52.1 (60004694)|STATEMENT_EXECUTE|[68]
11:54:52.1 (60009232)|HEAP_ALLOCATE|[68]|Bytes:5
11:54:52.1 (60015044)|VARIABLE_ASSIGNMENT|[68]|success|true
11:54:52.1 (60025930)|HEAP_ALLOCATE|[53]|Bytes:5
11:54:52.1 (60097512)|HEAP_ALLOCATE|[53]|Bytes:36
11:54:52.1 (60106908)|VARIABLE_SCOPE_BEGIN|[53]|doc|MS_Imagenes_BlobS_WistonD__mdt|true|false
11:54:52.1 (60173681)|VARIABLE_ASSIGNMENT|[53]|doc|{"Micro_Servicio__c":"BlobStorage","Solicitud_Repetida__c":true,"Motivos_de_Pendiente__c":"7.0.- Comprobante de (238 more) ...","Id":"m0d0v0000004EoSAAU","MasterLabel":"Comprobante Domicili (3 more) ...","Archivo__c":"-ComprobanteDomicili (2 more) ...","Mostrar_siempre__c":false,"Espacio_al_inicio__c":false}|0x2e111f18
11:54:52.1 (60179647)|STATEMENT_EXECUTE|[53]
11:54:52.1 (60185108)|HEAP_ALLOCATE|[55]|Bytes:24
11:54:52.1 (60215845)|STATEMENT_EXECUTE|[55]
11:54:52.1 (60216718)|STATEMENT_EXECUTE|[57]
11:54:52.1 (60225503)|HEAP_ALLOCATE|[57]|Bytes:4
11:54:52.1 (60230308)|VARIABLE_SCOPE_BEGIN|[57]|mapDocumentos|Map<String,ANY>|true|false
11:54:52.1 (60238556)|VARIABLE_ASSIGNMENT|[57]|mapDocumentos|{}|0x7092bd15
11:54:52.1 (60241186)|STATEMENT_EXECUTE|[59]
11:54:52.1 (60249983)|HEAP_ALLOCATE|[EXTERNAL]|Bytes:-4
11:54:52.1 (60253478)|STATEMENT_EXECUTE|[60]
11:54:52.1 (60257273)|HEAP_ALLOCATE|[EXTERNAL]|Bytes:-4
11:54:52.1 (60259801)|STATEMENT_EXECUTE|[61]
11:54:52.1 (60263056)|HEAP_ALLOCATE|[EXTERNAL]|Bytes:-4
11:54:52.1 (60265501)|STATEMENT_EXECUTE|[62]
11:54:52.1 (60268807)|HEAP_ALLOCATE|[EXTERNAL]|Bytes:-4
11:54:52.1 (60271256)|STATEMENT_EXECUTE|[63]
11:54:52.1 (60276556)|HEAP_ALLOCATE|[EXTERNAL]|Bytes:-4
11:54:52.1 (60279131)|STATEMENT_EXECUTE|[64]
11:54:52.1 (60282383)|HEAP_ALLOCATE|[EXTERNAL]|Bytes:-4
11:54:52.1 (60284863)|STATEMENT_EXECUTE|[65]
11:54:52.1 (60288046)|HEAP_ALLOCATE|[EXTERNAL]|Bytes:-4
11:54:52.1 (60290563)|STATEMENT_EXECUTE|[67]
11:54:52.1 (60294201)|HEAP_ALLOCATE|[EXTERNAL]|Bytes:4
11:54:52.1 (60297028)|STATEMENT_EXECUTE|[68]
11:54:52.1 (60298888)|HEAP_ALLOCATE|[68]|Bytes:5
11:54:52.1 (60302233)|VARIABLE_ASSIGNMENT|[68]|success|true
11:54:52.1 (60308216)|HEAP_ALLOCATE|[53]|Bytes:5
11:54:52.1 (60313173)|HEAP_ALLOCATE|[53]|Bytes:36
11:54:52.1 (60316411)|VARIABLE_SCOPE_BEGIN|[53]|doc|MS_Imagenes_BlobS_WistonD__mdt|true|false
11:54:52.1 (60350487)|VARIABLE_ASSIGNMENT|[53]|doc|{"Micro_Servicio__c":"BlobStorage","Solicitud_Repetida__c":true,"Motivos_de_Pendiente__c":"7.0.- Comprobante de (238 more) ...","Id":"m0d0v0000004EoTAAU","MasterLabel":"Comprobante Domicili (3 more) ...","Archivo__c":"-ComprobanteDomicili (2 more) ...","Mostrar_siempre__c":false,"Espacio_al_inicio__c":false}|0x3cbad7b0
11:54:52.1 (60355248)|STATEMENT_EXECUTE|[53]
11:54:52.1 (60357856)|HEAP_ALLOCATE|[55]|Bytes:24
11:54:52.1 (60365401)|STATEMENT_EXECUTE|[55]
11:54:52.1 (60366192)|STATEMENT_EXECUTE|[57]
11:54:52.1 (60369269)|HEAP_ALLOCATE|[57]|Bytes:4
11:54:52.1 (60371988)|VARIABLE_SCOPE_BEGIN|[57]|mapDocumentos|Map<String,ANY>|true|false
11:54:52.1 (60377388)|VARIABLE_ASSIGNMENT|[57]|mapDocumentos|{}|0x5be43cb5
11:54:52.1 (60380221)|STATEMENT_EXECUTE|[59]
11:54:52.1 (60389778)|HEAP_ALLOCATE|[EXTERNAL]|Bytes:-4
11:54:52.1 (60393596)|STATEMENT_EXECUTE|[60]
11:54:52.1 (60396761)|HEAP_ALLOCATE|[EXTERNAL]|Bytes:-4
11:54:52.1 (60399326)|STATEMENT_EXECUTE|[61]
11:54:52.1 (60402198)|HEAP_ALLOCATE|[EXTERNAL]|Bytes:-4
11:54:52.1 (60404632)|STATEMENT_EXECUTE|[62]
11:54:52.1 (60407537)|HEAP_ALLOCATE|[EXTERNAL]|Bytes:-4
11:54:52.1 (60409963)|STATEMENT_EXECUTE|[63]
11:54:52.1 (60413516)|HEAP_ALLOCATE|[EXTERNAL]|Bytes:-4
11:54:52.1 (60415997)|STATEMENT_EXECUTE|[64]
11:54:52.1 (60418968)|HEAP_ALLOCATE|[EXTERNAL]|Bytes:-4
11:54:52.1 (60421406)|STATEMENT_EXECUTE|[65]
11:54:52.1 (60424299)|HEAP_ALLOCATE|[EXTERNAL]|Bytes:-4
11:54:52.1 (60426708)|STATEMENT_EXECUTE|[67]
11:54:52.1 (60429073)|HEAP_ALLOCATE|[EXTERNAL]|Bytes:4
11:54:52.1 (60431726)|STATEMENT_EXECUTE|[68]
11:54:52.1 (60437936)|HEAP_ALLOCATE|[68]|Bytes:5
11:54:52.1 (60442142)|VARIABLE_ASSIGNMENT|[68]|success|true
11:54:52.1 (60447217)|HEAP_ALLOCATE|[53]|Bytes:5
11:54:52.1 (60451222)|HEAP_ALLOCATE|[53]|Bytes:32
11:54:52.1 (60453878)|VARIABLE_SCOPE_BEGIN|[53]|doc|MS_Imagenes_BlobS_WistonD__mdt|true|false
11:54:52.1 (60477988)|VARIABLE_ASSIGNMENT|[53]|doc|{"Micro_Servicio__c":"WistonData","Solicitud_Repetida__c":false,"Id":"m0dRt00000Ictp7IAB","MasterLabel":"Contrato Debito","Archivo__c":"17","Mostrar_siempre__c":true,"Espacio_al_inicio__c":false}|0x153a389c
11:54:52.1 (60481661)|STATEMENT_EXECUTE|[53]
11:54:52.1 (60483736)|HEAP_ALLOCATE|[55]|Bytes:24
11:54:52.1 (60490151)|STATEMENT_EXECUTE|[55]
11:54:52.1 (60490942)|STATEMENT_EXECUTE|[57]
11:54:52.1 (60493350)|HEAP_ALLOCATE|[57]|Bytes:4
11:54:52.1 (60495739)|VARIABLE_SCOPE_BEGIN|[57]|mapDocumentos|Map<String,ANY>|true|false
11:54:52.1 (60500643)|VARIABLE_ASSIGNMENT|[57]|mapDocumentos|{}|0x6feb3510
11:54:52.1 (60503155)|STATEMENT_EXECUTE|[59]
11:54:52.1 (60507034)|HEAP_ALLOCATE|[EXTERNAL]|Bytes:-4
11:54:52.1 (60509795)|STATEMENT_EXECUTE|[60]
11:54:52.1 (60512733)|HEAP_ALLOCATE|[EXTERNAL]|Bytes:-4
11:54:52.1 (60520444)|STATEMENT_EXECUTE|[61]
11:54:52.1 (60524018)|HEAP_ALLOCATE|[EXTERNAL]|Bytes:-4
11:54:52.1 (60526721)|STATEMENT_EXECUTE|[62]
11:54:52.1 (60529917)|HEAP_ALLOCATE|[EXTERNAL]|Bytes:-4
11:54:52.1 (60532362)|STATEMENT_EXECUTE|[63]
11:54:52.1 (60535798)|HEAP_ALLOCATE|[EXTERNAL]|Bytes:-4
11:54:52.1 (60538195)|STATEMENT_EXECUTE|[64]
11:54:52.1 (60541167)|HEAP_ALLOCATE|[EXTERNAL]|Bytes:-4
11:54:52.1 (60543599)|STATEMENT_EXECUTE|[65]
11:54:52.1 (60546406)|HEAP_ALLOCATE|[EXTERNAL]|Bytes:-4
11:54:52.1 (60548820)|STATEMENT_EXECUTE|[67]
11:54:52.1 (60551049)|HEAP_ALLOCATE|[EXTERNAL]|Bytes:4
11:54:52.1 (60553605)|STATEMENT_EXECUTE|[68]
11:54:52.1 (60554984)|HEAP_ALLOCATE|[68]|Bytes:5
11:54:52.1 (60557899)|VARIABLE_ASSIGNMENT|[68]|success|true
11:54:52.1 (60568286)|HEAP_ALLOCATE|[53]|Bytes:5
11:54:52.1 (60572529)|HEAP_ALLOCATE|[53]|Bytes:32
11:54:52.1 (60575164)|VARIABLE_SCOPE_BEGIN|[53]|doc|MS_Imagenes_BlobS_WistonD__mdt|true|false
11:54:52.1 (60598160)|VARIABLE_ASSIGNMENT|[53]|doc|{"Micro_Servicio__c":"WistonData","Solicitud_Repetida__c":false,"Id":"m0dRt00000Icr0wIAB","MasterLabel":"Fatca Debito","Archivo__c":"18","Mostrar_siempre__c":true,"Espacio_al_inicio__c":false}|0x3745f35e
11:54:52.1 (60602067)|STATEMENT_EXECUTE|[53]
11:54:52.1 (60604111)|HEAP_ALLOCATE|[55]|Bytes:24
11:54:52.1 (60632585)|STATEMENT_EXECUTE|[55]
11:54:52.1 (60633478)|STATEMENT_EXECUTE|[57]
11:54:52.1 (60636062)|HEAP_ALLOCATE|[57]|Bytes:4
11:54:52.1 (60638994)|VARIABLE_SCOPE_BEGIN|[57]|mapDocumentos|Map<String,ANY>|true|false
11:54:52.1 (60644123)|VARIABLE_ASSIGNMENT|[57]|mapDocumentos|{}|0x3bdbae33
11:54:52.1 (60646595)|STATEMENT_EXECUTE|[59]
11:54:52.1 (60650907)|HEAP_ALLOCATE|[EXTERNAL]|Bytes:-4
11:54:52.1 (60653649)|STATEMENT_EXECUTE|[60]
11:54:52.1 (60656656)|HEAP_ALLOCATE|[EXTERNAL]|Bytes:-4
11:54:52.1 (60659414)|STATEMENT_EXECUTE|[61]
11:54:52.1 (60662292)|HEAP_ALLOCATE|[EXTERNAL]|Bytes:-4
11:54:52.1 (60664757)|STATEMENT_EXECUTE|[62]
11:54:52.1 (60667339)|HEAP_ALLOCATE|[EXTERNAL]|Bytes:-4
11:54:52.1 (60669767)|STATEMENT_EXECUTE|[63]
11:54:52.1 (60673389)|HEAP_ALLOCATE|[EXTERNAL]|Bytes:-4
11:54:52.1 (60676119)|STATEMENT_EXECUTE|[64]
11:54:52.1 (60679009)|HEAP_ALLOCATE|[EXTERNAL]|Bytes:-4
11:54:52.1 (60681434)|STATEMENT_EXECUTE|[65]
11:54:52.1 (60684274)|HEAP_ALLOCATE|[EXTERNAL]|Bytes:-4
11:54:52.1 (60686697)|STATEMENT_EXECUTE|[67]
11:54:52.1 (60688896)|HEAP_ALLOCATE|[EXTERNAL]|Bytes:4
11:54:52.1 (60691369)|STATEMENT_EXECUTE|[68]
11:54:52.1 (60692687)|HEAP_ALLOCATE|[68]|Bytes:5
11:54:52.1 (60695424)|VARIABLE_ASSIGNMENT|[68]|success|true
11:54:52.1 (60699699)|HEAP_ALLOCATE|[53]|Bytes:5
11:54:52.1 (60703734)|HEAP_ALLOCATE|[53]|Bytes:32
11:54:52.1 (60706319)|VARIABLE_SCOPE_BEGIN|[53]|doc|MS_Imagenes_BlobS_WistonD__mdt|true|false
11:54:52.1 (60728840)|VARIABLE_ASSIGNMENT|[53]|doc|{"Micro_Servicio__c":"BlobStorage","Solicitud_Repetida__c":false,"Id":"m0d0v0000004EoUAAU","MasterLabel":"Foto Cliente","Archivo__c":"-Foto","Mostrar_siempre__c":true,"Espacio_al_inicio__c":false}|0x118ac371
11:54:52.1 (60732517)|STATEMENT_EXECUTE|[53]
11:54:52.1 (60734863)|HEAP_ALLOCATE|[55]|Bytes:24
11:54:52.1 (60740603)|STATEMENT_EXECUTE|[55]
11:54:52.1 (60741384)|STATEMENT_EXECUTE|[57]
11:54:52.1 (60743425)|HEAP_ALLOCATE|[57]|Bytes:4
11:54:52.1 (60745612)|VARIABLE_SCOPE_BEGIN|[57]|mapDocumentos|Map<String,ANY>|true|false
11:54:52.1 (60750056)|VARIABLE_ASSIGNMENT|[57]|mapDocumentos|{}|0x5e44d648
11:54:52.1 (60752548)|STATEMENT_EXECUTE|[59]
11:54:52.1 (60756247)|HEAP_ALLOCATE|[EXTERNAL]|Bytes:-4
11:54:52.1 (60758864)|STATEMENT_EXECUTE|[60]
11:54:52.1 (60761777)|HEAP_ALLOCATE|[EXTERNAL]|Bytes:-4
11:54:52.1 (60764267)|STATEMENT_EXECUTE|[61]
11:54:52.1 (60767181)|HEAP_ALLOCATE|[EXTERNAL]|Bytes:-4
11:54:52.1 (60769597)|STATEMENT_EXECUTE|[62]
11:54:52.1 (60772062)|HEAP_ALLOCATE|[EXTERNAL]|Bytes:-4
11:54:52.1 (60774469)|STATEMENT_EXECUTE|[63]
11:54:52.1 (60777669)|HEAP_ALLOCATE|[EXTERNAL]|Bytes:-4
11:54:52.1 (60798204)|STATEMENT_EXECUTE|[64]
11:54:52.1 (60803665)|HEAP_ALLOCATE|[EXTERNAL]|Bytes:-4
11:54:52.1 (60808224)|STATEMENT_EXECUTE|[65]
11:54:52.1 (60813224)|HEAP_ALLOCATE|[EXTERNAL]|Bytes:-4
11:54:52.1 (60816659)|STATEMENT_EXECUTE|[67]
11:54:52.1 (60819560)|HEAP_ALLOCATE|[EXTERNAL]|Bytes:4
11:54:52.1 (60823794)|STATEMENT_EXECUTE|[68]
11:54:52.1 (60825732)|HEAP_ALLOCATE|[68]|Bytes:5
11:54:52.1 (60830154)|VARIABLE_ASSIGNMENT|[68]|success|true
11:54:52.1 (60837232)|HEAP_ALLOCATE|[53]|Bytes:5
11:54:52.1 (60843002)|HEAP_ALLOCATE|[53]|Bytes:36
11:54:52.1 (60847177)|VARIABLE_SCOPE_BEGIN|[53]|doc|MS_Imagenes_BlobS_WistonD__mdt|true|false
11:54:52.1 (60898750)|VARIABLE_ASSIGNMENT|[53]|doc|{"Micro_Servicio__c":"BlobStorage","Solicitud_Repetida__c":true,"Motivos_de_Pendiente__c":"24.0.-Gafete Frontal","Id":"m0d0v0000004EoVAAU","MasterLabel":"Gafete Frontal","Archivo__c":"-GafeteFrontal","Mostrar_siempre__c":false,"Espacio_al_inicio__c":false}|0x7be791a7
11:54:52.1 (60906720)|STATEMENT_EXECUTE|[53]
11:54:52.1 (60910323)|HEAP_ALLOCATE|[55]|Bytes:24
11:54:52.1 (60922022)|STATEMENT_EXECUTE|[55]
11:54:52.1 (60923340)|STATEMENT_EXECUTE|[57]
11:54:52.1 (60928188)|HEAP_ALLOCATE|[57]|Bytes:4
11:54:52.1 (60932625)|VARIABLE_SCOPE_BEGIN|[57]|mapDocumentos|Map<String,ANY>|true|false
11:54:52.1 (60941856)|VARIABLE_ASSIGNMENT|[57]|mapDocumentos|{}|0x24bf48a1
11:54:52.1 (60946633)|STATEMENT_EXECUTE|[59]
11:54:52.1 (60953999)|HEAP_ALLOCATE|[EXTERNAL]|Bytes:-4
11:54:52.1 (60958646)|STATEMENT_EXECUTE|[60]
11:54:52.1 (60963780)|HEAP_ALLOCATE|[EXTERNAL]|Bytes:-4
11:54:52.1 (60968028)|STATEMENT_EXECUTE|[61]
11:54:52.1 (60973161)|HEAP_ALLOCATE|[EXTERNAL]|Bytes:-4
11:54:52.1 (60977424)|STATEMENT_EXECUTE|[62]
11:54:52.1 (60982585)|HEAP_ALLOCATE|[EXTERNAL]|Bytes:-4
11:54:52.1 (60986810)|STATEMENT_EXECUTE|[63]
11:54:52.1 (60992503)|HEAP_ALLOCATE|[EXTERNAL]|Bytes:-4
11:54:52.1 (60996834)|STATEMENT_EXECUTE|[64]
11:54:52.1 (61001681)|HEAP_ALLOCATE|[EXTERNAL]|Bytes:-4
11:54:52.1 (61007423)|STATEMENT_EXECUTE|[65]
11:54:52.1 (61012341)|HEAP_ALLOCATE|[EXTERNAL]|Bytes:-4
11:54:52.1 (61016606)|STATEMENT_EXECUTE|[67]
11:54:52.1 (61020263)|HEAP_ALLOCATE|[EXTERNAL]|Bytes:4
11:54:52.1 (61024567)|STATEMENT_EXECUTE|[68]
11:54:52.1 (61027075)|HEAP_ALLOCATE|[68]|Bytes:5
11:54:52.1 (61031804)|VARIABLE_ASSIGNMENT|[68]|success|true
11:54:52.1 (61039517)|HEAP_ALLOCATE|[53]|Bytes:5
11:54:52.1 (61046200)|HEAP_ALLOCATE|[53]|Bytes:36
11:54:52.1 (61050803)|VARIABLE_SCOPE_BEGIN|[53]|doc|MS_Imagenes_BlobS_WistonD__mdt|true|false
11:54:52.1 (61141755)|VARIABLE_ASSIGNMENT|[53]|doc|{"Micro_Servicio__c":"BlobStorage","Solicitud_Repetida__c":true,"Motivos_de_Pendiente__c":"24.1.-Gafete Reverso","Id":"m0d0v0000004EoWAAU","MasterLabel":"Gafete Reverso","Archivo__c":"-GafeteReverso","Mostrar_siempre__c":false,"Espacio_al_inicio__c":false}|0x3f5db89f
11:54:52.1 (61147845)|STATEMENT_EXECUTE|[53]
11:54:52.1 (61151721)|HEAP_ALLOCATE|[55]|Bytes:24
11:54:52.1 (61179050)|STATEMENT_EXECUTE|[55]
11:54:52.1 (61180267)|STATEMENT_EXECUTE|[57]
11:54:52.1 (61185126)|HEAP_ALLOCATE|[57]|Bytes:4
11:54:52.1 (61189742)|VARIABLE_SCOPE_BEGIN|[57]|mapDocumentos|Map<String,ANY>|true|false
11:54:52.1 (61198237)|VARIABLE_ASSIGNMENT|[57]|mapDocumentos|{}|0x124aaa93
11:54:52.1 (61202853)|STATEMENT_EXECUTE|[59]
11:54:52.1 (61210560)|HEAP_ALLOCATE|[EXTERNAL]|Bytes:-4
11:54:52.1 (61214835)|STATEMENT_EXECUTE|[60]
11:54:52.1 (61219645)|HEAP_ALLOCATE|[EXTERNAL]|Bytes:-4
11:54:52.1 (61224038)|STATEMENT_EXECUTE|[61]
11:54:52.1 (61228291)|HEAP_ALLOCATE|[EXTERNAL]|Bytes:-4
11:54:52.1 (61231675)|STATEMENT_EXECUTE|[62]
11:54:52.1 (61236021)|HEAP_ALLOCATE|[EXTERNAL]|Bytes:-4
11:54:52.1 (61239429)|STATEMENT_EXECUTE|[63]
11:54:52.1 (61244968)|HEAP_ALLOCATE|[EXTERNAL]|Bytes:-4
11:54:52.1 (61248954)|STATEMENT_EXECUTE|[64]
11:54:52.1 (61253351)|HEAP_ALLOCATE|[EXTERNAL]|Bytes:-4
11:54:52.1 (61257359)|STATEMENT_EXECUTE|[65]
11:54:52.1 (61261529)|HEAP_ALLOCATE|[EXTERNAL]|Bytes:-4
11:54:52.1 (61264899)|STATEMENT_EXECUTE|[67]
11:54:52.1 (61268879)|HEAP_ALLOCATE|[EXTERNAL]|Bytes:4
11:54:52.1 (61272822)|STATEMENT_EXECUTE|[68]
11:54:52.1 (61275075)|HEAP_ALLOCATE|[68]|Bytes:5
11:54:52.1 (61280040)|VARIABLE_ASSIGNMENT|[68]|success|true
11:54:52.1 (61287742)|HEAP_ALLOCATE|[53]|Bytes:5
11:54:52.1 (61302185)|HEAP_ALLOCATE|[53]|Bytes:32
11:54:52.1 (61307796)|VARIABLE_SCOPE_BEGIN|[53]|doc|MS_Imagenes_BlobS_WistonD__mdt|true|false
11:54:52.1 (61354875)|VARIABLE_ASSIGNMENT|[53]|doc|{"Micro_Servicio__c":"BlobStorage","Solicitud_Repetida__c":false,"Id":"m0d0v000000CdiMAAS","MasterLabel":"INE Frontal","Archivo__c":"-INEFrontal","Mostrar_siempre__c":true,"Espacio_al_inicio__c":false}|0x279a6329
11:54:52.1 (61360319)|STATEMENT_EXECUTE|[53]
11:54:52.1 (61364093)|HEAP_ALLOCATE|[55]|Bytes:24
11:54:52.1 (61377004)|STATEMENT_EXECUTE|[55]
11:54:52.1 (61378095)|STATEMENT_EXECUTE|[57]
11:54:52.1 (61383342)|HEAP_ALLOCATE|[57]|Bytes:4
11:54:52.1 (61394666)|VARIABLE_SCOPE_BEGIN|[57]|mapDocumentos|Map<String,ANY>|true|false
11:54:52.1 (61402809)|VARIABLE_ASSIGNMENT|[57]|mapDocumentos|{}|0x748634df
11:54:52.1 (61406411)|STATEMENT_EXECUTE|[59]
11:54:52.1 (61413758)|HEAP_ALLOCATE|[EXTERNAL]|Bytes:-4
11:54:52.1 (61417495)|STATEMENT_EXECUTE|[60]
11:54:52.1 (61421983)|HEAP_ALLOCATE|[EXTERNAL]|Bytes:-4
11:54:52.1 (61425588)|STATEMENT_EXECUTE|[61]
11:54:52.1 (61429978)|HEAP_ALLOCATE|[EXTERNAL]|Bytes:-4
11:54:52.1 (61433359)|STATEMENT_EXECUTE|[62]
11:54:52.1 (61438127)|HEAP_ALLOCATE|[EXTERNAL]|Bytes:-4
11:54:52.1 (61441604)|STATEMENT_EXECUTE|[63]
11:54:52.1 (61447344)|HEAP_ALLOCATE|[EXTERNAL]|Bytes:-4
11:54:52.1 (61451102)|STATEMENT_EXECUTE|[64]
11:54:52.1 (61455581)|HEAP_ALLOCATE|[EXTERNAL]|Bytes:-4
11:54:52.1 (61459259)|STATEMENT_EXECUTE|[65]
11:54:52.1 (61463723)|HEAP_ALLOCATE|[EXTERNAL]|Bytes:-4
11:54:52.1 (61468226)|STATEMENT_EXECUTE|[67]
11:54:52.1 (61472405)|HEAP_ALLOCATE|[EXTERNAL]|Bytes:4
11:54:52.1 (61476626)|STATEMENT_EXECUTE|[68]
11:54:52.1 (61479219)|HEAP_ALLOCATE|[68]|Bytes:5
11:54:52.1 (61484846)|VARIABLE_ASSIGNMENT|[68]|success|true
11:54:52.1 (61493577)|HEAP_ALLOCATE|[53]|Bytes:5
11:54:52.1 (61501071)|HEAP_ALLOCATE|[53]|Bytes:32
11:54:52.1 (61506171)|VARIABLE_SCOPE_BEGIN|[53]|doc|MS_Imagenes_BlobS_WistonD__mdt|true|false
11:54:52.1 (61546265)|VARIABLE_ASSIGNMENT|[53]|doc|{"Micro_Servicio__c":"BlobStorage","Solicitud_Repetida__c":false,"Id":"m0d0v000000CdiNAAS","MasterLabel":"INE Reverso","Archivo__c":"-INEReverso","Mostrar_siempre__c":true,"Espacio_al_inicio__c":false}|0x604cbde0
11:54:52.1 (61552388)|STATEMENT_EXECUTE|[53]
11:54:52.1 (61555821)|HEAP_ALLOCATE|[55]|Bytes:24
11:54:52.1 (61600277)|STATEMENT_EXECUTE|[55]
11:54:52.1 (61602082)|STATEMENT_EXECUTE|[57]
11:54:52.1 (61607696)|HEAP_ALLOCATE|[57]|Bytes:4
11:54:52.1 (61612066)|VARIABLE_SCOPE_BEGIN|[57]|mapDocumentos|Map<String,ANY>|true|false
11:54:52.1 (61626827)|VARIABLE_ASSIGNMENT|[57]|mapDocumentos|{}|0xc085a91
11:54:52.1 (61630687)|STATEMENT_EXECUTE|[59]
11:54:52.1 (61639509)|HEAP_ALLOCATE|[EXTERNAL]|Bytes:-4
11:54:52.1 (61644286)|STATEMENT_EXECUTE|[60]
11:54:52.1 (61649215)|HEAP_ALLOCATE|[EXTERNAL]|Bytes:-4
11:54:52.1 (61652814)|STATEMENT_EXECUTE|[61]
11:54:52.1 (61657481)|HEAP_ALLOCATE|[EXTERNAL]|Bytes:-4
11:54:52.1 (61661060)|STATEMENT_EXECUTE|[62]
11:54:52.1 (61665100)|HEAP_ALLOCATE|[EXTERNAL]|Bytes:-4
11:54:52.1 (61668530)|STATEMENT_EXECUTE|[63]
11:54:52.1 (61674485)|HEAP_ALLOCATE|[EXTERNAL]|Bytes:-4
11:54:52.1 (61678142)|STATEMENT_EXECUTE|[64]
11:54:52.1 (61682292)|HEAP_ALLOCATE|[EXTERNAL]|Bytes:-4
11:54:52.1 (61685872)|STATEMENT_EXECUTE|[65]
11:54:52.1 (61690196)|HEAP_ALLOCATE|[EXTERNAL]|Bytes:-4
11:54:52.1 (61694388)|STATEMENT_EXECUTE|[67]
11:54:52.1 (61720407)|HEAP_ALLOCATE|[EXTERNAL]|Bytes:4
11:54:52.1 (61725655)|STATEMENT_EXECUTE|[68]
11:54:52.1 (61728432)|HEAP_ALLOCATE|[68]|Bytes:5
11:54:52.1 (61733687)|VARIABLE_ASSIGNMENT|[68]|success|true
11:54:52.1 (61742102)|HEAP_ALLOCATE|[53]|Bytes:5
11:54:52.1 (61749982)|HEAP_ALLOCATE|[53]|Bytes:32
11:54:52.1 (61754667)|VARIABLE_SCOPE_BEGIN|[53]|doc|MS_Imagenes_BlobS_WistonD__mdt|true|false
11:54:52.1 (61803025)|VARIABLE_ASSIGNMENT|[53]|doc|{"Micro_Servicio__c":"WistonData","Solicitud_Repetida__c":false,"Id":"m0d0v000000CdiOAAS","MasterLabel":"Pre Solicitud","Archivo__c":"01","Mostrar_siempre__c":true,"Espacio_al_inicio__c":false}|0x276172e7
11:54:52.1 (61809250)|STATEMENT_EXECUTE|[53]
11:54:52.1 (61813940)|HEAP_ALLOCATE|[55]|Bytes:24
11:54:52.1 (61828563)|STATEMENT_EXECUTE|[55]
11:54:52.1 (61829732)|STATEMENT_EXECUTE|[57]
11:54:52.1 (61835808)|HEAP_ALLOCATE|[57]|Bytes:4
11:54:52.1 (61840160)|VARIABLE_SCOPE_BEGIN|[57]|mapDocumentos|Map<String,ANY>|true|false
11:54:52.1 (61849407)|VARIABLE_ASSIGNMENT|[57]|mapDocumentos|{}|0x52ace1f1
11:54:52.1 (61853473)|STATEMENT_EXECUTE|[59]
11:54:52.1 (61862447)|HEAP_ALLOCATE|[EXTERNAL]|Bytes:-4
11:54:52.1 (61866871)|STATEMENT_EXECUTE|[60]
11:54:52.1 (61872184)|HEAP_ALLOCATE|[EXTERNAL]|Bytes:-4
11:54:52.1 (61876347)|STATEMENT_EXECUTE|[61]
11:54:52.1 (61880756)|HEAP_ALLOCATE|[EXTERNAL]|Bytes:-4
11:54:52.1 (61884350)|STATEMENT_EXECUTE|[62]
11:54:52.1 (61888472)|HEAP_ALLOCATE|[EXTERNAL]|Bytes:-4
11:54:52.1 (61891907)|STATEMENT_EXECUTE|[63]
11:54:52.1 (61897257)|HEAP_ALLOCATE|[EXTERNAL]|Bytes:-4
11:54:52.1 (61900981)|STATEMENT_EXECUTE|[64]
11:54:52.1 (61905500)|HEAP_ALLOCATE|[EXTERNAL]|Bytes:-4
11:54:52.1 (61908887)|STATEMENT_EXECUTE|[65]
11:54:52.1 (61913092)|HEAP_ALLOCATE|[EXTERNAL]|Bytes:-4
11:54:52.1 (61916840)|STATEMENT_EXECUTE|[67]
11:54:52.1 (61920245)|HEAP_ALLOCATE|[EXTERNAL]|Bytes:4
11:54:52.1 (61924402)|STATEMENT_EXECUTE|[68]
11:54:52.1 (61926497)|HEAP_ALLOCATE|[68]|Bytes:5
11:54:52.1 (61931571)|VARIABLE_ASSIGNMENT|[68]|success|true
11:54:52.1 (61938687)|HEAP_ALLOCATE|[53]|Bytes:5
11:54:52.1 (61945133)|HEAP_ALLOCATE|[53]|Bytes:32
11:54:52.1 (61949315)|VARIABLE_SCOPE_BEGIN|[53]|doc|MS_Imagenes_BlobS_WistonD__mdt|true|false
11:54:52.1 (62037348)|VARIABLE_ASSIGNMENT|[53]|doc|{"Micro_Servicio__c":"WistonData","Solicitud_Repetida__c":false,"Id":"m0d0v000000CdiQAAS","MasterLabel":"Solicitud","Archivo__c":"02","Mostrar_siempre__c":true,"Espacio_al_inicio__c":false}|0x752aafd4
11:54:52.1 (62045797)|STATEMENT_EXECUTE|[53]
11:54:52.1 (62051243)|HEAP_ALLOCATE|[55]|Bytes:24
11:54:52.1 (62067179)|STATEMENT_EXECUTE|[55]
11:54:52.1 (62068187)|STATEMENT_EXECUTE|[57]
11:54:52.1 (62074266)|HEAP_ALLOCATE|[57]|Bytes:4
11:54:52.1 (62079334)|VARIABLE_SCOPE_BEGIN|[57]|mapDocumentos|Map<String,ANY>|true|false
11:54:52.1 (62088877)|VARIABLE_ASSIGNMENT|[57]|mapDocumentos|{}|0x15f5c705
11:54:52.1 (62092538)|STATEMENT_EXECUTE|[59]
11:54:52.1 (62100437)|HEAP_ALLOCATE|[EXTERNAL]|Bytes:-4
11:54:52.1 (62105592)|STATEMENT_EXECUTE|[60]
11:54:52.1 (62109957)|HEAP_ALLOCATE|[EXTERNAL]|Bytes:-4
11:54:52.1 (62113797)|STATEMENT_EXECUTE|[61]
11:54:52.1 (62118052)|HEAP_ALLOCATE|[EXTERNAL]|Bytes:-4
11:54:52.1 (62121957)|STATEMENT_EXECUTE|[62]
11:54:52.1 (62126049)|HEAP_ALLOCATE|[EXTERNAL]|Bytes:-4
11:54:52.1 (62129786)|STATEMENT_EXECUTE|[63]
11:54:52.1 (62135778)|HEAP_ALLOCATE|[EXTERNAL]|Bytes:-4
11:54:52.1 (62140185)|STATEMENT_EXECUTE|[64]
11:54:52.1 (62144982)|HEAP_ALLOCATE|[EXTERNAL]|Bytes:-4
11:54:52.1 (62148887)|STATEMENT_EXECUTE|[65]
11:54:52.1 (62153114)|HEAP_ALLOCATE|[EXTERNAL]|Bytes:-4
11:54:52.1 (62156878)|STATEMENT_EXECUTE|[67]
11:54:52.1 (62160768)|HEAP_ALLOCATE|[EXTERNAL]|Bytes:4
11:54:52.1 (62164673)|STATEMENT_EXECUTE|[68]
11:54:52.1 (62167191)|HEAP_ALLOCATE|[68]|Bytes:5
11:54:52.1 (62171927)|VARIABLE_ASSIGNMENT|[68]|success|true
11:54:52.1 (62180231)|HEAP_ALLOCATE|[53]|Bytes:5
11:54:52.1 (62187855)|HEAP_ALLOCATE|[53]|Bytes:32
11:54:52.1 (62192923)|VARIABLE_SCOPE_BEGIN|[53]|doc|MS_Imagenes_BlobS_WistonD__mdt|true|false
11:54:52.1 (62235453)|VARIABLE_ASSIGNMENT|[53]|doc|{"Micro_Servicio__c":"WistonData","Solicitud_Repetida__c":false,"Id":"m0dRt00000GM8FTIA1","MasterLabel":"Solicitud Debito","Archivo__c":"15","Mostrar_siempre__c":true,"Espacio_al_inicio__c":false}|0x15d1973
11:54:52.1 (62241375)|STATEMENT_EXECUTE|[53]
11:54:52.1 (62245041)|HEAP_ALLOCATE|[55]|Bytes:24
11:54:52.1 (62257825)|STATEMENT_EXECUTE|[55]
11:54:52.1 (62258978)|STATEMENT_EXECUTE|[57]
11:54:52.1 (62264393)|HEAP_ALLOCATE|[57]|Bytes:4
11:54:52.1 (62268530)|VARIABLE_SCOPE_BEGIN|[57]|mapDocumentos|Map<String,ANY>|true|false
11:54:52.1 (62277333)|VARIABLE_ASSIGNMENT|[57]|mapDocumentos|{}|0x509029a8
11:54:52.1 (62281603)|STATEMENT_EXECUTE|[59]
11:54:52.1 (62289311)|HEAP_ALLOCATE|[EXTERNAL]|Bytes:-4
11:54:52.1 (62293650)|STATEMENT_EXECUTE|[60]
11:54:52.1 (62298813)|HEAP_ALLOCATE|[EXTERNAL]|Bytes:-4
11:54:52.1 (62302157)|STATEMENT_EXECUTE|[61]
11:54:52.1 (62306670)|HEAP_ALLOCATE|[EXTERNAL]|Bytes:-4
11:54:52.1 (62311018)|STATEMENT_EXECUTE|[62]
11:54:52.1 (62315359)|HEAP_ALLOCATE|[EXTERNAL]|Bytes:-4
11:54:52.1 (62319414)|STATEMENT_EXECUTE|[63]
11:54:52.1 (62325798)|HEAP_ALLOCATE|[EXTERNAL]|Bytes:-4
11:54:52.1 (62329776)|STATEMENT_EXECUTE|[64]
11:54:52.1 (62334830)|HEAP_ALLOCATE|[EXTERNAL]|Bytes:-4
11:54:52.1 (62339069)|STATEMENT_EXECUTE|[65]
11:54:52.1 (62344232)|HEAP_ALLOCATE|[EXTERNAL]|Bytes:-4
11:54:52.1 (62348152)|STATEMENT_EXECUTE|[67]
11:54:52.1 (62352192)|HEAP_ALLOCATE|[EXTERNAL]|Bytes:4
11:54:52.1 (62356669)|STATEMENT_EXECUTE|[68]
11:54:52.1 (62358824)|HEAP_ALLOCATE|[68]|Bytes:5
11:54:52.1 (62363431)|VARIABLE_ASSIGNMENT|[68]|success|true
11:54:52.1 (62411214)|HEAP_ALLOCATE|[53]|Bytes:5
11:54:52.1 (62419033)|HEAP_ALLOCATE|[53]|Bytes:36
11:54:52.1 (62424562)|VARIABLE_SCOPE_BEGIN|[53]|doc|MS_Imagenes_BlobS_WistonD__mdt|true|false
11:54:52.1 (62484275)|VARIABLE_ASSIGNMENT|[53]|doc|{"Micro_Servicio__c":"BlobStorage","Solicitud_Repetida__c":true,"Motivos_de_Pendiente__c":"1.0.- Solicitud - No (139 more) ...","Id":"m0d0v00000002ZHAAY","MasterLabel":"Solicitud Manual","Archivo__c":"-Solicitud","Mostrar_siempre__c":false,"Espacio_al_inicio__c":false}|0x4fb0705
11:54:52.1 (62491732)|STATEMENT_EXECUTE|[53]
11:54:52.1 (62495569)|HEAP_ALLOCATE|[55]|Bytes:24
11:54:52.1 (62513997)|STATEMENT_EXECUTE|[55]
11:54:52.1 (62515382)|STATEMENT_EXECUTE|[57]
11:54:52.1 (62521865)|HEAP_ALLOCATE|[57]|Bytes:4
11:54:52.1 (62526589)|VARIABLE_SCOPE_BEGIN|[57]|mapDocumentos|Map<String,ANY>|true|false
11:54:52.1 (62536639)|VARIABLE_ASSIGNMENT|[57]|mapDocumentos|{}|0x1e022df9
11:54:52.1 (62541001)|STATEMENT_EXECUTE|[59]
11:54:52.1 (62549783)|HEAP_ALLOCATE|[EXTERNAL]|Bytes:-4
11:54:52.1 (62554295)|STATEMENT_EXECUTE|[60]
11:54:52.1 (62559615)|HEAP_ALLOCATE|[EXTERNAL]|Bytes:-4
11:54:52.1 (62563718)|STATEMENT_EXECUTE|[61]
11:54:52.1 (62568522)|HEAP_ALLOCATE|[EXTERNAL]|Bytes:-4
11:54:52.1 (62572439)|STATEMENT_EXECUTE|[62]
11:54:52.1 (62577614)|HEAP_ALLOCATE|[EXTERNAL]|Bytes:-4
11:54:52.1 (62581344)|STATEMENT_EXECUTE|[63]
11:54:52.1 (62586781)|HEAP_ALLOCATE|[EXTERNAL]|Bytes:-4
11:54:52.1 (62590561)|STATEMENT_EXECUTE|[64]
11:54:52.1 (62595432)|HEAP_ALLOCATE|[EXTERNAL]|Bytes:-4
11:54:52.1 (62599109)|STATEMENT_EXECUTE|[65]
11:54:52.1 (62603862)|HEAP_ALLOCATE|[EXTERNAL]|Bytes:-4
11:54:52.1 (62607684)|STATEMENT_EXECUTE|[67]
11:54:52.1 (62611595)|HEAP_ALLOCATE|[EXTERNAL]|Bytes:4
11:54:52.1 (62615344)|STATEMENT_EXECUTE|[68]
11:54:52.1 (62617494)|HEAP_ALLOCATE|[68]|Bytes:5
11:54:52.1 (62622039)|VARIABLE_ASSIGNMENT|[68]|success|true
11:54:52.1 (62629770)|HEAP_ALLOCATE|[53]|Bytes:5
11:54:52.1 (62636484)|HEAP_ALLOCATE|[53]|Bytes:36
11:54:52.1 (62640979)|VARIABLE_SCOPE_BEGIN|[53]|doc|MS_Imagenes_BlobS_WistonD__mdt|true|false
11:54:52.1 (62687659)|VARIABLE_ASSIGNMENT|[53]|doc|{"Micro_Servicio__c":"BlobStorage","Solicitud_Repetida__c":true,"Motivos_de_Pendiente__c":"26.0.- Anexar Imagen (32 more) ...","Id":"m0d0v0000004EoXAAU","MasterLabel":"Tarjeta de Recompens (2 more) ...","Archivo__c":"-TarjetaRecompensas","Mostrar_siempre__c":false,"Espacio_al_inicio__c":false}|0x2821bb37
11:54:52.1 (62695170)|STATEMENT_EXECUTE|[53]
11:54:52.1 (62698895)|HEAP_ALLOCATE|[55]|Bytes:24
11:54:52.1 (62710240)|STATEMENT_EXECUTE|[55]
11:54:52.1 (62711251)|STATEMENT_EXECUTE|[57]
11:54:52.1 (62716110)|HEAP_ALLOCATE|[57]|Bytes:4
11:54:52.1 (62720351)|VARIABLE_SCOPE_BEGIN|[57]|mapDocumentos|Map<String,ANY>|true|false
11:54:52.1 (62728846)|VARIABLE_ASSIGNMENT|[57]|mapDocumentos|{}|0x2b94e4a1
11:54:52.1 (62733133)|STATEMENT_EXECUTE|[59]
11:54:52.1 (62741096)|HEAP_ALLOCATE|[EXTERNAL]|Bytes:-4
11:54:52.1 (62745664)|STATEMENT_EXECUTE|[60]
11:54:52.1 (62749890)|HEAP_ALLOCATE|[EXTERNAL]|Bytes:-4
11:54:52.1 (62754052)|STATEMENT_EXECUTE|[61]
11:54:52.1 (62758277)|HEAP_ALLOCATE|[EXTERNAL]|Bytes:-4
11:54:52.1 (62775526)|STATEMENT_EXECUTE|[62]
11:54:52.1 (62780658)|HEAP_ALLOCATE|[EXTERNAL]|Bytes:-4
11:54:52.1 (62784386)|STATEMENT_EXECUTE|[63]
11:54:52.1 (62789675)|HEAP_ALLOCATE|[EXTERNAL]|Bytes:-4
11:54:52.1 (62793129)|STATEMENT_EXECUTE|[64]
11:54:52.1 (62797585)|HEAP_ALLOCATE|[EXTERNAL]|Bytes:-4
11:54:52.1 (62801401)|STATEMENT_EXECUTE|[65]
11:54:52.1 (62805853)|HEAP_ALLOCATE|[EXTERNAL]|Bytes:-4
11:54:52.1 (62809588)|STATEMENT_EXECUTE|[67]
11:54:52.1 (62813080)|HEAP_ALLOCATE|[EXTERNAL]|Bytes:4
11:54:52.1 (62817089)|STATEMENT_EXECUTE|[68]
11:54:52.1 (62819253)|HEAP_ALLOCATE|[68]|Bytes:5
11:54:52.1 (62824176)|VARIABLE_ASSIGNMENT|[68]|success|true
11:54:52.1 (62832095)|HEAP_ALLOCATE|[53]|Bytes:5
11:54:52.1 (62850480)|VARIABLE_ASSIGNMENT|[53]|doc|null|
11:54:52.1 (62855566)|STATEMENT_EXECUTE|[72]
11:54:52.1 (62859042)|HEAP_ALLOCATE|[72]|Bytes:7
11:54:52.1 (62915990)|HEAP_ALLOCATE|[72]|Bytes:5
11:54:52.1 (62921125)|HEAP_ALLOCATE|[EXTERNAL]|Bytes:-4
11:54:52.1 (62926279)|STATEMENT_EXECUTE|[73]
11:54:52.1 (62928691)|HEAP_ALLOCATE|[73]|Bytes:17
11:54:52.1 (62946980)|HEAP_ALLOCATE|[EXTERNAL]|Bytes:-4
11:54:52.1 (62951283)|STATEMENT_EXECUTE|[75]
11:54:52.63 (63060750)|CUMULATIVE_LIMIT_USAGE
11:54:52.63 (63060750)|LIMIT_USAGE_FOR_NS|(default)|
  Number of SOQL queries: 2 out of 100
  Number of query rows: 17 out of 50000
  Number of SOSL queries: 0 out of 20
  Number of DML statements: 0 out of 150
  Number of Publish Immediate DML: 0 out of 150
  Number of DML rows: 0 out of 10000
  Maximum CPU time: 0 out of 10000
  Maximum heap size: 0 out of 6000000
  Number of callouts: 0 out of 100
  Number of Email Invocations: 0 out of 10
  Number of future calls: 0 out of 50
  Number of queueable jobs added to the queue: 0 out of 50
  Number of Mobile Apex push calls: 0 out of 10

11:54:52.63 (63060750)|CUMULATIVE_LIMIT_USAGE_END

11:54:52.1 (63120329)|CODE_UNIT_FINISHED|MicroServicioObtenerImagenesBO.obtenerListaImagenesWS(String)
11:54:52.1 (63590426)|CODE_UNIT_FINISHED|apex://MicroServicioObtenerImagenesBO/ACTION$obtenerListaImagenesWS
11:54:52.1 (63604641)|EXECUTION_FINISHED
