66.0 APEX_CODE,FINEST;APEX_PROFILING,INFO;CALLOUT,INFO;DATA_ACCESS,INFO;DB,INFO;NBA,INFO;SYSTEM,DEBUG;VALIDATION,INFO;VISUALFORCE,INFO;WAVE,INFO;WORKFLOW,INFO
14:37:25.0 (190053)|USER_INFO|[EXTERNAL]|0051N000005gvau|etrevinofalabella@izeicg.com.uat|(GMT-06:00) Central Standard Time (America/Mexico_City)|GMT-06:00
14:37:25.0 (226335)|EXECUTION_STARTED
14:37:25.0 (235286)|CODE_UNIT_STARTED|[EXTERNAL]|apex://PickListCaseOriginController/ACTION$getUserInfo
14:37:25.0 (2940366)|CODE_UNIT_STARTED|[EXTERNAL]|01p0v000003UL1s|PickListCaseOriginController.getUserInfo()
14:37:25.0 (3218773)|HEAP_ALLOCATE|[95]|Bytes:3
14:37:25.0 (3296841)|HEAP_ALLOCATE|[100]|Bytes:152
14:37:25.0 (3311135)|HEAP_ALLOCATE|[417]|Bytes:408
14:37:25.0 (3322451)|HEAP_ALLOCATE|[430]|Bytes:408
14:37:25.0 (3342960)|HEAP_ALLOCATE|[317]|Bytes:6
14:37:25.0 (3354167)|HEAP_ALLOCATE|[EXTERNAL]|Bytes:5
14:37:25.0 (3357252)|HEAP_ALLOCATE|[EXTERNAL]|Bytes:2
14:37:25.0 (3364038)|METHOD_ENTRY|[11]|01p0v000003UL1s|PickListCaseOriginController.PickListCaseOriginController()
14:37:25.0 (3369431)|STATEMENT_EXECUTE|[11]
14:37:25.0 (3375823)|STATEMENT_EXECUTE|[11]
14:37:25.0 (3378822)|METHOD_EXIT|[11]|PickListCaseOriginController
14:37:25.0 (3388661)|STATEMENT_EXECUTE|[18]
14:37:25.0 (3389790)|STATEMENT_EXECUTE|[20]
14:37:25.0 (3406487)|HEAP_ALLOCATE|[20]|Bytes:4
14:37:25.0 (3417957)|VARIABLE_SCOPE_BEGIN|[20]|mapResult|Map<String,ANY>|true|false
14:37:25.0 (3467317)|VARIABLE_ASSIGNMENT|[20]|mapResult|{}|0x5c69c8f3
14:37:25.0 (3470595)|STATEMENT_EXECUTE|[21]
14:37:25.0 (3489180)|HEAP_ALLOCATE|[68]|Bytes:5
14:37:25.0 (3512562)|HEAP_ALLOCATE|[74]|Bytes:5
14:37:25.0 (3517235)|HEAP_ALLOCATE|[82]|Bytes:7
14:37:25.0 (3522963)|VARIABLE_SCOPE_BEGIN|[21]|success|Boolean|false|false
14:37:25.0 (3669193)|HEAP_ALLOCATE|[21]|Bytes:5
14:37:25.0 (3676202)|VARIABLE_ASSIGNMENT|[21]|success|false
14:37:25.0 (3679046)|STATEMENT_EXECUTE|[23]
14:37:25.0 (3680489)|HEAP_ALLOCATE|[23]|Bytes:49
14:37:25.0 (3685682)|HEAP_ALLOCATE|[23]|Bytes:4
14:37:25.0 (3689030)|HEAP_ALLOCATE|[23]|Bytes:7
14:37:25.0 (3716484)|HEAP_ALLOCATE|[23]|Bytes:105
14:37:25.0 (3721674)|SYSTEM_METHOD_ENTRY|[1]|UserInfo.UserInfo()
14:37:25.0 (3723358)|STATEMENT_EXECUTE|[1]
14:37:25.0 (3728299)|SYSTEM_METHOD_EXIT|[1]|UserInfo
14:37:25.0 (3736090)|METHOD_ENTRY|[23]||System.UserInfo.getUserId()
14:37:25.0 (5678444)|METHOD_EXIT|[23]||System.UserInfo.getUserId()
14:37:25.0 (8813779)|SOQL_EXECUTE_BEGIN|[23]|Aggregations:0|SELECT Profile.Name FROM User WHERE Id = :tmpVar1
14:37:25.0 (15023981)|SOQL_EXECUTE_END|[23]|Rows:1
14:37:25.0 (15063227)|HEAP_ALLOCATE|[23]|Bytes:8
14:37:25.0 (15088889)|HEAP_ALLOCATE|[23]|Bytes:127
14:37:25.0 (15210804)|HEAP_ALLOCATE|[23]|Bytes:8
14:37:25.0 (15228879)|VARIABLE_SCOPE_BEGIN|[23]|lstUsers|List<User>|true|false
14:37:25.0 (31619275)|VARIABLE_ASSIGNMENT|[23]|lstUsers|[{"ProfileId":"00e1N000001u1HIQAY","Profile":{"Name":"System Administrator","Id":"00e1N000001u1HIQAY"},"Id":"0051N000005gvauQAA"}]|0xfd38cae
14:37:25.0 (31750054)|STATEMENT_EXECUTE|[25]
14:37:25.0 (31751497)|STATEMENT_EXECUTE|[27]
14:37:25.0 (31758158)|HEAP_ALLOCATE|[27]|Bytes:11
14:37:25.0 (31798082)|HEAP_ALLOCATE|[27]|Bytes:16
14:37:25.0 (31901007)|HEAP_ALLOCATE|[EXTERNAL]|Bytes:-4
14:37:25.0 (31908065)|STATEMENT_EXECUTE|[29]
14:37:25.0 (31920030)|HEAP_ALLOCATE|[29]|Bytes:5
14:37:25.0 (31929715)|VARIABLE_ASSIGNMENT|[29]|success|true
14:37:25.0 (31932676)|STATEMENT_EXECUTE|[32]
14:37:25.0 (31934200)|HEAP_ALLOCATE|[32]|Bytes:7
14:37:25.0 (31943971)|HEAP_ALLOCATE|[32]|Bytes:5
14:37:25.0 (31946779)|HEAP_ALLOCATE|[EXTERNAL]|Bytes:-4
14:37:25.0 (31949683)|STATEMENT_EXECUTE|[34]
14:37:25.32 (32005964)|CUMULATIVE_LIMIT_USAGE
14:37:25.32 (32005964)|LIMIT_USAGE_FOR_NS|(default)|
  Number of SOQL queries: 1 out of 100
  Number of query rows: 1 out of 50000
  Number of SOSL queries: 0 out of 20
  Number of DML statements: 0 out of 150
  Number of Publish Immediate DML: 0 out of 150
  Number of DML rows: 0 out of 10000
  Maximum CPU time: 0 out of 10000
  Maximum heap size: 0 out of 6000000
  Number of callouts: 0 out of 100
  Number of Email Invocations: 0 out of 10
  Number of future calls: 0 out of 50
  Number of queueable jobs added to the queue: 0 out of 50
  Number of Mobile Apex push calls: 0 out of 10

14:37:25.32 (32005964)|CUMULATIVE_LIMIT_USAGE_END

14:37:25.0 (32032672)|CODE_UNIT_FINISHED|PickListCaseOriginController.getUserInfo()
14:37:25.0 (32249427)|CODE_UNIT_FINISHED|apex://PickListCaseOriginController/ACTION$getUserInfo
14:37:25.0 (32254263)|EXECUTION_FINISHED
