66.0 APEX_CODE,FINEST;APEX_PROFILING,INFO;CALLOUT,INFO;DATA_ACCESS,INFO;DB,INFO;NBA,INFO;SYSTEM,DEBUG;VALIDATION,INFO;VISUALFORCE,INFO;WAVE,INFO;WORKFLOW,INFO
14:37:23.0 (181046)|USER_INFO|[EXTERNAL]|0051N000005gvau|etrevinofalabella@izeicg.com.uat|(GMT-06:00) Central Standard Time (America/Mexico_City)|GMT-06:00
14:37:23.0 (214910)|EXECUTION_STARTED
14:37:23.0 (223886)|CODE_UNIT_STARTED|[EXTERNAL]|apex://validateQuestionsController/ACTION$getValidationToday
14:37:23.0 (2894592)|CODE_UNIT_STARTED|[EXTERNAL]|01p0v000003Gv5u|validateQuestionsController.getValidationToday(String)
14:37:23.0 (3144119)|HEAP_ALLOCATE|[95]|Bytes:3
14:37:23.0 (3214962)|HEAP_ALLOCATE|[100]|Bytes:152
14:37:23.0 (3228739)|HEAP_ALLOCATE|[417]|Bytes:408
14:37:23.0 (3239194)|HEAP_ALLOCATE|[430]|Bytes:408
14:37:23.0 (3257845)|HEAP_ALLOCATE|[317]|Bytes:6
14:37:23.0 (3268144)|HEAP_ALLOCATE|[EXTERNAL]|Bytes:27
14:37:23.0 (3271011)|HEAP_ALLOCATE|[EXTERNAL]|Bytes:11
14:37:23.0 (3277002)|METHOD_ENTRY|[15]|01p0v000003Gv5u|validateQuestionsController.validateQuestionsController()
14:37:23.0 (3282194)|STATEMENT_EXECUTE|[15]
14:37:23.0 (3287549)|STATEMENT_EXECUTE|[15]
14:37:23.0 (3290381)|METHOD_EXIT|[15]|validateQuestionsController
14:37:23.0 (3293399)|HEAP_ALLOCATE|[EXTERNAL]|Bytes:18
14:37:23.0 (3308473)|VARIABLE_SCOPE_BEGIN|[58]|customerId|String|false|false
14:37:23.0 (3344165)|VARIABLE_ASSIGNMENT|[58]|customerId|"0010v00000KlWodAAF"
14:37:23.0 (3352013)|STATEMENT_EXECUTE|[58]
14:37:23.0 (3352863)|STATEMENT_EXECUTE|[59]
14:37:23.0 (3636789)|HEAP_ALLOCATE|[59]|Bytes:4
14:37:23.0 (3713992)|VARIABLE_SCOPE_BEGIN|[59]|VIList|List<Validacion_Incorrecta__c>|true|false
14:37:23.0 (3725091)|HEAP_ALLOCATE|[EXTERNAL]|Bytes:4
14:37:23.0 (3738367)|VARIABLE_ASSIGNMENT|[59]|VIList|[]|0x73f97697
14:37:23.0 (3741600)|STATEMENT_EXECUTE|[60]
14:37:23.0 (3742687)|STATEMENT_EXECUTE|[60]
14:37:23.0 (3743572)|STATEMENT_EXECUTE|[61]
14:37:23.0 (3745373)|HEAP_ALLOCATE|[61]|Bytes:128
14:37:23.0 (3757597)|HEAP_ALLOCATE|[61]|Bytes:4
14:37:23.0 (3764002)|HEAP_ALLOCATE|[61]|Bytes:7
14:37:23.0 (3795062)|HEAP_ALLOCATE|[68]|Bytes:5
14:37:23.0 (3815655)|HEAP_ALLOCATE|[74]|Bytes:5
14:37:23.0 (3820381)|HEAP_ALLOCATE|[82]|Bytes:7
14:37:23.0 (5749766)|SOQL_EXECUTE_BEGIN|[61]|Aggregations:0|SELECT Id FROM Validacion_Incorrecta__c WHERE (Account__c = :tmpVar1 AND Validacion_Exitosa__c = FALSE AND Creado_Hoy__c = TRUE)
14:37:23.0 (13766213)|SOQL_EXECUTE_END|[61]|Rows:0
14:37:23.0 (13800557)|HEAP_ALLOCATE|[61]|Bytes:4
14:37:23.0 (13817195)|HEAP_ALLOCATE|[61]|Bytes:0
14:37:23.0 (13863294)|HEAP_ALLOCATE|[61]|Bytes:4
14:37:23.0 (13896110)|VARIABLE_ASSIGNMENT|[61]|VIList|[]|0x64241406
14:37:23.0 (13905102)|STATEMENT_EXECUTE|[68]
14:37:23.0 (13951832)|VARIABLE_SCOPE_BEGIN|[68]|numeroDeValidacionesIncorrectas|Integer|false|false
14:37:23.0 (13956943)|HEAP_ALLOCATE|[68]|Bytes:4
14:37:23.0 (13963659)|VARIABLE_ASSIGNMENT|[68]|numeroDeValidacionesIncorrectas|0
14:37:23.0 (13966102)|STATEMENT_EXECUTE|[69]
14:37:23.0 (13968334)|HEAP_ALLOCATE|[69]|Bytes:4
14:37:23.14 (14015923)|CUMULATIVE_LIMIT_USAGE
14:37:23.14 (14015923)|LIMIT_USAGE_FOR_NS|(default)|
  Number of SOQL queries: 1 out of 100
  Number of query rows: 0 out of 50000
  Number of SOSL queries: 0 out of 20
  Number of DML statements: 0 out of 150
  Number of Publish Immediate DML: 0 out of 150
  Number of DML rows: 0 out of 10000
  Maximum CPU time: 0 out of 10000
  Maximum heap size: 0 out of 6000000
  Number of callouts: 0 out of 100
  Number of Email Invocations: 0 out of 10
  Number of future calls: 0 out of 50
  Number of queueable jobs added to the queue: 0 out of 50
  Number of Mobile Apex push calls: 0 out of 10

14:37:23.14 (14015923)|CUMULATIVE_LIMIT_USAGE_END

14:37:23.0 (14039576)|CODE_UNIT_FINISHED|validateQuestionsController.getValidationToday(String)
14:37:23.0 (14218568)|CODE_UNIT_FINISHED|apex://validateQuestionsController/ACTION$getValidationToday
14:37:23.0 (14224021)|EXECUTION_FINISHED
