66.0 APEX_CODE,FINEST;APEX_PROFILING,INFO;CALLOUT,INFO;DATA_ACCESS,INFO;DB,INFO;NBA,INFO;SYSTEM,DEBUG;VALIDATION,INFO;VISUALFORCE,INFO;WAVE,INFO;WORKFLOW,INFO
14:50:40.0 (136087)|USER_INFO|[EXTERNAL]|0051N000005gvau|etrevinofalabella@izeicg.com.uat|(GMT-06:00) Central Standard Time (America/Mexico_City)|GMT-06:00
14:50:40.0 (171030)|EXECUTION_STARTED
14:50:40.0 (180630)|CODE_UNIT_STARTED|[EXTERNAL]|apex://MicroServicioCustomerData/ACTION$consulta_Customer_Data
14:50:40.0 (1364963)|CODE_UNIT_STARTED|[EXTERNAL]|01p0v000003GxUV|MicroServicioCustomerData.consulta_Customer_Data(String)
14:50:40.0 (1544639)|HEAP_ALLOCATE|[95]|Bytes:3
14:50:40.0 (1618569)|HEAP_ALLOCATE|[100]|Bytes:152
14:50:40.0 (1634032)|HEAP_ALLOCATE|[417]|Bytes:408
14:50:40.0 (1645188)|HEAP_ALLOCATE|[430]|Bytes:408
14:50:40.0 (1666032)|HEAP_ALLOCATE|[317]|Bytes:6
14:50:40.0 (1686994)|VARIABLE_SCOPE_BEGIN|[20]|MicroServicioCustomerData.GETDATA|String|false|true
14:50:40.0 (1691859)|VARIABLE_SCOPE_BEGIN|[18]|MicroServicioCustomerData.POST|String|false|true
14:50:40.0 (1729637)|HEAP_ALLOCATE|[EXTERNAL]|Bytes:8
14:50:40.0 (1732732)|HEAP_ALLOCATE|[EXTERNAL]|Bytes:20
14:50:40.0 (1734616)|HEAP_ALLOCATE|[EXTERNAL]|Bytes:15
14:50:40.0 (1769866)|VARIABLE_ASSIGNMENT|[EXTERNAL]|MicroServicioCustomerData.GETDATA|"client/get/data"
14:50:40.0 (1772837)|HEAP_ALLOCATE|[EXTERNAL]|Bytes:4
14:50:40.0 (1776039)|VARIABLE_ASSIGNMENT|[EXTERNAL]|MicroServicioCustomerData.POST|"POST"
14:50:40.0 (1783581)|METHOD_ENTRY|[14]|01p0v000003GxUV|MicroServicioCustomerData.MicroServicioCustomerData()
14:50:40.0 (1789276)|STATEMENT_EXECUTE|[14]
14:50:40.0 (1795348)|STATEMENT_EXECUTE|[14]
14:50:40.0 (1798278)|METHOD_EXIT|[14]|MicroServicioCustomerData
14:50:40.0 (1801476)|HEAP_ALLOCATE|[EXTERNAL]|Bytes:18
14:50:40.0 (1806976)|VARIABLE_SCOPE_BEGIN|[67]|numeroDocumento|String|false|false
14:50:40.0 (1813438)|VARIABLE_ASSIGNMENT|[67]|numeroDocumento|"FERM900101MASRDI09"
14:50:40.0 (1821017)|STATEMENT_EXECUTE|[67]
14:50:40.0 (1822107)|STATEMENT_EXECUTE|[69]
14:50:40.0 (1840383)|HEAP_ALLOCATE|[69]|Bytes:4
14:50:40.0 (1852726)|VARIABLE_SCOPE_BEGIN|[69]|result|Map<String,ANY>|true|false
14:50:40.0 (1873288)|VARIABLE_ASSIGNMENT|[69]|result|{}|0x4c51f7b1
14:50:40.0 (1876521)|STATEMENT_EXECUTE|[71]
14:50:40.0 (1895404)|HEAP_ALLOCATE|[68]|Bytes:5
14:50:40.0 (1918474)|HEAP_ALLOCATE|[74]|Bytes:5
14:50:40.0 (1923139)|HEAP_ALLOCATE|[82]|Bytes:7
14:50:40.0 (1928631)|VARIABLE_SCOPE_BEGIN|[71]|success|Boolean|false|false
14:50:40.0 (1944340)|HEAP_ALLOCATE|[71]|Bytes:5
14:50:40.0 (1948728)|VARIABLE_ASSIGNMENT|[71]|success|false
14:50:40.0 (1950901)|STATEMENT_EXECUTE|[73]
14:50:40.0 (1955358)|HEAP_ALLOCATE|[73]|Bytes:4
14:50:40.0 (1959028)|VARIABLE_SCOPE_BEGIN|[73]|params|Map<String,String>|true|false
14:50:40.0 (1964531)|VARIABLE_ASSIGNMENT|[73]|params|{}|0x3557716c
14:50:40.0 (1967653)|STATEMENT_EXECUTE|[74]
14:50:40.0 (1969248)|HEAP_ALLOCATE|[74]|Bytes:15
14:50:40.0 (2020923)|HEAP_ALLOCATE|[EXTERNAL]|Bytes:-4
14:50:40.0 (2026861)|STATEMENT_EXECUTE|[75]
14:50:40.0 (2028251)|HEAP_ALLOCATE|[75]|Bytes:39
14:50:40.0 (2040586)|HEAP_ALLOCATE|[75]|Bytes:57
14:50:40.0 (2100277)|USER_DEBUG|[75]|DEBUG|Consulta CustomerData numeroDocumento: FERM900101MASRDI09
14:50:40.0 (2106312)|STATEMENT_EXECUTE|[77]
14:50:40.0 (2109552)|HEAP_ALLOCATE|[77]|Bytes:8
14:50:40.0 (2117202)|CONSTRUCTOR_ENTRY|[77]|01p0v000003GxUV|<init>()|MicroServicioCustomerData
14:50:40.0 (2128037)|VARIABLE_SCOPE_BEGIN|[22]|this|MicroServicioCustomerData|true|false
14:50:40.0 (2160936)|VARIABLE_ASSIGNMENT|[22]|this|{}|0x7e284252
14:50:40.0 (2164547)|STATEMENT_EXECUTE|[14]
14:50:40.0 (2165590)|STATEMENT_EXECUTE|[16]
14:50:40.0 (2168816)|HEAP_ALLOCATE|[24]|Bytes:6
14:50:40.0 (4342911)|STATEMENT_EXECUTE|[22]
14:50:40.0 (4345734)|STATEMENT_EXECUTE|[24]
14:50:40.0 (4423558)|HEAP_ALLOCATE|[24]|Bytes:76
14:50:40.0 (4443931)|HEAP_ALLOCATE|[24]|Bytes:76
14:50:40.0 (4449321)|HEAP_ALLOCATE|[24]|Bytes:1
14:50:40.0 (4466881)|HEAP_ALLOCATE|[24]|Bytes:25
14:50:40.0 (4472126)|VARIABLE_SCOPE_BEGIN|[24]|currentClassName|String|false|false
14:50:40.0 (4486054)|VARIABLE_ASSIGNMENT|[24]|currentClassName|"MicroServicioCustome (5 more) ..."
14:50:40.0 (4489112)|STATEMENT_EXECUTE|[26]
14:50:40.0 (4548842)|HEAP_ALLOCATE|[26]|Bytes:61
14:50:40.0 (4553412)|HEAP_ALLOCATE|[26]|Bytes:31
14:50:40.0 (4561967)|METHOD_ENTRY|[12]|01p0v000002OV5X|ClienteMicroServicios.ClienteMicroServicios()
14:50:40.0 (4564880)|STATEMENT_EXECUTE|[12]
14:50:40.0 (4568428)|STATEMENT_EXECUTE|[12]
14:50:40.0 (4571257)|METHOD_EXIT|[12]|ClienteMicroServicios
14:50:40.0 (4576403)|HEAP_ALLOCATE|[26]|Bytes:124
14:50:40.0 (4582897)|CONSTRUCTOR_ENTRY|[26]|01p0v000002OV5X|<init>()|ClienteMicroServicios
14:50:40.0 (4594547)|VARIABLE_SCOPE_BEGIN|[54]|this|ClienteMicroServicios|true|false
14:50:40.0 (4623522)|VARIABLE_ASSIGNMENT|[54]|this|{}|0x7bd3cb8f
14:50:40.0 (4627686)|STATEMENT_EXECUTE|[12]
14:50:40.0 (4628709)|STATEMENT_EXECUTE|[14]
14:50:40.0 (4630279)|HEAP_ALLOCATE|[14]|Bytes:23
14:50:40.0 (4639411)|VARIABLE_ASSIGNMENT|[14]|this.BASE_URL|"https://cmr-mx-busin (3 more) ..."|0x7bd3cb8f
14:50:40.0 (4642536)|STATEMENT_EXECUTE|[15]
14:50:40.0 (4643617)|HEAP_ALLOCATE|[15]|Bytes:23
14:50:40.0 (4647985)|VARIABLE_ASSIGNMENT|[15]|this.URI|".fif.tech/api/busine (3 more) ..."|0x7bd3cb8f
14:50:40.0 (4650667)|STATEMENT_EXECUTE|[17]
14:50:40.0 (4651637)|HEAP_ALLOCATE|[17]|Bytes:7
14:50:40.0 (4654872)|VARIABLE_ASSIGNMENT|[17]|this.BACKEND|"backend"|0x7bd3cb8f
14:50:40.0 (4657692)|STATEMENT_EXECUTE|[19]
14:50:40.0 (4659031)|HEAP_ALLOCATE|[19]|Bytes:16
14:50:40.0 (4662350)|VARIABLE_ASSIGNMENT|[19]|this.APP_JSON|"application/json"|0x7bd3cb8f
14:50:40.0 (4664832)|STATEMENT_EXECUTE|[20]
14:50:40.0 (4666093)|HEAP_ALLOCATE|[20]|Bytes:12
14:50:40.0 (4669172)|VARIABLE_ASSIGNMENT|[20]|this.CONT_TYPE|"Content-Type"|0x7bd3cb8f
14:50:40.0 (4671382)|STATEMENT_EXECUTE|[21]
14:50:40.0 (4674827)|HEAP_ALLOCATE|[21]|Bytes:4
14:50:40.0 (4680515)|VARIABLE_ASSIGNMENT|[21]|this.TIME_OUT|120000|0x7bd3cb8f
14:50:40.0 (4683177)|STATEMENT_EXECUTE|[22]
14:50:40.0 (4684397)|HEAP_ALLOCATE|[22]|Bytes:8
14:50:40.0 (4687562)|VARIABLE_ASSIGNMENT|[22]|this.endpoint|"products"|0x7bd3cb8f
14:50:40.0 (4689903)|STATEMENT_EXECUTE|[23]
14:50:40.0 (4691168)|HEAP_ALLOCATE|[23]|Bytes:4
14:50:40.0 (4694527)|VARIABLE_ASSIGNMENT|[23]|this.method|"POST"|0x7bd3cb8f
14:50:40.0 (4696740)|STATEMENT_EXECUTE|[24]
14:50:40.0 (4697930)|HEAP_ALLOCATE|[24]|Bytes:2
14:50:40.0 (4701193)|VARIABLE_ASSIGNMENT|[24]|this.version|"v1"|0x7bd3cb8f
14:50:40.0 (4703656)|STATEMENT_EXECUTE|[25]
14:50:40.0 (4704682)|HEAP_ALLOCATE|[25]|Bytes:14
14:50:40.0 (4708117)|VARIABLE_ASSIGNMENT|[25]|this.MDW_CS_CHANNEL|"mdw-cs-channel"|0x7bd3cb8f
14:50:40.0 (4710376)|STATEMENT_EXECUTE|[26]
14:50:40.0 (4711363)|HEAP_ALLOCATE|[26]|Bytes:15
14:50:40.0 (4714507)|VARIABLE_ASSIGNMENT|[26]|this.MDW_CS_COMMERCE|"mdw-cs-commerce"|0x7bd3cb8f
14:50:40.0 (4717000)|STATEMENT_EXECUTE|[27]
14:50:40.0 (4718049)|HEAP_ALLOCATE|[27]|Bytes:14
14:50:40.0 (4721232)|VARIABLE_ASSIGNMENT|[27]|this.MDW_CS_COUNTRY|"mdw-cs-country"|0x7bd3cb8f
14:50:40.0 (4723549)|STATEMENT_EXECUTE|[28]
14:50:40.0 (4724404)|HEAP_ALLOCATE|[28]|Bytes:11
14:50:40.0 (4727732)|VARIABLE_ASSIGNMENT|[28]|this.MDW_CS_DATE|"mdw-cs-date"|0x7bd3cb8f
14:50:40.0 (4730279)|STATEMENT_EXECUTE|[29]
14:50:40.0 (4731377)|HEAP_ALLOCATE|[29]|Bytes:11
14:50:40.0 (4734439)|VARIABLE_ASSIGNMENT|[29]|this.MDW_CS_HOUR|"mdw-cs-hour"|0x7bd3cb8f
14:50:40.0 (4736990)|STATEMENT_EXECUTE|[30]
14:50:40.0 (4737855)|STATEMENT_EXECUTE|[31]
14:50:40.0 (4738944)|HEAP_ALLOCATE|[31]|Bytes:7
14:50:40.0 (4742046)|VARIABLE_ASSIGNMENT|[31]|this.microServicio|"default"|0x7bd3cb8f
14:50:40.0 (4744766)|STATEMENT_EXECUTE|[34]
14:50:40.0 (4746111)|HEAP_ALLOCATE|[34]|Bytes:10
14:50:40.0 (4751496)|VARIABLE_ASSIGNMENT|[34]|this.GRANT_TYPE|"grant_type"|0x7bd3cb8f
14:50:40.0 (4753796)|STATEMENT_EXECUTE|[35]
14:50:40.0 (4755094)|HEAP_ALLOCATE|[35]|Bytes:8
14:50:40.0 (4758326)|VARIABLE_ASSIGNMENT|[35]|this.PASSWORD|"password"|0x7bd3cb8f
14:50:40.0 (4760866)|STATEMENT_EXECUTE|[36]
14:50:40.0 (4762018)|HEAP_ALLOCATE|[36]|Bytes:9
14:50:40.0 (4764926)|VARIABLE_ASSIGNMENT|[36]|this.CLIENT_ID|"client_id"|0x7bd3cb8f
14:50:40.0 (4767121)|STATEMENT_EXECUTE|[37]
14:50:40.0 (4768034)|HEAP_ALLOCATE|[37]|Bytes:13
14:50:40.0 (4771445)|VARIABLE_ASSIGNMENT|[37]|this.CLIENT_SECRET|"client_secret"|0x7bd3cb8f
14:50:40.0 (4773868)|STATEMENT_EXECUTE|[38]
14:50:40.0 (4774744)|HEAP_ALLOCATE|[38]|Bytes:13
14:50:40.0 (4778021)|VARIABLE_ASSIGNMENT|[38]|this.PROVISION_KEY|"provision_key"|0x7bd3cb8f
14:50:40.0 (4780267)|STATEMENT_EXECUTE|[39]
14:50:40.0 (4781154)|HEAP_ALLOCATE|[39]|Bytes:20
14:50:40.0 (4784516)|VARIABLE_ASSIGNMENT|[39]|this.AUTHENTICATED_USERID|"authenticated_userid"|0x7bd3cb8f
14:50:40.0 (4787031)|STATEMENT_EXECUTE|[40]
14:50:40.0 (4788300)|HEAP_ALLOCATE|[40]|Bytes:12
14:50:40.0 (4791218)|VARIABLE_ASSIGNMENT|[40]|this.AT|"access_token"|0x7bd3cb8f
14:50:40.0 (4793639)|STATEMENT_EXECUTE|[42]
14:50:40.0 (4795096)|HEAP_ALLOCATE|[42]|Bytes:13
14:50:40.0 (4797923)|VARIABLE_ASSIGNMENT|[42]|this.AUTH|"Authorization"|0x7bd3cb8f
14:50:40.0 (4800137)|STATEMENT_EXECUTE|[43]
14:50:40.0 (4801329)|HEAP_ALLOCATE|[43]|Bytes:6
14:50:40.0 (4804389)|VARIABLE_ASSIGNMENT|[43]|this.BEARER|"Bearer"|0x7bd3cb8f
14:50:40.0 (4806760)|STATEMENT_EXECUTE|[44]
14:50:40.0 (4807781)|HEAP_ALLOCATE|[44]|Bytes:12
14:50:40.0 (4811231)|VARIABLE_ASSIGNMENT|[44]|this.OAUTH|"oauth2/token"|0x7bd3cb8f
14:50:40.0 (4813456)|STATEMENT_EXECUTE|[47]
14:50:40.0 (4814439)|HEAP_ALLOCATE|[47]|Bytes:8
14:50:40.0 (4817566)|VARIABLE_ASSIGNMENT|[47]|this.SECCTION|"secction"|0x7bd3cb8f
14:50:40.0 (4819839)|STATEMENT_EXECUTE|[48]
14:50:40.0 (4820911)|HEAP_ALLOCATE|[48]|Bytes:10
14:50:40.0 (4823794)|VARIABLE_ASSIGNMENT|[48]|this.APIVERSION|"apiversion"|0x7bd3cb8f
14:50:40.0 (4826062)|STATEMENT_EXECUTE|[49]
14:50:40.0 (4827076)|HEAP_ALLOCATE|[49]|Bytes:5
14:50:40.0 (4830550)|VARIABLE_ASSIGNMENT|[49]|this.SCORETOKEN|"token"|0x7bd3cb8f
14:50:40.0 (4833109)|STATEMENT_EXECUTE|[52]
14:50:40.0 (4835711)|VARIABLE_ASSIGNMENT|[52]|this.access_token|""|0x7bd3cb8f
14:50:40.0 (4845289)|STATEMENT_EXECUTE|[54]
14:50:40.0 (4846382)|STATEMENT_EXECUTE|[55]
14:50:40.0 (4862869)|METHOD_ENTRY|[55]|01p0v000002OV5X|ClienteMicroServicios.setMicroServicio(String)
14:50:40.0 (4869991)|VARIABLE_SCOPE_BEGIN|[74]|this|ClienteMicroServicios|true|false
14:50:40.0 (4899623)|VARIABLE_ASSIGNMENT|[74]|this|{"access_token":"","APIVERSION":"apiversion","APP_JSON":"application/json","AT":"access_token","AUTH":"Authorization","AUTHENTICATED_USERID":"authenticated_userid","BACKEND":"backend","BASE_URL":"https://cmr-mx-busin (3 more) ...","BEARER":"Bearer","CLIENT_ID":"client_id","CLIENT_SECRET":"client_secret","CONT_TYPE":"Content-Type","endpoint":"products","GRANT_TYPE":"grant_type","MDW_CS_CHANNEL":"mdw-cs-channel","MDW_CS_COMMERCE":"mdw-cs-commerce","MDW_CS_COUNTRY":"mdw-cs-country","MDW_CS_DATE":"mdw-cs-date","MDW_CS_HOUR":"mdw-cs-hour","method":"POST","microServicio":"default","OAUTH":"oauth2/token","PASSWORD":"password","PROVISION_KEY":"provision_key","SCORETOKEN":"token","SECCTION":"secction","TIME_OUT":120000,"URI":".fif.tech/api/busine (3 more) ...","version":"v1"}|0x7bd3cb8f
14:50:40.0 (4907285)|VARIABLE_SCOPE_BEGIN|[74]|microServicio|String|false|false
14:50:40.0 (4911605)|VARIABLE_ASSIGNMENT|[74]|microServicio|"default"
14:50:40.0 (4915333)|STATEMENT_EXECUTE|[74]
14:50:40.0 (4916306)|STATEMENT_EXECUTE|[76]
14:50:40.0 (4920484)|VARIABLE_ASSIGNMENT|[76]|this.microServicio|"default"|0x7bd3cb8f
14:50:40.0 (4923216)|STATEMENT_EXECUTE|[77]
14:50:40.0 (4924484)|HEAP_ALLOCATE|[77]|Bytes:226
14:50:40.0 (4937321)|HEAP_ALLOCATE|[77]|Bytes:4
14:50:40.0 (4942926)|HEAP_ALLOCATE|[77]|Bytes:7
14:50:40.0 (5397221)|SOQL_EXECUTE_BEGIN|[77]|Aggregations:0|SELECT Ambiente__c, Channel__c, Commerce__c, Country__c, Client_ID__c, Client_Secret__c, Provision_Key__c, Authenticated_UserID__c, Section__c, Apiversion__c FROM Configuracion_Microservicio__mdt WHERE Label = :tmpVar1 LIMIT 1
14:50:40.0 (8786980)|SOQL_EXECUTE_END|[77]|Rows:1
14:50:40.0 (8817500)|HEAP_ALLOCATE|[77]|Bytes:8
14:50:40.0 (8839810)|HEAP_ALLOCATE|[77]|Bytes:277
14:50:40.0 (8954207)|HEAP_ALLOCATE|[77]|Bytes:8
14:50:40.0 (8969412)|HEAP_ALLOCATE|[77]|Bytes:58
14:50:40.0 (9033662)|HEAP_ALLOCATE|[77]|Bytes:40
14:50:40.0 (9119154)|VARIABLE_ASSIGNMENT|[77]|this.cm|{"Country__c":"MX","Client_Secret__c":"OTM5ZTgxMzIwNzI2ZGNl (12 more) ...","Ambiente__c":"qa","Authenticated_UserID__c":"0","Client_ID__c":"MTI3ZjBjNmE3NTg1ZTVm (12 more) ...","Id":"m080v0000000W1tAAE","Channel__c":"Web","Provision_Key__c":"MjU2NjIwMTFjYmJkZjJk (12 more) ...","Commerce__c":"CMR"}|0x7bd3cb8f
14:50:40.0 (9130324)|METHOD_EXIT|[55]|01p0v000002OV5X|ClienteMicroServicios.setMicroServicio(String)
14:50:40.0 (9137829)|CONSTRUCTOR_EXIT|[26]|01p0v000002OV5X|<init>()|ClienteMicroServicios
14:50:40.0 (9144150)|VARIABLE_ASSIGNMENT|[26]|this.cliente|0x7bd3cb8f|0x7e284252
14:50:40.0 (9149826)|STATEMENT_EXECUTE|[27]
14:50:40.0 (9167403)|METHOD_ENTRY|[27]|01p0v000002OV5X|ClienteMicroServicios.setMethod(String)
14:50:40.0 (9183939)|VARIABLE_SCOPE_BEGIN|[64]|this|ClienteMicroServicios|true|false
14:50:40.0 (9239120)|VARIABLE_ASSIGNMENT|[64]|this|{"access_token":"","APIVERSION":"apiversion","APP_JSON":"application/json","AT":"access_token","AUTH":"Authorization","AUTHENTICATED_USERID":"authenticated_userid","BACKEND":"backend","BASE_URL":"https://cmr-mx-busin (3 more) ...","BEARER":"Bearer","CLIENT_ID":"client_id","CLIENT_SECRET":"client_secret","cm":"0x497c22cb","CONT_TYPE":"Content-Type","endpoint":"products","GRANT_TYPE":"grant_type","MDW_CS_CHANNEL":"mdw-cs-channel","MDW_CS_COMMERCE":"mdw-cs-commerce","MDW_CS_COUNTRY":"mdw-cs-country","MDW_CS_DATE":"mdw-cs-date","MDW_CS_HOUR":"mdw-cs-hour","method":"POST","microServicio":"default","OAUTH":"oauth2/token","PASSWORD":"password","PROVISION_KEY":"provision_key","SCORETOKEN":"token","SECCTION":"secction","TIME_OUT":120000,"URI":".fif.tech/api/busine (3 more) ...","version":"v1"}|0x7bd3cb8f
14:50:40.0 (9246225)|VARIABLE_SCOPE_BEGIN|[64]|method|String|false|false
14:50:40.0 (9250422)|VARIABLE_ASSIGNMENT|[64]|method|"POST"
14:50:40.0 (9255413)|STATEMENT_EXECUTE|[64]
14:50:40.0 (9256527)|STATEMENT_EXECUTE|[66]
14:50:40.0 (9260210)|VARIABLE_ASSIGNMENT|[66]|this.method|"POST"|0x7bd3cb8f
14:50:40.0 (9264213)|METHOD_EXIT|[27]|01p0v000002OV5X|ClienteMicroServicios.setMethod(String)
14:50:40.0 (9266598)|STATEMENT_EXECUTE|[28]
14:50:40.0 (9271096)|METHOD_ENTRY|[28]|01p0v000002OV5X|ClienteMicroServicios.setEndpoint(String)
14:50:40.0 (9275841)|VARIABLE_SCOPE_BEGIN|[59]|this|ClienteMicroServicios|true|false
14:50:40.0 (9298593)|VARIABLE_ASSIGNMENT|[59]|this|{"access_token":"","APIVERSION":"apiversion","APP_JSON":"application/json","AT":"access_token","AUTH":"Authorization","AUTHENTICATED_USERID":"authenticated_userid","BACKEND":"backend","BASE_URL":"https://cmr-mx-busin (3 more) ...","BEARER":"Bearer","CLIENT_ID":"client_id","CLIENT_SECRET":"client_secret","cm":"0x497c22cb","CONT_TYPE":"Content-Type","endpoint":"products","GRANT_TYPE":"grant_type","MDW_CS_CHANNEL":"mdw-cs-channel","MDW_CS_COMMERCE":"mdw-cs-commerce","MDW_CS_COUNTRY":"mdw-cs-country","MDW_CS_DATE":"mdw-cs-date","MDW_CS_HOUR":"mdw-cs-hour","method":"POST","microServicio":"default","OAUTH":"oauth2/token","PASSWORD":"password","PROVISION_KEY":"provision_key","SCORETOKEN":"token","SECCTION":"secction","TIME_OUT":120000,"URI":".fif.tech/api/busine (3 more) ...","version":"v1"}|0x7bd3cb8f
14:50:40.0 (9305531)|VARIABLE_SCOPE_BEGIN|[59]|endpoint|String|false|false
14:50:40.0 (9309474)|VARIABLE_ASSIGNMENT|[59]|endpoint|"client/get/data"
14:50:40.0 (9312365)|STATEMENT_EXECUTE|[59]
14:50:40.0 (9313338)|STATEMENT_EXECUTE|[61]
14:50:40.0 (9316185)|VARIABLE_ASSIGNMENT|[61]|this.endpoint|"client/get/data"|0x7bd3cb8f
14:50:40.0 (9319423)|METHOD_EXIT|[28]|01p0v000002OV5X|ClienteMicroServicios.setEndpoint(String)
14:50:40.0 (9321812)|STATEMENT_EXECUTE|[29]
14:50:40.0 (9324818)|METHOD_ENTRY|[29]|01p0v000002OV5X|ClienteMicroServicios.setMicroServicio(String)
14:50:40.0 (9328776)|VARIABLE_SCOPE_BEGIN|[74]|this|ClienteMicroServicios|true|false
14:50:40.0 (9348336)|VARIABLE_ASSIGNMENT|[74]|this|{"access_token":"","APIVERSION":"apiversion","APP_JSON":"application/json","AT":"access_token","AUTH":"Authorization","AUTHENTICATED_USERID":"authenticated_userid","BACKEND":"backend","BASE_URL":"https://cmr-mx-busin (3 more) ...","BEARER":"Bearer","CLIENT_ID":"client_id","CLIENT_SECRET":"client_secret","cm":"0x497c22cb","CONT_TYPE":"Content-Type","endpoint":"client/get/data","GRANT_TYPE":"grant_type","MDW_CS_CHANNEL":"mdw-cs-channel","MDW_CS_COMMERCE":"mdw-cs-commerce","MDW_CS_COUNTRY":"mdw-cs-country","MDW_CS_DATE":"mdw-cs-date","MDW_CS_HOUR":"mdw-cs-hour","method":"POST","microServicio":"default","OAUTH":"oauth2/token","PASSWORD":"password","PROVISION_KEY":"provision_key","SCORETOKEN":"token","SECCTION":"secction","TIME_OUT":120000,"URI":".fif.tech/api/busine (3 more) ...","version":"v1"}|0x7bd3cb8f
14:50:40.0 (9354997)|VARIABLE_SCOPE_BEGIN|[74]|microServicio|String|false|false
14:50:40.0 (9359918)|VARIABLE_ASSIGNMENT|[74]|microServicio|"MicroServicioCustome (5 more) ..."
14:50:40.0 (9362723)|STATEMENT_EXECUTE|[74]
14:50:40.0 (9363523)|STATEMENT_EXECUTE|[76]
14:50:40.0 (9366433)|VARIABLE_ASSIGNMENT|[76]|this.microServicio|"MicroServicioCustome (5 more) ..."|0x7bd3cb8f
14:50:40.0 (9369002)|STATEMENT_EXECUTE|[77]
14:50:40.0 (9378753)|HEAP_ALLOCATE|[77]|Bytes:4
14:50:40.0 (9725920)|SOQL_EXECUTE_BEGIN|[77]|Aggregations:0|SELECT Ambiente__c, Channel__c, Commerce__c, Country__c, Client_ID__c, Client_Secret__c, Provision_Key__c, Authenticated_UserID__c, Section__c, Apiversion__c FROM Configuracion_Microservicio__mdt WHERE Label = :tmpVar1 LIMIT 1
14:50:40.0 (11697967)|SOQL_EXECUTE_END|[77]|Rows:1
14:50:40.0 (11719177)|HEAP_ALLOCATE|[77]|Bytes:8
14:50:40.0 (11736829)|HEAP_ALLOCATE|[77]|Bytes:277
14:50:40.0 (11769035)|HEAP_ALLOCATE|[77]|Bytes:8
14:50:40.0 (11789069)|HEAP_ALLOCATE|[77]|Bytes:40
14:50:40.0 (11860490)|VARIABLE_ASSIGNMENT|[77]|this.cm|{"Country__c":"MX","Client_Secret__c":"OTM5ZTgxMzIwNzI2ZGNl (12 more) ...","Ambiente__c":"qa","Authenticated_UserID__c":"0","Client_ID__c":"MTI3ZjBjNmE3NTg1ZTVm (12 more) ...","Id":"m080v0000004rRfAAI","Channel__c":"Web","Provision_Key__c":"NmM4Y2JkMDM0YjgwYWU3 (12 more) ...","Commerce__c":"CMR"}|0x7bd3cb8f
14:50:40.0 (11872303)|METHOD_EXIT|[29]|01p0v000002OV5X|ClienteMicroServicios.setMicroServicio(String)
14:50:40.0 (11877609)|STATEMENT_EXECUTE|[30]
14:50:40.0 (11890162)|METHOD_ENTRY|[30]|01p0v000002OV5X|ClienteMicroServicios.generarToken()
14:50:40.0 (11906543)|VARIABLE_SCOPE_BEGIN|[83]|this|ClienteMicroServicios|true|false
14:50:40.0 (11956034)|VARIABLE_ASSIGNMENT|[83]|this|{"access_token":"","APIVERSION":"apiversion","APP_JSON":"application/json","AT":"access_token","AUTH":"Authorization","AUTHENTICATED_USERID":"authenticated_userid","BACKEND":"backend","BASE_URL":"https://cmr-mx-busin (3 more) ...","BEARER":"Bearer","CLIENT_ID":"client_id","CLIENT_SECRET":"client_secret","cm":"0x6d421ebc","CONT_TYPE":"Content-Type","endpoint":"client/get/data","GRANT_TYPE":"grant_type","MDW_CS_CHANNEL":"mdw-cs-channel","MDW_CS_COMMERCE":"mdw-cs-commerce","MDW_CS_COUNTRY":"mdw-cs-country","MDW_CS_DATE":"mdw-cs-date","MDW_CS_HOUR":"mdw-cs-hour","method":"POST","microServicio":"MicroServicioCustome (5 more) ...","OAUTH":"oauth2/token","PASSWORD":"password","PROVISION_KEY":"provision_key","SCORETOKEN":"token","SECCTION":"secction","TIME_OUT":120000,"URI":".fif.tech/api/busine (3 more) ...","version":"v1"}|0x7bd3cb8f
14:50:40.0 (11966234)|STATEMENT_EXECUTE|[83]
14:50:40.0 (11967335)|STATEMENT_EXECUTE|[86]
14:50:40.0 (11976151)|HEAP_ALLOCATE|[86]|Bytes:4
14:50:40.0 (12060102)|VARIABLE_SCOPE_BEGIN|[86]|params|Map<String,String>|true|false
14:50:40.0 (12078166)|VARIABLE_ASSIGNMENT|[86]|params|{"grant_type":"password","client_id":"MTI3ZjBjNmE3NTg1ZTVm (12 more) ...","client_secret":"OTM5ZTgxMzIwNzI2ZGNl (12 more) ...","provision_key":"NmM4Y2JkMDM0YjgwYWU3 (12 more) ...","authenticated_userid":"0"}|0x7b4f8875
14:50:40.0 (12082201)|STATEMENT_EXECUTE|[92]
14:50:40.0 (12087485)|METHOD_ENTRY|[92]|01p0v000002OV5X|ClienteMicroServicios.obtenerURLENDPOINT()
14:50:40.0 (12093418)|VARIABLE_SCOPE_BEGIN|[115]|this|ClienteMicroServicios|true|false
14:50:40.0 (12121404)|VARIABLE_ASSIGNMENT|[115]|this|{"access_token":"","APIVERSION":"apiversion","APP_JSON":"application/json","AT":"access_token","AUTH":"Authorization","AUTHENTICATED_USERID":"authenticated_userid","BACKEND":"backend","BASE_URL":"https://cmr-mx-busin (3 more) ...","BEARER":"Bearer","CLIENT_ID":"client_id","CLIENT_SECRET":"client_secret","cm":"0x6d421ebc","CONT_TYPE":"Content-Type","endpoint":"client/get/data","GRANT_TYPE":"grant_type","MDW_CS_CHANNEL":"mdw-cs-channel","MDW_CS_COMMERCE":"mdw-cs-commerce","MDW_CS_COUNTRY":"mdw-cs-country","MDW_CS_DATE":"mdw-cs-date","MDW_CS_HOUR":"mdw-cs-hour","method":"POST","microServicio":"MicroServicioCustome (5 more) ...","OAUTH":"oauth2/token","PASSWORD":"password","PROVISION_KEY":"provision_key","SCORETOKEN":"token","SECCTION":"secction","TIME_OUT":120000,"URI":".fif.tech/api/busine (3 more) ...","version":"v1"}|0x7bd3cb8f
14:50:40.0 (12129122)|STATEMENT_EXECUTE|[115]
14:50:40.0 (12130217)|STATEMENT_EXECUTE|[117]
14:50:40.0 (12132879)|VARIABLE_SCOPE_BEGIN|[117]|url|String|false|false
14:50:40.0 (12137971)|VARIABLE_ASSIGNMENT|[117]|url|""
14:50:40.0 (12140295)|STATEMENT_EXECUTE|[118]
14:50:40.0 (12142247)|HEAP_ALLOCATE|[118]|Bytes:1
14:50:40.0 (12156493)|HEAP_ALLOCATE|[118]|Bytes:3
14:50:40.0 (12159100)|VARIABLE_SCOPE_BEGIN|[118]|Enviroment|String|false|false
14:50:40.0 (12163635)|VARIABLE_ASSIGNMENT|[118]|Enviroment|"-qa"
14:50:40.0 (12168546)|STATEMENT_EXECUTE|[120]
14:50:40.0 (12169379)|STATEMENT_EXECUTE|[122]
14:50:40.0 (12171272)|HEAP_ALLOCATE|[122]|Bytes:1
14:50:40.0 (12178965)|HEAP_ALLOCATE|[122]|Bytes:59
14:50:40.0 (12181593)|HEAP_ALLOCATE|[122]|Bytes:16
14:50:40.0 (12183590)|HEAP_ALLOCATE|[122]|Bytes:75
14:50:40.0 (12187027)|VARIABLE_ASSIGNMENT|[122]|url|"https://cmr-mx-busin (55 more) ..."
14:50:40.0 (12190007)|STATEMENT_EXECUTE|[129]
14:50:40.0 (12193585)|METHOD_EXIT|[92]|01p0v000002OV5X|ClienteMicroServicios.obtenerURLENDPOINT()
14:50:40.0 (12199509)|HEAP_ALLOCATE|[92]|Bytes:88
14:50:40.0 (12201628)|VARIABLE_SCOPE_BEGIN|[92]|url|String|false|false
14:50:40.0 (12206070)|VARIABLE_ASSIGNMENT|[92]|url|"https://cmr-mx-busin (68 more) ..."
14:50:40.0 (12208213)|STATEMENT_EXECUTE|[94]
14:50:40.0 (12212670)|METHOD_ENTRY|[94]|01p0v000002OV5X|ClienteMicroServicios.crearRequest(Map<String,String>)
14:50:40.0 (12218222)|VARIABLE_SCOPE_BEGIN|[132]|this|ClienteMicroServicios|true|false
14:50:40.0 (12240602)|VARIABLE_ASSIGNMENT|[132]|this|{"access_token":"","APIVERSION":"apiversion","APP_JSON":"application/json","AT":"access_token","AUTH":"Authorization","AUTHENTICATED_USERID":"authenticated_userid","BACKEND":"backend","BASE_URL":"https://cmr-mx-busin (3 more) ...","BEARER":"Bearer","CLIENT_ID":"client_id","CLIENT_SECRET":"client_secret","cm":"0x6d421ebc","CONT_TYPE":"Content-Type","endpoint":"client/get/data","GRANT_TYPE":"grant_type","MDW_CS_CHANNEL":"mdw-cs-channel","MDW_CS_COMMERCE":"mdw-cs-commerce","MDW_CS_COUNTRY":"mdw-cs-country","MDW_CS_DATE":"mdw-cs-date","MDW_CS_HOUR":"mdw-cs-hour","method":"POST","microServicio":"MicroServicioCustome (5 more) ...","OAUTH":"oauth2/token","PASSWORD":"password","PROVISION_KEY":"provision_key","SCORETOKEN":"token","SECCTION":"secction","TIME_OUT":120000,"URI":".fif.tech/api/busine (3 more) ...","version":"v1"}|0x7bd3cb8f
14:50:40.0 (12248123)|VARIABLE_SCOPE_BEGIN|[132]|params|Map<String,String>|true|false
14:50:40.0 (12255766)|VARIABLE_ASSIGNMENT|[132]|params|{"grant_type":"password","client_id":"MTI3ZjBjNmE3NTg1ZTVm (12 more) ...","client_secret":"OTM5ZTgxMzIwNzI2ZGNl (12 more) ...","provision_key":"NmM4Y2JkMDM0YjgwYWU3 (12 more) ...","authenticated_userid":"0"}|0x7b4f8875
14:50:40.0 (12262226)|STATEMENT_EXECUTE|[132]
14:50:40.0 (12263205)|STATEMENT_EXECUTE|[134]
14:50:40.0 (12287122)|VARIABLE_SCOPE_BEGIN|[134]|http|System.Http|true|false
14:50:40.0 (12445172)|VARIABLE_ASSIGNMENT|[134]|http|"System.Http[]"|0x4d7e7e27
14:50:40.0 (12448979)|STATEMENT_EXECUTE|[135]
14:50:40.0 (12458301)|VARIABLE_SCOPE_BEGIN|[135]|req|System.HttpRequest|true|false
14:50:40.0 (12488481)|VARIABLE_ASSIGNMENT|[135]|req|"System.HttpRequest[Endpoint=null, Method=null]"|0x5177c0d0
14:50:40.0 (12491826)|STATEMENT_EXECUTE|[136]
14:50:40.0 (12529592)|HEAP_ALLOCATE|[136]|Bytes:24
14:50:40.0 (12538527)|SYSTEM_METHOD_ENTRY|[1]|JSON.JSON()
14:50:40.0 (12540629)|STATEMENT_EXECUTE|[1]
14:50:40.0 (12546966)|SYSTEM_METHOD_EXIT|[1]|JSON
14:50:40.0 (12552032)|METHOD_ENTRY|[136]||System.JSON.serialize(Object)
14:50:40.0 (12944561)|METHOD_EXIT|[136]||System.JSON.serialize(Object)
14:50:40.0 (13003604)|STATEMENT_EXECUTE|[138]
14:50:40.0 (13011369)|METHOD_ENTRY|[138]|01p0v000002OV5X|ClienteMicroServicios.crearRequest_v1_v2(System.HttpRequest)
14:50:40.0 (13019548)|VARIABLE_SCOPE_BEGIN|[181]|this|ClienteMicroServicios|true|false
14:50:40.0 (13057896)|VARIABLE_ASSIGNMENT|[181]|this|{"access_token":"","APIVERSION":"apiversion","APP_JSON":"application/json","AT":"access_token","AUTH":"Authorization","AUTHENTICATED_USERID":"authenticated_userid","BACKEND":"backend","BASE_URL":"https://cmr-mx-busin (3 more) ...","BEARER":"Bearer","CLIENT_ID":"client_id","CLIENT_SECRET":"client_secret","cm":"0x6d421ebc","CONT_TYPE":"Content-Type","endpoint":"client/get/data","GRANT_TYPE":"grant_type","MDW_CS_CHANNEL":"mdw-cs-channel","MDW_CS_COMMERCE":"mdw-cs-commerce","MDW_CS_COUNTRY":"mdw-cs-country","MDW_CS_DATE":"mdw-cs-date","MDW_CS_HOUR":"mdw-cs-hour","method":"POST","microServicio":"MicroServicioCustome (5 more) ...","OAUTH":"oauth2/token","PASSWORD":"password","PROVISION_KEY":"provision_key","SCORETOKEN":"token","SECCTION":"secction","TIME_OUT":120000,"URI":".fif.tech/api/busine (3 more) ...","version":"v1"}|0x7bd3cb8f
14:50:40.0 (13065790)|VARIABLE_SCOPE_BEGIN|[181]|req|System.HttpRequest|true|false
14:50:40.0 (13107511)|VARIABLE_ASSIGNMENT|[181]|req|"System.HttpRequest[Endpoint=null, Method=null]"|0x5177c0d0
14:50:40.0 (13112663)|STATEMENT_EXECUTE|[181]
14:50:40.0 (13113748)|STATEMENT_EXECUTE|[183]
14:50:40.0 (13118853)|METHOD_ENTRY|[183]|01p0v000002OV5X|ClienteMicroServicios.obtenerURLENDPOINT()
14:50:40.0 (13124915)|VARIABLE_SCOPE_BEGIN|[115]|this|ClienteMicroServicios|true|false
14:50:40.0 (13147237)|VARIABLE_ASSIGNMENT|[115]|this|{"access_token":"","APIVERSION":"apiversion","APP_JSON":"application/json","AT":"access_token","AUTH":"Authorization","AUTHENTICATED_USERID":"authenticated_userid","BACKEND":"backend","BASE_URL":"https://cmr-mx-busin (3 more) ...","BEARER":"Bearer","CLIENT_ID":"client_id","CLIENT_SECRET":"client_secret","cm":"0x6d421ebc","CONT_TYPE":"Content-Type","endpoint":"client/get/data","GRANT_TYPE":"grant_type","MDW_CS_CHANNEL":"mdw-cs-channel","MDW_CS_COMMERCE":"mdw-cs-commerce","MDW_CS_COUNTRY":"mdw-cs-country","MDW_CS_DATE":"mdw-cs-date","MDW_CS_HOUR":"mdw-cs-hour","method":"POST","microServicio":"MicroServicioCustome (5 more) ...","OAUTH":"oauth2/token","PASSWORD":"password","PROVISION_KEY":"provision_key","SCORETOKEN":"token","SECCTION":"secction","TIME_OUT":120000,"URI":".fif.tech/api/busine (3 more) ...","version":"v1"}|0x7bd3cb8f
14:50:40.0 (13155273)|STATEMENT_EXECUTE|[115]
14:50:40.0 (13156259)|STATEMENT_EXECUTE|[117]
14:50:40.0 (13158331)|VARIABLE_SCOPE_BEGIN|[117]|url|String|false|false
14:50:40.0 (13163128)|VARIABLE_ASSIGNMENT|[117]|url|""
14:50:40.0 (13165116)|STATEMENT_EXECUTE|[118]
14:50:40.0 (13174314)|HEAP_ALLOCATE|[118]|Bytes:3
14:50:40.0 (13177793)|VARIABLE_SCOPE_BEGIN|[118]|Enviroment|String|false|false
14:50:40.0 (13182425)|VARIABLE_ASSIGNMENT|[118]|Enviroment|"-qa"
14:50:40.0 (13185858)|STATEMENT_EXECUTE|[120]
14:50:40.0 (13186688)|STATEMENT_EXECUTE|[122]
14:50:40.0 (13189946)|HEAP_ALLOCATE|[122]|Bytes:59
14:50:40.0 (13192378)|HEAP_ALLOCATE|[122]|Bytes:16
14:50:40.0 (13194358)|HEAP_ALLOCATE|[122]|Bytes:75
14:50:40.0 (13197898)|VARIABLE_ASSIGNMENT|[122]|url|"https://cmr-mx-busin (55 more) ..."
14:50:40.0 (13200511)|STATEMENT_EXECUTE|[129]
14:50:40.0 (13202607)|METHOD_EXIT|[183]|01p0v000002OV5X|ClienteMicroServicios.obtenerURLENDPOINT()
14:50:40.0 (13205176)|VARIABLE_SCOPE_BEGIN|[183]|url|String|false|false
14:50:40.0 (13209566)|VARIABLE_ASSIGNMENT|[183]|url|"https://cmr-mx-busin (55 more) ..."
14:50:40.0 (13211589)|STATEMENT_EXECUTE|[185]
14:50:40.0 (13235733)|VARIABLE_SCOPE_BEGIN|[185]|strChannel|String|false|false
14:50:40.0 (13240531)|VARIABLE_ASSIGNMENT|[185]|strChannel|"Web"
14:50:40.0 (13242424)|STATEMENT_EXECUTE|[186]
14:50:40.0 (13247359)|VARIABLE_SCOPE_BEGIN|[186]|strCommerce|String|false|false
14:50:40.0 (13251383)|VARIABLE_ASSIGNMENT|[186]|strCommerce|"CMR"
14:50:40.0 (13253418)|STATEMENT_EXECUTE|[187]
14:50:40.0 (13257841)|VARIABLE_SCOPE_BEGIN|[187]|strCountry|String|false|false
14:50:40.0 (13261899)|VARIABLE_ASSIGNMENT|[187]|strCountry|"MX"
14:50:40.0 (13263893)|STATEMENT_EXECUTE|[189]
14:50:40.0 (13284638)|STATEMENT_EXECUTE|[190]
14:50:40.0 (13292444)|STATEMENT_EXECUTE|[191]
14:50:40.0 (13304432)|STATEMENT_EXECUTE|[192]
14:50:40.0 (13317093)|STATEMENT_EXECUTE|[193]
14:50:40.0 (13324080)|STATEMENT_EXECUTE|[194]
14:50:40.0 (13330309)|STATEMENT_EXECUTE|[195]
14:50:40.0 (13360647)|STATEMENT_EXECUTE|[197]
14:50:40.0 (13361695)|STATEMENT_EXECUTE|[202]
14:50:40.0 (13366475)|METHOD_ENTRY|[202]|01p0v000002OV5X|ClienteMicroServicios.imprimirRequest(System.HttpRequest)
14:50:40.0 (13371541)|VARIABLE_SCOPE_BEGIN|[215]|this|ClienteMicroServicios|true|false
14:50:40.0 (13397250)|VARIABLE_ASSIGNMENT|[215]|this|{"access_token":"","APIVERSION":"apiversion","APP_JSON":"application/json","AT":"access_token","AUTH":"Authorization","AUTHENTICATED_USERID":"authenticated_userid","BACKEND":"backend","BASE_URL":"https://cmr-mx-busin (3 more) ...","BEARER":"Bearer","CLIENT_ID":"client_id","CLIENT_SECRET":"client_secret","cm":"0x6d421ebc","CONT_TYPE":"Content-Type","endpoint":"client/get/data","GRANT_TYPE":"grant_type","MDW_CS_CHANNEL":"mdw-cs-channel","MDW_CS_COMMERCE":"mdw-cs-commerce","MDW_CS_COUNTRY":"mdw-cs-country","MDW_CS_DATE":"mdw-cs-date","MDW_CS_HOUR":"mdw-cs-hour","method":"POST","microServicio":"MicroServicioCustome (5 more) ...","OAUTH":"oauth2/token","PASSWORD":"password","PROVISION_KEY":"provision_key","SCORETOKEN":"token","SECCTION":"secction","TIME_OUT":120000,"URI":".fif.tech/api/busine (3 more) ...","version":"v1"}|0x7bd3cb8f
14:50:40.0 (13404813)|VARIABLE_SCOPE_BEGIN|[215]|req|System.HttpRequest|true|false
14:50:40.0 (13433696)|VARIABLE_ASSIGNMENT|[215]|req|"System.HttpRequest[Endpoint=https://cmr-mx-business-qa.fif.tech/api/business/v1/backend/client/get/data, Method=POST]"|0x5177c0d0
14:50:40.0 (13437555)|STATEMENT_EXECUTE|[215]
14:50:40.0 (13438545)|STATEMENT_EXECUTE|[217]
14:50:40.0 (13440062)|HEAP_ALLOCATE|[217]|Bytes:5
14:50:40.0 (13454240)|HEAP_ALLOCATE|[217]|Bytes:117
14:50:40.0 (13459480)|HEAP_ALLOCATE|[217]|Bytes:122
14:50:40.0 (13469810)|USER_DEBUG|[217]|DEBUG|REQ: System.HttpRequest[Endpoint=https://cmr-mx-business-qa.fif.tech/api/business/v1/backend/client/get/data, Method=POST]
14:50:40.0 (13488262)|STATEMENT_EXECUTE|[218]
14:50:40.0 (13489925)|HEAP_ALLOCATE|[218]|Bytes:30
14:50:40.0 (13507622)|HEAP_ALLOCATE|[218]|Bytes:16
14:50:40.0 (13512232)|HEAP_ALLOCATE|[218]|Bytes:46
14:50:40.0 (13515584)|USER_DEBUG|[218]|DEBUG|req.getHeader(Content-Type):  application/json
14:50:40.0 (13519055)|STATEMENT_EXECUTE|[219]
14:50:40.0 (13519992)|HEAP_ALLOCATE|[219]|Bytes:32
14:50:40.0 (13527971)|HEAP_ALLOCATE|[219]|Bytes:3
14:50:40.0 (13530770)|HEAP_ALLOCATE|[219]|Bytes:35
14:50:40.0 (13533620)|USER_DEBUG|[219]|DEBUG|req.getHeader(mdw-cs-channel):  Web
14:50:40.0 (13536706)|STATEMENT_EXECUTE|[220]
14:50:40.0 (13537687)|HEAP_ALLOCATE|[220]|Bytes:33
14:50:40.0 (13542868)|HEAP_ALLOCATE|[220]|Bytes:3
14:50:40.0 (13545597)|HEAP_ALLOCATE|[220]|Bytes:36
14:50:40.0 (13548584)|USER_DEBUG|[220]|DEBUG|req.getHeader(mdw-cs-commerce):  CMR
14:50:40.0 (13551577)|STATEMENT_EXECUTE|[221]
14:50:40.0 (13552492)|HEAP_ALLOCATE|[221]|Bytes:32
14:50:40.0 (13558010)|HEAP_ALLOCATE|[221]|Bytes:2
14:50:40.0 (13561155)|HEAP_ALLOCATE|[221]|Bytes:34
14:50:40.0 (13564132)|USER_DEBUG|[221]|DEBUG|req.getHeader(mdw-cs-country):  MX
14:50:40.0 (13567305)|STATEMENT_EXECUTE|[222]
14:50:40.0 (13568252)|HEAP_ALLOCATE|[222]|Bytes:16
14:50:40.0 (13587936)|HEAP_ALLOCATE|[222]|Bytes:201
14:50:40.0 (13591054)|HEAP_ALLOCATE|[222]|Bytes:217
14:50:40.0 (13594160)|USER_DEBUG|[222]|DEBUG|req.getBody():  {"authenticated_userid":"0","provision_key":"NmM4Y2JkMDM0YjgwYWU3OWZlNjE1YWY1","client_secret":"OTM5ZTgxMzIwNzI2ZGNlYmFhNzU0ZmY2","client_id":"MTI3ZjBjNmE3NTg1ZTVmOTY2NzYwYzQy","grant_type":"password"}
14:50:40.0 (13599556)|METHOD_EXIT|[202]|01p0v000002OV5X|ClienteMicroServicios.imprimirRequest(System.HttpRequest)
14:50:40.0 (13601911)|STATEMENT_EXECUTE|[204]
14:50:40.0 (13603766)|METHOD_EXIT|[138]|01p0v000002OV5X|ClienteMicroServicios.crearRequest_v1_v2(System.HttpRequest)
14:50:40.0 (13606981)|METHOD_EXIT|[94]|01p0v000002OV5X|ClienteMicroServicios.crearRequest(Map<String,String>)
14:50:40.0 (13609796)|VARIABLE_SCOPE_BEGIN|[94]|req|System.HttpRequest|true|false
14:50:40.0 (13634251)|VARIABLE_ASSIGNMENT|[94]|req|"System.HttpRequest[Endpoint=https://cmr-mx-business-qa.fif.tech/api/business/v1/backend/client/get/data, Method=POST]"|0x5177c0d0
14:50:40.0 (13637469)|STATEMENT_EXECUTE|[95]
14:50:40.0 (13641832)|VARIABLE_SCOPE_BEGIN|[95]|res|System.HttpResponse|true|false
14:50:40.0 (13646739)|VARIABLE_ASSIGNMENT|[95]|res|null|
14:50:40.0 (13648886)|STATEMENT_EXECUTE|[97]
14:50:40.0 (13688546)|HEAP_ALLOCATE|[98]|Bytes:118
14:50:40.0 (13696956)|SYSTEM_METHOD_ENTRY|[1]|Test.Test()
14:50:40.0 (13698834)|STATEMENT_EXECUTE|[1]
14:50:40.0 (13703574)|SYSTEM_METHOD_EXIT|[1]|Test
14:50:40.0 (13707139)|METHOD_ENTRY|[98]||System.Test.isRunningTest()
14:50:40.0 (13722860)|METHOD_EXIT|[98]||System.Test.isRunningTest()
14:50:40.0 (13727539)|STATEMENT_EXECUTE|[98]
14:50:40.0 (13728580)|STATEMENT_EXECUTE|[99]
14:50:40.0 (13733239)|METHOD_ENTRY|[99]|01p0v000002OV5X|ClienteMicroServicios.enviarRequest(System.HttpRequest)
14:50:40.0 (13737873)|VARIABLE_SCOPE_BEGIN|[225]|this|ClienteMicroServicios|true|false
14:50:40.0 (13766191)|VARIABLE_ASSIGNMENT|[225]|this|{"access_token":"","APIVERSION":"apiversion","APP_JSON":"application/json","AT":"access_token","AUTH":"Authorization","AUTHENTICATED_USERID":"authenticated_userid","BACKEND":"backend","BASE_URL":"https://cmr-mx-busin (3 more) ...","BEARER":"Bearer","CLIENT_ID":"client_id","CLIENT_SECRET":"client_secret","cm":"0x6d421ebc","CONT_TYPE":"Content-Type","endpoint":"client/get/data","GRANT_TYPE":"grant_type","MDW_CS_CHANNEL":"mdw-cs-channel","MDW_CS_COMMERCE":"mdw-cs-commerce","MDW_CS_COUNTRY":"mdw-cs-country","MDW_CS_DATE":"mdw-cs-date","MDW_CS_HOUR":"mdw-cs-hour","method":"POST","microServicio":"MicroServicioCustome (5 more) ...","OAUTH":"oauth2/token","PASSWORD":"password","PROVISION_KEY":"provision_key","SCORETOKEN":"token","SECCTION":"secction","TIME_OUT":120000,"URI":".fif.tech/api/busine (3 more) ...","version":"v1"}|0x7bd3cb8f
14:50:40.0 (13773351)|VARIABLE_SCOPE_BEGIN|[225]|req|System.HttpRequest|true|false
14:50:40.0 (13796709)|VARIABLE_ASSIGNMENT|[225]|req|"System.HttpRequest[Endpoint=https://cmr-mx-business-qa.fif.tech/api/business/v1/backend/client/get/data/oauth2/token, Method=POST]"|0x5177c0d0
14:50:40.0 (13800808)|STATEMENT_EXECUTE|[225]
14:50:40.0 (13801681)|STATEMENT_EXECUTE|[227]
14:50:40.0 (13811712)|VARIABLE_SCOPE_BEGIN|[227]|http|System.Http|true|false
14:50:40.0 (13835810)|VARIABLE_ASSIGNMENT|[227]|http|"System.Http[]"|0x2bb6aa7e
14:50:40.0 (13838680)|STATEMENT_EXECUTE|[228]
14:50:40.0 (13892819)|CALLOUT_REQUEST|[228]|System.HttpRequest[Endpoint=https://cmr-mx-business-qa.fif.tech/api/business/v1/backend/client/get/data/oauth2/token, Method=POST]
14:50:40.0 (158750491)|HEAP_ALLOCATE|[EXTERNAL]|Bytes:990
14:50:40.0 (159889578)|CALLOUT_RESPONSE|[228]|System.HttpResponse[Status=OK, StatusCode=200]
14:50:40.0 (159925325)|HEAP_ALLOCATE|[228]|Bytes:146
14:50:40.0 (159959957)|METHOD_EXIT|[99]|01p0v000002OV5X|ClienteMicroServicios.enviarRequest(System.HttpRequest)
14:50:40.0 (160039793)|VARIABLE_ASSIGNMENT|[99]|res|"System.HttpResponse[Status=OK, StatusCode=200]"|0x3a1b107e
14:50:40.0 (160054687)|STATEMENT_EXECUTE|[108]
14:50:40.0 (160150027)|HEAP_ALLOCATE|[108]|Bytes:140
14:50:40.0 (160267272)|HEAP_ALLOCATE|[108]|Bytes:5
14:50:40.0 (160272586)|HEAP_ALLOCATE|[108]|Bytes:2
14:50:40.0 (160285148)|METHOD_ENTRY|[5]|01p0v000003GpM8|oAuthJSON.oAuthJSON()
14:50:40.0 (160288671)|STATEMENT_EXECUTE|[5]
14:50:40.0 (160294016)|STATEMENT_EXECUTE|[5]
14:50:40.0 (160294952)|STATEMENT_EXECUTE|[7]
14:50:40.0 (160301121)|METHOD_EXIT|[5]|oAuthJSON
14:50:40.0 (160310016)|METHOD_ENTRY|[108]|01p0v000003GpM8|oAuthJSON.parse(String)
14:50:40.0 (160316534)|VARIABLE_SCOPE_BEGIN|[15]|json|String|false|false
14:50:40.0 (160329969)|VARIABLE_ASSIGNMENT|[15]|json|"{\"expires_in\":60,\"ac (120 more) ..."
14:50:40.0 (160336284)|STATEMENT_EXECUTE|[15]
14:50:40.0 (160337343)|STATEMENT_EXECUTE|[16]
14:50:40.0 (160341004)|HEAP_ALLOCATE|[16]|Bytes:15
14:50:40.0 (160490914)|HEAP_ALLOCATE|[16]|Bytes:33
14:50:40.0 (160500532)|SYSTEM_METHOD_ENTRY|[1]|Type.Type()
14:50:40.0 (160503084)|STATEMENT_EXECUTE|[1]
14:50:40.0 (160509796)|SYSTEM_METHOD_EXIT|[1]|Type
14:50:40.0 (160518555)|HEAP_ALLOCATE|[16]|Bytes:8
14:50:40.0 (160538398)|HEAP_ALLOCATE|[16]|Bytes:8
14:50:40.0 (160542106)|VARIABLE_SCOPE_BEGIN|[4]|this|System.Type|true|false
14:50:40.0 (160573248)|VARIABLE_ASSIGNMENT|[4]|this|{}|0x48de8159
14:50:40.0 (160576878)|VARIABLE_SCOPE_BEGIN|[4]|apextype|java:common.apex.runtime.ApexObjectType|true|false
14:50:40.0 (160647499)|VARIABLE_ASSIGNMENT|[4]|apextype|"oAuthJSON.oAuth"|0x224a0783
14:50:40.0 (160682899)|HEAP_ALLOCATE|[16]|Bytes:8
14:50:40.0 (160693718)|METHOD_ENTRY|[16]||System.JSON.deserialize(String, System.Type)
14:50:40.0 (160880896)|METHOD_EXIT|[16]||System.JSON.deserialize(String, System.Type)
14:50:40.0 (160888263)|METHOD_EXIT|[108]|01p0v000003GpM8|oAuthJSON.parse(String)
14:50:40.0 (160891633)|VARIABLE_SCOPE_BEGIN|[108]|result|oAuthJSON.oAuth|true|false
14:50:40.0 (160915253)|VARIABLE_ASSIGNMENT|[108]|result|{"access_token":"qUhTuwoR00C4M3ZlVmYO (12 more) ...","expires_in":60,"refresh_token":"JTQcMNHt8BntaHvXr69S (12 more) ...","token_type":"bearer"}|0x79e0563d
14:50:40.0 (160920261)|STATEMENT_EXECUTE|[110]
14:50:40.0 (160922476)|HEAP_ALLOCATE|[110]|Bytes:10
14:50:40.0 (160954413)|HEAP_ALLOCATE|[110]|Bytes:140
14:50:40.0 (160966321)|HEAP_ALLOCATE|[110]|Bytes:150
14:50:40.0 (160978476)|USER_DEBUG|[110]|DEBUG|res token {"expires_in":60,"access_token":"qUhTuwoR00C4M3ZlVmYOV8zdJcvmVKH0","refresh_token":"JTQcMNHt8BntaHvXr69StdXOQI0YxslB","token_type":"bearer"}
14:50:40.0 (160983836)|STATEMENT_EXECUTE|[112]
14:50:40.0 (160989597)|VARIABLE_ASSIGNMENT|[112]|this.access_token|"qUhTuwoR00C4M3ZlVmYO (12 more) ..."|0x7bd3cb8f
14:50:40.0 (160994225)|METHOD_EXIT|[30]|01p0v000002OV5X|ClienteMicroServicios.generarToken()
14:50:40.0 (161000144)|CONSTRUCTOR_EXIT|[77]|01p0v000003GxUV|<init>()|MicroServicioCustomerData
14:50:40.0 (161005152)|VARIABLE_SCOPE_BEGIN|[77]|CustomerData|MicroServicioCustomerData|true|false
14:50:40.0 (161014932)|VARIABLE_ASSIGNMENT|[77]|CustomerData|{"cliente":"0x7bd3cb8f"}|0x7e284252
14:50:40.0 (161018166)|STATEMENT_EXECUTE|[78]
14:50:40.0 (161019707)|HEAP_ALLOCATE|[78]|Bytes:14
14:50:40.0 (161212816)|HEAP_ALLOCATE|[78]|Bytes:1123
14:50:40.0 (161221019)|HEAP_ALLOCATE|[78]|Bytes:1137
14:50:40.0 (161225671)|USER_DEBUG|[78]|DEBUG|CustomerData: MicroServicioCustomerData:[GETDATA=client/get/data, POST=POST, cliente=ClienteMicroServicios:[APIVERSION=apiversion, APP_JSON=application/json, AT=access_token, AUTH=Authorization, AUTHENTICATED_USERID=authenticated_userid, BACKEND=backend, BASE_URL=https://cmr-mx-business, BEARER=Bearer, CLIENT_ID=client_id, CLIENT_SECRET=client_secret, CONT_TYPE=Content-Type, GRANT_TYPE=grant_type, MDW_CS_CHANNEL=mdw-cs-channel, MDW_CS_COMMERCE=mdw-cs-commerce, MDW_CS_COUNTRY=mdw-cs-country, MDW_CS_DATE=mdw-cs-date, MDW_CS_HOUR=mdw-cs-hour, OAUTH=oauth2/token, PASSWORD=password, PROVISION_KEY=provision_key, SCORETOKEN=token, SECCTION=secction, TIME_OUT=120000, URI=.fif.tech/api/business/, access_token=qUhTuwoR00C4M3ZlVmYOV8zdJcvmVKH0, cm=Configuracion_Microservicio__mdt:{Ambiente__c=qa, Channel__c=Web, Commerce__c=CMR, Country__c=MX, Client_ID__c=MTI3ZjBjNmE3NTg1ZTVmOTY2NzYwYzQy, Client_Secret__c=OTM5ZTgxMzIwNzI2ZGNlYmFhNzU0ZmY2, Provision_Key__c=NmM4Y2JkMDM0YjgwYWU3OWZlNjE1YWY1, Authenticated_UserID__c=0, Id=m080v0000004rRfAAI}, endpoint=client/get/data, method=POST, microServicio=MicroServicioCustomerData, version=v1]]
14:50:40.0 (161236267)|STATEMENT_EXECUTE|[80]
14:50:40.0 (161244191)|METHOD_ENTRY|[80]|01p0v000003GxUV|MicroServicioCustomerData.obtenerCustomerData(Map<String,String>)
14:50:40.0 (161251155)|VARIABLE_SCOPE_BEGIN|[33]|this|MicroServicioCustomerData|true|false
14:50:40.0 (161260377)|VARIABLE_ASSIGNMENT|[33]|this|{"cliente":"0x7bd3cb8f"}|0x7e284252
14:50:40.0 (161263475)|VARIABLE_SCOPE_BEGIN|[33]|params|Map<String,String>|true|false
14:50:40.0 (161278580)|VARIABLE_ASSIGNMENT|[33]|params|{"numeroDocumento":"FERM900101MASRDI09"}|0x3557716c
14:50:40.0 (161283389)|STATEMENT_EXECUTE|[33]
14:50:40.0 (161284442)|STATEMENT_EXECUTE|[35]
14:50:40.0 (161346787)|HEAP_ALLOCATE|[35]|Bytes:1123
14:50:40.0 (161399970)|HEAP_ALLOCATE|[35]|Bytes:1123
14:50:40.0 (161417071)|HEAP_ALLOCATE|[35]|Bytes:25
14:50:40.0 (161421152)|VARIABLE_SCOPE_BEGIN|[35]|currentClassName|String|false|false
14:50:40.0 (161427428)|VARIABLE_ASSIGNMENT|[35]|currentClassName|"MicroServicioCustome (5 more) ..."
14:50:40.0 (161429991)|STATEMENT_EXECUTE|[36]
14:50:40.0 (161433087)|VARIABLE_SCOPE_BEGIN|[36]|res|System.HttpResponse|true|false
14:50:40.0 (161437800)|VARIABLE_ASSIGNMENT|[36]|res|null|
14:50:40.0 (161440066)|STATEMENT_EXECUTE|[37]
14:50:40.0 (161446874)|METHOD_ENTRY|[37]|01p0v000002OV5X|ClienteMicroServicios.crearRequest(Map<String,String>)
14:50:40.0 (161451936)|VARIABLE_SCOPE_BEGIN|[132]|this|ClienteMicroServicios|true|false
14:50:40.0 (161497057)|VARIABLE_ASSIGNMENT|[132]|this|{"access_token":"qUhTuwoR00C4M3ZlVmYO (12 more) ...","APIVERSION":"apiversion","APP_JSON":"application/json","AT":"access_token","AUTH":"Authorization","AUTHENTICATED_USERID":"authenticated_userid","BACKEND":"backend","BASE_URL":"https://cmr-mx-busin (3 more) ...","BEARER":"Bearer","CLIENT_ID":"client_id","CLIENT_SECRET":"client_secret","cm":"0x6d421ebc","CONT_TYPE":"Content-Type","endpoint":"client/get/data","GRANT_TYPE":"grant_type","MDW_CS_CHANNEL":"mdw-cs-channel","MDW_CS_COMMERCE":"mdw-cs-commerce","MDW_CS_COUNTRY":"mdw-cs-country","MDW_CS_DATE":"mdw-cs-date","MDW_CS_HOUR":"mdw-cs-hour","method":"POST","microServicio":"MicroServicioCustome (5 more) ...","OAUTH":"oauth2/token","PASSWORD":"password","PROVISION_KEY":"provision_key","SCORETOKEN":"token","SECCTION":"secction","TIME_OUT":120000,"URI":".fif.tech/api/busine (3 more) ...","version":"v1"}|0x7bd3cb8f
14:50:40.0 (161505284)|VARIABLE_SCOPE_BEGIN|[132]|params|Map<String,String>|true|false
14:50:40.0 (161511098)|VARIABLE_ASSIGNMENT|[132]|params|{"numeroDocumento":"FERM900101MASRDI09"}|0x3557716c
14:50:40.0 (161515359)|STATEMENT_EXECUTE|[132]
14:50:40.0 (161516411)|STATEMENT_EXECUTE|[134]
14:50:40.0 (161529348)|VARIABLE_SCOPE_BEGIN|[134]|http|System.Http|true|false
14:50:40.0 (161599926)|VARIABLE_ASSIGNMENT|[134]|http|"System.Http[]"|0x364c5d1f
14:50:40.0 (161603411)|STATEMENT_EXECUTE|[135]
14:50:40.0 (161608365)|VARIABLE_SCOPE_BEGIN|[135]|req|System.HttpRequest|true|false
14:50:40.0 (161630855)|VARIABLE_ASSIGNMENT|[135]|req|"System.HttpRequest[Endpoint=null, Method=null]"|0x54b63348
14:50:40.0 (161633914)|STATEMENT_EXECUTE|[136]
14:50:40.0 (161638215)|METHOD_ENTRY|[136]||System.JSON.serialize(Object)
14:50:40.0 (162321424)|METHOD_EXIT|[136]||System.JSON.serialize(Object)
14:50:40.0 (162403807)|STATEMENT_EXECUTE|[138]
14:50:40.0 (162414762)|METHOD_ENTRY|[138]|01p0v000002OV5X|ClienteMicroServicios.crearRequest_v1_v2(System.HttpRequest)
14:50:40.0 (162423024)|VARIABLE_SCOPE_BEGIN|[181]|this|ClienteMicroServicios|true|false
14:50:40.0 (162498237)|VARIABLE_ASSIGNMENT|[181]|this|{"access_token":"qUhTuwoR00C4M3ZlVmYO (12 more) ...","APIVERSION":"apiversion","APP_JSON":"application/json","AT":"access_token","AUTH":"Authorization","AUTHENTICATED_USERID":"authenticated_userid","BACKEND":"backend","BASE_URL":"https://cmr-mx-busin (3 more) ...","BEARER":"Bearer","CLIENT_ID":"client_id","CLIENT_SECRET":"client_secret","cm":"0x6d421ebc","CONT_TYPE":"Content-Type","endpoint":"client/get/data","GRANT_TYPE":"grant_type","MDW_CS_CHANNEL":"mdw-cs-channel","MDW_CS_COMMERCE":"mdw-cs-commerce","MDW_CS_COUNTRY":"mdw-cs-country","MDW_CS_DATE":"mdw-cs-date","MDW_CS_HOUR":"mdw-cs-hour","method":"POST","microServicio":"MicroServicioCustome (5 more) ...","OAUTH":"oauth2/token","PASSWORD":"password","PROVISION_KEY":"provision_key","SCORETOKEN":"token","SECCTION":"secction","TIME_OUT":120000,"URI":".fif.tech/api/busine (3 more) ...","version":"v1"}|0x7bd3cb8f
14:50:40.0 (162506982)|VARIABLE_SCOPE_BEGIN|[181]|req|System.HttpRequest|true|false
14:50:40.0 (162579755)|VARIABLE_ASSIGNMENT|[181]|req|"System.HttpRequest[Endpoint=null, Method=null]"|0x54b63348
14:50:40.0 (162586271)|STATEMENT_EXECUTE|[181]
14:50:40.0 (162587387)|STATEMENT_EXECUTE|[183]
14:50:40.0 (162591852)|METHOD_ENTRY|[183]|01p0v000002OV5X|ClienteMicroServicios.obtenerURLENDPOINT()
14:50:40.0 (162595292)|VARIABLE_SCOPE_BEGIN|[115]|this|ClienteMicroServicios|true|false
14:50:40.0 (162621092)|VARIABLE_ASSIGNMENT|[115]|this|{"access_token":"qUhTuwoR00C4M3ZlVmYO (12 more) ...","APIVERSION":"apiversion","APP_JSON":"application/json","AT":"access_token","AUTH":"Authorization","AUTHENTICATED_USERID":"authenticated_userid","BACKEND":"backend","BASE_URL":"https://cmr-mx-busin (3 more) ...","BEARER":"Bearer","CLIENT_ID":"client_id","CLIENT_SECRET":"client_secret","cm":"0x6d421ebc","CONT_TYPE":"Content-Type","endpoint":"client/get/data","GRANT_TYPE":"grant_type","MDW_CS_CHANNEL":"mdw-cs-channel","MDW_CS_COMMERCE":"mdw-cs-commerce","MDW_CS_COUNTRY":"mdw-cs-country","MDW_CS_DATE":"mdw-cs-date","MDW_CS_HOUR":"mdw-cs-hour","method":"POST","microServicio":"MicroServicioCustome (5 more) ...","OAUTH":"oauth2/token","PASSWORD":"password","PROVISION_KEY":"provision_key","SCORETOKEN":"token","SECCTION":"secction","TIME_OUT":120000,"URI":".fif.tech/api/busine (3 more) ...","version":"v1"}|0x7bd3cb8f
14:50:40.0 (162629442)|STATEMENT_EXECUTE|[115]
14:50:40.0 (162630319)|STATEMENT_EXECUTE|[117]
14:50:40.0 (162634492)|VARIABLE_SCOPE_BEGIN|[117]|url|String|false|false
14:50:40.0 (162641255)|VARIABLE_ASSIGNMENT|[117]|url|""
14:50:40.0 (162643439)|STATEMENT_EXECUTE|[118]
14:50:40.0 (162665091)|HEAP_ALLOCATE|[118]|Bytes:3
14:50:40.0 (162670364)|VARIABLE_SCOPE_BEGIN|[118]|Enviroment|String|false|false
14:50:40.0 (162675050)|VARIABLE_ASSIGNMENT|[118]|Enviroment|"-qa"
14:50:40.0 (162679105)|STATEMENT_EXECUTE|[120]
14:50:40.0 (162679950)|STATEMENT_EXECUTE|[122]
14:50:40.0 (162685444)|HEAP_ALLOCATE|[122]|Bytes:59
14:50:40.0 (162688180)|HEAP_ALLOCATE|[122]|Bytes:16
14:50:40.0 (162690116)|HEAP_ALLOCATE|[122]|Bytes:75
14:50:40.0 (162693316)|VARIABLE_ASSIGNMENT|[122]|url|"https://cmr-mx-busin (55 more) ..."
14:50:40.0 (162696121)|STATEMENT_EXECUTE|[129]
14:50:40.0 (162698474)|METHOD_EXIT|[183]|01p0v000002OV5X|ClienteMicroServicios.obtenerURLENDPOINT()
14:50:40.0 (162700956)|VARIABLE_SCOPE_BEGIN|[183]|url|String|false|false
14:50:40.0 (162705048)|VARIABLE_ASSIGNMENT|[183]|url|"https://cmr-mx-busin (55 more) ..."
14:50:40.0 (162707499)|STATEMENT_EXECUTE|[185]
14:50:40.0 (162711861)|VARIABLE_SCOPE_BEGIN|[185]|strChannel|String|false|false
14:50:40.0 (162716247)|VARIABLE_ASSIGNMENT|[185]|strChannel|"Web"
14:50:40.0 (162718106)|STATEMENT_EXECUTE|[186]
14:50:40.0 (162720776)|VARIABLE_SCOPE_BEGIN|[186]|strCommerce|String|false|false
14:50:40.0 (162725001)|VARIABLE_ASSIGNMENT|[186]|strCommerce|"CMR"
14:50:40.0 (162727075)|STATEMENT_EXECUTE|[187]
14:50:40.0 (162730425)|VARIABLE_SCOPE_BEGIN|[187]|strCountry|String|false|false
14:50:40.0 (162734320)|VARIABLE_ASSIGNMENT|[187]|strCountry|"MX"
14:50:40.0 (162736333)|STATEMENT_EXECUTE|[189]
14:50:40.0 (162745416)|STATEMENT_EXECUTE|[190]
14:50:40.0 (162750899)|STATEMENT_EXECUTE|[191]
14:50:40.0 (162757286)|STATEMENT_EXECUTE|[192]
14:50:40.0 (162767241)|STATEMENT_EXECUTE|[193]
14:50:40.0 (162771547)|STATEMENT_EXECUTE|[194]
14:50:40.0 (162775585)|STATEMENT_EXECUTE|[195]
14:50:40.0 (162797481)|STATEMENT_EXECUTE|[197]
14:50:40.0 (162798336)|STATEMENT_EXECUTE|[199]
14:50:40.0 (162800546)|HEAP_ALLOCATE|[199]|Bytes:1
14:50:40.0 (162807511)|HEAP_ALLOCATE|[199]|Bytes:39
14:50:40.0 (162851880)|STATEMENT_EXECUTE|[202]
14:50:40.0 (162856881)|METHOD_ENTRY|[202]|01p0v000002OV5X|ClienteMicroServicios.imprimirRequest(System.HttpRequest)
14:50:40.0 (162861874)|VARIABLE_SCOPE_BEGIN|[215]|this|ClienteMicroServicios|true|false
14:50:40.0 (162901075)|VARIABLE_ASSIGNMENT|[215]|this|{"access_token":"qUhTuwoR00C4M3ZlVmYO (12 more) ...","APIVERSION":"apiversion","APP_JSON":"application/json","AT":"access_token","AUTH":"Authorization","AUTHENTICATED_USERID":"authenticated_userid","BACKEND":"backend","BASE_URL":"https://cmr-mx-busin (3 more) ...","BEARER":"Bearer","CLIENT_ID":"client_id","CLIENT_SECRET":"client_secret","cm":"0x6d421ebc","CONT_TYPE":"Content-Type","endpoint":"client/get/data","GRANT_TYPE":"grant_type","MDW_CS_CHANNEL":"mdw-cs-channel","MDW_CS_COMMERCE":"mdw-cs-commerce","MDW_CS_COUNTRY":"mdw-cs-country","MDW_CS_DATE":"mdw-cs-date","MDW_CS_HOUR":"mdw-cs-hour","method":"POST","microServicio":"MicroServicioCustome (5 more) ...","OAUTH":"oauth2/token","PASSWORD":"password","PROVISION_KEY":"provision_key","SCORETOKEN":"token","SECCTION":"secction","TIME_OUT":120000,"URI":".fif.tech/api/busine (3 more) ...","version":"v1"}|0x7bd3cb8f
14:50:40.0 (162912724)|VARIABLE_SCOPE_BEGIN|[215]|req|System.HttpRequest|true|false
14:50:40.0 (162973256)|VARIABLE_ASSIGNMENT|[215]|req|"System.HttpRequest[Endpoint=https://cmr-mx-business-qa.fif.tech/api/business/v1/backend/client/get/data, Method=POST]"|0x54b63348
14:50:40.0 (162981970)|STATEMENT_EXECUTE|[215]
14:50:40.0 (162983355)|STATEMENT_EXECUTE|[217]
14:50:40.0 (162997560)|HEAP_ALLOCATE|[217]|Bytes:117
14:50:40.0 (163007073)|HEAP_ALLOCATE|[217]|Bytes:122
14:50:40.0 (163019627)|USER_DEBUG|[217]|DEBUG|REQ: System.HttpRequest[Endpoint=https://cmr-mx-business-qa.fif.tech/api/business/v1/backend/client/get/data, Method=POST]
14:50:40.0 (163026725)|STATEMENT_EXECUTE|[218]
14:50:40.0 (163039760)|HEAP_ALLOCATE|[218]|Bytes:16
14:50:40.0 (163044917)|HEAP_ALLOCATE|[218]|Bytes:46
14:50:40.0 (163049950)|USER_DEBUG|[218]|DEBUG|req.getHeader(Content-Type):  application/json
14:50:40.0 (163055052)|STATEMENT_EXECUTE|[219]
14:50:40.0 (163059868)|HEAP_ALLOCATE|[219]|Bytes:3
14:50:40.0 (163064127)|HEAP_ALLOCATE|[219]|Bytes:35
14:50:40.0 (163069071)|USER_DEBUG|[219]|DEBUG|req.getHeader(mdw-cs-channel):  Web
14:50:40.0 (163074393)|STATEMENT_EXECUTE|[220]
14:50:40.0 (163079406)|HEAP_ALLOCATE|[220]|Bytes:3
14:50:40.0 (163084154)|HEAP_ALLOCATE|[220]|Bytes:36
14:50:40.0 (163088943)|USER_DEBUG|[220]|DEBUG|req.getHeader(mdw-cs-commerce):  CMR
14:50:40.0 (163093944)|STATEMENT_EXECUTE|[221]
14:50:40.0 (163098856)|HEAP_ALLOCATE|[221]|Bytes:2
14:50:40.0 (163103631)|HEAP_ALLOCATE|[221]|Bytes:34
14:50:40.0 (163108283)|USER_DEBUG|[221]|DEBUG|req.getHeader(mdw-cs-country):  MX
14:50:40.0 (163113457)|STATEMENT_EXECUTE|[222]
14:50:40.0 (163126781)|HEAP_ALLOCATE|[222]|Bytes:40
14:50:40.0 (163131645)|HEAP_ALLOCATE|[222]|Bytes:56
14:50:40.0 (163136022)|USER_DEBUG|[222]|DEBUG|req.getBody():  {"numeroDocumento":"FERM900101MASRDI09"}
14:50:40.0 (163143945)|METHOD_EXIT|[202]|01p0v000002OV5X|ClienteMicroServicios.imprimirRequest(System.HttpRequest)
14:50:40.0 (163147960)|STATEMENT_EXECUTE|[204]
14:50:40.0 (163150900)|METHOD_EXIT|[138]|01p0v000002OV5X|ClienteMicroServicios.crearRequest_v1_v2(System.HttpRequest)
14:50:40.0 (163157173)|METHOD_EXIT|[37]|01p0v000002OV5X|ClienteMicroServicios.crearRequest(Map<String,String>)
14:50:40.0 (163163289)|VARIABLE_SCOPE_BEGIN|[37]|req|System.HttpRequest|true|false
14:50:40.0 (163214149)|VARIABLE_ASSIGNMENT|[37]|req|"System.HttpRequest[Endpoint=https://cmr-mx-business-qa.fif.tech/api/business/v1/backend/client/get/data, Method=POST]"|0x54b63348
14:50:40.0 (163220179)|STATEMENT_EXECUTE|[38]
14:50:40.0 (163224377)|VARIABLE_SCOPE_BEGIN|[38]|isSuccess|Boolean|false|false
14:50:40.0 (163236707)|HEAP_ALLOCATE|[38]|Bytes:5
14:50:40.0 (163242243)|VARIABLE_ASSIGNMENT|[38]|isSuccess|false
14:50:40.0 (163245479)|STATEMENT_EXECUTE|[39]
14:50:40.0 (163320212)|VARIABLE_SCOPE_BEGIN|[39]|result|CustomerDataJSON|true|false
14:50:40.0 (163327399)|VARIABLE_ASSIGNMENT|[39]|result|null|
14:50:40.0 (163330974)|STATEMENT_EXECUTE|[40]
14:50:40.0 (163333586)|HEAP_ALLOCATE|[40]|Bytes:4
14:50:40.0 (163369103)|HEAP_ALLOCATE|[40]|Bytes:117
14:50:40.0 (163376708)|HEAP_ALLOCATE|[40]|Bytes:121
14:50:40.0 (163384402)|USER_DEBUG|[40]|DEBUG|req System.HttpRequest[Endpoint=https://cmr-mx-business-qa.fif.tech/api/business/v1/backend/client/get/data, Method=POST]
14:50:40.0 (163388257)|STATEMENT_EXECUTE|[42]
14:50:40.0 (163389156)|STATEMENT_EXECUTE|[42]
14:50:40.0 (163391432)|STATEMENT_EXECUTE|[43]
14:50:40.0 (163393382)|VARIABLE_SCOPE_BEGIN|[43]|i|Integer|false|false
14:50:40.0 (163397829)|HEAP_ALLOCATE|[43]|Bytes:4
14:50:40.0 (163401406)|VARIABLE_ASSIGNMENT|[43]|i|0
14:50:40.0 (163408515)|STATEMENT_EXECUTE|[43]
14:50:40.0 (163409678)|STATEMENT_EXECUTE|[44]
14:50:40.0 (163424073)|METHOD_ENTRY|[44]|01p0v000002OV5X|ClienteMicroServicios.enviarRequest(System.HttpRequest)
14:50:40.0 (163432333)|VARIABLE_SCOPE_BEGIN|[225]|this|ClienteMicroServicios|true|false
14:50:40.0 (163478973)|VARIABLE_ASSIGNMENT|[225]|this|{"access_token":"qUhTuwoR00C4M3ZlVmYO (12 more) ...","APIVERSION":"apiversion","APP_JSON":"application/json","AT":"access_token","AUTH":"Authorization","AUTHENTICATED_USERID":"authenticated_userid","BACKEND":"backend","BASE_URL":"https://cmr-mx-busin (3 more) ...","BEARER":"Bearer","CLIENT_ID":"client_id","CLIENT_SECRET":"client_secret","cm":"0x6d421ebc","CONT_TYPE":"Content-Type","endpoint":"client/get/data","GRANT_TYPE":"grant_type","MDW_CS_CHANNEL":"mdw-cs-channel","MDW_CS_COMMERCE":"mdw-cs-commerce","MDW_CS_COUNTRY":"mdw-cs-country","MDW_CS_DATE":"mdw-cs-date","MDW_CS_HOUR":"mdw-cs-hour","method":"POST","microServicio":"MicroServicioCustome (5 more) ...","OAUTH":"oauth2/token","PASSWORD":"password","PROVISION_KEY":"provision_key","SCORETOKEN":"token","SECCTION":"secction","TIME_OUT":120000,"URI":".fif.tech/api/busine (3 more) ...","version":"v1"}|0x7bd3cb8f
14:50:40.0 (163486683)|VARIABLE_SCOPE_BEGIN|[225]|req|System.HttpRequest|true|false
14:50:40.0 (163520654)|VARIABLE_ASSIGNMENT|[225]|req|"System.HttpRequest[Endpoint=https://cmr-mx-business-qa.fif.tech/api/business/v1/backend/client/get/data, Method=POST]"|0x54b63348
14:50:40.0 (163526302)|STATEMENT_EXECUTE|[225]
14:50:40.0 (163527192)|STATEMENT_EXECUTE|[227]
14:50:40.0 (163537520)|VARIABLE_SCOPE_BEGIN|[227]|http|System.Http|true|false
14:50:40.0 (163565186)|VARIABLE_ASSIGNMENT|[227]|http|"System.Http[]"|0x13f45656
14:50:40.0 (163569982)|STATEMENT_EXECUTE|[228]
14:50:40.0 (163610747)|CALLOUT_REQUEST|[228]|System.HttpRequest[Endpoint=https://cmr-mx-business-qa.fif.tech/api/business/v1/backend/client/get/data, Method=POST]
14:50:40.0 (759741654)|HEAP_ALLOCATE|[EXTERNAL]|Bytes:1016
14:50:40.0 (761248745)|CALLOUT_RESPONSE|[228]|System.HttpResponse[Status=OK, StatusCode=200]
14:50:40.0 (761286578)|HEAP_ALLOCATE|[228]|Bytes:150
14:50:40.0 (761330884)|METHOD_EXIT|[44]|01p0v000002OV5X|ClienteMicroServicios.enviarRequest(System.HttpRequest)
14:50:40.0 (761421258)|VARIABLE_ASSIGNMENT|[44]|res|"System.HttpResponse[Status=OK, StatusCode=200]"|0x553e5f84
14:50:40.0 (761517237)|STATEMENT_EXECUTE|[45]
14:50:40.0 (761519563)|STATEMENT_EXECUTE|[47]
14:50:40.0 (761533292)|HEAP_ALLOCATE|[47]|Bytes:5
14:50:40.0 (761544923)|VARIABLE_ASSIGNMENT|[47]|isSuccess|true
14:50:40.0 (761548733)|STATEMENT_EXECUTE|[47]
14:50:40.0 (761554150)|STATEMENT_EXECUTE|[50]
14:50:40.0 (761560303)|HEAP_ALLOCATE|[50]|Bytes:4
14:50:40.0 (761600096)|HEAP_ALLOCATE|[50]|Bytes:143
14:50:40.0 (761621866)|HEAP_ALLOCATE|[50]|Bytes:147
14:50:40.0 (761647157)|USER_DEBUG|[50]|DEBUG|res {"code":"ok","message":{"estadoOperacion":{"codigoOperacion":"00","glosaOperacion":"No se encontraron datos para los criterios de selección"}}}
14:50:40.0 (761675258)|HEAP_ALLOCATE|[53]|Bytes:143
14:50:40.0 (761752065)|HEAP_ALLOCATE|[53]|Bytes:7
14:50:40.0 (761755462)|HEAP_ALLOCATE|[53]|Bytes:14
14:50:40.0 (761758150)|HEAP_ALLOCATE|[53]|Bytes:18
14:50:40.0 (761760676)|HEAP_ALLOCATE|[53]|Bytes:18
14:50:40.0 (761763049)|HEAP_ALLOCATE|[53]|Bytes:21
14:50:40.0 (761765555)|HEAP_ALLOCATE|[53]|Bytes:60
14:50:40.0 (761770131)|HEAP_ALLOCATE|[53]|Bytes:28
14:50:40.0 (761814077)|HEAP_ALLOCATE|[53]|Bytes:5
14:50:40.0 (761836656)|VARIABLE_SCOPE_BEGIN|[53]|s|String|false|false
14:50:40.0 (761849777)|VARIABLE_ASSIGNMENT|[53]|s|"{\"code\""
14:50:40.0 (761854890)|STATEMENT_EXECUTE|[53]
14:50:40.0 (761856623)|STATEMENT_EXECUTE|[54]
14:50:40.0 (761859029)|HEAP_ALLOCATE|[54]|Bytes:2
14:50:40.0 (761863915)|HEAP_ALLOCATE|[54]|Bytes:9
14:50:40.0 (761915720)|USER_DEBUG|[54]|DEBUG|s {"code"
14:50:40.0 (761926825)|HEAP_ALLOCATE|[53]|Bytes:5
14:50:40.0 (761934221)|VARIABLE_SCOPE_BEGIN|[53]|s|String|false|false
14:50:40.0 (761942613)|VARIABLE_ASSIGNMENT|[53]|s|"\"ok\",\"message\""
14:50:40.0 (761946080)|STATEMENT_EXECUTE|[53]
14:50:40.0 (761947525)|STATEMENT_EXECUTE|[54]
14:50:40.0 (761950433)|HEAP_ALLOCATE|[54]|Bytes:16
14:50:40.0 (761956179)|USER_DEBUG|[54]|DEBUG|s "ok","message"
14:50:40.0 (761964595)|HEAP_ALLOCATE|[53]|Bytes:5
14:50:40.0 (761970842)|VARIABLE_SCOPE_BEGIN|[53]|s|String|false|false
14:50:40.0 (761978068)|VARIABLE_ASSIGNMENT|[53]|s|"{\"estadoOperacion\""
14:50:40.0 (761981635)|STATEMENT_EXECUTE|[53]
14:50:40.0 (761983274)|STATEMENT_EXECUTE|[54]
14:50:40.0 (761985520)|HEAP_ALLOCATE|[54]|Bytes:20
14:50:40.0 (761990406)|USER_DEBUG|[54]|DEBUG|s {"estadoOperacion"
14:50:40.0 (761997875)|HEAP_ALLOCATE|[53]|Bytes:5
14:50:40.0 (762004039)|VARIABLE_SCOPE_BEGIN|[53]|s|String|false|false
14:50:40.0 (762011489)|VARIABLE_ASSIGNMENT|[53]|s|"{\"codigoOperacion\""
14:50:40.0 (762014670)|STATEMENT_EXECUTE|[53]
14:50:40.0 (762016092)|STATEMENT_EXECUTE|[54]
14:50:40.0 (762018186)|HEAP_ALLOCATE|[54]|Bytes:20
14:50:40.0 (762023047)|USER_DEBUG|[54]|DEBUG|s {"codigoOperacion"
14:50:40.0 (762030815)|HEAP_ALLOCATE|[53]|Bytes:5
14:50:40.0 (762036818)|VARIABLE_SCOPE_BEGIN|[53]|s|String|false|false
14:50:40.0 (762045188)|VARIABLE_ASSIGNMENT|[53]|s|"\"00\",\"glosaOperacion (1 more) ..."
14:50:40.0 (762048676)|STATEMENT_EXECUTE|[53]
14:50:40.0 (762050087)|STATEMENT_EXECUTE|[54]
14:50:40.0 (762052246)|HEAP_ALLOCATE|[54]|Bytes:23
14:50:40.0 (762056973)|USER_DEBUG|[54]|DEBUG|s "00","glosaOperacion"
14:50:40.0 (762096511)|HEAP_ALLOCATE|[53]|Bytes:5
14:50:40.0 (762103658)|VARIABLE_SCOPE_BEGIN|[53]|s|String|false|false
14:50:40.0 (762111994)|VARIABLE_ASSIGNMENT|[53]|s|"\"No se encontraron d (40 more) ..."
14:50:40.0 (762115435)|STATEMENT_EXECUTE|[53]
14:50:40.0 (762116965)|STATEMENT_EXECUTE|[54]
14:50:40.0 (762119334)|HEAP_ALLOCATE|[54]|Bytes:62
14:50:40.0 (762124503)|USER_DEBUG|[54]|DEBUG|s "No se encontraron datos para los criterios de selección"}}}
14:50:40.0 (762133084)|HEAP_ALLOCATE|[53]|Bytes:5
14:50:40.0 (762142075)|VARIABLE_ASSIGNMENT|[53]|s|null
14:50:40.0 (762147219)|STATEMENT_EXECUTE|[56]
14:50:40.0 (762148827)|STATEMENT_EXECUTE|[56]
14:50:40.0 (762171705)|HEAP_ALLOCATE|[56]|Bytes:143
14:50:40.0 (762188775)|HEAP_ALLOCATE|[56]|Bytes:107
14:50:40.0 (762197322)|HEAP_ALLOCATE|[56]|Bytes:2
14:50:40.0 (762211845)|METHOD_ENTRY|[14]|01p0v000003GxUU|CustomerDataJSON.CustomerDataJSON()
14:50:40.0 (762216276)|STATEMENT_EXECUTE|[14]
14:50:40.0 (762222156)|STATEMENT_EXECUTE|[14]
14:50:40.0 (762223910)|STATEMENT_EXECUTE|[19]
14:50:40.0 (762225655)|STATEMENT_EXECUTE|[24]
14:50:40.0 (762227303)|STATEMENT_EXECUTE|[28]
14:50:40.0 (762228928)|STATEMENT_EXECUTE|[37]
14:50:40.0 (762230611)|STATEMENT_EXECUTE|[41]
14:50:40.0 (762232211)|STATEMENT_EXECUTE|[46]
14:50:40.0 (762233775)|STATEMENT_EXECUTE|[50]
14:50:40.0 (762235244)|STATEMENT_EXECUTE|[57]
14:50:40.0 (762242153)|METHOD_EXIT|[14]|CustomerDataJSON
14:50:40.0 (762251059)|METHOD_ENTRY|[56]|01p0v000003GxUU|CustomerDataJSON.parse(String)
14:50:40.0 (762259455)|VARIABLE_SCOPE_BEGIN|[62]|json|String|false|false
14:50:40.0 (762268005)|VARIABLE_ASSIGNMENT|[62]|json|"{\"code\":\"ok\",\"messag (123 more) ..."
14:50:40.0 (762275810)|STATEMENT_EXECUTE|[62]
14:50:40.0 (762277477)|STATEMENT_EXECUTE|[63]
14:50:40.0 (762279765)|HEAP_ALLOCATE|[63]|Bytes:16
14:50:40.0 (762386190)|HEAP_ALLOCATE|[63]|Bytes:8
14:50:40.0 (762394018)|HEAP_ALLOCATE|[63]|Bytes:8
14:50:40.0 (762398857)|VARIABLE_SCOPE_BEGIN|[4]|this|System.Type|true|false
14:50:40.0 (762437983)|VARIABLE_ASSIGNMENT|[4]|this|{}|0x572ffc3d
14:50:40.0 (762443528)|VARIABLE_SCOPE_BEGIN|[4]|apextype|java:common.apex.runtime.ApexObjectType|true|false
14:50:40.0 (762550531)|VARIABLE_ASSIGNMENT|[4]|apextype|"CustomerDataJSON"|0x701bdd06
14:50:40.0 (762596741)|HEAP_ALLOCATE|[63]|Bytes:8
14:50:40.0 (762607017)|METHOD_ENTRY|[63]||System.JSON.deserialize(String, System.Type)
14:50:40.0 (762972087)|METHOD_EXIT|[63]||System.JSON.deserialize(String, System.Type)
14:50:40.0 (762984568)|METHOD_EXIT|[56]|01p0v000003GxUU|CustomerDataJSON.parse(String)
14:50:40.0 (763020193)|VARIABLE_ASSIGNMENT|[56]|result|{"code":"ok","message":"0x537b6efa"}|0x6f31e105
14:50:40.0 (763031307)|STATEMENT_EXECUTE|[62]
14:50:40.0 (763037470)|METHOD_EXIT|[80]|01p0v000003GxUV|MicroServicioCustomerData.obtenerCustomerData(Map<String,String>)
14:50:40.0 (763042349)|VARIABLE_SCOPE_BEGIN|[80]|resultCustomerData|CustomerDataJSON|true|false
14:50:40.0 (763057562)|VARIABLE_ASSIGNMENT|[80]|resultCustomerData|{"code":"ok","message":"0x537b6efa"}|0x6f31e105
14:50:40.0 (763062387)|STATEMENT_EXECUTE|[81]
14:50:40.0 (763065532)|HEAP_ALLOCATE|[81]|Bytes:20
14:50:40.0 (763146850)|HEAP_ALLOCATE|[81]|Bytes:184
14:50:40.0 (763160200)|HEAP_ALLOCATE|[81]|Bytes:204
14:50:40.0 (763173480)|USER_DEBUG|[81]|DEBUG|resultCustomerData: CustomerDataJSON:[code=ok, message=Message:[cliente=null, estadoOperacion=EstadoOperacion:[codigoOperacion=00, glosaOperacion=No se encontraron datos para los criterios de selección]]]
14:50:40.0 (763184577)|STATEMENT_EXECUTE|[83]
14:50:40.0 (763186106)|STATEMENT_EXECUTE|[83]
14:50:40.0 (763193035)|HEAP_ALLOCATE|[83]|Bytes:5
14:50:40.0 (763200956)|VARIABLE_ASSIGNMENT|[83]|success|true
14:50:40.0 (763205159)|STATEMENT_EXECUTE|[85]
14:50:40.0 (763207157)|HEAP_ALLOCATE|[85]|Bytes:32
14:50:40.0 (763224635)|HEAP_ALLOCATE|[85]|Bytes:4
14:50:40.0 (763233702)|HEAP_ALLOCATE|[85]|Bytes:36
14:50:40.0 (763239941)|USER_DEBUG|[85]|DEBUG|Consultar CustomerData Success: true
14:50:40.0 (763245819)|STATEMENT_EXECUTE|[86]
14:50:40.0 (763248167)|HEAP_ALLOCATE|[86]|Bytes:7
14:50:40.0 (763278374)|HEAP_ALLOCATE|[86]|Bytes:5
14:50:40.0 (763290921)|HEAP_ALLOCATE|[EXTERNAL]|Bytes:-4
14:50:40.0 (763298027)|STATEMENT_EXECUTE|[87]
14:50:40.0 (763299833)|HEAP_ALLOCATE|[87]|Bytes:18
14:50:40.0 (763333099)|HEAP_ALLOCATE|[EXTERNAL]|Bytes:-4
14:50:40.0 (763339040)|STATEMENT_EXECUTE|[89]
14:50:40.763 (763362821)|CUMULATIVE_LIMIT_USAGE
14:50:40.763 (763362821)|LIMIT_USAGE_FOR_NS|(default)|
  Number of SOQL queries: 0 out of 100
  Number of query rows: 2 out of 50000
  Number of SOSL queries: 0 out of 20
  Number of DML statements: 0 out of 150
  Number of Publish Immediate DML: 0 out of 150
  Number of DML rows: 0 out of 10000
  Maximum CPU time: 23 out of 10000
  Maximum heap size: 0 out of 6000000
  Number of callouts: 2 out of 100
  Number of Email Invocations: 0 out of 10
  Number of future calls: 0 out of 50
  Number of queueable jobs added to the queue: 0 out of 50
  Number of Mobile Apex push calls: 0 out of 10

14:50:40.763 (763362821)|CUMULATIVE_LIMIT_USAGE_END

14:50:40.0 (763398482)|CODE_UNIT_FINISHED|MicroServicioCustomerData.consulta_Customer_Data(String)
14:50:40.0 (763723392)|CODE_UNIT_FINISHED|apex://MicroServicioCustomerData/ACTION$consulta_Customer_Data
14:50:40.0 (763731830)|EXECUTION_FINISHED
