52.0 APEX_CODE,FINEST;APEX_PROFILING,INFO;CALLOUT,INFO;DATA_ACCESS,INFO;DB,INFO;NBA,INFO;SYSTEM,DEBUG;VALIDATION,INFO;VISUALFORCE,INFO;WAVE,INFO;WORKFLOW,INFO
17:54:03.0 (253067)|USER_INFO|[EXTERNAL]|0051N000008bAK9|contingenciafalabella@falabella.com.mx|(GMT-06:00) Central Standard Time (America/Mexico_City)|GMT-06:00
17:54:03.0 (339632)|EXECUTION_STARTED
17:54:03.0 (365195)|CODE_UNIT_STARTED|[EXTERNAL]|01p3l00000EBsec|BatchUpdateCaseGestorBO
17:54:03.0 (1229733)|HEAP_ALLOCATE|[95]|Bytes:3
17:54:03.0 (1322971)|HEAP_ALLOCATE|[100]|Bytes:152
17:54:03.0 (1338445)|HEAP_ALLOCATE|[417]|Bytes:408
17:54:03.0 (1349501)|HEAP_ALLOCATE|[430]|Bytes:408
17:54:03.0 (1370477)|HEAP_ALLOCATE|[317]|Bytes:6
17:54:03.0 (2338809)|HEAP_ALLOCATE|[EXTERNAL]|Bytes:98
17:54:03.0 (2739179)|HEAP_ALLOCATE|[EXTERNAL]|Bytes:11
17:54:03.0 (2780445)|SYSTEM_METHOD_ENTRY|[15]|BatchableContextImpl.BatchableContextImpl()
17:54:03.0 (2804069)|STATEMENT_EXECUTE|[15]
17:54:03.0 (2828715)|SYSTEM_METHOD_EXIT|[15]|BatchableContextImpl
17:54:03.0 (2835126)|HEAP_ALLOCATE|[EXTERNAL]|Bytes:12
17:54:03.0 (2839589)|HEAP_ALLOCATE|[EXTERNAL]|Bytes:4
17:54:03.0 (2857759)|VARIABLE_SCOPE_BEGIN|[31]|this|Database.BatchableContextImpl|true|false
17:54:03.0 (2996729)|VARIABLE_ASSIGNMENT|[31]|this|{}|0x23902307
17:54:03.0 (3002724)|VARIABLE_SCOPE_BEGIN|[31]|jobId|Id|false|false
17:54:03.0 (3105974)|VARIABLE_ASSIGNMENT|[31]|jobId|"707RQ00001vVYSkYAO"
17:54:03.0 (3110191)|VARIABLE_SCOPE_BEGIN|[31]|childJobId|Id|false|false
17:54:03.0 (3118099)|VARIABLE_ASSIGNMENT|[31]|childJobId|null
17:54:03.0 (14117814)|HEAP_ALLOCATE|[EXTERNAL]|Bytes:99
17:54:03.0 (14137977)|HEAP_ALLOCATE|[EXTERNAL]|Bytes:12
17:54:03.0 (14174241)|METHOD_ENTRY|[11]|01p3l00000EBsec|BatchUpdateCaseGestorBO.BatchUpdateCaseGestorBO()
17:54:03.0 (14188205)|STATEMENT_EXECUTE|[11]
17:54:03.0 (14199560)|STATEMENT_EXECUTE|[11]
17:54:03.0 (14208917)|METHOD_EXIT|[11]|BatchUpdateCaseGestorBO
17:54:03.0 (14214751)|HEAP_ALLOCATE|[EXTERNAL]|Bytes:20
17:54:03.0 (14217486)|HEAP_ALLOCATE|[EXTERNAL]|Bytes:12
17:54:03.0 (14228687)|VARIABLE_SCOPE_BEGIN|[108]|this|BatchUpdateCaseGestorBO|true|false
17:54:03.0 (14310629)|VARIABLE_ASSIGNMENT|[108]|this|{"idQueueFraudesCredito":"00G3l000004HYBREA4","intCallMSAttempts":3,"lstRecordTypesBO":"0x1b533103","lstRequestsWithError":"0x52cc6151"}|0x67d8886d
17:54:03.0 (14315503)|VARIABLE_SCOPE_BEGIN|[108]|BC|Database.BatchableContext|true|false
17:54:03.0 (14378917)|VARIABLE_ASSIGNMENT|[108]|BC|{"jobId":"707RQ00001vVYSkYAO"}|0x23902307
17:54:03.0 (14388026)|STATEMENT_EXECUTE|[108]
17:54:03.0 (14452022)|STATEMENT_EXECUTE|[111]
17:54:03.28 (28475197)|CUMULATIVE_LIMIT_USAGE
17:54:03.28 (28475197)|LIMIT_USAGE_FOR_NS|(default)|
  Number of SOQL queries: 0 out of 200
  Number of query rows: 0 out of 50000
  Number of SOSL queries: 0 out of 20
  Number of DML statements: 0 out of 150
  Number of Publish Immediate DML: 0 out of 150
  Number of DML rows: 0 out of 10000
  Maximum CPU time: 0 out of 60000
  Maximum heap size: 0 out of 12000000
  Number of callouts: 0 out of 0
  Number of Email Invocations: 0 out of 10
  Number of future calls: 0 out of 0
  Number of queueable jobs added to the queue: 0 out of 1
  Number of Mobile Apex push calls: 0 out of 10

17:54:03.28 (28475197)|CUMULATIVE_LIMIT_USAGE_END

17:54:03.0 (28651280)|CODE_UNIT_FINISHED|BatchUpdateCaseGestorBO
17:54:03.0 (28672949)|EXECUTION_FINISHED
