67.0 APEX_CODE,FINEST;APEX_PROFILING,INFO;CALLOUT,INFO;DATA_ACCESS,INFO;DB,INFO;NBA,INFO;SYSTEM,DEBUG;VALIDATION,INFO;VISUALFORCE,INFO;WAVE,INFO;WORKFLOW,INFO
12:57:03.0 (213143)|USER_INFO|[EXTERNAL]|005Qg000002VBqt|jlandav@falabella.com.mx|(GMT-06:00) Central Standard Time (America/Mexico_City)|GMT-06:00
12:57:03.0 (292931)|EXECUTION_STARTED
12:57:03.0 (360227)|CODE_UNIT_STARTED|[EXTERNAL]|apex://CasosControllerExtension/ACTION$obtenerCasosCerrados
12:57:03.0 (1613917)|CODE_UNIT_STARTED|[EXTERNAL]|01p3l000005qcOV|CasosControllerExtension.obtenerCasosCerrados()
12:57:03.0 (1741274)|VARIABLE_SCOPE_BEGIN|[21]|CasosControllerExtension.QUEUE_CREDITO_FRAUDES|String|false|true
12:57:03.0 (1797734)|VARIABLE_SCOPE_BEGIN|[20]|CasosControllerExtension.RT_FIGITAL|String|false|true
12:57:03.0 (1802837)|VARIABLE_SCOPE_BEGIN|[19]|CasosControllerExtension.RT_RIESGOS|String|false|true
12:57:03.0 (1807734)|VARIABLE_SCOPE_BEGIN|[17]|CasosControllerExtension.ST_ASIGNADA|String|false|true
12:57:03.0 (1812629)|VARIABLE_SCOPE_BEGIN|[15]|CasosControllerExtension.ST_AUTORIZADA|String|false|true
12:57:03.0 (1817230)|VARIABLE_SCOPE_BEGIN|[18]|CasosControllerExtension.ST_CERRADO|String|false|true
12:57:03.0 (1821777)|VARIABLE_SCOPE_BEGIN|[16]|CasosControllerExtension.ST_NUEVO|String|false|true
12:57:03.0 (2055764)|HEAP_ALLOCATE|[95]|Bytes:3
12:57:03.0 (2100248)|HEAP_ALLOCATE|[100]|Bytes:152
12:57:03.0 (2115718)|HEAP_ALLOCATE|[417]|Bytes:408
12:57:03.0 (2131380)|HEAP_ALLOCATE|[430]|Bytes:408
12:57:03.0 (2160153)|HEAP_ALLOCATE|[317]|Bytes:6
12:57:03.0 (2176233)|HEAP_ALLOCATE|[EXTERNAL]|Bytes:11
12:57:03.0 (2209330)|METHOD_ENTRY|[13]|01p3l000005qcOV|CasosControllerExtension.CasosControllerExtension()
12:57:03.0 (2217653)|STATEMENT_EXECUTE|[13]
12:57:03.0 (2223939)|STATEMENT_EXECUTE|[13]
12:57:03.0 (2245861)|HEAP_ALLOCATE|[68]|Bytes:5
12:57:03.0 (2273023)|HEAP_ALLOCATE|[74]|Bytes:5
12:57:03.0 (2280586)|HEAP_ALLOCATE|[82]|Bytes:7
12:57:03.0 (2304531)|HEAP_ALLOCATE|[15]|Bytes:5
12:57:03.0 (2309014)|STATEMENT_EXECUTE|[15]
12:57:03.0 (2311581)|HEAP_ALLOCATE|[15]|Bytes:12
12:57:03.0 (2391354)|VARIABLE_ASSIGNMENT|[15]|CasosControllerExtension.ST_AUTORIZADA|"Autorización"
12:57:03.0 (2396958)|STATEMENT_EXECUTE|[16]
12:57:03.0 (2399189)|HEAP_ALLOCATE|[16]|Bytes:3
12:57:03.0 (2407797)|VARIABLE_ASSIGNMENT|[16]|CasosControllerExtension.ST_NUEVO|"New"
12:57:03.0 (2410405)|STATEMENT_EXECUTE|[17]
12:57:03.0 (2412054)|HEAP_ALLOCATE|[17]|Bytes:8
12:57:03.0 (2417241)|VARIABLE_ASSIGNMENT|[17]|CasosControllerExtension.ST_ASIGNADA|"Asignada"
12:57:03.0 (2433580)|STATEMENT_EXECUTE|[18]
12:57:03.0 (2435464)|HEAP_ALLOCATE|[18]|Bytes:7
12:57:03.0 (2441543)|VARIABLE_ASSIGNMENT|[18]|CasosControllerExtension.ST_CERRADO|"Cerrado"
12:57:03.0 (2444677)|STATEMENT_EXECUTE|[19]
12:57:03.0 (2446802)|HEAP_ALLOCATE|[19]|Bytes:19
12:57:03.0 (2452509)|VARIABLE_ASSIGNMENT|[19]|CasosControllerExtension.RT_RIESGOS|"Riesgos_Originaci_n"
12:57:03.0 (2455594)|STATEMENT_EXECUTE|[20]
12:57:03.0 (2457336)|HEAP_ALLOCATE|[20]|Bytes:18
12:57:03.0 (2462846)|VARIABLE_ASSIGNMENT|[20]|CasosControllerExtension.RT_FIGITAL|"BackOffice_Figital"
12:57:03.0 (2465786)|STATEMENT_EXECUTE|[21]
12:57:03.0 (2467267)|HEAP_ALLOCATE|[21]|Bytes:26
12:57:03.0 (2475140)|VARIABLE_ASSIGNMENT|[21]|CasosControllerExtension.QUEUE_CREDITO_FRAUDES|"BackOffice Credito/F (6 more) ..."
12:57:03.0 (2496181)|METHOD_EXIT|[13]|CasosControllerExtension
12:57:03.0 (2547530)|HEAP_ALLOCATE|[94]|Bytes:5
12:57:03.0 (2551255)|STATEMENT_EXECUTE|[92]
12:57:03.0 (2552631)|STATEMENT_EXECUTE|[94]
12:57:03.0 (2554701)|HEAP_ALLOCATE|[94]|Bytes:4
12:57:03.0 (2742082)|HEAP_ALLOCATE|[94]|Bytes:4
12:57:03.0 (4497679)|HEAP_ALLOCATE|[94]|Bytes:408
12:57:03.0 (4599570)|HEAP_ALLOCATE|[94]|Bytes:4
12:57:03.0 (4617159)|HEAP_ALLOCATE|[94]|Bytes:18
12:57:03.0 (4623549)|VARIABLE_SCOPE_BEGIN|[94]|idRecordTypeCredito|String|false|false
12:57:03.0 (4646737)|VARIABLE_ASSIGNMENT|[94]|idRecordTypeCredito|"0123l000001M9F8AAK"
12:57:03.0 (4652496)|STATEMENT_EXECUTE|[95]
12:57:03.0 (4750600)|HEAP_ALLOCATE|[95]|Bytes:4
12:57:03.0 (6186603)|HEAP_ALLOCATE|[95]|Bytes:408
12:57:03.0 (6250138)|HEAP_ALLOCATE|[95]|Bytes:4
12:57:03.0 (6261763)|HEAP_ALLOCATE|[95]|Bytes:18
12:57:03.0 (6268201)|VARIABLE_SCOPE_BEGIN|[95]|idRecordTypeFigital|String|false|false
12:57:03.0 (6286484)|VARIABLE_ASSIGNMENT|[95]|idRecordTypeFigital|"0123l0000019LkKAAU"
12:57:03.0 (6291277)|STATEMENT_EXECUTE|[97]
12:57:03.0 (6293717)|HEAP_ALLOCATE|[97]|Bytes:151
12:57:03.0 (6310805)|HEAP_ALLOCATE|[97]|Bytes:4
12:57:03.0 (6322304)|HEAP_ALLOCATE|[97]|Bytes:7
12:57:03.0 (6333771)|HEAP_ALLOCATE|[97]|Bytes:7
12:57:03.0 (6339316)|HEAP_ALLOCATE|[97]|Bytes:7
12:57:03.0 (7060269)|SOQL_EXECUTE_BEGIN|[97]|Aggregations:0|SELECT Id, CreatedDate, ClosedDate FROM Case WHERE (Status = :tmpVar1 AND CreatedDate = TODAY AND (RecordTypeId = :tmpVar2 OR RecordTypeId = :tmpVar3))
12:57:03.0 (19160046)|SOQL_EXECUTE_END|[97]|Rows:26
12:57:03.0 (19202818)|HEAP_ALLOCATE|[97]|Bytes:108
12:57:03.0 (19249854)|HEAP_ALLOCATE|[97]|Bytes:1716
12:57:03.0 (19312431)|HEAP_ALLOCATE|[97]|Bytes:108
12:57:03.0 (19334381)|VARIABLE_SCOPE_BEGIN|[97]|listaCasosCerrados|List<Case>|true|false
12:57:03.0 (19363817)|VARIABLE_ASSIGNMENT|[97]|listaCasosCerrados|"List of size 26 too large to display"|0x2719d38a
12:57:03.0 (19370880)|STATEMENT_EXECUTE|[99]
12:57:03.19 (19453973)|CUMULATIVE_LIMIT_USAGE
12:57:03.19 (19453973)|LIMIT_USAGE_FOR_NS|(default)|
  Number of SOQL queries: 1 out of 100
  Number of query rows: 26 out of 50000
  Number of SOSL queries: 0 out of 20
  Number of DML statements: 0 out of 150
  Number of Publish Immediate DML: 0 out of 150
  Number of DML rows: 0 out of 10000
  Maximum CPU time: 0 out of 10000
  Maximum heap size: 0 out of 6000000
  Number of callouts: 0 out of 100
  Number of Email Invocations: 0 out of 10
  Number of future calls: 0 out of 50
  Number of queueable jobs added to the queue: 0 out of 50
  Number of Mobile Apex push calls: 0 out of 10

12:57:03.19 (19453973)|CUMULATIVE_LIMIT_USAGE_END

12:57:03.0 (19545224)|CODE_UNIT_FINISHED|CasosControllerExtension.obtenerCasosCerrados()
12:57:03.0 (19958141)|CODE_UNIT_FINISHED|apex://CasosControllerExtension/ACTION$obtenerCasosCerrados
12:57:03.0 (19973176)|EXECUTION_FINISHED
