67.0 APEX_CODE,FINEST;APEX_PROFILING,INFO;CALLOUT,INFO;DATA_ACCESS,INFO;DB,INFO;NBA,INFO;SYSTEM,DEBUG;VALIDATION,INFO;VISUALFORCE,INFO;WAVE,INFO;WORKFLOW,INFO
12:21:18.1 (1371708)|USER_INFO|[EXTERNAL]|0051N000005gvau|etrevinofalabella@izeicg.com.uat|(GMT-06:00) Central Standard Time (America/Mexico_City)|GMT-06:00
12:21:18.1 (1447106)|EXECUTION_STARTED
12:21:18.1 (1471669)|CODE_UNIT_STARTED|[EXTERNAL]|apex://AuthenticateCustomerController/ACTION$getCustomer
12:21:18.1 (7789755)|CODE_UNIT_STARTED|[EXTERNAL]|01p1N00000DazLB|AuthenticateCustomerController.getCustomer(String)
12:21:18.1 (9823546)|VARIABLE_SCOPE_BEGIN|[19]|AuthenticateCustomerController.BE|String|false|true
12:21:18.1 (10138853)|HEAP_ALLOCATE|[95]|Bytes:3
12:21:18.1 (10206873)|HEAP_ALLOCATE|[100]|Bytes:152
12:21:18.1 (10224178)|HEAP_ALLOCATE|[417]|Bytes:408
12:21:18.1 (10241509)|HEAP_ALLOCATE|[430]|Bytes:408
12:21:18.1 (10270068)|HEAP_ALLOCATE|[317]|Bytes:6
12:21:18.1 (10285782)|HEAP_ALLOCATE|[EXTERNAL]|Bytes:13
12:21:18.1 (10290528)|HEAP_ALLOCATE|[EXTERNAL]|Bytes:70
12:21:18.1 (10293835)|HEAP_ALLOCATE|[EXTERNAL]|Bytes:88
12:21:18.1 (10298023)|HEAP_ALLOCATE|[EXTERNAL]|Bytes:2
12:21:18.1 (10408782)|VARIABLE_ASSIGNMENT|[EXTERNAL]|AuthenticateCustomerController.BE|"BE"
12:21:18.1 (10438467)|METHOD_ENTRY|[17]|01p1N00000DazLB|AuthenticateCustomerController.AuthenticateCustomerController()
12:21:18.1 (10459185)|STATEMENT_EXECUTE|[17]
12:21:18.1 (10469584)|STATEMENT_EXECUTE|[17]
12:21:18.1 (10493584)|HEAP_ALLOCATE|[68]|Bytes:5
12:21:18.1 (10540526)|HEAP_ALLOCATE|[74]|Bytes:5
12:21:18.1 (10547421)|HEAP_ALLOCATE|[82]|Bytes:7
12:21:18.1 (10957251)|HEAP_ALLOCATE|[EXTERNAL]|Bytes:5
12:21:18.1 (10967892)|STATEMENT_EXECUTE|[21]
12:21:18.1 (10983035)|METHOD_EXIT|[17]|AuthenticateCustomerController
12:21:18.1 (10989771)|HEAP_ALLOCATE|[EXTERNAL]|Bytes:18
12:21:18.1 (11006300)|VARIABLE_SCOPE_BEGIN|[426]|customerId|String|false|false
12:21:18.1 (11022226)|VARIABLE_ASSIGNMENT|[426]|customerId|"0010v00000MYqEtAAL"
12:21:18.1 (11035600)|HEAP_ALLOCATE|[428]|Bytes:5
12:21:18.1 (11039656)|STATEMENT_EXECUTE|[426]
12:21:18.1 (11041610)|STATEMENT_EXECUTE|[428]
12:21:18.1 (11044541)|HEAP_ALLOCATE|[428]|Bytes:158
12:21:18.1 (11062519)|HEAP_ALLOCATE|[428]|Bytes:4
12:21:18.1 (11074799)|HEAP_ALLOCATE|[428]|Bytes:7
12:21:18.1 (17070543)|SOQL_EXECUTE_BEGIN|[428]|Aggregations:0|SELECT Id, Campa_a_Actualizaci_n_SORIBAN__c, Cliente_Anonimo__c, Name, Fecha_de_nacimiento1__c, PersonMobilePhone, Oficina__c FROM Account WHERE Id = :tmpVar1
12:21:18.1 (30253747)|SOQL_EXECUTE_END|[428]|Rows:1
12:21:18.1 (30294019)|HEAP_ALLOCATE|[428]|Bytes:8
12:21:18.1 (30317935)|HEAP_ALLOCATE|[428]|Bytes:188
12:21:18.1 (30430294)|HEAP_ALLOCATE|[428]|Bytes:8
12:21:18.1 (30450818)|HEAP_ALLOCATE|[428]|Bytes:33
12:21:18.1 (30513360)|HEAP_ALLOCATE|[428]|Bytes:28
12:21:18.30 (30585121)|CUMULATIVE_LIMIT_USAGE
12:21:18.30 (30585121)|LIMIT_USAGE_FOR_NS|(default)|
  Number of SOQL queries: 1 out of 100
  Number of query rows: 1 out of 50000
  Number of SOSL queries: 0 out of 20
  Number of DML statements: 0 out of 150
  Number of Publish Immediate DML: 0 out of 150
  Number of DML rows: 0 out of 10000
  Maximum CPU time: 0 out of 10000
  Maximum heap size: 0 out of 6000000
  Number of callouts: 0 out of 100
  Number of Email Invocations: 0 out of 10
  Number of future calls: 0 out of 50
  Number of queueable jobs added to the queue: 0 out of 50
  Number of Mobile Apex push calls: 0 out of 10

12:21:18.30 (30585121)|CUMULATIVE_LIMIT_USAGE_END

12:21:18.1 (30629824)|CODE_UNIT_FINISHED|AuthenticateCustomerController.getCustomer(String)
12:21:18.1 (30902587)|CODE_UNIT_FINISHED|apex://AuthenticateCustomerController/ACTION$getCustomer
12:21:18.1 (30909958)|EXECUTION_FINISHED
