67.0 APEX_CODE,FINEST;APEX_PROFILING,INFO;CALLOUT,INFO;DATA_ACCESS,INFO;DB,INFO;NBA,INFO;SYSTEM,DEBUG;VALIDATION,INFO;VISUALFORCE,INFO;WAVE,INFO;WORKFLOW,INFO
12:21:19.0 (244112)|USER_INFO|[EXTERNAL]|0051N000005gvau|etrevinofalabella@izeicg.com.uat|(GMT-06:00) Central Standard Time (America/Mexico_City)|GMT-06:00
12:21:19.0 (277880)|EXECUTION_STARTED
12:21:19.0 (285651)|CODE_UNIT_STARTED|[EXTERNAL]|apex://GetCampainsController/ACTION$getCampains
12:21:19.0 (1867484)|CODE_UNIT_STARTED|[EXTERNAL]|01pRt00000bFKYK|GetCampainsController.getCampains(String)
12:21:19.0 (2212490)|HEAP_ALLOCATE|[95]|Bytes:3
12:21:19.0 (2298421)|HEAP_ALLOCATE|[100]|Bytes:152
12:21:19.0 (2312342)|HEAP_ALLOCATE|[417]|Bytes:408
12:21:19.0 (2323624)|HEAP_ALLOCATE|[430]|Bytes:408
12:21:19.0 (2344090)|HEAP_ALLOCATE|[317]|Bytes:6
12:21:19.0 (2353569)|HEAP_ALLOCATE|[EXTERNAL]|Bytes:90
12:21:19.0 (2356668)|HEAP_ALLOCATE|[EXTERNAL]|Bytes:4
12:21:19.0 (2358485)|HEAP_ALLOCATE|[EXTERNAL]|Bytes:15
12:21:19.0 (2367090)|METHOD_ENTRY|[1]|01pRt00000bFKYK|GetCampainsController.GetCampainsController()
12:21:19.0 (2372242)|STATEMENT_EXECUTE|[1]
12:21:19.0 (2377924)|STATEMENT_EXECUTE|[1]
12:21:19.0 (2395733)|HEAP_ALLOCATE|[68]|Bytes:5
12:21:19.0 (2416587)|HEAP_ALLOCATE|[74]|Bytes:5
12:21:19.0 (2420566)|HEAP_ALLOCATE|[82]|Bytes:7
12:21:19.0 (2590901)|HEAP_ALLOCATE|[EXTERNAL]|Bytes:5
12:21:19.0 (2594702)|STATEMENT_EXECUTE|[85]
12:21:19.0 (2595886)|STATEMENT_EXECUTE|[89]
12:21:19.0 (2596963)|STATEMENT_EXECUTE|[95]
12:21:19.0 (2597915)|STATEMENT_EXECUTE|[98]
12:21:19.0 (2598855)|STATEMENT_EXECUTE|[102]
12:21:19.0 (2599769)|STATEMENT_EXECUTE|[105]
12:21:19.0 (2607822)|METHOD_EXIT|[1]|GetCampainsController
12:21:19.0 (2611800)|HEAP_ALLOCATE|[EXTERNAL]|Bytes:18
12:21:19.0 (2619592)|VARIABLE_SCOPE_BEGIN|[3]|accountId|String|false|false
12:21:19.0 (2661723)|VARIABLE_ASSIGNMENT|[3]|accountId|"0010v00000MYqEtAAL"
12:21:19.0 (2677329)|HEAP_ALLOCATE|[4]|Bytes:5
12:21:19.0 (2680763)|STATEMENT_EXECUTE|[3]
12:21:19.0 (2682280)|STATEMENT_EXECUTE|[4]
12:21:19.0 (2697449)|HEAP_ALLOCATE|[4]|Bytes:4
12:21:19.0 (2814313)|VARIABLE_SCOPE_BEGIN|[4]|campainWrapperList|List<GetCampainsController.campainWrapper>|true|false
12:21:19.0 (2853082)|HEAP_ALLOCATE|[EXTERNAL]|Bytes:4
12:21:19.0 (2867939)|VARIABLE_ASSIGNMENT|[4]|campainWrapperList|[]|0x15f0f168
12:21:19.0 (2873933)|STATEMENT_EXECUTE|[5]
12:21:19.0 (2876779)|HEAP_ALLOCATE|[5]|Bytes:10
12:21:19.0 (2895970)|HEAP_ALLOCATE|[5]|Bytes:28
12:21:19.0 (2943607)|USER_DEBUG|[5]|DEBUG|accountId+0010v00000MYqEtAAL
12:21:19.0 (2950802)|STATEMENT_EXECUTE|[7]
12:21:19.0 (2959364)|METHOD_ENTRY|[7]|01pRt00000bFKYK|GetCampainsController.getAccessToken()
12:21:19.0 (2973914)|HEAP_ALLOCATE|[64]|Bytes:5
12:21:19.0 (2976046)|STATEMENT_EXECUTE|[62]
12:21:19.0 (2977063)|STATEMENT_EXECUTE|[64]
12:21:19.0 (2998717)|VARIABLE_SCOPE_BEGIN|[64]|req|System.HttpRequest|true|false
12:21:19.0 (3191469)|VARIABLE_ASSIGNMENT|[64]|req|"System.HttpRequest[Endpoint=null, Method=null]"|0x1634d9a
12:21:19.0 (3197068)|STATEMENT_EXECUTE|[65]
12:21:19.0 (3199432)|HEAP_ALLOCATE|[65]|Bytes:33
12:21:19.0 (3256544)|STATEMENT_EXECUTE|[66]
12:21:19.0 (3257920)|HEAP_ALLOCATE|[66]|Bytes:4
12:21:19.0 (3267929)|STATEMENT_EXECUTE|[67]
12:21:19.0 (3269260)|HEAP_ALLOCATE|[67]|Bytes:29
12:21:19.0 (3295415)|STATEMENT_EXECUTE|[68]
12:21:19.0 (3310083)|USER_DEBUG|[68]|DEBUG|System.HttpRequest[Endpoint=callout:ApiGeeAuth/oauth/cc/token, Method=POST]
12:21:19.0 (3315109)|STATEMENT_EXECUTE|[69]
12:21:19.0 (3395856)|CALLOUT_REQUEST|[69]|System.HttpRequest[Endpoint=callout:ApiGeeAuth/oauth/cc/token, Method=POST]
12:21:19.952 (952228791)|NAMED_CREDENTIAL_REQUEST|NamedCallout[Named Credential Id=0XARt000000dTBp, Named Credential Name=ApiGeeAuth, Endpoint=https://integracion-cmrmx-qa.fif.tech/oauth/cc/token, Method=POST, External Credential Type=EXTERNAL, HTTP Header Authorization=Method: Not set - Credential: Not set, Content-Type=application/x-www-form-urlencoded, Request Size bytes=29, Retry on 401=True]
12:21:19.0 (953392402)|HEAP_ALLOCATE|[EXTERNAL]|Bytes:1014
12:21:19.954 (954982834)|NAMED_CREDENTIAL_RESPONSE|NamedCallout[Named Credential Id=0XARt000000dTBp, Named Credential Name=ApiGeeAuth, Status Code=200, Content-Type=application/json, Response Size bytes=112, Overall Callout Time ms=939, Connect Time ms=3, Interceptor Time ms=0
12:21:19.0 (955788872)|CALLOUT_RESPONSE|[69]|System.HttpResponse[Status=OK, StatusCode=200]
12:21:19.0 (955810663)|HEAP_ALLOCATE|[69]|Bytes:118
12:21:19.0 (955836254)|VARIABLE_SCOPE_BEGIN|[69]|res|System.HttpResponse|true|false
12:21:19.0 (955893551)|VARIABLE_ASSIGNMENT|[69]|res|"System.HttpResponse[Status=OK, StatusCode=200]"|0x1cfa1cd9
12:21:19.0 (955950088)|STATEMENT_EXECUTE|[70]
12:21:19.0 (955952696)|STATEMENT_EXECUTE|[78]
12:21:19.0 (955977386)|HEAP_ALLOCATE|[79]|Bytes:112
12:21:19.0 (955982256)|HEAP_ALLOCATE|[80]|Bytes:46
12:21:19.0 (956234046)|HEAP_ALLOCATE|[80]|Bytes:33
12:21:19.0 (956247993)|SYSTEM_METHOD_ENTRY|[1]|Type.Type()
12:21:19.0 (956250715)|STATEMENT_EXECUTE|[1]
12:21:19.0 (956258598)|SYSTEM_METHOD_EXIT|[1]|Type
12:21:19.0 (956263771)|HEAP_ALLOCATE|[80]|Bytes:8
12:21:19.0 (956277670)|HEAP_ALLOCATE|[80]|Bytes:8
12:21:19.0 (956280707)|VARIABLE_SCOPE_BEGIN|[4]|this|System.Type|true|false
12:21:19.0 (956325626)|VARIABLE_ASSIGNMENT|[4]|this|{}|0x76198b3f
12:21:19.0 (956329398)|VARIABLE_SCOPE_BEGIN|[4]|apextype|java:common.apex.runtime.ApexObjectType|true|false
12:21:19.0 (956380505)|VARIABLE_ASSIGNMENT|[4]|apextype|"GetCampainsController.AutenticateSuccessApiGee"|0x78586b04
12:21:19.0 (960088481)|HEAP_ALLOCATE|[80]|Bytes:8
12:21:19.0 (960143530)|HEAP_ALLOCATE|[78]|Bytes:24
12:21:19.0 (960152777)|SYSTEM_METHOD_ENTRY|[1]|JSON.JSON()
12:21:19.0 (960157489)|STATEMENT_EXECUTE|[1]
12:21:19.0 (960162484)|SYSTEM_METHOD_EXIT|[1]|JSON
12:21:19.0 (960174430)|METHOD_ENTRY|[78]||System.JSON.deserialize(String, System.Type)
12:21:19.0 (960411148)|METHOD_EXIT|[78]||System.JSON.deserialize(String, System.Type)
12:21:19.0 (960418719)|VARIABLE_SCOPE_BEGIN|[78]|auth|GetCampainsController.AutenticateSuccessApiGee|true|false
12:21:19.0 (960459276)|VARIABLE_ASSIGNMENT|[78]|auth|{"access_token":"MjaPGHmsHEXuaXwqLc01 (8 more) ...","expires_in":899,"token_type":"Bearer"}|0x2122aaae
12:21:19.0 (960464627)|STATEMENT_EXECUTE|[83]
12:21:19.0 (960472973)|METHOD_EXIT|[7]|01pRt00000bFKYK|GetCampainsController.getAccessToken()
12:21:19.0 (960476424)|VARIABLE_SCOPE_BEGIN|[7]|accessToken|String|false|false
12:21:19.0 (960482170)|VARIABLE_ASSIGNMENT|[7]|accessToken|"MjaPGHmsHEXuaXwqLc01 (8 more) ..."
12:21:19.0 (960485646)|STATEMENT_EXECUTE|[8]
12:21:19.0 (960487787)|HEAP_ALLOCATE|[8]|Bytes:65
12:21:19.0 (960502400)|HEAP_ALLOCATE|[8]|Bytes:4
12:21:19.0 (960509489)|HEAP_ALLOCATE|[8]|Bytes:7
12:21:19.0 (961735597)|SOQL_EXECUTE_BEGIN|[8]|Aggregations:0|SELECT Id, CURP__c, Name FROM Account WHERE Id = :tmpVar1 LIMIT 1
12:21:19.0 (970139397)|SOQL_EXECUTE_END|[8]|Rows:1
12:21:19.0 (970169249)|HEAP_ALLOCATE|[8]|Bytes:8
12:21:19.0 (970185487)|HEAP_ALLOCATE|[8]|Bytes:89
12:21:19.0 (970260493)|HEAP_ALLOCATE|[8]|Bytes:8
12:21:19.0 (970272639)|HEAP_ALLOCATE|[8]|Bytes:33
12:21:19.0 (970326520)|HEAP_ALLOCATE|[8]|Bytes:16
12:21:19.0 (970331821)|VARIABLE_SCOPE_BEGIN|[8]|account|Account|true|false
12:21:19.0 (970399548)|VARIABLE_ASSIGNMENT|[8]|account|{"CURP__c":"RIAS171130HNLGLF82","Id":"0010v00000MYqEtAAL","Name":"HERIBERTO MORALES DO (3 more) ..."}|0x653c7f0a
12:21:19.0 (970406541)|STATEMENT_EXECUTE|[9]
12:21:19.0 (970494198)|HEAP_ALLOCATE|[9]|Bytes:89
12:21:19.0 (970506394)|HEAP_ALLOCATE|[9]|Bytes:99
12:21:19.0 (970519898)|USER_DEBUG|[9]|DEBUG|accountId+Account:{Id=0010v00000MYqEtAAL, CURP__c=RIAS171130HNLGLF82, Name=HERIBERTO MORALES DOSEL}
12:21:19.0 (970525442)|STATEMENT_EXECUTE|[15]
12:21:19.0 (970543867)|VARIABLE_SCOPE_BEGIN|[15]|reqGetCustomer|System.HttpRequest|true|false
12:21:19.0 (970595735)|VARIABLE_ASSIGNMENT|[15]|reqGetCustomer|"System.HttpRequest[Endpoint=null, Method=null]"|0x3c2121e2
12:21:19.0 (970599414)|STATEMENT_EXECUTE|[16]
12:21:19.0 (970637894)|HEAP_ALLOCATE|[16]|Bytes:46
12:21:19.0 (970695801)|HEAP_ALLOCATE|[16]|Bytes:4
12:21:19.0 (970701598)|VARIABLE_SCOPE_BEGIN|[16]|textoBlob|Blob|false|false
12:21:19.0 (970734204)|VARIABLE_ASSIGNMENT|[16]|textoBlob|BLOB(46 bytes)
12:21:19.0 (970737717)|STATEMENT_EXECUTE|[19]
12:21:19.0 (970739602)|HEAP_ALLOCATE|[19]|Bytes:7
12:21:19.0 (970776505)|HEAP_ALLOCATE|[19]|Bytes:55
12:21:19.0 (970785315)|SYSTEM_METHOD_ENTRY|[1]|Crypto.Crypto()
12:21:19.0 (970787451)|STATEMENT_EXECUTE|[1]
12:21:19.0 (970793536)|SYSTEM_METHOD_EXIT|[1]|Crypto
12:21:19.0 (970800925)|METHOD_ENTRY|[19]||System.Crypto.generateDigest(String, Blob)
12:21:19.0 (971434979)|METHOD_EXIT|[19]||System.Crypto.generateDigest(String, Blob)
12:21:19.0 (971442728)|VARIABLE_SCOPE_BEGIN|[19]|hash|Blob|false|false
12:21:19.0 (971464168)|VARIABLE_ASSIGNMENT|[19]|hash|BLOB(32 bytes)
12:21:19.0 (971468519)|STATEMENT_EXECUTE|[22]
12:21:19.0 (971502788)|HEAP_ALLOCATE|[22]|Bytes:15
12:21:19.0 (971510636)|SYSTEM_METHOD_ENTRY|[1]|EncodingUtil.EncodingUtil()
12:21:19.0 (971512841)|STATEMENT_EXECUTE|[1]
12:21:19.0 (971517142)|SYSTEM_METHOD_EXIT|[1]|EncodingUtil
12:21:19.0 (971522521)|METHOD_ENTRY|[22]||System.EncodingUtil.convertToHex(Blob)
12:21:19.0 (971564847)|METHOD_EXIT|[22]||System.EncodingUtil.convertToHex(Blob)
12:21:19.0 (971567036)|VARIABLE_SCOPE_BEGIN|[22]|hashHex|String|false|false
12:21:19.0 (971575443)|VARIABLE_ASSIGNMENT|[22]|hashHex|"64de43d2c23daf6857cf (44 more) ..."
12:21:19.0 (971577829)|STATEMENT_EXECUTE|[23]
12:21:19.0 (971579910)|HEAP_ALLOCATE|[24]|Bytes:70
12:21:19.0 (971582736)|HEAP_ALLOCATE|[26]|Bytes:7
12:21:19.0 (971589658)|HEAP_ALLOCATE|[24]|Bytes:141
12:21:19.0 (971627943)|STATEMENT_EXECUTE|[29]
12:21:19.0 (971629349)|HEAP_ALLOCATE|[29]|Bytes:13
12:21:19.0 (971654131)|STATEMENT_EXECUTE|[30]
12:21:19.0 (971655289)|HEAP_ALLOCATE|[30]|Bytes:13
12:21:19.0 (971657422)|HEAP_ALLOCATE|[30]|Bytes:7
12:21:19.0 (971661826)|HEAP_ALLOCATE|[30]|Bytes:35
12:21:19.0 (971668859)|STATEMENT_EXECUTE|[31]
12:21:19.0 (971670098)|HEAP_ALLOCATE|[31]|Bytes:11
12:21:19.0 (971671985)|HEAP_ALLOCATE|[31]|Bytes:20
12:21:19.0 (971678458)|STATEMENT_EXECUTE|[33]
12:21:19.0 (971679651)|HEAP_ALLOCATE|[33]|Bytes:3
12:21:19.0 (971687945)|STATEMENT_EXECUTE|[34]
12:21:19.0 (971759078)|CALLOUT_REQUEST|[34]|System.HttpRequest[Endpoint=callout:ApiGeeCustomers/customer-relationship-management/v2/customers/64de43d2c23daf6857cfe0bc2773082d97fc6158ec92155521fec4927e437718/offers, Method=GET]
12:21:20.585 (1585872920)|NAMED_CREDENTIAL_REQUEST|NamedCallout[Named Credential Id=0XARt000000dTOj, Named Credential Name=ApiGeeCustomers, Endpoint=https://integracion-cmrmx-qa.fif.tech/customer-relationship-management/v2/customers/64de43d2c23daf6857cfe0bc2773082d97fc6158ec92155521fec4927e437718/offers, Method=GET, External Credential Type=EXTERNAL, HTTP Header Authorization=Method: Not set - Credential: Not set, Content-Type=null, Request Size bytes=-1, Retry on 401=True]
12:21:20.586 (1586023811)|HEAP_ALLOCATE|[EXTERNAL]|Bytes:794
12:21:20.587 (1587362128)|NAMED_CREDENTIAL_RESPONSE|NamedCallout[Named Credential Id=0XARt000000dTOj, Named Credential Name=ApiGeeCustomers, Status Code=204, Content-Type=application/json; charset=utf-8, Response Size bytes=0, Overall Callout Time ms=607, Connect Time ms=2, Interceptor Time ms=0
12:21:20.586 (1588112896)|CALLOUT_RESPONSE|[34]|System.HttpResponse[Status=No Content, StatusCode=204]
12:21:20.586 (1588137245)|HEAP_ALLOCATE|[34]|Bytes:14
12:21:20.586 (1588166084)|VARIABLE_SCOPE_BEGIN|[34]|responseGetCustomer|System.HttpResponse|true|false
12:21:20.586 (1588252909)|VARIABLE_ASSIGNMENT|[34]|responseGetCustomer|"System.HttpResponse[Status=No Content, StatusCode=204]"|0x4faf6dda
12:21:20.586 (1588265144)|STATEMENT_EXECUTE|[35]
12:21:20.586 (1588333426)|USER_DEBUG|[35]|DEBUG|System.HttpRequest[Endpoint=callout:ApiGeeCustomers/customer-relationship-management/v2/customers/64de43d2c23daf6857cfe0bc2773082d97fc6158ec92155521fec4927e437718/offers, Method=GET]
12:21:20.586 (1588345010)|STATEMENT_EXECUTE|[36]
12:21:20.586 (1588405183)|USER_DEBUG|[36]|DEBUG|
12:21:20.586 (1588411497)|STATEMENT_EXECUTE|[37]
12:21:20.586 (1588423939)|USER_DEBUG|[37]|DEBUG|System.HttpResponse[Status=No Content, StatusCode=204]
12:21:20.586 (1588444961)|STATEMENT_EXECUTE|[38]
12:21:20.586 (1588446494)|STATEMENT_EXECUTE|[39]
12:21:20.586 (1588722761)|HEAP_ALLOCATE|[39]|Bytes:4
12:21:20.586 (1588869452)|VARIABLE_SCOPE_BEGIN|[39]|errorLog|Error_Log__c|true|false
12:21:20.586 (1588897015)|VARIABLE_ASSIGNMENT|[39]|errorLog|{}|0x4793e07
12:21:20.586 (1588902731)|STATEMENT_EXECUTE|[40]
12:21:20.586 (1588907542)|HEAP_ALLOCATE|[40]|Bytes:25
12:21:20.586 (1590272923)|VARIABLE_ASSIGNMENT|[40]|this.ApexClass__c|"GetCampainsControlle (5 more) ..."|0x4793e07
12:21:20.586 (1590282977)|STATEMENT_EXECUTE|[41]
12:21:20.586 (1590351888)|VARIABLE_ASSIGNMENT|[41]|this.Message__c|""|0x4793e07
12:21:20.586 (1590355416)|STATEMENT_EXECUTE|[42]
12:21:20.586 (1590386259)|HEAP_ALLOCATE|[42]|Bytes:8
12:21:20.586 (1590415318)|DML_BEGIN|[42]|Op:Insert|Type:Error_Log__c|Rows:1
12:21:20.586 (1590447794)|HEAP_ALLOCATE|[EXTERNAL]|Bytes:8
12:21:20.586 (1625062407)|DML_END|[42]
12:21:20.586 (1625544197)|STATEMENT_EXECUTE|[44]
12:21:20.638 (1638558168)|CUMULATIVE_LIMIT_USAGE
12:21:20.638 (1638558168)|LIMIT_USAGE_FOR_NS|(default)|
  Number of SOQL queries: 1 out of 100
  Number of query rows: 1 out of 50000
  Number of SOSL queries: 0 out of 20
  Number of DML statements: 1 out of 150
  Number of Publish Immediate DML: 0 out of 150
  Number of DML rows: 1 out of 10000
  Maximum CPU time: 0 out of 10000
  Maximum heap size: 0 out of 6000000
  Number of callouts: 2 out of 100
  Number of Email Invocations: 0 out of 10
  Number of future calls: 0 out of 50
  Number of queueable jobs added to the queue: 0 out of 50
  Number of Mobile Apex push calls: 0 out of 10

12:21:20.638 (1638558168)|CUMULATIVE_LIMIT_USAGE_END

12:21:20.586 (1638597248)|CODE_UNIT_FINISHED|GetCampainsController.getCampains(String)
12:21:20.586 (1638807387)|CODE_UNIT_FINISHED|apex://GetCampainsController/ACTION$getCampains
12:21:20.586 (1638813474)|EXECUTION_FINISHED
