52.0 APEX_CODE,FINEST;APEX_PROFILING,INFO;CALLOUT,INFO;DATA_ACCESS,INFO;DB,INFO;NBA,INFO;SYSTEM,DEBUG;VALIDATION,INFO;VISUALFORCE,INFO;WAVE,INFO;WORKFLOW,INFO
18:12:00.0 (493660)|USER_INFO|[EXTERNAL]|0051N000008bAK9|contingenciafalabella@falabella.com.mx|(GMT-06:00) Central Standard Time (America/Mexico_City)|GMT-06:00
18:12:00.0 (1072857)|EXECUTION_STARTED
18:12:00.0 (1204001)|CODE_UNIT_STARTED|[EXTERNAL]|01p3l00000EBsec|BatchUpdateCaseGestorBO
18:12:00.0 (3094526)|HEAP_ALLOCATE|[95]|Bytes:3
18:12:00.0 (3269292)|HEAP_ALLOCATE|[100]|Bytes:152
18:12:00.0 (3571804)|HEAP_ALLOCATE|[417]|Bytes:408
18:12:00.0 (3700548)|HEAP_ALLOCATE|[430]|Bytes:408
18:12:00.0 (3849361)|HEAP_ALLOCATE|[317]|Bytes:6
18:12:00.0 (5683529)|HEAP_ALLOCATE|[EXTERNAL]|Bytes:98
18:12:00.0 (31989152)|HEAP_ALLOCATE|[EXTERNAL]|Bytes:11
18:12:00.0 (32073200)|SYSTEM_METHOD_ENTRY|[15]|BatchableContextImpl.BatchableContextImpl()
18:12:00.0 (32110636)|STATEMENT_EXECUTE|[15]
18:12:00.0 (32140567)|SYSTEM_METHOD_EXIT|[15]|BatchableContextImpl
18:12:00.0 (32153203)|HEAP_ALLOCATE|[EXTERNAL]|Bytes:12
18:12:00.0 (32162025)|HEAP_ALLOCATE|[EXTERNAL]|Bytes:4
18:12:00.0 (32229759)|VARIABLE_SCOPE_BEGIN|[31]|this|Database.BatchableContextImpl|true|false
18:12:00.0 (32340944)|VARIABLE_ASSIGNMENT|[31]|this|{}|0x624db279
18:12:00.0 (32352598)|VARIABLE_SCOPE_BEGIN|[31]|jobId|Id|false|false
18:12:00.0 (44020085)|VARIABLE_ASSIGNMENT|[31]|jobId|"707RQ00001vVn9oYAC"
18:12:00.0 (44057654)|VARIABLE_SCOPE_BEGIN|[31]|childJobId|Id|false|false
18:12:00.0 (44073523)|VARIABLE_ASSIGNMENT|[31]|childJobId|null
18:12:00.0 (48381883)|HEAP_ALLOCATE|[EXTERNAL]|Bytes:99
18:12:00.0 (48440099)|HEAP_ALLOCATE|[EXTERNAL]|Bytes:12
18:12:00.0 (48485806)|METHOD_ENTRY|[11]|01p3l00000EBsec|BatchUpdateCaseGestorBO.BatchUpdateCaseGestorBO()
18:12:00.0 (48517350)|STATEMENT_EXECUTE|[11]
18:12:00.0 (48549028)|STATEMENT_EXECUTE|[11]
18:12:00.0 (48564538)|METHOD_EXIT|[11]|BatchUpdateCaseGestorBO
18:12:00.0 (48574214)|HEAP_ALLOCATE|[EXTERNAL]|Bytes:20
18:12:00.0 (48588333)|HEAP_ALLOCATE|[EXTERNAL]|Bytes:12
18:12:00.0 (48630469)|VARIABLE_SCOPE_BEGIN|[33]|this|BatchUpdateCaseGestorBO|true|false
18:12:00.0 (48775818)|VARIABLE_ASSIGNMENT|[33]|this|{"idQueueFraudesCredito":"00G3l000004HYBREA4","intCallMSAttempts":3,"lstRecordTypesBO":"0x4583dc7a","lstRequestsWithError":"0x5775d174"}|0x7bb8e4f6
18:12:00.0 (48795420)|VARIABLE_SCOPE_BEGIN|[33]|BC|Database.BatchableContext|true|false
18:12:00.0 (48891363)|VARIABLE_ASSIGNMENT|[33]|BC|{"jobId":"707RQ00001vVn9oYAC"}|0x624db279
18:12:00.0 (49059878)|STATEMENT_EXECUTE|[33]
18:12:00.0 (49067538)|STATEMENT_EXECUTE|[35]
18:12:00.0 (49075639)|HEAP_ALLOCATE|[35]|Bytes:217
18:12:00.0 (49128278)|HEAP_ALLOCATE|[35]|Bytes:4
18:12:00.0 (49212679)|HEAP_ALLOCATE|[35]|Bytes:7
18:12:00.0 (49274659)|HEAP_ALLOCATE|[35]|Bytes:7
18:12:00.0 (49295766)|HEAP_ALLOCATE|[35]|Bytes:7
18:12:00.0 (49349470)|HEAP_ALLOCATE|[68]|Bytes:5
18:12:00.0 (49388363)|HEAP_ALLOCATE|[74]|Bytes:5
18:12:00.0 (49405795)|HEAP_ALLOCATE|[82]|Bytes:7
18:12:00.0 (52392639)|SOQL_EXECUTE_BEGIN|[35]|Aggregations:0|SELECT ID_Solicitud__c, Solicitud_Repetida__c, Total_a_Condonar__c FROM Case WHERE (OwnerId = :tmpVar1 AND RecordTypeId IN :tmpVar2 AND (Actualizaci_n_de_domicilio_en_SAT__c = FALSE OR Total_a_Condonar__c < :tmpVar3))
18:12:00.0 (90226038)|SOQL_EXECUTE_END|[35]|Rows:3
18:12:00.0 (90473189)|HEAP_ALLOCATE|[35]|Bytes:20
18:12:00.135 (135835332)|CUMULATIVE_LIMIT_USAGE
18:12:00.135 (135835332)|LIMIT_USAGE_FOR_NS|(default)|
  Number of SOQL queries: 0 out of 200
  Number of query rows: 0 out of 50000
  Number of SOSL queries: 0 out of 20
  Number of DML statements: 0 out of 150
  Number of Publish Immediate DML: 0 out of 150
  Number of DML rows: 0 out of 10000
  Maximum CPU time: 0 out of 60000
  Maximum heap size: 0 out of 12000000
  Number of callouts: 0 out of 0
  Number of Email Invocations: 0 out of 10
  Number of future calls: 0 out of 0
  Number of queueable jobs added to the queue: 0 out of 1
  Number of Mobile Apex push calls: 0 out of 10

18:12:00.135 (135835332)|CUMULATIVE_LIMIT_USAGE_END

18:12:00.0 (136025425)|CODE_UNIT_FINISHED|BatchUpdateCaseGestorBO
18:12:00.0 (136230420)|EXECUTION_FINISHED
