66.0 APEX_CODE,FINEST;APEX_PROFILING,INFO;CALLOUT,INFO;DATA_ACCESS,INFO;DB,INFO;NBA,INFO;SYSTEM,DEBUG;VALIDATION,INFO;VISUALFORCE,INFO;WAVE,INFO;WORKFLOW,INFO
14:50:39.1 (1040298)|USER_INFO|[EXTERNAL]|0051N000005gvau|etrevinofalabella@izeicg.com.uat|(GMT-06:00) Central Standard Time (America/Mexico_City)|GMT-06:00
14:50:39.1 (1098567)|EXECUTION_STARTED
14:50:39.1 (1116276)|CODE_UNIT_STARTED|[EXTERNAL]|apex://MicroServicioCustomerData/ACTION$consulta_Customer_Data
14:50:39.1 (4394448)|CODE_UNIT_STARTED|[EXTERNAL]|01p0v000003GxUV|MicroServicioCustomerData.consulta_Customer_Data(String)
14:50:39.1 (4735933)|HEAP_ALLOCATE|[95]|Bytes:3
14:50:39.1 (4826213)|HEAP_ALLOCATE|[100]|Bytes:152
14:50:39.1 (4840055)|HEAP_ALLOCATE|[417]|Bytes:408
14:50:39.1 (4851255)|HEAP_ALLOCATE|[430]|Bytes:408
14:50:39.1 (4870841)|HEAP_ALLOCATE|[317]|Bytes:6
14:50:39.1 (4905086)|VARIABLE_SCOPE_BEGIN|[20]|MicroServicioCustomerData.GETDATA|String|false|true
14:50:39.1 (4913790)|VARIABLE_SCOPE_BEGIN|[18]|MicroServicioCustomerData.POST|String|false|true
14:50:39.1 (4950325)|HEAP_ALLOCATE|[EXTERNAL]|Bytes:8
14:50:39.1 (4952965)|HEAP_ALLOCATE|[EXTERNAL]|Bytes:20
14:50:39.1 (4954632)|HEAP_ALLOCATE|[EXTERNAL]|Bytes:15
14:50:39.1 (5020964)|VARIABLE_ASSIGNMENT|[EXTERNAL]|MicroServicioCustomerData.GETDATA|"client/get/data"
14:50:39.1 (5024643)|HEAP_ALLOCATE|[EXTERNAL]|Bytes:4
14:50:39.1 (5028949)|VARIABLE_ASSIGNMENT|[EXTERNAL]|MicroServicioCustomerData.POST|"POST"
14:50:39.1 (5043902)|METHOD_ENTRY|[14]|01p0v000003GxUV|MicroServicioCustomerData.MicroServicioCustomerData()
14:50:39.1 (5056076)|STATEMENT_EXECUTE|[14]
14:50:39.1 (5066607)|STATEMENT_EXECUTE|[14]
14:50:39.1 (5071797)|METHOD_EXIT|[14]|MicroServicioCustomerData
14:50:39.1 (5074902)|HEAP_ALLOCATE|[EXTERNAL]|Bytes:18
14:50:39.1 (5089896)|VARIABLE_SCOPE_BEGIN|[67]|numeroDocumento|String|false|false
14:50:39.1 (5098900)|VARIABLE_ASSIGNMENT|[67]|numeroDocumento|"FERM900101MASRDI09"
14:50:39.1 (5105222)|STATEMENT_EXECUTE|[67]
14:50:39.1 (5106252)|STATEMENT_EXECUTE|[69]
14:50:39.1 (5118752)|HEAP_ALLOCATE|[69]|Bytes:4
14:50:39.1 (5130587)|VARIABLE_SCOPE_BEGIN|[69]|result|Map<String,ANY>|true|false
14:50:39.1 (5152736)|VARIABLE_ASSIGNMENT|[69]|result|{}|0x4336a5a
14:50:39.1 (5155479)|STATEMENT_EXECUTE|[71]
14:50:39.1 (5171499)|HEAP_ALLOCATE|[68]|Bytes:5
14:50:39.1 (5192002)|HEAP_ALLOCATE|[74]|Bytes:5
14:50:39.1 (5196589)|HEAP_ALLOCATE|[82]|Bytes:7
14:50:39.1 (5202522)|VARIABLE_SCOPE_BEGIN|[71]|success|Boolean|false|false
14:50:39.1 (5503112)|HEAP_ALLOCATE|[71]|Bytes:5
14:50:39.1 (5510648)|VARIABLE_ASSIGNMENT|[71]|success|false
14:50:39.1 (5513971)|STATEMENT_EXECUTE|[73]
14:50:39.1 (5521489)|HEAP_ALLOCATE|[73]|Bytes:4
14:50:39.1 (5528303)|VARIABLE_SCOPE_BEGIN|[73]|params|Map<String,String>|true|false
14:50:39.1 (5537749)|VARIABLE_ASSIGNMENT|[73]|params|{}|0x60dad41d
14:50:39.1 (5540940)|STATEMENT_EXECUTE|[74]
14:50:39.1 (5542680)|HEAP_ALLOCATE|[74]|Bytes:15
14:50:39.1 (5610766)|HEAP_ALLOCATE|[EXTERNAL]|Bytes:-4
14:50:39.1 (5619237)|STATEMENT_EXECUTE|[75]
14:50:39.1 (5620920)|HEAP_ALLOCATE|[75]|Bytes:39
14:50:39.1 (5631006)|HEAP_ALLOCATE|[75]|Bytes:57
14:50:39.1 (5668759)|USER_DEBUG|[75]|DEBUG|Consulta CustomerData numeroDocumento: FERM900101MASRDI09
14:50:39.1 (5673600)|STATEMENT_EXECUTE|[77]
14:50:39.1 (5676619)|HEAP_ALLOCATE|[77]|Bytes:8
14:50:39.1 (5692270)|CONSTRUCTOR_ENTRY|[77]|01p0v000003GxUV|<init>()|MicroServicioCustomerData
14:50:39.1 (5716543)|VARIABLE_SCOPE_BEGIN|[22]|this|MicroServicioCustomerData|true|false
14:50:39.1 (5766034)|VARIABLE_ASSIGNMENT|[22]|this|{}|0x3497a6a7
14:50:39.1 (5770070)|STATEMENT_EXECUTE|[14]
14:50:39.1 (5771277)|STATEMENT_EXECUTE|[16]
14:50:39.1 (5775059)|HEAP_ALLOCATE|[24]|Bytes:6
14:50:39.1 (8006568)|STATEMENT_EXECUTE|[22]
14:50:39.1 (8010212)|STATEMENT_EXECUTE|[24]
14:50:39.1 (8098646)|HEAP_ALLOCATE|[24]|Bytes:76
14:50:39.1 (8118027)|HEAP_ALLOCATE|[24]|Bytes:76
14:50:39.1 (8122565)|HEAP_ALLOCATE|[24]|Bytes:1
14:50:39.1 (8140407)|HEAP_ALLOCATE|[24]|Bytes:25
14:50:39.1 (8145614)|VARIABLE_SCOPE_BEGIN|[24]|currentClassName|String|false|false
14:50:39.1 (8160353)|VARIABLE_ASSIGNMENT|[24]|currentClassName|"MicroServicioCustome (5 more) ..."
14:50:39.1 (8163360)|STATEMENT_EXECUTE|[26]
14:50:39.1 (9548179)|HEAP_ALLOCATE|[26]|Bytes:61
14:50:39.1 (9559402)|HEAP_ALLOCATE|[26]|Bytes:31
14:50:39.1 (9570698)|METHOD_ENTRY|[12]|01p0v000002OV5X|ClienteMicroServicios.ClienteMicroServicios()
14:50:39.1 (9575015)|STATEMENT_EXECUTE|[12]
14:50:39.1 (9579764)|STATEMENT_EXECUTE|[12]
14:50:39.1 (9583669)|METHOD_EXIT|[12]|ClienteMicroServicios
14:50:39.1 (9589227)|HEAP_ALLOCATE|[26]|Bytes:124
14:50:39.1 (9600133)|CONSTRUCTOR_ENTRY|[26]|01p0v000002OV5X|<init>()|ClienteMicroServicios
14:50:39.1 (9620059)|VARIABLE_SCOPE_BEGIN|[54]|this|ClienteMicroServicios|true|false
14:50:39.1 (9657314)|VARIABLE_ASSIGNMENT|[54]|this|{}|0x1324c708
14:50:39.1 (9830759)|STATEMENT_EXECUTE|[12]
14:50:39.1 (9831720)|STATEMENT_EXECUTE|[14]
14:50:39.1 (9834118)|HEAP_ALLOCATE|[14]|Bytes:23
14:50:39.1 (9875466)|VARIABLE_ASSIGNMENT|[14]|this.BASE_URL|"https://cmr-mx-busin (3 more) ..."|0x1324c708
14:50:39.1 (9880854)|STATEMENT_EXECUTE|[15]
14:50:39.1 (9881979)|HEAP_ALLOCATE|[15]|Bytes:23
14:50:39.1 (9887555)|VARIABLE_ASSIGNMENT|[15]|this.URI|".fif.tech/api/busine (3 more) ..."|0x1324c708
14:50:39.1 (9890093)|STATEMENT_EXECUTE|[17]
14:50:39.1 (9891093)|HEAP_ALLOCATE|[17]|Bytes:7
14:50:39.1 (9894343)|VARIABLE_ASSIGNMENT|[17]|this.BACKEND|"backend"|0x1324c708
14:50:39.1 (9896949)|STATEMENT_EXECUTE|[19]
14:50:39.1 (9898223)|HEAP_ALLOCATE|[19]|Bytes:16
14:50:39.1 (9901434)|VARIABLE_ASSIGNMENT|[19]|this.APP_JSON|"application/json"|0x1324c708
14:50:39.1 (9903860)|STATEMENT_EXECUTE|[20]
14:50:39.1 (9904880)|HEAP_ALLOCATE|[20]|Bytes:12
14:50:39.1 (9908408)|VARIABLE_ASSIGNMENT|[20]|this.CONT_TYPE|"Content-Type"|0x1324c708
14:50:39.1 (9910859)|STATEMENT_EXECUTE|[21]
14:50:39.1 (9913833)|HEAP_ALLOCATE|[21]|Bytes:4
14:50:39.1 (9919435)|VARIABLE_ASSIGNMENT|[21]|this.TIME_OUT|120000|0x1324c708
14:50:39.1 (9921629)|STATEMENT_EXECUTE|[22]
14:50:39.1 (9922896)|HEAP_ALLOCATE|[22]|Bytes:8
14:50:39.1 (9926056)|VARIABLE_ASSIGNMENT|[22]|this.endpoint|"products"|0x1324c708
14:50:39.1 (9928792)|STATEMENT_EXECUTE|[23]
14:50:39.1 (9930043)|HEAP_ALLOCATE|[23]|Bytes:4
14:50:39.1 (9933303)|VARIABLE_ASSIGNMENT|[23]|this.method|"POST"|0x1324c708
14:50:39.1 (9935453)|STATEMENT_EXECUTE|[24]
14:50:39.1 (9936668)|HEAP_ALLOCATE|[24]|Bytes:2
14:50:39.1 (9939965)|VARIABLE_ASSIGNMENT|[24]|this.version|"v1"|0x1324c708
14:50:39.1 (9942396)|STATEMENT_EXECUTE|[25]
14:50:39.1 (9943606)|HEAP_ALLOCATE|[25]|Bytes:14
14:50:39.1 (9947245)|VARIABLE_ASSIGNMENT|[25]|this.MDW_CS_CHANNEL|"mdw-cs-channel"|0x1324c708
14:50:39.1 (9949686)|STATEMENT_EXECUTE|[26]
14:50:39.1 (9950776)|HEAP_ALLOCATE|[26]|Bytes:15
14:50:39.1 (9953948)|VARIABLE_ASSIGNMENT|[26]|this.MDW_CS_COMMERCE|"mdw-cs-commerce"|0x1324c708
14:50:39.1 (9956369)|STATEMENT_EXECUTE|[27]
14:50:39.1 (9957366)|HEAP_ALLOCATE|[27]|Bytes:14
14:50:39.1 (9960536)|VARIABLE_ASSIGNMENT|[27]|this.MDW_CS_COUNTRY|"mdw-cs-country"|0x1324c708
14:50:39.1 (9962787)|STATEMENT_EXECUTE|[28]
14:50:39.1 (9963738)|HEAP_ALLOCATE|[28]|Bytes:11
14:50:39.1 (9967006)|VARIABLE_ASSIGNMENT|[28]|this.MDW_CS_DATE|"mdw-cs-date"|0x1324c708
14:50:39.1 (9969328)|STATEMENT_EXECUTE|[29]
14:50:39.1 (9970344)|HEAP_ALLOCATE|[29]|Bytes:11
14:50:39.1 (9973458)|VARIABLE_ASSIGNMENT|[29]|this.MDW_CS_HOUR|"mdw-cs-hour"|0x1324c708
14:50:39.1 (9975838)|STATEMENT_EXECUTE|[30]
14:50:39.1 (9976703)|STATEMENT_EXECUTE|[31]
14:50:39.1 (9977801)|HEAP_ALLOCATE|[31]|Bytes:7
14:50:39.1 (9980946)|VARIABLE_ASSIGNMENT|[31]|this.microServicio|"default"|0x1324c708
14:50:39.1 (9983314)|STATEMENT_EXECUTE|[34]
14:50:39.1 (9984695)|HEAP_ALLOCATE|[34]|Bytes:10
14:50:39.1 (9989543)|VARIABLE_ASSIGNMENT|[34]|this.GRANT_TYPE|"grant_type"|0x1324c708
14:50:39.1 (9991751)|STATEMENT_EXECUTE|[35]
14:50:39.1 (9992933)|HEAP_ALLOCATE|[35]|Bytes:8
14:50:39.1 (9996117)|VARIABLE_ASSIGNMENT|[35]|this.PASSWORD|"password"|0x1324c708
14:50:39.1 (9998513)|STATEMENT_EXECUTE|[36]
14:50:39.1 (9999821)|HEAP_ALLOCATE|[36]|Bytes:9
14:50:39.1 (10002842)|VARIABLE_ASSIGNMENT|[36]|this.CLIENT_ID|"client_id"|0x1324c708
14:50:39.1 (10005628)|STATEMENT_EXECUTE|[37]
14:50:39.1 (10006559)|HEAP_ALLOCATE|[37]|Bytes:13
14:50:39.1 (10009762)|VARIABLE_ASSIGNMENT|[37]|this.CLIENT_SECRET|"client_secret"|0x1324c708
14:50:39.1 (10012066)|STATEMENT_EXECUTE|[38]
14:50:39.1 (10012915)|HEAP_ALLOCATE|[38]|Bytes:13
14:50:39.1 (10016095)|VARIABLE_ASSIGNMENT|[38]|this.PROVISION_KEY|"provision_key"|0x1324c708
14:50:39.1 (10018676)|STATEMENT_EXECUTE|[39]
14:50:39.1 (10019534)|HEAP_ALLOCATE|[39]|Bytes:20
14:50:39.1 (10022684)|VARIABLE_ASSIGNMENT|[39]|this.AUTHENTICATED_USERID|"authenticated_userid"|0x1324c708
14:50:39.1 (10025051)|STATEMENT_EXECUTE|[40]
14:50:39.1 (10026176)|HEAP_ALLOCATE|[40]|Bytes:12
14:50:39.1 (10029021)|VARIABLE_ASSIGNMENT|[40]|this.AT|"access_token"|0x1324c708
14:50:39.1 (10031283)|STATEMENT_EXECUTE|[42]
14:50:39.1 (10032763)|HEAP_ALLOCATE|[42]|Bytes:13
14:50:39.1 (10035878)|VARIABLE_ASSIGNMENT|[42]|this.AUTH|"Authorization"|0x1324c708
14:50:39.1 (10038043)|STATEMENT_EXECUTE|[43]
14:50:39.1 (10039185)|HEAP_ALLOCATE|[43]|Bytes:6
14:50:39.1 (10042370)|VARIABLE_ASSIGNMENT|[43]|this.BEARER|"Bearer"|0x1324c708
14:50:39.1 (10044640)|STATEMENT_EXECUTE|[44]
14:50:39.1 (10045730)|HEAP_ALLOCATE|[44]|Bytes:12
14:50:39.1 (10049317)|VARIABLE_ASSIGNMENT|[44]|this.OAUTH|"oauth2/token"|0x1324c708
14:50:39.1 (10051692)|STATEMENT_EXECUTE|[47]
14:50:39.1 (10052712)|HEAP_ALLOCATE|[47]|Bytes:8
14:50:39.1 (10055905)|VARIABLE_ASSIGNMENT|[47]|this.SECCTION|"secction"|0x1324c708
14:50:39.1 (10058379)|STATEMENT_EXECUTE|[48]
14:50:39.1 (10059448)|HEAP_ALLOCATE|[48]|Bytes:10
14:50:39.1 (10062382)|VARIABLE_ASSIGNMENT|[48]|this.APIVERSION|"apiversion"|0x1324c708
14:50:39.1 (10064736)|STATEMENT_EXECUTE|[49]
14:50:39.1 (10065857)|HEAP_ALLOCATE|[49]|Bytes:5
14:50:39.1 (10069154)|VARIABLE_ASSIGNMENT|[49]|this.SCORETOKEN|"token"|0x1324c708
14:50:39.1 (10071430)|STATEMENT_EXECUTE|[52]
14:50:39.1 (10074070)|VARIABLE_ASSIGNMENT|[52]|this.access_token|""|0x1324c708
14:50:39.1 (10091608)|STATEMENT_EXECUTE|[54]
14:50:39.1 (10092625)|STATEMENT_EXECUTE|[55]
14:50:39.1 (10114510)|METHOD_ENTRY|[55]|01p0v000002OV5X|ClienteMicroServicios.setMicroServicio(String)
14:50:39.1 (10127853)|VARIABLE_SCOPE_BEGIN|[74]|this|ClienteMicroServicios|true|false
14:50:39.1 (10166117)|VARIABLE_ASSIGNMENT|[74]|this|{"access_token":"","APIVERSION":"apiversion","APP_JSON":"application/json","AT":"access_token","AUTH":"Authorization","AUTHENTICATED_USERID":"authenticated_userid","BACKEND":"backend","BASE_URL":"https://cmr-mx-busin (3 more) ...","BEARER":"Bearer","CLIENT_ID":"client_id","CLIENT_SECRET":"client_secret","CONT_TYPE":"Content-Type","endpoint":"products","GRANT_TYPE":"grant_type","MDW_CS_CHANNEL":"mdw-cs-channel","MDW_CS_COMMERCE":"mdw-cs-commerce","MDW_CS_COUNTRY":"mdw-cs-country","MDW_CS_DATE":"mdw-cs-date","MDW_CS_HOUR":"mdw-cs-hour","method":"POST","microServicio":"default","OAUTH":"oauth2/token","PASSWORD":"password","PROVISION_KEY":"provision_key","SCORETOKEN":"token","SECCTION":"secction","TIME_OUT":120000,"URI":".fif.tech/api/busine (3 more) ...","version":"v1"}|0x1324c708
14:50:39.1 (10173381)|VARIABLE_SCOPE_BEGIN|[74]|microServicio|String|false|false
14:50:39.1 (10177087)|VARIABLE_ASSIGNMENT|[74]|microServicio|"default"
14:50:39.1 (10180590)|STATEMENT_EXECUTE|[74]
14:50:39.1 (10181446)|STATEMENT_EXECUTE|[76]
14:50:39.1 (10185171)|VARIABLE_ASSIGNMENT|[76]|this.microServicio|"default"|0x1324c708
14:50:39.1 (10187868)|STATEMENT_EXECUTE|[77]
14:50:39.1 (10189402)|HEAP_ALLOCATE|[77]|Bytes:226
14:50:39.1 (10199969)|HEAP_ALLOCATE|[77]|Bytes:4
14:50:39.1 (10205616)|HEAP_ALLOCATE|[77]|Bytes:7
14:50:39.1 (12351034)|SOQL_EXECUTE_BEGIN|[77]|Aggregations:0|SELECT Ambiente__c, Channel__c, Commerce__c, Country__c, Client_ID__c, Client_Secret__c, Provision_Key__c, Authenticated_UserID__c, Section__c, Apiversion__c FROM Configuracion_Microservicio__mdt WHERE Label = :tmpVar1 LIMIT 1
14:50:39.1 (24408643)|SOQL_EXECUTE_END|[77]|Rows:1
14:50:39.1 (24453578)|HEAP_ALLOCATE|[77]|Bytes:8
14:50:39.1 (24478995)|HEAP_ALLOCATE|[77]|Bytes:277
14:50:39.1 (24629583)|HEAP_ALLOCATE|[77]|Bytes:8
14:50:39.1 (24651229)|HEAP_ALLOCATE|[77]|Bytes:58
14:50:39.1 (24731352)|HEAP_ALLOCATE|[77]|Bytes:40
14:50:39.1 (24852321)|VARIABLE_ASSIGNMENT|[77]|this.cm|{"Country__c":"MX","Client_Secret__c":"OTM5ZTgxMzIwNzI2ZGNl (12 more) ...","Ambiente__c":"qa","Authenticated_UserID__c":"0","Client_ID__c":"MTI3ZjBjNmE3NTg1ZTVm (12 more) ...","Id":"m080v0000000W1tAAE","Channel__c":"Web","Provision_Key__c":"MjU2NjIwMTFjYmJkZjJk (12 more) ...","Commerce__c":"CMR"}|0x1324c708
14:50:39.1 (24869945)|METHOD_EXIT|[55]|01p0v000002OV5X|ClienteMicroServicios.setMicroServicio(String)
14:50:39.1 (24885208)|CONSTRUCTOR_EXIT|[26]|01p0v000002OV5X|<init>()|ClienteMicroServicios
14:50:39.1 (24895156)|VARIABLE_ASSIGNMENT|[26]|this.cliente|0x1324c708|0x3497a6a7
14:50:39.1 (24903253)|STATEMENT_EXECUTE|[27]
14:50:39.1 (24928158)|METHOD_ENTRY|[27]|01p0v000002OV5X|ClienteMicroServicios.setMethod(String)
14:50:39.1 (24956833)|VARIABLE_SCOPE_BEGIN|[64]|this|ClienteMicroServicios|true|false
14:50:39.1 (25036557)|VARIABLE_ASSIGNMENT|[64]|this|{"access_token":"","APIVERSION":"apiversion","APP_JSON":"application/json","AT":"access_token","AUTH":"Authorization","AUTHENTICATED_USERID":"authenticated_userid","BACKEND":"backend","BASE_URL":"https://cmr-mx-busin (3 more) ...","BEARER":"Bearer","CLIENT_ID":"client_id","CLIENT_SECRET":"client_secret","cm":"0x4fb152f","CONT_TYPE":"Content-Type","endpoint":"products","GRANT_TYPE":"grant_type","MDW_CS_CHANNEL":"mdw-cs-channel","MDW_CS_COMMERCE":"mdw-cs-commerce","MDW_CS_COUNTRY":"mdw-cs-country","MDW_CS_DATE":"mdw-cs-date","MDW_CS_HOUR":"mdw-cs-hour","method":"POST","microServicio":"default","OAUTH":"oauth2/token","PASSWORD":"password","PROVISION_KEY":"provision_key","SCORETOKEN":"token","SECCTION":"secction","TIME_OUT":120000,"URI":".fif.tech/api/busine (3 more) ...","version":"v1"}|0x1324c708
14:50:39.1 (25047587)|VARIABLE_SCOPE_BEGIN|[64]|method|String|false|false
14:50:39.1 (25053456)|VARIABLE_ASSIGNMENT|[64]|method|"POST"
14:50:39.1 (25061060)|STATEMENT_EXECUTE|[64]
14:50:39.1 (25062815)|STATEMENT_EXECUTE|[66]
14:50:39.1 (25067585)|VARIABLE_ASSIGNMENT|[66]|this.method|"POST"|0x1324c708
14:50:39.1 (25073477)|METHOD_EXIT|[27]|01p0v000002OV5X|ClienteMicroServicios.setMethod(String)
14:50:39.1 (25077982)|STATEMENT_EXECUTE|[28]
14:50:39.1 (25085207)|METHOD_ENTRY|[28]|01p0v000002OV5X|ClienteMicroServicios.setEndpoint(String)
14:50:39.1 (25093529)|VARIABLE_SCOPE_BEGIN|[59]|this|ClienteMicroServicios|true|false
14:50:39.1 (25131830)|VARIABLE_ASSIGNMENT|[59]|this|{"access_token":"","APIVERSION":"apiversion","APP_JSON":"application/json","AT":"access_token","AUTH":"Authorization","AUTHENTICATED_USERID":"authenticated_userid","BACKEND":"backend","BASE_URL":"https://cmr-mx-busin (3 more) ...","BEARER":"Bearer","CLIENT_ID":"client_id","CLIENT_SECRET":"client_secret","cm":"0x4fb152f","CONT_TYPE":"Content-Type","endpoint":"products","GRANT_TYPE":"grant_type","MDW_CS_CHANNEL":"mdw-cs-channel","MDW_CS_COMMERCE":"mdw-cs-commerce","MDW_CS_COUNTRY":"mdw-cs-country","MDW_CS_DATE":"mdw-cs-date","MDW_CS_HOUR":"mdw-cs-hour","method":"POST","microServicio":"default","OAUTH":"oauth2/token","PASSWORD":"password","PROVISION_KEY":"provision_key","SCORETOKEN":"token","SECCTION":"secction","TIME_OUT":120000,"URI":".fif.tech/api/busine (3 more) ...","version":"v1"}|0x1324c708
14:50:39.1 (25141873)|VARIABLE_SCOPE_BEGIN|[59]|endpoint|String|false|false
14:50:39.1 (25147307)|VARIABLE_ASSIGNMENT|[59]|endpoint|"client/get/data"
14:50:39.1 (25152279)|STATEMENT_EXECUTE|[59]
14:50:39.1 (25153624)|STATEMENT_EXECUTE|[61]
14:50:39.1 (25157957)|VARIABLE_ASSIGNMENT|[61]|this.endpoint|"client/get/data"|0x1324c708
14:50:39.1 (25163197)|METHOD_EXIT|[28]|01p0v000002OV5X|ClienteMicroServicios.setEndpoint(String)
14:50:39.1 (25166935)|STATEMENT_EXECUTE|[29]
14:50:39.1 (25172730)|METHOD_ENTRY|[29]|01p0v000002OV5X|ClienteMicroServicios.setMicroServicio(String)
14:50:39.1 (25179177)|VARIABLE_SCOPE_BEGIN|[74]|this|ClienteMicroServicios|true|false
14:50:39.1 (25209560)|VARIABLE_ASSIGNMENT|[74]|this|{"access_token":"","APIVERSION":"apiversion","APP_JSON":"application/json","AT":"access_token","AUTH":"Authorization","AUTHENTICATED_USERID":"authenticated_userid","BACKEND":"backend","BASE_URL":"https://cmr-mx-busin (3 more) ...","BEARER":"Bearer","CLIENT_ID":"client_id","CLIENT_SECRET":"client_secret","cm":"0x4fb152f","CONT_TYPE":"Content-Type","endpoint":"client/get/data","GRANT_TYPE":"grant_type","MDW_CS_CHANNEL":"mdw-cs-channel","MDW_CS_COMMERCE":"mdw-cs-commerce","MDW_CS_COUNTRY":"mdw-cs-country","MDW_CS_DATE":"mdw-cs-date","MDW_CS_HOUR":"mdw-cs-hour","method":"POST","microServicio":"default","OAUTH":"oauth2/token","PASSWORD":"password","PROVISION_KEY":"provision_key","SCORETOKEN":"token","SECCTION":"secction","TIME_OUT":120000,"URI":".fif.tech/api/busine (3 more) ...","version":"v1"}|0x1324c708
14:50:39.1 (25218397)|VARIABLE_SCOPE_BEGIN|[74]|microServicio|String|false|false
14:50:39.1 (25224437)|VARIABLE_ASSIGNMENT|[74]|microServicio|"MicroServicioCustome (5 more) ..."
14:50:39.1 (25228817)|STATEMENT_EXECUTE|[74]
14:50:39.1 (25230208)|STATEMENT_EXECUTE|[76]
14:50:39.1 (25234997)|VARIABLE_ASSIGNMENT|[76]|this.microServicio|"MicroServicioCustome (5 more) ..."|0x1324c708
14:50:39.1 (25239358)|STATEMENT_EXECUTE|[77]
14:50:39.1 (25254660)|HEAP_ALLOCATE|[77]|Bytes:4
14:50:39.1 (25769074)|SOQL_EXECUTE_BEGIN|[77]|Aggregations:0|SELECT Ambiente__c, Channel__c, Commerce__c, Country__c, Client_ID__c, Client_Secret__c, Provision_Key__c, Authenticated_UserID__c, Section__c, Apiversion__c FROM Configuracion_Microservicio__mdt WHERE Label = :tmpVar1 LIMIT 1
14:50:39.1 (28345416)|SOQL_EXECUTE_END|[77]|Rows:1
14:50:39.1 (28375049)|HEAP_ALLOCATE|[77]|Bytes:8
14:50:39.1 (28397023)|HEAP_ALLOCATE|[77]|Bytes:277
14:50:39.1 (28438854)|HEAP_ALLOCATE|[77]|Bytes:8
14:50:39.1 (28468295)|HEAP_ALLOCATE|[77]|Bytes:40
14:50:39.1 (28584773)|VARIABLE_ASSIGNMENT|[77]|this.cm|{"Country__c":"MX","Client_Secret__c":"OTM5ZTgxMzIwNzI2ZGNl (12 more) ...","Ambiente__c":"qa","Authenticated_UserID__c":"0","Client_ID__c":"MTI3ZjBjNmE3NTg1ZTVm (12 more) ...","Id":"m080v0000004rRfAAI","Channel__c":"Web","Provision_Key__c":"NmM4Y2JkMDM0YjgwYWU3 (12 more) ...","Commerce__c":"CMR"}|0x1324c708
14:50:39.1 (28601797)|METHOD_EXIT|[29]|01p0v000002OV5X|ClienteMicroServicios.setMicroServicio(String)
14:50:39.1 (28610966)|STATEMENT_EXECUTE|[30]
14:50:39.1 (28631582)|METHOD_ENTRY|[30]|01p0v000002OV5X|ClienteMicroServicios.generarToken()
14:50:39.1 (28654825)|VARIABLE_SCOPE_BEGIN|[83]|this|ClienteMicroServicios|true|false
14:50:39.1 (28739364)|VARIABLE_ASSIGNMENT|[83]|this|{"access_token":"","APIVERSION":"apiversion","APP_JSON":"application/json","AT":"access_token","AUTH":"Authorization","AUTHENTICATED_USERID":"authenticated_userid","BACKEND":"backend","BASE_URL":"https://cmr-mx-busin (3 more) ...","BEARER":"Bearer","CLIENT_ID":"client_id","CLIENT_SECRET":"client_secret","cm":"0x1826ce65","CONT_TYPE":"Content-Type","endpoint":"client/get/data","GRANT_TYPE":"grant_type","MDW_CS_CHANNEL":"mdw-cs-channel","MDW_CS_COMMERCE":"mdw-cs-commerce","MDW_CS_COUNTRY":"mdw-cs-country","MDW_CS_DATE":"mdw-cs-date","MDW_CS_HOUR":"mdw-cs-hour","method":"POST","microServicio":"MicroServicioCustome (5 more) ...","OAUTH":"oauth2/token","PASSWORD":"password","PROVISION_KEY":"provision_key","SCORETOKEN":"token","SECCTION":"secction","TIME_OUT":120000,"URI":".fif.tech/api/busine (3 more) ...","version":"v1"}|0x1324c708
14:50:39.1 (28756865)|STATEMENT_EXECUTE|[83]
14:50:39.1 (28758408)|STATEMENT_EXECUTE|[86]
14:50:39.1 (28772008)|HEAP_ALLOCATE|[86]|Bytes:4
14:50:39.1 (28915082)|VARIABLE_SCOPE_BEGIN|[86]|params|Map<String,String>|true|false
14:50:39.1 (28945155)|VARIABLE_ASSIGNMENT|[86]|params|{"grant_type":"password","client_id":"MTI3ZjBjNmE3NTg1ZTVm (12 more) ...","client_secret":"OTM5ZTgxMzIwNzI2ZGNl (12 more) ...","provision_key":"NmM4Y2JkMDM0YjgwYWU3 (12 more) ...","authenticated_userid":"0"}|0x5549906f
14:50:39.1 (28952587)|STATEMENT_EXECUTE|[92]
14:50:39.1 (28964497)|METHOD_ENTRY|[92]|01p0v000002OV5X|ClienteMicroServicios.obtenerURLENDPOINT()
14:50:39.1 (28978234)|VARIABLE_SCOPE_BEGIN|[115]|this|ClienteMicroServicios|true|false
14:50:39.1 (29034449)|VARIABLE_ASSIGNMENT|[115]|this|{"access_token":"","APIVERSION":"apiversion","APP_JSON":"application/json","AT":"access_token","AUTH":"Authorization","AUTHENTICATED_USERID":"authenticated_userid","BACKEND":"backend","BASE_URL":"https://cmr-mx-busin (3 more) ...","BEARER":"Bearer","CLIENT_ID":"client_id","CLIENT_SECRET":"client_secret","cm":"0x1826ce65","CONT_TYPE":"Content-Type","endpoint":"client/get/data","GRANT_TYPE":"grant_type","MDW_CS_CHANNEL":"mdw-cs-channel","MDW_CS_COMMERCE":"mdw-cs-commerce","MDW_CS_COUNTRY":"mdw-cs-country","MDW_CS_DATE":"mdw-cs-date","MDW_CS_HOUR":"mdw-cs-hour","method":"POST","microServicio":"MicroServicioCustome (5 more) ...","OAUTH":"oauth2/token","PASSWORD":"password","PROVISION_KEY":"provision_key","SCORETOKEN":"token","SECCTION":"secction","TIME_OUT":120000,"URI":".fif.tech/api/busine (3 more) ...","version":"v1"}|0x1324c708
14:50:39.1 (29049906)|STATEMENT_EXECUTE|[115]
14:50:39.1 (29051786)|STATEMENT_EXECUTE|[117]
14:50:39.1 (29055423)|VARIABLE_SCOPE_BEGIN|[117]|url|String|false|false
14:50:39.1 (29062306)|VARIABLE_ASSIGNMENT|[117]|url|""
14:50:39.1 (29065744)|STATEMENT_EXECUTE|[118]
14:50:39.1 (29068776)|HEAP_ALLOCATE|[118]|Bytes:1
14:50:39.1 (29097495)|HEAP_ALLOCATE|[118]|Bytes:3
14:50:39.1 (29103056)|VARIABLE_SCOPE_BEGIN|[118]|Enviroment|String|false|false
14:50:39.1 (29110825)|VARIABLE_ASSIGNMENT|[118]|Enviroment|"-qa"
14:50:39.1 (29118604)|STATEMENT_EXECUTE|[120]
14:50:39.1 (29119968)|STATEMENT_EXECUTE|[122]
14:50:39.1 (29123063)|HEAP_ALLOCATE|[122]|Bytes:1
14:50:39.1 (29135026)|HEAP_ALLOCATE|[122]|Bytes:59
14:50:39.1 (29140096)|HEAP_ALLOCATE|[122]|Bytes:16
14:50:39.1 (29143695)|HEAP_ALLOCATE|[122]|Bytes:75
14:50:39.1 (29149533)|VARIABLE_ASSIGNMENT|[122]|url|"https://cmr-mx-busin (55 more) ..."
14:50:39.1 (29154236)|STATEMENT_EXECUTE|[129]
14:50:39.1 (29159202)|METHOD_EXIT|[92]|01p0v000002OV5X|ClienteMicroServicios.obtenerURLENDPOINT()
14:50:39.1 (29168292)|HEAP_ALLOCATE|[92]|Bytes:88
14:50:39.1 (29171667)|VARIABLE_SCOPE_BEGIN|[92]|url|String|false|false
14:50:39.1 (29179222)|VARIABLE_ASSIGNMENT|[92]|url|"https://cmr-mx-busin (68 more) ..."
14:50:39.1 (29182797)|STATEMENT_EXECUTE|[94]
14:50:39.1 (29191380)|METHOD_ENTRY|[94]|01p0v000002OV5X|ClienteMicroServicios.crearRequest(Map<String,String>)
14:50:39.1 (29203279)|VARIABLE_SCOPE_BEGIN|[132]|this|ClienteMicroServicios|true|false
14:50:39.1 (29249866)|VARIABLE_ASSIGNMENT|[132]|this|{"access_token":"","APIVERSION":"apiversion","APP_JSON":"application/json","AT":"access_token","AUTH":"Authorization","AUTHENTICATED_USERID":"authenticated_userid","BACKEND":"backend","BASE_URL":"https://cmr-mx-busin (3 more) ...","BEARER":"Bearer","CLIENT_ID":"client_id","CLIENT_SECRET":"client_secret","cm":"0x1826ce65","CONT_TYPE":"Content-Type","endpoint":"client/get/data","GRANT_TYPE":"grant_type","MDW_CS_CHANNEL":"mdw-cs-channel","MDW_CS_COMMERCE":"mdw-cs-commerce","MDW_CS_COUNTRY":"mdw-cs-country","MDW_CS_DATE":"mdw-cs-date","MDW_CS_HOUR":"mdw-cs-hour","method":"POST","microServicio":"MicroServicioCustome (5 more) ...","OAUTH":"oauth2/token","PASSWORD":"password","PROVISION_KEY":"provision_key","SCORETOKEN":"token","SECCTION":"secction","TIME_OUT":120000,"URI":".fif.tech/api/busine (3 more) ...","version":"v1"}|0x1324c708
14:50:39.1 (29262422)|VARIABLE_SCOPE_BEGIN|[132]|params|Map<String,String>|true|false
14:50:39.1 (29290508)|VARIABLE_ASSIGNMENT|[132]|params|{"grant_type":"password","client_id":"MTI3ZjBjNmE3NTg1ZTVm (12 more) ...","client_secret":"OTM5ZTgxMzIwNzI2ZGNl (12 more) ...","provision_key":"NmM4Y2JkMDM0YjgwYWU3 (12 more) ...","authenticated_userid":"0"}|0x5549906f
14:50:39.1 (29298786)|STATEMENT_EXECUTE|[132]
14:50:39.1 (29300396)|STATEMENT_EXECUTE|[134]
14:50:39.1 (29331720)|VARIABLE_SCOPE_BEGIN|[134]|http|System.Http|true|false
14:50:39.1 (29582124)|VARIABLE_ASSIGNMENT|[134]|http|"System.Http[]"|0x2e084539
14:50:39.1 (29590300)|STATEMENT_EXECUTE|[135]
14:50:39.1 (29609060)|VARIABLE_SCOPE_BEGIN|[135]|req|System.HttpRequest|true|false
14:50:39.1 (29671535)|VARIABLE_ASSIGNMENT|[135]|req|"System.HttpRequest[Endpoint=null, Method=null]"|0x6ed2c746
14:50:39.1 (29678082)|STATEMENT_EXECUTE|[136]
14:50:39.1 (29745385)|HEAP_ALLOCATE|[136]|Bytes:24
14:50:39.1 (29763975)|SYSTEM_METHOD_ENTRY|[1]|JSON.JSON()
14:50:39.1 (29768342)|STATEMENT_EXECUTE|[1]
14:50:39.1 (29779141)|SYSTEM_METHOD_EXIT|[1]|JSON
14:50:39.1 (29793341)|METHOD_ENTRY|[136]||System.JSON.serialize(Object)
14:50:39.1 (30452602)|METHOD_EXIT|[136]||System.JSON.serialize(Object)
14:50:39.1 (30549800)|STATEMENT_EXECUTE|[138]
14:50:39.1 (30562619)|METHOD_ENTRY|[138]|01p0v000002OV5X|ClienteMicroServicios.crearRequest_v1_v2(System.HttpRequest)
14:50:39.1 (30577815)|VARIABLE_SCOPE_BEGIN|[181]|this|ClienteMicroServicios|true|false
14:50:39.1 (30647712)|VARIABLE_ASSIGNMENT|[181]|this|{"access_token":"","APIVERSION":"apiversion","APP_JSON":"application/json","AT":"access_token","AUTH":"Authorization","AUTHENTICATED_USERID":"authenticated_userid","BACKEND":"backend","BASE_URL":"https://cmr-mx-busin (3 more) ...","BEARER":"Bearer","CLIENT_ID":"client_id","CLIENT_SECRET":"client_secret","cm":"0x1826ce65","CONT_TYPE":"Content-Type","endpoint":"client/get/data","GRANT_TYPE":"grant_type","MDW_CS_CHANNEL":"mdw-cs-channel","MDW_CS_COMMERCE":"mdw-cs-commerce","MDW_CS_COUNTRY":"mdw-cs-country","MDW_CS_DATE":"mdw-cs-date","MDW_CS_HOUR":"mdw-cs-hour","method":"POST","microServicio":"MicroServicioCustome (5 more) ...","OAUTH":"oauth2/token","PASSWORD":"password","PROVISION_KEY":"provision_key","SCORETOKEN":"token","SECCTION":"secction","TIME_OUT":120000,"URI":".fif.tech/api/busine (3 more) ...","version":"v1"}|0x1324c708
14:50:39.1 (30659992)|VARIABLE_SCOPE_BEGIN|[181]|req|System.HttpRequest|true|false
14:50:39.1 (30751511)|VARIABLE_ASSIGNMENT|[181]|req|"System.HttpRequest[Endpoint=null, Method=null]"|0x6ed2c746
14:50:39.1 (30759885)|STATEMENT_EXECUTE|[181]
14:50:39.1 (30762214)|STATEMENT_EXECUTE|[183]
14:50:39.1 (30770268)|METHOD_ENTRY|[183]|01p0v000002OV5X|ClienteMicroServicios.obtenerURLENDPOINT()
14:50:39.1 (30779997)|VARIABLE_SCOPE_BEGIN|[115]|this|ClienteMicroServicios|true|false
14:50:39.1 (30821814)|VARIABLE_ASSIGNMENT|[115]|this|{"access_token":"","APIVERSION":"apiversion","APP_JSON":"application/json","AT":"access_token","AUTH":"Authorization","AUTHENTICATED_USERID":"authenticated_userid","BACKEND":"backend","BASE_URL":"https://cmr-mx-busin (3 more) ...","BEARER":"Bearer","CLIENT_ID":"client_id","CLIENT_SECRET":"client_secret","cm":"0x1826ce65","CONT_TYPE":"Content-Type","endpoint":"client/get/data","GRANT_TYPE":"grant_type","MDW_CS_CHANNEL":"mdw-cs-channel","MDW_CS_COMMERCE":"mdw-cs-commerce","MDW_CS_COUNTRY":"mdw-cs-country","MDW_CS_DATE":"mdw-cs-date","MDW_CS_HOUR":"mdw-cs-hour","method":"POST","microServicio":"MicroServicioCustome (5 more) ...","OAUTH":"oauth2/token","PASSWORD":"password","PROVISION_KEY":"provision_key","SCORETOKEN":"token","SECCTION":"secction","TIME_OUT":120000,"URI":".fif.tech/api/busine (3 more) ...","version":"v1"}|0x1324c708
14:50:39.1 (30834811)|STATEMENT_EXECUTE|[115]
14:50:39.1 (30836615)|STATEMENT_EXECUTE|[117]
14:50:39.1 (30839899)|VARIABLE_SCOPE_BEGIN|[117]|url|String|false|false
14:50:39.1 (30846836)|VARIABLE_ASSIGNMENT|[117]|url|""
14:50:39.1 (30849824)|STATEMENT_EXECUTE|[118]
14:50:39.1 (30864707)|HEAP_ALLOCATE|[118]|Bytes:3
14:50:39.1 (30869992)|VARIABLE_SCOPE_BEGIN|[118]|Enviroment|String|false|false
14:50:39.1 (30876584)|VARIABLE_ASSIGNMENT|[118]|Enviroment|"-qa"
14:50:39.1 (30882044)|STATEMENT_EXECUTE|[120]
14:50:39.1 (30883279)|STATEMENT_EXECUTE|[122]
14:50:39.1 (30888367)|HEAP_ALLOCATE|[122]|Bytes:59
14:50:39.1 (30892413)|HEAP_ALLOCATE|[122]|Bytes:16
14:50:39.1 (30895986)|HEAP_ALLOCATE|[122]|Bytes:75
14:50:39.1 (30901289)|VARIABLE_ASSIGNMENT|[122]|url|"https://cmr-mx-busin (55 more) ..."
14:50:39.1 (30905173)|STATEMENT_EXECUTE|[129]
14:50:39.1 (30908499)|METHOD_EXIT|[183]|01p0v000002OV5X|ClienteMicroServicios.obtenerURLENDPOINT()
14:50:39.1 (30912509)|VARIABLE_SCOPE_BEGIN|[183]|url|String|false|false
14:50:39.1 (30918998)|VARIABLE_ASSIGNMENT|[183]|url|"https://cmr-mx-busin (55 more) ..."
14:50:39.1 (30922457)|STATEMENT_EXECUTE|[185]
14:50:39.1 (30957234)|VARIABLE_SCOPE_BEGIN|[185]|strChannel|String|false|false
14:50:39.1 (30964134)|VARIABLE_ASSIGNMENT|[185]|strChannel|"Web"
14:50:39.1 (30967384)|STATEMENT_EXECUTE|[186]
14:50:39.1 (30975085)|VARIABLE_SCOPE_BEGIN|[186]|strCommerce|String|false|false
14:50:39.1 (30981333)|VARIABLE_ASSIGNMENT|[186]|strCommerce|"CMR"
14:50:39.1 (30984655)|STATEMENT_EXECUTE|[187]
14:50:39.1 (30992031)|VARIABLE_SCOPE_BEGIN|[187]|strCountry|String|false|false
14:50:39.1 (30998501)|VARIABLE_ASSIGNMENT|[187]|strCountry|"MX"
14:50:39.1 (31001499)|STATEMENT_EXECUTE|[189]
14:50:39.1 (31046287)|STATEMENT_EXECUTE|[190]
14:50:39.1 (31059421)|STATEMENT_EXECUTE|[191]
14:50:39.1 (31076129)|STATEMENT_EXECUTE|[192]
14:50:39.1 (31095143)|STATEMENT_EXECUTE|[193]
14:50:39.1 (31106993)|STATEMENT_EXECUTE|[194]
14:50:39.1 (31117796)|STATEMENT_EXECUTE|[195]
14:50:39.1 (31165231)|STATEMENT_EXECUTE|[197]
14:50:39.1 (31166701)|STATEMENT_EXECUTE|[202]
14:50:39.1 (31173340)|METHOD_ENTRY|[202]|01p0v000002OV5X|ClienteMicroServicios.imprimirRequest(System.HttpRequest)
14:50:39.1 (31181508)|VARIABLE_SCOPE_BEGIN|[215]|this|ClienteMicroServicios|true|false
14:50:39.1 (31227703)|VARIABLE_ASSIGNMENT|[215]|this|{"access_token":"","APIVERSION":"apiversion","APP_JSON":"application/json","AT":"access_token","AUTH":"Authorization","AUTHENTICATED_USERID":"authenticated_userid","BACKEND":"backend","BASE_URL":"https://cmr-mx-busin (3 more) ...","BEARER":"Bearer","CLIENT_ID":"client_id","CLIENT_SECRET":"client_secret","cm":"0x1826ce65","CONT_TYPE":"Content-Type","endpoint":"client/get/data","GRANT_TYPE":"grant_type","MDW_CS_CHANNEL":"mdw-cs-channel","MDW_CS_COMMERCE":"mdw-cs-commerce","MDW_CS_COUNTRY":"mdw-cs-country","MDW_CS_DATE":"mdw-cs-date","MDW_CS_HOUR":"mdw-cs-hour","method":"POST","microServicio":"MicroServicioCustome (5 more) ...","OAUTH":"oauth2/token","PASSWORD":"password","PROVISION_KEY":"provision_key","SCORETOKEN":"token","SECCTION":"secction","TIME_OUT":120000,"URI":".fif.tech/api/busine (3 more) ...","version":"v1"}|0x1324c708
14:50:39.1 (31238898)|VARIABLE_SCOPE_BEGIN|[215]|req|System.HttpRequest|true|false
14:50:39.1 (31303363)|VARIABLE_ASSIGNMENT|[215]|req|"System.HttpRequest[Endpoint=https://cmr-mx-business-qa.fif.tech/api/business/v1/backend/client/get/data, Method=POST]"|0x6ed2c746
14:50:39.1 (31310600)|STATEMENT_EXECUTE|[215]
14:50:39.1 (31311977)|STATEMENT_EXECUTE|[217]
14:50:39.1 (31314353)|HEAP_ALLOCATE|[217]|Bytes:5
14:50:39.1 (31337611)|HEAP_ALLOCATE|[217]|Bytes:117
14:50:39.1 (31347211)|HEAP_ALLOCATE|[217]|Bytes:122
14:50:39.1 (31362292)|USER_DEBUG|[217]|DEBUG|REQ: System.HttpRequest[Endpoint=https://cmr-mx-business-qa.fif.tech/api/business/v1/backend/client/get/data, Method=POST]
14:50:39.1 (31368903)|STATEMENT_EXECUTE|[218]
14:50:39.1 (31370620)|HEAP_ALLOCATE|[218]|Bytes:30
14:50:39.1 (31395726)|HEAP_ALLOCATE|[218]|Bytes:16
14:50:39.1 (31401472)|HEAP_ALLOCATE|[218]|Bytes:46
14:50:39.1 (31406990)|USER_DEBUG|[218]|DEBUG|req.getHeader(Content-Type):  application/json
14:50:39.1 (31412342)|STATEMENT_EXECUTE|[219]
14:50:39.1 (31413915)|HEAP_ALLOCATE|[219]|Bytes:32
14:50:39.1 (31427357)|HEAP_ALLOCATE|[219]|Bytes:3
14:50:39.1 (31432292)|HEAP_ALLOCATE|[219]|Bytes:35
14:50:39.1 (31437448)|USER_DEBUG|[219]|DEBUG|req.getHeader(mdw-cs-channel):  Web
14:50:39.1 (31442377)|STATEMENT_EXECUTE|[220]
14:50:39.1 (31444020)|HEAP_ALLOCATE|[220]|Bytes:33
14:50:39.1 (31453152)|HEAP_ALLOCATE|[220]|Bytes:3
14:50:39.1 (31458024)|HEAP_ALLOCATE|[220]|Bytes:36
14:50:39.1 (31463147)|USER_DEBUG|[220]|DEBUG|req.getHeader(mdw-cs-commerce):  CMR
14:50:39.1 (31468341)|STATEMENT_EXECUTE|[221]
14:50:39.1 (31469702)|HEAP_ALLOCATE|[221]|Bytes:32
14:50:39.1 (31479045)|HEAP_ALLOCATE|[221]|Bytes:2
14:50:39.1 (31484079)|HEAP_ALLOCATE|[221]|Bytes:34
14:50:39.1 (31489152)|USER_DEBUG|[221]|DEBUG|req.getHeader(mdw-cs-country):  MX
14:50:39.1 (31494027)|STATEMENT_EXECUTE|[222]
14:50:39.1 (31495385)|HEAP_ALLOCATE|[222]|Bytes:16
14:50:39.1 (31520042)|HEAP_ALLOCATE|[222]|Bytes:201
14:50:39.1 (31525158)|HEAP_ALLOCATE|[222]|Bytes:217
14:50:39.1 (31530171)|USER_DEBUG|[222]|DEBUG|req.getBody():  {"authenticated_userid":"0","provision_key":"NmM4Y2JkMDM0YjgwYWU3OWZlNjE1YWY1","client_secret":"OTM5ZTgxMzIwNzI2ZGNlYmFhNzU0ZmY2","client_id":"MTI3ZjBjNmE3NTg1ZTVmOTY2NzYwYzQy","grant_type":"password"}
14:50:39.1 (31538452)|METHOD_EXIT|[202]|01p0v000002OV5X|ClienteMicroServicios.imprimirRequest(System.HttpRequest)
14:50:39.1 (31542346)|STATEMENT_EXECUTE|[204]
14:50:39.1 (31545475)|METHOD_EXIT|[138]|01p0v000002OV5X|ClienteMicroServicios.crearRequest_v1_v2(System.HttpRequest)
14:50:39.1 (31550699)|METHOD_EXIT|[94]|01p0v000002OV5X|ClienteMicroServicios.crearRequest(Map<String,String>)
14:50:39.1 (31555143)|VARIABLE_SCOPE_BEGIN|[94]|req|System.HttpRequest|true|false
14:50:39.1 (31599177)|VARIABLE_ASSIGNMENT|[94]|req|"System.HttpRequest[Endpoint=https://cmr-mx-business-qa.fif.tech/api/business/v1/backend/client/get/data, Method=POST]"|0x6ed2c746
14:50:39.1 (31604230)|STATEMENT_EXECUTE|[95]
14:50:39.1 (31610191)|VARIABLE_SCOPE_BEGIN|[95]|res|System.HttpResponse|true|false
14:50:39.1 (31617401)|VARIABLE_ASSIGNMENT|[95]|res|null|
14:50:39.1 (31620681)|STATEMENT_EXECUTE|[97]
14:50:39.1 (31677993)|HEAP_ALLOCATE|[98]|Bytes:118
14:50:39.1 (31689617)|SYSTEM_METHOD_ENTRY|[1]|Test.Test()
14:50:39.1 (31692223)|STATEMENT_EXECUTE|[1]
14:50:39.1 (31698631)|SYSTEM_METHOD_EXIT|[1]|Test
14:50:39.1 (31705826)|METHOD_ENTRY|[98]||System.Test.isRunningTest()
14:50:39.1 (31726789)|METHOD_EXIT|[98]||System.Test.isRunningTest()
14:50:39.1 (31732530)|STATEMENT_EXECUTE|[98]
14:50:39.1 (31734236)|STATEMENT_EXECUTE|[99]
14:50:39.1 (31741356)|METHOD_ENTRY|[99]|01p0v000002OV5X|ClienteMicroServicios.enviarRequest(System.HttpRequest)
14:50:39.1 (31747913)|VARIABLE_SCOPE_BEGIN|[225]|this|ClienteMicroServicios|true|false
14:50:39.1 (31797316)|VARIABLE_ASSIGNMENT|[225]|this|{"access_token":"","APIVERSION":"apiversion","APP_JSON":"application/json","AT":"access_token","AUTH":"Authorization","AUTHENTICATED_USERID":"authenticated_userid","BACKEND":"backend","BASE_URL":"https://cmr-mx-busin (3 more) ...","BEARER":"Bearer","CLIENT_ID":"client_id","CLIENT_SECRET":"client_secret","cm":"0x1826ce65","CONT_TYPE":"Content-Type","endpoint":"client/get/data","GRANT_TYPE":"grant_type","MDW_CS_CHANNEL":"mdw-cs-channel","MDW_CS_COMMERCE":"mdw-cs-commerce","MDW_CS_COUNTRY":"mdw-cs-country","MDW_CS_DATE":"mdw-cs-date","MDW_CS_HOUR":"mdw-cs-hour","method":"POST","microServicio":"MicroServicioCustome (5 more) ...","OAUTH":"oauth2/token","PASSWORD":"password","PROVISION_KEY":"provision_key","SCORETOKEN":"token","SECCTION":"secction","TIME_OUT":120000,"URI":".fif.tech/api/busine (3 more) ...","version":"v1"}|0x1324c708
14:50:39.1 (31809001)|VARIABLE_SCOPE_BEGIN|[225]|req|System.HttpRequest|true|false
14:50:39.1 (31849960)|VARIABLE_ASSIGNMENT|[225]|req|"System.HttpRequest[Endpoint=https://cmr-mx-business-qa.fif.tech/api/business/v1/backend/client/get/data/oauth2/token, Method=POST]"|0x6ed2c746
14:50:39.1 (31856627)|STATEMENT_EXECUTE|[225]
14:50:39.1 (31857965)|STATEMENT_EXECUTE|[227]
14:50:39.1 (32034690)|VARIABLE_SCOPE_BEGIN|[227]|http|System.Http|true|false
14:50:39.1 (32080812)|VARIABLE_ASSIGNMENT|[227]|http|"System.Http[]"|0x46cd843b
14:50:39.1 (32085893)|STATEMENT_EXECUTE|[228]
14:50:39.1 (32166489)|CALLOUT_REQUEST|[228]|System.HttpRequest[Endpoint=https://cmr-mx-business-qa.fif.tech/api/business/v1/backend/client/get/data/oauth2/token, Method=POST]
14:50:39.1 (241252056)|HEAP_ALLOCATE|[EXTERNAL]|Bytes:990
14:50:39.1 (243499141)|CALLOUT_RESPONSE|[228]|System.HttpResponse[Status=OK, StatusCode=200]
14:50:39.1 (243529156)|HEAP_ALLOCATE|[228]|Bytes:146
14:50:39.1 (243563023)|METHOD_EXIT|[99]|01p0v000002OV5X|ClienteMicroServicios.enviarRequest(System.HttpRequest)
14:50:39.1 (243628550)|VARIABLE_ASSIGNMENT|[99]|res|"System.HttpResponse[Status=OK, StatusCode=200]"|0x7d5bdb7
14:50:39.1 (243638275)|STATEMENT_EXECUTE|[108]
14:50:39.1 (243704364)|HEAP_ALLOCATE|[108]|Bytes:140
14:50:39.1 (245012513)|HEAP_ALLOCATE|[108]|Bytes:5
14:50:39.1 (245021830)|HEAP_ALLOCATE|[108]|Bytes:2
14:50:39.1 (245035156)|METHOD_ENTRY|[5]|01p0v000003GpM8|oAuthJSON.oAuthJSON()
14:50:39.1 (245039993)|STATEMENT_EXECUTE|[5]
14:50:39.1 (245046300)|STATEMENT_EXECUTE|[5]
14:50:39.1 (245047343)|STATEMENT_EXECUTE|[7]
14:50:39.1 (245053837)|METHOD_EXIT|[5]|oAuthJSON
14:50:39.1 (245065253)|METHOD_ENTRY|[108]|01p0v000003GpM8|oAuthJSON.parse(String)
14:50:39.1 (245071971)|VARIABLE_SCOPE_BEGIN|[15]|json|String|false|false
14:50:39.1 (245087100)|VARIABLE_ASSIGNMENT|[15]|json|"{\"token_type\":\"beare (120 more) ..."
14:50:39.1 (245093377)|STATEMENT_EXECUTE|[15]
14:50:39.1 (245094421)|STATEMENT_EXECUTE|[16]
14:50:39.1 (245097886)|HEAP_ALLOCATE|[16]|Bytes:15
14:50:39.1 (245289158)|HEAP_ALLOCATE|[16]|Bytes:33
14:50:39.1 (245298079)|SYSTEM_METHOD_ENTRY|[1]|Type.Type()
14:50:39.1 (245299851)|STATEMENT_EXECUTE|[1]
14:50:39.1 (245305159)|SYSTEM_METHOD_EXIT|[1]|Type
14:50:39.1 (245312570)|HEAP_ALLOCATE|[16]|Bytes:8
14:50:39.1 (245328724)|HEAP_ALLOCATE|[16]|Bytes:8
14:50:39.1 (245336274)|VARIABLE_SCOPE_BEGIN|[4]|this|System.Type|true|false
14:50:39.1 (245366563)|VARIABLE_ASSIGNMENT|[4]|this|{}|0x530a1923
14:50:39.1 (245370398)|VARIABLE_SCOPE_BEGIN|[4]|apextype|java:common.apex.runtime.ApexObjectType|true|false
14:50:39.1 (245434402)|VARIABLE_ASSIGNMENT|[4]|apextype|"oAuthJSON.oAuth"|0x224a0783
14:50:39.1 (245468470)|HEAP_ALLOCATE|[16]|Bytes:8
14:50:39.1 (245479300)|METHOD_ENTRY|[16]||System.JSON.deserialize(String, System.Type)
14:50:39.1 (245666911)|METHOD_EXIT|[16]||System.JSON.deserialize(String, System.Type)
14:50:39.1 (245673244)|METHOD_EXIT|[108]|01p0v000003GpM8|oAuthJSON.parse(String)
14:50:39.1 (245676775)|VARIABLE_SCOPE_BEGIN|[108]|result|oAuthJSON.oAuth|true|false
14:50:39.1 (245699702)|VARIABLE_ASSIGNMENT|[108]|result|{"access_token":"cpo5T70y18Q5dilDhIOT (12 more) ...","expires_in":60,"refresh_token":"3EiYuLSpDgGiC88lZEJ3 (12 more) ...","token_type":"bearer"}|0x7447c709
14:50:39.1 (245704657)|STATEMENT_EXECUTE|[110]
14:50:39.1 (245706471)|HEAP_ALLOCATE|[110]|Bytes:10
14:50:39.1 (245740932)|HEAP_ALLOCATE|[110]|Bytes:140
14:50:39.1 (245752254)|HEAP_ALLOCATE|[110]|Bytes:150
14:50:39.1 (245763430)|USER_DEBUG|[110]|DEBUG|res token {"token_type":"bearer","access_token":"cpo5T70y18Q5dilDhIOTt2LrRp2M5b9l","refresh_token":"3EiYuLSpDgGiC88lZEJ3rHENstW9z5HP","expires_in":60}
14:50:39.1 (245768702)|STATEMENT_EXECUTE|[112]
14:50:39.1 (245774838)|VARIABLE_ASSIGNMENT|[112]|this.access_token|"cpo5T70y18Q5dilDhIOT (12 more) ..."|0x1324c708
14:50:39.1 (245779597)|METHOD_EXIT|[30]|01p0v000002OV5X|ClienteMicroServicios.generarToken()
14:50:39.1 (245785382)|CONSTRUCTOR_EXIT|[77]|01p0v000003GxUV|<init>()|MicroServicioCustomerData
14:50:39.1 (245789020)|VARIABLE_SCOPE_BEGIN|[77]|CustomerData|MicroServicioCustomerData|true|false
14:50:39.1 (245799611)|VARIABLE_ASSIGNMENT|[77]|CustomerData|{"cliente":"0x1324c708"}|0x3497a6a7
14:50:39.1 (245802602)|STATEMENT_EXECUTE|[78]
14:50:39.1 (245804199)|HEAP_ALLOCATE|[78]|Bytes:14
14:50:39.1 (246028490)|HEAP_ALLOCATE|[78]|Bytes:1123
14:50:39.1 (246039226)|HEAP_ALLOCATE|[78]|Bytes:1137
14:50:39.1 (246044809)|USER_DEBUG|[78]|DEBUG|CustomerData: MicroServicioCustomerData:[GETDATA=client/get/data, POST=POST, cliente=ClienteMicroServicios:[APIVERSION=apiversion, APP_JSON=application/json, AT=access_token, AUTH=Authorization, AUTHENTICATED_USERID=authenticated_userid, BACKEND=backend, BASE_URL=https://cmr-mx-business, BEARER=Bearer, CLIENT_ID=client_id, CLIENT_SECRET=client_secret, CONT_TYPE=Content-Type, GRANT_TYPE=grant_type, MDW_CS_CHANNEL=mdw-cs-channel, MDW_CS_COMMERCE=mdw-cs-commerce, MDW_CS_COUNTRY=mdw-cs-country, MDW_CS_DATE=mdw-cs-date, MDW_CS_HOUR=mdw-cs-hour, OAUTH=oauth2/token, PASSWORD=password, PROVISION_KEY=provision_key, SCORETOKEN=token, SECCTION=secction, TIME_OUT=120000, URI=.fif.tech/api/business/, access_token=cpo5T70y18Q5dilDhIOTt2LrRp2M5b9l, cm=Configuracion_Microservicio__mdt:{Ambiente__c=qa, Channel__c=Web, Commerce__c=CMR, Country__c=MX, Client_ID__c=MTI3ZjBjNmE3NTg1ZTVmOTY2NzYwYzQy, Client_Secret__c=OTM5ZTgxMzIwNzI2ZGNlYmFhNzU0ZmY2, Provision_Key__c=NmM4Y2JkMDM0YjgwYWU3OWZlNjE1YWY1, Authenticated_UserID__c=0, Id=m080v0000004rRfAAI}, endpoint=client/get/data, method=POST, microServicio=MicroServicioCustomerData, version=v1]]
14:50:39.1 (246055205)|STATEMENT_EXECUTE|[80]
14:50:39.1 (246064382)|METHOD_ENTRY|[80]|01p0v000003GxUV|MicroServicioCustomerData.obtenerCustomerData(Map<String,String>)
14:50:39.1 (246071847)|VARIABLE_SCOPE_BEGIN|[33]|this|MicroServicioCustomerData|true|false
14:50:39.1 (246083371)|VARIABLE_ASSIGNMENT|[33]|this|{"cliente":"0x1324c708"}|0x3497a6a7
14:50:39.1 (246086020)|VARIABLE_SCOPE_BEGIN|[33]|params|Map<String,String>|true|false
14:50:39.1 (246099844)|VARIABLE_ASSIGNMENT|[33]|params|{"numeroDocumento":"FERM900101MASRDI09"}|0x60dad41d
14:50:39.1 (246104050)|STATEMENT_EXECUTE|[33]
14:50:39.1 (246105211)|STATEMENT_EXECUTE|[35]
14:50:39.1 (246171850)|HEAP_ALLOCATE|[35]|Bytes:1123
14:50:39.1 (246224852)|HEAP_ALLOCATE|[35]|Bytes:1123
14:50:39.1 (246241767)|HEAP_ALLOCATE|[35]|Bytes:25
14:50:39.1 (246246058)|VARIABLE_SCOPE_BEGIN|[35]|currentClassName|String|false|false
14:50:39.1 (246252385)|VARIABLE_ASSIGNMENT|[35]|currentClassName|"MicroServicioCustome (5 more) ..."
14:50:39.1 (246254942)|STATEMENT_EXECUTE|[36]
14:50:39.1 (246257375)|VARIABLE_SCOPE_BEGIN|[36]|res|System.HttpResponse|true|false
14:50:39.1 (246262311)|VARIABLE_ASSIGNMENT|[36]|res|null|
14:50:39.1 (246264267)|STATEMENT_EXECUTE|[37]
14:50:39.1 (246271425)|METHOD_ENTRY|[37]|01p0v000002OV5X|ClienteMicroServicios.crearRequest(Map<String,String>)
14:50:39.1 (246276744)|VARIABLE_SCOPE_BEGIN|[132]|this|ClienteMicroServicios|true|false
14:50:39.1 (246309746)|VARIABLE_ASSIGNMENT|[132]|this|{"access_token":"cpo5T70y18Q5dilDhIOT (12 more) ...","APIVERSION":"apiversion","APP_JSON":"application/json","AT":"access_token","AUTH":"Authorization","AUTHENTICATED_USERID":"authenticated_userid","BACKEND":"backend","BASE_URL":"https://cmr-mx-busin (3 more) ...","BEARER":"Bearer","CLIENT_ID":"client_id","CLIENT_SECRET":"client_secret","cm":"0x1826ce65","CONT_TYPE":"Content-Type","endpoint":"client/get/data","GRANT_TYPE":"grant_type","MDW_CS_CHANNEL":"mdw-cs-channel","MDW_CS_COMMERCE":"mdw-cs-commerce","MDW_CS_COUNTRY":"mdw-cs-country","MDW_CS_DATE":"mdw-cs-date","MDW_CS_HOUR":"mdw-cs-hour","method":"POST","microServicio":"MicroServicioCustome (5 more) ...","OAUTH":"oauth2/token","PASSWORD":"password","PROVISION_KEY":"provision_key","SCORETOKEN":"token","SECCTION":"secction","TIME_OUT":120000,"URI":".fif.tech/api/busine (3 more) ...","version":"v1"}|0x1324c708
14:50:39.1 (246317190)|VARIABLE_SCOPE_BEGIN|[132]|params|Map<String,String>|true|false
14:50:39.1 (246322785)|VARIABLE_ASSIGNMENT|[132]|params|{"numeroDocumento":"FERM900101MASRDI09"}|0x60dad41d
14:50:39.1 (246326987)|STATEMENT_EXECUTE|[132]
14:50:39.1 (246327994)|STATEMENT_EXECUTE|[134]
14:50:39.1 (246340165)|VARIABLE_SCOPE_BEGIN|[134]|http|System.Http|true|false
14:50:39.1 (246403764)|VARIABLE_ASSIGNMENT|[134]|http|"System.Http[]"|0x7122e346
14:50:39.1 (246407273)|STATEMENT_EXECUTE|[135]
14:50:39.1 (246412420)|VARIABLE_SCOPE_BEGIN|[135]|req|System.HttpRequest|true|false
14:50:39.1 (246434901)|VARIABLE_ASSIGNMENT|[135]|req|"System.HttpRequest[Endpoint=null, Method=null]"|0x72622f40
14:50:39.1 (246438079)|STATEMENT_EXECUTE|[136]
14:50:39.1 (246443004)|METHOD_ENTRY|[136]||System.JSON.serialize(Object)
14:50:39.1 (246714453)|METHOD_EXIT|[136]||System.JSON.serialize(Object)
14:50:39.1 (246754631)|STATEMENT_EXECUTE|[138]
14:50:39.1 (246758391)|METHOD_ENTRY|[138]|01p0v000002OV5X|ClienteMicroServicios.crearRequest_v1_v2(System.HttpRequest)
14:50:39.1 (246761913)|VARIABLE_SCOPE_BEGIN|[181]|this|ClienteMicroServicios|true|false
14:50:39.1 (246797337)|VARIABLE_ASSIGNMENT|[181]|this|{"access_token":"cpo5T70y18Q5dilDhIOT (12 more) ...","APIVERSION":"apiversion","APP_JSON":"application/json","AT":"access_token","AUTH":"Authorization","AUTHENTICATED_USERID":"authenticated_userid","BACKEND":"backend","BASE_URL":"https://cmr-mx-busin (3 more) ...","BEARER":"Bearer","CLIENT_ID":"client_id","CLIENT_SECRET":"client_secret","cm":"0x1826ce65","CONT_TYPE":"Content-Type","endpoint":"client/get/data","GRANT_TYPE":"grant_type","MDW_CS_CHANNEL":"mdw-cs-channel","MDW_CS_COMMERCE":"mdw-cs-commerce","MDW_CS_COUNTRY":"mdw-cs-country","MDW_CS_DATE":"mdw-cs-date","MDW_CS_HOUR":"mdw-cs-hour","method":"POST","microServicio":"MicroServicioCustome (5 more) ...","OAUTH":"oauth2/token","PASSWORD":"password","PROVISION_KEY":"provision_key","SCORETOKEN":"token","SECCTION":"secction","TIME_OUT":120000,"URI":".fif.tech/api/busine (3 more) ...","version":"v1"}|0x1324c708
14:50:39.1 (246804278)|VARIABLE_SCOPE_BEGIN|[181]|req|System.HttpRequest|true|false
14:50:39.1 (246835938)|VARIABLE_ASSIGNMENT|[181]|req|"System.HttpRequest[Endpoint=null, Method=null]"|0x72622f40
14:50:39.1 (246840308)|STATEMENT_EXECUTE|[181]
14:50:39.1 (246841378)|STATEMENT_EXECUTE|[183]
14:50:39.1 (246844616)|METHOD_ENTRY|[183]|01p0v000002OV5X|ClienteMicroServicios.obtenerURLENDPOINT()
14:50:39.1 (246847769)|VARIABLE_SCOPE_BEGIN|[115]|this|ClienteMicroServicios|true|false
14:50:39.1 (246871413)|VARIABLE_ASSIGNMENT|[115]|this|{"access_token":"cpo5T70y18Q5dilDhIOT (12 more) ...","APIVERSION":"apiversion","APP_JSON":"application/json","AT":"access_token","AUTH":"Authorization","AUTHENTICATED_USERID":"authenticated_userid","BACKEND":"backend","BASE_URL":"https://cmr-mx-busin (3 more) ...","BEARER":"Bearer","CLIENT_ID":"client_id","CLIENT_SECRET":"client_secret","cm":"0x1826ce65","CONT_TYPE":"Content-Type","endpoint":"client/get/data","GRANT_TYPE":"grant_type","MDW_CS_CHANNEL":"mdw-cs-channel","MDW_CS_COMMERCE":"mdw-cs-commerce","MDW_CS_COUNTRY":"mdw-cs-country","MDW_CS_DATE":"mdw-cs-date","MDW_CS_HOUR":"mdw-cs-hour","method":"POST","microServicio":"MicroServicioCustome (5 more) ...","OAUTH":"oauth2/token","PASSWORD":"password","PROVISION_KEY":"provision_key","SCORETOKEN":"token","SECCTION":"secction","TIME_OUT":120000,"URI":".fif.tech/api/busine (3 more) ...","version":"v1"}|0x1324c708
14:50:39.1 (246879378)|STATEMENT_EXECUTE|[115]
14:50:39.1 (246880232)|STATEMENT_EXECUTE|[117]
14:50:39.1 (246882876)|VARIABLE_SCOPE_BEGIN|[117]|url|String|false|false
14:50:39.1 (246887827)|VARIABLE_ASSIGNMENT|[117]|url|""
14:50:39.1 (246889753)|STATEMENT_EXECUTE|[118]
14:50:39.1 (246904871)|HEAP_ALLOCATE|[118]|Bytes:3
14:50:39.1 (246908387)|VARIABLE_SCOPE_BEGIN|[118]|Enviroment|String|false|false
14:50:39.1 (246912425)|VARIABLE_ASSIGNMENT|[118]|Enviroment|"-qa"
14:50:39.1 (246916573)|STATEMENT_EXECUTE|[120]
14:50:39.1 (246917433)|STATEMENT_EXECUTE|[122]
14:50:39.1 (246921958)|HEAP_ALLOCATE|[122]|Bytes:59
14:50:39.1 (246924490)|HEAP_ALLOCATE|[122]|Bytes:16
14:50:39.1 (246926478)|HEAP_ALLOCATE|[122]|Bytes:75
14:50:39.1 (246929609)|VARIABLE_ASSIGNMENT|[122]|url|"https://cmr-mx-busin (55 more) ..."
14:50:39.1 (246932441)|STATEMENT_EXECUTE|[129]
14:50:39.1 (246934442)|METHOD_EXIT|[183]|01p0v000002OV5X|ClienteMicroServicios.obtenerURLENDPOINT()
14:50:39.1 (246936715)|VARIABLE_SCOPE_BEGIN|[183]|url|String|false|false
14:50:39.1 (246940910)|VARIABLE_ASSIGNMENT|[183]|url|"https://cmr-mx-busin (55 more) ..."
14:50:39.1 (246942851)|STATEMENT_EXECUTE|[185]
14:50:39.1 (246946450)|VARIABLE_SCOPE_BEGIN|[185]|strChannel|String|false|false
14:50:39.1 (246950411)|VARIABLE_ASSIGNMENT|[185]|strChannel|"Web"
14:50:39.1 (246952362)|STATEMENT_EXECUTE|[186]
14:50:39.1 (246954665)|VARIABLE_SCOPE_BEGIN|[186]|strCommerce|String|false|false
14:50:39.1 (246958431)|VARIABLE_ASSIGNMENT|[186]|strCommerce|"CMR"
14:50:39.1 (246960383)|STATEMENT_EXECUTE|[187]
14:50:39.1 (246963213)|VARIABLE_SCOPE_BEGIN|[187]|strCountry|String|false|false
14:50:39.1 (246966846)|VARIABLE_ASSIGNMENT|[187]|strCountry|"MX"
14:50:39.1 (246968840)|STATEMENT_EXECUTE|[189]
14:50:39.1 (246975357)|STATEMENT_EXECUTE|[190]
14:50:39.1 (246980622)|STATEMENT_EXECUTE|[191]
14:50:39.1 (246986740)|STATEMENT_EXECUTE|[192]
14:50:39.1 (246995380)|STATEMENT_EXECUTE|[193]
14:50:39.1 (246999675)|STATEMENT_EXECUTE|[194]
14:50:39.1 (247003674)|STATEMENT_EXECUTE|[195]
14:50:39.1 (247020130)|STATEMENT_EXECUTE|[197]
14:50:39.1 (247021062)|STATEMENT_EXECUTE|[199]
14:50:39.1 (247023101)|HEAP_ALLOCATE|[199]|Bytes:1
14:50:39.1 (247030151)|HEAP_ALLOCATE|[199]|Bytes:39
14:50:39.1 (247058095)|STATEMENT_EXECUTE|[202]
14:50:39.1 (247061312)|METHOD_ENTRY|[202]|01p0v000002OV5X|ClienteMicroServicios.imprimirRequest(System.HttpRequest)
14:50:39.1 (247064017)|VARIABLE_SCOPE_BEGIN|[215]|this|ClienteMicroServicios|true|false
14:50:39.1 (247086516)|VARIABLE_ASSIGNMENT|[215]|this|{"access_token":"cpo5T70y18Q5dilDhIOT (12 more) ...","APIVERSION":"apiversion","APP_JSON":"application/json","AT":"access_token","AUTH":"Authorization","AUTHENTICATED_USERID":"authenticated_userid","BACKEND":"backend","BASE_URL":"https://cmr-mx-busin (3 more) ...","BEARER":"Bearer","CLIENT_ID":"client_id","CLIENT_SECRET":"client_secret","cm":"0x1826ce65","CONT_TYPE":"Content-Type","endpoint":"client/get/data","GRANT_TYPE":"grant_type","MDW_CS_CHANNEL":"mdw-cs-channel","MDW_CS_COMMERCE":"mdw-cs-commerce","MDW_CS_COUNTRY":"mdw-cs-country","MDW_CS_DATE":"mdw-cs-date","MDW_CS_HOUR":"mdw-cs-hour","method":"POST","microServicio":"MicroServicioCustome (5 more) ...","OAUTH":"oauth2/token","PASSWORD":"password","PROVISION_KEY":"provision_key","SCORETOKEN":"token","SECCTION":"secction","TIME_OUT":120000,"URI":".fif.tech/api/busine (3 more) ...","version":"v1"}|0x1324c708
14:50:39.1 (247093522)|VARIABLE_SCOPE_BEGIN|[215]|req|System.HttpRequest|true|false
14:50:39.1 (247116768)|VARIABLE_ASSIGNMENT|[215]|req|"System.HttpRequest[Endpoint=https://cmr-mx-business-qa.fif.tech/api/business/v1/backend/client/get/data, Method=POST]"|0x72622f40
14:50:39.1 (247120862)|STATEMENT_EXECUTE|[215]
14:50:39.1 (247121768)|STATEMENT_EXECUTE|[217]
14:50:39.1 (247129140)|HEAP_ALLOCATE|[217]|Bytes:117
14:50:39.1 (247134241)|HEAP_ALLOCATE|[217]|Bytes:122
14:50:39.1 (247140473)|USER_DEBUG|[217]|DEBUG|REQ: System.HttpRequest[Endpoint=https://cmr-mx-business-qa.fif.tech/api/business/v1/backend/client/get/data, Method=POST]
14:50:39.1 (247144579)|STATEMENT_EXECUTE|[218]
14:50:39.1 (247153994)|HEAP_ALLOCATE|[218]|Bytes:16
14:50:39.1 (247157303)|HEAP_ALLOCATE|[218]|Bytes:46
14:50:39.1 (247160274)|USER_DEBUG|[218]|DEBUG|req.getHeader(Content-Type):  application/json
14:50:39.1 (247163283)|STATEMENT_EXECUTE|[219]
14:50:39.1 (247166591)|HEAP_ALLOCATE|[219]|Bytes:3
14:50:39.1 (247169754)|HEAP_ALLOCATE|[219]|Bytes:35
14:50:39.1 (247172796)|USER_DEBUG|[219]|DEBUG|req.getHeader(mdw-cs-channel):  Web
14:50:39.1 (247175841)|STATEMENT_EXECUTE|[220]
14:50:39.1 (247179181)|HEAP_ALLOCATE|[220]|Bytes:3
14:50:39.1 (247181993)|HEAP_ALLOCATE|[220]|Bytes:36
14:50:39.1 (247184849)|USER_DEBUG|[220]|DEBUG|req.getHeader(mdw-cs-commerce):  CMR
14:50:39.1 (247187746)|STATEMENT_EXECUTE|[221]
14:50:39.1 (247190951)|HEAP_ALLOCATE|[221]|Bytes:2
14:50:39.1 (247194089)|HEAP_ALLOCATE|[221]|Bytes:34
14:50:39.1 (247196923)|USER_DEBUG|[221]|DEBUG|req.getHeader(mdw-cs-country):  MX
14:50:39.1 (247200018)|STATEMENT_EXECUTE|[222]
14:50:39.1 (247209117)|HEAP_ALLOCATE|[222]|Bytes:40
14:50:39.1 (247212186)|HEAP_ALLOCATE|[222]|Bytes:56
14:50:39.1 (247215156)|USER_DEBUG|[222]|DEBUG|req.getBody():  {"numeroDocumento":"FERM900101MASRDI09"}
14:50:39.1 (247219779)|METHOD_EXIT|[202]|01p0v000002OV5X|ClienteMicroServicios.imprimirRequest(System.HttpRequest)
14:50:39.1 (247221991)|STATEMENT_EXECUTE|[204]
14:50:39.1 (247223616)|METHOD_EXIT|[138]|01p0v000002OV5X|ClienteMicroServicios.crearRequest_v1_v2(System.HttpRequest)
14:50:39.1 (247227081)|METHOD_EXIT|[37]|01p0v000002OV5X|ClienteMicroServicios.crearRequest(Map<String,String>)
14:50:39.1 (247229673)|VARIABLE_SCOPE_BEGIN|[37]|req|System.HttpRequest|true|false
14:50:39.1 (247249697)|VARIABLE_ASSIGNMENT|[37]|req|"System.HttpRequest[Endpoint=https://cmr-mx-business-qa.fif.tech/api/business/v1/backend/client/get/data, Method=POST]"|0x72622f40
14:50:39.1 (247253052)|STATEMENT_EXECUTE|[38]
14:50:39.1 (247254999)|VARIABLE_SCOPE_BEGIN|[38]|isSuccess|Boolean|false|false
14:50:39.1 (247259616)|HEAP_ALLOCATE|[38]|Bytes:5
14:50:39.1 (247263055)|VARIABLE_ASSIGNMENT|[38]|isSuccess|false
14:50:39.1 (247264950)|STATEMENT_EXECUTE|[39]
14:50:39.1 (248335412)|VARIABLE_SCOPE_BEGIN|[39]|result|CustomerDataJSON|true|false
14:50:39.1 (248347642)|VARIABLE_ASSIGNMENT|[39]|result|null|
14:50:39.1 (248351342)|STATEMENT_EXECUTE|[40]
14:50:39.1 (248354626)|HEAP_ALLOCATE|[40]|Bytes:4
14:50:39.1 (248392602)|HEAP_ALLOCATE|[40]|Bytes:117
14:50:39.1 (248400818)|HEAP_ALLOCATE|[40]|Bytes:121
14:50:39.1 (248409846)|USER_DEBUG|[40]|DEBUG|req System.HttpRequest[Endpoint=https://cmr-mx-business-qa.fif.tech/api/business/v1/backend/client/get/data, Method=POST]
14:50:39.1 (248414328)|STATEMENT_EXECUTE|[42]
14:50:39.1 (248415316)|STATEMENT_EXECUTE|[42]
14:50:39.1 (248418036)|STATEMENT_EXECUTE|[43]
14:50:39.1 (248420726)|VARIABLE_SCOPE_BEGIN|[43]|i|Integer|false|false
14:50:39.1 (248425246)|HEAP_ALLOCATE|[43]|Bytes:4
14:50:39.1 (248429569)|VARIABLE_ASSIGNMENT|[43]|i|0
14:50:39.1 (248437806)|STATEMENT_EXECUTE|[43]
14:50:39.1 (248439054)|STATEMENT_EXECUTE|[44]
14:50:39.1 (248452801)|METHOD_ENTRY|[44]|01p0v000002OV5X|ClienteMicroServicios.enviarRequest(System.HttpRequest)
14:50:39.1 (248460608)|VARIABLE_SCOPE_BEGIN|[225]|this|ClienteMicroServicios|true|false
14:50:39.1 (248596415)|VARIABLE_ASSIGNMENT|[225]|this|{"access_token":"cpo5T70y18Q5dilDhIOT (12 more) ...","APIVERSION":"apiversion","APP_JSON":"application/json","AT":"access_token","AUTH":"Authorization","AUTHENTICATED_USERID":"authenticated_userid","BACKEND":"backend","BASE_URL":"https://cmr-mx-busin (3 more) ...","BEARER":"Bearer","CLIENT_ID":"client_id","CLIENT_SECRET":"client_secret","cm":"0x1826ce65","CONT_TYPE":"Content-Type","endpoint":"client/get/data","GRANT_TYPE":"grant_type","MDW_CS_CHANNEL":"mdw-cs-channel","MDW_CS_COMMERCE":"mdw-cs-commerce","MDW_CS_COUNTRY":"mdw-cs-country","MDW_CS_DATE":"mdw-cs-date","MDW_CS_HOUR":"mdw-cs-hour","method":"POST","microServicio":"MicroServicioCustome (5 more) ...","OAUTH":"oauth2/token","PASSWORD":"password","PROVISION_KEY":"provision_key","SCORETOKEN":"token","SECCTION":"secction","TIME_OUT":120000,"URI":".fif.tech/api/busine (3 more) ...","version":"v1"}|0x1324c708
14:50:39.1 (248604729)|VARIABLE_SCOPE_BEGIN|[225]|req|System.HttpRequest|true|false
14:50:39.1 (248644961)|VARIABLE_ASSIGNMENT|[225]|req|"System.HttpRequest[Endpoint=https://cmr-mx-business-qa.fif.tech/api/business/v1/backend/client/get/data, Method=POST]"|0x72622f40
14:50:39.1 (248650947)|STATEMENT_EXECUTE|[225]
14:50:39.1 (248651879)|STATEMENT_EXECUTE|[227]
14:50:39.1 (248660975)|VARIABLE_SCOPE_BEGIN|[227]|http|System.Http|true|false
14:50:39.1 (248686005)|VARIABLE_ASSIGNMENT|[227]|http|"System.Http[]"|0x66de7217
14:50:39.1 (248689086)|STATEMENT_EXECUTE|[228]
14:50:39.1 (248720859)|CALLOUT_REQUEST|[228]|System.HttpRequest[Endpoint=https://cmr-mx-business-qa.fif.tech/api/business/v1/backend/client/get/data, Method=POST]
14:50:39.1 (930890294)|HEAP_ALLOCATE|[EXTERNAL]|Bytes:1016
14:50:39.1 (932264341)|CALLOUT_RESPONSE|[228]|System.HttpResponse[Status=OK, StatusCode=200]
14:50:39.1 (932296427)|HEAP_ALLOCATE|[228]|Bytes:150
14:50:39.1 (932332297)|METHOD_EXIT|[44]|01p0v000002OV5X|ClienteMicroServicios.enviarRequest(System.HttpRequest)
14:50:39.1 (932396300)|VARIABLE_ASSIGNMENT|[44]|res|"System.HttpResponse[Status=OK, StatusCode=200]"|0x67ebc71e
14:50:39.1 (932462547)|STATEMENT_EXECUTE|[45]
14:50:39.1 (932463744)|STATEMENT_EXECUTE|[47]
14:50:39.1 (932474512)|HEAP_ALLOCATE|[47]|Bytes:5
14:50:39.1 (932483329)|VARIABLE_ASSIGNMENT|[47]|isSuccess|true
14:50:39.1 (932485875)|STATEMENT_EXECUTE|[47]
14:50:39.1 (932489754)|STATEMENT_EXECUTE|[50]
14:50:39.1 (932494442)|HEAP_ALLOCATE|[50]|Bytes:4
14:50:39.1 (932525392)|HEAP_ALLOCATE|[50]|Bytes:143
14:50:39.1 (932542325)|HEAP_ALLOCATE|[50]|Bytes:147
14:50:39.1 (932561028)|USER_DEBUG|[50]|DEBUG|res {"code":"ok","message":{"estadoOperacion":{"codigoOperacion":"00","glosaOperacion":"No se encontraron datos para los criterios de selección"}}}
14:50:39.1 (932580271)|HEAP_ALLOCATE|[53]|Bytes:143
14:50:39.1 (932643745)|HEAP_ALLOCATE|[53]|Bytes:7
14:50:39.1 (932646222)|HEAP_ALLOCATE|[53]|Bytes:14
14:50:39.1 (932648077)|HEAP_ALLOCATE|[53]|Bytes:18
14:50:39.1 (932650228)|HEAP_ALLOCATE|[53]|Bytes:18
14:50:39.1 (932652248)|HEAP_ALLOCATE|[53]|Bytes:21
14:50:39.1 (932654200)|HEAP_ALLOCATE|[53]|Bytes:60
14:50:39.1 (932658052)|HEAP_ALLOCATE|[53]|Bytes:28
14:50:39.1 (932704787)|HEAP_ALLOCATE|[53]|Bytes:5
14:50:39.1 (932732516)|VARIABLE_SCOPE_BEGIN|[53]|s|String|false|false
14:50:39.1 (932745043)|VARIABLE_ASSIGNMENT|[53]|s|"{\"code\""
14:50:39.1 (932750606)|STATEMENT_EXECUTE|[53]
14:50:39.1 (932752153)|STATEMENT_EXECUTE|[54]
14:50:39.1 (932754586)|HEAP_ALLOCATE|[54]|Bytes:2
14:50:39.1 (932760749)|HEAP_ALLOCATE|[54]|Bytes:9
14:50:39.1 (932823104)|USER_DEBUG|[54]|DEBUG|s {"code"
14:50:39.1 (932834543)|HEAP_ALLOCATE|[53]|Bytes:5
14:50:39.1 (932841878)|VARIABLE_SCOPE_BEGIN|[53]|s|String|false|false
14:50:39.1 (932849754)|VARIABLE_ASSIGNMENT|[53]|s|"\"ok\",\"message\""
14:50:39.1 (932853186)|STATEMENT_EXECUTE|[53]
14:50:39.1 (932854451)|STATEMENT_EXECUTE|[54]
14:50:39.1 (932857121)|HEAP_ALLOCATE|[54]|Bytes:16
14:50:39.1 (932861820)|USER_DEBUG|[54]|DEBUG|s "ok","message"
14:50:39.1 (932868639)|HEAP_ALLOCATE|[53]|Bytes:5
14:50:39.1 (932873946)|VARIABLE_SCOPE_BEGIN|[53]|s|String|false|false
14:50:39.1 (932880431)|VARIABLE_ASSIGNMENT|[53]|s|"{\"estadoOperacion\""
14:50:39.1 (932883375)|STATEMENT_EXECUTE|[53]
14:50:39.1 (932884746)|STATEMENT_EXECUTE|[54]
14:50:39.1 (932886609)|HEAP_ALLOCATE|[54]|Bytes:20
14:50:39.1 (932890721)|USER_DEBUG|[54]|DEBUG|s {"estadoOperacion"
14:50:39.1 (932897334)|HEAP_ALLOCATE|[53]|Bytes:5
14:50:39.1 (932903537)|VARIABLE_SCOPE_BEGIN|[53]|s|String|false|false
14:50:39.1 (932907924)|VARIABLE_ASSIGNMENT|[53]|s|"{\"codigoOperacion\""
14:50:39.1 (932909844)|STATEMENT_EXECUTE|[53]
14:50:39.1 (932910686)|STATEMENT_EXECUTE|[54]
14:50:39.1 (932912019)|HEAP_ALLOCATE|[54]|Bytes:20
14:50:39.1 (932915003)|USER_DEBUG|[54]|DEBUG|s {"codigoOperacion"
14:50:39.1 (932919526)|HEAP_ALLOCATE|[53]|Bytes:5
14:50:39.1 (932923137)|VARIABLE_SCOPE_BEGIN|[53]|s|String|false|false
14:50:39.1 (932928236)|VARIABLE_ASSIGNMENT|[53]|s|"\"00\",\"glosaOperacion (1 more) ..."
14:50:39.1 (932930350)|STATEMENT_EXECUTE|[53]
14:50:39.1 (932931198)|STATEMENT_EXECUTE|[54]
14:50:39.1 (932932386)|HEAP_ALLOCATE|[54]|Bytes:23
14:50:39.1 (932935176)|USER_DEBUG|[54]|DEBUG|s "00","glosaOperacion"
14:50:39.1 (932939789)|HEAP_ALLOCATE|[53]|Bytes:5
14:50:39.1 (932943619)|VARIABLE_SCOPE_BEGIN|[53]|s|String|false|false
14:50:39.1 (932948014)|VARIABLE_ASSIGNMENT|[53]|s|"\"No se encontraron d (40 more) ..."
14:50:39.1 (932949898)|STATEMENT_EXECUTE|[53]
14:50:39.1 (932950783)|STATEMENT_EXECUTE|[54]
14:50:39.1 (932952088)|HEAP_ALLOCATE|[54]|Bytes:62
14:50:39.1 (932954910)|USER_DEBUG|[54]|DEBUG|s "No se encontraron datos para los criterios de selección"}}}
14:50:39.1 (932960395)|HEAP_ALLOCATE|[53]|Bytes:5
14:50:39.1 (932966075)|VARIABLE_ASSIGNMENT|[53]|s|null
14:50:39.1 (932969998)|STATEMENT_EXECUTE|[56]
14:50:39.1 (932970993)|STATEMENT_EXECUTE|[56]
14:50:39.1 (932995250)|HEAP_ALLOCATE|[56]|Bytes:143
14:50:39.1 (933009420)|HEAP_ALLOCATE|[56]|Bytes:107
14:50:39.1 (933017338)|HEAP_ALLOCATE|[56]|Bytes:2
14:50:39.1 (933029378)|METHOD_ENTRY|[14]|01p0v000003GxUU|CustomerDataJSON.CustomerDataJSON()
14:50:39.1 (933032384)|STATEMENT_EXECUTE|[14]
14:50:39.1 (933036734)|STATEMENT_EXECUTE|[14]
14:50:39.1 (933037819)|STATEMENT_EXECUTE|[19]
14:50:39.1 (933038964)|STATEMENT_EXECUTE|[24]
14:50:39.1 (933040135)|STATEMENT_EXECUTE|[28]
14:50:39.1 (933041210)|STATEMENT_EXECUTE|[37]
14:50:39.1 (933042135)|STATEMENT_EXECUTE|[41]
14:50:39.1 (933043209)|STATEMENT_EXECUTE|[46]
14:50:39.1 (933044297)|STATEMENT_EXECUTE|[50]
14:50:39.1 (933045090)|STATEMENT_EXECUTE|[57]
14:50:39.1 (933050338)|METHOD_EXIT|[14]|CustomerDataJSON
14:50:39.1 (933058818)|METHOD_ENTRY|[56]|01p0v000003GxUU|CustomerDataJSON.parse(String)
14:50:39.1 (933064320)|VARIABLE_SCOPE_BEGIN|[62]|json|String|false|false
14:50:39.1 (933070578)|VARIABLE_ASSIGNMENT|[62]|json|"{\"code\":\"ok\",\"messag (123 more) ..."
14:50:39.1 (933077658)|STATEMENT_EXECUTE|[62]
14:50:39.1 (933079062)|STATEMENT_EXECUTE|[63]
14:50:39.1 (933080847)|HEAP_ALLOCATE|[63]|Bytes:16
14:50:39.1 (933174362)|HEAP_ALLOCATE|[63]|Bytes:8
14:50:39.1 (933180918)|HEAP_ALLOCATE|[63]|Bytes:8
14:50:39.1 (933184829)|VARIABLE_SCOPE_BEGIN|[4]|this|System.Type|true|false
14:50:39.1 (933214901)|VARIABLE_ASSIGNMENT|[4]|this|{}|0x4d31a496
14:50:39.1 (933218889)|VARIABLE_SCOPE_BEGIN|[4]|apextype|java:common.apex.runtime.ApexObjectType|true|false
14:50:39.1 (933320789)|VARIABLE_ASSIGNMENT|[4]|apextype|"CustomerDataJSON"|0x701bdd06
14:50:39.1 (933363882)|HEAP_ALLOCATE|[63]|Bytes:8
14:50:39.1 (933371599)|METHOD_ENTRY|[63]||System.JSON.deserialize(String, System.Type)
14:50:39.1 (934013890)|METHOD_EXIT|[63]||System.JSON.deserialize(String, System.Type)
14:50:39.1 (934032491)|METHOD_EXIT|[56]|01p0v000003GxUU|CustomerDataJSON.parse(String)
14:50:39.1 (934068021)|VARIABLE_ASSIGNMENT|[56]|result|{"code":"ok","message":"0x4293bce0"}|0x2c46d579
14:50:39.1 (934076059)|STATEMENT_EXECUTE|[62]
14:50:39.1 (934080931)|METHOD_EXIT|[80]|01p0v000003GxUV|MicroServicioCustomerData.obtenerCustomerData(Map<String,String>)
14:50:39.1 (934084727)|VARIABLE_SCOPE_BEGIN|[80]|resultCustomerData|CustomerDataJSON|true|false
14:50:39.1 (934093434)|VARIABLE_ASSIGNMENT|[80]|resultCustomerData|{"code":"ok","message":"0x4293bce0"}|0x2c46d579
14:50:39.1 (934096515)|STATEMENT_EXECUTE|[81]
14:50:39.1 (934098931)|HEAP_ALLOCATE|[81]|Bytes:20
14:50:39.1 (934168060)|HEAP_ALLOCATE|[81]|Bytes:184
14:50:39.1 (934177099)|HEAP_ALLOCATE|[81]|Bytes:204
14:50:39.1 (934188134)|USER_DEBUG|[81]|DEBUG|resultCustomerData: CustomerDataJSON:[code=ok, message=Message:[cliente=null, estadoOperacion=EstadoOperacion:[codigoOperacion=00, glosaOperacion=No se encontraron datos para los criterios de selección]]]
14:50:39.1 (934195235)|STATEMENT_EXECUTE|[83]
14:50:39.1 (934196272)|STATEMENT_EXECUTE|[83]
14:50:39.1 (934201685)|HEAP_ALLOCATE|[83]|Bytes:5
14:50:39.1 (934206503)|VARIABLE_ASSIGNMENT|[83]|success|true
14:50:39.1 (934209278)|STATEMENT_EXECUTE|[85]
14:50:39.1 (934210425)|HEAP_ALLOCATE|[85]|Bytes:32
14:50:39.1 (934220645)|HEAP_ALLOCATE|[85]|Bytes:4
14:50:39.1 (934225393)|HEAP_ALLOCATE|[85]|Bytes:36
14:50:39.1 (934229052)|USER_DEBUG|[85]|DEBUG|Consultar CustomerData Success: true
14:50:39.1 (934232540)|STATEMENT_EXECUTE|[86]
14:50:39.1 (934233969)|HEAP_ALLOCATE|[86]|Bytes:7
14:50:39.1 (934257886)|HEAP_ALLOCATE|[86]|Bytes:5
14:50:39.1 (934267516)|HEAP_ALLOCATE|[EXTERNAL]|Bytes:-4
14:50:39.1 (934271867)|STATEMENT_EXECUTE|[87]
14:50:39.1 (934272790)|HEAP_ALLOCATE|[87]|Bytes:18
14:50:39.1 (934296474)|HEAP_ALLOCATE|[EXTERNAL]|Bytes:-4
14:50:39.1 (934300155)|STATEMENT_EXECUTE|[89]
14:50:39.934 (934335067)|CUMULATIVE_LIMIT_USAGE
14:50:39.934 (934335067)|LIMIT_USAGE_FOR_NS|(default)|
  Number of SOQL queries: 0 out of 100
  Number of query rows: 2 out of 50000
  Number of SOSL queries: 0 out of 20
  Number of DML statements: 0 out of 150
  Number of Publish Immediate DML: 0 out of 150
  Number of DML rows: 0 out of 10000
  Maximum CPU time: 33 out of 10000
  Maximum heap size: 0 out of 6000000
  Number of callouts: 2 out of 100
  Number of Email Invocations: 0 out of 10
  Number of future calls: 0 out of 50
  Number of queueable jobs added to the queue: 0 out of 50
  Number of Mobile Apex push calls: 0 out of 10

14:50:39.934 (934335067)|CUMULATIVE_LIMIT_USAGE_END

14:50:39.1 (934408915)|CODE_UNIT_FINISHED|MicroServicioCustomerData.consulta_Customer_Data(String)
14:50:39.1 (934716084)|CODE_UNIT_FINISHED|apex://MicroServicioCustomerData/ACTION$consulta_Customer_Data
14:50:39.1 (934728103)|EXECUTION_FINISHED
