66.0 APEX_CODE,FINEST;APEX_PROFILING,INFO;CALLOUT,INFO;DATA_ACCESS,INFO;DB,INFO;NBA,INFO;SYSTEM,DEBUG;VALIDATION,INFO;VISUALFORCE,INFO;WAVE,INFO;WORKFLOW,INFO
11:49:18.0 (159436)|USER_INFO|[EXTERNAL]|0050v0000034lag|albeltransa@falabella.com.mx.admin.uat|(GMT-06:00) Central Standard Time (America/Mexico_City)|GMT-06:00
11:49:18.0 (200044)|EXECUTION_STARTED
11:49:18.0 (209769)|CODE_UNIT_STARTED|[EXTERNAL]|apex://CasosControllerExtension/ACTION$obtenerCasosToday
11:49:18.0 (1712635)|CODE_UNIT_STARTED|[EXTERNAL]|01p0v000003PcLg|CasosControllerExtension.obtenerCasosToday()
11:49:18.0 (1827195)|VARIABLE_SCOPE_BEGIN|[21]|CasosControllerExtension.QUEUE_CREDITO_FRAUDES|String|false|true
11:49:18.0 (1871010)|VARIABLE_SCOPE_BEGIN|[20]|CasosControllerExtension.RT_FIGITAL|String|false|true
11:49:18.0 (1876375)|VARIABLE_SCOPE_BEGIN|[19]|CasosControllerExtension.RT_RIESGOS|String|false|true
11:49:18.0 (1881355)|VARIABLE_SCOPE_BEGIN|[17]|CasosControllerExtension.ST_ASIGNADA|String|false|true
11:49:18.0 (1886430)|VARIABLE_SCOPE_BEGIN|[15]|CasosControllerExtension.ST_AUTORIZADA|String|false|true
11:49:18.0 (1913324)|VARIABLE_SCOPE_BEGIN|[18]|CasosControllerExtension.ST_CERRADO|String|false|true
11:49:18.0 (1919441)|VARIABLE_SCOPE_BEGIN|[16]|CasosControllerExtension.ST_NUEVO|String|false|true
11:49:18.0 (2047486)|HEAP_ALLOCATE|[95]|Bytes:3
11:49:18.0 (2084272)|HEAP_ALLOCATE|[100]|Bytes:152
11:49:18.0 (2119345)|HEAP_ALLOCATE|[417]|Bytes:408
11:49:18.0 (2137094)|HEAP_ALLOCATE|[430]|Bytes:408
11:49:18.0 (2165326)|HEAP_ALLOCATE|[317]|Bytes:6
11:49:18.0 (2178105)|HEAP_ALLOCATE|[EXTERNAL]|Bytes:11
11:49:18.0 (2190744)|METHOD_ENTRY|[13]|01p0v000003PcLg|CasosControllerExtension.CasosControllerExtension()
11:49:18.0 (2196326)|STATEMENT_EXECUTE|[13]
11:49:18.0 (2202824)|STATEMENT_EXECUTE|[13]
11:49:18.0 (2223696)|HEAP_ALLOCATE|[68]|Bytes:5
11:49:18.0 (2246756)|HEAP_ALLOCATE|[74]|Bytes:5
11:49:18.0 (2253761)|HEAP_ALLOCATE|[82]|Bytes:7
11:49:18.0 (2277058)|HEAP_ALLOCATE|[15]|Bytes:5
11:49:18.0 (2280758)|STATEMENT_EXECUTE|[15]
11:49:18.0 (2283272)|HEAP_ALLOCATE|[15]|Bytes:12
11:49:18.0 (2341971)|VARIABLE_ASSIGNMENT|[15]|CasosControllerExtension.ST_AUTORIZADA|"Autorización"
11:49:18.0 (2347718)|STATEMENT_EXECUTE|[16]
11:49:18.0 (2349553)|HEAP_ALLOCATE|[16]|Bytes:3
11:49:18.0 (2355266)|VARIABLE_ASSIGNMENT|[16]|CasosControllerExtension.ST_NUEVO|"New"
11:49:18.0 (2358602)|STATEMENT_EXECUTE|[17]
11:49:18.0 (2360267)|HEAP_ALLOCATE|[17]|Bytes:8
11:49:18.0 (2365235)|VARIABLE_ASSIGNMENT|[17]|CasosControllerExtension.ST_ASIGNADA|"Asignada"
11:49:18.0 (2368568)|STATEMENT_EXECUTE|[18]
11:49:18.0 (2370137)|HEAP_ALLOCATE|[18]|Bytes:7
11:49:18.0 (2402016)|VARIABLE_ASSIGNMENT|[18]|CasosControllerExtension.ST_CERRADO|"Cerrado"
11:49:18.0 (2405718)|STATEMENT_EXECUTE|[19]
11:49:18.0 (2407587)|HEAP_ALLOCATE|[19]|Bytes:19
11:49:18.0 (2413507)|VARIABLE_ASSIGNMENT|[19]|CasosControllerExtension.RT_RIESGOS|"Riesgos_Originaci_n"
11:49:18.0 (2416401)|STATEMENT_EXECUTE|[20]
11:49:18.0 (2417832)|HEAP_ALLOCATE|[20]|Bytes:18
11:49:18.0 (2423272)|VARIABLE_ASSIGNMENT|[20]|CasosControllerExtension.RT_FIGITAL|"BackOffice_Figital"
11:49:18.0 (2426628)|STATEMENT_EXECUTE|[21]
11:49:18.0 (2428317)|HEAP_ALLOCATE|[21]|Bytes:26
11:49:18.0 (2435070)|VARIABLE_ASSIGNMENT|[21]|CasosControllerExtension.QUEUE_CREDITO_FRAUDES|"BackOffice Credito/F (6 more) ..."
11:49:18.0 (2447634)|METHOD_EXIT|[13]|CasosControllerExtension
11:49:18.0 (2460448)|HEAP_ALLOCATE|[78]|Bytes:5
11:49:18.0 (2464101)|STATEMENT_EXECUTE|[76]
11:49:18.0 (2465653)|STATEMENT_EXECUTE|[78]
11:49:18.0 (2467563)|HEAP_ALLOCATE|[78]|Bytes:4
11:49:18.0 (2601924)|HEAP_ALLOCATE|[78]|Bytes:4
11:49:18.0 (4296042)|HEAP_ALLOCATE|[78]|Bytes:412
11:49:18.0 (4451528)|HEAP_ALLOCATE|[78]|Bytes:4
11:49:18.0 (4468275)|HEAP_ALLOCATE|[78]|Bytes:18
11:49:18.0 (4473998)|VARIABLE_SCOPE_BEGIN|[78]|idRecordTypeCredito|String|false|false
11:49:18.0 (4494435)|VARIABLE_ASSIGNMENT|[78]|idRecordTypeCredito|"0120v000000fwTjAAI"
11:49:18.0 (4499573)|STATEMENT_EXECUTE|[79]
11:49:18.0 (4585827)|HEAP_ALLOCATE|[79]|Bytes:4
11:49:18.0 (6148045)|HEAP_ALLOCATE|[79]|Bytes:412
11:49:18.0 (6190821)|HEAP_ALLOCATE|[79]|Bytes:4
11:49:18.0 (6198409)|HEAP_ALLOCATE|[79]|Bytes:18
11:49:18.0 (6203064)|VARIABLE_SCOPE_BEGIN|[79]|idRecordTypeFigital|String|false|false
11:49:18.0 (6217817)|VARIABLE_ASSIGNMENT|[79]|idRecordTypeFigital|"0120v000000pcRFAAY"
11:49:18.0 (6222327)|STATEMENT_EXECUTE|[81]
11:49:18.0 (6225306)|HEAP_ALLOCATE|[81]|Bytes:196
11:49:18.0 (6238533)|HEAP_ALLOCATE|[81]|Bytes:4
11:49:18.0 (6248567)|HEAP_ALLOCATE|[81]|Bytes:7
11:49:18.0 (6258456)|HEAP_ALLOCATE|[81]|Bytes:7
11:49:18.0 (6263719)|HEAP_ALLOCATE|[81]|Bytes:7
11:49:18.0 (6268938)|HEAP_ALLOCATE|[81]|Bytes:7
11:49:18.0 (6273799)|HEAP_ALLOCATE|[81]|Bytes:7
11:49:18.0 (6279094)|HEAP_ALLOCATE|[81]|Bytes:7
11:49:18.0 (7003106)|SOQL_EXECUTE_BEGIN|[81]|Aggregations:0|SELECT COUNT() FROM Case WHERE ((Status = :tmpVar1 OR Status = :tmpVar2 OR Status = :tmpVar3 OR Status = :tmpVar4) AND CreatedDate = TODAY AND (RecordTypeId = :tmpVar5 OR RecordTypeId = :tmpVar6))
11:49:18.0 (17927753)|SOQL_EXECUTE_END|[81]|Rows:1
11:49:18.0 (17977087)|HEAP_ALLOCATE|[81]|Bytes:4
11:49:18.0 (17998618)|VARIABLE_SCOPE_BEGIN|[81]|total|Integer|false|false
11:49:18.0 (18006373)|HEAP_ALLOCATE|[81]|Bytes:4
11:49:18.0 (18025298)|VARIABLE_ASSIGNMENT|[81]|total|1
11:49:18.0 (18029015)|STATEMENT_EXECUTE|[83]
11:49:18.0 (18031702)|HEAP_ALLOCATE|[83]|Bytes:4
11:49:18.0 (18039413)|HEAP_ALLOCATE|[83]|Bytes:4
11:49:18.18 (18088865)|CUMULATIVE_LIMIT_USAGE
11:49:18.18 (18088865)|LIMIT_USAGE_FOR_NS|(default)|
  Number of SOQL queries: 1 out of 100
  Number of query rows: 1 out of 50000
  Number of SOSL queries: 0 out of 20
  Number of DML statements: 0 out of 150
  Number of Publish Immediate DML: 0 out of 150
  Number of DML rows: 0 out of 10000
  Maximum CPU time: 0 out of 10000
  Maximum heap size: 0 out of 6000000
  Number of callouts: 0 out of 100
  Number of Email Invocations: 0 out of 10
  Number of future calls: 0 out of 50
  Number of queueable jobs added to the queue: 0 out of 50
  Number of Mobile Apex push calls: 0 out of 10

11:49:18.18 (18088865)|CUMULATIVE_LIMIT_USAGE_END

11:49:18.0 (18111290)|CODE_UNIT_FINISHED|CasosControllerExtension.obtenerCasosToday()
11:49:18.0 (18359888)|CODE_UNIT_FINISHED|apex://CasosControllerExtension/ACTION$obtenerCasosToday
11:49:18.0 (18365324)|EXECUTION_FINISHED
