52.0 APEX_CODE,FINEST;APEX_PROFILING,INFO;CALLOUT,INFO;DATA_ACCESS,INFO;DB,INFO;NBA,INFO;SYSTEM,DEBUG;VALIDATION,INFO;VISUALFORCE,INFO;WAVE,INFO;WORKFLOW,INFO
17:51:00.0 (225046)|USER_INFO|[EXTERNAL]|0051N000008bAK9|contingenciafalabella@falabella.com.mx|(GMT-06:00) Central Standard Time (America/Mexico_City)|GMT-06:00
17:51:00.0 (297152)|EXECUTION_STARTED
17:51:00.0 (366154)|CODE_UNIT_STARTED|[EXTERNAL]|01p3l00000EBsec|BatchUpdateCaseGestorBO
17:51:00.0 (2066851)|HEAP_ALLOCATE|[95]|Bytes:3
17:51:00.0 (2141097)|HEAP_ALLOCATE|[100]|Bytes:152
17:51:00.0 (2155739)|HEAP_ALLOCATE|[417]|Bytes:408
17:51:00.0 (2166405)|HEAP_ALLOCATE|[430]|Bytes:408
17:51:00.0 (2187603)|HEAP_ALLOCATE|[317]|Bytes:6
17:51:00.0 (3902097)|HEAP_ALLOCATE|[EXTERNAL]|Bytes:98
17:51:00.0 (28470134)|HEAP_ALLOCATE|[EXTERNAL]|Bytes:11
17:51:00.0 (28527942)|SYSTEM_METHOD_ENTRY|[15]|BatchableContextImpl.BatchableContextImpl()
17:51:00.0 (28538588)|STATEMENT_EXECUTE|[15]
17:51:00.0 (28555558)|SYSTEM_METHOD_EXIT|[15]|BatchableContextImpl
17:51:00.0 (28562296)|HEAP_ALLOCATE|[EXTERNAL]|Bytes:12
17:51:00.0 (28565768)|HEAP_ALLOCATE|[EXTERNAL]|Bytes:4
17:51:00.0 (28571655)|VARIABLE_SCOPE_BEGIN|[31]|this|Database.BatchableContextImpl|true|false
17:51:00.0 (28662851)|VARIABLE_ASSIGNMENT|[31]|this|{}|0x1a1e4058
17:51:00.0 (28667267)|VARIABLE_SCOPE_BEGIN|[31]|jobId|Id|false|false
17:51:00.0 (28762796)|VARIABLE_ASSIGNMENT|[31]|jobId|"707RQ00001vVUijYAG"
17:51:00.0 (28765591)|VARIABLE_SCOPE_BEGIN|[31]|childJobId|Id|false|false
17:51:00.0 (28771319)|VARIABLE_ASSIGNMENT|[31]|childJobId|null
17:51:00.0 (30914741)|HEAP_ALLOCATE|[EXTERNAL]|Bytes:99
17:51:00.0 (30932202)|HEAP_ALLOCATE|[EXTERNAL]|Bytes:12
17:51:00.0 (31030378)|METHOD_ENTRY|[11]|01p3l00000EBsec|BatchUpdateCaseGestorBO.BatchUpdateCaseGestorBO()
17:51:00.0 (31040944)|STATEMENT_EXECUTE|[11]
17:51:00.0 (31047217)|STATEMENT_EXECUTE|[11]
17:51:00.0 (31072357)|METHOD_EXIT|[11]|BatchUpdateCaseGestorBO
17:51:00.0 (31078695)|HEAP_ALLOCATE|[EXTERNAL]|Bytes:20
17:51:00.0 (31080643)|HEAP_ALLOCATE|[EXTERNAL]|Bytes:12
17:51:00.0 (31086973)|VARIABLE_SCOPE_BEGIN|[33]|this|BatchUpdateCaseGestorBO|true|false
17:51:00.0 (31137180)|VARIABLE_ASSIGNMENT|[33]|this|{"idQueueFraudesCredito":"00G3l000004HYBREA4","intCallMSAttempts":3,"lstRecordTypesBO":"0x1b2f404d","lstRequestsWithError":"0x38dad7ff"}|0x2c65af46
17:51:00.0 (31141536)|VARIABLE_SCOPE_BEGIN|[33]|BC|Database.BatchableContext|true|false
17:51:00.0 (31200168)|VARIABLE_ASSIGNMENT|[33]|BC|{"jobId":"707RQ00001vVUijYAG"}|0x1a1e4058
17:51:00.0 (31208491)|STATEMENT_EXECUTE|[33]
17:51:00.0 (31209657)|STATEMENT_EXECUTE|[35]
17:51:00.0 (31213281)|HEAP_ALLOCATE|[35]|Bytes:217
17:51:00.0 (31234597)|HEAP_ALLOCATE|[35]|Bytes:4
17:51:00.0 (31245089)|HEAP_ALLOCATE|[35]|Bytes:7
17:51:00.0 (31261463)|HEAP_ALLOCATE|[35]|Bytes:7
17:51:00.0 (31265628)|HEAP_ALLOCATE|[35]|Bytes:7
17:51:00.0 (31301480)|HEAP_ALLOCATE|[68]|Bytes:5
17:51:00.0 (31320699)|HEAP_ALLOCATE|[74]|Bytes:5
17:51:00.0 (31325863)|HEAP_ALLOCATE|[82]|Bytes:7
17:51:00.0 (33178277)|SOQL_EXECUTE_BEGIN|[35]|Aggregations:0|SELECT ID_Solicitud__c, Solicitud_Repetida__c, Total_a_Condonar__c FROM Case WHERE (OwnerId = :tmpVar1 AND RecordTypeId IN :tmpVar2 AND (Actualizaci_n_de_domicilio_en_SAT__c = FALSE OR Total_a_Condonar__c < :tmpVar3))
17:51:00.0 (66718369)|SOQL_EXECUTE_END|[35]|Rows:3
17:51:00.0 (66900923)|HEAP_ALLOCATE|[35]|Bytes:20
17:51:00.111 (111837366)|CUMULATIVE_LIMIT_USAGE
17:51:00.111 (111837366)|LIMIT_USAGE_FOR_NS|(default)|
  Number of SOQL queries: 0 out of 200
  Number of query rows: 0 out of 50000
  Number of SOSL queries: 0 out of 20
  Number of DML statements: 0 out of 150
  Number of Publish Immediate DML: 0 out of 150
  Number of DML rows: 0 out of 10000
  Maximum CPU time: 0 out of 60000
  Maximum heap size: 0 out of 12000000
  Number of callouts: 0 out of 0
  Number of Email Invocations: 0 out of 10
  Number of future calls: 0 out of 0
  Number of queueable jobs added to the queue: 0 out of 1
  Number of Mobile Apex push calls: 0 out of 10

17:51:00.111 (111837366)|CUMULATIVE_LIMIT_USAGE_END

17:51:00.0 (112008312)|CODE_UNIT_FINISHED|BatchUpdateCaseGestorBO
17:51:00.0 (112059008)|EXECUTION_FINISHED
