66.0 APEX_CODE,FINEST;APEX_PROFILING,INFO;CALLOUT,INFO;DATA_ACCESS,INFO;DB,INFO;NBA,INFO;SYSTEM,DEBUG;VALIDATION,INFO;VISUALFORCE,INFO;WAVE,INFO;WORKFLOW,INFO
11:57:29.0 (174750)|USER_INFO|[EXTERNAL]|0050v0000034lag|albeltransa@falabella.com.mx.admin.uat|(GMT-06:00) Central Standard Time (America/Mexico_City)|GMT-06:00
11:57:29.0 (212331)|EXECUTION_STARTED
11:57:29.0 (221756)|CODE_UNIT_STARTED|[EXTERNAL]|apex://CasosControllerExtension/ACTION$obtenerCasosCerrados
11:57:29.0 (1891609)|CODE_UNIT_STARTED|[EXTERNAL]|01p0v000003PcLg|CasosControllerExtension.obtenerCasosCerrados()
11:57:29.0 (2021222)|VARIABLE_SCOPE_BEGIN|[21]|CasosControllerExtension.QUEUE_CREDITO_FRAUDES|String|false|true
11:57:29.0 (2058607)|VARIABLE_SCOPE_BEGIN|[20]|CasosControllerExtension.RT_FIGITAL|String|false|true
11:57:29.0 (2061794)|VARIABLE_SCOPE_BEGIN|[19]|CasosControllerExtension.RT_RIESGOS|String|false|true
11:57:29.0 (2064860)|VARIABLE_SCOPE_BEGIN|[17]|CasosControllerExtension.ST_ASIGNADA|String|false|true
11:57:29.0 (2067699)|VARIABLE_SCOPE_BEGIN|[15]|CasosControllerExtension.ST_AUTORIZADA|String|false|true
11:57:29.0 (2070607)|VARIABLE_SCOPE_BEGIN|[18]|CasosControllerExtension.ST_CERRADO|String|false|true
11:57:29.0 (2073400)|VARIABLE_SCOPE_BEGIN|[16]|CasosControllerExtension.ST_NUEVO|String|false|true
11:57:29.0 (2285725)|HEAP_ALLOCATE|[95]|Bytes:3
11:57:29.0 (2331413)|HEAP_ALLOCATE|[100]|Bytes:152
11:57:29.0 (2344475)|HEAP_ALLOCATE|[417]|Bytes:408
11:57:29.0 (2355905)|HEAP_ALLOCATE|[430]|Bytes:408
11:57:29.0 (2375753)|HEAP_ALLOCATE|[317]|Bytes:6
11:57:29.0 (2385958)|HEAP_ALLOCATE|[EXTERNAL]|Bytes:11
11:57:29.0 (2398084)|METHOD_ENTRY|[13]|01p0v000003PcLg|CasosControllerExtension.CasosControllerExtension()
11:57:29.0 (2402461)|STATEMENT_EXECUTE|[13]
11:57:29.0 (2408144)|STATEMENT_EXECUTE|[13]
11:57:29.0 (2426593)|HEAP_ALLOCATE|[68]|Bytes:5
11:57:29.0 (2449908)|HEAP_ALLOCATE|[74]|Bytes:5
11:57:29.0 (2454655)|HEAP_ALLOCATE|[82]|Bytes:7
11:57:29.0 (2475218)|HEAP_ALLOCATE|[15]|Bytes:5
11:57:29.0 (2477751)|STATEMENT_EXECUTE|[15]
11:57:29.0 (2479649)|HEAP_ALLOCATE|[15]|Bytes:12
11:57:29.0 (2563490)|VARIABLE_ASSIGNMENT|[15]|CasosControllerExtension.ST_AUTORIZADA|"Autorización"
11:57:29.0 (2567638)|STATEMENT_EXECUTE|[16]
11:57:29.0 (2569168)|HEAP_ALLOCATE|[16]|Bytes:3
11:57:29.0 (2574062)|VARIABLE_ASSIGNMENT|[16]|CasosControllerExtension.ST_NUEVO|"New"
11:57:29.0 (2576019)|STATEMENT_EXECUTE|[17]
11:57:29.0 (2577048)|HEAP_ALLOCATE|[17]|Bytes:8
11:57:29.0 (2581028)|VARIABLE_ASSIGNMENT|[17]|CasosControllerExtension.ST_ASIGNADA|"Asignada"
11:57:29.0 (2582998)|STATEMENT_EXECUTE|[18]
11:57:29.0 (2584373)|HEAP_ALLOCATE|[18]|Bytes:7
11:57:29.0 (2587772)|VARIABLE_ASSIGNMENT|[18]|CasosControllerExtension.ST_CERRADO|"Cerrado"
11:57:29.0 (2589614)|STATEMENT_EXECUTE|[19]
11:57:29.0 (2590855)|HEAP_ALLOCATE|[19]|Bytes:19
11:57:29.0 (2594616)|VARIABLE_ASSIGNMENT|[19]|CasosControllerExtension.RT_RIESGOS|"Riesgos_Originaci_n"
11:57:29.0 (2596648)|STATEMENT_EXECUTE|[20]
11:57:29.0 (2597741)|HEAP_ALLOCATE|[20]|Bytes:18
11:57:29.0 (2600942)|VARIABLE_ASSIGNMENT|[20]|CasosControllerExtension.RT_FIGITAL|"BackOffice_Figital"
11:57:29.0 (2602710)|STATEMENT_EXECUTE|[21]
11:57:29.0 (2603678)|HEAP_ALLOCATE|[21]|Bytes:26
11:57:29.0 (2609275)|VARIABLE_ASSIGNMENT|[21]|CasosControllerExtension.QUEUE_CREDITO_FRAUDES|"BackOffice Credito/F (6 more) ..."
11:57:29.0 (2620267)|METHOD_EXIT|[13]|CasosControllerExtension
11:57:29.0 (2631200)|HEAP_ALLOCATE|[94]|Bytes:5
11:57:29.0 (2633654)|STATEMENT_EXECUTE|[92]
11:57:29.0 (2634474)|STATEMENT_EXECUTE|[94]
11:57:29.0 (2635660)|HEAP_ALLOCATE|[94]|Bytes:4
11:57:29.0 (2773789)|HEAP_ALLOCATE|[94]|Bytes:4
11:57:29.0 (3791008)|HEAP_ALLOCATE|[94]|Bytes:412
11:57:29.0 (3863455)|HEAP_ALLOCATE|[94]|Bytes:4
11:57:29.0 (3878332)|HEAP_ALLOCATE|[94]|Bytes:18
11:57:29.0 (3882057)|VARIABLE_SCOPE_BEGIN|[94]|idRecordTypeCredito|String|false|false
11:57:29.0 (3892343)|VARIABLE_ASSIGNMENT|[94]|idRecordTypeCredito|"0120v000000fwTjAAI"
11:57:29.0 (3895003)|STATEMENT_EXECUTE|[95]
11:57:29.0 (3945516)|HEAP_ALLOCATE|[95]|Bytes:4
11:57:29.0 (4799832)|HEAP_ALLOCATE|[95]|Bytes:412
11:57:29.0 (4818445)|HEAP_ALLOCATE|[95]|Bytes:4
11:57:29.0 (4822332)|HEAP_ALLOCATE|[95]|Bytes:18
11:57:29.0 (4825070)|VARIABLE_SCOPE_BEGIN|[95]|idRecordTypeFigital|String|false|false
11:57:29.0 (4832701)|VARIABLE_ASSIGNMENT|[95]|idRecordTypeFigital|"0120v000000pcRFAAY"
11:57:29.0 (4835186)|STATEMENT_EXECUTE|[97]
11:57:29.0 (4837151)|HEAP_ALLOCATE|[97]|Bytes:151
11:57:29.0 (4847967)|HEAP_ALLOCATE|[97]|Bytes:4
11:57:29.0 (4856617)|HEAP_ALLOCATE|[97]|Bytes:7
11:57:29.0 (4867855)|HEAP_ALLOCATE|[97]|Bytes:7
11:57:29.0 (4871117)|HEAP_ALLOCATE|[97]|Bytes:7
11:57:29.0 (5324809)|SOQL_EXECUTE_BEGIN|[97]|Aggregations:0|SELECT Id, CreatedDate, ClosedDate FROM Case WHERE (Status = :tmpVar1 AND CreatedDate = TODAY AND (RecordTypeId = :tmpVar2 OR RecordTypeId = :tmpVar3))
11:57:29.0 (13003184)|SOQL_EXECUTE_END|[97]|Rows:1
11:57:29.0 (13038932)|HEAP_ALLOCATE|[97]|Bytes:8
11:57:29.0 (13062216)|HEAP_ALLOCATE|[97]|Bytes:66
11:57:29.0 (13113130)|HEAP_ALLOCATE|[97]|Bytes:8
11:57:29.0 (13130493)|VARIABLE_SCOPE_BEGIN|[97]|listaCasosCerrados|List<Case>|true|false
11:57:29.0 (13221607)|VARIABLE_ASSIGNMENT|[97]|listaCasosCerrados|[{"CreatedDate":"2026-06-01T17:47:58.000Z","Id":"500Rt00000g7iDqIAI","ClosedDate":"2026-06-01T17:52:44.000Z"}]|0x168ea385
11:57:29.0 (13226693)|STATEMENT_EXECUTE|[99]
11:57:29.13 (13286231)|CUMULATIVE_LIMIT_USAGE
11:57:29.13 (13286231)|LIMIT_USAGE_FOR_NS|(default)|
  Number of SOQL queries: 1 out of 100
  Number of query rows: 1 out of 50000
  Number of SOSL queries: 0 out of 20
  Number of DML statements: 0 out of 150
  Number of Publish Immediate DML: 0 out of 150
  Number of DML rows: 0 out of 10000
  Maximum CPU time: 0 out of 10000
  Maximum heap size: 0 out of 6000000
  Number of callouts: 0 out of 100
  Number of Email Invocations: 0 out of 10
  Number of future calls: 0 out of 50
  Number of queueable jobs added to the queue: 0 out of 50
  Number of Mobile Apex push calls: 0 out of 10

11:57:29.13 (13286231)|CUMULATIVE_LIMIT_USAGE_END

11:57:29.0 (13310000)|CODE_UNIT_FINISHED|CasosControllerExtension.obtenerCasosCerrados()
11:57:29.0 (13520339)|CODE_UNIT_FINISHED|apex://CasosControllerExtension/ACTION$obtenerCasosCerrados
11:57:29.0 (13526066)|EXECUTION_FINISHED
