66.0 APEX_CODE,FINEST;APEX_PROFILING,INFO;CALLOUT,INFO;DATA_ACCESS,INFO;DB,INFO;NBA,INFO;SYSTEM,DEBUG;VALIDATION,INFO;VISUALFORCE,INFO;WAVE,INFO;WORKFLOW,INFO
11:53:19.0 (158103)|USER_INFO|[EXTERNAL]|0050v0000034lag|albeltransa@falabella.com.mx.admin.uat|(GMT-06:00) Central Standard Time (America/Mexico_City)|GMT-06:00
11:53:19.0 (205095)|EXECUTION_STARTED
11:53:19.0 (215831)|CODE_UNIT_STARTED|[EXTERNAL]|apex://CasosControllerExtension/ACTION$obtenerCasosToday
11:53:19.0 (1998716)|CODE_UNIT_STARTED|[EXTERNAL]|01p0v000003PcLg|CasosControllerExtension.obtenerCasosToday()
11:53:19.0 (2122584)|VARIABLE_SCOPE_BEGIN|[21]|CasosControllerExtension.QUEUE_CREDITO_FRAUDES|String|false|true
11:53:19.0 (2166852)|VARIABLE_SCOPE_BEGIN|[20]|CasosControllerExtension.RT_FIGITAL|String|false|true
11:53:19.0 (2176633)|VARIABLE_SCOPE_BEGIN|[19]|CasosControllerExtension.RT_RIESGOS|String|false|true
11:53:19.0 (2182076)|VARIABLE_SCOPE_BEGIN|[17]|CasosControllerExtension.ST_ASIGNADA|String|false|true
11:53:19.0 (2187374)|VARIABLE_SCOPE_BEGIN|[15]|CasosControllerExtension.ST_AUTORIZADA|String|false|true
11:53:19.0 (2192798)|VARIABLE_SCOPE_BEGIN|[18]|CasosControllerExtension.ST_CERRADO|String|false|true
11:53:19.0 (2198232)|VARIABLE_SCOPE_BEGIN|[16]|CasosControllerExtension.ST_NUEVO|String|false|true
11:53:19.0 (2346034)|HEAP_ALLOCATE|[95]|Bytes:3
11:53:19.0 (2397047)|HEAP_ALLOCATE|[100]|Bytes:152
11:53:19.0 (2415172)|HEAP_ALLOCATE|[417]|Bytes:408
11:53:19.0 (2433059)|HEAP_ALLOCATE|[430]|Bytes:408
11:53:19.0 (2462963)|HEAP_ALLOCATE|[317]|Bytes:6
11:53:19.0 (2498607)|HEAP_ALLOCATE|[EXTERNAL]|Bytes:11
11:53:19.0 (2514372)|METHOD_ENTRY|[13]|01p0v000003PcLg|CasosControllerExtension.CasosControllerExtension()
11:53:19.0 (2520192)|STATEMENT_EXECUTE|[13]
11:53:19.0 (2526822)|STATEMENT_EXECUTE|[13]
11:53:19.0 (2547659)|HEAP_ALLOCATE|[68]|Bytes:5
11:53:19.0 (2575896)|HEAP_ALLOCATE|[74]|Bytes:5
11:53:19.0 (2582898)|HEAP_ALLOCATE|[82]|Bytes:7
11:53:19.0 (2603739)|HEAP_ALLOCATE|[15]|Bytes:5
11:53:19.0 (2607703)|STATEMENT_EXECUTE|[15]
11:53:19.0 (2610253)|HEAP_ALLOCATE|[15]|Bytes:12
11:53:19.0 (2689453)|VARIABLE_ASSIGNMENT|[15]|CasosControllerExtension.ST_AUTORIZADA|"Autorización"
11:53:19.0 (2696052)|STATEMENT_EXECUTE|[16]
11:53:19.0 (2698119)|HEAP_ALLOCATE|[16]|Bytes:3
11:53:19.0 (2705127)|VARIABLE_ASSIGNMENT|[16]|CasosControllerExtension.ST_NUEVO|"New"
11:53:19.0 (2708564)|STATEMENT_EXECUTE|[17]
11:53:19.0 (2710155)|HEAP_ALLOCATE|[17]|Bytes:8
11:53:19.0 (2715807)|VARIABLE_ASSIGNMENT|[17]|CasosControllerExtension.ST_ASIGNADA|"Asignada"
11:53:19.0 (2719138)|STATEMENT_EXECUTE|[18]
11:53:19.0 (2720668)|HEAP_ALLOCATE|[18]|Bytes:7
11:53:19.0 (2726196)|VARIABLE_ASSIGNMENT|[18]|CasosControllerExtension.ST_CERRADO|"Cerrado"
11:53:19.0 (2729468)|STATEMENT_EXECUTE|[19]
11:53:19.0 (2731236)|HEAP_ALLOCATE|[19]|Bytes:19
11:53:19.0 (2737128)|VARIABLE_ASSIGNMENT|[19]|CasosControllerExtension.RT_RIESGOS|"Riesgos_Originaci_n"
11:53:19.0 (2740629)|STATEMENT_EXECUTE|[20]
11:53:19.0 (2742146)|HEAP_ALLOCATE|[20]|Bytes:18
11:53:19.0 (2747596)|VARIABLE_ASSIGNMENT|[20]|CasosControllerExtension.RT_FIGITAL|"BackOffice_Figital"
11:53:19.0 (2751042)|STATEMENT_EXECUTE|[21]
11:53:19.0 (2752538)|HEAP_ALLOCATE|[21]|Bytes:26
11:53:19.0 (2760748)|VARIABLE_ASSIGNMENT|[21]|CasosControllerExtension.QUEUE_CREDITO_FRAUDES|"BackOffice Credito/F (6 more) ..."
11:53:19.0 (2795918)|METHOD_EXIT|[13]|CasosControllerExtension
11:53:19.0 (2810273)|HEAP_ALLOCATE|[78]|Bytes:5
11:53:19.0 (2813886)|STATEMENT_EXECUTE|[76]
11:53:19.0 (2815227)|STATEMENT_EXECUTE|[78]
11:53:19.0 (2817147)|HEAP_ALLOCATE|[78]|Bytes:4
11:53:19.0 (3008364)|HEAP_ALLOCATE|[78]|Bytes:4
11:53:19.0 (5250708)|HEAP_ALLOCATE|[78]|Bytes:412
11:53:19.0 (5363032)|HEAP_ALLOCATE|[78]|Bytes:4
11:53:19.0 (5382863)|HEAP_ALLOCATE|[78]|Bytes:18
11:53:19.0 (5389160)|VARIABLE_SCOPE_BEGIN|[78]|idRecordTypeCredito|String|false|false
11:53:19.0 (5408705)|VARIABLE_ASSIGNMENT|[78]|idRecordTypeCredito|"0120v000000fwTjAAI"
11:53:19.0 (5413972)|STATEMENT_EXECUTE|[79]
11:53:19.0 (5497031)|HEAP_ALLOCATE|[79]|Bytes:4
11:53:19.0 (7170462)|HEAP_ALLOCATE|[79]|Bytes:412
11:53:19.0 (7216178)|HEAP_ALLOCATE|[79]|Bytes:4
11:53:19.0 (7225714)|HEAP_ALLOCATE|[79]|Bytes:18
11:53:19.0 (7230818)|VARIABLE_SCOPE_BEGIN|[79]|idRecordTypeFigital|String|false|false
11:53:19.0 (7245829)|VARIABLE_ASSIGNMENT|[79]|idRecordTypeFigital|"0120v000000pcRFAAY"
11:53:19.0 (7250676)|STATEMENT_EXECUTE|[81]
11:53:19.0 (7259839)|HEAP_ALLOCATE|[81]|Bytes:196
11:53:19.0 (7279398)|HEAP_ALLOCATE|[81]|Bytes:4
11:53:19.0 (7291000)|HEAP_ALLOCATE|[81]|Bytes:7
11:53:19.0 (7310187)|HEAP_ALLOCATE|[81]|Bytes:7
11:53:19.0 (7317281)|HEAP_ALLOCATE|[81]|Bytes:7
11:53:19.0 (7322816)|HEAP_ALLOCATE|[81]|Bytes:7
11:53:19.0 (7328243)|HEAP_ALLOCATE|[81]|Bytes:7
11:53:19.0 (7333200)|HEAP_ALLOCATE|[81]|Bytes:7
11:53:19.0 (8252160)|SOQL_EXECUTE_BEGIN|[81]|Aggregations:0|SELECT COUNT() FROM Case WHERE ((Status = :tmpVar1 OR Status = :tmpVar2 OR Status = :tmpVar3 OR Status = :tmpVar4) AND CreatedDate = TODAY AND (RecordTypeId = :tmpVar5 OR RecordTypeId = :tmpVar6))
11:53:19.0 (22329011)|SOQL_EXECUTE_END|[81]|Rows:1
11:53:19.0 (22399498)|HEAP_ALLOCATE|[81]|Bytes:4
11:53:19.0 (22424240)|VARIABLE_SCOPE_BEGIN|[81]|total|Integer|false|false
11:53:19.0 (22433348)|HEAP_ALLOCATE|[81]|Bytes:4
11:53:19.0 (22453788)|VARIABLE_ASSIGNMENT|[81]|total|1
11:53:19.0 (22460175)|STATEMENT_EXECUTE|[83]
11:53:19.0 (22463233)|HEAP_ALLOCATE|[83]|Bytes:4
11:53:19.0 (22472098)|HEAP_ALLOCATE|[83]|Bytes:4
11:53:19.22 (22540013)|CUMULATIVE_LIMIT_USAGE
11:53:19.22 (22540013)|LIMIT_USAGE_FOR_NS|(default)|
  Number of SOQL queries: 1 out of 100
  Number of query rows: 1 out of 50000
  Number of SOSL queries: 0 out of 20
  Number of DML statements: 0 out of 150
  Number of Publish Immediate DML: 0 out of 150
  Number of DML rows: 0 out of 10000
  Maximum CPU time: 0 out of 10000
  Maximum heap size: 0 out of 6000000
  Number of callouts: 0 out of 100
  Number of Email Invocations: 0 out of 10
  Number of future calls: 0 out of 50
  Number of queueable jobs added to the queue: 0 out of 50
  Number of Mobile Apex push calls: 0 out of 10

11:53:19.22 (22540013)|CUMULATIVE_LIMIT_USAGE_END

11:53:19.0 (22578106)|CODE_UNIT_FINISHED|CasosControllerExtension.obtenerCasosToday()
11:53:19.0 (22831988)|CODE_UNIT_FINISHED|apex://CasosControllerExtension/ACTION$obtenerCasosToday
11:53:19.0 (22839775)|EXECUTION_FINISHED
