52.0 APEX_CODE,FINEST;APEX_PROFILING,INFO;CALLOUT,INFO;DATA_ACCESS,INFO;DB,INFO;NBA,INFO;SYSTEM,DEBUG;VALIDATION,INFO;VISUALFORCE,INFO;WAVE,INFO;WORKFLOW,INFO
17:00:02.0 (306847)|USER_INFO|[EXTERNAL]|0051N000005gvau|etrevinofalabella@izeicg.com.uat|(GMT-06:00) Central Standard Time (America/Mexico_City)|GMT-06:00
17:00:02.0 (348201)|EXECUTION_STARTED
17:00:02.0 (359135)|CODE_UNIT_STARTED|[EXTERNAL]|01p0v000003h7p3|BatchUpdateCaseGestorBO
17:00:02.0 (4366425)|HEAP_ALLOCATE|[95]|Bytes:3
17:00:02.0 (4483879)|HEAP_ALLOCATE|[100]|Bytes:152
17:00:02.0 (4504517)|HEAP_ALLOCATE|[417]|Bytes:408
17:00:02.0 (4520884)|HEAP_ALLOCATE|[430]|Bytes:408
17:00:02.0 (4551580)|HEAP_ALLOCATE|[317]|Bytes:6
17:00:02.0 (8809081)|HEAP_ALLOCATE|[EXTERNAL]|Bytes:98
17:00:02.0 (13963293)|HEAP_ALLOCATE|[EXTERNAL]|Bytes:11
17:00:02.0 (13990806)|SYSTEM_METHOD_ENTRY|[15]|BatchableContextImpl.BatchableContextImpl()
17:00:02.0 (14003760)|STATEMENT_EXECUTE|[15]
17:00:02.0 (14016412)|SYSTEM_METHOD_EXIT|[15]|BatchableContextImpl
17:00:02.0 (14023333)|HEAP_ALLOCATE|[EXTERNAL]|Bytes:12
17:00:02.0 (14026737)|HEAP_ALLOCATE|[EXTERNAL]|Bytes:4
17:00:02.0 (14028260)|HEAP_ALLOCATE|[EXTERNAL]|Bytes:4
17:00:02.0 (14032412)|VARIABLE_SCOPE_BEGIN|[31]|this|Database.BatchableContextImpl|true|false
17:00:02.0 (14114920)|VARIABLE_ASSIGNMENT|[31]|this|{}|0x735efbef
17:00:02.0 (14119199)|VARIABLE_SCOPE_BEGIN|[31]|jobId|Id|false|false
17:00:02.0 (14232477)|VARIABLE_ASSIGNMENT|[31]|jobId|"707Rt000024QnNWIA0"
17:00:02.0 (14235913)|VARIABLE_SCOPE_BEGIN|[31]|childJobId|Id|false|false
17:00:02.0 (14245503)|VARIABLE_ASSIGNMENT|[31]|childJobId|"707Rt000024Qsr3IAC"
17:00:02.0 (29924600)|HEAP_ALLOCATE|[EXTERNAL]|Bytes:24
17:00:04.870 (2870699649)|HEAP_ALLOCATE|[EXTERNAL]|Bytes:24
17:00:08.290 (6290199442)|HEAP_ALLOCATE|[EXTERNAL]|Bytes:20
17:00:11.657 (9657808373)|CUMULATIVE_LIMIT_USAGE
17:00:11.657 (9657808373)|LIMIT_USAGE_FOR_NS|(default)|
  Number of SOQL queries: 0 out of 200
  Number of query rows: 0 out of 50000
  Number of SOSL queries: 0 out of 20
  Number of DML statements: 0 out of 150
  Number of Publish Immediate DML: 0 out of 150
  Number of DML rows: 0 out of 10000
  Maximum CPU time: 0 out of 60000
  Maximum heap size: 0 out of 12000000
  Number of callouts: 0 out of 0
  Number of Email Invocations: 0 out of 10
  Number of future calls: 0 out of 0
  Number of queueable jobs added to the queue: 0 out of 1
  Number of Mobile Apex push calls: 0 out of 10

17:00:11.657 (9657808373)|CUMULATIVE_LIMIT_USAGE_END

17:00:11.657 (9657863586)|CODE_UNIT_FINISHED|BatchUpdateCaseGestorBO
17:00:11.657 (9657878653)|EXECUTION_FINISHED
