66.0 APEX_CODE,FINEST;APEX_PROFILING,INFO;CALLOUT,INFO;DATA_ACCESS,INFO;DB,INFO;NBA,INFO;SYSTEM,DEBUG;VALIDATION,INFO;VISUALFORCE,INFO;WAVE,INFO;WORKFLOW,INFO
14:37:23.0 (281481)|USER_INFO|[EXTERNAL]|0051N000005gvau|etrevinofalabella@izeicg.com.uat|(GMT-06:00) Central Standard Time (America/Mexico_City)|GMT-06:00
14:37:23.0 (365731)|EXECUTION_STARTED
14:37:23.0 (390568)|CODE_UNIT_STARTED|[EXTERNAL]|apex://SendOTPController/ACTION$getCustomerByCaseId
14:37:23.0 (4796430)|CODE_UNIT_STARTED|[EXTERNAL]|01p1N000005h4aa|SendOTPController.getCustomerByCaseId(String)
14:37:23.0 (5110954)|HEAP_ALLOCATE|[95]|Bytes:3
14:37:23.0 (5221109)|HEAP_ALLOCATE|[100]|Bytes:152
14:37:23.0 (5241101)|HEAP_ALLOCATE|[417]|Bytes:408
14:37:23.0 (5255650)|HEAP_ALLOCATE|[430]|Bytes:408
14:37:23.0 (5281666)|HEAP_ALLOCATE|[317]|Bytes:6
14:37:23.0 (5341680)|HEAP_ALLOCATE|[EXTERNAL]|Bytes:21
14:37:23.0 (5347065)|HEAP_ALLOCATE|[EXTERNAL]|Bytes:55
14:37:23.0 (5361813)|METHOD_ENTRY|[1]|01p1N000005h4aa|SendOTPController.SendOTPController()
14:37:23.0 (5377003)|STATEMENT_EXECUTE|[1]
14:37:23.0 (5388323)|STATEMENT_EXECUTE|[1]
14:37:23.0 (5393515)|METHOD_EXIT|[1]|SendOTPController
14:37:23.0 (5397445)|HEAP_ALLOCATE|[EXTERNAL]|Bytes:18
14:37:23.0 (5415720)|VARIABLE_SCOPE_BEGIN|[4]|caseId|String|false|false
14:37:23.0 (5486728)|VARIABLE_ASSIGNMENT|[4]|caseId|"500Rt00000bd45rIAA"
14:37:23.0 (5495546)|STATEMENT_EXECUTE|[4]
14:37:23.0 (5498358)|STATEMENT_EXECUTE|[7]
14:37:23.0 (5499830)|STATEMENT_EXECUTE|[11]
14:37:23.0 (5501353)|HEAP_ALLOCATE|[11]|Bytes:46
14:37:23.0 (5553624)|HEAP_ALLOCATE|[11]|Bytes:4
14:37:23.0 (5566807)|HEAP_ALLOCATE|[11]|Bytes:7
14:37:23.0 (5601167)|HEAP_ALLOCATE|[68]|Bytes:5
14:37:23.0 (5627611)|HEAP_ALLOCATE|[74]|Bytes:5
14:37:23.0 (5632197)|HEAP_ALLOCATE|[82]|Bytes:7
14:37:23.0 (7040392)|SOQL_EXECUTE_BEGIN|[11]|Aggregations:0|SELECT AccountId FROM Case WHERE Id = :tmpVar1
14:37:23.0 (11360796)|SOQL_EXECUTE_END|[11]|Rows:1
14:37:23.0 (11401630)|HEAP_ALLOCATE|[11]|Bytes:8
14:37:23.0 (11421659)|HEAP_ALLOCATE|[11]|Bytes:60
14:37:23.0 (11562776)|HEAP_ALLOCATE|[11]|Bytes:8
14:37:23.0 (11584958)|HEAP_ALLOCATE|[11]|Bytes:30
14:37:23.0 (11668402)|HEAP_ALLOCATE|[11]|Bytes:12
14:37:23.0 (11677938)|VARIABLE_SCOPE_BEGIN|[11]|c|Case|true|false
14:37:23.0 (11761623)|VARIABLE_ASSIGNMENT|[11]|c|{"AccountId":"0010v00000KlWodAAF","Id":"500Rt00000bd45rIAA"}|0x4d5f307d
14:37:23.0 (11769514)|STATEMENT_EXECUTE|[14]
14:37:23.0 (11772077)|HEAP_ALLOCATE|[14]|Bytes:178
14:37:23.0 (11785646)|HEAP_ALLOCATE|[14]|Bytes:4
14:37:23.0 (13440339)|SOQL_EXECUTE_BEGIN|[14]|Aggregations:1|SELECT Id, Name, Fecha_de_nacimiento1__c, PersonMobilePhone, Oficina__c, PersonContactId, CURP__c, (SELECT N_mero_de_tarjeta__c FROM Tarjetas__r) FROM Account WHERE Id = :tmpVar1
14:37:23.0 (26988207)|SOQL_EXECUTE_END|[14]|Rows:1
14:37:23.0 (27034719)|HEAP_ALLOCATE|[14]|Bytes:8
14:37:23.0 (27069269)|HEAP_ALLOCATE|[14]|Bytes:318
14:37:23.0 (27200391)|HEAP_ALLOCATE|[14]|Bytes:8
14:37:23.0 (27228963)|HEAP_ALLOCATE|[14]|Bytes:33
14:37:23.0 (27328890)|HEAP_ALLOCATE|[14]|Bytes:36
14:37:23.0 (27341610)|VARIABLE_SCOPE_BEGIN|[14]|acc|Account|true|false
14:37:23.0 (27761652)|VARIABLE_ASSIGNMENT|[14]|acc|{"Oficina__c":"1","Tarjetas__r":[{"Account__c":"0010v00000KlWodAAF","N_mero_de_tarjeta__c":"627180******6134","Id":"a010v000003LuSHAA0"}],"CURP__c":"FERM900101MASRDI09","Fecha_de_nacimiento1__c":"1990-01-01T00:00:00.000Z","PersonContactId":"0030v00000Em6HNAAZ","PersonMobilePhone":"8126878636","Id":"0010v00000KlWodAAF","Name":"Gonzalo Rios RODRIGU (2 more) ..."}|0x5c5dbe1b
14:37:23.0 (27782396)|STATEMENT_EXECUTE|[18]
14:37:23.27 (27860663)|CUMULATIVE_LIMIT_USAGE
14:37:23.27 (27860663)|LIMIT_USAGE_FOR_NS|(default)|
  Number of SOQL queries: 2 out of 100
  Number of query rows: 3 out of 50000
  Number of SOSL queries: 0 out of 20
  Number of DML statements: 0 out of 150
  Number of Publish Immediate DML: 0 out of 150
  Number of DML rows: 0 out of 10000
  Maximum CPU time: 0 out of 10000
  Maximum heap size: 0 out of 6000000
  Number of callouts: 0 out of 100
  Number of Email Invocations: 0 out of 10
  Number of future calls: 0 out of 50
  Number of queueable jobs added to the queue: 0 out of 50
  Number of Mobile Apex push calls: 0 out of 10

14:37:23.27 (27860663)|CUMULATIVE_LIMIT_USAGE_END

14:37:23.0 (27914874)|CODE_UNIT_FINISHED|SendOTPController.getCustomerByCaseId(String)
14:37:23.0 (28182716)|CODE_UNIT_FINISHED|apex://SendOTPController/ACTION$getCustomerByCaseId
14:37:23.0 (28190951)|EXECUTION_FINISHED
