67.0 APEX_CODE,FINEST;APEX_PROFILING,INFO;CALLOUT,INFO;DATA_ACCESS,INFO;DB,INFO;NBA,INFO;SYSTEM,DEBUG;VALIDATION,INFO;VISUALFORCE,INFO;WAVE,INFO;WORKFLOW,INFO
12:51:02.0 (482582)|USER_INFO|[EXTERNAL]|005Qg000002VBqt|jlandav@falabella.com.mx|(GMT-06:00) Central Standard Time (America/Mexico_City)|GMT-06:00
12:51:02.0 (600088)|EXECUTION_STARTED
12:51:02.0 (626902)|CODE_UNIT_STARTED|[EXTERNAL]|apex://CasosControllerExtension/ACTION$obtenerCasos
12:51:02.0 (2249261)|CODE_UNIT_STARTED|[EXTERNAL]|01p3l000005qcOV|CasosControllerExtension.obtenerCasos()
12:51:02.0 (2535107)|HEAP_ALLOCATE|[95]|Bytes:3
12:51:02.0 (2667021)|HEAP_ALLOCATE|[100]|Bytes:152
12:51:02.0 (2681309)|HEAP_ALLOCATE|[417]|Bytes:408
12:51:02.0 (2692227)|HEAP_ALLOCATE|[430]|Bytes:408
12:51:02.0 (2713978)|HEAP_ALLOCATE|[317]|Bytes:6
12:51:02.0 (2744140)|VARIABLE_SCOPE_BEGIN|[21]|CasosControllerExtension.QUEUE_CREDITO_FRAUDES|String|false|true
12:51:02.0 (2780779)|VARIABLE_SCOPE_BEGIN|[20]|CasosControllerExtension.RT_FIGITAL|String|false|true
12:51:02.0 (2784538)|VARIABLE_SCOPE_BEGIN|[19]|CasosControllerExtension.RT_RIESGOS|String|false|true
12:51:02.0 (2787967)|VARIABLE_SCOPE_BEGIN|[17]|CasosControllerExtension.ST_ASIGNADA|String|false|true
12:51:02.0 (2791233)|VARIABLE_SCOPE_BEGIN|[15]|CasosControllerExtension.ST_AUTORIZADA|String|false|true
12:51:02.0 (2794398)|VARIABLE_SCOPE_BEGIN|[18]|CasosControllerExtension.ST_CERRADO|String|false|true
12:51:02.0 (2797543)|VARIABLE_SCOPE_BEGIN|[16]|CasosControllerExtension.ST_NUEVO|String|false|true
12:51:02.0 (2836404)|HEAP_ALLOCATE|[EXTERNAL]|Bytes:11
12:51:02.0 (2869274)|METHOD_ENTRY|[13]|01p3l000005qcOV|CasosControllerExtension.CasosControllerExtension()
12:51:02.0 (2883824)|STATEMENT_EXECUTE|[13]
12:51:02.0 (2890923)|STATEMENT_EXECUTE|[13]
12:51:02.0 (2911466)|HEAP_ALLOCATE|[68]|Bytes:5
12:51:02.0 (2973803)|HEAP_ALLOCATE|[74]|Bytes:5
12:51:02.0 (2981101)|HEAP_ALLOCATE|[82]|Bytes:7
12:51:02.0 (3175194)|HEAP_ALLOCATE|[15]|Bytes:5
12:51:02.0 (3185246)|STATEMENT_EXECUTE|[15]
12:51:02.0 (3188225)|HEAP_ALLOCATE|[15]|Bytes:12
12:51:02.0 (3383995)|VARIABLE_ASSIGNMENT|[15]|CasosControllerExtension.ST_AUTORIZADA|"Autorización"
12:51:02.0 (3392704)|STATEMENT_EXECUTE|[16]
12:51:02.0 (3395187)|HEAP_ALLOCATE|[16]|Bytes:3
12:51:02.0 (3412398)|VARIABLE_ASSIGNMENT|[16]|CasosControllerExtension.ST_NUEVO|"New"
12:51:02.0 (3416222)|STATEMENT_EXECUTE|[17]
12:51:02.0 (3418127)|HEAP_ALLOCATE|[17]|Bytes:8
12:51:02.0 (3424810)|VARIABLE_ASSIGNMENT|[17]|CasosControllerExtension.ST_ASIGNADA|"Asignada"
12:51:02.0 (3428300)|STATEMENT_EXECUTE|[18]
12:51:02.0 (3429982)|HEAP_ALLOCATE|[18]|Bytes:7
12:51:02.0 (3435946)|VARIABLE_ASSIGNMENT|[18]|CasosControllerExtension.ST_CERRADO|"Cerrado"
12:51:02.0 (3438850)|STATEMENT_EXECUTE|[19]
12:51:02.0 (3441086)|HEAP_ALLOCATE|[19]|Bytes:19
12:51:02.0 (3447511)|VARIABLE_ASSIGNMENT|[19]|CasosControllerExtension.RT_RIESGOS|"Riesgos_Originaci_n"
12:51:02.0 (3451066)|STATEMENT_EXECUTE|[20]
12:51:02.0 (3452848)|HEAP_ALLOCATE|[20]|Bytes:18
12:51:02.0 (5179503)|VARIABLE_ASSIGNMENT|[20]|CasosControllerExtension.RT_FIGITAL|"BackOffice_Figital"
12:51:02.0 (5199042)|STATEMENT_EXECUTE|[21]
12:51:02.0 (5205185)|HEAP_ALLOCATE|[21]|Bytes:26
12:51:02.0 (5226104)|VARIABLE_ASSIGNMENT|[21]|CasosControllerExtension.QUEUE_CREDITO_FRAUDES|"BackOffice Credito/F (6 more) ..."
12:51:02.0 (5257965)|METHOD_EXIT|[13]|CasosControllerExtension
12:51:02.0 (5285154)|HEAP_ALLOCATE|[43]|Bytes:5
12:51:02.0 (5288005)|STATEMENT_EXECUTE|[41]
12:51:02.0 (5288946)|STATEMENT_EXECUTE|[43]
12:51:02.0 (5313328)|HEAP_ALLOCATE|[43]|Bytes:4
12:51:02.0 (5335416)|VARIABLE_SCOPE_BEGIN|[43]|mapResult|Map<String,ANY>|true|false
12:51:02.0 (5391270)|VARIABLE_ASSIGNMENT|[43]|mapResult|{}|0x37d1a2be
12:51:02.0 (5394309)|STATEMENT_EXECUTE|[45]
12:51:02.0 (5410100)|METHOD_ENTRY|[45]|01p3l000005qcOV|CasosControllerExtension.getProfileName()
12:51:02.0 (5471530)|HEAP_ALLOCATE|[29]|Bytes:5
12:51:02.0 (5475287)|STATEMENT_EXECUTE|[27]
12:51:02.0 (5476272)|STATEMENT_EXECUTE|[29]
12:51:02.0 (5522412)|HEAP_ALLOCATE|[29]|Bytes:105
12:51:02.0 (5535406)|SYSTEM_METHOD_ENTRY|[1]|UserInfo.UserInfo()
12:51:02.0 (5538875)|STATEMENT_EXECUTE|[1]
12:51:02.0 (5545489)|SYSTEM_METHOD_EXIT|[1]|UserInfo
12:51:02.0 (5565420)|METHOD_ENTRY|[29]||System.UserInfo.getProfileId()
12:51:02.0 (9006968)|METHOD_EXIT|[29]||System.UserInfo.getProfileId()
12:51:02.0 (9050104)|HEAP_ALLOCATE|[29]|Bytes:4
12:51:02.0 (9061496)|VARIABLE_SCOPE_BEGIN|[29]|profileId|Id|false|false
12:51:02.0 (9397040)|VARIABLE_ASSIGNMENT|[29]|profileId|"00e1N000001u1HIQAY"
12:51:02.0 (9402906)|STATEMENT_EXECUTE|[30]
12:51:02.0 (9407364)|HEAP_ALLOCATE|[30]|Bytes:48
12:51:02.0 (9424833)|HEAP_ALLOCATE|[30]|Bytes:4
12:51:02.0 (9433537)|HEAP_ALLOCATE|[30]|Bytes:7
12:51:02.0 (12171955)|SOQL_EXECUTE_BEGIN|[30]|Aggregations:0|SELECT Id, Name FROM Profile WHERE Id = :tmpVar1
12:51:02.0 (20941612)|SOQL_EXECUTE_END|[30]|Rows:1
12:51:02.0 (20988905)|HEAP_ALLOCATE|[30]|Bytes:8
12:51:02.0 (21008774)|HEAP_ALLOCATE|[30]|Bytes:57
12:51:02.0 (21139030)|HEAP_ALLOCATE|[30]|Bytes:8
12:51:02.0 (21156941)|HEAP_ALLOCATE|[30]|Bytes:33
12:51:02.0 (21226681)|HEAP_ALLOCATE|[30]|Bytes:12
12:51:02.0 (21267281)|VARIABLE_SCOPE_BEGIN|[30]|profileName|String|false|false
12:51:02.0 (21293101)|VARIABLE_ASSIGNMENT|[30]|profileName|"System Administrator"
12:51:02.0 (21297060)|STATEMENT_EXECUTE|[32]
12:51:02.0 (21313477)|METHOD_EXIT|[45]|01p3l000005qcOV|CasosControllerExtension.getProfileName()
12:51:02.0 (21318647)|VARIABLE_SCOPE_BEGIN|[45]|profileName|String|false|false
12:51:02.0 (21323480)|VARIABLE_ASSIGNMENT|[45]|profileName|"System Administrator"
12:51:02.0 (21325366)|STATEMENT_EXECUTE|[47]
12:51:02.0 (21327246)|HEAP_ALLOCATE|[47]|Bytes:4
12:51:02.0 (21844129)|HEAP_ALLOCATE|[47]|Bytes:4
12:51:02.0 (22861300)|HEAP_ALLOCATE|[47]|Bytes:408
12:51:02.0 (22949546)|HEAP_ALLOCATE|[47]|Bytes:4
12:51:02.0 (22965924)|HEAP_ALLOCATE|[47]|Bytes:18
12:51:02.0 (22973099)|VARIABLE_SCOPE_BEGIN|[47]|idRecordTypeCredito|String|false|false
12:51:02.0 (22990594)|VARIABLE_ASSIGNMENT|[47]|idRecordTypeCredito|"0123l000001M9F8AAK"
12:51:02.0 (22994168)|STATEMENT_EXECUTE|[48]
12:51:02.0 (23081888)|HEAP_ALLOCATE|[48]|Bytes:4
12:51:02.0 (23879795)|HEAP_ALLOCATE|[48]|Bytes:408
12:51:02.0 (23911525)|HEAP_ALLOCATE|[48]|Bytes:4
12:51:02.0 (23917474)|HEAP_ALLOCATE|[48]|Bytes:18
12:51:02.0 (23923975)|VARIABLE_SCOPE_BEGIN|[48]|idRecordTypeFigital|String|false|false
12:51:02.0 (23939947)|VARIABLE_ASSIGNMENT|[48]|idRecordTypeFigital|"0123l0000019LkKAAU"
12:51:02.0 (23943830)|STATEMENT_EXECUTE|[50]
12:51:02.0 (23946921)|HEAP_ALLOCATE|[50]|Bytes:737
12:51:02.0 (23961902)|HEAP_ALLOCATE|[50]|Bytes:4
12:51:02.0 (23980968)|HEAP_ALLOCATE|[50]|Bytes:7
12:51:02.0 (23985082)|HEAP_ALLOCATE|[50]|Bytes:7
12:51:02.0 (23988687)|HEAP_ALLOCATE|[50]|Bytes:7
12:51:02.0 (23991613)|HEAP_ALLOCATE|[50]|Bytes:7
12:51:02.0 (23994518)|HEAP_ALLOCATE|[50]|Bytes:7
12:51:02.0 (25942303)|SOQL_EXECUTE_BEGIN|[50]|Aggregations:0|SELECT Id, CaseNumber, ID_Solicitud__c, Nombre_s__c, Primer_Apellido__c, Segundo_Apellido__c, CreatedDate, Status, Tiempo_en_Proceso__c, OwnerId, Owner.Name, Fecha_y_hora_de_solicitud_en_an_lisis__c, Tiempo_en_An_lisis__c, Solicitud_Repetida__c, Solicitud_de_cancelaci_n__c, C_digo_Postal_Direcci_n_Otros__c, Validar_Movimientos__c, Publicidad__c, Bloqueo_de_Tarjeta_por_Cancelaci_n__c, Canal_origen__c, Fecha_y_hora_de_solicitud_en_Nuevo__c FROM Case WHERE ((Status = :tmpVar1 OR Status = :tmpVar2 OR Status = :tmpVar3) AND (RecordTypeId = :tmpVar4 OR RecordTypeId = :tmpVar5) AND Owner.Name != :tmpVar6 AND OcultarBO__c != TRUE) ORDER BY RecordType.DeveloperName DESC NULLS FIRST, Fecha_y_hora_de_solicitud_en_Nuevo__c DESC NULLS FIRST
12:51:02.0 (92899103)|SOQL_EXECUTE_END|[50]|Rows:291
12:51:02.0 (92949019)|HEAP_ALLOCATE|[50]|Bytes:1168
12:51:02.0 (93931501)|HEAP_ALLOCATE|[50]|Bytes:175065
12:51:02.0 (94067174)|HEAP_ALLOCATE|[50]|Bytes:1168
12:51:02.0 (94095795)|VARIABLE_SCOPE_BEGIN|[50]|listaCasos|List<Case>|true|false
12:51:02.0 (94135124)|VARIABLE_ASSIGNMENT|[50]|listaCasos|"List of size 291 too large to display"|0xac519c0
12:51:02.0 (94140132)|STATEMENT_EXECUTE|[61]
12:51:02.0 (94145510)|HEAP_ALLOCATE|[61]|Bytes:95
12:51:02.0 (94163951)|HEAP_ALLOCATE|[61]|Bytes:4
12:51:02.0 (94833991)|SOQL_EXECUTE_BEGIN|[61]|Aggregations:0|SELECT MasterLabel, Canal_Origen__c, Segundos__c, Semaforo__c FROM Semaforo_Riesgos_Inicio__mdt
12:51:02.0 (99590889)|SOQL_EXECUTE_END|[61]|Rows:6
12:51:02.0 (99634164)|HEAP_ALLOCATE|[61]|Bytes:28
12:51:02.0 (99667464)|HEAP_ALLOCATE|[61]|Bytes:871
12:51:02.0 (99758044)|HEAP_ALLOCATE|[61]|Bytes:28
12:51:02.0 (99781745)|VARIABLE_SCOPE_BEGIN|[61]|lstSemaforoRiesgos|List<Semaforo_Riesgos_Inicio__mdt>|true|false
12:51:02.0 (99817784)|VARIABLE_ASSIGNMENT|[61]|lstSemaforoRiesgos|"List of size 6 too large to display"|0x562090aa
12:51:02.0 (99821886)|STATEMENT_EXECUTE|[63]
12:51:02.0 (99825680)|HEAP_ALLOCATE|[63]|Bytes:10
12:51:02.0 (99899735)|HEAP_ALLOCATE|[EXTERNAL]|Bytes:-4
12:51:02.0 (99907513)|STATEMENT_EXECUTE|[64]
12:51:02.0 (99909093)|HEAP_ALLOCATE|[64]|Bytes:11
12:51:02.0 (99920286)|HEAP_ALLOCATE|[EXTERNAL]|Bytes:-4
12:51:02.0 (99923035)|STATEMENT_EXECUTE|[65]
12:51:02.0 (99924104)|HEAP_ALLOCATE|[65]|Bytes:18
12:51:02.0 (99931326)|HEAP_ALLOCATE|[EXTERNAL]|Bytes:-4
12:51:02.0 (99933932)|STATEMENT_EXECUTE|[67]
12:51:02.100 (100009798)|CUMULATIVE_LIMIT_USAGE
12:51:02.100 (100009798)|LIMIT_USAGE_FOR_NS|(default)|
  Number of SOQL queries: 2 out of 100
  Number of query rows: 298 out of 50000
  Number of SOSL queries: 0 out of 20
  Number of DML statements: 0 out of 150
  Number of Publish Immediate DML: 0 out of 150
  Number of DML rows: 0 out of 10000
  Maximum CPU time: 0 out of 10000
  Maximum heap size: 0 out of 6000000
  Number of callouts: 0 out of 100
  Number of Email Invocations: 0 out of 10
  Number of future calls: 0 out of 50
  Number of queueable jobs added to the queue: 0 out of 50
  Number of Mobile Apex push calls: 0 out of 10

12:51:02.100 (100009798)|CUMULATIVE_LIMIT_USAGE_END

12:51:02.0 (100123640)|CODE_UNIT_FINISHED|CasosControllerExtension.obtenerCasos()
12:51:02.0 (103241253)|CODE_UNIT_FINISHED|apex://CasosControllerExtension/ACTION$obtenerCasos
12:51:02.0 (103271760)|EXECUTION_FINISHED
