67.0 APEX_CODE,FINEST;APEX_PROFILING,INFO;CALLOUT,INFO;DATA_ACCESS,INFO;DB,INFO;NBA,INFO;SYSTEM,DEBUG;VALIDATION,INFO;VISUALFORCE,INFO;WAVE,INFO;WORKFLOW,INFO
12:21:24.1 (1196628)|USER_INFO|[EXTERNAL]|0051N000005gvau|etrevinofalabella@izeicg.com.uat|(GMT-06:00) Central Standard Time (America/Mexico_City)|GMT-06:00
12:21:24.1 (1472069)|EXECUTION_STARTED
12:21:24.1 (1639507)|CODE_UNIT_STARTED|[EXTERNAL]|apex://MicroServicioCustomerData/ACTION$consulta_Customer_Data
12:21:24.1 (10612703)|CODE_UNIT_STARTED|[EXTERNAL]|01p0v000003GxUV|MicroServicioCustomerData.consulta_Customer_Data(String)
12:21:24.1 (11895764)|VARIABLE_SCOPE_BEGIN|[20]|MicroServicioCustomerData.GETDATA|String|false|true
12:21:24.1 (12077075)|VARIABLE_SCOPE_BEGIN|[18]|MicroServicioCustomerData.POST|String|false|true
12:21:24.1 (12483870)|HEAP_ALLOCATE|[95]|Bytes:3
12:21:24.1 (12628736)|HEAP_ALLOCATE|[100]|Bytes:152
12:21:24.1 (12709862)|HEAP_ALLOCATE|[417]|Bytes:408
12:21:24.1 (12778176)|HEAP_ALLOCATE|[430]|Bytes:408
12:21:24.1 (12871917)|HEAP_ALLOCATE|[317]|Bytes:6
12:21:24.1 (12913677)|HEAP_ALLOCATE|[EXTERNAL]|Bytes:8
12:21:24.1 (12931893)|HEAP_ALLOCATE|[EXTERNAL]|Bytes:20
12:21:24.1 (12947749)|HEAP_ALLOCATE|[EXTERNAL]|Bytes:15
12:21:24.1 (13168487)|VARIABLE_ASSIGNMENT|[EXTERNAL]|MicroServicioCustomerData.GETDATA|"client/get/data"
12:21:24.1 (13199415)|HEAP_ALLOCATE|[EXTERNAL]|Bytes:4
12:21:24.1 (13215057)|VARIABLE_ASSIGNMENT|[EXTERNAL]|MicroServicioCustomerData.POST|"POST"
12:21:24.1 (13264114)|METHOD_ENTRY|[14]|01p0v000003GxUV|MicroServicioCustomerData.MicroServicioCustomerData()
12:21:24.1 (13291030)|STATEMENT_EXECUTE|[14]
12:21:24.1 (13311904)|STATEMENT_EXECUTE|[14]
12:21:24.1 (13317309)|METHOD_EXIT|[14]|MicroServicioCustomerData
12:21:24.1 (13348665)|HEAP_ALLOCATE|[EXTERNAL]|Bytes:18
12:21:24.1 (13376281)|VARIABLE_SCOPE_BEGIN|[67]|numeroDocumento|String|false|false
12:21:24.1 (13421158)|VARIABLE_ASSIGNMENT|[67]|numeroDocumento|"RIAS171130HNLGLF82"
12:21:24.1 (13467801)|STATEMENT_EXECUTE|[67]
12:21:24.1 (13479356)|STATEMENT_EXECUTE|[69]
12:21:24.1 (13550217)|HEAP_ALLOCATE|[69]|Bytes:4
12:21:24.1 (13599120)|VARIABLE_SCOPE_BEGIN|[69]|result|Map<String,ANY>|true|false
12:21:24.1 (13670125)|VARIABLE_ASSIGNMENT|[69]|result|{}|0x548b475d
12:21:24.1 (13674890)|STATEMENT_EXECUTE|[71]
12:21:24.1 (13727089)|HEAP_ALLOCATE|[68]|Bytes:5
12:21:24.1 (13789203)|HEAP_ALLOCATE|[74]|Bytes:5
12:21:24.1 (13825567)|HEAP_ALLOCATE|[82]|Bytes:7
12:21:24.1 (13858312)|VARIABLE_SCOPE_BEGIN|[71]|success|Boolean|false|false
12:21:24.1 (14415108)|HEAP_ALLOCATE|[71]|Bytes:5
12:21:24.1 (14454253)|VARIABLE_ASSIGNMENT|[71]|success|false
12:21:24.1 (14464213)|STATEMENT_EXECUTE|[73]
12:21:24.1 (14489031)|HEAP_ALLOCATE|[73]|Bytes:4
12:21:24.1 (14524658)|VARIABLE_SCOPE_BEGIN|[73]|params|Map<String,String>|true|false
12:21:24.1 (14572164)|VARIABLE_ASSIGNMENT|[73]|params|{}|0x2ac5a4f7
12:21:24.1 (14851671)|STATEMENT_EXECUTE|[74]
12:21:24.1 (14884357)|HEAP_ALLOCATE|[74]|Bytes:15
12:21:24.1 (15078530)|HEAP_ALLOCATE|[EXTERNAL]|Bytes:-4
12:21:24.1 (15111582)|STATEMENT_EXECUTE|[75]
12:21:24.1 (15129868)|HEAP_ALLOCATE|[75]|Bytes:39
12:21:24.1 (15177237)|HEAP_ALLOCATE|[75]|Bytes:57
12:21:24.1 (15269902)|USER_DEBUG|[75]|DEBUG|Consulta CustomerData numeroDocumento: RIAS171130HNLGLF82
12:21:24.1 (15319745)|STATEMENT_EXECUTE|[77]
12:21:24.1 (22899570)|HEAP_ALLOCATE|[77]|Bytes:8
12:21:24.1 (23006131)|CONSTRUCTOR_ENTRY|[77]|01p0v000003GxUV|<init>()|MicroServicioCustomerData
12:21:24.1 (23150340)|VARIABLE_SCOPE_BEGIN|[22]|this|MicroServicioCustomerData|true|false
12:21:24.1 (23306787)|VARIABLE_ASSIGNMENT|[22]|this|{}|0x2a140300
12:21:24.1 (23345163)|STATEMENT_EXECUTE|[14]
12:21:24.1 (23354763)|STATEMENT_EXECUTE|[16]
12:21:24.1 (23404265)|HEAP_ALLOCATE|[24]|Bytes:6
12:21:24.1 (27219414)|STATEMENT_EXECUTE|[22]
12:21:24.1 (27223576)|STATEMENT_EXECUTE|[24]
12:21:24.1 (27523484)|HEAP_ALLOCATE|[24]|Bytes:76
12:21:24.1 (27599660)|HEAP_ALLOCATE|[24]|Bytes:76
12:21:24.1 (27622390)|HEAP_ALLOCATE|[24]|Bytes:1
12:21:24.1 (27660965)|HEAP_ALLOCATE|[24]|Bytes:25
12:21:24.1 (27682741)|VARIABLE_SCOPE_BEGIN|[24]|currentClassName|String|false|false
12:21:24.1 (27756257)|VARIABLE_ASSIGNMENT|[24]|currentClassName|"MicroServicioCustome (5 more) ..."
12:21:24.1 (27767914)|STATEMENT_EXECUTE|[26]
12:21:24.1 (27798371)|HEAP_ALLOCATE|[26]|Bytes:61
12:21:24.1 (27821433)|HEAP_ALLOCATE|[26]|Bytes:31
12:21:24.1 (27880944)|METHOD_ENTRY|[12]|01p0v000002OV5X|ClienteMicroServicios.ClienteMicroServicios()
12:21:24.1 (27919597)|STATEMENT_EXECUTE|[12]
12:21:24.1 (27942219)|STATEMENT_EXECUTE|[12]
12:21:24.1 (27949017)|METHOD_EXIT|[12]|ClienteMicroServicios
12:21:24.1 (28756929)|HEAP_ALLOCATE|[26]|Bytes:124
12:21:24.1 (28784292)|CONSTRUCTOR_ENTRY|[26]|01p0v000002OV5X|<init>()|ClienteMicroServicios
12:21:24.1 (28871798)|VARIABLE_SCOPE_BEGIN|[54]|this|ClienteMicroServicios|true|false
12:21:24.1 (29058183)|VARIABLE_ASSIGNMENT|[54]|this|{}|0x68104c7f
12:21:24.1 (29076362)|STATEMENT_EXECUTE|[12]
12:21:24.1 (29078251)|STATEMENT_EXECUTE|[14]
12:21:24.1 (29085570)|HEAP_ALLOCATE|[14]|Bytes:23
12:21:24.1 (29138590)|VARIABLE_ASSIGNMENT|[14]|this.BASE_URL|"https://cmr-mx-busin (3 more) ..."|0x68104c7f
12:21:24.1 (29163260)|STATEMENT_EXECUTE|[15]
12:21:24.1 (29173947)|HEAP_ALLOCATE|[15]|Bytes:23
12:21:24.1 (29206073)|VARIABLE_ASSIGNMENT|[15]|this.URI|".fif.tech/api/busine (3 more) ..."|0x68104c7f
12:21:24.1 (29226501)|STATEMENT_EXECUTE|[17]
12:21:24.1 (29237734)|HEAP_ALLOCATE|[17]|Bytes:7
12:21:24.1 (29269465)|VARIABLE_ASSIGNMENT|[17]|this.BACKEND|"backend"|0x68104c7f
12:21:24.1 (29282859)|STATEMENT_EXECUTE|[19]
12:21:24.1 (29284624)|HEAP_ALLOCATE|[19]|Bytes:16
12:21:24.1 (29307492)|VARIABLE_ASSIGNMENT|[19]|this.APP_JSON|"application/json"|0x68104c7f
12:21:24.1 (29326429)|STATEMENT_EXECUTE|[20]
12:21:24.1 (29335274)|HEAP_ALLOCATE|[20]|Bytes:12
12:21:24.1 (29346193)|VARIABLE_ASSIGNMENT|[20]|this.CONT_TYPE|"Content-Type"|0x68104c7f
12:21:24.1 (29352160)|STATEMENT_EXECUTE|[21]
12:21:24.1 (29358245)|HEAP_ALLOCATE|[21]|Bytes:4
12:21:24.1 (29380913)|VARIABLE_ASSIGNMENT|[21]|this.TIME_OUT|120000|0x68104c7f
12:21:24.1 (29395977)|STATEMENT_EXECUTE|[22]
12:21:24.1 (29425064)|HEAP_ALLOCATE|[22]|Bytes:8
12:21:24.1 (29440858)|VARIABLE_ASSIGNMENT|[22]|this.endpoint|"products"|0x68104c7f
12:21:24.1 (29452811)|STATEMENT_EXECUTE|[23]
12:21:24.1 (29455461)|HEAP_ALLOCATE|[23]|Bytes:4
12:21:24.1 (29479195)|VARIABLE_ASSIGNMENT|[23]|this.method|"POST"|0x68104c7f
12:21:24.1 (29495584)|STATEMENT_EXECUTE|[24]
12:21:24.1 (29507076)|HEAP_ALLOCATE|[24]|Bytes:2
12:21:24.1 (29537355)|VARIABLE_ASSIGNMENT|[24]|this.version|"v1"|0x68104c7f
12:21:24.1 (29543917)|STATEMENT_EXECUTE|[25]
12:21:24.1 (29548417)|HEAP_ALLOCATE|[25]|Bytes:14
12:21:24.1 (29558995)|VARIABLE_ASSIGNMENT|[25]|this.MDW_CS_CHANNEL|"mdw-cs-channel"|0x68104c7f
12:21:24.1 (29566178)|STATEMENT_EXECUTE|[26]
12:21:24.1 (29571342)|HEAP_ALLOCATE|[26]|Bytes:15
12:21:24.1 (29590601)|VARIABLE_ASSIGNMENT|[26]|this.MDW_CS_COMMERCE|"mdw-cs-commerce"|0x68104c7f
12:21:24.1 (29611476)|STATEMENT_EXECUTE|[27]
12:21:24.1 (29618145)|HEAP_ALLOCATE|[27]|Bytes:14
12:21:24.1 (29653652)|VARIABLE_ASSIGNMENT|[27]|this.MDW_CS_COUNTRY|"mdw-cs-country"|0x68104c7f
12:21:24.1 (29679083)|STATEMENT_EXECUTE|[28]
12:21:24.1 (29683953)|HEAP_ALLOCATE|[28]|Bytes:11
12:21:24.1 (29696804)|VARIABLE_ASSIGNMENT|[28]|this.MDW_CS_DATE|"mdw-cs-date"|0x68104c7f
12:21:24.1 (29711521)|STATEMENT_EXECUTE|[29]
12:21:24.1 (29715393)|HEAP_ALLOCATE|[29]|Bytes:11
12:21:24.1 (29725667)|VARIABLE_ASSIGNMENT|[29]|this.MDW_CS_HOUR|"mdw-cs-hour"|0x68104c7f
12:21:24.1 (29739797)|STATEMENT_EXECUTE|[30]
12:21:24.1 (29745624)|STATEMENT_EXECUTE|[31]
12:21:24.1 (29753877)|HEAP_ALLOCATE|[31]|Bytes:7
12:21:24.1 (29769249)|VARIABLE_ASSIGNMENT|[31]|this.microServicio|"default"|0x68104c7f
12:21:24.1 (29777929)|STATEMENT_EXECUTE|[34]
12:21:24.1 (29786934)|HEAP_ALLOCATE|[34]|Bytes:10
12:21:24.1 (29812586)|VARIABLE_ASSIGNMENT|[34]|this.GRANT_TYPE|"grant_type"|0x68104c7f
12:21:24.1 (29819182)|STATEMENT_EXECUTE|[35]
12:21:24.1 (29821481)|HEAP_ALLOCATE|[35]|Bytes:8
12:21:24.1 (29840013)|VARIABLE_ASSIGNMENT|[35]|this.PASSWORD|"password"|0x68104c7f
12:21:24.1 (29850370)|STATEMENT_EXECUTE|[36]
12:21:24.1 (29854071)|HEAP_ALLOCATE|[36]|Bytes:9
12:21:24.1 (29867706)|VARIABLE_ASSIGNMENT|[36]|this.CLIENT_ID|"client_id"|0x68104c7f
12:21:24.1 (29878510)|STATEMENT_EXECUTE|[37]
12:21:24.1 (29882321)|HEAP_ALLOCATE|[37]|Bytes:13
12:21:24.1 (29902840)|VARIABLE_ASSIGNMENT|[37]|this.CLIENT_SECRET|"client_secret"|0x68104c7f
12:21:24.1 (29925439)|STATEMENT_EXECUTE|[38]
12:21:24.1 (29935678)|HEAP_ALLOCATE|[38]|Bytes:13
12:21:24.1 (29957469)|VARIABLE_ASSIGNMENT|[38]|this.PROVISION_KEY|"provision_key"|0x68104c7f
12:21:24.1 (29968592)|STATEMENT_EXECUTE|[39]
12:21:24.1 (29975615)|HEAP_ALLOCATE|[39]|Bytes:20
12:21:24.1 (29987461)|VARIABLE_ASSIGNMENT|[39]|this.AUTHENTICATED_USERID|"authenticated_userid"|0x68104c7f
12:21:24.1 (29999709)|STATEMENT_EXECUTE|[40]
12:21:24.1 (30016733)|HEAP_ALLOCATE|[40]|Bytes:12
12:21:24.1 (30042248)|VARIABLE_ASSIGNMENT|[40]|this.AT|"access_token"|0x68104c7f
12:21:24.1 (30072299)|STATEMENT_EXECUTE|[42]
12:21:24.1 (30093228)|HEAP_ALLOCATE|[42]|Bytes:13
12:21:24.1 (30105070)|VARIABLE_ASSIGNMENT|[42]|this.AUTH|"Authorization"|0x68104c7f
12:21:24.1 (30128094)|STATEMENT_EXECUTE|[43]
12:21:24.1 (30132800)|HEAP_ALLOCATE|[43]|Bytes:6
12:21:24.1 (30145493)|VARIABLE_ASSIGNMENT|[43]|this.BEARER|"Bearer"|0x68104c7f
12:21:24.1 (30153270)|STATEMENT_EXECUTE|[44]
12:21:24.1 (30160409)|HEAP_ALLOCATE|[44]|Bytes:12
12:21:24.1 (30168123)|VARIABLE_ASSIGNMENT|[44]|this.OAUTH|"oauth2/token"|0x68104c7f
12:21:24.1 (30178796)|STATEMENT_EXECUTE|[47]
12:21:24.1 (30189843)|HEAP_ALLOCATE|[47]|Bytes:8
12:21:24.1 (30227435)|VARIABLE_ASSIGNMENT|[47]|this.SECCTION|"secction"|0x68104c7f
12:21:24.1 (30247532)|STATEMENT_EXECUTE|[48]
12:21:24.1 (30252636)|HEAP_ALLOCATE|[48]|Bytes:10
12:21:24.1 (30276790)|VARIABLE_ASSIGNMENT|[48]|this.APIVERSION|"apiversion"|0x68104c7f
12:21:24.1 (30284592)|STATEMENT_EXECUTE|[49]
12:21:24.1 (30288544)|HEAP_ALLOCATE|[49]|Bytes:5
12:21:24.1 (30308628)|VARIABLE_ASSIGNMENT|[49]|this.SCORETOKEN|"token"|0x68104c7f
12:21:24.1 (30319892)|STATEMENT_EXECUTE|[52]
12:21:24.1 (30347758)|VARIABLE_ASSIGNMENT|[52]|this.access_token|""|0x68104c7f
12:21:24.1 (30434119)|STATEMENT_EXECUTE|[54]
12:21:24.1 (30444050)|STATEMENT_EXECUTE|[55]
12:21:24.1 (30558490)|METHOD_ENTRY|[55]|01p0v000002OV5X|ClienteMicroServicios.setMicroServicio(String)
12:21:24.1 (30873160)|VARIABLE_SCOPE_BEGIN|[74]|this|ClienteMicroServicios|true|false
12:21:24.1 (30958677)|VARIABLE_ASSIGNMENT|[74]|this|{"access_token":"","APIVERSION":"apiversion","APP_JSON":"application/json","AT":"access_token","AUTH":"Authorization","AUTHENTICATED_USERID":"authenticated_userid","BACKEND":"backend","BASE_URL":"https://cmr-mx-busin (3 more) ...","BEARER":"Bearer","CLIENT_ID":"client_id","CLIENT_SECRET":"client_secret","CONT_TYPE":"Content-Type","endpoint":"products","GRANT_TYPE":"grant_type","MDW_CS_CHANNEL":"mdw-cs-channel","MDW_CS_COMMERCE":"mdw-cs-commerce","MDW_CS_COUNTRY":"mdw-cs-country","MDW_CS_DATE":"mdw-cs-date","MDW_CS_HOUR":"mdw-cs-hour","method":"POST","microServicio":"default","OAUTH":"oauth2/token","PASSWORD":"password","PROVISION_KEY":"provision_key","SCORETOKEN":"token","SECCTION":"secction","TIME_OUT":120000,"URI":".fif.tech/api/busine (3 more) ...","version":"v1"}|0x68104c7f
12:21:24.1 (31000754)|VARIABLE_SCOPE_BEGIN|[74]|microServicio|String|false|false
12:21:24.1 (31065705)|VARIABLE_ASSIGNMENT|[74]|microServicio|"default"
12:21:24.1 (31097403)|STATEMENT_EXECUTE|[74]
12:21:24.1 (31099833)|STATEMENT_EXECUTE|[76]
12:21:24.1 (31126831)|VARIABLE_ASSIGNMENT|[76]|this.microServicio|"default"|0x68104c7f
12:21:24.1 (31136658)|STATEMENT_EXECUTE|[77]
12:21:24.1 (31141903)|HEAP_ALLOCATE|[77]|Bytes:226
12:21:24.1 (31194509)|HEAP_ALLOCATE|[77]|Bytes:4
12:21:24.1 (31229368)|HEAP_ALLOCATE|[77]|Bytes:7
12:21:24.1 (36350544)|SOQL_EXECUTE_BEGIN|[77]|Aggregations:0|SELECT Ambiente__c, Channel__c, Commerce__c, Country__c, Client_ID__c, Client_Secret__c, Provision_Key__c, Authenticated_UserID__c, Section__c, Apiversion__c FROM Configuracion_Microservicio__mdt WHERE Label = :tmpVar1 LIMIT 1
12:21:24.1 (66445407)|SOQL_EXECUTE_END|[77]|Rows:1
12:21:24.1 (66522248)|HEAP_ALLOCATE|[77]|Bytes:8
12:21:24.1 (66585781)|HEAP_ALLOCATE|[77]|Bytes:277
12:21:24.1 (66899516)|HEAP_ALLOCATE|[77]|Bytes:8
12:21:24.1 (66955195)|HEAP_ALLOCATE|[77]|Bytes:58
12:21:24.1 (67089036)|HEAP_ALLOCATE|[77]|Bytes:40
12:21:24.1 (67557453)|VARIABLE_ASSIGNMENT|[77]|this.cm|{"Country__c":"MX","Client_Secret__c":"OTM5ZTgxMzIwNzI2ZGNl (12 more) ...","Ambiente__c":"qa","Authenticated_UserID__c":"0","Client_ID__c":"MTI3ZjBjNmE3NTg1ZTVm (12 more) ...","Id":"m080v0000000W1tAAE","Channel__c":"Web","Provision_Key__c":"MjU2NjIwMTFjYmJkZjJk (12 more) ...","Commerce__c":"CMR"}|0x68104c7f
12:21:24.1 (67620416)|METHOD_EXIT|[55]|01p0v000002OV5X|ClienteMicroServicios.setMicroServicio(String)
12:21:24.1 (67660004)|CONSTRUCTOR_EXIT|[26]|01p0v000002OV5X|<init>()|ClienteMicroServicios
12:21:24.1 (67693601)|VARIABLE_ASSIGNMENT|[26]|this.cliente|0x68104c7f|0x2a140300
12:21:24.1 (67714770)|STATEMENT_EXECUTE|[27]
12:21:24.1 (67803955)|METHOD_ENTRY|[27]|01p0v000002OV5X|ClienteMicroServicios.setMethod(String)
12:21:24.1 (67921135)|VARIABLE_SCOPE_BEGIN|[64]|this|ClienteMicroServicios|true|false
12:21:24.1 (68050541)|VARIABLE_ASSIGNMENT|[64]|this|{"access_token":"","APIVERSION":"apiversion","APP_JSON":"application/json","AT":"access_token","AUTH":"Authorization","AUTHENTICATED_USERID":"authenticated_userid","BACKEND":"backend","BASE_URL":"https://cmr-mx-busin (3 more) ...","BEARER":"Bearer","CLIENT_ID":"client_id","CLIENT_SECRET":"client_secret","cm":"0x711f773d","CONT_TYPE":"Content-Type","endpoint":"products","GRANT_TYPE":"grant_type","MDW_CS_CHANNEL":"mdw-cs-channel","MDW_CS_COMMERCE":"mdw-cs-commerce","MDW_CS_COUNTRY":"mdw-cs-country","MDW_CS_DATE":"mdw-cs-date","MDW_CS_HOUR":"mdw-cs-hour","method":"POST","microServicio":"default","OAUTH":"oauth2/token","PASSWORD":"password","PROVISION_KEY":"provision_key","SCORETOKEN":"token","SECCTION":"secction","TIME_OUT":120000,"URI":".fif.tech/api/busine (3 more) ...","version":"v1"}|0x68104c7f
12:21:24.1 (68071176)|VARIABLE_SCOPE_BEGIN|[64]|method|String|false|false
12:21:24.1 (68095168)|VARIABLE_ASSIGNMENT|[64]|method|"POST"
12:21:24.1 (68112871)|STATEMENT_EXECUTE|[64]
12:21:24.1 (68129795)|STATEMENT_EXECUTE|[66]
12:21:24.1 (68160296)|VARIABLE_ASSIGNMENT|[66]|this.method|"POST"|0x68104c7f
12:21:24.1 (68182434)|METHOD_EXIT|[27]|01p0v000002OV5X|ClienteMicroServicios.setMethod(String)
12:21:24.1 (68189370)|STATEMENT_EXECUTE|[28]
12:21:24.1 (68208854)|METHOD_ENTRY|[28]|01p0v000002OV5X|ClienteMicroServicios.setEndpoint(String)
12:21:24.1 (68236607)|VARIABLE_SCOPE_BEGIN|[59]|this|ClienteMicroServicios|true|false
12:21:24.1 (68327368)|VARIABLE_ASSIGNMENT|[59]|this|{"access_token":"","APIVERSION":"apiversion","APP_JSON":"application/json","AT":"access_token","AUTH":"Authorization","AUTHENTICATED_USERID":"authenticated_userid","BACKEND":"backend","BASE_URL":"https://cmr-mx-busin (3 more) ...","BEARER":"Bearer","CLIENT_ID":"client_id","CLIENT_SECRET":"client_secret","cm":"0x711f773d","CONT_TYPE":"Content-Type","endpoint":"products","GRANT_TYPE":"grant_type","MDW_CS_CHANNEL":"mdw-cs-channel","MDW_CS_COMMERCE":"mdw-cs-commerce","MDW_CS_COUNTRY":"mdw-cs-country","MDW_CS_DATE":"mdw-cs-date","MDW_CS_HOUR":"mdw-cs-hour","method":"POST","microServicio":"default","OAUTH":"oauth2/token","PASSWORD":"password","PROVISION_KEY":"provision_key","SCORETOKEN":"token","SECCTION":"secction","TIME_OUT":120000,"URI":".fif.tech/api/busine (3 more) ...","version":"v1"}|0x68104c7f
12:21:24.1 (68341383)|VARIABLE_SCOPE_BEGIN|[59]|endpoint|String|false|false
12:21:24.1 (68366951)|VARIABLE_ASSIGNMENT|[59]|endpoint|"client/get/data"
12:21:24.1 (68386004)|STATEMENT_EXECUTE|[59]
12:21:24.1 (68398424)|STATEMENT_EXECUTE|[61]
12:21:24.1 (68408722)|VARIABLE_ASSIGNMENT|[61]|this.endpoint|"client/get/data"|0x68104c7f
12:21:24.1 (68452534)|METHOD_EXIT|[28]|01p0v000002OV5X|ClienteMicroServicios.setEndpoint(String)
12:21:24.1 (68459171)|STATEMENT_EXECUTE|[29]
12:21:24.1 (68472010)|METHOD_ENTRY|[29]|01p0v000002OV5X|ClienteMicroServicios.setMicroServicio(String)
12:21:24.1 (68487294)|VARIABLE_SCOPE_BEGIN|[74]|this|ClienteMicroServicios|true|false
12:21:24.1 (68544597)|VARIABLE_ASSIGNMENT|[74]|this|{"access_token":"","APIVERSION":"apiversion","APP_JSON":"application/json","AT":"access_token","AUTH":"Authorization","AUTHENTICATED_USERID":"authenticated_userid","BACKEND":"backend","BASE_URL":"https://cmr-mx-busin (3 more) ...","BEARER":"Bearer","CLIENT_ID":"client_id","CLIENT_SECRET":"client_secret","cm":"0x711f773d","CONT_TYPE":"Content-Type","endpoint":"client/get/data","GRANT_TYPE":"grant_type","MDW_CS_CHANNEL":"mdw-cs-channel","MDW_CS_COMMERCE":"mdw-cs-commerce","MDW_CS_COUNTRY":"mdw-cs-country","MDW_CS_DATE":"mdw-cs-date","MDW_CS_HOUR":"mdw-cs-hour","method":"POST","microServicio":"default","OAUTH":"oauth2/token","PASSWORD":"password","PROVISION_KEY":"provision_key","SCORETOKEN":"token","SECCTION":"secction","TIME_OUT":120000,"URI":".fif.tech/api/busine (3 more) ...","version":"v1"}|0x68104c7f
12:21:24.1 (68576513)|VARIABLE_SCOPE_BEGIN|[74]|microServicio|String|false|false
12:21:24.1 (68609398)|VARIABLE_ASSIGNMENT|[74]|microServicio|"MicroServicioCustome (5 more) ..."
12:21:24.1 (68620152)|STATEMENT_EXECUTE|[74]
12:21:24.1 (68621505)|STATEMENT_EXECUTE|[76]
12:21:24.1 (68634402)|VARIABLE_ASSIGNMENT|[76]|this.microServicio|"MicroServicioCustome (5 more) ..."|0x68104c7f
12:21:24.1 (68640252)|STATEMENT_EXECUTE|[77]
12:21:24.1 (68675619)|HEAP_ALLOCATE|[77]|Bytes:4
12:21:24.1 (69846298)|SOQL_EXECUTE_BEGIN|[77]|Aggregations:0|SELECT Ambiente__c, Channel__c, Commerce__c, Country__c, Client_ID__c, Client_Secret__c, Provision_Key__c, Authenticated_UserID__c, Section__c, Apiversion__c FROM Configuracion_Microservicio__mdt WHERE Label = :tmpVar1 LIMIT 1
12:21:24.1 (75932632)|SOQL_EXECUTE_END|[77]|Rows:1
12:21:24.1 (75977913)|HEAP_ALLOCATE|[77]|Bytes:8
12:21:24.1 (76010026)|HEAP_ALLOCATE|[77]|Bytes:277
12:21:24.1 (76157769)|HEAP_ALLOCATE|[77]|Bytes:8
12:21:24.1 (76231902)|HEAP_ALLOCATE|[77]|Bytes:40
12:21:24.1 (76477808)|VARIABLE_ASSIGNMENT|[77]|this.cm|{"Country__c":"MX","Client_Secret__c":"OTM5ZTgxMzIwNzI2ZGNl (12 more) ...","Ambiente__c":"qa","Authenticated_UserID__c":"0","Client_ID__c":"MTI3ZjBjNmE3NTg1ZTVm (12 more) ...","Id":"m080v0000004rRfAAI","Channel__c":"Web","Provision_Key__c":"NmM4Y2JkMDM0YjgwYWU3 (12 more) ...","Commerce__c":"CMR"}|0x68104c7f
12:21:24.1 (76525429)|METHOD_EXIT|[29]|01p0v000002OV5X|ClienteMicroServicios.setMicroServicio(String)
12:21:24.1 (76551091)|STATEMENT_EXECUTE|[30]
12:21:24.1 (76617655)|METHOD_ENTRY|[30]|01p0v000002OV5X|ClienteMicroServicios.generarToken()
12:21:24.1 (76709057)|VARIABLE_SCOPE_BEGIN|[83]|this|ClienteMicroServicios|true|false
12:21:24.1 (76874833)|VARIABLE_ASSIGNMENT|[83]|this|{"access_token":"","APIVERSION":"apiversion","APP_JSON":"application/json","AT":"access_token","AUTH":"Authorization","AUTHENTICATED_USERID":"authenticated_userid","BACKEND":"backend","BASE_URL":"https://cmr-mx-busin (3 more) ...","BEARER":"Bearer","CLIENT_ID":"client_id","CLIENT_SECRET":"client_secret","cm":"0x19064310","CONT_TYPE":"Content-Type","endpoint":"client/get/data","GRANT_TYPE":"grant_type","MDW_CS_CHANNEL":"mdw-cs-channel","MDW_CS_COMMERCE":"mdw-cs-commerce","MDW_CS_COUNTRY":"mdw-cs-country","MDW_CS_DATE":"mdw-cs-date","MDW_CS_HOUR":"mdw-cs-hour","method":"POST","microServicio":"MicroServicioCustome (5 more) ...","OAUTH":"oauth2/token","PASSWORD":"password","PROVISION_KEY":"provision_key","SCORETOKEN":"token","SECCTION":"secction","TIME_OUT":120000,"URI":".fif.tech/api/busine (3 more) ...","version":"v1"}|0x68104c7f
12:21:24.1 (76917430)|STATEMENT_EXECUTE|[83]
12:21:24.1 (76929216)|STATEMENT_EXECUTE|[86]
12:21:24.1 (76970531)|HEAP_ALLOCATE|[86]|Bytes:4
12:21:24.1 (77272261)|VARIABLE_SCOPE_BEGIN|[86]|params|Map<String,String>|true|false
12:21:24.1 (77347202)|VARIABLE_ASSIGNMENT|[86]|params|{"grant_type":"password","client_id":"MTI3ZjBjNmE3NTg1ZTVm (12 more) ...","client_secret":"OTM5ZTgxMzIwNzI2ZGNl (12 more) ...","provision_key":"NmM4Y2JkMDM0YjgwYWU3 (12 more) ...","authenticated_userid":"0"}|0xd34b2c5
12:21:24.1 (77354002)|STATEMENT_EXECUTE|[92]
12:21:24.1 (77382197)|METHOD_ENTRY|[92]|01p0v000002OV5X|ClienteMicroServicios.obtenerURLENDPOINT()
12:21:24.1 (77398362)|VARIABLE_SCOPE_BEGIN|[115]|this|ClienteMicroServicios|true|false
12:21:24.1 (77462233)|VARIABLE_ASSIGNMENT|[115]|this|{"access_token":"","APIVERSION":"apiversion","APP_JSON":"application/json","AT":"access_token","AUTH":"Authorization","AUTHENTICATED_USERID":"authenticated_userid","BACKEND":"backend","BASE_URL":"https://cmr-mx-busin (3 more) ...","BEARER":"Bearer","CLIENT_ID":"client_id","CLIENT_SECRET":"client_secret","cm":"0x19064310","CONT_TYPE":"Content-Type","endpoint":"client/get/data","GRANT_TYPE":"grant_type","MDW_CS_CHANNEL":"mdw-cs-channel","MDW_CS_COMMERCE":"mdw-cs-commerce","MDW_CS_COUNTRY":"mdw-cs-country","MDW_CS_DATE":"mdw-cs-date","MDW_CS_HOUR":"mdw-cs-hour","method":"POST","microServicio":"MicroServicioCustome (5 more) ...","OAUTH":"oauth2/token","PASSWORD":"password","PROVISION_KEY":"provision_key","SCORETOKEN":"token","SECCTION":"secction","TIME_OUT":120000,"URI":".fif.tech/api/busine (3 more) ...","version":"v1"}|0x68104c7f
12:21:24.1 (77478162)|STATEMENT_EXECUTE|[115]
12:21:24.1 (77486257)|STATEMENT_EXECUTE|[117]
12:21:24.1 (77489378)|VARIABLE_SCOPE_BEGIN|[117]|url|String|false|false
12:21:24.1 (77512755)|VARIABLE_ASSIGNMENT|[117]|url|""
12:21:24.1 (77527800)|STATEMENT_EXECUTE|[118]
12:21:24.1 (77547120)|HEAP_ALLOCATE|[118]|Bytes:1
12:21:24.1 (77625036)|HEAP_ALLOCATE|[118]|Bytes:3
12:21:24.1 (77638490)|VARIABLE_SCOPE_BEGIN|[118]|Enviroment|String|false|false
12:21:24.1 (77665417)|VARIABLE_ASSIGNMENT|[118]|Enviroment|"-qa"
12:21:24.1 (77689502)|STATEMENT_EXECUTE|[120]
12:21:24.1 (77695663)|STATEMENT_EXECUTE|[122]
12:21:24.1 (77711725)|HEAP_ALLOCATE|[122]|Bytes:1
12:21:24.1 (77740002)|HEAP_ALLOCATE|[122]|Bytes:59
12:21:24.1 (77756621)|HEAP_ALLOCATE|[122]|Bytes:16
12:21:24.1 (77763452)|HEAP_ALLOCATE|[122]|Bytes:75
12:21:24.1 (77802833)|VARIABLE_ASSIGNMENT|[122]|url|"https://cmr-mx-busin (55 more) ..."
12:21:24.1 (77813363)|STATEMENT_EXECUTE|[129]
12:21:24.1 (77818754)|METHOD_EXIT|[92]|01p0v000002OV5X|ClienteMicroServicios.obtenerURLENDPOINT()
12:21:24.1 (77842848)|HEAP_ALLOCATE|[92]|Bytes:88
12:21:24.1 (77849951)|VARIABLE_SCOPE_BEGIN|[92]|url|String|false|false
12:21:24.1 (77880986)|VARIABLE_ASSIGNMENT|[92]|url|"https://cmr-mx-busin (68 more) ..."
12:21:24.1 (77902373)|STATEMENT_EXECUTE|[94]
12:21:24.1 (77934996)|METHOD_ENTRY|[94]|01p0v000002OV5X|ClienteMicroServicios.crearRequest(Map<String,String>)
12:21:24.1 (77965769)|VARIABLE_SCOPE_BEGIN|[132]|this|ClienteMicroServicios|true|false
12:21:24.1 (78018917)|VARIABLE_ASSIGNMENT|[132]|this|{"access_token":"","APIVERSION":"apiversion","APP_JSON":"application/json","AT":"access_token","AUTH":"Authorization","AUTHENTICATED_USERID":"authenticated_userid","BACKEND":"backend","BASE_URL":"https://cmr-mx-busin (3 more) ...","BEARER":"Bearer","CLIENT_ID":"client_id","CLIENT_SECRET":"client_secret","cm":"0x19064310","CONT_TYPE":"Content-Type","endpoint":"client/get/data","GRANT_TYPE":"grant_type","MDW_CS_CHANNEL":"mdw-cs-channel","MDW_CS_COMMERCE":"mdw-cs-commerce","MDW_CS_COUNTRY":"mdw-cs-country","MDW_CS_DATE":"mdw-cs-date","MDW_CS_HOUR":"mdw-cs-hour","method":"POST","microServicio":"MicroServicioCustome (5 more) ...","OAUTH":"oauth2/token","PASSWORD":"password","PROVISION_KEY":"provision_key","SCORETOKEN":"token","SECCTION":"secction","TIME_OUT":120000,"URI":".fif.tech/api/busine (3 more) ...","version":"v1"}|0x68104c7f
12:21:24.1 (78047659)|VARIABLE_SCOPE_BEGIN|[132]|params|Map<String,String>|true|false
12:21:24.1 (78094309)|VARIABLE_ASSIGNMENT|[132]|params|{"grant_type":"password","client_id":"MTI3ZjBjNmE3NTg1ZTVm (12 more) ...","client_secret":"OTM5ZTgxMzIwNzI2ZGNl (12 more) ...","provision_key":"NmM4Y2JkMDM0YjgwYWU3 (12 more) ...","authenticated_userid":"0"}|0xd34b2c5
12:21:24.1 (78109180)|STATEMENT_EXECUTE|[132]
12:21:24.1 (78111487)|STATEMENT_EXECUTE|[134]
12:21:24.1 (78176947)|VARIABLE_SCOPE_BEGIN|[134]|http|System.Http|true|false
12:21:24.1 (78905192)|VARIABLE_ASSIGNMENT|[134]|http|"System.Http[]"|0x479d1aca
12:21:24.1 (78935711)|STATEMENT_EXECUTE|[135]
12:21:24.1 (78974289)|VARIABLE_SCOPE_BEGIN|[135]|req|System.HttpRequest|true|false
12:21:24.1 (79085697)|VARIABLE_ASSIGNMENT|[135]|req|"System.HttpRequest[Endpoint=null, Method=null]"|0x6f973a66
12:21:24.1 (79110543)|STATEMENT_EXECUTE|[136]
12:21:24.1 (79269140)|HEAP_ALLOCATE|[136]|Bytes:24
12:21:24.1 (79308598)|SYSTEM_METHOD_ENTRY|[1]|JSON.JSON()
12:21:24.1 (79318305)|STATEMENT_EXECUTE|[1]
12:21:24.1 (79361055)|SYSTEM_METHOD_EXIT|[1]|JSON
12:21:24.1 (79398033)|METHOD_ENTRY|[136]||System.JSON.serialize(Object)
12:21:24.1 (80867546)|METHOD_EXIT|[136]||System.JSON.serialize(Object)
12:21:24.1 (81041195)|STATEMENT_EXECUTE|[138]
12:21:24.1 (81078827)|METHOD_ENTRY|[138]|01p0v000002OV5X|ClienteMicroServicios.crearRequest_v1_v2(System.HttpRequest)
12:21:24.1 (81120843)|VARIABLE_SCOPE_BEGIN|[181]|this|ClienteMicroServicios|true|false
12:21:24.1 (81238340)|VARIABLE_ASSIGNMENT|[181]|this|{"access_token":"","APIVERSION":"apiversion","APP_JSON":"application/json","AT":"access_token","AUTH":"Authorization","AUTHENTICATED_USERID":"authenticated_userid","BACKEND":"backend","BASE_URL":"https://cmr-mx-busin (3 more) ...","BEARER":"Bearer","CLIENT_ID":"client_id","CLIENT_SECRET":"client_secret","cm":"0x19064310","CONT_TYPE":"Content-Type","endpoint":"client/get/data","GRANT_TYPE":"grant_type","MDW_CS_CHANNEL":"mdw-cs-channel","MDW_CS_COMMERCE":"mdw-cs-commerce","MDW_CS_COUNTRY":"mdw-cs-country","MDW_CS_DATE":"mdw-cs-date","MDW_CS_HOUR":"mdw-cs-hour","method":"POST","microServicio":"MicroServicioCustome (5 more) ...","OAUTH":"oauth2/token","PASSWORD":"password","PROVISION_KEY":"provision_key","SCORETOKEN":"token","SECCTION":"secction","TIME_OUT":120000,"URI":".fif.tech/api/busine (3 more) ...","version":"v1"}|0x68104c7f
12:21:24.1 (81265629)|VARIABLE_SCOPE_BEGIN|[181]|req|System.HttpRequest|true|false
12:21:24.1 (81428603)|VARIABLE_ASSIGNMENT|[181]|req|"System.HttpRequest[Endpoint=null, Method=null]"|0x6f973a66
12:21:24.1 (81465531)|STATEMENT_EXECUTE|[181]
12:21:24.1 (81467172)|STATEMENT_EXECUTE|[183]
12:21:24.1 (81490358)|METHOD_ENTRY|[183]|01p0v000002OV5X|ClienteMicroServicios.obtenerURLENDPOINT()
12:21:24.1 (81520327)|VARIABLE_SCOPE_BEGIN|[115]|this|ClienteMicroServicios|true|false
12:21:24.1 (81581235)|VARIABLE_ASSIGNMENT|[115]|this|{"access_token":"","APIVERSION":"apiversion","APP_JSON":"application/json","AT":"access_token","AUTH":"Authorization","AUTHENTICATED_USERID":"authenticated_userid","BACKEND":"backend","BASE_URL":"https://cmr-mx-busin (3 more) ...","BEARER":"Bearer","CLIENT_ID":"client_id","CLIENT_SECRET":"client_secret","cm":"0x19064310","CONT_TYPE":"Content-Type","endpoint":"client/get/data","GRANT_TYPE":"grant_type","MDW_CS_CHANNEL":"mdw-cs-channel","MDW_CS_COMMERCE":"mdw-cs-commerce","MDW_CS_COUNTRY":"mdw-cs-country","MDW_CS_DATE":"mdw-cs-date","MDW_CS_HOUR":"mdw-cs-hour","method":"POST","microServicio":"MicroServicioCustome (5 more) ...","OAUTH":"oauth2/token","PASSWORD":"password","PROVISION_KEY":"provision_key","SCORETOKEN":"token","SECCTION":"secction","TIME_OUT":120000,"URI":".fif.tech/api/busine (3 more) ...","version":"v1"}|0x68104c7f
12:21:24.1 (81615374)|STATEMENT_EXECUTE|[115]
12:21:24.1 (81622528)|STATEMENT_EXECUTE|[117]
12:21:24.1 (81630760)|VARIABLE_SCOPE_BEGIN|[117]|url|String|false|false
12:21:24.1 (81663516)|VARIABLE_ASSIGNMENT|[117]|url|""
12:21:24.1 (81680806)|STATEMENT_EXECUTE|[118]
12:21:24.1 (81754789)|HEAP_ALLOCATE|[118]|Bytes:3
12:21:24.1 (81773882)|VARIABLE_SCOPE_BEGIN|[118]|Enviroment|String|false|false
12:21:24.1 (81808610)|VARIABLE_ASSIGNMENT|[118]|Enviroment|"-qa"
12:21:24.1 (81826927)|STATEMENT_EXECUTE|[120]
12:21:24.1 (81842329)|STATEMENT_EXECUTE|[122]
12:21:24.1 (81862696)|HEAP_ALLOCATE|[122]|Bytes:59
12:21:24.1 (81875944)|HEAP_ALLOCATE|[122]|Bytes:16
12:21:24.1 (81892690)|HEAP_ALLOCATE|[122]|Bytes:75
12:21:24.1 (81916460)|VARIABLE_ASSIGNMENT|[122]|url|"https://cmr-mx-busin (55 more) ..."
12:21:24.1 (81927939)|STATEMENT_EXECUTE|[129]
12:21:24.1 (81936357)|METHOD_EXIT|[183]|01p0v000002OV5X|ClienteMicroServicios.obtenerURLENDPOINT()
12:21:24.1 (81942909)|VARIABLE_SCOPE_BEGIN|[183]|url|String|false|false
12:21:24.1 (81958393)|VARIABLE_ASSIGNMENT|[183]|url|"https://cmr-mx-busin (55 more) ..."
12:21:24.1 (81963195)|STATEMENT_EXECUTE|[185]
12:21:24.1 (82051639)|VARIABLE_SCOPE_BEGIN|[185]|strChannel|String|false|false
12:21:24.1 (82068473)|VARIABLE_ASSIGNMENT|[185]|strChannel|"Web"
12:21:24.1 (82087160)|STATEMENT_EXECUTE|[186]
12:21:24.1 (82123854)|VARIABLE_SCOPE_BEGIN|[186]|strCommerce|String|false|false
12:21:24.1 (82159287)|VARIABLE_ASSIGNMENT|[186]|strCommerce|"CMR"
12:21:24.1 (82187555)|STATEMENT_EXECUTE|[187]
12:21:24.1 (82235898)|VARIABLE_SCOPE_BEGIN|[187]|strCountry|String|false|false
12:21:24.1 (82276787)|VARIABLE_ASSIGNMENT|[187]|strCountry|"MX"
12:21:24.1 (82283455)|STATEMENT_EXECUTE|[189]
12:21:24.1 (82383346)|STATEMENT_EXECUTE|[190]
12:21:24.1 (82415227)|STATEMENT_EXECUTE|[191]
12:21:24.1 (82464516)|STATEMENT_EXECUTE|[192]
12:21:24.1 (82528336)|STATEMENT_EXECUTE|[193]
12:21:24.1 (82550526)|STATEMENT_EXECUTE|[194]
12:21:24.1 (82571528)|STATEMENT_EXECUTE|[195]
12:21:24.1 (82682872)|STATEMENT_EXECUTE|[197]
12:21:24.1 (82699107)|STATEMENT_EXECUTE|[202]
12:21:24.1 (82715107)|METHOD_ENTRY|[202]|01p0v000002OV5X|ClienteMicroServicios.imprimirRequest(System.HttpRequest)
12:21:24.1 (82749162)|VARIABLE_SCOPE_BEGIN|[215]|this|ClienteMicroServicios|true|false
12:21:24.1 (82794255)|VARIABLE_ASSIGNMENT|[215]|this|{"access_token":"","APIVERSION":"apiversion","APP_JSON":"application/json","AT":"access_token","AUTH":"Authorization","AUTHENTICATED_USERID":"authenticated_userid","BACKEND":"backend","BASE_URL":"https://cmr-mx-busin (3 more) ...","BEARER":"Bearer","CLIENT_ID":"client_id","CLIENT_SECRET":"client_secret","cm":"0x19064310","CONT_TYPE":"Content-Type","endpoint":"client/get/data","GRANT_TYPE":"grant_type","MDW_CS_CHANNEL":"mdw-cs-channel","MDW_CS_COMMERCE":"mdw-cs-commerce","MDW_CS_COUNTRY":"mdw-cs-country","MDW_CS_DATE":"mdw-cs-date","MDW_CS_HOUR":"mdw-cs-hour","method":"POST","microServicio":"MicroServicioCustome (5 more) ...","OAUTH":"oauth2/token","PASSWORD":"password","PROVISION_KEY":"provision_key","SCORETOKEN":"token","SECCTION":"secction","TIME_OUT":120000,"URI":".fif.tech/api/busine (3 more) ...","version":"v1"}|0x68104c7f
12:21:24.1 (82821080)|VARIABLE_SCOPE_BEGIN|[215]|req|System.HttpRequest|true|false
12:21:24.1 (82930751)|VARIABLE_ASSIGNMENT|[215]|req|"System.HttpRequest[Endpoint=https://cmr-mx-business-qa.fif.tech/api/business/v1/backend/client/get/data, Method=POST]"|0x6f973a66
12:21:24.1 (82942705)|STATEMENT_EXECUTE|[215]
12:21:24.1 (82952518)|STATEMENT_EXECUTE|[217]
12:21:24.1 (82961722)|HEAP_ALLOCATE|[217]|Bytes:5
12:21:24.1 (83015375)|HEAP_ALLOCATE|[217]|Bytes:117
12:21:24.1 (83041214)|HEAP_ALLOCATE|[217]|Bytes:122
12:21:24.1 (83078951)|USER_DEBUG|[217]|DEBUG|REQ: System.HttpRequest[Endpoint=https://cmr-mx-business-qa.fif.tech/api/business/v1/backend/client/get/data, Method=POST]
12:21:24.1 (83090772)|STATEMENT_EXECUTE|[218]
12:21:24.1 (83103505)|HEAP_ALLOCATE|[218]|Bytes:30
12:21:24.1 (83204755)|HEAP_ALLOCATE|[218]|Bytes:16
12:21:24.1 (83241787)|HEAP_ALLOCATE|[218]|Bytes:46
12:21:24.1 (83260174)|USER_DEBUG|[218]|DEBUG|req.getHeader(Content-Type):  application/json
12:21:24.1 (83278993)|STATEMENT_EXECUTE|[219]
12:21:24.1 (83284374)|HEAP_ALLOCATE|[219]|Bytes:32
12:21:24.1 (83337669)|HEAP_ALLOCATE|[219]|Bytes:3
12:21:24.1 (83351652)|HEAP_ALLOCATE|[219]|Bytes:35
12:21:24.1 (83361854)|USER_DEBUG|[219]|DEBUG|req.getHeader(mdw-cs-channel):  Web
12:21:24.1 (83380319)|STATEMENT_EXECUTE|[220]
12:21:24.1 (83390852)|HEAP_ALLOCATE|[220]|Bytes:33
12:21:24.1 (83410549)|HEAP_ALLOCATE|[220]|Bytes:3
12:21:24.1 (83421296)|HEAP_ALLOCATE|[220]|Bytes:36
12:21:24.1 (83429119)|USER_DEBUG|[220]|DEBUG|req.getHeader(mdw-cs-commerce):  CMR
12:21:24.1 (83453374)|STATEMENT_EXECUTE|[221]
12:21:24.1 (83457731)|HEAP_ALLOCATE|[221]|Bytes:32
12:21:24.1 (83501361)|HEAP_ALLOCATE|[221]|Bytes:2
12:21:24.1 (83538903)|HEAP_ALLOCATE|[221]|Bytes:34
12:21:24.1 (83557037)|USER_DEBUG|[221]|DEBUG|req.getHeader(mdw-cs-country):  MX
12:21:24.1 (83573582)|STATEMENT_EXECUTE|[222]
12:21:24.1 (83582688)|HEAP_ALLOCATE|[222]|Bytes:16
12:21:24.1 (83703633)|HEAP_ALLOCATE|[222]|Bytes:201
12:21:24.1 (83719840)|HEAP_ALLOCATE|[222]|Bytes:217
12:21:24.1 (83735490)|USER_DEBUG|[222]|DEBUG|req.getBody():  {"authenticated_userid":"0","provision_key":"NmM4Y2JkMDM0YjgwYWU3OWZlNjE1YWY1","client_secret":"OTM5ZTgxMzIwNzI2ZGNlYmFhNzU0ZmY2","client_id":"MTI3ZjBjNmE3NTg1ZTVmOTY2NzYwYzQy","grant_type":"password"}
12:21:24.1 (83751876)|METHOD_EXIT|[202]|01p0v000002OV5X|ClienteMicroServicios.imprimirRequest(System.HttpRequest)
12:21:24.1 (83763967)|STATEMENT_EXECUTE|[204]
12:21:24.1 (83768768)|METHOD_EXIT|[138]|01p0v000002OV5X|ClienteMicroServicios.crearRequest_v1_v2(System.HttpRequest)
12:21:24.1 (83776255)|METHOD_EXIT|[94]|01p0v000002OV5X|ClienteMicroServicios.crearRequest(Map<String,String>)
12:21:24.1 (83781917)|VARIABLE_SCOPE_BEGIN|[94]|req|System.HttpRequest|true|false
12:21:24.1 (83841890)|VARIABLE_ASSIGNMENT|[94]|req|"System.HttpRequest[Endpoint=https://cmr-mx-business-qa.fif.tech/api/business/v1/backend/client/get/data, Method=POST]"|0x6f973a66
12:21:24.1 (83864193)|STATEMENT_EXECUTE|[95]
12:21:24.1 (83878835)|VARIABLE_SCOPE_BEGIN|[95]|res|System.HttpResponse|true|false
12:21:24.1 (83898303)|VARIABLE_ASSIGNMENT|[95]|res|null|
12:21:24.1 (83907516)|STATEMENT_EXECUTE|[97]
12:21:24.1 (84045255)|HEAP_ALLOCATE|[98]|Bytes:118
12:21:24.1 (84067341)|SYSTEM_METHOD_ENTRY|[1]|Test.Test()
12:21:24.1 (84074666)|STATEMENT_EXECUTE|[1]
12:21:24.1 (84109396)|SYSTEM_METHOD_EXIT|[1]|Test
12:21:24.1 (84154029)|METHOD_ENTRY|[98]||System.Test.isRunningTest()
12:21:24.1 (84201662)|METHOD_EXIT|[98]||System.Test.isRunningTest()
12:21:24.1 (84219068)|STATEMENT_EXECUTE|[98]
12:21:24.1 (84222656)|STATEMENT_EXECUTE|[99]
12:21:24.1 (84258791)|METHOD_ENTRY|[99]|01p0v000002OV5X|ClienteMicroServicios.enviarRequest(System.HttpRequest)
12:21:24.1 (84292931)|VARIABLE_SCOPE_BEGIN|[225]|this|ClienteMicroServicios|true|false
12:21:24.1 (84393700)|VARIABLE_ASSIGNMENT|[225]|this|{"access_token":"","APIVERSION":"apiversion","APP_JSON":"application/json","AT":"access_token","AUTH":"Authorization","AUTHENTICATED_USERID":"authenticated_userid","BACKEND":"backend","BASE_URL":"https://cmr-mx-busin (3 more) ...","BEARER":"Bearer","CLIENT_ID":"client_id","CLIENT_SECRET":"client_secret","cm":"0x19064310","CONT_TYPE":"Content-Type","endpoint":"client/get/data","GRANT_TYPE":"grant_type","MDW_CS_CHANNEL":"mdw-cs-channel","MDW_CS_COMMERCE":"mdw-cs-commerce","MDW_CS_COUNTRY":"mdw-cs-country","MDW_CS_DATE":"mdw-cs-date","MDW_CS_HOUR":"mdw-cs-hour","method":"POST","microServicio":"MicroServicioCustome (5 more) ...","OAUTH":"oauth2/token","PASSWORD":"password","PROVISION_KEY":"provision_key","SCORETOKEN":"token","SECCTION":"secction","TIME_OUT":120000,"URI":".fif.tech/api/busine (3 more) ...","version":"v1"}|0x68104c7f
12:21:24.1 (84425655)|VARIABLE_SCOPE_BEGIN|[225]|req|System.HttpRequest|true|false
12:21:24.1 (84493855)|VARIABLE_ASSIGNMENT|[225]|req|"System.HttpRequest[Endpoint=https://cmr-mx-business-qa.fif.tech/api/business/v1/backend/client/get/data/oauth2/token, Method=POST]"|0x6f973a66
12:21:24.1 (84527179)|STATEMENT_EXECUTE|[225]
12:21:24.1 (84536773)|STATEMENT_EXECUTE|[227]
12:21:24.1 (84578967)|VARIABLE_SCOPE_BEGIN|[227]|http|System.Http|true|false
12:21:24.1 (84653138)|VARIABLE_ASSIGNMENT|[227]|http|"System.Http[]"|0x38814a70
12:21:24.1 (84687922)|STATEMENT_EXECUTE|[228]
12:21:24.1 (84879489)|CALLOUT_REQUEST|[228]|System.HttpRequest[Endpoint=https://cmr-mx-business-qa.fif.tech/api/business/v1/backend/client/get/data/oauth2/token, Method=POST]
12:21:24.1 (283755066)|HEAP_ALLOCATE|[EXTERNAL]|Bytes:878
12:21:24.1 (285243021)|CALLOUT_RESPONSE|[228]|System.HttpResponse[Status=OK, StatusCode=200]
12:21:24.1 (285276848)|HEAP_ALLOCATE|[228]|Bytes:146
12:21:24.1 (285313016)|METHOD_EXIT|[99]|01p0v000002OV5X|ClienteMicroServicios.enviarRequest(System.HttpRequest)
12:21:24.1 (285384443)|VARIABLE_ASSIGNMENT|[99]|res|"System.HttpResponse[Status=OK, StatusCode=200]"|0x4356f659
12:21:24.1 (285394906)|STATEMENT_EXECUTE|[108]
12:21:24.1 (285475254)|HEAP_ALLOCATE|[108]|Bytes:140
12:21:24.1 (286468370)|HEAP_ALLOCATE|[108]|Bytes:5
12:21:24.1 (286481930)|HEAP_ALLOCATE|[108]|Bytes:2
12:21:24.1 (286497582)|METHOD_ENTRY|[5]|01p0v000003GpM8|oAuthJSON.oAuthJSON()
12:21:24.1 (286502367)|STATEMENT_EXECUTE|[5]
12:21:24.1 (286510616)|STATEMENT_EXECUTE|[5]
12:21:24.1 (286511620)|STATEMENT_EXECUTE|[7]
12:21:24.1 (286518895)|METHOD_EXIT|[5]|oAuthJSON
12:21:24.1 (286537341)|METHOD_ENTRY|[108]|01p0v000003GpM8|oAuthJSON.parse(String)
12:21:24.1 (286545018)|VARIABLE_SCOPE_BEGIN|[15]|json|String|false|false
12:21:24.1 (286566662)|VARIABLE_ASSIGNMENT|[15]|json|"{\"expires_in\":60,\"ac (120 more) ..."
12:21:24.1 (286574794)|STATEMENT_EXECUTE|[15]
12:21:24.1 (286576417)|STATEMENT_EXECUTE|[16]
12:21:24.1 (286581588)|HEAP_ALLOCATE|[16]|Bytes:15
12:21:24.1 (286750705)|HEAP_ALLOCATE|[16]|Bytes:33
12:21:24.1 (286757249)|SYSTEM_METHOD_ENTRY|[1]|Type.Type()
12:21:24.1 (286759367)|STATEMENT_EXECUTE|[1]
12:21:24.1 (286765641)|SYSTEM_METHOD_EXIT|[1]|Type
12:21:24.1 (286773965)|HEAP_ALLOCATE|[16]|Bytes:8
12:21:24.1 (286795915)|HEAP_ALLOCATE|[16]|Bytes:8
12:21:24.1 (286798836)|VARIABLE_SCOPE_BEGIN|[4]|this|System.Type|true|false
12:21:24.1 (286831119)|VARIABLE_ASSIGNMENT|[4]|this|{}|0x23baced0
12:21:24.1 (286834476)|VARIABLE_SCOPE_BEGIN|[4]|apextype|java:common.apex.runtime.ApexObjectType|true|false
12:21:24.1 (286927309)|VARIABLE_ASSIGNMENT|[4]|apextype|"oAuthJSON.oAuth"|0x4068943a
12:21:24.1 (286970660)|HEAP_ALLOCATE|[16]|Bytes:8
12:21:24.1 (286983408)|METHOD_ENTRY|[16]||System.JSON.deserialize(String, System.Type)
12:21:24.1 (287218300)|METHOD_EXIT|[16]||System.JSON.deserialize(String, System.Type)
12:21:24.1 (287230167)|METHOD_EXIT|[108]|01p0v000003GpM8|oAuthJSON.parse(String)
12:21:24.1 (287235256)|VARIABLE_SCOPE_BEGIN|[108]|result|oAuthJSON.oAuth|true|false
12:21:24.1 (287273816)|VARIABLE_ASSIGNMENT|[108]|result|{"access_token":"WR506dVMCVybGy6rH7lo (12 more) ...","expires_in":60,"refresh_token":"PpMTazbGnXyrM5cKYjH0 (12 more) ...","token_type":"bearer"}|0x26e9003
12:21:24.1 (287281441)|STATEMENT_EXECUTE|[110]
12:21:24.1 (287284881)|HEAP_ALLOCATE|[110]|Bytes:10
12:21:24.1 (287333400)|HEAP_ALLOCATE|[110]|Bytes:140
12:21:24.1 (287346401)|HEAP_ALLOCATE|[110]|Bytes:150
12:21:24.1 (287360647)|USER_DEBUG|[110]|DEBUG|res token {"expires_in":60,"access_token":"WR506dVMCVybGy6rH7low7f17VeuXIhN","refresh_token":"PpMTazbGnXyrM5cKYjH0BmcvETixc6u5","token_type":"bearer"}
12:21:24.1 (287366027)|STATEMENT_EXECUTE|[112]
12:21:24.1 (287379980)|VARIABLE_ASSIGNMENT|[112]|this.access_token|"WR506dVMCVybGy6rH7lo (12 more) ..."|0x68104c7f
12:21:24.1 (287387886)|METHOD_EXIT|[30]|01p0v000002OV5X|ClienteMicroServicios.generarToken()
12:21:24.1 (287396235)|CONSTRUCTOR_EXIT|[77]|01p0v000003GxUV|<init>()|MicroServicioCustomerData
12:21:24.1 (287400859)|VARIABLE_SCOPE_BEGIN|[77]|CustomerData|MicroServicioCustomerData|true|false
12:21:24.1 (287416051)|VARIABLE_ASSIGNMENT|[77]|CustomerData|{"cliente":"0x68104c7f"}|0x2a140300
12:21:24.1 (287420706)|STATEMENT_EXECUTE|[78]
12:21:24.1 (287423290)|HEAP_ALLOCATE|[78]|Bytes:14
12:21:24.1 (287721662)|HEAP_ALLOCATE|[78]|Bytes:1123
12:21:24.1 (287738705)|HEAP_ALLOCATE|[78]|Bytes:1137
12:21:24.1 (287747627)|USER_DEBUG|[78]|DEBUG|CustomerData: MicroServicioCustomerData:[GETDATA=client/get/data, POST=POST, cliente=ClienteMicroServicios:[APIVERSION=apiversion, APP_JSON=application/json, AT=access_token, AUTH=Authorization, AUTHENTICATED_USERID=authenticated_userid, BACKEND=backend, BASE_URL=https://cmr-mx-business, BEARER=Bearer, CLIENT_ID=client_id, CLIENT_SECRET=client_secret, CONT_TYPE=Content-Type, GRANT_TYPE=grant_type, MDW_CS_CHANNEL=mdw-cs-channel, MDW_CS_COMMERCE=mdw-cs-commerce, MDW_CS_COUNTRY=mdw-cs-country, MDW_CS_DATE=mdw-cs-date, MDW_CS_HOUR=mdw-cs-hour, OAUTH=oauth2/token, PASSWORD=password, PROVISION_KEY=provision_key, SCORETOKEN=token, SECCTION=secction, TIME_OUT=120000, URI=.fif.tech/api/business/, access_token=WR506dVMCVybGy6rH7low7f17VeuXIhN, cm=Configuracion_Microservicio__mdt:{Ambiente__c=qa, Channel__c=Web, Commerce__c=CMR, Country__c=MX, Client_ID__c=MTI3ZjBjNmE3NTg1ZTVmOTY2NzYwYzQy, Client_Secret__c=OTM5ZTgxMzIwNzI2ZGNlYmFhNzU0ZmY2, Provision_Key__c=NmM4Y2JkMDM0YjgwYWU3OWZlNjE1YWY1, Authenticated_UserID__c=0, Id=m080v0000004rRfAAI}, endpoint=client/get/data, method=POST, microServicio=MicroServicioCustomerData, version=v1]]
12:21:24.1 (287763517)|STATEMENT_EXECUTE|[80]
12:21:24.1 (287787061)|METHOD_ENTRY|[80]|01p0v000003GxUV|MicroServicioCustomerData.obtenerCustomerData(Map<String,String>)
12:21:24.1 (291500927)|VARIABLE_SCOPE_BEGIN|[33]|this|MicroServicioCustomerData|true|false
12:21:24.1 (291569039)|VARIABLE_ASSIGNMENT|[33]|this|{"cliente":"0x68104c7f"}|0x2a140300
12:21:24.1 (291576661)|VARIABLE_SCOPE_BEGIN|[33]|params|Map<String,String>|true|false
12:21:24.1 (291592611)|VARIABLE_ASSIGNMENT|[33]|params|{"numeroDocumento":"RIAS171130HNLGLF82"}|0x2ac5a4f7
12:21:24.1 (291605279)|STATEMENT_EXECUTE|[33]
12:21:24.1 (291606772)|STATEMENT_EXECUTE|[35]
12:21:24.1 (291854501)|HEAP_ALLOCATE|[35]|Bytes:1123
12:21:24.1 (291931012)|HEAP_ALLOCATE|[35]|Bytes:1123
12:21:24.1 (291954593)|HEAP_ALLOCATE|[35]|Bytes:25
12:21:24.1 (291960693)|VARIABLE_SCOPE_BEGIN|[35]|currentClassName|String|false|false
12:21:24.1 (291972192)|VARIABLE_ASSIGNMENT|[35]|currentClassName|"MicroServicioCustome (5 more) ..."
12:21:24.1 (291975327)|STATEMENT_EXECUTE|[36]
12:21:24.1 (291979957)|VARIABLE_SCOPE_BEGIN|[36]|res|System.HttpResponse|true|false
12:21:24.1 (291986922)|VARIABLE_ASSIGNMENT|[36]|res|null|
12:21:24.1 (291989454)|STATEMENT_EXECUTE|[37]
12:21:24.1 (292010753)|METHOD_ENTRY|[37]|01p0v000002OV5X|ClienteMicroServicios.crearRequest(Map<String,String>)
12:21:24.1 (292022268)|VARIABLE_SCOPE_BEGIN|[132]|this|ClienteMicroServicios|true|false
12:21:24.1 (292066391)|VARIABLE_ASSIGNMENT|[132]|this|{"access_token":"WR506dVMCVybGy6rH7lo (12 more) ...","APIVERSION":"apiversion","APP_JSON":"application/json","AT":"access_token","AUTH":"Authorization","AUTHENTICATED_USERID":"authenticated_userid","BACKEND":"backend","BASE_URL":"https://cmr-mx-busin (3 more) ...","BEARER":"Bearer","CLIENT_ID":"client_id","CLIENT_SECRET":"client_secret","cm":"0x19064310","CONT_TYPE":"Content-Type","endpoint":"client/get/data","GRANT_TYPE":"grant_type","MDW_CS_CHANNEL":"mdw-cs-channel","MDW_CS_COMMERCE":"mdw-cs-commerce","MDW_CS_COUNTRY":"mdw-cs-country","MDW_CS_DATE":"mdw-cs-date","MDW_CS_HOUR":"mdw-cs-hour","method":"POST","microServicio":"MicroServicioCustome (5 more) ...","OAUTH":"oauth2/token","PASSWORD":"password","PROVISION_KEY":"provision_key","SCORETOKEN":"token","SECCTION":"secction","TIME_OUT":120000,"URI":".fif.tech/api/busine (3 more) ...","version":"v1"}|0x68104c7f
12:21:24.1 (292075158)|VARIABLE_SCOPE_BEGIN|[132]|params|Map<String,String>|true|false
12:21:24.1 (292082343)|VARIABLE_ASSIGNMENT|[132]|params|{"numeroDocumento":"RIAS171130HNLGLF82"}|0x2ac5a4f7
12:21:24.1 (292087382)|STATEMENT_EXECUTE|[132]
12:21:24.1 (292088670)|STATEMENT_EXECUTE|[134]
12:21:24.1 (292107022)|VARIABLE_SCOPE_BEGIN|[134]|http|System.Http|true|false
12:21:24.1 (292217739)|VARIABLE_ASSIGNMENT|[134]|http|"System.Http[]"|0x69b967fe
12:21:24.1 (292221594)|STATEMENT_EXECUTE|[135]
12:21:24.1 (292227414)|VARIABLE_SCOPE_BEGIN|[135]|req|System.HttpRequest|true|false
12:21:24.1 (292254745)|VARIABLE_ASSIGNMENT|[135]|req|"System.HttpRequest[Endpoint=null, Method=null]"|0x1a973289
12:21:24.1 (292258038)|STATEMENT_EXECUTE|[136]
12:21:24.1 (292264349)|METHOD_ENTRY|[136]||System.JSON.serialize(Object)
12:21:24.1 (292627253)|METHOD_EXIT|[136]||System.JSON.serialize(Object)
12:21:24.1 (292679593)|STATEMENT_EXECUTE|[138]
12:21:24.1 (292684036)|METHOD_ENTRY|[138]|01p0v000002OV5X|ClienteMicroServicios.crearRequest_v1_v2(System.HttpRequest)
12:21:24.1 (292688082)|VARIABLE_SCOPE_BEGIN|[181]|this|ClienteMicroServicios|true|false
12:21:24.1 (292736676)|VARIABLE_ASSIGNMENT|[181]|this|{"access_token":"WR506dVMCVybGy6rH7lo (12 more) ...","APIVERSION":"apiversion","APP_JSON":"application/json","AT":"access_token","AUTH":"Authorization","AUTHENTICATED_USERID":"authenticated_userid","BACKEND":"backend","BASE_URL":"https://cmr-mx-busin (3 more) ...","BEARER":"Bearer","CLIENT_ID":"client_id","CLIENT_SECRET":"client_secret","cm":"0x19064310","CONT_TYPE":"Content-Type","endpoint":"client/get/data","GRANT_TYPE":"grant_type","MDW_CS_CHANNEL":"mdw-cs-channel","MDW_CS_COMMERCE":"mdw-cs-commerce","MDW_CS_COUNTRY":"mdw-cs-country","MDW_CS_DATE":"mdw-cs-date","MDW_CS_HOUR":"mdw-cs-hour","method":"POST","microServicio":"MicroServicioCustome (5 more) ...","OAUTH":"oauth2/token","PASSWORD":"password","PROVISION_KEY":"provision_key","SCORETOKEN":"token","SECCTION":"secction","TIME_OUT":120000,"URI":".fif.tech/api/busine (3 more) ...","version":"v1"}|0x68104c7f
12:21:24.1 (292745034)|VARIABLE_SCOPE_BEGIN|[181]|req|System.HttpRequest|true|false
12:21:24.1 (292785534)|VARIABLE_ASSIGNMENT|[181]|req|"System.HttpRequest[Endpoint=null, Method=null]"|0x1a973289
12:21:24.1 (292791062)|STATEMENT_EXECUTE|[181]
12:21:24.1 (292792206)|STATEMENT_EXECUTE|[183]
12:21:24.1 (292796442)|METHOD_ENTRY|[183]|01p0v000002OV5X|ClienteMicroServicios.obtenerURLENDPOINT()
12:21:24.1 (292800479)|VARIABLE_SCOPE_BEGIN|[115]|this|ClienteMicroServicios|true|false
12:21:24.1 (292827684)|VARIABLE_ASSIGNMENT|[115]|this|{"access_token":"WR506dVMCVybGy6rH7lo (12 more) ...","APIVERSION":"apiversion","APP_JSON":"application/json","AT":"access_token","AUTH":"Authorization","AUTHENTICATED_USERID":"authenticated_userid","BACKEND":"backend","BASE_URL":"https://cmr-mx-busin (3 more) ...","BEARER":"Bearer","CLIENT_ID":"client_id","CLIENT_SECRET":"client_secret","cm":"0x19064310","CONT_TYPE":"Content-Type","endpoint":"client/get/data","GRANT_TYPE":"grant_type","MDW_CS_CHANNEL":"mdw-cs-channel","MDW_CS_COMMERCE":"mdw-cs-commerce","MDW_CS_COUNTRY":"mdw-cs-country","MDW_CS_DATE":"mdw-cs-date","MDW_CS_HOUR":"mdw-cs-hour","method":"POST","microServicio":"MicroServicioCustome (5 more) ...","OAUTH":"oauth2/token","PASSWORD":"password","PROVISION_KEY":"provision_key","SCORETOKEN":"token","SECCTION":"secction","TIME_OUT":120000,"URI":".fif.tech/api/busine (3 more) ...","version":"v1"}|0x68104c7f
12:21:24.1 (292835980)|STATEMENT_EXECUTE|[115]
12:21:24.1 (292837076)|STATEMENT_EXECUTE|[117]
12:21:24.1 (292840132)|VARIABLE_SCOPE_BEGIN|[117]|url|String|false|false
12:21:24.1 (292846802)|VARIABLE_ASSIGNMENT|[117]|url|""
12:21:24.1 (292849247)|STATEMENT_EXECUTE|[118]
12:21:24.1 (292869825)|HEAP_ALLOCATE|[118]|Bytes:3
12:21:24.1 (292873995)|VARIABLE_SCOPE_BEGIN|[118]|Enviroment|String|false|false
12:21:24.1 (292878798)|VARIABLE_ASSIGNMENT|[118]|Enviroment|"-qa"
12:21:24.1 (292883760)|STATEMENT_EXECUTE|[120]
12:21:24.1 (292885146)|STATEMENT_EXECUTE|[122]
12:21:24.1 (292892296)|HEAP_ALLOCATE|[122]|Bytes:59
12:21:24.1 (292895610)|HEAP_ALLOCATE|[122]|Bytes:16
12:21:24.1 (292898209)|HEAP_ALLOCATE|[122]|Bytes:75
12:21:24.1 (292902273)|VARIABLE_ASSIGNMENT|[122]|url|"https://cmr-mx-busin (55 more) ..."
12:21:24.1 (292905736)|STATEMENT_EXECUTE|[129]
12:21:24.1 (292908176)|METHOD_EXIT|[183]|01p0v000002OV5X|ClienteMicroServicios.obtenerURLENDPOINT()
12:21:24.1 (292911103)|VARIABLE_SCOPE_BEGIN|[183]|url|String|false|false
12:21:24.1 (292915796)|VARIABLE_ASSIGNMENT|[183]|url|"https://cmr-mx-busin (55 more) ..."
12:21:24.1 (292917983)|STATEMENT_EXECUTE|[185]
12:21:24.1 (292922137)|VARIABLE_SCOPE_BEGIN|[185]|strChannel|String|false|false
12:21:24.1 (292927004)|VARIABLE_ASSIGNMENT|[185]|strChannel|"Web"
12:21:24.1 (292929464)|STATEMENT_EXECUTE|[186]
12:21:24.1 (292932399)|VARIABLE_SCOPE_BEGIN|[186]|strCommerce|String|false|false
12:21:24.1 (292937076)|VARIABLE_ASSIGNMENT|[186]|strCommerce|"CMR"
12:21:24.1 (292939266)|STATEMENT_EXECUTE|[187]
12:21:24.1 (292942477)|VARIABLE_SCOPE_BEGIN|[187]|strCountry|String|false|false
12:21:24.1 (292947028)|VARIABLE_ASSIGNMENT|[187]|strCountry|"MX"
12:21:24.1 (292949264)|STATEMENT_EXECUTE|[189]
12:21:24.1 (292957954)|STATEMENT_EXECUTE|[190]
12:21:24.1 (292964901)|STATEMENT_EXECUTE|[191]
12:21:24.1 (292972615)|STATEMENT_EXECUTE|[192]
12:21:24.1 (292985247)|STATEMENT_EXECUTE|[193]
12:21:24.1 (292990707)|STATEMENT_EXECUTE|[194]
12:21:24.1 (292995693)|STATEMENT_EXECUTE|[195]
12:21:24.1 (293013883)|STATEMENT_EXECUTE|[197]
12:21:24.1 (293015674)|STATEMENT_EXECUTE|[199]
12:21:24.1 (293019825)|HEAP_ALLOCATE|[199]|Bytes:1
12:21:24.1 (293029495)|HEAP_ALLOCATE|[199]|Bytes:39
12:21:24.1 (293068051)|STATEMENT_EXECUTE|[202]
12:21:24.1 (293071271)|METHOD_ENTRY|[202]|01p0v000002OV5X|ClienteMicroServicios.imprimirRequest(System.HttpRequest)
12:21:24.1 (293074339)|VARIABLE_SCOPE_BEGIN|[215]|this|ClienteMicroServicios|true|false
12:21:24.1 (293096886)|VARIABLE_ASSIGNMENT|[215]|this|{"access_token":"WR506dVMCVybGy6rH7lo (12 more) ...","APIVERSION":"apiversion","APP_JSON":"application/json","AT":"access_token","AUTH":"Authorization","AUTHENTICATED_USERID":"authenticated_userid","BACKEND":"backend","BASE_URL":"https://cmr-mx-busin (3 more) ...","BEARER":"Bearer","CLIENT_ID":"client_id","CLIENT_SECRET":"client_secret","cm":"0x19064310","CONT_TYPE":"Content-Type","endpoint":"client/get/data","GRANT_TYPE":"grant_type","MDW_CS_CHANNEL":"mdw-cs-channel","MDW_CS_COMMERCE":"mdw-cs-commerce","MDW_CS_COUNTRY":"mdw-cs-country","MDW_CS_DATE":"mdw-cs-date","MDW_CS_HOUR":"mdw-cs-hour","method":"POST","microServicio":"MicroServicioCustome (5 more) ...","OAUTH":"oauth2/token","PASSWORD":"password","PROVISION_KEY":"provision_key","SCORETOKEN":"token","SECCTION":"secction","TIME_OUT":120000,"URI":".fif.tech/api/busine (3 more) ...","version":"v1"}|0x68104c7f
12:21:24.1 (293103442)|VARIABLE_SCOPE_BEGIN|[215]|req|System.HttpRequest|true|false
12:21:24.1 (293130082)|VARIABLE_ASSIGNMENT|[215]|req|"System.HttpRequest[Endpoint=https://cmr-mx-business-qa.fif.tech/api/business/v1/backend/client/get/data, Method=POST]"|0x1a973289
12:21:24.1 (293134368)|STATEMENT_EXECUTE|[215]
12:21:24.1 (293135296)|STATEMENT_EXECUTE|[217]
12:21:24.1 (293144721)|HEAP_ALLOCATE|[217]|Bytes:117
12:21:24.1 (293150102)|HEAP_ALLOCATE|[217]|Bytes:122
12:21:24.1 (293161135)|USER_DEBUG|[217]|DEBUG|REQ: System.HttpRequest[Endpoint=https://cmr-mx-business-qa.fif.tech/api/business/v1/backend/client/get/data, Method=POST]
12:21:24.1 (293165984)|STATEMENT_EXECUTE|[218]
12:21:24.1 (293191770)|HEAP_ALLOCATE|[218]|Bytes:16
12:21:24.1 (293195537)|HEAP_ALLOCATE|[218]|Bytes:46
12:21:24.1 (293198908)|USER_DEBUG|[218]|DEBUG|req.getHeader(Content-Type):  application/json
12:21:24.1 (293202148)|STATEMENT_EXECUTE|[219]
12:21:24.1 (293206399)|HEAP_ALLOCATE|[219]|Bytes:3
12:21:24.1 (293209472)|HEAP_ALLOCATE|[219]|Bytes:35
12:21:24.1 (293212398)|USER_DEBUG|[219]|DEBUG|req.getHeader(mdw-cs-channel):  Web
12:21:24.1 (293215363)|STATEMENT_EXECUTE|[220]
12:21:24.1 (293219536)|HEAP_ALLOCATE|[220]|Bytes:3
12:21:24.1 (293222899)|HEAP_ALLOCATE|[220]|Bytes:36
12:21:24.1 (293225934)|USER_DEBUG|[220]|DEBUG|req.getHeader(mdw-cs-commerce):  CMR
12:21:24.1 (293228938)|STATEMENT_EXECUTE|[221]
12:21:24.1 (293232888)|HEAP_ALLOCATE|[221]|Bytes:2
12:21:24.1 (293235934)|HEAP_ALLOCATE|[221]|Bytes:34
12:21:24.1 (293239310)|USER_DEBUG|[221]|DEBUG|req.getHeader(mdw-cs-country):  MX
12:21:24.1 (293242610)|STATEMENT_EXECUTE|[222]
12:21:24.1 (293257862)|HEAP_ALLOCATE|[222]|Bytes:40
12:21:24.1 (293261499)|HEAP_ALLOCATE|[222]|Bytes:56
12:21:24.1 (293264751)|USER_DEBUG|[222]|DEBUG|req.getBody():  {"numeroDocumento":"RIAS171130HNLGLF82"}
12:21:24.1 (293269219)|METHOD_EXIT|[202]|01p0v000002OV5X|ClienteMicroServicios.imprimirRequest(System.HttpRequest)
12:21:24.1 (293271619)|STATEMENT_EXECUTE|[204]
12:21:24.1 (293273460)|METHOD_EXIT|[138]|01p0v000002OV5X|ClienteMicroServicios.crearRequest_v1_v2(System.HttpRequest)
12:21:24.1 (293277538)|METHOD_EXIT|[37]|01p0v000002OV5X|ClienteMicroServicios.crearRequest(Map<String,String>)
12:21:24.1 (293280633)|VARIABLE_SCOPE_BEGIN|[37]|req|System.HttpRequest|true|false
12:21:24.1 (293303185)|VARIABLE_ASSIGNMENT|[37]|req|"System.HttpRequest[Endpoint=https://cmr-mx-business-qa.fif.tech/api/business/v1/backend/client/get/data, Method=POST]"|0x1a973289
12:21:24.1 (293306601)|STATEMENT_EXECUTE|[38]
12:21:24.1 (293309073)|VARIABLE_SCOPE_BEGIN|[38]|isSuccess|Boolean|false|false
12:21:24.1 (293315263)|HEAP_ALLOCATE|[38]|Bytes:5
12:21:24.1 (293318950)|VARIABLE_ASSIGNMENT|[38]|isSuccess|false
12:21:24.1 (293320900)|STATEMENT_EXECUTE|[39]
12:21:24.1 (293323651)|VARIABLE_SCOPE_BEGIN|[39]|result|CustomerDataJSON|true|false
12:21:24.1 (293327987)|VARIABLE_ASSIGNMENT|[39]|result|null|
12:21:24.1 (293329988)|STATEMENT_EXECUTE|[40]
12:21:24.1 (293331868)|HEAP_ALLOCATE|[40]|Bytes:4
12:21:24.1 (293350044)|HEAP_ALLOCATE|[40]|Bytes:117
12:21:24.1 (293355857)|HEAP_ALLOCATE|[40]|Bytes:121
12:21:24.1 (293362874)|USER_DEBUG|[40]|DEBUG|req System.HttpRequest[Endpoint=https://cmr-mx-business-qa.fif.tech/api/business/v1/backend/client/get/data, Method=POST]
12:21:24.1 (293366647)|STATEMENT_EXECUTE|[42]
12:21:24.1 (293367676)|STATEMENT_EXECUTE|[42]
12:21:24.1 (293370501)|STATEMENT_EXECUTE|[43]
12:21:24.1 (293372362)|VARIABLE_SCOPE_BEGIN|[43]|i|Integer|false|false
12:21:24.1 (293377571)|HEAP_ALLOCATE|[43]|Bytes:4
12:21:24.1 (293380460)|VARIABLE_ASSIGNMENT|[43]|i|0
12:21:24.1 (293388285)|STATEMENT_EXECUTE|[43]
12:21:24.1 (293389163)|STATEMENT_EXECUTE|[44]
12:21:24.1 (293400086)|METHOD_ENTRY|[44]|01p0v000002OV5X|ClienteMicroServicios.enviarRequest(System.HttpRequest)
12:21:24.1 (293406340)|VARIABLE_SCOPE_BEGIN|[225]|this|ClienteMicroServicios|true|false
12:21:24.1 (293430620)|VARIABLE_ASSIGNMENT|[225]|this|{"access_token":"WR506dVMCVybGy6rH7lo (12 more) ...","APIVERSION":"apiversion","APP_JSON":"application/json","AT":"access_token","AUTH":"Authorization","AUTHENTICATED_USERID":"authenticated_userid","BACKEND":"backend","BASE_URL":"https://cmr-mx-busin (3 more) ...","BEARER":"Bearer","CLIENT_ID":"client_id","CLIENT_SECRET":"client_secret","cm":"0x19064310","CONT_TYPE":"Content-Type","endpoint":"client/get/data","GRANT_TYPE":"grant_type","MDW_CS_CHANNEL":"mdw-cs-channel","MDW_CS_COMMERCE":"mdw-cs-commerce","MDW_CS_COUNTRY":"mdw-cs-country","MDW_CS_DATE":"mdw-cs-date","MDW_CS_HOUR":"mdw-cs-hour","method":"POST","microServicio":"MicroServicioCustome (5 more) ...","OAUTH":"oauth2/token","PASSWORD":"password","PROVISION_KEY":"provision_key","SCORETOKEN":"token","SECCTION":"secction","TIME_OUT":120000,"URI":".fif.tech/api/busine (3 more) ...","version":"v1"}|0x68104c7f
12:21:24.1 (293437322)|VARIABLE_SCOPE_BEGIN|[225]|req|System.HttpRequest|true|false
12:21:24.1 (293459541)|VARIABLE_ASSIGNMENT|[225]|req|"System.HttpRequest[Endpoint=https://cmr-mx-business-qa.fif.tech/api/business/v1/backend/client/get/data, Method=POST]"|0x1a973289
12:21:24.1 (293463633)|STATEMENT_EXECUTE|[225]
12:21:24.1 (293464730)|STATEMENT_EXECUTE|[227]
12:21:24.1 (293473190)|VARIABLE_SCOPE_BEGIN|[227]|http|System.Http|true|false
12:21:24.1 (293496688)|VARIABLE_ASSIGNMENT|[227]|http|"System.Http[]"|0xdb1ad87
12:21:24.1 (293500285)|STATEMENT_EXECUTE|[228]
12:21:24.1 (293543632)|CALLOUT_REQUEST|[228]|System.HttpRequest[Endpoint=https://cmr-mx-business-qa.fif.tech/api/business/v1/backend/client/get/data, Method=POST]
12:21:25.14 (1014974877)|HEAP_ALLOCATE|[EXTERNAL]|Bytes:903
12:21:25.14 (1016573617)|CALLOUT_RESPONSE|[228]|System.HttpResponse[Status=OK, StatusCode=200]
12:21:25.14 (1016606117)|HEAP_ALLOCATE|[228]|Bytes:150
12:21:25.14 (1016650086)|METHOD_EXIT|[44]|01p0v000002OV5X|ClienteMicroServicios.enviarRequest(System.HttpRequest)
12:21:25.14 (1016738911)|VARIABLE_ASSIGNMENT|[44]|res|"System.HttpResponse[Status=OK, StatusCode=200]"|0x2ddbf901
12:21:25.14 (1016823886)|STATEMENT_EXECUTE|[45]
12:21:25.14 (1016826633)|STATEMENT_EXECUTE|[47]
12:21:25.14 (1016839554)|HEAP_ALLOCATE|[47]|Bytes:5
12:21:25.14 (1016850143)|VARIABLE_ASSIGNMENT|[47]|isSuccess|true
12:21:25.14 (1016853871)|STATEMENT_EXECUTE|[47]
12:21:25.14 (1016858950)|STATEMENT_EXECUTE|[50]
12:21:25.14 (1016864761)|HEAP_ALLOCATE|[50]|Bytes:4
12:21:25.14 (1016901960)|HEAP_ALLOCATE|[50]|Bytes:143
12:21:25.14 (1016921865)|HEAP_ALLOCATE|[50]|Bytes:147
12:21:25.14 (1016946126)|USER_DEBUG|[50]|DEBUG|res {"code":"ok","message":{"estadoOperacion":{"codigoOperacion":"00","glosaOperacion":"No se encontraron datos para los criterios de selección"}}}
12:21:25.14 (1016971756)|HEAP_ALLOCATE|[53]|Bytes:143
12:21:25.14 (1017052823)|HEAP_ALLOCATE|[53]|Bytes:7
12:21:25.14 (1017056494)|HEAP_ALLOCATE|[53]|Bytes:14
12:21:25.14 (1017058971)|HEAP_ALLOCATE|[53]|Bytes:18
12:21:25.14 (1017061561)|HEAP_ALLOCATE|[53]|Bytes:18
12:21:25.14 (1017064125)|HEAP_ALLOCATE|[53]|Bytes:21
12:21:25.14 (1017066537)|HEAP_ALLOCATE|[53]|Bytes:60
12:21:25.14 (1017070958)|HEAP_ALLOCATE|[53]|Bytes:28
12:21:25.14 (1017123534)|HEAP_ALLOCATE|[53]|Bytes:5
12:21:25.14 (1017147319)|VARIABLE_SCOPE_BEGIN|[53]|s|String|false|false
12:21:25.14 (1017159774)|VARIABLE_ASSIGNMENT|[53]|s|"{\"code\""
12:21:25.14 (1017164465)|STATEMENT_EXECUTE|[53]
12:21:25.14 (1017166139)|STATEMENT_EXECUTE|[54]
12:21:25.14 (1017168351)|HEAP_ALLOCATE|[54]|Bytes:2
12:21:25.14 (1017173005)|HEAP_ALLOCATE|[54]|Bytes:9
12:21:25.14 (1017231542)|USER_DEBUG|[54]|DEBUG|s {"code"
12:21:25.14 (1017242119)|HEAP_ALLOCATE|[53]|Bytes:5
12:21:25.14 (1017249012)|VARIABLE_SCOPE_BEGIN|[53]|s|String|false|false
12:21:25.14 (1017257064)|VARIABLE_ASSIGNMENT|[53]|s|"\"ok\",\"message\""
12:21:25.14 (1017260606)|STATEMENT_EXECUTE|[53]
12:21:25.14 (1017262076)|STATEMENT_EXECUTE|[54]
12:21:25.14 (1017264614)|HEAP_ALLOCATE|[54]|Bytes:16
12:21:25.14 (1017269910)|USER_DEBUG|[54]|DEBUG|s "ok","message"
12:21:25.14 (1017278291)|HEAP_ALLOCATE|[53]|Bytes:5
12:21:25.14 (1017284228)|VARIABLE_SCOPE_BEGIN|[53]|s|String|false|false
12:21:25.14 (1017291346)|VARIABLE_ASSIGNMENT|[53]|s|"{\"estadoOperacion\""
12:21:25.14 (1017294586)|STATEMENT_EXECUTE|[53]
12:21:25.14 (1017295968)|STATEMENT_EXECUTE|[54]
12:21:25.14 (1017298072)|HEAP_ALLOCATE|[54]|Bytes:20
12:21:25.14 (1017302840)|USER_DEBUG|[54]|DEBUG|s {"estadoOperacion"
12:21:25.14 (1017310355)|HEAP_ALLOCATE|[53]|Bytes:5
12:21:25.14 (1017315974)|VARIABLE_SCOPE_BEGIN|[53]|s|String|false|false
12:21:25.14 (1017322414)|VARIABLE_ASSIGNMENT|[53]|s|"{\"codigoOperacion\""
12:21:25.14 (1017325604)|STATEMENT_EXECUTE|[53]
12:21:25.14 (1017327022)|STATEMENT_EXECUTE|[54]
12:21:25.14 (1017329033)|HEAP_ALLOCATE|[54]|Bytes:20
12:21:25.14 (1017333614)|USER_DEBUG|[54]|DEBUG|s {"codigoOperacion"
12:21:25.14 (1017340885)|HEAP_ALLOCATE|[53]|Bytes:5
12:21:25.14 (1017346449)|VARIABLE_SCOPE_BEGIN|[53]|s|String|false|false
12:21:25.14 (1017355434)|VARIABLE_ASSIGNMENT|[53]|s|"\"00\",\"glosaOperacion (1 more) ..."
12:21:25.14 (1017358834)|STATEMENT_EXECUTE|[53]
12:21:25.14 (1017360200)|STATEMENT_EXECUTE|[54]
12:21:25.14 (1017362217)|HEAP_ALLOCATE|[54]|Bytes:23
12:21:25.14 (1017367570)|USER_DEBUG|[54]|DEBUG|s "00","glosaOperacion"
12:21:25.14 (1017375069)|HEAP_ALLOCATE|[53]|Bytes:5
12:21:25.14 (1017380565)|VARIABLE_SCOPE_BEGIN|[53]|s|String|false|false
12:21:25.14 (1017387881)|VARIABLE_ASSIGNMENT|[53]|s|"\"No se encontraron d (40 more) ..."
12:21:25.14 (1017391243)|STATEMENT_EXECUTE|[53]
12:21:25.14 (1017392686)|STATEMENT_EXECUTE|[54]
12:21:25.14 (1017394679)|HEAP_ALLOCATE|[54]|Bytes:62
12:21:25.14 (1017399281)|USER_DEBUG|[54]|DEBUG|s "No se encontraron datos para los criterios de selección"}}}
12:21:25.14 (1017407589)|HEAP_ALLOCATE|[53]|Bytes:5
12:21:25.14 (1017416369)|VARIABLE_ASSIGNMENT|[53]|s|null
12:21:25.14 (1017421018)|STATEMENT_EXECUTE|[56]
12:21:25.14 (1017422454)|STATEMENT_EXECUTE|[56]
12:21:25.14 (1017439694)|HEAP_ALLOCATE|[56]|Bytes:143
12:21:25.14 (1017455602)|HEAP_ALLOCATE|[56]|Bytes:107
12:21:25.14 (1017464231)|HEAP_ALLOCATE|[56]|Bytes:2
12:21:25.14 (1017495125)|METHOD_ENTRY|[14]|01p0v000003GxUU|CustomerDataJSON.CustomerDataJSON()
12:21:25.14 (1017499820)|STATEMENT_EXECUTE|[14]
12:21:25.14 (1017508085)|STATEMENT_EXECUTE|[14]
12:21:25.14 (1017509682)|STATEMENT_EXECUTE|[19]
12:21:25.14 (1017511595)|STATEMENT_EXECUTE|[24]
12:21:25.14 (1017512865)|STATEMENT_EXECUTE|[28]
12:21:25.14 (1017514272)|STATEMENT_EXECUTE|[37]
12:21:25.14 (1017515466)|STATEMENT_EXECUTE|[41]
12:21:25.14 (1017516707)|STATEMENT_EXECUTE|[46]
12:21:25.14 (1017517905)|STATEMENT_EXECUTE|[50]
12:21:25.14 (1017519299)|STATEMENT_EXECUTE|[57]
12:21:25.14 (1017526670)|METHOD_EXIT|[14]|CustomerDataJSON
12:21:25.14 (1017567747)|METHOD_ENTRY|[56]|01p0v000003GxUU|CustomerDataJSON.parse(String)
12:21:25.14 (1017579065)|VARIABLE_SCOPE_BEGIN|[62]|json|String|false|false
12:21:25.14 (1017590063)|VARIABLE_ASSIGNMENT|[62]|json|"{\"code\":\"ok\",\"messag (123 more) ..."
12:21:25.14 (1017597326)|STATEMENT_EXECUTE|[62]
12:21:25.14 (1017598962)|STATEMENT_EXECUTE|[63]
12:21:25.14 (1017601656)|HEAP_ALLOCATE|[63]|Bytes:16
12:21:25.14 (1017712703)|HEAP_ALLOCATE|[63]|Bytes:8
12:21:25.14 (1017721665)|HEAP_ALLOCATE|[63]|Bytes:8
12:21:25.14 (1017725720)|VARIABLE_SCOPE_BEGIN|[4]|this|System.Type|true|false
12:21:25.14 (1017763251)|VARIABLE_ASSIGNMENT|[4]|this|{}|0x2b93a1fb
12:21:25.14 (1017768433)|VARIABLE_SCOPE_BEGIN|[4]|apextype|java:common.apex.runtime.ApexObjectType|true|false
12:21:25.14 (1017882589)|VARIABLE_ASSIGNMENT|[4]|apextype|"CustomerDataJSON"|0x86b8285
12:21:25.14 (1017926396)|HEAP_ALLOCATE|[63]|Bytes:8
12:21:25.14 (1017936443)|METHOD_ENTRY|[63]||System.JSON.deserialize(String, System.Type)
12:21:25.14 (1019000041)|METHOD_EXIT|[63]||System.JSON.deserialize(String, System.Type)
12:21:25.14 (1019017717)|METHOD_EXIT|[56]|01p0v000003GxUU|CustomerDataJSON.parse(String)
12:21:25.14 (1019055328)|VARIABLE_ASSIGNMENT|[56]|result|{"code":"ok","message":"0x60721a15"}|0x4e8e62e8
12:21:25.14 (1019063173)|STATEMENT_EXECUTE|[62]
12:21:25.14 (1019067576)|METHOD_EXIT|[80]|01p0v000003GxUV|MicroServicioCustomerData.obtenerCustomerData(Map<String,String>)
12:21:25.14 (1019070691)|VARIABLE_SCOPE_BEGIN|[80]|resultCustomerData|CustomerDataJSON|true|false
12:21:25.14 (1019079017)|VARIABLE_ASSIGNMENT|[80]|resultCustomerData|{"code":"ok","message":"0x60721a15"}|0x4e8e62e8
12:21:25.14 (1019081711)|STATEMENT_EXECUTE|[81]
12:21:25.14 (1019085549)|HEAP_ALLOCATE|[81]|Bytes:20
12:21:25.14 (1019193663)|HEAP_ALLOCATE|[81]|Bytes:184
12:21:25.14 (1019204070)|HEAP_ALLOCATE|[81]|Bytes:204
12:21:25.14 (1019216560)|USER_DEBUG|[81]|DEBUG|resultCustomerData: CustomerDataJSON:[code=ok, message=Message:[cliente=null, estadoOperacion=EstadoOperacion:[codigoOperacion=00, glosaOperacion=No se encontraron datos para los criterios de selección]]]
12:21:25.14 (1019224880)|STATEMENT_EXECUTE|[83]
12:21:25.14 (1019226209)|STATEMENT_EXECUTE|[83]
12:21:25.14 (1019233102)|HEAP_ALLOCATE|[83]|Bytes:5
12:21:25.14 (1019238916)|VARIABLE_ASSIGNMENT|[83]|success|true
12:21:25.14 (1019241638)|STATEMENT_EXECUTE|[85]
12:21:25.14 (1019243370)|HEAP_ALLOCATE|[85]|Bytes:32
12:21:25.14 (1019253703)|HEAP_ALLOCATE|[85]|Bytes:4
12:21:25.14 (1019258653)|HEAP_ALLOCATE|[85]|Bytes:36
12:21:25.14 (1019262078)|USER_DEBUG|[85]|DEBUG|Consultar CustomerData Success: true
12:21:25.14 (1019265273)|STATEMENT_EXECUTE|[86]
12:21:25.14 (1019266962)|HEAP_ALLOCATE|[86]|Bytes:7
12:21:25.14 (1019290993)|HEAP_ALLOCATE|[86]|Bytes:5
12:21:25.14 (1019299767)|HEAP_ALLOCATE|[EXTERNAL]|Bytes:-4
12:21:25.14 (1019306420)|STATEMENT_EXECUTE|[87]
12:21:25.14 (1019307505)|HEAP_ALLOCATE|[87]|Bytes:18
12:21:25.14 (1019327892)|HEAP_ALLOCATE|[EXTERNAL]|Bytes:-4
12:21:25.14 (1019331312)|STATEMENT_EXECUTE|[89]
12:21:25.19 (1019353420)|CUMULATIVE_LIMIT_USAGE
12:21:25.19 (1019353420)|LIMIT_USAGE_FOR_NS|(default)|
  Number of SOQL queries: 0 out of 100
  Number of query rows: 2 out of 50000
  Number of SOSL queries: 0 out of 20
  Number of DML statements: 0 out of 150
  Number of Publish Immediate DML: 0 out of 150
  Number of DML rows: 0 out of 10000
  Maximum CPU time: 71 out of 10000
  Maximum heap size: 0 out of 6000000
  Number of callouts: 2 out of 100
  Number of Email Invocations: 0 out of 10
  Number of future calls: 0 out of 50
  Number of queueable jobs added to the queue: 0 out of 50
  Number of Mobile Apex push calls: 0 out of 10

12:21:25.19 (1019353420)|CUMULATIVE_LIMIT_USAGE_END

12:21:25.14 (1019385035)|CODE_UNIT_FINISHED|MicroServicioCustomerData.consulta_Customer_Data(String)
12:21:25.14 (1019658323)|CODE_UNIT_FINISHED|apex://MicroServicioCustomerData/ACTION$consulta_Customer_Data
12:21:25.14 (1019664066)|EXECUTION_FINISHED
