66.0 APEX_CODE,FINEST;APEX_PROFILING,INFO;CALLOUT,INFO;DATA_ACCESS,INFO;DB,INFO;NBA,INFO;SYSTEM,DEBUG;VALIDATION,INFO;VISUALFORCE,INFO;WAVE,INFO;WORKFLOW,INFO
14:52:05.1 (1318938)|USER_INFO|[EXTERNAL]|0051N000005gvau|etrevinofalabella@izeicg.com.uat|(GMT-06:00) Central Standard Time (America/Mexico_City)|GMT-06:00
14:52:05.1 (1348011)|EXECUTION_STARTED
14:52:05.1 (1357393)|CODE_UNIT_STARTED|[EXTERNAL]|apex://CasosRiesgosCustomButtons/ACTION$getCaseInfo
14:52:05.1 (5309769)|CODE_UNIT_STARTED|[EXTERNAL]|01p0v000003i3RN|CasosRiesgosCustomButtons.getCaseInfo(String)
14:52:05.1 (5518113)|HEAP_ALLOCATE|[95]|Bytes:3
14:52:05.1 (5594796)|HEAP_ALLOCATE|[100]|Bytes:152
14:52:05.1 (5610228)|HEAP_ALLOCATE|[417]|Bytes:408
14:52:05.1 (5620999)|HEAP_ALLOCATE|[430]|Bytes:408
14:52:05.1 (5640395)|HEAP_ALLOCATE|[317]|Bytes:6
14:52:05.1 (5688638)|HEAP_ALLOCATE|[EXTERNAL]|Bytes:2
14:52:05.1 (5699015)|METHOD_ENTRY|[11]|01p0v000003i3RN|CasosRiesgosCustomButtons.CasosRiesgosCustomButtons()
14:52:05.1 (5704714)|STATEMENT_EXECUTE|[11]
14:52:05.1 (5711044)|STATEMENT_EXECUTE|[11]
14:52:05.1 (5714974)|METHOD_EXIT|[11]|CasosRiesgosCustomButtons
14:52:05.1 (5718022)|HEAP_ALLOCATE|[EXTERNAL]|Bytes:18
14:52:05.1 (5723851)|VARIABLE_SCOPE_BEGIN|[20]|recordId|String|false|false
14:52:05.1 (5767560)|VARIABLE_ASSIGNMENT|[20]|recordId|"500Rt00000e5bWsIAI"
14:52:05.1 (5775574)|STATEMENT_EXECUTE|[20]
14:52:05.1 (5776628)|STATEMENT_EXECUTE|[22]
14:52:05.1 (5794201)|HEAP_ALLOCATE|[22]|Bytes:4
14:52:05.1 (5807190)|VARIABLE_SCOPE_BEGIN|[22]|mapResult|Map<String,ANY>|true|false
14:52:05.1 (5825582)|VARIABLE_ASSIGNMENT|[22]|mapResult|{}|0x77dab431
14:52:05.1 (5828432)|STATEMENT_EXECUTE|[23]
14:52:05.1 (5845824)|HEAP_ALLOCATE|[68]|Bytes:5
14:52:05.1 (5867762)|HEAP_ALLOCATE|[74]|Bytes:5
14:52:05.1 (5873816)|HEAP_ALLOCATE|[82]|Bytes:7
14:52:05.1 (5880487)|VARIABLE_SCOPE_BEGIN|[23]|success|Boolean|false|false
14:52:05.1 (5895056)|HEAP_ALLOCATE|[23]|Bytes:5
14:52:05.1 (5899739)|VARIABLE_ASSIGNMENT|[23]|success|false
14:52:05.1 (5901987)|STATEMENT_EXECUTE|[25]
14:52:05.1 (5903514)|HEAP_ALLOCATE|[25]|Bytes:155
14:52:05.1 (5907378)|HEAP_ALLOCATE|[25]|Bytes:4
14:52:05.1 (5910102)|HEAP_ALLOCATE|[25]|Bytes:7
14:52:05.1 (7392971)|SOQL_EXECUTE_BEGIN|[25]|Aggregations:0|SELECT Solicitud_de_cancelaci_n__c, Comentarios__c, C_digo_Postal_Direcci_n_Otros__c FROM Case WHERE (Id = :tmpVar1 AND Solicitud_de_cancelaci_n__c = TRUE)
14:52:05.1 (14424446)|SOQL_EXECUTE_END|[25]|Rows:0
14:52:05.1 (14458884)|HEAP_ALLOCATE|[25]|Bytes:4
14:52:05.1 (14472131)|HEAP_ALLOCATE|[25]|Bytes:0
14:52:05.1 (14603658)|HEAP_ALLOCATE|[25]|Bytes:4
14:52:05.1 (14625983)|VARIABLE_SCOPE_BEGIN|[25]|lstCase|List<Case>|true|false
14:52:05.1 (14650178)|VARIABLE_ASSIGNMENT|[25]|lstCase|[]|0x6c769c2a
14:52:05.1 (14751573)|STATEMENT_EXECUTE|[30]
14:52:05.1 (14755002)|STATEMENT_EXECUTE|[37]
14:52:05.1 (14760132)|HEAP_ALLOCATE|[37]|Bytes:7
14:52:05.1 (14798979)|HEAP_ALLOCATE|[37]|Bytes:5
14:52:05.1 (14807668)|HEAP_ALLOCATE|[EXTERNAL]|Bytes:-4
14:52:05.1 (14812461)|STATEMENT_EXECUTE|[39]
14:52:05.14 (14860969)|CUMULATIVE_LIMIT_USAGE
14:52:05.14 (14860969)|LIMIT_USAGE_FOR_NS|(default)|
  Number of SOQL queries: 1 out of 100
  Number of query rows: 0 out of 50000
  Number of SOSL queries: 0 out of 20
  Number of DML statements: 0 out of 150
  Number of Publish Immediate DML: 0 out of 150
  Number of DML rows: 0 out of 10000
  Maximum CPU time: 0 out of 10000
  Maximum heap size: 0 out of 6000000
  Number of callouts: 0 out of 100
  Number of Email Invocations: 0 out of 10
  Number of future calls: 0 out of 50
  Number of queueable jobs added to the queue: 0 out of 50
  Number of Mobile Apex push calls: 0 out of 10

14:52:05.14 (14860969)|CUMULATIVE_LIMIT_USAGE_END

14:52:05.1 (14888576)|CODE_UNIT_FINISHED|CasosRiesgosCustomButtons.getCaseInfo(String)
14:52:05.1 (15071688)|CODE_UNIT_FINISHED|apex://CasosRiesgosCustomButtons/ACTION$getCaseInfo
14:52:05.1 (15076835)|EXECUTION_FINISHED
