67.0 APEX_CODE,FINEST;APEX_PROFILING,INFO;CALLOUT,INFO;DATA_ACCESS,INFO;DB,INFO;NBA,INFO;SYSTEM,DEBUG;VALIDATION,INFO;VISUALFORCE,INFO;WAVE,INFO;WORKFLOW,INFO
13:02:12.0 (402037)|USER_INFO|[EXTERNAL]|005Qg000002VBqt|jlandav@falabella.com.mx|(GMT-06:00) Central Standard Time (America/Mexico_City)|GMT-06:00
13:02:12.0 (543170)|EXECUTION_STARTED
13:02:12.0 (574956)|CODE_UNIT_STARTED|[EXTERNAL]|apex://CasosControllerExtension/ACTION$obtenerCasos
13:02:12.0 (4772035)|CODE_UNIT_STARTED|[EXTERNAL]|01p3l000005qcOV|CasosControllerExtension.obtenerCasos()
13:02:12.0 (5405461)|VARIABLE_SCOPE_BEGIN|[21]|CasosControllerExtension.QUEUE_CREDITO_FRAUDES|String|false|true
13:02:12.0 (5479264)|VARIABLE_SCOPE_BEGIN|[20]|CasosControllerExtension.RT_FIGITAL|String|false|true
13:02:12.0 (5486000)|VARIABLE_SCOPE_BEGIN|[19]|CasosControllerExtension.RT_RIESGOS|String|false|true
13:02:12.0 (5491566)|VARIABLE_SCOPE_BEGIN|[17]|CasosControllerExtension.ST_ASIGNADA|String|false|true
13:02:12.0 (5497118)|VARIABLE_SCOPE_BEGIN|[15]|CasosControllerExtension.ST_AUTORIZADA|String|false|true
13:02:12.0 (5502734)|VARIABLE_SCOPE_BEGIN|[18]|CasosControllerExtension.ST_CERRADO|String|false|true
13:02:12.0 (5508382)|VARIABLE_SCOPE_BEGIN|[16]|CasosControllerExtension.ST_NUEVO|String|false|true
13:02:12.0 (5682810)|HEAP_ALLOCATE|[95]|Bytes:3
13:02:12.0 (5761257)|HEAP_ALLOCATE|[100]|Bytes:152
13:02:12.0 (5780425)|HEAP_ALLOCATE|[417]|Bytes:408
13:02:12.0 (5796215)|HEAP_ALLOCATE|[430]|Bytes:408
13:02:12.0 (5828367)|HEAP_ALLOCATE|[317]|Bytes:6
13:02:12.0 (5844895)|HEAP_ALLOCATE|[EXTERNAL]|Bytes:11
13:02:12.0 (5880614)|METHOD_ENTRY|[13]|01p3l000005qcOV|CasosControllerExtension.CasosControllerExtension()
13:02:12.0 (5895300)|STATEMENT_EXECUTE|[13]
13:02:12.0 (5904392)|STATEMENT_EXECUTE|[13]
13:02:12.0 (5929689)|HEAP_ALLOCATE|[68]|Bytes:5
13:02:12.0 (5972369)|HEAP_ALLOCATE|[74]|Bytes:5
13:02:12.0 (5979698)|HEAP_ALLOCATE|[82]|Bytes:7
13:02:12.0 (6211400)|HEAP_ALLOCATE|[15]|Bytes:5
13:02:12.0 (6220705)|STATEMENT_EXECUTE|[15]
13:02:12.0 (6224085)|HEAP_ALLOCATE|[15]|Bytes:12
13:02:12.0 (6321883)|VARIABLE_ASSIGNMENT|[15]|CasosControllerExtension.ST_AUTORIZADA|"Autorización"
13:02:12.0 (6326276)|STATEMENT_EXECUTE|[16]
13:02:12.0 (6327738)|HEAP_ALLOCATE|[16]|Bytes:3
13:02:12.0 (6333515)|VARIABLE_ASSIGNMENT|[16]|CasosControllerExtension.ST_NUEVO|"New"
13:02:12.0 (6335633)|STATEMENT_EXECUTE|[17]
13:02:12.0 (6336790)|HEAP_ALLOCATE|[17]|Bytes:8
13:02:12.0 (6340448)|VARIABLE_ASSIGNMENT|[17]|CasosControllerExtension.ST_ASIGNADA|"Asignada"
13:02:12.0 (6342643)|STATEMENT_EXECUTE|[18]
13:02:12.0 (6343620)|HEAP_ALLOCATE|[18]|Bytes:7
13:02:12.0 (6346970)|VARIABLE_ASSIGNMENT|[18]|CasosControllerExtension.ST_CERRADO|"Cerrado"
13:02:12.0 (6348875)|STATEMENT_EXECUTE|[19]
13:02:12.0 (6350490)|HEAP_ALLOCATE|[19]|Bytes:19
13:02:12.0 (6354368)|VARIABLE_ASSIGNMENT|[19]|CasosControllerExtension.RT_RIESGOS|"Riesgos_Originaci_n"
13:02:12.0 (6356420)|STATEMENT_EXECUTE|[20]
13:02:12.0 (6357788)|HEAP_ALLOCATE|[20]|Bytes:18
13:02:12.0 (6361131)|VARIABLE_ASSIGNMENT|[20]|CasosControllerExtension.RT_FIGITAL|"BackOffice_Figital"
13:02:12.0 (6362968)|STATEMENT_EXECUTE|[21]
13:02:12.0 (6363963)|HEAP_ALLOCATE|[21]|Bytes:26
13:02:12.0 (6369133)|VARIABLE_ASSIGNMENT|[21]|CasosControllerExtension.QUEUE_CREDITO_FRAUDES|"BackOffice Credito/F (6 more) ..."
13:02:12.0 (6391068)|METHOD_EXIT|[13]|CasosControllerExtension
13:02:12.0 (6407708)|HEAP_ALLOCATE|[43]|Bytes:5
13:02:12.0 (6411364)|STATEMENT_EXECUTE|[41]
13:02:12.0 (6412617)|STATEMENT_EXECUTE|[43]
13:02:12.0 (6435064)|HEAP_ALLOCATE|[43]|Bytes:4
13:02:12.0 (6453500)|VARIABLE_SCOPE_BEGIN|[43]|mapResult|Map<String,ANY>|true|false
13:02:12.0 (6484765)|VARIABLE_ASSIGNMENT|[43]|mapResult|{}|0x620f6520
13:02:12.0 (6488294)|STATEMENT_EXECUTE|[45]
13:02:12.0 (6509184)|METHOD_ENTRY|[45]|01p3l000005qcOV|CasosControllerExtension.getProfileName()
13:02:12.0 (6540353)|HEAP_ALLOCATE|[29]|Bytes:5
13:02:12.0 (6543215)|STATEMENT_EXECUTE|[27]
13:02:12.0 (6544292)|STATEMENT_EXECUTE|[29]
13:02:12.0 (6591917)|HEAP_ALLOCATE|[29]|Bytes:105
13:02:12.0 (6599566)|SYSTEM_METHOD_ENTRY|[1]|UserInfo.UserInfo()
13:02:12.0 (6601792)|STATEMENT_EXECUTE|[1]
13:02:12.0 (6606713)|SYSTEM_METHOD_EXIT|[1]|UserInfo
13:02:12.0 (6614099)|METHOD_ENTRY|[29]||System.UserInfo.getProfileId()
13:02:12.0 (8589962)|METHOD_EXIT|[29]||System.UserInfo.getProfileId()
13:02:12.0 (8756054)|HEAP_ALLOCATE|[29]|Bytes:4
13:02:12.0 (8771165)|VARIABLE_SCOPE_BEGIN|[29]|profileId|Id|false|false
13:02:12.0 (9006117)|VARIABLE_ASSIGNMENT|[29]|profileId|"00e1N000001u1HIQAY"
13:02:12.0 (9012080)|STATEMENT_EXECUTE|[30]
13:02:12.0 (9016010)|HEAP_ALLOCATE|[30]|Bytes:48
13:02:12.0 (9034657)|HEAP_ALLOCATE|[30]|Bytes:4
13:02:12.0 (9043305)|HEAP_ALLOCATE|[30]|Bytes:7
13:02:12.0 (11272709)|SOQL_EXECUTE_BEGIN|[30]|Aggregations:0|SELECT Id, Name FROM Profile WHERE Id = :tmpVar1
13:02:12.0 (17158583)|SOQL_EXECUTE_END|[30]|Rows:1
13:02:12.0 (17192375)|HEAP_ALLOCATE|[30]|Bytes:8
13:02:12.0 (17214761)|HEAP_ALLOCATE|[30]|Bytes:57
13:02:12.0 (17346500)|HEAP_ALLOCATE|[30]|Bytes:8
13:02:12.0 (17363309)|HEAP_ALLOCATE|[30]|Bytes:33
13:02:12.0 (17455157)|HEAP_ALLOCATE|[30]|Bytes:12
13:02:12.0 (17493851)|VARIABLE_SCOPE_BEGIN|[30]|profileName|String|false|false
13:02:12.0 (17512456)|VARIABLE_ASSIGNMENT|[30]|profileName|"System Administrator"
13:02:12.0 (17515816)|STATEMENT_EXECUTE|[32]
13:02:12.0 (17532375)|METHOD_EXIT|[45]|01p3l000005qcOV|CasosControllerExtension.getProfileName()
13:02:12.0 (17537050)|VARIABLE_SCOPE_BEGIN|[45]|profileName|String|false|false
13:02:12.0 (17541077)|VARIABLE_ASSIGNMENT|[45]|profileName|"System Administrator"
13:02:12.0 (17543257)|STATEMENT_EXECUTE|[47]
13:02:12.0 (17545052)|HEAP_ALLOCATE|[47]|Bytes:4
13:02:12.0 (17962603)|HEAP_ALLOCATE|[47]|Bytes:4
13:02:12.0 (19773734)|HEAP_ALLOCATE|[47]|Bytes:408
13:02:12.0 (19866572)|HEAP_ALLOCATE|[47]|Bytes:4
13:02:12.0 (19881044)|HEAP_ALLOCATE|[47]|Bytes:18
13:02:12.0 (19885647)|VARIABLE_SCOPE_BEGIN|[47]|idRecordTypeCredito|String|false|false
13:02:12.0 (19900833)|VARIABLE_ASSIGNMENT|[47]|idRecordTypeCredito|"0123l000001M9F8AAK"
13:02:12.0 (19904686)|STATEMENT_EXECUTE|[48]
13:02:12.0 (19984410)|HEAP_ALLOCATE|[48]|Bytes:4
13:02:12.0 (21027642)|HEAP_ALLOCATE|[48]|Bytes:408
13:02:12.0 (21058681)|HEAP_ALLOCATE|[48]|Bytes:4
13:02:12.0 (21064016)|HEAP_ALLOCATE|[48]|Bytes:18
13:02:12.0 (21067721)|VARIABLE_SCOPE_BEGIN|[48]|idRecordTypeFigital|String|false|false
13:02:12.0 (21078974)|VARIABLE_ASSIGNMENT|[48]|idRecordTypeFigital|"0123l0000019LkKAAU"
13:02:12.0 (21081696)|STATEMENT_EXECUTE|[50]
13:02:12.0 (21084102)|HEAP_ALLOCATE|[50]|Bytes:737
13:02:12.0 (21093691)|HEAP_ALLOCATE|[50]|Bytes:4
13:02:12.0 (21106283)|HEAP_ALLOCATE|[50]|Bytes:7
13:02:12.0 (21111041)|HEAP_ALLOCATE|[50]|Bytes:7
13:02:12.0 (21114501)|HEAP_ALLOCATE|[50]|Bytes:7
13:02:12.0 (21117508)|HEAP_ALLOCATE|[50]|Bytes:7
13:02:12.0 (21120221)|HEAP_ALLOCATE|[50]|Bytes:7
13:02:12.0 (22940113)|SOQL_EXECUTE_BEGIN|[50]|Aggregations:0|SELECT Id, CaseNumber, ID_Solicitud__c, Nombre_s__c, Primer_Apellido__c, Segundo_Apellido__c, CreatedDate, Status, Tiempo_en_Proceso__c, OwnerId, Owner.Name, Fecha_y_hora_de_solicitud_en_an_lisis__c, Tiempo_en_An_lisis__c, Solicitud_Repetida__c, Solicitud_de_cancelaci_n__c, C_digo_Postal_Direcci_n_Otros__c, Validar_Movimientos__c, Publicidad__c, Bloqueo_de_Tarjeta_por_Cancelaci_n__c, Canal_origen__c, Fecha_y_hora_de_solicitud_en_Nuevo__c FROM Case WHERE ((Status = :tmpVar1 OR Status = :tmpVar2 OR Status = :tmpVar3) AND (RecordTypeId = :tmpVar4 OR RecordTypeId = :tmpVar5) AND Owner.Name != :tmpVar6 AND OcultarBO__c != TRUE) ORDER BY RecordType.DeveloperName DESC NULLS FIRST, Fecha_y_hora_de_solicitud_en_Nuevo__c DESC NULLS FIRST
13:02:12.0 (100256495)|SOQL_EXECUTE_END|[50]|Rows:293
13:02:12.0 (100293214)|HEAP_ALLOCATE|[50]|Bytes:1176
13:02:12.0 (101261673)|HEAP_ALLOCATE|[50]|Bytes:176350
13:02:12.0 (101397548)|HEAP_ALLOCATE|[50]|Bytes:1176
13:02:12.0 (101427100)|VARIABLE_SCOPE_BEGIN|[50]|listaCasos|List<Case>|true|false
13:02:12.0 (101498192)|VARIABLE_ASSIGNMENT|[50]|listaCasos|"List of size 293 too large to display"|0x55469ff1
13:02:12.0 (101502646)|STATEMENT_EXECUTE|[61]
13:02:12.0 (101508619)|HEAP_ALLOCATE|[61]|Bytes:95
13:02:12.0 (101529013)|HEAP_ALLOCATE|[61]|Bytes:4
13:02:12.0 (103536063)|SOQL_EXECUTE_BEGIN|[61]|Aggregations:0|SELECT MasterLabel, Canal_Origen__c, Segundos__c, Semaforo__c FROM Semaforo_Riesgos_Inicio__mdt
13:02:12.0 (111901375)|SOQL_EXECUTE_END|[61]|Rows:6
13:02:12.0 (111932966)|HEAP_ALLOCATE|[61]|Bytes:28
13:02:12.0 (111962662)|HEAP_ALLOCATE|[61]|Bytes:871
13:02:12.0 (112058320)|HEAP_ALLOCATE|[61]|Bytes:28
13:02:12.0 (112079979)|VARIABLE_SCOPE_BEGIN|[61]|lstSemaforoRiesgos|List<Semaforo_Riesgos_Inicio__mdt>|true|false
13:02:12.0 (112102728)|VARIABLE_ASSIGNMENT|[61]|lstSemaforoRiesgos|"List of size 6 too large to display"|0x48a5187e
13:02:12.0 (112106761)|STATEMENT_EXECUTE|[63]
13:02:12.0 (112111027)|HEAP_ALLOCATE|[63]|Bytes:10
13:02:12.0 (112188455)|HEAP_ALLOCATE|[EXTERNAL]|Bytes:-4
13:02:12.0 (112196003)|STATEMENT_EXECUTE|[64]
13:02:12.0 (112197705)|HEAP_ALLOCATE|[64]|Bytes:11
13:02:12.0 (112209018)|HEAP_ALLOCATE|[EXTERNAL]|Bytes:-4
13:02:12.0 (112211708)|STATEMENT_EXECUTE|[65]
13:02:12.0 (112212843)|HEAP_ALLOCATE|[65]|Bytes:18
13:02:12.0 (112220584)|HEAP_ALLOCATE|[EXTERNAL]|Bytes:-4
13:02:12.0 (112223263)|STATEMENT_EXECUTE|[67]
13:02:12.112 (112307148)|CUMULATIVE_LIMIT_USAGE
13:02:12.112 (112307148)|LIMIT_USAGE_FOR_NS|(default)|
  Number of SOQL queries: 2 out of 100
  Number of query rows: 300 out of 50000
  Number of SOSL queries: 0 out of 20
  Number of DML statements: 0 out of 150
  Number of Publish Immediate DML: 0 out of 150
  Number of DML rows: 0 out of 10000
  Maximum CPU time: 0 out of 10000
  Maximum heap size: 0 out of 6000000
  Number of callouts: 0 out of 100
  Number of Email Invocations: 0 out of 10
  Number of future calls: 0 out of 50
  Number of queueable jobs added to the queue: 0 out of 50
  Number of Mobile Apex push calls: 0 out of 10

13:02:12.112 (112307148)|CUMULATIVE_LIMIT_USAGE_END

13:02:12.0 (112449313)|CODE_UNIT_FINISHED|CasosControllerExtension.obtenerCasos()
13:02:12.0 (117318510)|CODE_UNIT_FINISHED|apex://CasosControllerExtension/ACTION$obtenerCasos
13:02:12.0 (117350079)|EXECUTION_FINISHED
