66.0 APEX_CODE,FINEST;APEX_PROFILING,INFO;CALLOUT,INFO;DATA_ACCESS,INFO;DB,INFO;NBA,INFO;SYSTEM,DEBUG;VALIDATION,INFO;VISUALFORCE,INFO;WAVE,INFO;WORKFLOW,INFO
11:47:15.1 (1006444)|USER_INFO|[EXTERNAL]|0050v0000034lag|albeltransa@falabella.com.mx.admin.uat|(GMT-06:00) Central Standard Time (America/Mexico_City)|GMT-06:00
11:47:15.1 (1042725)|EXECUTION_STARTED
11:47:15.1 (1051184)|CODE_UNIT_STARTED|[EXTERNAL]|apex://CasosControllerExtension/ACTION$obtenerCasos
11:47:15.1 (4436886)|CODE_UNIT_STARTED|[EXTERNAL]|01p0v000003PcLg|CasosControllerExtension.obtenerCasos()
11:47:15.1 (4669352)|VARIABLE_SCOPE_BEGIN|[21]|CasosControllerExtension.QUEUE_CREDITO_FRAUDES|String|false|true
11:47:15.1 (4712085)|VARIABLE_SCOPE_BEGIN|[20]|CasosControllerExtension.RT_FIGITAL|String|false|true
11:47:15.1 (4715867)|VARIABLE_SCOPE_BEGIN|[19]|CasosControllerExtension.RT_RIESGOS|String|false|true
11:47:15.1 (4719295)|VARIABLE_SCOPE_BEGIN|[17]|CasosControllerExtension.ST_ASIGNADA|String|false|true
11:47:15.1 (4722433)|VARIABLE_SCOPE_BEGIN|[15]|CasosControllerExtension.ST_AUTORIZADA|String|false|true
11:47:15.1 (4725634)|VARIABLE_SCOPE_BEGIN|[18]|CasosControllerExtension.ST_CERRADO|String|false|true
11:47:15.1 (4728961)|VARIABLE_SCOPE_BEGIN|[16]|CasosControllerExtension.ST_NUEVO|String|false|true
11:47:15.1 (4877281)|HEAP_ALLOCATE|[95]|Bytes:3
11:47:15.1 (4984443)|HEAP_ALLOCATE|[100]|Bytes:152
11:47:15.1 (4997039)|HEAP_ALLOCATE|[417]|Bytes:408
11:47:15.1 (5007903)|HEAP_ALLOCATE|[430]|Bytes:408
11:47:15.1 (5027917)|HEAP_ALLOCATE|[317]|Bytes:6
11:47:15.1 (5038233)|HEAP_ALLOCATE|[EXTERNAL]|Bytes:11
11:47:15.1 (5061942)|METHOD_ENTRY|[13]|01p0v000003PcLg|CasosControllerExtension.CasosControllerExtension()
11:47:15.1 (5074750)|STATEMENT_EXECUTE|[13]
11:47:15.1 (5082711)|STATEMENT_EXECUTE|[13]
11:47:15.1 (5101580)|HEAP_ALLOCATE|[68]|Bytes:5
11:47:15.1 (5132015)|HEAP_ALLOCATE|[74]|Bytes:5
11:47:15.1 (5136816)|HEAP_ALLOCATE|[82]|Bytes:7
11:47:15.1 (5300720)|HEAP_ALLOCATE|[15]|Bytes:5
11:47:15.1 (5306025)|STATEMENT_EXECUTE|[15]
11:47:15.1 (5308105)|HEAP_ALLOCATE|[15]|Bytes:12
11:47:15.1 (5396164)|VARIABLE_ASSIGNMENT|[15]|CasosControllerExtension.ST_AUTORIZADA|"Autorización"
11:47:15.1 (5400146)|STATEMENT_EXECUTE|[16]
11:47:15.1 (5401723)|HEAP_ALLOCATE|[16]|Bytes:3
11:47:15.1 (5407111)|VARIABLE_ASSIGNMENT|[16]|CasosControllerExtension.ST_NUEVO|"New"
11:47:15.1 (5409300)|STATEMENT_EXECUTE|[17]
11:47:15.1 (5410226)|HEAP_ALLOCATE|[17]|Bytes:8
11:47:15.1 (5413804)|VARIABLE_ASSIGNMENT|[17]|CasosControllerExtension.ST_ASIGNADA|"Asignada"
11:47:15.1 (5415716)|STATEMENT_EXECUTE|[18]
11:47:15.1 (5416593)|HEAP_ALLOCATE|[18]|Bytes:7
11:47:15.1 (5420150)|VARIABLE_ASSIGNMENT|[18]|CasosControllerExtension.ST_CERRADO|"Cerrado"
11:47:15.1 (5421946)|STATEMENT_EXECUTE|[19]
11:47:15.1 (5423274)|HEAP_ALLOCATE|[19]|Bytes:19
11:47:15.1 (5426891)|VARIABLE_ASSIGNMENT|[19]|CasosControllerExtension.RT_RIESGOS|"Riesgos_Originaci_n"
11:47:15.1 (5441668)|STATEMENT_EXECUTE|[20]
11:47:15.1 (5442943)|HEAP_ALLOCATE|[20]|Bytes:18
11:47:15.1 (5447378)|VARIABLE_ASSIGNMENT|[20]|CasosControllerExtension.RT_FIGITAL|"BackOffice_Figital"
11:47:15.1 (5449332)|STATEMENT_EXECUTE|[21]
11:47:15.1 (5450386)|HEAP_ALLOCATE|[21]|Bytes:26
11:47:15.1 (5455654)|VARIABLE_ASSIGNMENT|[21]|CasosControllerExtension.QUEUE_CREDITO_FRAUDES|"BackOffice Credito/F (6 more) ..."
11:47:15.1 (5469441)|METHOD_EXIT|[13]|CasosControllerExtension
11:47:15.1 (5486822)|HEAP_ALLOCATE|[43]|Bytes:5
11:47:15.1 (5489485)|STATEMENT_EXECUTE|[41]
11:47:15.1 (5490401)|STATEMENT_EXECUTE|[43]
11:47:15.1 (5503338)|HEAP_ALLOCATE|[43]|Bytes:4
11:47:15.1 (5518216)|VARIABLE_SCOPE_BEGIN|[43]|mapResult|Map<String,ANY>|true|false
11:47:15.1 (5551417)|VARIABLE_ASSIGNMENT|[43]|mapResult|{}|0x3a9b5d12
11:47:15.1 (5554306)|STATEMENT_EXECUTE|[45]
11:47:15.1 (5570175)|METHOD_ENTRY|[45]|01p0v000003PcLg|CasosControllerExtension.getProfileName()
11:47:15.1 (5602236)|HEAP_ALLOCATE|[29]|Bytes:5
11:47:15.1 (5604475)|STATEMENT_EXECUTE|[27]
11:47:15.1 (5605385)|STATEMENT_EXECUTE|[29]
11:47:15.1 (5650543)|HEAP_ALLOCATE|[29]|Bytes:105
11:47:15.1 (5661115)|SYSTEM_METHOD_ENTRY|[1]|UserInfo.UserInfo()
11:47:15.1 (5662911)|STATEMENT_EXECUTE|[1]
11:47:15.1 (5667759)|SYSTEM_METHOD_EXIT|[1]|UserInfo
11:47:15.1 (5681205)|METHOD_ENTRY|[29]||System.UserInfo.getProfileId()
11:47:15.1 (8179280)|METHOD_EXIT|[29]||System.UserInfo.getProfileId()
11:47:15.1 (8326780)|HEAP_ALLOCATE|[29]|Bytes:4
11:47:15.1 (8339571)|VARIABLE_SCOPE_BEGIN|[29]|profileId|Id|false|false
11:47:15.1 (8828744)|VARIABLE_ASSIGNMENT|[29]|profileId|"00e1N000001u1HIQAY"
11:47:15.1 (8879015)|STATEMENT_EXECUTE|[30]
11:47:15.1 (8953207)|HEAP_ALLOCATE|[30]|Bytes:48
11:47:15.1 (8976505)|HEAP_ALLOCATE|[30]|Bytes:4
11:47:15.1 (9067168)|HEAP_ALLOCATE|[30]|Bytes:7
11:47:15.1 (14673968)|SOQL_EXECUTE_BEGIN|[30]|Aggregations:0|SELECT Id, Name FROM Profile WHERE Id = :tmpVar1
11:47:15.1 (26200129)|SOQL_EXECUTE_END|[30]|Rows:1
11:47:15.1 (26244412)|HEAP_ALLOCATE|[30]|Bytes:8
11:47:15.1 (26286309)|HEAP_ALLOCATE|[30]|Bytes:57
11:47:15.1 (26467430)|HEAP_ALLOCATE|[30]|Bytes:8
11:47:15.1 (26501108)|HEAP_ALLOCATE|[30]|Bytes:33
11:47:15.1 (26594102)|HEAP_ALLOCATE|[30]|Bytes:12
11:47:15.1 (26647236)|VARIABLE_SCOPE_BEGIN|[30]|profileName|String|false|false
11:47:15.1 (26676410)|VARIABLE_ASSIGNMENT|[30]|profileName|"System Administrator"
11:47:15.1 (26683337)|STATEMENT_EXECUTE|[32]
11:47:15.1 (26708232)|METHOD_EXIT|[45]|01p0v000003PcLg|CasosControllerExtension.getProfileName()
11:47:15.1 (26716002)|VARIABLE_SCOPE_BEGIN|[45]|profileName|String|false|false
11:47:15.1 (26723040)|VARIABLE_ASSIGNMENT|[45]|profileName|"System Administrator"
11:47:15.1 (26726146)|STATEMENT_EXECUTE|[47]
11:47:15.1 (26728212)|HEAP_ALLOCATE|[47]|Bytes:4
11:47:15.1 (27311716)|HEAP_ALLOCATE|[47]|Bytes:4
11:47:15.1 (30139983)|HEAP_ALLOCATE|[47]|Bytes:412
11:47:15.1 (30268074)|HEAP_ALLOCATE|[47]|Bytes:4
11:47:15.1 (30288499)|HEAP_ALLOCATE|[47]|Bytes:18
11:47:15.1 (30294517)|VARIABLE_SCOPE_BEGIN|[47]|idRecordTypeCredito|String|false|false
11:47:15.1 (30313713)|VARIABLE_ASSIGNMENT|[47]|idRecordTypeCredito|"0120v000000fwTjAAI"
11:47:15.1 (30321013)|STATEMENT_EXECUTE|[48]
11:47:15.1 (30448970)|HEAP_ALLOCATE|[48]|Bytes:4
11:47:15.1 (32006669)|HEAP_ALLOCATE|[48]|Bytes:412
11:47:15.1 (32077780)|HEAP_ALLOCATE|[48]|Bytes:4
11:47:15.1 (32087682)|HEAP_ALLOCATE|[48]|Bytes:18
11:47:15.1 (32095067)|VARIABLE_SCOPE_BEGIN|[48]|idRecordTypeFigital|String|false|false
11:47:15.1 (32112385)|VARIABLE_ASSIGNMENT|[48]|idRecordTypeFigital|"0120v000000pcRFAAY"
11:47:15.1 (32117182)|STATEMENT_EXECUTE|[50]
11:47:15.1 (32121521)|HEAP_ALLOCATE|[50]|Bytes:737
11:47:15.1 (32137868)|HEAP_ALLOCATE|[50]|Bytes:4
11:47:15.1 (32157640)|HEAP_ALLOCATE|[50]|Bytes:7
11:47:15.1 (32163821)|HEAP_ALLOCATE|[50]|Bytes:7
11:47:15.1 (32169201)|HEAP_ALLOCATE|[50]|Bytes:7
11:47:15.1 (32173568)|HEAP_ALLOCATE|[50]|Bytes:7
11:47:15.1 (32179792)|HEAP_ALLOCATE|[50]|Bytes:7
11:47:15.1 (40645034)|SOQL_EXECUTE_BEGIN|[50]|Aggregations:0|SELECT Id, CaseNumber, ID_Solicitud__c, Nombre_s__c, Primer_Apellido__c, Segundo_Apellido__c, CreatedDate, Status, Tiempo_en_Proceso__c, OwnerId, Owner.Name, Fecha_y_hora_de_solicitud_en_an_lisis__c, Tiempo_en_An_lisis__c, Solicitud_Repetida__c, Solicitud_de_cancelaci_n__c, C_digo_Postal_Direcci_n_Otros__c, Validar_Movimientos__c, Publicidad__c, Bloqueo_de_Tarjeta_por_Cancelaci_n__c, Canal_origen__c, Fecha_y_hora_de_solicitud_en_Nuevo__c FROM Case WHERE ((Status = :tmpVar1 OR Status = :tmpVar2 OR Status = :tmpVar3) AND (RecordTypeId = :tmpVar4 OR RecordTypeId = :tmpVar5) AND Owner.Name != :tmpVar6 AND OcultarBO__c != TRUE) ORDER BY RecordType.DeveloperName DESC NULLS FIRST, Fecha_y_hora_de_solicitud_en_Nuevo__c DESC NULLS FIRST
11:47:15.1 (178066865)|SOQL_EXECUTE_END|[50]|Rows:701
11:47:15.1 (178101388)|HEAP_ALLOCATE|[50]|Bytes:2808
11:47:15.1 (180171339)|HEAP_ALLOCATE|[50]|Bytes:429701
11:47:15.1 (180269769)|HEAP_ALLOCATE|[50]|Bytes:2808
11:47:15.1 (180292571)|VARIABLE_SCOPE_BEGIN|[50]|listaCasos|List<Case>|true|false
11:47:15.1 (180323530)|VARIABLE_ASSIGNMENT|[50]|listaCasos|"List of size 701 too large to display"|0x700b8486
11:47:15.1 (180329396)|STATEMENT_EXECUTE|[61]
11:47:15.1 (180334413)|HEAP_ALLOCATE|[61]|Bytes:95
11:47:15.1 (180349157)|HEAP_ALLOCATE|[61]|Bytes:4
11:47:15.1 (181556229)|SOQL_EXECUTE_BEGIN|[61]|Aggregations:0|SELECT MasterLabel, Canal_Origen__c, Segundos__c, Semaforo__c FROM Semaforo_Riesgos_Inicio__mdt
11:47:15.1 (208921430)|SOQL_EXECUTE_END|[61]|Rows:6
11:47:15.1 (208963365)|HEAP_ALLOCATE|[61]|Bytes:28
11:47:15.1 (209007444)|HEAP_ALLOCATE|[61]|Bytes:871
11:47:15.1 (209136467)|HEAP_ALLOCATE|[61]|Bytes:28
11:47:15.1 (209167177)|VARIABLE_SCOPE_BEGIN|[61]|lstSemaforoRiesgos|List<Semaforo_Riesgos_Inicio__mdt>|true|false
11:47:15.1 (209203004)|VARIABLE_ASSIGNMENT|[61]|lstSemaforoRiesgos|"List of size 6 too large to display"|0x3be044e6
11:47:15.1 (209212242)|STATEMENT_EXECUTE|[63]
11:47:15.1 (209221638)|HEAP_ALLOCATE|[63]|Bytes:10
11:47:15.1 (209340320)|HEAP_ALLOCATE|[EXTERNAL]|Bytes:-4
11:47:15.1 (209352769)|STATEMENT_EXECUTE|[64]
11:47:15.1 (209355918)|HEAP_ALLOCATE|[64]|Bytes:11
11:47:15.1 (209374658)|HEAP_ALLOCATE|[EXTERNAL]|Bytes:-4
11:47:15.1 (209379700)|STATEMENT_EXECUTE|[65]
11:47:15.1 (209381406)|HEAP_ALLOCATE|[65]|Bytes:18
11:47:15.1 (209393628)|HEAP_ALLOCATE|[EXTERNAL]|Bytes:-4
11:47:15.1 (209397898)|STATEMENT_EXECUTE|[67]
11:47:15.209 (209475387)|CUMULATIVE_LIMIT_USAGE
11:47:15.209 (209475387)|LIMIT_USAGE_FOR_NS|(default)|
  Number of SOQL queries: 2 out of 100
  Number of query rows: 708 out of 50000
  Number of SOSL queries: 0 out of 20
  Number of DML statements: 0 out of 150
  Number of Publish Immediate DML: 0 out of 150
  Number of DML rows: 0 out of 10000
  Maximum CPU time: 0 out of 10000
  Maximum heap size: 0 out of 6000000
  Number of callouts: 0 out of 100
  Number of Email Invocations: 0 out of 10
  Number of future calls: 0 out of 50
  Number of queueable jobs added to the queue: 0 out of 50
  Number of Mobile Apex push calls: 0 out of 10

11:47:15.209 (209475387)|CUMULATIVE_LIMIT_USAGE_END

11:47:15.1 (209539428)|CODE_UNIT_FINISHED|CasosControllerExtension.obtenerCasos()
11:47:15.1 (228815406)|CODE_UNIT_FINISHED|apex://CasosControllerExtension/ACTION$obtenerCasos
11:47:15.1 (228837559)|EXECUTION_FINISHED
