52.0 APEX_CODE,FINEST;APEX_PROFILING,INFO;CALLOUT,INFO;DATA_ACCESS,INFO;DB,INFO;NBA,INFO;SYSTEM,DEBUG;VALIDATION,INFO;VISUALFORCE,INFO;WAVE,INFO;WORKFLOW,INFO
18:09:04.0 (258661)|USER_INFO|[EXTERNAL]|0051N000008bAK9|contingenciafalabella@falabella.com.mx|(GMT-06:00) Central Standard Time (America/Mexico_City)|GMT-06:00
18:09:04.0 (338942)|EXECUTION_STARTED
18:09:04.0 (365517)|CODE_UNIT_STARTED|[EXTERNAL]|01p3l00000EBsec|BatchUpdateCaseGestorBO
18:09:04.0 (1619724)|HEAP_ALLOCATE|[95]|Bytes:3
18:09:04.0 (1699056)|HEAP_ALLOCATE|[100]|Bytes:152
18:09:04.0 (1713320)|HEAP_ALLOCATE|[417]|Bytes:408
18:09:04.0 (1724061)|HEAP_ALLOCATE|[430]|Bytes:408
18:09:04.0 (1743671)|HEAP_ALLOCATE|[317]|Bytes:6
18:09:04.0 (2097666)|HEAP_ALLOCATE|[EXTERNAL]|Bytes:98
18:09:04.0 (2504182)|HEAP_ALLOCATE|[EXTERNAL]|Bytes:11
18:09:04.0 (2518827)|SYSTEM_METHOD_ENTRY|[15]|BatchableContextImpl.BatchableContextImpl()
18:09:04.0 (2527360)|STATEMENT_EXECUTE|[15]
18:09:04.0 (2535393)|SYSTEM_METHOD_EXIT|[15]|BatchableContextImpl
18:09:04.0 (2544408)|HEAP_ALLOCATE|[EXTERNAL]|Bytes:12
18:09:04.0 (2547493)|HEAP_ALLOCATE|[EXTERNAL]|Bytes:4
18:09:04.0 (2551445)|VARIABLE_SCOPE_BEGIN|[31]|this|Database.BatchableContextImpl|true|false
18:09:04.0 (2607286)|VARIABLE_ASSIGNMENT|[31]|this|{}|0x1f8a2b9
18:09:04.0 (2611129)|VARIABLE_SCOPE_BEGIN|[31]|jobId|Id|false|false
18:09:04.0 (2687768)|VARIABLE_ASSIGNMENT|[31]|jobId|"707RQ00001vVcw4YAC"
18:09:04.0 (2690641)|VARIABLE_SCOPE_BEGIN|[31]|childJobId|Id|false|false
18:09:04.0 (2696253)|VARIABLE_ASSIGNMENT|[31]|childJobId|null
18:09:04.0 (18909599)|HEAP_ALLOCATE|[EXTERNAL]|Bytes:99
18:09:04.0 (18929570)|HEAP_ALLOCATE|[EXTERNAL]|Bytes:12
18:09:04.0 (18959936)|METHOD_ENTRY|[11]|01p3l00000EBsec|BatchUpdateCaseGestorBO.BatchUpdateCaseGestorBO()
18:09:04.0 (18971365)|STATEMENT_EXECUTE|[11]
18:09:04.0 (18977284)|STATEMENT_EXECUTE|[11]
18:09:04.0 (18982813)|METHOD_EXIT|[11]|BatchUpdateCaseGestorBO
18:09:04.0 (18986739)|HEAP_ALLOCATE|[EXTERNAL]|Bytes:20
18:09:04.0 (18989386)|HEAP_ALLOCATE|[EXTERNAL]|Bytes:12
18:09:04.0 (18996010)|VARIABLE_SCOPE_BEGIN|[108]|this|BatchUpdateCaseGestorBO|true|false
18:09:04.0 (19046467)|VARIABLE_ASSIGNMENT|[108]|this|{"idQueueFraudesCredito":"00G3l000004HYBREA4","intCallMSAttempts":3,"lstRecordTypesBO":"0x66bbe45a","lstRequestsWithError":"0x1ea24dbb"}|0x438ec6fd
18:09:04.0 (19051150)|VARIABLE_SCOPE_BEGIN|[108]|BC|Database.BatchableContext|true|false
18:09:04.0 (19137084)|VARIABLE_ASSIGNMENT|[108]|BC|{"jobId":"707RQ00001vVcw4YAC"}|0x1f8a2b9
18:09:04.0 (19146126)|STATEMENT_EXECUTE|[108]
18:09:04.0 (19196435)|STATEMENT_EXECUTE|[111]
18:09:04.37 (37962528)|CUMULATIVE_LIMIT_USAGE
18:09:04.37 (37962528)|LIMIT_USAGE_FOR_NS|(default)|
  Number of SOQL queries: 0 out of 200
  Number of query rows: 0 out of 50000
  Number of SOSL queries: 0 out of 20
  Number of DML statements: 0 out of 150
  Number of Publish Immediate DML: 0 out of 150
  Number of DML rows: 0 out of 10000
  Maximum CPU time: 0 out of 60000
  Maximum heap size: 0 out of 12000000
  Number of callouts: 0 out of 0
  Number of Email Invocations: 0 out of 10
  Number of future calls: 0 out of 0
  Number of queueable jobs added to the queue: 0 out of 1
  Number of Mobile Apex push calls: 0 out of 10

18:09:04.37 (37962528)|CUMULATIVE_LIMIT_USAGE_END

18:09:04.0 (38077954)|CODE_UNIT_FINISHED|BatchUpdateCaseGestorBO
18:09:04.0 (38101004)|EXECUTION_FINISHED
