66.0 APEX_CODE,FINEST;APEX_PROFILING,INFO;CALLOUT,INFO;DATA_ACCESS,INFO;DB,INFO;NBA,INFO;SYSTEM,DEBUG;VALIDATION,INFO;VISUALFORCE,INFO;WAVE,INFO;WORKFLOW,INFO
11:22:02.0 (160655)|USER_INFO|[EXTERNAL]|0050v0000034lag|albeltransa@falabella.com.mx.admin.uat|(GMT-06:00) Central Standard Time (America/Mexico_City)|GMT-06:00
11:22:02.0 (215297)|EXECUTION_STARTED
11:22:02.0 (225984)|CODE_UNIT_STARTED|[EXTERNAL]|apex://AuthenticateCampaniasController/ACTION$configuracionAumentoDeLinea
11:22:02.0 (1644717)|CODE_UNIT_STARTED|[EXTERNAL]|01p0v000003MXir|AuthenticateCampaniasController.configuracionAumentoDeLinea()
11:22:02.0 (1910715)|HEAP_ALLOCATE|[95]|Bytes:3
11:22:02.0 (2021244)|HEAP_ALLOCATE|[100]|Bytes:152
11:22:02.0 (2038595)|HEAP_ALLOCATE|[417]|Bytes:408
11:22:02.0 (2056728)|HEAP_ALLOCATE|[430]|Bytes:408
11:22:02.0 (2090342)|HEAP_ALLOCATE|[317]|Bytes:6
11:22:02.0 (2104160)|HEAP_ALLOCATE|[EXTERNAL]|Bytes:5
11:22:02.0 (2108087)|HEAP_ALLOCATE|[EXTERNAL]|Bytes:5
11:22:02.0 (2119716)|METHOD_ENTRY|[12]|01p0v000003MXir|AuthenticateCampaniasController.AuthenticateCampaniasController()
11:22:02.0 (2125333)|STATEMENT_EXECUTE|[12]
11:22:02.0 (2132506)|STATEMENT_EXECUTE|[12]
11:22:02.0 (2138148)|METHOD_EXIT|[12]|AuthenticateCampaniasController
11:22:02.0 (2151685)|STATEMENT_EXECUTE|[45]
11:22:02.0 (2152908)|STATEMENT_EXECUTE|[47]
11:22:02.0 (2177501)|HEAP_ALLOCATE|[47]|Bytes:4
11:22:02.0 (2193345)|VARIABLE_SCOPE_BEGIN|[47]|result|Map<String,String>|true|false
11:22:02.0 (2271681)|VARIABLE_ASSIGNMENT|[47]|result|{}|0xddc638a
11:22:02.0 (2282976)|STATEMENT_EXECUTE|[49]
11:22:02.0 (2284994)|HEAP_ALLOCATE|[49]|Bytes:121
11:22:02.0 (2295505)|HEAP_ALLOCATE|[49]|Bytes:4
11:22:02.0 (2300650)|HEAP_ALLOCATE|[49]|Bytes:7
11:22:02.0 (2308714)|HEAP_ALLOCATE|[49]|Bytes:16
11:22:02.0 (2348487)|HEAP_ALLOCATE|[68]|Bytes:5
11:22:02.0 (2376682)|HEAP_ALLOCATE|[74]|Bytes:5
11:22:02.0 (2384626)|HEAP_ALLOCATE|[82]|Bytes:7
11:22:02.0 (4919831)|SOQL_EXECUTE_BEGIN|[49]|Aggregations:0|SELECT Campania_Email__c, Campania_SMS__c FROM Configuracion_Aumento_de_Linea__mdt WHERE DeveloperName = :tmpVar1 LIMIT 1
11:22:02.0 (9674252)|SOQL_EXECUTE_END|[49]|Rows:1
11:22:02.0 (9705511)|HEAP_ALLOCATE|[49]|Bytes:8
11:22:02.0 (9726074)|HEAP_ALLOCATE|[49]|Bytes:120
11:22:02.0 (9867670)|HEAP_ALLOCATE|[49]|Bytes:8
11:22:02.0 (9887655)|HEAP_ALLOCATE|[49]|Bytes:61
11:22:02.0 (9971578)|HEAP_ALLOCATE|[49]|Bytes:16
11:22:02.0 (9979521)|VARIABLE_SCOPE_BEGIN|[49]|aumentoDeLinea|Configuracion_Aumento_de_Linea__mdt|true|false
11:22:02.0 (10065841)|VARIABLE_ASSIGNMENT|[49]|aumentoDeLinea|{"Campania_Email__c":"Incremento de Línea  (11 more) ...","Campania_SMS__c":"Aumento de Línea SMS","Id":"m0F0v0000004aJtEAI"}|0x277e4735
11:22:02.0 (10077243)|STATEMENT_EXECUTE|[51]
11:22:02.0 (10102644)|VARIABLE_SCOPE_BEGIN|[51]|email|String|false|false
11:22:02.0 (10111784)|VARIABLE_ASSIGNMENT|[51]|email|"Incremento de Línea  (11 more) ..."
11:22:02.0 (10117418)|STATEMENT_EXECUTE|[52]
11:22:02.0 (10124302)|VARIABLE_SCOPE_BEGIN|[52]|sms|String|false|false
11:22:02.0 (10131499)|VARIABLE_ASSIGNMENT|[52]|sms|"Aumento de Línea SMS"
11:22:02.0 (10135481)|STATEMENT_EXECUTE|[54]
11:22:02.0 (10137476)|HEAP_ALLOCATE|[54]|Bytes:16
11:22:02.0 (10153002)|HEAP_ALLOCATE|[54]|Bytes:47
11:22:02.0 (10201508)|USER_DEBUG|[54]|DEBUG|Campaña Email:  Incremento de Línea en APP/ WEB
11:22:02.0 (10211547)|STATEMENT_EXECUTE|[55]
11:22:02.0 (10213193)|HEAP_ALLOCATE|[55]|Bytes:14
11:22:02.0 (10217428)|HEAP_ALLOCATE|[55]|Bytes:34
11:22:02.0 (10225960)|USER_DEBUG|[55]|DEBUG|Campaña SMS:  Aumento de Línea SMS
11:22:02.0 (10231501)|STATEMENT_EXECUTE|[57]
11:22:02.0 (10233634)|HEAP_ALLOCATE|[57]|Bytes:5
11:22:02.0 (10274568)|HEAP_ALLOCATE|[EXTERNAL]|Bytes:-4
11:22:02.0 (10281209)|STATEMENT_EXECUTE|[58]
11:22:02.0 (10283188)|HEAP_ALLOCATE|[58]|Bytes:3
11:22:02.0 (10296167)|HEAP_ALLOCATE|[EXTERNAL]|Bytes:-4
11:22:02.0 (10300396)|STATEMENT_EXECUTE|[60]
11:22:02.10 (10361028)|CUMULATIVE_LIMIT_USAGE
11:22:02.10 (10361028)|LIMIT_USAGE_FOR_NS|(default)|
  Number of SOQL queries: 0 out of 100
  Number of query rows: 1 out of 50000
  Number of SOSL queries: 0 out of 20
  Number of DML statements: 0 out of 150
  Number of Publish Immediate DML: 0 out of 150
  Number of DML rows: 0 out of 10000
  Maximum CPU time: 0 out of 10000
  Maximum heap size: 0 out of 6000000
  Number of callouts: 0 out of 100
  Number of Email Invocations: 0 out of 10
  Number of future calls: 0 out of 50
  Number of queueable jobs added to the queue: 0 out of 50
  Number of Mobile Apex push calls: 0 out of 10

11:22:02.10 (10361028)|CUMULATIVE_LIMIT_USAGE_END

11:22:02.0 (10389882)|CODE_UNIT_FINISHED|AuthenticateCampaniasController.configuracionAumentoDeLinea()
11:22:02.0 (10605277)|CODE_UNIT_FINISHED|apex://AuthenticateCampaniasController/ACTION$configuracionAumentoDeLinea
11:22:02.0 (10611193)|EXECUTION_FINISHED
