66.0 APEX_CODE,FINEST;APEX_PROFILING,INFO;CALLOUT,INFO;DATA_ACCESS,INFO;DB,INFO;NBA,INFO;SYSTEM,DEBUG;VALIDATION,INFO;VISUALFORCE,INFO;WAVE,INFO;WORKFLOW,INFO
14:37:20.0 (154061)|USER_INFO|[EXTERNAL]|0051N000005gvau|etrevinofalabella@izeicg.com.uat|(GMT-06:00) Central Standard Time (America/Mexico_City)|GMT-06:00
14:37:20.0 (192411)|EXECUTION_STARTED
14:37:20.0 (202139)|CODE_UNIT_STARTED|[EXTERNAL]|apex://AuthenticateCustomerController/ACTION$getCaseRecordTypesByName
14:37:20.0 (1089443)|CODE_UNIT_STARTED|[EXTERNAL]|01p1N00000DazLB|AuthenticateCustomerController.getCaseRecordTypesByName()
14:37:20.0 (1188470)|VARIABLE_SCOPE_BEGIN|[19]|AuthenticateCustomerController.BE|String|false|true
14:37:20.0 (1357612)|HEAP_ALLOCATE|[95]|Bytes:3
14:37:20.0 (1417817)|HEAP_ALLOCATE|[100]|Bytes:152
14:37:20.0 (1432376)|HEAP_ALLOCATE|[417]|Bytes:408
14:37:20.0 (1443699)|HEAP_ALLOCATE|[430]|Bytes:408
14:37:20.0 (1462352)|HEAP_ALLOCATE|[317]|Bytes:6
14:37:20.0 (1473190)|HEAP_ALLOCATE|[EXTERNAL]|Bytes:13
14:37:20.0 (1476499)|HEAP_ALLOCATE|[EXTERNAL]|Bytes:70
14:37:20.0 (1478245)|HEAP_ALLOCATE|[EXTERNAL]|Bytes:88
14:37:20.0 (1480620)|HEAP_ALLOCATE|[EXTERNAL]|Bytes:2
14:37:20.0 (1512675)|VARIABLE_ASSIGNMENT|[EXTERNAL]|AuthenticateCustomerController.BE|"BE"
14:37:20.0 (1520181)|METHOD_ENTRY|[17]|01p1N00000DazLB|AuthenticateCustomerController.AuthenticateCustomerController()
14:37:20.0 (1526859)|STATEMENT_EXECUTE|[17]
14:37:20.0 (1533086)|STATEMENT_EXECUTE|[17]
14:37:20.0 (1552244)|HEAP_ALLOCATE|[68]|Bytes:5
14:37:20.0 (1603877)|HEAP_ALLOCATE|[74]|Bytes:5
14:37:20.0 (1608795)|HEAP_ALLOCATE|[82]|Bytes:7
14:37:20.0 (1630270)|HEAP_ALLOCATE|[EXTERNAL]|Bytes:5
14:37:20.0 (1633105)|STATEMENT_EXECUTE|[21]
14:37:20.0 (1641352)|METHOD_EXIT|[17]|AuthenticateCustomerController
14:37:20.0 (1659113)|HEAP_ALLOCATE|[271]|Bytes:5
14:37:20.0 (1662229)|STATEMENT_EXECUTE|[269]
14:37:20.0 (1663482)|STATEMENT_EXECUTE|[271]
14:37:20.0 (1678317)|HEAP_ALLOCATE|[271]|Bytes:4
14:37:20.0 (1688179)|VARIABLE_SCOPE_BEGIN|[271]|result|Map<String,String>|true|false
14:37:20.0 (1712863)|VARIABLE_ASSIGNMENT|[271]|result|{}|0x2efb7579
14:37:20.0 (1716152)|STATEMENT_EXECUTE|[273]
14:37:20.0 (1717675)|HEAP_ALLOCATE|[273]|Bytes:4
14:37:20.0 (1866988)|HEAP_ALLOCATE|[273]|Bytes:4
14:37:20.0 (1873765)|VARIABLE_SCOPE_BEGIN|[273]|d|Schema.DescribeSObjectResult|true|false
14:37:20.0 (2082776)|VARIABLE_ASSIGNMENT|[273]|d|"common.api.soap.wsdl.DescribeSObjectResult@79e13239"|0x1e756e5c
14:37:20.0 (2089358)|STATEMENT_EXECUTE|[274]
14:37:20.0 (3399359)|HEAP_ALLOCATE|[274]|Bytes:412
14:37:20.0 (3421180)|VARIABLE_SCOPE_BEGIN|[274]|rtMapByName|Map<String,Schema.RecordTypeInfo>|true|false
14:37:20.0 (3444779)|VARIABLE_ASSIGNMENT|[274]|rtMapByName|"Map of size 102 too large to display"|0x112d9a6d
14:37:20.0 (3492479)|HEAP_ALLOCATE|[276]|Bytes:4
14:37:20.0 (3621226)|HEAP_ALLOCATE|[276]|Bytes:2582
14:37:20.0 (3641593)|HEAP_ALLOCATE|[276]|Bytes:408
14:37:20.0 (3683671)|HEAP_ALLOCATE|[276]|Bytes:5
14:37:20.0 (3700392)|VARIABLE_SCOPE_BEGIN|[276]|key|String|false|false
14:37:20.0 (3709064)|VARIABLE_ASSIGNMENT|[276]|key|"APP"
14:37:20.0 (3713732)|STATEMENT_EXECUTE|[276]
14:37:20.0 (3714924)|STATEMENT_EXECUTE|[278]
14:37:20.0 (3789947)|VARIABLE_SCOPE_BEGIN|[278]|info|Schema.RecordTypeInfo|true|false
14:37:20.0 (3860328)|VARIABLE_ASSIGNMENT|[278]|info|"common.api.soap.wsdl.RecordTypeInfo@f219f932"|0x339ffb3f
14:37:20.0 (3864263)|STATEMENT_EXECUTE|[279]
14:37:20.0 (3882308)|HEAP_ALLOCATE|[279]|Bytes:4
14:37:20.0 (3925967)|HEAP_ALLOCATE|[EXTERNAL]|Bytes:-4
14:37:20.0 (3967920)|HEAP_ALLOCATE|[276]|Bytes:5
14:37:20.0 (3986701)|VARIABLE_SCOPE_BEGIN|[276]|key|String|false|false
14:37:20.0 (3993571)|VARIABLE_ASSIGNMENT|[276]|key|"Abono de Puntos"
14:37:20.0 (3996044)|STATEMENT_EXECUTE|[276]
14:37:20.0 (3997050)|STATEMENT_EXECUTE|[278]
14:37:20.0 (4004164)|VARIABLE_SCOPE_BEGIN|[278]|info|Schema.RecordTypeInfo|true|false
14:37:20.0 (4031655)|VARIABLE_ASSIGNMENT|[278]|info|"common.api.soap.wsdl.RecordTypeInfo@bae8d6e2"|0x62d749e
14:37:20.0 (4034788)|STATEMENT_EXECUTE|[279]
14:37:20.0 (4038176)|HEAP_ALLOCATE|[279]|Bytes:4
14:37:20.0 (4046671)|HEAP_ALLOCATE|[EXTERNAL]|Bytes:-4
14:37:20.0 (4052661)|HEAP_ALLOCATE|[276]|Bytes:5
14:37:20.0 (4057139)|VARIABLE_SCOPE_BEGIN|[276]|key|String|false|false
14:37:20.0 (4063092)|VARIABLE_ASSIGNMENT|[276]|key|"Abono de Puntos (Mód (4 more) ..."
14:37:20.0 (4066268)|STATEMENT_EXECUTE|[276]
14:37:20.0 (4067149)|STATEMENT_EXECUTE|[278]
14:37:20.0 (4071872)|VARIABLE_SCOPE_BEGIN|[278]|info|Schema.RecordTypeInfo|true|false
14:37:20.0 (4090252)|VARIABLE_ASSIGNMENT|[278]|info|"common.api.soap.wsdl.RecordTypeInfo@a9df86c5"|0x7b2e68c4
14:37:20.0 (4093268)|STATEMENT_EXECUTE|[279]
14:37:20.0 (4095372)|HEAP_ALLOCATE|[279]|Bytes:4
14:37:20.0 (4101238)|HEAP_ALLOCATE|[EXTERNAL]|Bytes:-4
14:37:20.0 (4106610)|HEAP_ALLOCATE|[276]|Bytes:5
14:37:20.0 (4110601)|VARIABLE_SCOPE_BEGIN|[276]|key|String|false|false
14:37:20.0 (4115407)|VARIABLE_ASSIGNMENT|[276]|key|"Activación de NIP"
14:37:20.0 (4117978)|STATEMENT_EXECUTE|[276]
14:37:20.0 (4118850)|STATEMENT_EXECUTE|[278]
14:37:20.0 (4123075)|VARIABLE_SCOPE_BEGIN|[278]|info|Schema.RecordTypeInfo|true|false
14:37:20.0 (4140275)|VARIABLE_ASSIGNMENT|[278]|info|"common.api.soap.wsdl.RecordTypeInfo@5e312afc"|0x6df352f3
14:37:20.0 (4149581)|STATEMENT_EXECUTE|[279]
14:37:20.0 (4152113)|HEAP_ALLOCATE|[279]|Bytes:4
14:37:20.0 (4158327)|HEAP_ALLOCATE|[EXTERNAL]|Bytes:-4
14:37:20.0 (4163865)|HEAP_ALLOCATE|[276]|Bytes:5
14:37:20.0 (4167770)|VARIABLE_SCOPE_BEGIN|[276]|key|String|false|false
14:37:20.0 (4172581)|VARIABLE_ASSIGNMENT|[276]|key|"Activación de Tarjet (1 more) ..."
14:37:20.0 (4175040)|STATEMENT_EXECUTE|[276]
14:37:20.0 (4175897)|STATEMENT_EXECUTE|[278]
14:37:20.0 (4180264)|VARIABLE_SCOPE_BEGIN|[278]|info|Schema.RecordTypeInfo|true|false
14:37:20.0 (4198028)|VARIABLE_ASSIGNMENT|[278]|info|"common.api.soap.wsdl.RecordTypeInfo@d9f39a17"|0x21790a71
14:37:20.0 (4201103)|STATEMENT_EXECUTE|[279]
14:37:20.0 (4203087)|HEAP_ALLOCATE|[279]|Bytes:4
14:37:20.0 (4208762)|HEAP_ALLOCATE|[EXTERNAL]|Bytes:-4
14:37:20.0 (4213897)|HEAP_ALLOCATE|[276]|Bytes:5
14:37:20.0 (4217878)|VARIABLE_SCOPE_BEGIN|[276]|key|String|false|false
14:37:20.0 (4222295)|VARIABLE_ASSIGNMENT|[276]|key|"Actualización Buró"
14:37:20.0 (4224915)|STATEMENT_EXECUTE|[276]
14:37:20.0 (4225741)|STATEMENT_EXECUTE|[278]
14:37:20.0 (4229787)|VARIABLE_SCOPE_BEGIN|[278]|info|Schema.RecordTypeInfo|true|false
14:37:20.0 (4246929)|VARIABLE_ASSIGNMENT|[278]|info|"common.api.soap.wsdl.RecordTypeInfo@7b9f67bd"|0x4c1d0344
14:37:20.0 (4249755)|STATEMENT_EXECUTE|[279]
14:37:20.0 (4251756)|HEAP_ALLOCATE|[279]|Bytes:4
14:37:20.0 (4270174)|HEAP_ALLOCATE|[EXTERNAL]|Bytes:-4
14:37:20.0 (4276427)|HEAP_ALLOCATE|[276]|Bytes:5
14:37:20.0 (4280585)|VARIABLE_SCOPE_BEGIN|[276]|key|String|false|false
14:37:20.0 (4285480)|VARIABLE_ASSIGNMENT|[276]|key|"Actualización Correo (9 more) ..."
14:37:20.0 (4288003)|STATEMENT_EXECUTE|[276]
14:37:20.0 (4289033)|STATEMENT_EXECUTE|[278]
14:37:20.0 (4293268)|VARIABLE_SCOPE_BEGIN|[278]|info|Schema.RecordTypeInfo|true|false
14:37:20.0 (4311662)|VARIABLE_ASSIGNMENT|[278]|info|"common.api.soap.wsdl.RecordTypeInfo@aeecf39c"|0x447d3a4b
14:37:20.0 (4314676)|STATEMENT_EXECUTE|[279]
14:37:20.0 (4316931)|HEAP_ALLOCATE|[279]|Bytes:4
14:37:20.0 (4322620)|HEAP_ALLOCATE|[EXTERNAL]|Bytes:-4
14:37:20.0 (4327875)|HEAP_ALLOCATE|[276]|Bytes:5
14:37:20.0 (4331740)|VARIABLE_SCOPE_BEGIN|[276]|key|String|false|false
14:37:20.0 (4336825)|VARIABLE_ASSIGNMENT|[276]|key|"Actualización Domici (12 more) ..."
14:37:20.0 (4339215)|STATEMENT_EXECUTE|[276]
14:37:20.0 (4340041)|STATEMENT_EXECUTE|[278]
14:37:20.0 (4344241)|VARIABLE_SCOPE_BEGIN|[278]|info|Schema.RecordTypeInfo|true|false
14:37:20.0 (4361420)|VARIABLE_ASSIGNMENT|[278]|info|"common.api.soap.wsdl.RecordTypeInfo@d5441330"|0x336e8cfd
14:37:20.0 (4369080)|STATEMENT_EXECUTE|[279]
14:37:20.0 (4372086)|HEAP_ALLOCATE|[279]|Bytes:4
14:37:20.0 (4378124)|HEAP_ALLOCATE|[EXTERNAL]|Bytes:-4
14:37:20.0 (4383488)|HEAP_ALLOCATE|[276]|Bytes:5
14:37:20.0 (4387590)|VARIABLE_SCOPE_BEGIN|[276]|key|String|false|false
14:37:20.0 (4392445)|VARIABLE_ASSIGNMENT|[276]|key|"Actualización Nom, R (6 more) ..."
14:37:20.0 (4394863)|STATEMENT_EXECUTE|[276]
14:37:20.0 (4395736)|STATEMENT_EXECUTE|[278]
14:37:20.0 (4399849)|VARIABLE_SCOPE_BEGIN|[278]|info|Schema.RecordTypeInfo|true|false
14:37:20.0 (4417585)|VARIABLE_ASSIGNMENT|[278]|info|"common.api.soap.wsdl.RecordTypeInfo@56e7171e"|0x5aad3263
14:37:20.0 (4420304)|STATEMENT_EXECUTE|[279]
14:37:20.0 (4422368)|HEAP_ALLOCATE|[279]|Bytes:4
14:37:20.0 (4427817)|HEAP_ALLOCATE|[EXTERNAL]|Bytes:-4
14:37:20.0 (4432968)|HEAP_ALLOCATE|[276]|Bytes:5
14:37:20.0 (4436905)|VARIABLE_SCOPE_BEGIN|[276]|key|String|false|false
14:37:20.0 (4441391)|VARIABLE_ASSIGNMENT|[276]|key|"Actualización SORIBA (1 more) ..."
14:37:20.0 (4443765)|STATEMENT_EXECUTE|[276]
14:37:20.0 (4444605)|STATEMENT_EXECUTE|[278]
14:37:20.0 (4448885)|VARIABLE_SCOPE_BEGIN|[278]|info|Schema.RecordTypeInfo|true|false
14:37:20.0 (4466231)|VARIABLE_ASSIGNMENT|[278]|info|"common.api.soap.wsdl.RecordTypeInfo@1da61f93"|0x7e8e1d51
14:37:20.0 (4469019)|STATEMENT_EXECUTE|[279]
14:37:20.0 (4471089)|HEAP_ALLOCATE|[279]|Bytes:4
14:37:20.0 (4476409)|HEAP_ALLOCATE|[EXTERNAL]|Bytes:-4
14:37:20.0 (4481434)|HEAP_ALLOCATE|[276]|Bytes:5
14:37:20.0 (4485200)|VARIABLE_SCOPE_BEGIN|[276]|key|String|false|false
14:37:20.0 (4507848)|VARIABLE_ASSIGNMENT|[276]|key|"Actualización de CUR (1 more) ..."
14:37:20.0 (4510480)|STATEMENT_EXECUTE|[276]
14:37:20.0 (4511319)|STATEMENT_EXECUTE|[278]
14:37:20.0 (4515863)|VARIABLE_SCOPE_BEGIN|[278]|info|Schema.RecordTypeInfo|true|false
14:37:20.0 (4533884)|VARIABLE_ASSIGNMENT|[278]|info|"common.api.soap.wsdl.RecordTypeInfo@ad5dbd7c"|0x530cdfa9
14:37:20.0 (4536782)|STATEMENT_EXECUTE|[279]
14:37:20.0 (4539250)|HEAP_ALLOCATE|[279]|Bytes:4
14:37:20.0 (4545018)|HEAP_ALLOCATE|[EXTERNAL]|Bytes:-4
14:37:20.0 (4550254)|HEAP_ALLOCATE|[276]|Bytes:5
14:37:20.0 (4554051)|VARIABLE_SCOPE_BEGIN|[276]|key|String|false|false
14:37:20.0 (4558943)|VARIABLE_ASSIGNMENT|[276]|key|"Actualización de Cel (5 more) ..."
14:37:20.0 (4561329)|STATEMENT_EXECUTE|[276]
14:37:20.0 (4562162)|STATEMENT_EXECUTE|[278]
14:37:20.0 (4566170)|VARIABLE_SCOPE_BEGIN|[278]|info|Schema.RecordTypeInfo|true|false
14:37:20.0 (4583006)|VARIABLE_ASSIGNMENT|[278]|info|"common.api.soap.wsdl.RecordTypeInfo@76d75e63"|0x14c2b851
14:37:20.0 (4585832)|STATEMENT_EXECUTE|[279]
14:37:20.0 (4587739)|HEAP_ALLOCATE|[279]|Bytes:4
14:37:20.0 (4593053)|HEAP_ALLOCATE|[EXTERNAL]|Bytes:-4
14:37:20.0 (4598202)|HEAP_ALLOCATE|[276]|Bytes:5
14:37:20.0 (4602124)|VARIABLE_SCOPE_BEGIN|[276]|key|String|false|false
14:37:20.0 (4606689)|VARIABLE_ASSIGNMENT|[276]|key|"Actualización de Cel (4 more) ..."
14:37:20.0 (4608984)|STATEMENT_EXECUTE|[276]
14:37:20.0 (4609802)|STATEMENT_EXECUTE|[278]
14:37:20.0 (4613999)|VARIABLE_SCOPE_BEGIN|[278]|info|Schema.RecordTypeInfo|true|false
14:37:20.0 (4630730)|VARIABLE_ASSIGNMENT|[278]|info|"common.api.soap.wsdl.RecordTypeInfo@64a8cf3b"|0x27cfbe80
14:37:20.0 (4633619)|STATEMENT_EXECUTE|[279]
14:37:20.0 (4635518)|HEAP_ALLOCATE|[279]|Bytes:4
14:37:20.0 (4641477)|HEAP_ALLOCATE|[EXTERNAL]|Bytes:-4
14:37:20.0 (4646475)|HEAP_ALLOCATE|[276]|Bytes:5
14:37:20.0 (4650339)|VARIABLE_SCOPE_BEGIN|[276]|key|String|false|false
14:37:20.0 (4654798)|VARIABLE_ASSIGNMENT|[276]|key|"Actualización de Cor (3 more) ..."
14:37:20.0 (4657029)|STATEMENT_EXECUTE|[276]
14:37:20.0 (4657873)|STATEMENT_EXECUTE|[278]
14:37:20.0 (4662048)|VARIABLE_SCOPE_BEGIN|[278]|info|Schema.RecordTypeInfo|true|false
14:37:20.0 (4678766)|VARIABLE_ASSIGNMENT|[278]|info|"common.api.soap.wsdl.RecordTypeInfo@66178782"|0x29a55bbd
14:37:20.0 (4681834)|STATEMENT_EXECUTE|[279]
14:37:20.0 (4683820)|HEAP_ALLOCATE|[279]|Bytes:4
14:37:20.0 (4688999)|HEAP_ALLOCATE|[EXTERNAL]|Bytes:-4
14:37:20.0 (4693987)|HEAP_ALLOCATE|[276]|Bytes:5
14:37:20.0 (4697810)|VARIABLE_SCOPE_BEGIN|[276]|key|String|false|false
14:37:20.0 (4702250)|VARIABLE_ASSIGNMENT|[276]|key|"Actualización de Dom (6 more) ..."
14:37:20.0 (4704682)|STATEMENT_EXECUTE|[276]
14:37:20.0 (4705519)|STATEMENT_EXECUTE|[278]
14:37:20.0 (4709599)|VARIABLE_SCOPE_BEGIN|[278]|info|Schema.RecordTypeInfo|true|false
14:37:20.0 (4726161)|VARIABLE_ASSIGNMENT|[278]|info|"common.api.soap.wsdl.RecordTypeInfo@19cbc967"|0x1c6128b7
14:37:20.0 (4729020)|STATEMENT_EXECUTE|[279]
14:37:20.0 (4731043)|HEAP_ALLOCATE|[279]|Bytes:4
14:37:20.0 (4736138)|HEAP_ALLOCATE|[EXTERNAL]|Bytes:-4
14:37:20.0 (4755674)|HEAP_ALLOCATE|[276]|Bytes:5
14:37:20.0 (4759768)|VARIABLE_SCOPE_BEGIN|[276]|key|String|false|false
14:37:20.0 (4764631)|VARIABLE_ASSIGNMENT|[276]|key|"Actualización de Tel (10 more) ..."
14:37:20.0 (4767074)|STATEMENT_EXECUTE|[276]
14:37:20.0 (4767903)|STATEMENT_EXECUTE|[278]
14:37:20.0 (4772112)|VARIABLE_SCOPE_BEGIN|[278]|info|Schema.RecordTypeInfo|true|false
14:37:20.0 (4790272)|VARIABLE_ASSIGNMENT|[278]|info|"common.api.soap.wsdl.RecordTypeInfo@767cd3c0"|0x1de00b5a
14:37:20.0 (4792986)|STATEMENT_EXECUTE|[279]
14:37:20.0 (4795172)|HEAP_ALLOCATE|[279]|Bytes:4
14:37:20.0 (4800994)|HEAP_ALLOCATE|[EXTERNAL]|Bytes:-4
14:37:20.0 (4806222)|HEAP_ALLOCATE|[276]|Bytes:5
14:37:20.0 (4810119)|VARIABLE_SCOPE_BEGIN|[276]|key|String|false|false
14:37:20.0 (4820672)|VARIABLE_ASSIGNMENT|[276]|key|"Alta Cliente"
14:37:20.0 (4822980)|STATEMENT_EXECUTE|[276]
14:37:20.0 (4823829)|STATEMENT_EXECUTE|[278]
14:37:20.0 (4828217)|VARIABLE_SCOPE_BEGIN|[278]|info|Schema.RecordTypeInfo|true|false
14:37:20.0 (4846023)|VARIABLE_ASSIGNMENT|[278]|info|"common.api.soap.wsdl.RecordTypeInfo@80a41a04"|0x47018dd8
14:37:20.0 (4848794)|STATEMENT_EXECUTE|[279]
14:37:20.0 (4851143)|HEAP_ALLOCATE|[279]|Bytes:4
14:37:20.0 (4856827)|HEAP_ALLOCATE|[EXTERNAL]|Bytes:-4
14:37:20.0 (4862046)|HEAP_ALLOCATE|[276]|Bytes:5
14:37:20.0 (4866042)|VARIABLE_SCOPE_BEGIN|[276]|key|String|false|false
14:37:20.0 (4870829)|VARIABLE_ASSIGNMENT|[276]|key|"Audiencia CONDUSEF"
14:37:20.0 (4872962)|STATEMENT_EXECUTE|[276]
14:37:20.0 (4873813)|STATEMENT_EXECUTE|[278]
14:37:20.0 (4877958)|VARIABLE_SCOPE_BEGIN|[278]|info|Schema.RecordTypeInfo|true|false
14:37:20.0 (4911515)|VARIABLE_ASSIGNMENT|[278]|info|"common.api.soap.wsdl.RecordTypeInfo@ee8898d7"|0x44fa5e36
14:37:20.0 (4914926)|STATEMENT_EXECUTE|[279]
14:37:20.0 (4917630)|HEAP_ALLOCATE|[279]|Bytes:4
14:37:20.0 (4923619)|HEAP_ALLOCATE|[EXTERNAL]|Bytes:-4
14:37:20.0 (4928900)|HEAP_ALLOCATE|[276]|Bytes:5
14:37:20.0 (4932904)|VARIABLE_SCOPE_BEGIN|[276]|key|String|false|false
14:37:20.0 (4938080)|VARIABLE_ASSIGNMENT|[276]|key|"Aumento de Línea de  (7 more) ..."
14:37:20.0 (4940629)|STATEMENT_EXECUTE|[276]
14:37:20.0 (4945678)|STATEMENT_EXECUTE|[278]
14:37:20.0 (4950683)|VARIABLE_SCOPE_BEGIN|[278]|info|Schema.RecordTypeInfo|true|false
14:37:20.0 (4968757)|VARIABLE_ASSIGNMENT|[278]|info|"common.api.soap.wsdl.RecordTypeInfo@b67992fe"|0x514be28e
14:37:20.0 (4971680)|STATEMENT_EXECUTE|[279]
14:37:20.0 (4973968)|HEAP_ALLOCATE|[279]|Bytes:4
14:37:20.0 (4979561)|HEAP_ALLOCATE|[EXTERNAL]|Bytes:-4
14:37:20.0 (4984749)|HEAP_ALLOCATE|[276]|Bytes:5
14:37:20.0 (4988630)|VARIABLE_SCOPE_BEGIN|[276]|key|String|false|false
14:37:20.0 (5008212)|VARIABLE_ASSIGNMENT|[276]|key|"BackOffice Figital"
14:37:20.0 (5010982)|STATEMENT_EXECUTE|[276]
14:37:20.0 (5011862)|STATEMENT_EXECUTE|[278]
14:37:20.0 (5016292)|VARIABLE_SCOPE_BEGIN|[278]|info|Schema.RecordTypeInfo|true|false
14:37:20.0 (5034472)|VARIABLE_ASSIGNMENT|[278]|info|"common.api.soap.wsdl.RecordTypeInfo@e1ed000"|0x4cec9926
14:37:20.0 (5037345)|STATEMENT_EXECUTE|[279]
14:37:20.0 (5039623)|HEAP_ALLOCATE|[279]|Bytes:4
14:37:20.0 (5045254)|HEAP_ALLOCATE|[EXTERNAL]|Bytes:-4
14:37:20.0 (5050357)|HEAP_ALLOCATE|[276]|Bytes:5
14:37:20.0 (5054297)|VARIABLE_SCOPE_BEGIN|[276]|key|String|false|false
14:37:20.0 (5058888)|VARIABLE_ASSIGNMENT|[276]|key|"BackOffice Fraudes"
14:37:20.0 (5061011)|STATEMENT_EXECUTE|[276]
14:37:20.0 (5061878)|STATEMENT_EXECUTE|[278]
14:37:20.0 (5066033)|VARIABLE_SCOPE_BEGIN|[278]|info|Schema.RecordTypeInfo|true|false
14:37:20.0 (5082820)|VARIABLE_ASSIGNMENT|[278]|info|"common.api.soap.wsdl.RecordTypeInfo@a750b4b9"|0x748a22e
14:37:20.0 (5085631)|STATEMENT_EXECUTE|[279]
14:37:20.0 (5087689)|HEAP_ALLOCATE|[279]|Bytes:4
14:37:20.0 (5093056)|HEAP_ALLOCATE|[EXTERNAL]|Bytes:-4
14:37:20.0 (5098107)|HEAP_ALLOCATE|[276]|Bytes:5
14:37:20.0 (5101971)|VARIABLE_SCOPE_BEGIN|[276]|key|String|false|false
14:37:20.0 (5106181)|VARIABLE_ASSIGNMENT|[276]|key|"Bloqueo Seguridad"
14:37:20.0 (5108276)|STATEMENT_EXECUTE|[276]
14:37:20.0 (5109128)|STATEMENT_EXECUTE|[278]
14:37:20.0 (5113175)|VARIABLE_SCOPE_BEGIN|[278]|info|Schema.RecordTypeInfo|true|false
14:37:20.0 (5129828)|VARIABLE_ASSIGNMENT|[278]|info|"common.api.soap.wsdl.RecordTypeInfo@1ad47a66"|0x11d5471f
14:37:20.0 (5132760)|STATEMENT_EXECUTE|[279]
14:37:20.0 (5134605)|HEAP_ALLOCATE|[279]|Bytes:4
14:37:20.0 (5139800)|HEAP_ALLOCATE|[EXTERNAL]|Bytes:-4
14:37:20.0 (5144845)|HEAP_ALLOCATE|[276]|Bytes:5
14:37:20.0 (5148738)|VARIABLE_SCOPE_BEGIN|[276]|key|String|false|false
14:37:20.0 (5153067)|VARIABLE_ASSIGNMENT|[276]|key|"CVV Dinámico"
14:37:20.0 (5155634)|STATEMENT_EXECUTE|[276]
14:37:20.0 (5156517)|STATEMENT_EXECUTE|[278]
14:37:20.0 (5160752)|VARIABLE_SCOPE_BEGIN|[278]|info|Schema.RecordTypeInfo|true|false
14:37:20.0 (5177077)|VARIABLE_ASSIGNMENT|[278]|info|"common.api.soap.wsdl.RecordTypeInfo@5ce747f8"|0x1f049839
14:37:20.0 (5179815)|STATEMENT_EXECUTE|[279]
14:37:20.0 (5181659)|HEAP_ALLOCATE|[279]|Bytes:4
14:37:20.0 (5186967)|HEAP_ALLOCATE|[EXTERNAL]|Bytes:-4
14:37:20.0 (5191990)|HEAP_ALLOCATE|[276]|Bytes:5
14:37:20.0 (5195867)|VARIABLE_SCOPE_BEGIN|[276]|key|String|false|false
14:37:20.0 (5201083)|VARIABLE_ASSIGNMENT|[276]|key|"Cambio de MC a Priva (2 more) ..."
14:37:20.0 (5218976)|STATEMENT_EXECUTE|[276]
14:37:20.0 (5219834)|STATEMENT_EXECUTE|[278]
14:37:20.0 (5224726)|VARIABLE_SCOPE_BEGIN|[278]|info|Schema.RecordTypeInfo|true|false
14:37:20.0 (5242987)|VARIABLE_ASSIGNMENT|[278]|info|"common.api.soap.wsdl.RecordTypeInfo@a6d8a80b"|0x37891756
14:37:20.0 (5246169)|STATEMENT_EXECUTE|[279]
14:37:20.0 (5248426)|HEAP_ALLOCATE|[279]|Bytes:4
14:37:20.0 (5254106)|HEAP_ALLOCATE|[EXTERNAL]|Bytes:-4
14:37:20.0 (5259551)|HEAP_ALLOCATE|[276]|Bytes:5
14:37:20.0 (5263582)|VARIABLE_SCOPE_BEGIN|[276]|key|String|false|false
14:37:20.0 (5268189)|VARIABLE_ASSIGNMENT|[276]|key|"Cambio de Medio Enví (1 more) ..."
14:37:20.0 (5271024)|STATEMENT_EXECUTE|[276]
14:37:20.0 (5271843)|STATEMENT_EXECUTE|[278]
14:37:20.0 (5276248)|VARIABLE_SCOPE_BEGIN|[278]|info|Schema.RecordTypeInfo|true|false
14:37:20.0 (5293368)|VARIABLE_ASSIGNMENT|[278]|info|"common.api.soap.wsdl.RecordTypeInfo@be215376"|0x75928a5b
14:37:20.0 (5296124)|STATEMENT_EXECUTE|[279]
14:37:20.0 (5298029)|HEAP_ALLOCATE|[279]|Bytes:4
14:37:20.0 (5304271)|HEAP_ALLOCATE|[EXTERNAL]|Bytes:-4
14:37:20.0 (5309416)|HEAP_ALLOCATE|[276]|Bytes:5
14:37:20.0 (5313134)|VARIABLE_SCOPE_BEGIN|[276]|key|String|false|false
14:37:20.0 (5317497)|VARIABLE_ASSIGNMENT|[276]|key|"Campañas Outbound"
14:37:20.0 (5319979)|STATEMENT_EXECUTE|[276]
14:37:20.0 (5320817)|STATEMENT_EXECUTE|[278]
14:37:20.0 (5324900)|VARIABLE_SCOPE_BEGIN|[278]|info|Schema.RecordTypeInfo|true|false
14:37:20.0 (5341593)|VARIABLE_ASSIGNMENT|[278]|info|"common.api.soap.wsdl.RecordTypeInfo@6d4e485f"|0x4e44c649
14:37:20.0 (5344568)|STATEMENT_EXECUTE|[279]
14:37:20.0 (5346592)|HEAP_ALLOCATE|[279]|Bytes:4
14:37:20.0 (5358922)|HEAP_ALLOCATE|[EXTERNAL]|Bytes:-4
14:37:20.0 (5364170)|HEAP_ALLOCATE|[276]|Bytes:5
14:37:20.0 (5368025)|VARIABLE_SCOPE_BEGIN|[276]|key|String|false|false
14:37:20.0 (5372796)|VARIABLE_ASSIGNMENT|[276]|key|"Campos Regulatorios"
14:37:20.0 (5374841)|STATEMENT_EXECUTE|[276]
14:37:20.0 (5375668)|STATEMENT_EXECUTE|[278]
14:37:20.0 (5379935)|VARIABLE_SCOPE_BEGIN|[278]|info|Schema.RecordTypeInfo|true|false
14:37:20.0 (5397478)|VARIABLE_ASSIGNMENT|[278]|info|"common.api.soap.wsdl.RecordTypeInfo@36673986"|0x75ba4ae8
14:37:20.0 (5400226)|STATEMENT_EXECUTE|[279]
14:37:20.0 (5402200)|HEAP_ALLOCATE|[279]|Bytes:4
14:37:20.0 (5407621)|HEAP_ALLOCATE|[EXTERNAL]|Bytes:-4
14:37:20.0 (5412692)|HEAP_ALLOCATE|[276]|Bytes:5
14:37:20.0 (5416502)|VARIABLE_SCOPE_BEGIN|[276]|key|String|false|false
14:37:20.0 (5421118)|VARIABLE_ASSIGNMENT|[276]|key|"Cancelación Adiciona (1 more) ..."
14:37:20.0 (5423776)|STATEMENT_EXECUTE|[276]
14:37:20.0 (5424616)|STATEMENT_EXECUTE|[278]
14:37:20.0 (5428616)|VARIABLE_SCOPE_BEGIN|[278]|info|Schema.RecordTypeInfo|true|false
14:37:20.0 (5460872)|VARIABLE_ASSIGNMENT|[278]|info|"common.api.soap.wsdl.RecordTypeInfo@a287f482"|0xa76c0ae
14:37:20.0 (5463995)|STATEMENT_EXECUTE|[279]
14:37:20.0 (5466601)|HEAP_ALLOCATE|[279]|Bytes:4
14:37:20.0 (5472470)|HEAP_ALLOCATE|[EXTERNAL]|Bytes:-4
14:37:20.0 (5489213)|HEAP_ALLOCATE|[276]|Bytes:5
14:37:20.0 (5494160)|VARIABLE_SCOPE_BEGIN|[276]|key|String|false|false
14:37:20.0 (5499083)|VARIABLE_ASSIGNMENT|[276]|key|"Cancelación de Adici (13 more) ..."
14:37:20.0 (5501652)|STATEMENT_EXECUTE|[276]
14:37:20.0 (5502490)|STATEMENT_EXECUTE|[278]
14:37:20.0 (5506776)|VARIABLE_SCOPE_BEGIN|[278]|info|Schema.RecordTypeInfo|true|false
14:37:20.0 (5525263)|VARIABLE_ASSIGNMENT|[278]|info|"common.api.soap.wsdl.RecordTypeInfo@9677e4f6"|0x6bd753e9
14:37:20.0 (5528314)|STATEMENT_EXECUTE|[279]
14:37:20.0 (5530373)|HEAP_ALLOCATE|[279]|Bytes:4
14:37:20.0 (5536147)|HEAP_ALLOCATE|[EXTERNAL]|Bytes:-4
14:37:20.0 (5541230)|HEAP_ALLOCATE|[276]|Bytes:5
14:37:20.0 (5545058)|VARIABLE_SCOPE_BEGIN|[276]|key|String|false|false
14:37:20.0 (5549783)|VARIABLE_ASSIGNMENT|[276]|key|"Cancelación de Tarje (20 more) ..."
14:37:20.0 (5552292)|STATEMENT_EXECUTE|[276]
14:37:20.0 (5553123)|STATEMENT_EXECUTE|[278]
14:37:20.0 (5557088)|VARIABLE_SCOPE_BEGIN|[278]|info|Schema.RecordTypeInfo|true|false
14:37:20.0 (5573805)|VARIABLE_ASSIGNMENT|[278]|info|"common.api.soap.wsdl.RecordTypeInfo@41ee2a4a"|0x349a654
14:37:20.0 (5576682)|STATEMENT_EXECUTE|[279]
14:37:20.0 (5578574)|HEAP_ALLOCATE|[279]|Bytes:4
14:37:20.0 (5583746)|HEAP_ALLOCATE|[EXTERNAL]|Bytes:-4
14:37:20.0 (5588761)|HEAP_ALLOCATE|[276]|Bytes:5
14:37:20.0 (5592779)|VARIABLE_SCOPE_BEGIN|[276]|key|String|false|false
14:37:20.0 (5597672)|VARIABLE_ASSIGNMENT|[276]|key|"Cancelación de Titul (2 more) ..."
14:37:20.0 (5600086)|STATEMENT_EXECUTE|[276]
14:37:20.0 (5600916)|STATEMENT_EXECUTE|[278]
14:37:20.0 (5605203)|VARIABLE_SCOPE_BEGIN|[278]|info|Schema.RecordTypeInfo|true|false
14:37:20.0 (5622328)|VARIABLE_ASSIGNMENT|[278]|info|"common.api.soap.wsdl.RecordTypeInfo@f3aa61a5"|0x248351df
14:37:20.0 (5625345)|STATEMENT_EXECUTE|[279]
14:37:20.0 (5627195)|HEAP_ALLOCATE|[279]|Bytes:4
14:37:20.0 (5632302)|HEAP_ALLOCATE|[EXTERNAL]|Bytes:-4
14:37:20.0 (5637140)|HEAP_ALLOCATE|[276]|Bytes:5
14:37:20.0 (5640912)|VARIABLE_SCOPE_BEGIN|[276]|key|String|false|false
14:37:20.0 (5645606)|VARIABLE_ASSIGNMENT|[276]|key|"Cancelación por fall (30 more) ..."
14:37:20.0 (5647858)|STATEMENT_EXECUTE|[276]
14:37:20.0 (5648701)|STATEMENT_EXECUTE|[278]
14:37:20.0 (5652917)|VARIABLE_SCOPE_BEGIN|[278]|info|Schema.RecordTypeInfo|true|false
14:37:20.0 (5669664)|VARIABLE_ASSIGNMENT|[278]|info|"common.api.soap.wsdl.RecordTypeInfo@c2aa1923"|0x184c8651
14:37:20.0 (5672564)|STATEMENT_EXECUTE|[279]
14:37:20.0 (5674416)|HEAP_ALLOCATE|[279]|Bytes:4
14:37:20.0 (5679657)|HEAP_ALLOCATE|[EXTERNAL]|Bytes:-4
14:37:20.0 (5684609)|HEAP_ALLOCATE|[276]|Bytes:5
14:37:20.0 (5688566)|VARIABLE_SCOPE_BEGIN|[276]|key|String|false|false
14:37:20.0 (5693155)|VARIABLE_ASSIGNMENT|[276]|key|"Cargo No Reconocido  (8 more) ..."
14:37:20.0 (5695268)|STATEMENT_EXECUTE|[276]
14:37:20.0 (5696101)|STATEMENT_EXECUTE|[278]
14:37:20.0 (5700233)|VARIABLE_SCOPE_BEGIN|[278]|info|Schema.RecordTypeInfo|true|false
14:37:20.0 (5717196)|VARIABLE_ASSIGNMENT|[278]|info|"common.api.soap.wsdl.RecordTypeInfo@9d794691"|0x49d5d6aa
14:37:20.0 (5720034)|STATEMENT_EXECUTE|[279]
14:37:20.0 (5721954)|HEAP_ALLOCATE|[279]|Bytes:4
14:37:20.0 (5727012)|HEAP_ALLOCATE|[EXTERNAL]|Bytes:-4
14:37:20.0 (5738258)|HEAP_ALLOCATE|[276]|Bytes:5
14:37:20.0 (5742276)|VARIABLE_SCOPE_BEGIN|[276]|key|String|false|false
14:37:20.0 (5746755)|VARIABLE_ASSIGNMENT|[276]|key|"Cargo no reconocido"
14:37:20.0 (5748870)|STATEMENT_EXECUTE|[276]
14:37:20.0 (5749720)|STATEMENT_EXECUTE|[278]
14:37:20.0 (5753886)|VARIABLE_SCOPE_BEGIN|[278]|info|Schema.RecordTypeInfo|true|false
14:37:20.0 (5771266)|VARIABLE_ASSIGNMENT|[278]|info|"common.api.soap.wsdl.RecordTypeInfo@18d8e370"|0x760b2c2
14:37:20.0 (5774306)|STATEMENT_EXECUTE|[279]
14:37:20.0 (5776275)|HEAP_ALLOCATE|[279]|Bytes:4
14:37:20.0 (5799366)|HEAP_ALLOCATE|[EXTERNAL]|Bytes:-4
14:37:20.0 (5804809)|HEAP_ALLOCATE|[276]|Bytes:5
14:37:20.0 (5808830)|VARIABLE_SCOPE_BEGIN|[276]|key|String|false|false
14:37:20.0 (5813473)|VARIABLE_ASSIGNMENT|[276]|key|"Carta Finiquito"
14:37:20.0 (5815562)|STATEMENT_EXECUTE|[276]
14:37:20.0 (5816393)|STATEMENT_EXECUTE|[278]
14:37:20.0 (5820383)|VARIABLE_SCOPE_BEGIN|[278]|info|Schema.RecordTypeInfo|true|false
14:37:20.0 (5854810)|VARIABLE_ASSIGNMENT|[278]|info|"common.api.soap.wsdl.RecordTypeInfo@b7d2cccc"|0x39d31658
14:37:20.0 (5858252)|STATEMENT_EXECUTE|[279]
14:37:20.0 (5860691)|HEAP_ALLOCATE|[279]|Bytes:4
14:37:20.0 (5866909)|HEAP_ALLOCATE|[EXTERNAL]|Bytes:-4
14:37:20.0 (5872214)|HEAP_ALLOCATE|[276]|Bytes:5
14:37:20.0 (5882077)|VARIABLE_SCOPE_BEGIN|[276]|key|String|false|false
14:37:20.0 (5887454)|VARIABLE_ASSIGNMENT|[276]|key|"Cliente en Mora Grav (1 more) ..."
14:37:20.0 (5889799)|STATEMENT_EXECUTE|[276]
14:37:20.0 (5890609)|STATEMENT_EXECUTE|[278]
14:37:20.0 (5894870)|VARIABLE_SCOPE_BEGIN|[278]|info|Schema.RecordTypeInfo|true|false
14:37:20.0 (5912607)|VARIABLE_ASSIGNMENT|[278]|info|"common.api.soap.wsdl.RecordTypeInfo@85d25fd8"|0x45d1713d
14:37:20.0 (5915425)|STATEMENT_EXECUTE|[279]
14:37:20.0 (5917350)|HEAP_ALLOCATE|[279]|Bytes:4
14:37:20.0 (5922814)|HEAP_ALLOCATE|[EXTERNAL]|Bytes:-4
14:37:20.0 (5928064)|HEAP_ALLOCATE|[276]|Bytes:5
14:37:20.0 (5932145)|VARIABLE_SCOPE_BEGIN|[276]|key|String|false|false
14:37:20.0 (5936821)|VARIABLE_ASSIGNMENT|[276]|key|"Cobro a Persona Equi (6 more) ..."
14:37:20.0 (5939000)|STATEMENT_EXECUTE|[276]
14:37:20.0 (5939843)|STATEMENT_EXECUTE|[278]
14:37:20.0 (5943961)|VARIABLE_SCOPE_BEGIN|[278]|info|Schema.RecordTypeInfo|true|false
14:37:20.0 (5960677)|VARIABLE_ASSIGNMENT|[278]|info|"common.api.soap.wsdl.RecordTypeInfo@2a2b8d4f"|0x22d68fab
14:37:20.0 (5963533)|STATEMENT_EXECUTE|[279]
14:37:20.0 (5965357)|HEAP_ALLOCATE|[279]|Bytes:4
14:37:20.0 (5970896)|HEAP_ALLOCATE|[EXTERNAL]|Bytes:-4
14:37:20.0 (5975928)|HEAP_ALLOCATE|[276]|Bytes:5
14:37:20.0 (5992224)|VARIABLE_SCOPE_BEGIN|[276]|key|String|false|false
14:37:20.0 (5997093)|VARIABLE_ASSIGNMENT|[276]|key|"Compra no diferida"
14:37:20.0 (5999378)|STATEMENT_EXECUTE|[276]
14:37:20.0 (6000190)|STATEMENT_EXECUTE|[278]
14:37:20.0 (6004903)|VARIABLE_SCOPE_BEGIN|[278]|info|Schema.RecordTypeInfo|true|false
14:37:20.0 (6039353)|VARIABLE_ASSIGNMENT|[278]|info|"common.api.soap.wsdl.RecordTypeInfo@2b1f53cf"|0x2022cf91
14:37:20.0 (6043068)|STATEMENT_EXECUTE|[279]
14:37:20.0 (6045863)|HEAP_ALLOCATE|[279]|Bytes:4
14:37:20.0 (6051985)|HEAP_ALLOCATE|[EXTERNAL]|Bytes:-4
14:37:20.0 (6057458)|HEAP_ALLOCATE|[276]|Bytes:5
14:37:20.0 (6061704)|VARIABLE_SCOPE_BEGIN|[276]|key|String|false|false
14:37:20.0 (6066645)|VARIABLE_ASSIGNMENT|[276]|key|"Compra no diferida ( (7 more) ..."
14:37:20.0 (6068823)|STATEMENT_EXECUTE|[276]
14:37:20.0 (6069628)|STATEMENT_EXECUTE|[278]
14:37:20.0 (6073731)|VARIABLE_SCOPE_BEGIN|[278]|info|Schema.RecordTypeInfo|true|false
14:37:20.0 (6092184)|VARIABLE_ASSIGNMENT|[278]|info|"common.api.soap.wsdl.RecordTypeInfo@b545a3a2"|0x1626c1b
14:37:20.0 (6095110)|STATEMENT_EXECUTE|[279]
14:37:20.0 (6097018)|HEAP_ALLOCATE|[279]|Bytes:4
14:37:20.0 (6102307)|HEAP_ALLOCATE|[EXTERNAL]|Bytes:-4
14:37:20.0 (6107292)|HEAP_ALLOCATE|[276]|Bytes:5
14:37:20.0 (6117410)|VARIABLE_SCOPE_BEGIN|[276]|key|String|false|false
14:37:20.0 (6121809)|VARIABLE_ASSIGNMENT|[276]|key|"Condonación"
14:37:20.0 (6124395)|STATEMENT_EXECUTE|[276]
14:37:20.0 (6125220)|STATEMENT_EXECUTE|[278]
14:37:20.0 (6129249)|VARIABLE_SCOPE_BEGIN|[278]|info|Schema.RecordTypeInfo|true|false
14:37:20.0 (6147290)|VARIABLE_ASSIGNMENT|[278]|info|"common.api.soap.wsdl.RecordTypeInfo@bf74e2cb"|0x4f74bd93
14:37:20.0 (6150169)|STATEMENT_EXECUTE|[279]
14:37:20.0 (6152161)|HEAP_ALLOCATE|[279]|Bytes:4
14:37:20.0 (6157823)|HEAP_ALLOCATE|[EXTERNAL]|Bytes:-4
14:37:20.0 (6162743)|HEAP_ALLOCATE|[276]|Bytes:5
14:37:20.0 (6166622)|VARIABLE_SCOPE_BEGIN|[276]|key|String|false|false
14:37:20.0 (6171610)|VARIABLE_ASSIGNMENT|[276]|key|"Consulta Fecha Corte (18 more) ..."
14:37:20.0 (6173703)|STATEMENT_EXECUTE|[276]
14:37:20.0 (6174511)|STATEMENT_EXECUTE|[278]
14:37:20.0 (6178464)|VARIABLE_SCOPE_BEGIN|[278]|info|Schema.RecordTypeInfo|true|false
14:37:20.0 (6195620)|VARIABLE_ASSIGNMENT|[278]|info|"common.api.soap.wsdl.RecordTypeInfo@edebf001"|0x59c9d801
14:37:20.0 (6198552)|STATEMENT_EXECUTE|[279]
14:37:20.0 (6200464)|HEAP_ALLOCATE|[279]|Bytes:4
14:37:20.0 (6205693)|HEAP_ALLOCATE|[EXTERNAL]|Bytes:-4
14:37:20.0 (6210801)|HEAP_ALLOCATE|[276]|Bytes:5
14:37:20.0 (6214587)|VARIABLE_SCOPE_BEGIN|[276]|key|String|false|false
14:37:20.0 (6219124)|VARIABLE_ASSIGNMENT|[276]|key|"Consulta Límite Créd (16 more) ..."
14:37:20.0 (6221663)|STATEMENT_EXECUTE|[276]
14:37:20.0 (6222501)|STATEMENT_EXECUTE|[278]
14:37:20.0 (6226445)|VARIABLE_SCOPE_BEGIN|[278]|info|Schema.RecordTypeInfo|true|false
14:37:20.0 (6243293)|VARIABLE_ASSIGNMENT|[278]|info|"common.api.soap.wsdl.RecordTypeInfo@df78061f"|0x6f21daee
14:37:20.0 (6246177)|STATEMENT_EXECUTE|[279]
14:37:20.0 (6248043)|HEAP_ALLOCATE|[279]|Bytes:4
14:37:20.0 (6253223)|HEAP_ALLOCATE|[EXTERNAL]|Bytes:-4
14:37:20.0 (6258124)|HEAP_ALLOCATE|[276]|Bytes:5
14:37:20.0 (6261943)|VARIABLE_SCOPE_BEGIN|[276]|key|String|false|false
14:37:20.0 (6266554)|VARIABLE_ASSIGNMENT|[276]|key|"Consulta de Movimien (3 more) ..."
14:37:20.0 (6268562)|STATEMENT_EXECUTE|[276]
14:37:20.0 (6269407)|STATEMENT_EXECUTE|[278]
14:37:20.0 (6273317)|VARIABLE_SCOPE_BEGIN|[278]|info|Schema.RecordTypeInfo|true|false
14:37:20.0 (6290966)|VARIABLE_ASSIGNMENT|[278]|info|"common.api.soap.wsdl.RecordTypeInfo@c09e846b"|0x7db161a5
14:37:20.0 (6295779)|STATEMENT_EXECUTE|[279]
14:37:20.0 (6298735)|HEAP_ALLOCATE|[279]|Bytes:4
14:37:20.0 (6308332)|HEAP_ALLOCATE|[EXTERNAL]|Bytes:-4
14:37:20.0 (6316359)|HEAP_ALLOCATE|[276]|Bytes:5
14:37:20.0 (6322249)|VARIABLE_SCOPE_BEGIN|[276]|key|String|false|false
14:37:20.0 (6328987)|VARIABLE_ASSIGNMENT|[276]|key|"Consulta de PAN"
14:37:20.0 (6332167)|STATEMENT_EXECUTE|[276]
14:37:20.0 (6333598)|STATEMENT_EXECUTE|[278]
14:37:20.0 (6339858)|VARIABLE_SCOPE_BEGIN|[278]|info|Schema.RecordTypeInfo|true|false
14:37:20.0 (6365335)|VARIABLE_ASSIGNMENT|[278]|info|"common.api.soap.wsdl.RecordTypeInfo@33de21de"|0x1743c3a5
14:37:20.0 (6369006)|STATEMENT_EXECUTE|[279]
14:37:20.0 (6371478)|HEAP_ALLOCATE|[279]|Bytes:4
14:37:20.0 (6378233)|HEAP_ALLOCATE|[EXTERNAL]|Bytes:-4
14:37:20.0 (6383613)|HEAP_ALLOCATE|[276]|Bytes:5
14:37:20.0 (6387692)|VARIABLE_SCOPE_BEGIN|[276]|key|String|false|false
14:37:20.0 (6392747)|VARIABLE_ASSIGNMENT|[276]|key|"Consulta de Saldo a  (5 more) ..."
14:37:20.0 (6394923)|STATEMENT_EXECUTE|[276]
14:37:20.0 (6395911)|STATEMENT_EXECUTE|[278]
14:37:20.0 (6399956)|VARIABLE_SCOPE_BEGIN|[278]|info|Schema.RecordTypeInfo|true|false
14:37:20.0 (6417548)|VARIABLE_ASSIGNMENT|[278]|info|"common.api.soap.wsdl.RecordTypeInfo@287bf5b3"|0xdd089c
14:37:20.0 (6426862)|STATEMENT_EXECUTE|[279]
14:37:20.0 (6429218)|HEAP_ALLOCATE|[279]|Bytes:4
14:37:20.0 (6434949)|HEAP_ALLOCATE|[EXTERNAL]|Bytes:-4
14:37:20.0 (6440662)|HEAP_ALLOCATE|[276]|Bytes:5
14:37:20.0 (6444489)|VARIABLE_SCOPE_BEGIN|[276]|key|String|false|false
14:37:20.0 (6449248)|VARIABLE_ASSIGNMENT|[276]|key|"Consulta de Saldos y (12 more) ..."
14:37:20.0 (6451373)|STATEMENT_EXECUTE|[276]
14:37:20.0 (6452178)|STATEMENT_EXECUTE|[278]
14:37:20.0 (6456073)|VARIABLE_SCOPE_BEGIN|[278]|info|Schema.RecordTypeInfo|true|false
14:37:20.0 (6474091)|VARIABLE_ASSIGNMENT|[278]|info|"common.api.soap.wsdl.RecordTypeInfo@3a09b8e5"|0x614a54c3
14:37:20.0 (6477038)|STATEMENT_EXECUTE|[279]
14:37:20.0 (6479014)|HEAP_ALLOCATE|[279]|Bytes:4
14:37:20.0 (6484398)|HEAP_ALLOCATE|[EXTERNAL]|Bytes:-4
14:37:20.0 (6489248)|HEAP_ALLOCATE|[276]|Bytes:5
14:37:20.0 (6493051)|VARIABLE_SCOPE_BEGIN|[276]|key|String|false|false
14:37:20.0 (6497816)|VARIABLE_ASSIGNMENT|[276]|key|"Consulta de Seguros"
14:37:20.0 (6499982)|STATEMENT_EXECUTE|[276]
14:37:20.0 (6500823)|STATEMENT_EXECUTE|[278]
14:37:20.0 (6510631)|VARIABLE_SCOPE_BEGIN|[278]|info|Schema.RecordTypeInfo|true|false
14:37:20.0 (6528382)|VARIABLE_ASSIGNMENT|[278]|info|"common.api.soap.wsdl.RecordTypeInfo@cf799212"|0x1780ad06
14:37:20.0 (6531307)|STATEMENT_EXECUTE|[279]
14:37:20.0 (6533477)|HEAP_ALLOCATE|[279]|Bytes:4
14:37:20.0 (6539018)|HEAP_ALLOCATE|[EXTERNAL]|Bytes:-4
14:37:20.0 (6544054)|HEAP_ALLOCATE|[276]|Bytes:5
14:37:20.0 (6547982)|VARIABLE_SCOPE_BEGIN|[276]|key|String|false|false
14:37:20.0 (6552152)|VARIABLE_ASSIGNMENT|[276]|key|"Contrato manual"
14:37:20.0 (6554142)|STATEMENT_EXECUTE|[276]
14:37:20.0 (6554969)|STATEMENT_EXECUTE|[278]
14:37:20.0 (6559142)|VARIABLE_SCOPE_BEGIN|[278]|info|Schema.RecordTypeInfo|true|false
14:37:20.0 (6575886)|VARIABLE_ASSIGNMENT|[278]|info|"common.api.soap.wsdl.RecordTypeInfo@c7574dd9"|0x1e571ab8
14:37:20.0 (6578676)|STATEMENT_EXECUTE|[279]
14:37:20.0 (6580544)|HEAP_ALLOCATE|[279]|Bytes:4
14:37:20.0 (6585902)|HEAP_ALLOCATE|[EXTERNAL]|Bytes:-4
14:37:20.0 (6590761)|HEAP_ALLOCATE|[276]|Bytes:5
14:37:20.0 (6594421)|VARIABLE_SCOPE_BEGIN|[276]|key|String|false|false
14:37:20.0 (6598930)|VARIABLE_ASSIGNMENT|[276]|key|"Desbloqueo de PIN"
14:37:20.0 (6600957)|STATEMENT_EXECUTE|[276]
14:37:20.0 (6601823)|STATEMENT_EXECUTE|[278]
14:37:20.0 (6605667)|VARIABLE_SCOPE_BEGIN|[278]|info|Schema.RecordTypeInfo|true|false
14:37:20.0 (6627857)|VARIABLE_ASSIGNMENT|[278]|info|"common.api.soap.wsdl.RecordTypeInfo@30261dc8"|0x76267806
14:37:20.0 (6631283)|STATEMENT_EXECUTE|[279]
14:37:20.0 (6633602)|HEAP_ALLOCATE|[279]|Bytes:4
14:37:20.0 (6641278)|HEAP_ALLOCATE|[EXTERNAL]|Bytes:-4
14:37:20.0 (6649082)|HEAP_ALLOCATE|[276]|Bytes:5
14:37:20.0 (6655818)|VARIABLE_SCOPE_BEGIN|[276]|key|String|false|false
14:37:20.0 (6662872)|VARIABLE_ASSIGNMENT|[276]|key|"Desconoce transacció (8 more) ..."
14:37:20.0 (6666781)|STATEMENT_EXECUTE|[276]
14:37:20.0 (6667943)|STATEMENT_EXECUTE|[278]
14:37:20.0 (6674226)|VARIABLE_SCOPE_BEGIN|[278]|info|Schema.RecordTypeInfo|true|false
14:37:20.0 (6693862)|VARIABLE_ASSIGNMENT|[278]|info|"common.api.soap.wsdl.RecordTypeInfo@96885c8c"|0x45f9d64d
14:37:20.0 (6715866)|STATEMENT_EXECUTE|[279]
14:37:20.0 (6719136)|HEAP_ALLOCATE|[279]|Bytes:4
14:37:20.0 (6726193)|HEAP_ALLOCATE|[EXTERNAL]|Bytes:-4
14:37:20.0 (6731833)|HEAP_ALLOCATE|[276]|Bytes:5
14:37:20.0 (6735998)|VARIABLE_SCOPE_BEGIN|[276]|key|String|false|false
14:37:20.0 (6740941)|VARIABLE_ASSIGNMENT|[276]|key|"Desconoce transacció (17 more) ..."
14:37:20.0 (6743467)|STATEMENT_EXECUTE|[276]
14:37:20.0 (6744294)|STATEMENT_EXECUTE|[278]
14:37:20.0 (6748650)|VARIABLE_SCOPE_BEGIN|[278]|info|Schema.RecordTypeInfo|true|false
14:37:20.0 (6767190)|VARIABLE_ASSIGNMENT|[278]|info|"common.api.soap.wsdl.RecordTypeInfo@aec1d09b"|0x5703ab69
14:37:20.0 (6770021)|STATEMENT_EXECUTE|[279]
14:37:20.0 (6772042)|HEAP_ALLOCATE|[279]|Bytes:4
14:37:20.0 (6777546)|HEAP_ALLOCATE|[EXTERNAL]|Bytes:-4
14:37:20.0 (6782586)|HEAP_ALLOCATE|[276]|Bytes:5
14:37:20.0 (6786386)|VARIABLE_SCOPE_BEGIN|[276]|key|String|false|false
14:37:20.0 (6791051)|VARIABLE_ASSIGNMENT|[276]|key|"Emboce Centralizado"
14:37:20.0 (6793124)|STATEMENT_EXECUTE|[276]
14:37:20.0 (6793936)|STATEMENT_EXECUTE|[278]
14:37:20.0 (6798108)|VARIABLE_SCOPE_BEGIN|[278]|info|Schema.RecordTypeInfo|true|false
14:37:20.0 (6815649)|VARIABLE_ASSIGNMENT|[278]|info|"common.api.soap.wsdl.RecordTypeInfo@1e08cefd"|0x71a7f9eb
14:37:20.0 (6818593)|STATEMENT_EXECUTE|[279]
14:37:20.0 (6820480)|HEAP_ALLOCATE|[279]|Bytes:4
14:37:20.0 (6825844)|HEAP_ALLOCATE|[EXTERNAL]|Bytes:-4
14:37:20.0 (6830712)|HEAP_ALLOCATE|[276]|Bytes:5
14:37:20.0 (6834517)|VARIABLE_SCOPE_BEGIN|[276]|key|String|false|false
14:37:20.0 (6839540)|VARIABLE_ASSIGNMENT|[276]|key|"Estado de Cuenta No  (5 more) ..."
14:37:20.0 (6841698)|STATEMENT_EXECUTE|[276]
14:37:20.0 (6842535)|STATEMENT_EXECUTE|[278]
14:37:20.0 (6846434)|VARIABLE_SCOPE_BEGIN|[278]|info|Schema.RecordTypeInfo|true|false
14:37:20.0 (6863194)|VARIABLE_ASSIGNMENT|[278]|info|"common.api.soap.wsdl.RecordTypeInfo@5d8b692e"|0x34045991
14:37:20.0 (6866000)|STATEMENT_EXECUTE|[279]
14:37:20.0 (6867951)|HEAP_ALLOCATE|[279]|Bytes:4
14:37:20.0 (6873498)|HEAP_ALLOCATE|[EXTERNAL]|Bytes:-4
14:37:20.0 (6878397)|HEAP_ALLOCATE|[276]|Bytes:5
14:37:20.0 (6882342)|VARIABLE_SCOPE_BEGIN|[276]|key|String|false|false
14:37:20.0 (6887024)|VARIABLE_ASSIGNMENT|[276]|key|"Estado de Cuenta No  (14 more) ..."
14:37:20.0 (6889138)|STATEMENT_EXECUTE|[276]
14:37:20.0 (6889949)|STATEMENT_EXECUTE|[278]
14:37:20.0 (6893895)|VARIABLE_SCOPE_BEGIN|[278]|info|Schema.RecordTypeInfo|true|false
14:37:20.0 (6910391)|VARIABLE_ASSIGNMENT|[278]|info|"common.api.soap.wsdl.RecordTypeInfo@245cdfba"|0x3fc4aae2
14:37:20.0 (6913224)|STATEMENT_EXECUTE|[279]
14:37:20.0 (6915106)|HEAP_ALLOCATE|[279]|Bytes:4
14:37:20.0 (6920226)|HEAP_ALLOCATE|[EXTERNAL]|Bytes:-4
14:37:20.0 (6925124)|HEAP_ALLOCATE|[276]|Bytes:5
14:37:20.0 (6928876)|VARIABLE_SCOPE_BEGIN|[276]|key|String|false|false
14:37:20.0 (6933085)|VARIABLE_ASSIGNMENT|[276]|key|"Figital"
14:37:20.0 (6935377)|STATEMENT_EXECUTE|[276]
14:37:20.0 (6936184)|STATEMENT_EXECUTE|[278]
14:37:20.0 (6939955)|VARIABLE_SCOPE_BEGIN|[278]|info|Schema.RecordTypeInfo|true|false
14:37:20.0 (6956595)|VARIABLE_ASSIGNMENT|[278]|info|"common.api.soap.wsdl.RecordTypeInfo@7c4f98fb"|0x75d60690
14:37:20.0 (6963305)|STATEMENT_EXECUTE|[279]
14:37:20.0 (6965875)|HEAP_ALLOCATE|[279]|Bytes:4
14:37:20.0 (6971391)|HEAP_ALLOCATE|[EXTERNAL]|Bytes:-4
14:37:20.0 (6976677)|HEAP_ALLOCATE|[276]|Bytes:5
14:37:20.0 (6980620)|VARIABLE_SCOPE_BEGIN|[276]|key|String|false|false
14:37:20.0 (6985411)|VARIABLE_ASSIGNMENT|[276]|key|"Información de Promo (6 more) ..."
14:37:20.0 (6987901)|STATEMENT_EXECUTE|[276]
14:37:20.0 (6988745)|STATEMENT_EXECUTE|[278]
14:37:20.0 (6992919)|VARIABLE_SCOPE_BEGIN|[278]|info|Schema.RecordTypeInfo|true|false
14:37:20.0 (7009927)|VARIABLE_ASSIGNMENT|[278]|info|"common.api.soap.wsdl.RecordTypeInfo@cd9eb64"|0x3bf0d160
14:37:20.0 (7013367)|STATEMENT_EXECUTE|[279]
14:37:20.0 (7015402)|HEAP_ALLOCATE|[279]|Bytes:4
14:37:20.0 (7021164)|HEAP_ALLOCATE|[EXTERNAL]|Bytes:-4
14:37:20.0 (7026376)|HEAP_ALLOCATE|[276]|Bytes:5
14:37:20.0 (7030253)|VARIABLE_SCOPE_BEGIN|[276]|key|String|false|false
14:37:20.0 (7035017)|VARIABLE_ASSIGNMENT|[276]|key|"Invitación Canales D (8 more) ..."
14:37:20.0 (7037666)|STATEMENT_EXECUTE|[276]
14:37:20.0 (7038502)|STATEMENT_EXECUTE|[278]
14:37:20.0 (7042480)|VARIABLE_SCOPE_BEGIN|[278]|info|Schema.RecordTypeInfo|true|false
14:37:20.0 (7060112)|VARIABLE_ASSIGNMENT|[278]|info|"common.api.soap.wsdl.RecordTypeInfo@16f44053"|0x2d2edf5e
14:37:20.0 (7062997)|STATEMENT_EXECUTE|[279]
14:37:20.0 (7064914)|HEAP_ALLOCATE|[279]|Bytes:4
14:37:20.0 (7070316)|HEAP_ALLOCATE|[EXTERNAL]|Bytes:-4
14:37:20.0 (7075415)|HEAP_ALLOCATE|[276]|Bytes:5
14:37:20.0 (7079256)|VARIABLE_SCOPE_BEGIN|[276]|key|String|false|false
14:37:20.0 (7084004)|VARIABLE_ASSIGNMENT|[276]|key|"Liberación de Compra (9 more) ..."
14:37:20.0 (7086377)|STATEMENT_EXECUTE|[276]
14:37:20.0 (7087195)|STATEMENT_EXECUTE|[278]
14:37:20.0 (7091211)|VARIABLE_SCOPE_BEGIN|[278]|info|Schema.RecordTypeInfo|true|false
14:37:20.0 (7108910)|VARIABLE_ASSIGNMENT|[278]|info|"common.api.soap.wsdl.RecordTypeInfo@93f08065"|0x3727e3a3
14:37:20.0 (7111670)|STATEMENT_EXECUTE|[279]
14:37:20.0 (7113698)|HEAP_ALLOCATE|[279]|Bytes:4
14:37:20.0 (7119225)|HEAP_ALLOCATE|[EXTERNAL]|Bytes:-4
14:37:20.0 (7124173)|HEAP_ALLOCATE|[276]|Bytes:5
14:37:20.0 (7128196)|VARIABLE_SCOPE_BEGIN|[276]|key|String|false|false
14:37:20.0 (7133094)|VARIABLE_ASSIGNMENT|[276]|key|"Liberar Saldo Reteni (11 more) ..."
14:37:20.0 (7135173)|STATEMENT_EXECUTE|[276]
14:37:20.0 (7136041)|STATEMENT_EXECUTE|[278]
14:37:20.0 (7140188)|VARIABLE_SCOPE_BEGIN|[278]|info|Schema.RecordTypeInfo|true|false
14:37:20.0 (7157266)|VARIABLE_ASSIGNMENT|[278]|info|"common.api.soap.wsdl.RecordTypeInfo@c5ec1a81"|0x72808151
14:37:20.0 (7160001)|STATEMENT_EXECUTE|[279]
14:37:20.0 (7161849)|HEAP_ALLOCATE|[279]|Bytes:4
14:37:20.0 (7167225)|HEAP_ALLOCATE|[EXTERNAL]|Bytes:-4
14:37:20.0 (7172336)|HEAP_ALLOCATE|[276]|Bytes:5
14:37:20.0 (7176170)|VARIABLE_SCOPE_BEGIN|[276]|key|String|false|false
14:37:20.0 (7186970)|VARIABLE_ASSIGNMENT|[276]|key|"Liberar saldo reteni (2 more) ..."
14:37:20.0 (7189539)|STATEMENT_EXECUTE|[276]
14:37:20.0 (7190353)|STATEMENT_EXECUTE|[278]
14:37:20.0 (7195107)|VARIABLE_SCOPE_BEGIN|[278]|info|Schema.RecordTypeInfo|true|false
14:37:20.0 (7212675)|VARIABLE_ASSIGNMENT|[278]|info|"common.api.soap.wsdl.RecordTypeInfo@a1b19da2"|0x4fc625b0
14:37:20.0 (7215486)|STATEMENT_EXECUTE|[279]
14:37:20.0 (7217628)|HEAP_ALLOCATE|[279]|Bytes:4
14:37:20.0 (7222975)|HEAP_ALLOCATE|[EXTERNAL]|Bytes:-4
14:37:20.0 (7228049)|HEAP_ALLOCATE|[276]|Bytes:5
14:37:20.0 (7231956)|VARIABLE_SCOPE_BEGIN|[276]|key|String|false|false
14:37:20.0 (7236521)|VARIABLE_ASSIGNMENT|[276]|key|"Mal proceso de cobro"
14:37:20.0 (7238595)|STATEMENT_EXECUTE|[276]
14:37:20.0 (7239405)|STATEMENT_EXECUTE|[278]
14:37:20.0 (7243271)|VARIABLE_SCOPE_BEGIN|[278]|info|Schema.RecordTypeInfo|true|false
14:37:20.0 (7260557)|VARIABLE_ASSIGNMENT|[278]|info|"common.api.soap.wsdl.RecordTypeInfo@41b8e3ba"|0x14c9d739
14:37:20.0 (7263412)|STATEMENT_EXECUTE|[279]
14:37:20.0 (7265299)|HEAP_ALLOCATE|[279]|Bytes:4
14:37:20.0 (7275729)|HEAP_ALLOCATE|[EXTERNAL]|Bytes:-4
14:37:20.0 (7281786)|HEAP_ALLOCATE|[276]|Bytes:5
14:37:20.0 (7285874)|VARIABLE_SCOPE_BEGIN|[276]|key|String|false|false
14:37:20.0 (7290634)|VARIABLE_ASSIGNMENT|[276]|key|"Notificación Publici (3 more) ..."
14:37:20.0 (7293100)|STATEMENT_EXECUTE|[276]
14:37:20.0 (7293922)|STATEMENT_EXECUTE|[278]
14:37:20.0 (7298120)|VARIABLE_SCOPE_BEGIN|[278]|info|Schema.RecordTypeInfo|true|false
14:37:20.0 (7353823)|VARIABLE_ASSIGNMENT|[278]|info|"common.api.soap.wsdl.RecordTypeInfo@4196691a"|0x1cfb04f8
14:37:20.0 (7358175)|STATEMENT_EXECUTE|[279]
14:37:20.0 (7361313)|HEAP_ALLOCATE|[279]|Bytes:4
14:37:20.0 (7369124)|HEAP_ALLOCATE|[EXTERNAL]|Bytes:-4
14:37:20.0 (7374693)|HEAP_ALLOCATE|[276]|Bytes:5
14:37:20.0 (7378851)|VARIABLE_SCOPE_BEGIN|[276]|key|String|false|false
14:37:20.0 (7383535)|VARIABLE_ASSIGNMENT|[276]|key|"Pago No Aplicado"
14:37:20.0 (7385651)|STATEMENT_EXECUTE|[276]
14:37:20.0 (7386561)|STATEMENT_EXECUTE|[278]
14:37:20.0 (7390812)|VARIABLE_SCOPE_BEGIN|[278]|info|Schema.RecordTypeInfo|true|false
14:37:20.0 (7410644)|VARIABLE_ASSIGNMENT|[278]|info|"common.api.soap.wsdl.RecordTypeInfo@6663c20"|0x6a07943f
14:37:20.0 (7413919)|STATEMENT_EXECUTE|[279]
14:37:20.0 (7415802)|HEAP_ALLOCATE|[279]|Bytes:4
14:37:20.0 (7436613)|HEAP_ALLOCATE|[EXTERNAL]|Bytes:-4
14:37:20.0 (7442154)|HEAP_ALLOCATE|[276]|Bytes:5
14:37:20.0 (7446339)|VARIABLE_SCOPE_BEGIN|[276]|key|String|false|false
14:37:20.0 (7451460)|VARIABLE_ASSIGNMENT|[276]|key|"Pago No Aplicado (Mó (5 more) ..."
14:37:20.0 (7454128)|STATEMENT_EXECUTE|[276]
14:37:20.0 (7454966)|STATEMENT_EXECUTE|[278]
14:37:20.0 (7459088)|VARIABLE_SCOPE_BEGIN|[278]|info|Schema.RecordTypeInfo|true|false
14:37:20.0 (7477934)|VARIABLE_ASSIGNMENT|[278]|info|"common.api.soap.wsdl.RecordTypeInfo@8334e7ee"|0x1492c76a
14:37:20.0 (7480966)|STATEMENT_EXECUTE|[279]
14:37:20.0 (7482957)|HEAP_ALLOCATE|[279]|Bytes:4
14:37:20.0 (7488295)|HEAP_ALLOCATE|[EXTERNAL]|Bytes:-4
14:37:20.0 (7493292)|HEAP_ALLOCATE|[276]|Bytes:5
14:37:20.0 (7497125)|VARIABLE_SCOPE_BEGIN|[276]|key|String|false|false
14:37:20.0 (7501483)|VARIABLE_ASSIGNMENT|[276]|key|"Plan de Pagos"
14:37:20.0 (7503802)|STATEMENT_EXECUTE|[276]
14:37:20.0 (7504617)|STATEMENT_EXECUTE|[278]
14:37:20.0 (7508826)|VARIABLE_SCOPE_BEGIN|[278]|info|Schema.RecordTypeInfo|true|false
14:37:20.0 (7525845)|VARIABLE_ASSIGNMENT|[278]|info|"common.api.soap.wsdl.RecordTypeInfo@153377c6"|0x4e38bade
14:37:20.0 (7528862)|STATEMENT_EXECUTE|[279]
14:37:20.0 (7530827)|HEAP_ALLOCATE|[279]|Bytes:4
14:37:20.0 (7536085)|HEAP_ALLOCATE|[EXTERNAL]|Bytes:-4
14:37:20.0 (7541209)|HEAP_ALLOCATE|[276]|Bytes:5
14:37:20.0 (7544978)|VARIABLE_SCOPE_BEGIN|[276]|key|String|false|false
14:37:20.0 (7549720)|VARIABLE_ASSIGNMENT|[276]|key|"Promoción no Aplicad (1 more) ..."
14:37:20.0 (7552038)|STATEMENT_EXECUTE|[276]
14:37:20.0 (7552872)|STATEMENT_EXECUTE|[278]
14:37:20.0 (7556969)|VARIABLE_SCOPE_BEGIN|[278]|info|Schema.RecordTypeInfo|true|false
14:37:20.0 (7573642)|VARIABLE_ASSIGNMENT|[278]|info|"common.api.soap.wsdl.RecordTypeInfo@48530913"|0xaa0ab25
14:37:20.0 (7576591)|STATEMENT_EXECUTE|[279]
14:37:20.0 (7578493)|HEAP_ALLOCATE|[279]|Bytes:4
14:37:20.0 (7583876)|HEAP_ALLOCATE|[EXTERNAL]|Bytes:-4
14:37:20.0 (7588830)|HEAP_ALLOCATE|[276]|Bytes:5
14:37:20.0 (7592527)|VARIABLE_SCOPE_BEGIN|[276]|key|String|false|false
14:37:20.0 (7597056)|VARIABLE_ASSIGNMENT|[276]|key|"Promoción no Aplicad (10 more) ..."
14:37:20.0 (7599479)|STATEMENT_EXECUTE|[276]
14:37:20.0 (7600291)|STATEMENT_EXECUTE|[278]
14:37:20.0 (7604463)|VARIABLE_SCOPE_BEGIN|[278]|info|Schema.RecordTypeInfo|true|false
14:37:20.0 (7621885)|VARIABLE_ASSIGNMENT|[278]|info|"common.api.soap.wsdl.RecordTypeInfo@54ed86c2"|0x5cd06022
14:37:20.0 (7624804)|STATEMENT_EXECUTE|[279]
14:37:20.0 (7626708)|HEAP_ALLOCATE|[279]|Bytes:4
14:37:20.0 (7631957)|HEAP_ALLOCATE|[EXTERNAL]|Bytes:-4
14:37:20.0 (7637111)|HEAP_ALLOCATE|[276]|Bytes:5
14:37:20.0 (7640862)|VARIABLE_SCOPE_BEGIN|[276]|key|String|false|false
14:37:20.0 (7645397)|VARIABLE_ASSIGNMENT|[276]|key|"Préstamo Personal"
14:37:20.0 (7647719)|STATEMENT_EXECUTE|[276]
14:37:20.0 (7648539)|STATEMENT_EXECUTE|[278]
14:37:20.0 (7652625)|VARIABLE_SCOPE_BEGIN|[278]|info|Schema.RecordTypeInfo|true|false
14:37:20.0 (7670063)|VARIABLE_ASSIGNMENT|[278]|info|"common.api.soap.wsdl.RecordTypeInfo@e847229"|0x5e7b4545
14:37:20.0 (7673009)|STATEMENT_EXECUTE|[279]
14:37:20.0 (7674882)|HEAP_ALLOCATE|[279]|Bytes:4
14:37:20.0 (7680271)|HEAP_ALLOCATE|[EXTERNAL]|Bytes:-4
14:37:20.0 (7685287)|HEAP_ALLOCATE|[276]|Bytes:5
14:37:20.0 (7688995)|VARIABLE_SCOPE_BEGIN|[276]|key|String|false|false
14:37:20.0 (7693168)|VARIABLE_ASSIGNMENT|[276]|key|"QR"
14:37:20.0 (7695194)|STATEMENT_EXECUTE|[276]
14:37:20.0 (7696004)|STATEMENT_EXECUTE|[278]
14:37:20.0 (7700071)|VARIABLE_SCOPE_BEGIN|[278]|info|Schema.RecordTypeInfo|true|false
14:37:20.0 (7716723)|VARIABLE_ASSIGNMENT|[278]|info|"common.api.soap.wsdl.RecordTypeInfo@a3ca910f"|0x551efa1e
14:37:20.0 (7719654)|STATEMENT_EXECUTE|[279]
14:37:20.0 (7721373)|HEAP_ALLOCATE|[279]|Bytes:4
14:37:20.0 (7742272)|HEAP_ALLOCATE|[EXTERNAL]|Bytes:-4
14:37:20.0 (7748328)|HEAP_ALLOCATE|[276]|Bytes:5
14:37:20.0 (7759142)|VARIABLE_SCOPE_BEGIN|[276]|key|String|false|false
14:37:20.0 (7766271)|VARIABLE_ASSIGNMENT|[276]|key|"Quejas y Sugerencias"
14:37:20.0 (7768529)|STATEMENT_EXECUTE|[276]
14:37:20.0 (7769351)|STATEMENT_EXECUTE|[278]
14:37:20.0 (7779383)|VARIABLE_SCOPE_BEGIN|[278]|info|Schema.RecordTypeInfo|true|false
14:37:20.0 (7798662)|VARIABLE_ASSIGNMENT|[278]|info|"common.api.soap.wsdl.RecordTypeInfo@990e8655"|0x5ae88a1b
14:37:20.0 (7801739)|STATEMENT_EXECUTE|[279]
14:37:20.0 (7804360)|HEAP_ALLOCATE|[279]|Bytes:4
14:37:20.0 (7810362)|HEAP_ALLOCATE|[EXTERNAL]|Bytes:-4
14:37:20.0 (7815718)|HEAP_ALLOCATE|[276]|Bytes:5
14:37:20.0 (7819720)|VARIABLE_SCOPE_BEGIN|[276]|key|String|false|false
14:37:20.0 (7824630)|VARIABLE_ASSIGNMENT|[276]|key|"Quejas y/o Sugerenci (11 more) ..."
14:37:20.0 (7826939)|STATEMENT_EXECUTE|[276]
14:37:20.0 (7827781)|STATEMENT_EXECUTE|[278]
14:37:20.0 (7831709)|VARIABLE_SCOPE_BEGIN|[278]|info|Schema.RecordTypeInfo|true|false
14:37:20.0 (7849559)|VARIABLE_ASSIGNMENT|[278]|info|"common.api.soap.wsdl.RecordTypeInfo@c16a1b67"|0x5662014
14:37:20.0 (7852793)|STATEMENT_EXECUTE|[279]
14:37:20.0 (7854740)|HEAP_ALLOCATE|[279]|Bytes:4
14:37:20.0 (7860106)|HEAP_ALLOCATE|[EXTERNAL]|Bytes:-4
14:37:20.0 (7865123)|HEAP_ALLOCATE|[276]|Bytes:5
14:37:20.0 (7868969)|VARIABLE_SCOPE_BEGIN|[276]|key|String|false|false
14:37:20.0 (7873082)|VARIABLE_ASSIGNMENT|[276]|key|"Quita"
14:37:20.0 (7875041)|STATEMENT_EXECUTE|[276]
14:37:20.0 (7875861)|STATEMENT_EXECUTE|[278]
14:37:20.0 (7879936)|VARIABLE_SCOPE_BEGIN|[278]|info|Schema.RecordTypeInfo|true|false
14:37:20.0 (7896588)|VARIABLE_ASSIGNMENT|[278]|info|"common.api.soap.wsdl.RecordTypeInfo@537d4e99"|0x1331c90
14:37:20.0 (7899441)|STATEMENT_EXECUTE|[279]
14:37:20.0 (7901305)|HEAP_ALLOCATE|[279]|Bytes:4
14:37:20.0 (7906593)|HEAP_ALLOCATE|[EXTERNAL]|Bytes:-4
14:37:20.0 (7911408)|HEAP_ALLOCATE|[276]|Bytes:5
14:37:20.0 (7915097)|VARIABLE_SCOPE_BEGIN|[276]|key|String|false|false
14:37:20.0 (7934572)|VARIABLE_ASSIGNMENT|[276]|key|"REDECO"
14:37:20.0 (7936784)|STATEMENT_EXECUTE|[276]
14:37:20.0 (7937595)|STATEMENT_EXECUTE|[278]
14:37:20.0 (7942357)|VARIABLE_SCOPE_BEGIN|[278]|info|Schema.RecordTypeInfo|true|false
14:37:20.0 (7960496)|VARIABLE_ASSIGNMENT|[278]|info|"common.api.soap.wsdl.RecordTypeInfo@21ba273d"|0x235fd8a2
14:37:20.0 (7974817)|STATEMENT_EXECUTE|[279]
14:37:20.0 (7977672)|HEAP_ALLOCATE|[279]|Bytes:4
14:37:20.0 (7983914)|HEAP_ALLOCATE|[EXTERNAL]|Bytes:-4
14:37:20.0 (7989369)|HEAP_ALLOCATE|[276]|Bytes:5
14:37:20.0 (7993241)|VARIABLE_SCOPE_BEGIN|[276]|key|String|false|false
14:37:20.0 (7998281)|VARIABLE_ASSIGNMENT|[276]|key|"Reenvío de Estado de (7 more) ..."
14:37:20.0 (8000853)|STATEMENT_EXECUTE|[276]
14:37:20.0 (8002109)|STATEMENT_EXECUTE|[278]
14:37:20.0 (8006267)|VARIABLE_SCOPE_BEGIN|[278]|info|Schema.RecordTypeInfo|true|false
14:37:20.0 (8029407)|VARIABLE_ASSIGNMENT|[278]|info|"common.api.soap.wsdl.RecordTypeInfo@2f4fb732"|0x3df92680
14:37:20.0 (8032473)|STATEMENT_EXECUTE|[279]
14:37:20.0 (8035011)|HEAP_ALLOCATE|[279]|Bytes:4
14:37:20.0 (8040940)|HEAP_ALLOCATE|[EXTERNAL]|Bytes:-4
14:37:20.0 (8046152)|HEAP_ALLOCATE|[276]|Bytes:5
14:37:20.0 (8050187)|VARIABLE_SCOPE_BEGIN|[276]|key|String|false|false
14:37:20.0 (8054530)|VARIABLE_ASSIGNMENT|[276]|key|"Reestructura"
14:37:20.0 (8056678)|STATEMENT_EXECUTE|[276]
14:37:20.0 (8057503)|STATEMENT_EXECUTE|[278]
14:37:20.0 (8061526)|VARIABLE_SCOPE_BEGIN|[278]|info|Schema.RecordTypeInfo|true|false
14:37:20.0 (8078653)|VARIABLE_ASSIGNMENT|[278]|info|"common.api.soap.wsdl.RecordTypeInfo@f96295ed"|0x9abd7ab
14:37:20.0 (8081438)|STATEMENT_EXECUTE|[279]
14:37:20.0 (8083356)|HEAP_ALLOCATE|[279]|Bytes:4
14:37:20.0 (8106927)|HEAP_ALLOCATE|[EXTERNAL]|Bytes:-4
14:37:20.0 (8112833)|HEAP_ALLOCATE|[276]|Bytes:5
14:37:20.0 (8116731)|VARIABLE_SCOPE_BEGIN|[276]|key|String|false|false
14:37:20.0 (8121106)|VARIABLE_ASSIGNMENT|[276]|key|"Remisión"
14:37:20.0 (8123815)|STATEMENT_EXECUTE|[276]
14:37:20.0 (8124647)|STATEMENT_EXECUTE|[278]
14:37:20.0 (8128756)|VARIABLE_SCOPE_BEGIN|[278]|info|Schema.RecordTypeInfo|true|false
14:37:20.0 (8152221)|VARIABLE_ASSIGNMENT|[278]|info|"common.api.soap.wsdl.RecordTypeInfo@e1e2d95d"|0x10e58d92
14:37:20.0 (8155540)|STATEMENT_EXECUTE|[279]
14:37:20.0 (8157916)|HEAP_ALLOCATE|[279]|Bytes:4
14:37:20.0 (8163515)|HEAP_ALLOCATE|[EXTERNAL]|Bytes:-4
14:37:20.0 (8168772)|HEAP_ALLOCATE|[276]|Bytes:5
14:37:20.0 (8172538)|VARIABLE_SCOPE_BEGIN|[276]|key|String|false|false
14:37:20.0 (8177042)|VARIABLE_ASSIGNMENT|[276]|key|"Renegociación"
14:37:20.0 (8179533)|STATEMENT_EXECUTE|[276]
14:37:20.0 (8180373)|STATEMENT_EXECUTE|[278]
14:37:20.0 (8184345)|VARIABLE_SCOPE_BEGIN|[278]|info|Schema.RecordTypeInfo|true|false
14:37:20.0 (8201392)|VARIABLE_ASSIGNMENT|[278]|info|"common.api.soap.wsdl.RecordTypeInfo@23cd8d41"|0x4d22dde4
14:37:20.0 (8204079)|STATEMENT_EXECUTE|[279]
14:37:20.0 (8206029)|HEAP_ALLOCATE|[279]|Bytes:4
14:37:20.0 (8211213)|HEAP_ALLOCATE|[EXTERNAL]|Bytes:-4
14:37:20.0 (8231265)|HEAP_ALLOCATE|[276]|Bytes:5
14:37:20.0 (8236336)|VARIABLE_SCOPE_BEGIN|[276]|key|String|false|false
14:37:20.0 (8241381)|VARIABLE_ASSIGNMENT|[276]|key|"Reporte por Deterior (1 more) ..."
14:37:20.0 (8243629)|STATEMENT_EXECUTE|[276]
14:37:20.0 (8244630)|STATEMENT_EXECUTE|[278]
14:37:20.0 (8248794)|VARIABLE_SCOPE_BEGIN|[278]|info|Schema.RecordTypeInfo|true|false
14:37:20.0 (8272912)|VARIABLE_ASSIGNMENT|[278]|info|"common.api.soap.wsdl.RecordTypeInfo@d6e6859d"|0x399b3fe6
14:37:20.0 (8276177)|STATEMENT_EXECUTE|[279]
14:37:20.0 (8278597)|HEAP_ALLOCATE|[279]|Bytes:4
14:37:20.0 (8284323)|HEAP_ALLOCATE|[EXTERNAL]|Bytes:-4
14:37:20.0 (8289546)|HEAP_ALLOCATE|[276]|Bytes:5
14:37:20.0 (8293617)|VARIABLE_SCOPE_BEGIN|[276]|key|String|false|false
14:37:20.0 (8298371)|VARIABLE_ASSIGNMENT|[276]|key|"Reporte por Retenció (8 more) ..."
14:37:20.0 (8300826)|STATEMENT_EXECUTE|[276]
14:37:20.0 (8301661)|STATEMENT_EXECUTE|[278]
14:37:20.0 (8305705)|VARIABLE_SCOPE_BEGIN|[278]|info|Schema.RecordTypeInfo|true|false
14:37:20.0 (8322995)|VARIABLE_ASSIGNMENT|[278]|info|"common.api.soap.wsdl.RecordTypeInfo@e985f6a7"|0x6e5aa1f1
14:37:20.0 (8325802)|STATEMENT_EXECUTE|[279]
14:37:20.0 (8327705)|HEAP_ALLOCATE|[279]|Bytes:4
14:37:20.0 (8332930)|HEAP_ALLOCATE|[EXTERNAL]|Bytes:-4
14:37:20.0 (8338085)|HEAP_ALLOCATE|[276]|Bytes:5
14:37:20.0 (8341801)|VARIABLE_SCOPE_BEGIN|[276]|key|String|false|false
14:37:20.0 (8346503)|VARIABLE_ASSIGNMENT|[276]|key|"Reporte por Robo o E (7 more) ..."
14:37:20.0 (8348626)|STATEMENT_EXECUTE|[276]
14:37:20.0 (8349461)|STATEMENT_EXECUTE|[278]
14:37:20.0 (8353433)|VARIABLE_SCOPE_BEGIN|[278]|info|Schema.RecordTypeInfo|true|false
14:37:20.0 (8370657)|VARIABLE_ASSIGNMENT|[278]|info|"common.api.soap.wsdl.RecordTypeInfo@ed6b1696"|0x52ef28b5
14:37:20.0 (8373705)|STATEMENT_EXECUTE|[279]
14:37:20.0 (8375495)|HEAP_ALLOCATE|[279]|Bytes:4
14:37:20.0 (8380871)|HEAP_ALLOCATE|[EXTERNAL]|Bytes:-4
14:37:20.0 (8385707)|HEAP_ALLOCATE|[276]|Bytes:5
14:37:20.0 (8389462)|VARIABLE_SCOPE_BEGIN|[276]|key|String|false|false
14:37:20.0 (8393535)|VARIABLE_ASSIGNMENT|[276]|key|"Reposición"
14:37:20.0 (8395946)|STATEMENT_EXECUTE|[276]
14:37:20.0 (8396758)|STATEMENT_EXECUTE|[278]
14:37:20.0 (8422002)|VARIABLE_SCOPE_BEGIN|[278]|info|Schema.RecordTypeInfo|true|false
14:37:20.0 (8440982)|VARIABLE_ASSIGNMENT|[278]|info|"common.api.soap.wsdl.RecordTypeInfo@bc60712d"|0x97902f1
14:37:20.0 (8448424)|STATEMENT_EXECUTE|[279]
14:37:20.0 (8451010)|HEAP_ALLOCATE|[279]|Bytes:4
14:37:20.0 (8457072)|HEAP_ALLOCATE|[EXTERNAL]|Bytes:-4
14:37:20.0 (8462415)|HEAP_ALLOCATE|[276]|Bytes:5
14:37:20.0 (8466196)|VARIABLE_SCOPE_BEGIN|[276]|key|String|false|false
14:37:20.0 (8471102)|VARIABLE_ASSIGNMENT|[276]|key|"Retención de Titular"
14:37:20.0 (8473475)|STATEMENT_EXECUTE|[276]
14:37:20.0 (8474304)|STATEMENT_EXECUTE|[278]
14:37:20.0 (8478376)|VARIABLE_SCOPE_BEGIN|[278]|info|Schema.RecordTypeInfo|true|false
14:37:20.0 (8512680)|VARIABLE_ASSIGNMENT|[278]|info|"common.api.soap.wsdl.RecordTypeInfo@a96fa95b"|0x69fd7837
14:37:20.0 (8515951)|STATEMENT_EXECUTE|[279]
14:37:20.0 (8518271)|HEAP_ALLOCATE|[279]|Bytes:4
14:37:20.0 (8524281)|HEAP_ALLOCATE|[EXTERNAL]|Bytes:-4
14:37:20.0 (8529526)|HEAP_ALLOCATE|[276]|Bytes:5
14:37:20.0 (8533395)|VARIABLE_SCOPE_BEGIN|[276]|key|String|false|false
14:37:20.0 (8538496)|VARIABLE_ASSIGNMENT|[276]|key|"Retiro de Efectivo e (14 more) ..."
14:37:20.0 (8557069)|STATEMENT_EXECUTE|[276]
14:37:20.0 (8558361)|STATEMENT_EXECUTE|[278]
14:37:20.0 (8563629)|VARIABLE_SCOPE_BEGIN|[278]|info|Schema.RecordTypeInfo|true|false
14:37:20.0 (8583691)|VARIABLE_ASSIGNMENT|[278]|info|"common.api.soap.wsdl.RecordTypeInfo@91248e51"|0x529309d0
14:37:20.0 (8586799)|STATEMENT_EXECUTE|[279]
14:37:20.0 (8589091)|HEAP_ALLOCATE|[279]|Bytes:4
14:37:20.0 (8601104)|HEAP_ALLOCATE|[EXTERNAL]|Bytes:-4
14:37:20.0 (8606567)|HEAP_ALLOCATE|[276]|Bytes:5
14:37:20.0 (8610501)|VARIABLE_SCOPE_BEGIN|[276]|key|String|false|false
14:37:20.0 (8615300)|VARIABLE_ASSIGNMENT|[276]|key|"Retiro de efectivo e (5 more) ..."
14:37:20.0 (8617460)|STATEMENT_EXECUTE|[276]
14:37:20.0 (8618295)|STATEMENT_EXECUTE|[278]
14:37:20.0 (8622808)|VARIABLE_SCOPE_BEGIN|[278]|info|Schema.RecordTypeInfo|true|false
14:37:20.0 (8640459)|VARIABLE_ASSIGNMENT|[278]|info|"common.api.soap.wsdl.RecordTypeInfo@20767856"|0x799229b7
14:37:20.0 (8643528)|STATEMENT_EXECUTE|[279]
14:37:20.0 (8645653)|HEAP_ALLOCATE|[279]|Bytes:4
14:37:20.0 (8651009)|HEAP_ALLOCATE|[EXTERNAL]|Bytes:-4
14:37:20.0 (8656179)|HEAP_ALLOCATE|[276]|Bytes:5
14:37:20.0 (8660176)|VARIABLE_SCOPE_BEGIN|[276]|key|String|false|false
14:37:20.0 (8664541)|VARIABLE_ASSIGNMENT|[276]|key|"Retorno de Tarjeta"
14:37:20.0 (8666707)|STATEMENT_EXECUTE|[276]
14:37:20.0 (8667509)|STATEMENT_EXECUTE|[278]
14:37:20.0 (8671392)|VARIABLE_SCOPE_BEGIN|[278]|info|Schema.RecordTypeInfo|true|false
14:37:20.0 (8688228)|VARIABLE_ASSIGNMENT|[278]|info|"common.api.soap.wsdl.RecordTypeInfo@6bda56db"|0x38bdd2fe
14:37:20.0 (8691104)|STATEMENT_EXECUTE|[279]
14:37:20.0 (8693229)|HEAP_ALLOCATE|[279]|Bytes:4
14:37:20.0 (8698367)|HEAP_ALLOCATE|[EXTERNAL]|Bytes:-4
14:37:20.0 (8703670)|HEAP_ALLOCATE|[276]|Bytes:5
14:37:20.0 (8707353)|VARIABLE_SCOPE_BEGIN|[276]|key|String|false|false
14:37:20.0 (8711939)|VARIABLE_ASSIGNMENT|[276]|key|"Reversa de Anualidad"
14:37:20.0 (8726306)|STATEMENT_EXECUTE|[276]
14:37:20.0 (8727518)|STATEMENT_EXECUTE|[278]
14:37:20.0 (8732474)|VARIABLE_SCOPE_BEGIN|[278]|info|Schema.RecordTypeInfo|true|false
14:37:20.0 (8750880)|VARIABLE_ASSIGNMENT|[278]|info|"common.api.soap.wsdl.RecordTypeInfo@95e3f3eb"|0x3a03391e
14:37:20.0 (8753629)|STATEMENT_EXECUTE|[279]
14:37:20.0 (8755784)|HEAP_ALLOCATE|[279]|Bytes:4
14:37:20.0 (8777174)|HEAP_ALLOCATE|[EXTERNAL]|Bytes:-4
14:37:20.0 (8783312)|HEAP_ALLOCATE|[276]|Bytes:5
14:37:20.0 (8787270)|VARIABLE_SCOPE_BEGIN|[276]|key|String|false|false
14:37:20.0 (8791964)|VARIABLE_ASSIGNMENT|[276]|key|"Reversa de Anualidad (9 more) ..."
14:37:20.0 (8794343)|STATEMENT_EXECUTE|[276]
14:37:20.0 (8795154)|STATEMENT_EXECUTE|[278]
14:37:20.0 (8799131)|VARIABLE_SCOPE_BEGIN|[278]|info|Schema.RecordTypeInfo|true|false
14:37:20.0 (8832081)|VARIABLE_ASSIGNMENT|[278]|info|"common.api.soap.wsdl.RecordTypeInfo@a08d19ba"|0x70146a07
14:37:20.0 (8835734)|STATEMENT_EXECUTE|[279]
14:37:20.0 (8838114)|HEAP_ALLOCATE|[279]|Bytes:4
14:37:20.0 (8843838)|HEAP_ALLOCATE|[EXTERNAL]|Bytes:-4
14:37:20.0 (8849444)|HEAP_ALLOCATE|[276]|Bytes:5
14:37:20.0 (8853460)|VARIABLE_SCOPE_BEGIN|[276]|key|String|false|false
14:37:20.0 (8858054)|VARIABLE_ASSIGNMENT|[276]|key|"Reversa de Comisión"
14:37:20.0 (8860502)|STATEMENT_EXECUTE|[276]
14:37:20.0 (8861353)|STATEMENT_EXECUTE|[278]
14:37:20.0 (8865547)|VARIABLE_SCOPE_BEGIN|[278]|info|Schema.RecordTypeInfo|true|false
14:37:20.0 (8883404)|VARIABLE_ASSIGNMENT|[278]|info|"common.api.soap.wsdl.RecordTypeInfo@c12cbb8e"|0x18a33a23
14:37:20.0 (8886285)|STATEMENT_EXECUTE|[279]
14:37:20.0 (8888145)|HEAP_ALLOCATE|[279]|Bytes:4
14:37:20.0 (8893253)|HEAP_ALLOCATE|[EXTERNAL]|Bytes:-4
14:37:20.0 (8898220)|HEAP_ALLOCATE|[276]|Bytes:5
14:37:20.0 (8902008)|VARIABLE_SCOPE_BEGIN|[276]|key|String|false|false
14:37:20.0 (8906777)|VARIABLE_ASSIGNMENT|[276]|key|"Reversa de Comisión  (8 more) ..."
14:37:20.0 (8914476)|STATEMENT_EXECUTE|[276]
14:37:20.0 (8915315)|STATEMENT_EXECUTE|[278]
14:37:20.0 (8919869)|VARIABLE_SCOPE_BEGIN|[278]|info|Schema.RecordTypeInfo|true|false
14:37:20.0 (8937139)|VARIABLE_ASSIGNMENT|[278]|info|"common.api.soap.wsdl.RecordTypeInfo@af5255b"|0x4edf21eb
14:37:20.0 (8940255)|STATEMENT_EXECUTE|[279]
14:37:20.0 (8942349)|HEAP_ALLOCATE|[279]|Bytes:4
14:37:20.0 (8947861)|HEAP_ALLOCATE|[EXTERNAL]|Bytes:-4
14:37:20.0 (8953069)|HEAP_ALLOCATE|[276]|Bytes:5
14:37:20.0 (8956949)|VARIABLE_SCOPE_BEGIN|[276]|key|String|false|false
14:37:20.0 (8961287)|VARIABLE_ASSIGNMENT|[276]|key|"Riesgos/Originación"
14:37:20.0 (8963583)|STATEMENT_EXECUTE|[276]
14:37:20.0 (8964408)|STATEMENT_EXECUTE|[278]
14:37:20.0 (8968286)|VARIABLE_SCOPE_BEGIN|[278]|info|Schema.RecordTypeInfo|true|false
14:37:20.0 (8985130)|VARIABLE_ASSIGNMENT|[278]|info|"common.api.soap.wsdl.RecordTypeInfo@b4223aba"|0x6d373ae7
14:37:20.0 (8988013)|STATEMENT_EXECUTE|[279]
14:37:20.0 (8989960)|HEAP_ALLOCATE|[279]|Bytes:4
14:37:20.0 (8995202)|HEAP_ALLOCATE|[EXTERNAL]|Bytes:-4
14:37:20.0 (9000166)|HEAP_ALLOCATE|[276]|Bytes:5
14:37:20.0 (9004252)|VARIABLE_SCOPE_BEGIN|[276]|key|String|false|false
14:37:20.0 (9008532)|VARIABLE_ASSIGNMENT|[276]|key|"Saldo a Favor"
14:37:20.0 (9010771)|STATEMENT_EXECUTE|[276]
14:37:20.0 (9011609)|STATEMENT_EXECUTE|[278]
14:37:20.0 (9015739)|VARIABLE_SCOPE_BEGIN|[278]|info|Schema.RecordTypeInfo|true|false
14:37:20.0 (9038403)|VARIABLE_ASSIGNMENT|[278]|info|"common.api.soap.wsdl.RecordTypeInfo@3723677e"|0x3e203114
14:37:20.0 (9041540)|STATEMENT_EXECUTE|[279]
14:37:20.0 (9043765)|HEAP_ALLOCATE|[279]|Bytes:4
14:37:20.0 (9049302)|HEAP_ALLOCATE|[EXTERNAL]|Bytes:-4
14:37:20.0 (9054408)|HEAP_ALLOCATE|[276]|Bytes:5
14:37:20.0 (9058194)|VARIABLE_SCOPE_BEGIN|[276]|key|String|false|false
14:37:20.0 (9062603)|VARIABLE_ASSIGNMENT|[276]|key|"Seguimiento a Folios"
14:37:20.0 (9064700)|STATEMENT_EXECUTE|[276]
14:37:20.0 (9065532)|STATEMENT_EXECUTE|[278]
14:37:20.0 (9069424)|VARIABLE_SCOPE_BEGIN|[278]|info|Schema.RecordTypeInfo|true|false
14:37:20.0 (9086486)|VARIABLE_ASSIGNMENT|[278]|info|"common.api.soap.wsdl.RecordTypeInfo@eb3cbf33"|0x3fd376d1
14:37:20.0 (9089388)|STATEMENT_EXECUTE|[279]
14:37:20.0 (9091320)|HEAP_ALLOCATE|[279]|Bytes:4
14:37:20.0 (9096670)|HEAP_ALLOCATE|[EXTERNAL]|Bytes:-4
14:37:20.0 (9101575)|HEAP_ALLOCATE|[276]|Bytes:5
14:37:20.0 (9130739)|VARIABLE_SCOPE_BEGIN|[276]|key|String|false|false
14:37:20.0 (9135649)|VARIABLE_ASSIGNMENT|[276]|key|"Solicitud de Contrat (1 more) ..."
14:37:20.0 (9138011)|STATEMENT_EXECUTE|[276]
14:37:20.0 (9138853)|STATEMENT_EXECUTE|[278]
14:37:20.0 (9143378)|VARIABLE_SCOPE_BEGIN|[278]|info|Schema.RecordTypeInfo|true|false
14:37:20.0 (9166678)|VARIABLE_ASSIGNMENT|[278]|info|"common.api.soap.wsdl.RecordTypeInfo@7488117c"|0x834d8b9
14:37:20.0 (9169943)|STATEMENT_EXECUTE|[279]
14:37:20.0 (9172334)|HEAP_ALLOCATE|[279]|Bytes:4
14:37:20.0 (9178563)|HEAP_ALLOCATE|[EXTERNAL]|Bytes:-4
14:37:20.0 (9183863)|HEAP_ALLOCATE|[276]|Bytes:5
14:37:20.0 (9188179)|VARIABLE_SCOPE_BEGIN|[276]|key|String|false|false
14:37:20.0 (9192865)|VARIABLE_ASSIGNMENT|[276]|key|"Soporte a Módulo"
14:37:20.0 (9195515)|STATEMENT_EXECUTE|[276]
14:37:20.0 (9196331)|STATEMENT_EXECUTE|[278]
14:37:20.0 (9200445)|VARIABLE_SCOPE_BEGIN|[278]|info|Schema.RecordTypeInfo|true|false
14:37:20.0 (9217709)|VARIABLE_ASSIGNMENT|[278]|info|"common.api.soap.wsdl.RecordTypeInfo@a144407d"|0x5c803b5a
14:37:20.0 (9220709)|STATEMENT_EXECUTE|[279]
14:37:20.0 (9222591)|HEAP_ALLOCATE|[279]|Bytes:4
14:37:20.0 (9227875)|HEAP_ALLOCATE|[EXTERNAL]|Bytes:-4
14:37:20.0 (9232856)|HEAP_ALLOCATE|[276]|Bytes:5
14:37:20.0 (9236601)|VARIABLE_SCOPE_BEGIN|[276]|key|String|false|false
14:37:20.0 (9240931)|VARIABLE_ASSIGNMENT|[276]|key|"Sospecha de Fraude"
14:37:20.0 (9243045)|STATEMENT_EXECUTE|[276]
14:37:20.0 (9243863)|STATEMENT_EXECUTE|[278]
14:37:20.0 (9248172)|VARIABLE_SCOPE_BEGIN|[278]|info|Schema.RecordTypeInfo|true|false
14:37:20.0 (9285474)|VARIABLE_ASSIGNMENT|[278]|info|"common.api.soap.wsdl.RecordTypeInfo@6c3b7acf"|0x6397094f
14:37:20.0 (9290101)|STATEMENT_EXECUTE|[279]
14:37:20.0 (9293663)|HEAP_ALLOCATE|[279]|Bytes:4
14:37:20.0 (9305626)|HEAP_ALLOCATE|[EXTERNAL]|Bytes:-4
14:37:20.0 (9313322)|HEAP_ALLOCATE|[276]|Bytes:5
14:37:20.0 (9337568)|VARIABLE_SCOPE_BEGIN|[276]|key|String|false|false
14:37:20.0 (9345804)|VARIABLE_ASSIGNMENT|[276]|key|"Sospecha de fraudes  (8 more) ..."
14:37:20.0 (9348396)|STATEMENT_EXECUTE|[276]
14:37:20.0 (9349218)|STATEMENT_EXECUTE|[278]
14:37:20.0 (9354506)|VARIABLE_SCOPE_BEGIN|[278]|info|Schema.RecordTypeInfo|true|false
14:37:20.0 (9376006)|VARIABLE_ASSIGNMENT|[278]|info|"common.api.soap.wsdl.RecordTypeInfo@8088bf01"|0x47568e12
14:37:20.0 (9379358)|STATEMENT_EXECUTE|[279]
14:37:20.0 (9381927)|HEAP_ALLOCATE|[279]|Bytes:4
14:37:20.0 (9388690)|HEAP_ALLOCATE|[EXTERNAL]|Bytes:-4
14:37:20.0 (9394086)|HEAP_ALLOCATE|[276]|Bytes:5
14:37:20.0 (9398038)|VARIABLE_SCOPE_BEGIN|[276]|key|String|false|false
14:37:20.0 (9413593)|VARIABLE_ASSIGNMENT|[276]|key|"Tarjeta de Crédito"
14:37:20.0 (9416660)|STATEMENT_EXECUTE|[276]
14:37:20.0 (9417499)|STATEMENT_EXECUTE|[278]
14:37:20.0 (9422298)|VARIABLE_SCOPE_BEGIN|[278]|info|Schema.RecordTypeInfo|true|false
14:37:20.0 (9440710)|VARIABLE_ASSIGNMENT|[278]|info|"common.api.soap.wsdl.RecordTypeInfo@5d93dd17"|0x69096751
14:37:20.0 (9443962)|STATEMENT_EXECUTE|[279]
14:37:20.0 (9446187)|HEAP_ALLOCATE|[279]|Bytes:4
14:37:20.0 (9458487)|HEAP_ALLOCATE|[EXTERNAL]|Bytes:-4
14:37:20.0 (9525114)|HEAP_ALLOCATE|[276]|Bytes:5
14:37:20.0 (9529833)|VARIABLE_SCOPE_BEGIN|[276]|key|String|false|false
14:37:20.0 (9534993)|VARIABLE_ASSIGNMENT|[276]|key|"Tarjeta no pasa"
14:37:20.0 (9537277)|STATEMENT_EXECUTE|[276]
14:37:20.0 (9538156)|STATEMENT_EXECUTE|[278]
14:37:20.0 (9542609)|VARIABLE_SCOPE_BEGIN|[278]|info|Schema.RecordTypeInfo|true|false
14:37:20.0 (9562312)|VARIABLE_ASSIGNMENT|[278]|info|"common.api.soap.wsdl.RecordTypeInfo@e5bf180e"|0x340ecbc1
14:37:20.0 (9565527)|STATEMENT_EXECUTE|[279]
14:37:20.0 (9567787)|HEAP_ALLOCATE|[279]|Bytes:4
14:37:20.0 (9574077)|HEAP_ALLOCATE|[EXTERNAL]|Bytes:-4
14:37:20.0 (9579361)|HEAP_ALLOCATE|[276]|Bytes:5
14:37:20.0 (9583133)|VARIABLE_SCOPE_BEGIN|[276]|key|String|false|false
14:37:20.0 (9588056)|VARIABLE_ASSIGNMENT|[276]|key|"Tarjeta no pasa (Mód (4 more) ..."
14:37:20.0 (9603971)|STATEMENT_EXECUTE|[276]
14:37:20.0 (9605033)|STATEMENT_EXECUTE|[278]
14:37:20.0 (9609811)|VARIABLE_SCOPE_BEGIN|[278]|info|Schema.RecordTypeInfo|true|false
14:37:20.0 (9628495)|VARIABLE_ASSIGNMENT|[278]|info|"common.api.soap.wsdl.RecordTypeInfo@aa34942d"|0x6f88717e
14:37:20.0 (9631462)|STATEMENT_EXECUTE|[279]
14:37:20.0 (9633767)|HEAP_ALLOCATE|[279]|Bytes:4
14:37:20.0 (9639515)|HEAP_ALLOCATE|[EXTERNAL]|Bytes:-4
14:37:20.0 (9644636)|HEAP_ALLOCATE|[276]|Bytes:5
14:37:20.0 (9664590)|VARIABLE_SCOPE_BEGIN|[276]|key|String|false|false
14:37:20.0 (9669172)|VARIABLE_ASSIGNMENT|[276]|key|"Up Grade"
14:37:20.0 (9671391)|STATEMENT_EXECUTE|[276]
14:37:20.0 (9672242)|STATEMENT_EXECUTE|[278]
14:37:20.0 (9676418)|VARIABLE_SCOPE_BEGIN|[278]|info|Schema.RecordTypeInfo|true|false
14:37:20.0 (9699958)|VARIABLE_ASSIGNMENT|[278]|info|"common.api.soap.wsdl.RecordTypeInfo@f6ba334"|0x1c5d5483
14:37:20.0 (9703262)|STATEMENT_EXECUTE|[279]
14:37:20.0 (9705655)|HEAP_ALLOCATE|[279]|Bytes:4
14:37:20.0 (9711705)|HEAP_ALLOCATE|[EXTERNAL]|Bytes:-4
14:37:20.0 (9717016)|HEAP_ALLOCATE|[276]|Bytes:5
14:37:20.0 (9720870)|VARIABLE_SCOPE_BEGIN|[276]|key|String|false|false
14:37:20.0 (9725415)|VARIABLE_ASSIGNMENT|[276]|key|"WEB"
14:37:20.0 (9727501)|STATEMENT_EXECUTE|[276]
14:37:20.0 (9728329)|STATEMENT_EXECUTE|[278]
14:37:20.0 (9732243)|VARIABLE_SCOPE_BEGIN|[278]|info|Schema.RecordTypeInfo|true|false
14:37:20.0 (9749743)|VARIABLE_ASSIGNMENT|[278]|info|"common.api.soap.wsdl.RecordTypeInfo@288d39b"|0x3ecc8bb6
14:37:20.0 (9752796)|STATEMENT_EXECUTE|[279]
14:37:20.0 (9754784)|HEAP_ALLOCATE|[279]|Bytes:4
14:37:20.0 (9759976)|HEAP_ALLOCATE|[EXTERNAL]|Bytes:-4
14:37:20.0 (9765181)|HEAP_ALLOCATE|[276]|Bytes:5
14:37:20.0 (9768999)|VARIABLE_SCOPE_BEGIN|[276]|key|String|false|false
14:37:20.0 (9773063)|VARIABLE_ASSIGNMENT|[276]|key|"Master"
14:37:20.0 (9775239)|STATEMENT_EXECUTE|[276]
14:37:20.0 (9776069)|STATEMENT_EXECUTE|[278]
14:37:20.0 (9780003)|VARIABLE_SCOPE_BEGIN|[278]|info|Schema.RecordTypeInfo|true|false
14:37:20.0 (9797439)|VARIABLE_ASSIGNMENT|[278]|info|"common.api.soap.wsdl.RecordTypeInfo@414d784a"|0x7c5e0f6d
14:37:20.0 (9800594)|STATEMENT_EXECUTE|[279]
14:37:20.0 (9802420)|HEAP_ALLOCATE|[279]|Bytes:4
14:37:20.0 (9807706)|HEAP_ALLOCATE|[EXTERNAL]|Bytes:-4
14:37:20.0 (9812756)|HEAP_ALLOCATE|[276]|Bytes:5
14:37:20.0 (9819211)|VARIABLE_ASSIGNMENT|[276]|key|null
14:37:20.0 (9823616)|STATEMENT_EXECUTE|[283]
14:37:20.9 (9884046)|CUMULATIVE_LIMIT_USAGE
14:37:20.9 (9884046)|LIMIT_USAGE_FOR_NS|(default)|
  Number of SOQL queries: 0 out of 100
  Number of query rows: 0 out of 50000
  Number of SOSL queries: 0 out of 20
  Number of DML statements: 0 out of 150
  Number of Publish Immediate DML: 0 out of 150
  Number of DML rows: 0 out of 10000
  Maximum CPU time: 0 out of 10000
  Maximum heap size: 0 out of 6000000
  Number of callouts: 0 out of 100
  Number of Email Invocations: 0 out of 10
  Number of future calls: 0 out of 50
  Number of queueable jobs added to the queue: 0 out of 50
  Number of Mobile Apex push calls: 0 out of 10

14:37:20.9 (9884046)|CUMULATIVE_LIMIT_USAGE_END

14:37:20.0 (9924443)|CODE_UNIT_FINISHED|AuthenticateCustomerController.getCaseRecordTypesByName()
14:37:20.0 (10267364)|CODE_UNIT_FINISHED|apex://AuthenticateCustomerController/ACTION$getCaseRecordTypesByName
14:37:20.0 (10274667)|EXECUTION_FINISHED
