66.0 APEX_CODE,FINEST;APEX_PROFILING,INFO;CALLOUT,INFO;DATA_ACCESS,INFO;DB,INFO;NBA,INFO;SYSTEM,DEBUG;VALIDATION,INFO;VISUALFORCE,INFO;WAVE,INFO;WORKFLOW,INFO
14:50:39.0 (176812)|USER_INFO|[EXTERNAL]|0051N000005gvau|etrevinofalabella@izeicg.com.uat|(GMT-06:00) Central Standard Time (America/Mexico_City)|GMT-06:00
14:50:39.0 (212606)|EXECUTION_STARTED
14:50:39.0 (222092)|CODE_UNIT_STARTED|[EXTERNAL]|apex://validateQuestionsController/ACTION$getValidationToday
14:50:39.0 (3366415)|CODE_UNIT_STARTED|[EXTERNAL]|01p0v000003Gv5u|validateQuestionsController.getValidationToday(String)
14:50:39.0 (3615153)|HEAP_ALLOCATE|[95]|Bytes:3
14:50:39.0 (3685584)|HEAP_ALLOCATE|[100]|Bytes:152
14:50:39.0 (3699742)|HEAP_ALLOCATE|[417]|Bytes:408
14:50:39.0 (3710155)|HEAP_ALLOCATE|[430]|Bytes:408
14:50:39.0 (3729758)|HEAP_ALLOCATE|[317]|Bytes:6
14:50:39.0 (3739149)|HEAP_ALLOCATE|[EXTERNAL]|Bytes:27
14:50:39.0 (3742599)|HEAP_ALLOCATE|[EXTERNAL]|Bytes:11
14:50:39.0 (3749713)|METHOD_ENTRY|[15]|01p0v000003Gv5u|validateQuestionsController.validateQuestionsController()
14:50:39.0 (3754907)|STATEMENT_EXECUTE|[15]
14:50:39.0 (3759448)|STATEMENT_EXECUTE|[15]
14:50:39.0 (3762879)|METHOD_EXIT|[15]|validateQuestionsController
14:50:39.0 (3767039)|HEAP_ALLOCATE|[EXTERNAL]|Bytes:18
14:50:39.0 (3782118)|VARIABLE_SCOPE_BEGIN|[58]|customerId|String|false|false
14:50:39.0 (3843288)|VARIABLE_ASSIGNMENT|[58]|customerId|"0010v00000KlWodAAF"
14:50:39.0 (3851293)|STATEMENT_EXECUTE|[58]
14:50:39.0 (3852198)|STATEMENT_EXECUTE|[59]
14:50:39.0 (4165272)|HEAP_ALLOCATE|[59]|Bytes:4
14:50:39.0 (4270997)|VARIABLE_SCOPE_BEGIN|[59]|VIList|List<Validacion_Incorrecta__c>|true|false
14:50:39.0 (4312813)|HEAP_ALLOCATE|[EXTERNAL]|Bytes:4
14:50:39.0 (4334238)|VARIABLE_ASSIGNMENT|[59]|VIList|[]|0x74b7b3f5
14:50:39.0 (4337900)|STATEMENT_EXECUTE|[60]
14:50:39.0 (4339030)|STATEMENT_EXECUTE|[60]
14:50:39.0 (4340010)|STATEMENT_EXECUTE|[61]
14:50:39.0 (4342252)|HEAP_ALLOCATE|[61]|Bytes:128
14:50:39.0 (4357135)|HEAP_ALLOCATE|[61]|Bytes:4
14:50:39.0 (4365256)|HEAP_ALLOCATE|[61]|Bytes:7
14:50:39.0 (4401142)|HEAP_ALLOCATE|[68]|Bytes:5
14:50:39.0 (4422845)|HEAP_ALLOCATE|[74]|Bytes:5
14:50:39.0 (4427639)|HEAP_ALLOCATE|[82]|Bytes:7
14:50:39.0 (6577964)|SOQL_EXECUTE_BEGIN|[61]|Aggregations:0|SELECT Id FROM Validacion_Incorrecta__c WHERE (Account__c = :tmpVar1 AND Validacion_Exitosa__c = FALSE AND Creado_Hoy__c = TRUE)
14:50:39.0 (13912229)|SOQL_EXECUTE_END|[61]|Rows:0
14:50:39.0 (13945760)|HEAP_ALLOCATE|[61]|Bytes:4
14:50:39.0 (13963378)|HEAP_ALLOCATE|[61]|Bytes:0
14:50:39.0 (14021294)|HEAP_ALLOCATE|[61]|Bytes:4
14:50:39.0 (14055562)|VARIABLE_ASSIGNMENT|[61]|VIList|[]|0x3766f3e2
14:50:39.0 (14064197)|STATEMENT_EXECUTE|[68]
14:50:39.0 (14118456)|VARIABLE_SCOPE_BEGIN|[68]|numeroDeValidacionesIncorrectas|Integer|false|false
14:50:39.0 (14125076)|HEAP_ALLOCATE|[68]|Bytes:4
14:50:39.0 (14132396)|VARIABLE_ASSIGNMENT|[68]|numeroDeValidacionesIncorrectas|0
14:50:39.0 (14134750)|STATEMENT_EXECUTE|[69]
14:50:39.0 (14137406)|HEAP_ALLOCATE|[69]|Bytes:4
14:50:39.14 (14188404)|CUMULATIVE_LIMIT_USAGE
14:50:39.14 (14188404)|LIMIT_USAGE_FOR_NS|(default)|
  Number of SOQL queries: 1 out of 100
  Number of query rows: 0 out of 50000
  Number of SOSL queries: 0 out of 20
  Number of DML statements: 0 out of 150
  Number of Publish Immediate DML: 0 out of 150
  Number of DML rows: 0 out of 10000
  Maximum CPU time: 0 out of 10000
  Maximum heap size: 0 out of 6000000
  Number of callouts: 0 out of 100
  Number of Email Invocations: 0 out of 10
  Number of future calls: 0 out of 50
  Number of queueable jobs added to the queue: 0 out of 50
  Number of Mobile Apex push calls: 0 out of 10

14:50:39.14 (14188404)|CUMULATIVE_LIMIT_USAGE_END

14:50:39.0 (14212256)|CODE_UNIT_FINISHED|validateQuestionsController.getValidationToday(String)
14:50:39.0 (14394480)|CODE_UNIT_FINISHED|apex://validateQuestionsController/ACTION$getValidationToday
14:50:39.0 (14399182)|EXECUTION_FINISHED
