67.0 APEX_CODE,FINEST;APEX_PROFILING,INFO;CALLOUT,INFO;DATA_ACCESS,INFO;DB,INFO;NBA,INFO;SYSTEM,DEBUG;VALIDATION,INFO;VISUALFORCE,INFO;WAVE,INFO;WORKFLOW,INFO
17:42:05.0 (209751)|USER_INFO|[EXTERNAL]|0050v0000034lag|albeltransa@falabella.com.mx.admin.uat|(GMT-06:00) Central Standard Time (America/Mexico_City)|GMT-06:00
17:42:05.0 (257330)|EXECUTION_STARTED
17:42:05.0 (267880)|CODE_UNIT_STARTED|[EXTERNAL]|apex://validateQuestionsController/ACTION$getValidateQuestionsTry
17:42:05.0 (2557800)|CODE_UNIT_STARTED|[EXTERNAL]|01p0v000003Gv5u|validateQuestionsController.getValidateQuestionsTry(String, String, String)
17:42:05.0 (2789627)|HEAP_ALLOCATE|[95]|Bytes:3
17:42:05.0 (2890260)|HEAP_ALLOCATE|[100]|Bytes:152
17:42:05.0 (2904818)|HEAP_ALLOCATE|[417]|Bytes:408
17:42:05.0 (2916011)|HEAP_ALLOCATE|[430]|Bytes:408
17:42:05.0 (2936236)|HEAP_ALLOCATE|[317]|Bytes:6
17:42:05.0 (2946305)|HEAP_ALLOCATE|[EXTERNAL]|Bytes:27
17:42:05.0 (2949107)|HEAP_ALLOCATE|[EXTERNAL]|Bytes:11
17:42:05.0 (2958106)|METHOD_ENTRY|[15]|01p0v000003Gv5u|validateQuestionsController.validateQuestionsController()
17:42:05.0 (2962562)|STATEMENT_EXECUTE|[15]
17:42:05.0 (2967087)|STATEMENT_EXECUTE|[15]
17:42:05.0 (2971017)|METHOD_EXIT|[15]|validateQuestionsController
17:42:05.0 (2973804)|HEAP_ALLOCATE|[EXTERNAL]|Bytes:17
17:42:05.0 (2975505)|HEAP_ALLOCATE|[EXTERNAL]|Bytes:20
17:42:05.0 (2976808)|HEAP_ALLOCATE|[EXTERNAL]|Bytes:19
17:42:05.0 (2984065)|VARIABLE_SCOPE_BEGIN|[25]|tipoDeIntento|String|false|false
17:42:05.0 (3028688)|VARIABLE_ASSIGNMENT|[25]|tipoDeIntento|"validateQuestions"
17:42:05.0 (3032513)|VARIABLE_SCOPE_BEGIN|[25]|rangoDiasVencimiento|String|false|false
17:42:05.0 (3036554)|VARIABLE_ASSIGNMENT|[25]|rangoDiasVencimiento|"rangoDiasVencimiento"
17:42:05.0 (3038608)|VARIABLE_SCOPE_BEGIN|[25]|rangoDiasUltimoPago|String|false|false
17:42:05.0 (3042658)|VARIABLE_ASSIGNMENT|[25]|rangoDiasUltimoPago|"rangoDiasUltimoPago"
17:42:05.0 (3049125)|STATEMENT_EXECUTE|[25]
17:42:05.0 (3050114)|STATEMENT_EXECUTE|[28]
17:42:05.0 (3067317)|HEAP_ALLOCATE|[28]|Bytes:4
17:42:05.0 (3078184)|VARIABLE_SCOPE_BEGIN|[28]|mapResult|Map<String,Integer>|true|false
17:42:05.0 (3098683)|VARIABLE_ASSIGNMENT|[28]|mapResult|{}|0x39a631b5
17:42:05.0 (3101696)|STATEMENT_EXECUTE|[30]
17:42:05.0 (3131241)|HEAP_ALLOCATE|[30]|Bytes:4
17:42:05.0 (3171083)|VARIABLE_SCOPE_BEGIN|[30]|listRegistros|List<String>|true|false
17:42:05.0 (3208806)|HEAP_ALLOCATE|[EXTERNAL]|Bytes:16
17:42:05.0 (3220534)|VARIABLE_ASSIGNMENT|[30]|listRegistros|["validateQuestions","rangoDiasVencimiento","rangoDiasUltimoPago"]|0x33fa1a0e
17:42:05.0 (3223785)|STATEMENT_EXECUTE|[32]
17:42:05.0 (3225296)|HEAP_ALLOCATE|[32]|Bytes:94
17:42:05.0 (3232585)|HEAP_ALLOCATE|[32]|Bytes:4
17:42:05.0 (3236297)|HEAP_ALLOCATE|[32]|Bytes:7
17:42:05.0 (3262851)|HEAP_ALLOCATE|[68]|Bytes:5
17:42:05.0 (3284004)|HEAP_ALLOCATE|[74]|Bytes:5
17:42:05.0 (3288613)|HEAP_ALLOCATE|[82]|Bytes:7
17:42:05.0 (13457320)|SOQL_EXECUTE_BEGIN|[32]|Aggregations:0|SELECT Intentos__c, MasterLabel FROM Intentos_de_Validacion__mdt WHERE MasterLabel IN :tmpVar1
17:42:05.0 (38370173)|SOQL_EXECUTE_END|[32]|Rows:3
17:42:05.0 (38408363)|HEAP_ALLOCATE|[32]|Bytes:16
17:42:05.0 (38433260)|HEAP_ALLOCATE|[32]|Bytes:341
17:42:05.0 (38537331)|HEAP_ALLOCATE|[32]|Bytes:16
17:42:05.0 (38557850)|VARIABLE_SCOPE_BEGIN|[32]|intentos|List<Intentos_de_Validacion__mdt>|true|false
17:42:05.0 (38663459)|VARIABLE_ASSIGNMENT|[32]|intentos|[{"MasterLabel":"rangoDiasUltimoPago","Intentos__c":3.0,"Id":"m0A0v0000001S55EAE"},{"MasterLabel":"rangoDiasVencimiento","Intentos__c":1.0,"Id":"m0A0v0000001S56EAE"},{"MasterLabel":"validateQuestions","Intentos__c":1.0,"Id":"m0A0v0000009kdiEAA"}]|0x2d445b29
17:42:05.0 (39140114)|HEAP_ALLOCATE|[37]|Bytes:5
17:42:05.0 (39180516)|HEAP_ALLOCATE|[37]|Bytes:16
17:42:05.0 (39189716)|VARIABLE_SCOPE_BEGIN|[37]|intVal|Intentos_de_Validacion__mdt|true|false
17:42:05.0 (39228686)|VARIABLE_ASSIGNMENT|[37]|intVal|{"MasterLabel":"rangoDiasUltimoPago","Intentos__c":3.0,"Id":"m0A0v0000001S55EAE"}|0x5618aa8a
17:42:05.0 (39235071)|STATEMENT_EXECUTE|[37]
17:42:05.0 (39307523)|STATEMENT_EXECUTE|[47]
17:42:05.0 (39308483)|STATEMENT_EXECUTE|[49]
17:42:05.0 (39398469)|HEAP_ALLOCATE|[49]|Bytes:4
17:42:05.0 (39406176)|HEAP_ALLOCATE|[EXTERNAL]|Bytes:-4
17:42:05.0 (39416493)|HEAP_ALLOCATE|[37]|Bytes:5
17:42:05.0 (39422198)|HEAP_ALLOCATE|[37]|Bytes:16
17:42:05.0 (39425889)|VARIABLE_SCOPE_BEGIN|[37]|intVal|Intentos_de_Validacion__mdt|true|false
17:42:05.0 (39452744)|VARIABLE_ASSIGNMENT|[37]|intVal|{"MasterLabel":"rangoDiasVencimiento","Intentos__c":1.0,"Id":"m0A0v0000001S56EAE"}|0x749725f8
17:42:05.0 (39456477)|STATEMENT_EXECUTE|[37]
17:42:05.0 (39464712)|STATEMENT_EXECUTE|[43]
17:42:05.0 (39465699)|STATEMENT_EXECUTE|[45]
17:42:05.0 (39480714)|HEAP_ALLOCATE|[45]|Bytes:28
17:42:05.0 (39497190)|HEAP_ALLOCATE|[45]|Bytes:4
17:42:05.0 (39499281)|HEAP_ALLOCATE|[EXTERNAL]|Bytes:-4
17:42:05.0 (39504361)|HEAP_ALLOCATE|[37]|Bytes:5
17:42:05.0 (39508099)|HEAP_ALLOCATE|[37]|Bytes:16
17:42:05.0 (39510466)|VARIABLE_SCOPE_BEGIN|[37]|intVal|Intentos_de_Validacion__mdt|true|false
17:42:05.0 (39527432)|VARIABLE_ASSIGNMENT|[37]|intVal|{"MasterLabel":"validateQuestions","Intentos__c":1.0,"Id":"m0A0v0000009kdiEAA"}|0x7ce96a4c
17:42:05.0 (39530648)|STATEMENT_EXECUTE|[37]
17:42:05.0 (39534490)|STATEMENT_EXECUTE|[39]
17:42:05.0 (39535393)|STATEMENT_EXECUTE|[41]
17:42:05.0 (39538704)|HEAP_ALLOCATE|[41]|Bytes:28
17:42:05.0 (39550307)|HEAP_ALLOCATE|[41]|Bytes:4
17:42:05.0 (39552193)|HEAP_ALLOCATE|[EXTERNAL]|Bytes:-4
17:42:05.0 (39556657)|HEAP_ALLOCATE|[37]|Bytes:5
17:42:05.0 (39562558)|VARIABLE_ASSIGNMENT|[37]|intVal|null|
17:42:05.0 (39566024)|STATEMENT_EXECUTE|[54]
17:42:05.39 (39616016)|CUMULATIVE_LIMIT_USAGE
17:42:05.39 (39616016)|LIMIT_USAGE_FOR_NS|(default)|
  Number of SOQL queries: 0 out of 100
  Number of query rows: 3 out of 50000
  Number of SOSL queries: 0 out of 20
  Number of DML statements: 0 out of 150
  Number of Publish Immediate DML: 0 out of 150
  Number of DML rows: 0 out of 10000
  Maximum CPU time: 0 out of 10000
  Maximum heap size: 0 out of 6000000
  Number of callouts: 0 out of 100
  Number of Email Invocations: 0 out of 10
  Number of future calls: 0 out of 50
  Number of queueable jobs added to the queue: 0 out of 50
  Number of Mobile Apex push calls: 0 out of 10

17:42:05.39 (39616016)|CUMULATIVE_LIMIT_USAGE_END

17:42:05.0 (39641361)|CODE_UNIT_FINISHED|validateQuestionsController.getValidateQuestionsTry(String, String, String)
17:42:05.0 (39839454)|CODE_UNIT_FINISHED|apex://validateQuestionsController/ACTION$getValidateQuestionsTry
17:42:05.0 (39844169)|EXECUTION_FINISHED
