67.0 APEX_CODE,FINEST;APEX_PROFILING,INFO;CALLOUT,INFO;DATA_ACCESS,INFO;DB,INFO;NBA,INFO;SYSTEM,DEBUG;VALIDATION,INFO;VISUALFORCE,INFO;WAVE,INFO;WORKFLOW,INFO
12:21:19.0 (200703)|USER_INFO|[EXTERNAL]|0051N000005gvau|etrevinofalabella@izeicg.com.uat|(GMT-06:00) Central Standard Time (America/Mexico_City)|GMT-06:00
12:21:19.0 (239112)|EXECUTION_STARTED
12:21:19.0 (248411)|CODE_UNIT_STARTED|[EXTERNAL]|apex://AuthenticateCampaniasController/ACTION$configuracionAumentoDeLinea
12:21:19.0 (1672447)|CODE_UNIT_STARTED|[EXTERNAL]|01p0v000003MXir|AuthenticateCampaniasController.configuracionAumentoDeLinea()
12:21:19.0 (1914355)|HEAP_ALLOCATE|[95]|Bytes:3
12:21:19.0 (2002434)|HEAP_ALLOCATE|[100]|Bytes:152
12:21:19.0 (2020133)|HEAP_ALLOCATE|[417]|Bytes:408
12:21:19.0 (2037050)|HEAP_ALLOCATE|[430]|Bytes:408
12:21:19.0 (2064505)|HEAP_ALLOCATE|[317]|Bytes:6
12:21:19.0 (2077442)|HEAP_ALLOCATE|[EXTERNAL]|Bytes:5
12:21:19.0 (2081238)|HEAP_ALLOCATE|[EXTERNAL]|Bytes:5
12:21:19.0 (2090810)|METHOD_ENTRY|[12]|01p0v000003MXir|AuthenticateCampaniasController.AuthenticateCampaniasController()
12:21:19.0 (2097903)|STATEMENT_EXECUTE|[12]
12:21:19.0 (2104920)|STATEMENT_EXECUTE|[12]
12:21:19.0 (2108840)|METHOD_EXIT|[12]|AuthenticateCampaniasController
12:21:19.0 (2118826)|STATEMENT_EXECUTE|[45]
12:21:19.0 (2120269)|STATEMENT_EXECUTE|[47]
12:21:19.0 (2136473)|HEAP_ALLOCATE|[47]|Bytes:4
12:21:19.0 (2150441)|VARIABLE_SCOPE_BEGIN|[47]|result|Map<String,String>|true|false
12:21:19.0 (2219093)|VARIABLE_ASSIGNMENT|[47]|result|{}|0x788a1988
12:21:19.0 (2224989)|STATEMENT_EXECUTE|[49]
12:21:19.0 (2227251)|HEAP_ALLOCATE|[49]|Bytes:121
12:21:19.0 (2235541)|HEAP_ALLOCATE|[49]|Bytes:4
12:21:19.0 (2241710)|HEAP_ALLOCATE|[49]|Bytes:7
12:21:19.0 (2244561)|HEAP_ALLOCATE|[49]|Bytes:16
12:21:19.0 (2278194)|HEAP_ALLOCATE|[68]|Bytes:5
12:21:19.0 (2308032)|HEAP_ALLOCATE|[74]|Bytes:5
12:21:19.0 (2314711)|HEAP_ALLOCATE|[82]|Bytes:7
12:21:19.0 (3697918)|SOQL_EXECUTE_BEGIN|[49]|Aggregations:0|SELECT Campania_Email__c, Campania_SMS__c FROM Configuracion_Aumento_de_Linea__mdt WHERE DeveloperName = :tmpVar1 LIMIT 1
12:21:19.0 (9188204)|SOQL_EXECUTE_END|[49]|Rows:1
12:21:19.0 (9226565)|HEAP_ALLOCATE|[49]|Bytes:8
12:21:19.0 (9247664)|HEAP_ALLOCATE|[49]|Bytes:120
12:21:19.0 (9402185)|HEAP_ALLOCATE|[49]|Bytes:8
12:21:19.0 (9421916)|HEAP_ALLOCATE|[49]|Bytes:61
12:21:19.0 (9511368)|HEAP_ALLOCATE|[49]|Bytes:16
12:21:19.0 (9519949)|VARIABLE_SCOPE_BEGIN|[49]|aumentoDeLinea|Configuracion_Aumento_de_Linea__mdt|true|false
12:21:19.0 (9611208)|VARIABLE_ASSIGNMENT|[49]|aumentoDeLinea|{"Campania_Email__c":"Incremento de Línea  (11 more) ...","Campania_SMS__c":"Aumento de Línea SMS","Id":"m0F0v0000004aJtEAI"}|0x10658df7
12:21:19.0 (9621397)|STATEMENT_EXECUTE|[51]
12:21:19.0 (9652779)|VARIABLE_SCOPE_BEGIN|[51]|email|String|false|false
12:21:19.0 (9661665)|VARIABLE_ASSIGNMENT|[51]|email|"Incremento de Línea  (11 more) ..."
12:21:19.0 (9665704)|STATEMENT_EXECUTE|[52]
12:21:19.0 (9672172)|VARIABLE_SCOPE_BEGIN|[52]|sms|String|false|false
12:21:19.0 (9678854)|VARIABLE_ASSIGNMENT|[52]|sms|"Aumento de Línea SMS"
12:21:19.0 (9682474)|STATEMENT_EXECUTE|[54]
12:21:19.0 (9684622)|HEAP_ALLOCATE|[54]|Bytes:16
12:21:19.0 (9705324)|HEAP_ALLOCATE|[54]|Bytes:47
12:21:19.0 (9776185)|USER_DEBUG|[54]|DEBUG|Campaña Email:  Incremento de Línea en APP/ WEB
12:21:19.0 (9785498)|STATEMENT_EXECUTE|[55]
12:21:19.0 (9787234)|HEAP_ALLOCATE|[55]|Bytes:14
12:21:19.0 (9791796)|HEAP_ALLOCATE|[55]|Bytes:34
12:21:19.0 (9800420)|USER_DEBUG|[55]|DEBUG|Campaña SMS:  Aumento de Línea SMS
12:21:19.0 (9805424)|STATEMENT_EXECUTE|[57]
12:21:19.0 (9807505)|HEAP_ALLOCATE|[57]|Bytes:5
12:21:19.0 (9858248)|HEAP_ALLOCATE|[EXTERNAL]|Bytes:-4
12:21:19.0 (9864880)|STATEMENT_EXECUTE|[58]
12:21:19.0 (9866771)|HEAP_ALLOCATE|[58]|Bytes:3
12:21:19.0 (9878561)|HEAP_ALLOCATE|[EXTERNAL]|Bytes:-4
12:21:19.0 (9882901)|STATEMENT_EXECUTE|[60]
12:21:19.9 (9942547)|CUMULATIVE_LIMIT_USAGE
12:21:19.9 (9942547)|LIMIT_USAGE_FOR_NS|(default)|
  Number of SOQL queries: 0 out of 100
  Number of query rows: 1 out of 50000
  Number of SOSL queries: 0 out of 20
  Number of DML statements: 0 out of 150
  Number of Publish Immediate DML: 0 out of 150
  Number of DML rows: 0 out of 10000
  Maximum CPU time: 0 out of 10000
  Maximum heap size: 0 out of 6000000
  Number of callouts: 0 out of 100
  Number of Email Invocations: 0 out of 10
  Number of future calls: 0 out of 50
  Number of queueable jobs added to the queue: 0 out of 50
  Number of Mobile Apex push calls: 0 out of 10

12:21:19.9 (9942547)|CUMULATIVE_LIMIT_USAGE_END

12:21:19.0 (9973307)|CODE_UNIT_FINISHED|AuthenticateCampaniasController.configuracionAumentoDeLinea()
12:21:19.0 (10222508)|CODE_UNIT_FINISHED|apex://AuthenticateCampaniasController/ACTION$configuracionAumentoDeLinea
12:21:19.0 (10229823)|EXECUTION_FINISHED
