67.0 APEX_CODE,FINEST;APEX_PROFILING,INFO;CALLOUT,INFO;DATA_ACCESS,INFO;DB,INFO;NBA,INFO;SYSTEM,DEBUG;VALIDATION,INFO;VISUALFORCE,INFO;WAVE,INFO;WORKFLOW,INFO
17:42:02.0 (281012)|USER_INFO|[EXTERNAL]|0050v0000034lag|albeltransa@falabella.com.mx.admin.uat|(GMT-06:00) Central Standard Time (America/Mexico_City)|GMT-06:00
17:42:02.0 (320969)|EXECUTION_STARTED
17:42:02.0 (331419)|CODE_UNIT_STARTED|[EXTERNAL]|apex://Lookupcontroller/ACTION$querySalesforceRecord
17:42:02.0 (1923631)|CODE_UNIT_STARTED|[EXTERNAL]|01p1N00000DazLF|Lookupcontroller.querySalesforceRecord(String)
17:42:02.0 (2122837)|HEAP_ALLOCATE|[95]|Bytes:3
17:42:02.0 (2200439)|HEAP_ALLOCATE|[100]|Bytes:152
17:42:02.0 (2214632)|HEAP_ALLOCATE|[417]|Bytes:408
17:42:02.0 (2225348)|HEAP_ALLOCATE|[430]|Bytes:408
17:42:02.0 (2243801)|HEAP_ALLOCATE|[317]|Bytes:6
17:42:02.0 (2302669)|HEAP_ALLOCATE|[EXTERNAL]|Bytes:1
17:42:02.0 (2312390)|METHOD_ENTRY|[1]|01p1N00000DazLF|Lookupcontroller.Lookupcontroller()
17:42:02.0 (2315835)|STATEMENT_EXECUTE|[1]
17:42:02.0 (2319800)|STATEMENT_EXECUTE|[1]
17:42:02.0 (2340857)|HEAP_ALLOCATE|[68]|Bytes:5
17:42:02.0 (2366768)|HEAP_ALLOCATE|[74]|Bytes:5
17:42:02.0 (2371533)|HEAP_ALLOCATE|[82]|Bytes:7
17:42:02.0 (2519812)|HEAP_ALLOCATE|[EXTERNAL]|Bytes:5
17:42:02.0 (2530665)|METHOD_EXIT|[1]|Lookupcontroller
17:42:02.0 (2534791)|HEAP_ALLOCATE|[EXTERNAL]|Bytes:761
17:42:02.0 (2538699)|VARIABLE_SCOPE_BEGIN|[4]|queryString|String|false|false
17:42:02.0 (2588115)|VARIABLE_ASSIGNMENT|[4]|queryString|"SELECT ID_PersonAcco (741 more) ..."
17:42:02.0 (2600581)|HEAP_ALLOCATE|[6]|Bytes:5
17:42:02.0 (2604149)|STATEMENT_EXECUTE|[4]
17:42:02.0 (2605631)|STATEMENT_EXECUTE|[6]
17:42:02.0 (5611714)|SOQL_EXECUTE_BEGIN|[6]|Aggregations:2|SELECT ID_PersonAccount__c,Tipo_Direcci_n__c,Poblaci_n__c,Tipo_de_v_a__c,Regi_n__c,Resto_Direcci_n__c,Delegaci_n__c,Nombre_v_a__c,Colonia__c,N_mero_de_v_a__c,C_digo_Postal__c,ltimos_4_d_gitos_de_Celular__pc,PT__pc,Campa_a_Actualizaci_n_SORIBAN__c,Cliente_Anonimo__c,Autenticar_Sin_Celular__c,Name,Id,Oficina__c,N_m_contrato__c,CURP__c,ID_Cliente__c,PersonMailingAddress,PersonEmail,PersonContactId,PersonMobilePhone,Ultimos_4_d_gitos_de_Mobile__c,(select Subject, Status from cases limit 10),(select N_mero_de_tarjeta__c from Tarjetas__r),VIP__c,Empleado__c,N_mero_de_Contrato_texto__c,BIN__c,Subgrupo__pc,Flex__c,Condici_n_econ_mica__c,Saldo_Garantia__c FROM Account WHERE (Name LIKE '%Heri%') AND ParentId = null AND Fecha_de_nacimiento1__c=1990-01-01 LIMIT 5
17:42:02.0 (31540262)|SOQL_EXECUTE_END|[6]|Rows:1
17:42:02.0 (31594901)|HEAP_ALLOCATE|[6]|Bytes:8
17:42:02.0 (31641702)|HEAP_ALLOCATE|[6]|Bytes:2563
17:42:02.0 (31763879)|HEAP_ALLOCATE|[6]|Bytes:8
17:42:02.31 (31837760)|CUMULATIVE_LIMIT_USAGE
17:42:02.31 (31837760)|LIMIT_USAGE_FOR_NS|(default)|
  Number of SOQL queries: 1 out of 100
  Number of query rows: 14 out of 50000
  Number of SOSL queries: 0 out of 20
  Number of DML statements: 0 out of 150
  Number of Publish Immediate DML: 0 out of 150
  Number of DML rows: 0 out of 10000
  Maximum CPU time: 0 out of 10000
  Maximum heap size: 0 out of 6000000
  Number of callouts: 0 out of 100
  Number of Email Invocations: 0 out of 10
  Number of future calls: 0 out of 50
  Number of queueable jobs added to the queue: 0 out of 50
  Number of Mobile Apex push calls: 0 out of 10

17:42:02.31 (31837760)|CUMULATIVE_LIMIT_USAGE_END

17:42:02.0 (31861643)|CODE_UNIT_FINISHED|Lookupcontroller.querySalesforceRecord(String)
17:42:02.0 (32157791)|CODE_UNIT_FINISHED|apex://Lookupcontroller/ACTION$querySalesforceRecord
17:42:02.0 (32165127)|EXECUTION_FINISHED
