66.0 APEX_CODE,FINEST;APEX_PROFILING,INFO;CALLOUT,INFO;DATA_ACCESS,INFO;DB,INFO;NBA,INFO;SYSTEM,DEBUG;VALIDATION,INFO;VISUALFORCE,INFO;WAVE,INFO;WORKFLOW,INFO
11:59:22.0 (176331)|USER_INFO|[EXTERNAL]|0050v0000034lag|albeltransa@falabella.com.mx.admin.uat|(GMT-06:00) Central Standard Time (America/Mexico_City)|GMT-06:00
11:59:22.0 (223103)|EXECUTION_STARTED
11:59:22.0 (230948)|CODE_UNIT_STARTED|[EXTERNAL]|apex://CasosControllerExtension/ACTION$obtenerCasosCerrados
11:59:22.0 (1510139)|CODE_UNIT_STARTED|[EXTERNAL]|01p0v000003PcLg|CasosControllerExtension.obtenerCasosCerrados()
11:59:22.0 (1634965)|VARIABLE_SCOPE_BEGIN|[21]|CasosControllerExtension.QUEUE_CREDITO_FRAUDES|String|false|true
11:59:22.0 (1709902)|VARIABLE_SCOPE_BEGIN|[20]|CasosControllerExtension.RT_FIGITAL|String|false|true
11:59:22.0 (1716150)|VARIABLE_SCOPE_BEGIN|[19]|CasosControllerExtension.RT_RIESGOS|String|false|true
11:59:22.0 (1721560)|VARIABLE_SCOPE_BEGIN|[17]|CasosControllerExtension.ST_ASIGNADA|String|false|true
11:59:22.0 (1726939)|VARIABLE_SCOPE_BEGIN|[15]|CasosControllerExtension.ST_AUTORIZADA|String|false|true
11:59:22.0 (1732267)|VARIABLE_SCOPE_BEGIN|[18]|CasosControllerExtension.ST_CERRADO|String|false|true
11:59:22.0 (1737638)|VARIABLE_SCOPE_BEGIN|[16]|CasosControllerExtension.ST_NUEVO|String|false|true
11:59:22.0 (2004762)|HEAP_ALLOCATE|[95]|Bytes:3
11:59:22.0 (2066934)|HEAP_ALLOCATE|[100]|Bytes:152
11:59:22.0 (2084515)|HEAP_ALLOCATE|[417]|Bytes:408
11:59:22.0 (2101302)|HEAP_ALLOCATE|[430]|Bytes:408
11:59:22.0 (2129282)|HEAP_ALLOCATE|[317]|Bytes:6
11:59:22.0 (2141363)|HEAP_ALLOCATE|[EXTERNAL]|Bytes:11
11:59:22.0 (2156622)|METHOD_ENTRY|[13]|01p0v000003PcLg|CasosControllerExtension.CasosControllerExtension()
11:59:22.0 (2162280)|STATEMENT_EXECUTE|[13]
11:59:22.0 (2168329)|STATEMENT_EXECUTE|[13]
11:59:22.0 (2191481)|HEAP_ALLOCATE|[68]|Bytes:5
11:59:22.0 (2220484)|HEAP_ALLOCATE|[74]|Bytes:5
11:59:22.0 (2227329)|HEAP_ALLOCATE|[82]|Bytes:7
11:59:22.0 (2253150)|HEAP_ALLOCATE|[15]|Bytes:5
11:59:22.0 (2256582)|STATEMENT_EXECUTE|[15]
11:59:22.0 (2258776)|HEAP_ALLOCATE|[15]|Bytes:12
11:59:22.0 (2327138)|VARIABLE_ASSIGNMENT|[15]|CasosControllerExtension.ST_AUTORIZADA|"Autorización"
11:59:22.0 (2333357)|STATEMENT_EXECUTE|[16]
11:59:22.0 (2335288)|HEAP_ALLOCATE|[16]|Bytes:3
11:59:22.0 (2341661)|VARIABLE_ASSIGNMENT|[16]|CasosControllerExtension.ST_NUEVO|"New"
11:59:22.0 (2345546)|STATEMENT_EXECUTE|[17]
11:59:22.0 (2347121)|HEAP_ALLOCATE|[17]|Bytes:8
11:59:22.0 (2352155)|VARIABLE_ASSIGNMENT|[17]|CasosControllerExtension.ST_ASIGNADA|"Asignada"
11:59:22.0 (2355739)|STATEMENT_EXECUTE|[18]
11:59:22.0 (2357348)|HEAP_ALLOCATE|[18]|Bytes:7
11:59:22.0 (2362267)|VARIABLE_ASSIGNMENT|[18]|CasosControllerExtension.ST_CERRADO|"Cerrado"
11:59:22.0 (2365364)|STATEMENT_EXECUTE|[19]
11:59:22.0 (2366888)|HEAP_ALLOCATE|[19]|Bytes:19
11:59:22.0 (2372329)|VARIABLE_ASSIGNMENT|[19]|CasosControllerExtension.RT_RIESGOS|"Riesgos_Originaci_n"
11:59:22.0 (2375619)|STATEMENT_EXECUTE|[20]
11:59:22.0 (2376974)|HEAP_ALLOCATE|[20]|Bytes:18
11:59:22.0 (2381955)|VARIABLE_ASSIGNMENT|[20]|CasosControllerExtension.RT_FIGITAL|"BackOffice_Figital"
11:59:22.0 (2385037)|STATEMENT_EXECUTE|[21]
11:59:22.0 (2386381)|HEAP_ALLOCATE|[21]|Bytes:26
11:59:22.0 (2392919)|VARIABLE_ASSIGNMENT|[21]|CasosControllerExtension.QUEUE_CREDITO_FRAUDES|"BackOffice Credito/F (6 more) ..."
11:59:22.0 (2405390)|METHOD_EXIT|[13]|CasosControllerExtension
11:59:22.0 (2418255)|HEAP_ALLOCATE|[94]|Bytes:5
11:59:22.0 (2421751)|STATEMENT_EXECUTE|[92]
11:59:22.0 (2423201)|STATEMENT_EXECUTE|[94]
11:59:22.0 (2425027)|HEAP_ALLOCATE|[94]|Bytes:4
11:59:22.0 (2593436)|HEAP_ALLOCATE|[94]|Bytes:4
11:59:22.0 (4219999)|HEAP_ALLOCATE|[94]|Bytes:412
11:59:22.0 (4321694)|HEAP_ALLOCATE|[94]|Bytes:4
11:59:22.0 (4340905)|HEAP_ALLOCATE|[94]|Bytes:18
11:59:22.0 (4346841)|VARIABLE_SCOPE_BEGIN|[94]|idRecordTypeCredito|String|false|false
11:59:22.0 (4365266)|VARIABLE_ASSIGNMENT|[94]|idRecordTypeCredito|"0120v000000fwTjAAI"
11:59:22.0 (4370602)|STATEMENT_EXECUTE|[95]
11:59:22.0 (4456576)|HEAP_ALLOCATE|[95]|Bytes:4
11:59:22.0 (6031136)|HEAP_ALLOCATE|[95]|Bytes:412
11:59:22.0 (6089209)|HEAP_ALLOCATE|[95]|Bytes:4
11:59:22.0 (6097576)|HEAP_ALLOCATE|[95]|Bytes:18
11:59:22.0 (6102321)|VARIABLE_SCOPE_BEGIN|[95]|idRecordTypeFigital|String|false|false
11:59:22.0 (6114256)|VARIABLE_ASSIGNMENT|[95]|idRecordTypeFigital|"0120v000000pcRFAAY"
11:59:22.0 (6117292)|STATEMENT_EXECUTE|[97]
11:59:22.0 (6120224)|HEAP_ALLOCATE|[97]|Bytes:151
11:59:22.0 (6133668)|HEAP_ALLOCATE|[97]|Bytes:4
11:59:22.0 (6143497)|HEAP_ALLOCATE|[97]|Bytes:7
11:59:22.0 (6154600)|HEAP_ALLOCATE|[97]|Bytes:7
11:59:22.0 (6158277)|HEAP_ALLOCATE|[97]|Bytes:7
11:59:22.0 (6652918)|SOQL_EXECUTE_BEGIN|[97]|Aggregations:0|SELECT Id, CreatedDate, ClosedDate FROM Case WHERE (Status = :tmpVar1 AND CreatedDate = TODAY AND (RecordTypeId = :tmpVar2 OR RecordTypeId = :tmpVar3))
11:59:22.0 (15194045)|SOQL_EXECUTE_END|[97]|Rows:1
11:59:22.0 (15224385)|HEAP_ALLOCATE|[97]|Bytes:8
11:59:22.0 (15243059)|HEAP_ALLOCATE|[97]|Bytes:66
11:59:22.0 (15284317)|HEAP_ALLOCATE|[97]|Bytes:8
11:59:22.0 (15302724)|VARIABLE_SCOPE_BEGIN|[97]|listaCasosCerrados|List<Case>|true|false
11:59:22.0 (15412540)|VARIABLE_ASSIGNMENT|[97]|listaCasosCerrados|[{"CreatedDate":"2026-06-01T17:47:58.000Z","Id":"500Rt00000g7iDqIAI","ClosedDate":"2026-06-01T17:52:44.000Z"}]|0x392fc65d
11:59:22.0 (15420657)|STATEMENT_EXECUTE|[99]
11:59:22.15 (15547335)|CUMULATIVE_LIMIT_USAGE
11:59:22.15 (15547335)|LIMIT_USAGE_FOR_NS|(default)|
  Number of SOQL queries: 1 out of 100
  Number of query rows: 1 out of 50000
  Number of SOSL queries: 0 out of 20
  Number of DML statements: 0 out of 150
  Number of Publish Immediate DML: 0 out of 150
  Number of DML rows: 0 out of 10000
  Maximum CPU time: 0 out of 10000
  Maximum heap size: 0 out of 6000000
  Number of callouts: 0 out of 100
  Number of Email Invocations: 0 out of 10
  Number of future calls: 0 out of 50
  Number of queueable jobs added to the queue: 0 out of 50
  Number of Mobile Apex push calls: 0 out of 10

11:59:22.15 (15547335)|CUMULATIVE_LIMIT_USAGE_END

11:59:22.0 (15583497)|CODE_UNIT_FINISHED|CasosControllerExtension.obtenerCasosCerrados()
11:59:22.0 (15859513)|CODE_UNIT_FINISHED|apex://CasosControllerExtension/ACTION$obtenerCasosCerrados
11:59:22.0 (15868618)|EXECUTION_FINISHED
