66.0 APEX_CODE,FINEST;APEX_PROFILING,INFO;CALLOUT,INFO;DATA_ACCESS,INFO;DB,INFO;NBA,INFO;SYSTEM,DEBUG;VALIDATION,INFO;VISUALFORCE,INFO;WAVE,INFO;WORKFLOW,INFO
11:22:02.0 (146304)|USER_INFO|[EXTERNAL]|0050v0000034lag|albeltransa@falabella.com.mx.admin.uat|(GMT-06:00) Central Standard Time (America/Mexico_City)|GMT-06:00
11:22:02.0 (184251)|EXECUTION_STARTED
11:22:02.0 (194665)|CODE_UNIT_STARTED|[EXTERNAL]|apex://validateQuestionsController/ACTION$getValidateQuestionsTry
11:22:02.0 (2025065)|CODE_UNIT_STARTED|[EXTERNAL]|01p0v000003Gv5u|validateQuestionsController.getValidateQuestionsTry(String, String, String)
11:22:02.0 (2191489)|HEAP_ALLOCATE|[95]|Bytes:3
11:22:02.0 (2265422)|HEAP_ALLOCATE|[100]|Bytes:152
11:22:02.0 (2278797)|HEAP_ALLOCATE|[417]|Bytes:408
11:22:02.0 (2290078)|HEAP_ALLOCATE|[430]|Bytes:408
11:22:02.0 (2309394)|HEAP_ALLOCATE|[317]|Bytes:6
11:22:02.0 (2362104)|HEAP_ALLOCATE|[EXTERNAL]|Bytes:27
11:22:02.0 (2365223)|HEAP_ALLOCATE|[EXTERNAL]|Bytes:11
11:22:02.0 (2374029)|METHOD_ENTRY|[15]|01p0v000003Gv5u|validateQuestionsController.validateQuestionsController()
11:22:02.0 (2378042)|STATEMENT_EXECUTE|[15]
11:22:02.0 (2383470)|STATEMENT_EXECUTE|[15]
11:22:02.0 (2386189)|METHOD_EXIT|[15]|validateQuestionsController
11:22:02.0 (2390118)|HEAP_ALLOCATE|[EXTERNAL]|Bytes:17
11:22:02.0 (2391828)|HEAP_ALLOCATE|[EXTERNAL]|Bytes:20
11:22:02.0 (2393154)|HEAP_ALLOCATE|[EXTERNAL]|Bytes:19
11:22:02.0 (2398289)|VARIABLE_SCOPE_BEGIN|[25]|tipoDeIntento|String|false|false
11:22:02.0 (2443613)|VARIABLE_ASSIGNMENT|[25]|tipoDeIntento|"validateQuestions"
11:22:02.0 (2447203)|VARIABLE_SCOPE_BEGIN|[25]|rangoDiasVencimiento|String|false|false
11:22:02.0 (2451567)|VARIABLE_ASSIGNMENT|[25]|rangoDiasVencimiento|"rangoDiasVencimiento"
11:22:02.0 (2454655)|VARIABLE_SCOPE_BEGIN|[25]|rangoDiasUltimoPago|String|false|false
11:22:02.0 (2460836)|VARIABLE_ASSIGNMENT|[25]|rangoDiasUltimoPago|"rangoDiasUltimoPago"
11:22:02.0 (2468352)|STATEMENT_EXECUTE|[25]
11:22:02.0 (2469820)|STATEMENT_EXECUTE|[28]
11:22:02.0 (2486443)|HEAP_ALLOCATE|[28]|Bytes:4
11:22:02.0 (2499389)|VARIABLE_SCOPE_BEGIN|[28]|mapResult|Map<String,Integer>|true|false
11:22:02.0 (2520123)|VARIABLE_ASSIGNMENT|[28]|mapResult|{}|0x7840a7ad
11:22:02.0 (2524558)|STATEMENT_EXECUTE|[30]
11:22:02.0 (2544687)|HEAP_ALLOCATE|[30]|Bytes:4
11:22:02.0 (2592474)|VARIABLE_SCOPE_BEGIN|[30]|listRegistros|List<String>|true|false
11:22:02.0 (2631684)|HEAP_ALLOCATE|[EXTERNAL]|Bytes:16
11:22:02.0 (2645689)|VARIABLE_ASSIGNMENT|[30]|listRegistros|["validateQuestions","rangoDiasVencimiento","rangoDiasUltimoPago"]|0x42c1601b
11:22:02.0 (2650559)|STATEMENT_EXECUTE|[32]
11:22:02.0 (2652895)|HEAP_ALLOCATE|[32]|Bytes:94
11:22:02.0 (2664286)|HEAP_ALLOCATE|[32]|Bytes:4
11:22:02.0 (2670117)|HEAP_ALLOCATE|[32]|Bytes:7
11:22:02.0 (2703845)|HEAP_ALLOCATE|[68]|Bytes:5
11:22:02.0 (2727619)|HEAP_ALLOCATE|[74]|Bytes:5
11:22:02.0 (2735177)|HEAP_ALLOCATE|[82]|Bytes:7
11:22:02.0 (4120701)|SOQL_EXECUTE_BEGIN|[32]|Aggregations:0|SELECT Intentos__c, MasterLabel FROM Intentos_de_Validacion__mdt WHERE MasterLabel IN :tmpVar1
11:22:02.0 (9171160)|SOQL_EXECUTE_END|[32]|Rows:3
11:22:02.0 (9202091)|HEAP_ALLOCATE|[32]|Bytes:16
11:22:02.0 (9223610)|HEAP_ALLOCATE|[32]|Bytes:341
11:22:02.0 (9334881)|HEAP_ALLOCATE|[32]|Bytes:16
11:22:02.0 (9354185)|VARIABLE_SCOPE_BEGIN|[32]|intentos|List<Intentos_de_Validacion__mdt>|true|false
11:22:02.0 (9470408)|VARIABLE_ASSIGNMENT|[32]|intentos|[{"MasterLabel":"rangoDiasUltimoPago","Intentos__c":3.0,"Id":"m0A0v0000001S55EAE"},{"MasterLabel":"rangoDiasVencimiento","Intentos__c":1.0,"Id":"m0A0v0000001S56EAE"},{"MasterLabel":"validateQuestions","Intentos__c":1.0,"Id":"m0A0v0000009kdiEAA"}]|0xc09075d
11:22:02.0 (9819143)|HEAP_ALLOCATE|[37]|Bytes:5
11:22:02.0 (9850679)|HEAP_ALLOCATE|[37]|Bytes:16
11:22:02.0 (9857537)|VARIABLE_SCOPE_BEGIN|[37]|intVal|Intentos_de_Validacion__mdt|true|false
11:22:02.0 (9889100)|VARIABLE_ASSIGNMENT|[37]|intVal|{"MasterLabel":"rangoDiasUltimoPago","Intentos__c":3.0,"Id":"m0A0v0000001S55EAE"}|0x1ea3e62
11:22:02.0 (9894287)|STATEMENT_EXECUTE|[37]
11:22:02.0 (9945375)|STATEMENT_EXECUTE|[47]
11:22:02.0 (9946529)|STATEMENT_EXECUTE|[49]
11:22:02.0 (10029764)|HEAP_ALLOCATE|[49]|Bytes:4
11:22:02.0 (10037245)|HEAP_ALLOCATE|[EXTERNAL]|Bytes:-4
11:22:02.0 (10046893)|HEAP_ALLOCATE|[37]|Bytes:5
11:22:02.0 (10053301)|HEAP_ALLOCATE|[37]|Bytes:16
11:22:02.0 (10057012)|VARIABLE_SCOPE_BEGIN|[37]|intVal|Intentos_de_Validacion__mdt|true|false
11:22:02.0 (10080769)|VARIABLE_ASSIGNMENT|[37]|intVal|{"MasterLabel":"rangoDiasVencimiento","Intentos__c":1.0,"Id":"m0A0v0000001S56EAE"}|0x6e7e3b22
11:22:02.0 (10084715)|STATEMENT_EXECUTE|[37]
11:22:02.0 (10092252)|STATEMENT_EXECUTE|[43]
11:22:02.0 (10093236)|STATEMENT_EXECUTE|[45]
11:22:02.0 (10108814)|HEAP_ALLOCATE|[45]|Bytes:28
11:22:02.0 (10129781)|HEAP_ALLOCATE|[45]|Bytes:4
11:22:02.0 (10132364)|HEAP_ALLOCATE|[EXTERNAL]|Bytes:-4
11:22:02.0 (10137924)|HEAP_ALLOCATE|[37]|Bytes:5
11:22:02.0 (10142300)|HEAP_ALLOCATE|[37]|Bytes:16
11:22:02.0 (10144959)|VARIABLE_SCOPE_BEGIN|[37]|intVal|Intentos_de_Validacion__mdt|true|false
11:22:02.0 (10161681)|VARIABLE_ASSIGNMENT|[37]|intVal|{"MasterLabel":"validateQuestions","Intentos__c":1.0,"Id":"m0A0v0000009kdiEAA"}|0x441a9a6c
11:22:02.0 (10165033)|STATEMENT_EXECUTE|[37]
11:22:02.0 (10169232)|STATEMENT_EXECUTE|[39]
11:22:02.0 (10170119)|STATEMENT_EXECUTE|[41]
11:22:02.0 (10190724)|HEAP_ALLOCATE|[41]|Bytes:28
11:22:02.0 (10206038)|HEAP_ALLOCATE|[41]|Bytes:4
11:22:02.0 (10208054)|HEAP_ALLOCATE|[EXTERNAL]|Bytes:-4
11:22:02.0 (10213268)|HEAP_ALLOCATE|[37]|Bytes:5
11:22:02.0 (10219054)|VARIABLE_ASSIGNMENT|[37]|intVal|null|
11:22:02.0 (10221844)|STATEMENT_EXECUTE|[54]
11:22:02.10 (10275974)|CUMULATIVE_LIMIT_USAGE
11:22:02.10 (10275974)|LIMIT_USAGE_FOR_NS|(default)|
  Number of SOQL queries: 0 out of 100
  Number of query rows: 3 out of 50000
  Number of SOSL queries: 0 out of 20
  Number of DML statements: 0 out of 150
  Number of Publish Immediate DML: 0 out of 150
  Number of DML rows: 0 out of 10000
  Maximum CPU time: 0 out of 10000
  Maximum heap size: 0 out of 6000000
  Number of callouts: 0 out of 100
  Number of Email Invocations: 0 out of 10
  Number of future calls: 0 out of 50
  Number of queueable jobs added to the queue: 0 out of 50
  Number of Mobile Apex push calls: 0 out of 10

11:22:02.10 (10275974)|CUMULATIVE_LIMIT_USAGE_END

11:22:02.0 (10299436)|CODE_UNIT_FINISHED|validateQuestionsController.getValidateQuestionsTry(String, String, String)
11:22:02.0 (10485900)|CODE_UNIT_FINISHED|apex://validateQuestionsController/ACTION$getValidateQuestionsTry
11:22:02.0 (10491295)|EXECUTION_FINISHED
