66.0 APEX_CODE,FINEST;APEX_PROFILING,INFO;CALLOUT,INFO;DATA_ACCESS,INFO;DB,INFO;NBA,INFO;SYSTEM,DEBUG;VALIDATION,INFO;VISUALFORCE,INFO;WAVE,INFO;WORKFLOW,INFO
11:49:18.0 (146931)|USER_INFO|[EXTERNAL]|0050v0000034lag|albeltransa@falabella.com.mx.admin.uat|(GMT-06:00) Central Standard Time (America/Mexico_City)|GMT-06:00
11:49:18.0 (181577)|EXECUTION_STARTED
11:49:18.0 (189356)|CODE_UNIT_STARTED|[EXTERNAL]|apex://CasosControllerExtension/ACTION$obtenerCasosCerrados
11:49:18.0 (1623318)|CODE_UNIT_STARTED|[EXTERNAL]|01p0v000003PcLg|CasosControllerExtension.obtenerCasosCerrados()
11:49:18.0 (1737784)|VARIABLE_SCOPE_BEGIN|[21]|CasosControllerExtension.QUEUE_CREDITO_FRAUDES|String|false|true
11:49:18.0 (1782441)|VARIABLE_SCOPE_BEGIN|[20]|CasosControllerExtension.RT_FIGITAL|String|false|true
11:49:18.0 (1787619)|VARIABLE_SCOPE_BEGIN|[19]|CasosControllerExtension.RT_RIESGOS|String|false|true
11:49:18.0 (1791796)|VARIABLE_SCOPE_BEGIN|[17]|CasosControllerExtension.ST_ASIGNADA|String|false|true
11:49:18.0 (1796301)|VARIABLE_SCOPE_BEGIN|[15]|CasosControllerExtension.ST_AUTORIZADA|String|false|true
11:49:18.0 (1800370)|VARIABLE_SCOPE_BEGIN|[18]|CasosControllerExtension.ST_CERRADO|String|false|true
11:49:18.0 (1804956)|VARIABLE_SCOPE_BEGIN|[16]|CasosControllerExtension.ST_NUEVO|String|false|true
11:49:18.0 (2083082)|HEAP_ALLOCATE|[95]|Bytes:3
11:49:18.0 (2119487)|HEAP_ALLOCATE|[100]|Bytes:152
11:49:18.0 (2131828)|HEAP_ALLOCATE|[417]|Bytes:408
11:49:18.0 (2159494)|HEAP_ALLOCATE|[430]|Bytes:408
11:49:18.0 (2179642)|HEAP_ALLOCATE|[317]|Bytes:6
11:49:18.0 (2190405)|HEAP_ALLOCATE|[EXTERNAL]|Bytes:11
11:49:18.0 (2202072)|METHOD_ENTRY|[13]|01p0v000003PcLg|CasosControllerExtension.CasosControllerExtension()
11:49:18.0 (2206406)|STATEMENT_EXECUTE|[13]
11:49:18.0 (2211325)|STATEMENT_EXECUTE|[13]
11:49:18.0 (2227731)|HEAP_ALLOCATE|[68]|Bytes:5
11:49:18.0 (2263410)|HEAP_ALLOCATE|[74]|Bytes:5
11:49:18.0 (2268522)|HEAP_ALLOCATE|[82]|Bytes:7
11:49:18.0 (2289861)|HEAP_ALLOCATE|[15]|Bytes:5
11:49:18.0 (2292995)|STATEMENT_EXECUTE|[15]
11:49:18.0 (2294784)|HEAP_ALLOCATE|[15]|Bytes:12
11:49:18.0 (2348774)|VARIABLE_ASSIGNMENT|[15]|CasosControllerExtension.ST_AUTORIZADA|"Autorización"
11:49:18.0 (2353796)|STATEMENT_EXECUTE|[16]
11:49:18.0 (2355510)|HEAP_ALLOCATE|[16]|Bytes:3
11:49:18.0 (2361090)|VARIABLE_ASSIGNMENT|[16]|CasosControllerExtension.ST_NUEVO|"New"
11:49:18.0 (2364276)|STATEMENT_EXECUTE|[17]
11:49:18.0 (2365642)|HEAP_ALLOCATE|[17]|Bytes:8
11:49:18.0 (2370691)|VARIABLE_ASSIGNMENT|[17]|CasosControllerExtension.ST_ASIGNADA|"Asignada"
11:49:18.0 (2373407)|STATEMENT_EXECUTE|[18]
11:49:18.0 (2374693)|HEAP_ALLOCATE|[18]|Bytes:7
11:49:18.0 (2379439)|VARIABLE_ASSIGNMENT|[18]|CasosControllerExtension.ST_CERRADO|"Cerrado"
11:49:18.0 (2382410)|STATEMENT_EXECUTE|[19]
11:49:18.0 (2384366)|HEAP_ALLOCATE|[19]|Bytes:19
11:49:18.0 (2389825)|VARIABLE_ASSIGNMENT|[19]|CasosControllerExtension.RT_RIESGOS|"Riesgos_Originaci_n"
11:49:18.0 (2393415)|STATEMENT_EXECUTE|[20]
11:49:18.0 (2394865)|HEAP_ALLOCATE|[20]|Bytes:18
11:49:18.0 (2400171)|VARIABLE_ASSIGNMENT|[20]|CasosControllerExtension.RT_FIGITAL|"BackOffice_Figital"
11:49:18.0 (2403377)|STATEMENT_EXECUTE|[21]
11:49:18.0 (2405063)|HEAP_ALLOCATE|[21]|Bytes:26
11:49:18.0 (2412317)|VARIABLE_ASSIGNMENT|[21]|CasosControllerExtension.QUEUE_CREDITO_FRAUDES|"BackOffice Credito/F (6 more) ..."
11:49:18.0 (2424471)|METHOD_EXIT|[13]|CasosControllerExtension
11:49:18.0 (2437958)|HEAP_ALLOCATE|[94]|Bytes:5
11:49:18.0 (2441219)|STATEMENT_EXECUTE|[92]
11:49:18.0 (2442335)|STATEMENT_EXECUTE|[94]
11:49:18.0 (2443926)|HEAP_ALLOCATE|[94]|Bytes:4
11:49:18.0 (2596290)|HEAP_ALLOCATE|[94]|Bytes:4
11:49:18.0 (3905309)|HEAP_ALLOCATE|[94]|Bytes:412
11:49:18.0 (3994067)|HEAP_ALLOCATE|[94]|Bytes:4
11:49:18.0 (4009366)|HEAP_ALLOCATE|[94]|Bytes:18
11:49:18.0 (4013803)|VARIABLE_SCOPE_BEGIN|[94]|idRecordTypeCredito|String|false|false
11:49:18.0 (4029991)|VARIABLE_ASSIGNMENT|[94]|idRecordTypeCredito|"0120v000000fwTjAAI"
11:49:18.0 (4032891)|STATEMENT_EXECUTE|[95]
11:49:18.0 (4096661)|HEAP_ALLOCATE|[95]|Bytes:4
11:49:18.0 (5003795)|HEAP_ALLOCATE|[95]|Bytes:412
11:49:18.0 (5035474)|HEAP_ALLOCATE|[95]|Bytes:4
11:49:18.0 (5041252)|HEAP_ALLOCATE|[95]|Bytes:18
11:49:18.0 (5044808)|VARIABLE_SCOPE_BEGIN|[95]|idRecordTypeFigital|String|false|false
11:49:18.0 (5055966)|VARIABLE_ASSIGNMENT|[95]|idRecordTypeFigital|"0120v000000pcRFAAY"
11:49:18.0 (5058682)|STATEMENT_EXECUTE|[97]
11:49:18.0 (5060828)|HEAP_ALLOCATE|[97]|Bytes:151
11:49:18.0 (5071120)|HEAP_ALLOCATE|[97]|Bytes:4
11:49:18.0 (5078899)|HEAP_ALLOCATE|[97]|Bytes:7
11:49:18.0 (5087994)|HEAP_ALLOCATE|[97]|Bytes:7
11:49:18.0 (5091660)|HEAP_ALLOCATE|[97]|Bytes:7
11:49:18.0 (5595504)|SOQL_EXECUTE_BEGIN|[97]|Aggregations:0|SELECT Id, CreatedDate, ClosedDate FROM Case WHERE (Status = :tmpVar1 AND CreatedDate = TODAY AND (RecordTypeId = :tmpVar2 OR RecordTypeId = :tmpVar3))
11:49:18.0 (15649447)|SOQL_EXECUTE_END|[97]|Rows:0
11:49:18.0 (15686786)|HEAP_ALLOCATE|[97]|Bytes:4
11:49:18.0 (15701680)|HEAP_ALLOCATE|[97]|Bytes:0
11:49:18.0 (15746881)|HEAP_ALLOCATE|[97]|Bytes:4
11:49:18.0 (15762272)|VARIABLE_SCOPE_BEGIN|[97]|listaCasosCerrados|List<Case>|true|false
11:49:18.0 (15783911)|VARIABLE_ASSIGNMENT|[97]|listaCasosCerrados|[]|0x35089b8f
11:49:18.0 (15788148)|STATEMENT_EXECUTE|[99]
11:49:18.15 (15844562)|CUMULATIVE_LIMIT_USAGE
11:49:18.15 (15844562)|LIMIT_USAGE_FOR_NS|(default)|
  Number of SOQL queries: 1 out of 100
  Number of query rows: 0 out of 50000
  Number of SOSL queries: 0 out of 20
  Number of DML statements: 0 out of 150
  Number of Publish Immediate DML: 0 out of 150
  Number of DML rows: 0 out of 10000
  Maximum CPU time: 0 out of 10000
  Maximum heap size: 0 out of 6000000
  Number of callouts: 0 out of 100
  Number of Email Invocations: 0 out of 10
  Number of future calls: 0 out of 50
  Number of queueable jobs added to the queue: 0 out of 50
  Number of Mobile Apex push calls: 0 out of 10

11:49:18.15 (15844562)|CUMULATIVE_LIMIT_USAGE_END

11:49:18.0 (15868506)|CODE_UNIT_FINISHED|CasosControllerExtension.obtenerCasosCerrados()
11:49:18.0 (16090877)|CODE_UNIT_FINISHED|apex://CasosControllerExtension/ACTION$obtenerCasosCerrados
11:49:18.0 (16097632)|EXECUTION_FINISHED
