52.0 APEX_CODE,FINEST;APEX_PROFILING,INFO;CALLOUT,INFO;DATA_ACCESS,INFO;DB,INFO;NBA,INFO;SYSTEM,DEBUG;VALIDATION,INFO;VISUALFORCE,INFO;WAVE,INFO;WORKFLOW,INFO
10:15:12.0 (447181)|USER_INFO|[EXTERNAL]|0051N000008bAK9|contingenciafalabella@falabella.com.mx|(GMT-06:00) Central Standard Time (America/Mexico_City)|GMT-06:00
10:15:12.0 (566761)|EXECUTION_STARTED
10:15:12.0 (609380)|CODE_UNIT_STARTED|[EXTERNAL]|01p3l00000EBsec|BatchUpdateCaseGestorBO
10:15:12.0 (1646166)|HEAP_ALLOCATE|[95]|Bytes:3
10:15:12.0 (1789513)|HEAP_ALLOCATE|[100]|Bytes:152
10:15:12.0 (1809007)|HEAP_ALLOCATE|[417]|Bytes:408
10:15:12.0 (1827008)|HEAP_ALLOCATE|[430]|Bytes:408
10:15:12.0 (1859874)|HEAP_ALLOCATE|[317]|Bytes:6
10:15:12.0 (3148963)|HEAP_ALLOCATE|[EXTERNAL]|Bytes:98
10:15:12.0 (3784408)|HEAP_ALLOCATE|[EXTERNAL]|Bytes:11
10:15:12.0 (3840584)|SYSTEM_METHOD_ENTRY|[15]|BatchableContextImpl.BatchableContextImpl()
10:15:12.0 (3999643)|STATEMENT_EXECUTE|[15]
10:15:12.0 (4027984)|SYSTEM_METHOD_EXIT|[15]|BatchableContextImpl
10:15:12.0 (4040697)|HEAP_ALLOCATE|[EXTERNAL]|Bytes:12
10:15:12.0 (4047981)|HEAP_ALLOCATE|[EXTERNAL]|Bytes:4
10:15:12.0 (4064535)|VARIABLE_SCOPE_BEGIN|[31]|this|Database.BatchableContextImpl|true|false
10:15:12.0 (4249798)|VARIABLE_ASSIGNMENT|[31]|this|{}|0x6d185692
10:15:12.0 (4257760)|VARIABLE_SCOPE_BEGIN|[31]|jobId|Id|false|false
10:15:12.0 (4415406)|VARIABLE_ASSIGNMENT|[31]|jobId|"707RQ00002CRz8RYAT"
10:15:12.0 (4421637)|VARIABLE_SCOPE_BEGIN|[31]|childJobId|Id|false|false
10:15:12.0 (4430899)|VARIABLE_ASSIGNMENT|[31]|childJobId|null
10:15:12.0 (18101858)|HEAP_ALLOCATE|[EXTERNAL]|Bytes:99
10:15:12.0 (18126936)|HEAP_ALLOCATE|[EXTERNAL]|Bytes:12
10:15:12.0 (18167791)|METHOD_ENTRY|[11]|01p3l00000EBsec|BatchUpdateCaseGestorBO.BatchUpdateCaseGestorBO()
10:15:12.0 (18278952)|STATEMENT_EXECUTE|[11]
10:15:12.0 (18317280)|STATEMENT_EXECUTE|[11]
10:15:12.0 (18330360)|METHOD_EXIT|[11]|BatchUpdateCaseGestorBO
10:15:12.0 (18338210)|HEAP_ALLOCATE|[EXTERNAL]|Bytes:20
10:15:12.0 (18342868)|HEAP_ALLOCATE|[EXTERNAL]|Bytes:12
10:15:12.0 (18358179)|VARIABLE_SCOPE_BEGIN|[108]|this|BatchUpdateCaseGestorBO|true|false
10:15:12.0 (18482468)|VARIABLE_ASSIGNMENT|[108]|this|{"idQueueFraudesCredito":"00G3l000004HYBREA4","intCallMSAttempts":3,"lstRecordTypesBO":"0x4829c40e","lstRequestsWithError":"0x31f3c784"}|0x1ac60c47
10:15:12.0 (18489923)|VARIABLE_SCOPE_BEGIN|[108]|BC|Database.BatchableContext|true|false
10:15:12.0 (18610525)|VARIABLE_ASSIGNMENT|[108]|BC|{"jobId":"707RQ00002CRz8RYAT"}|0x6d185692
10:15:12.0 (18649908)|STATEMENT_EXECUTE|[108]
10:15:12.0 (18733419)|STATEMENT_EXECUTE|[111]
10:15:12.36 (36116339)|CUMULATIVE_LIMIT_USAGE
10:15:12.36 (36116339)|LIMIT_USAGE_FOR_NS|(default)|
  Number of SOQL queries: 0 out of 200
  Number of query rows: 0 out of 50000
  Number of SOSL queries: 0 out of 20
  Number of DML statements: 0 out of 150
  Number of Publish Immediate DML: 0 out of 150
  Number of DML rows: 0 out of 10000
  Maximum CPU time: 0 out of 60000
  Maximum heap size: 0 out of 12000000
  Number of callouts: 0 out of 0
  Number of Email Invocations: 0 out of 10
  Number of future calls: 0 out of 0
  Number of queueable jobs added to the queue: 0 out of 1
  Number of Mobile Apex push calls: 0 out of 10

10:15:12.36 (36116339)|CUMULATIVE_LIMIT_USAGE_END

10:15:12.0 (36251940)|CODE_UNIT_FINISHED|BatchUpdateCaseGestorBO
10:15:12.0 (36276111)|EXECUTION_FINISHED
