52.0 APEX_CODE,FINEST;APEX_PROFILING,INFO;CALLOUT,INFO;DATA_ACCESS,INFO;DB,INFO;NBA,INFO;SYSTEM,DEBUG;VALIDATION,INFO;VISUALFORCE,INFO;WAVE,INFO;WORKFLOW,INFO
18:06:01.0 (350306)|USER_INFO|[EXTERNAL]|0051N000008bAK9|contingenciafalabella@falabella.com.mx|(GMT-06:00) Central Standard Time (America/Mexico_City)|GMT-06:00
18:06:01.0 (431888)|EXECUTION_STARTED
18:06:01.0 (463152)|CODE_UNIT_STARTED|[EXTERNAL]|01p3l00000EBsec|BatchUpdateCaseGestorBO
18:06:01.0 (1624524)|HEAP_ALLOCATE|[95]|Bytes:3
18:06:01.0 (1725973)|HEAP_ALLOCATE|[100]|Bytes:152
18:06:01.0 (1739067)|HEAP_ALLOCATE|[417]|Bytes:408
18:06:01.0 (1750529)|HEAP_ALLOCATE|[430]|Bytes:408
18:06:01.0 (1770793)|HEAP_ALLOCATE|[317]|Bytes:6
18:06:01.0 (3069665)|HEAP_ALLOCATE|[EXTERNAL]|Bytes:98
18:06:01.0 (18450179)|HEAP_ALLOCATE|[EXTERNAL]|Bytes:11
18:06:01.0 (18488637)|SYSTEM_METHOD_ENTRY|[15]|BatchableContextImpl.BatchableContextImpl()
18:06:01.0 (18509336)|STATEMENT_EXECUTE|[15]
18:06:01.0 (18528348)|SYSTEM_METHOD_EXIT|[15]|BatchableContextImpl
18:06:01.0 (18535157)|HEAP_ALLOCATE|[EXTERNAL]|Bytes:12
18:06:01.0 (18539155)|HEAP_ALLOCATE|[EXTERNAL]|Bytes:4
18:06:01.0 (18552282)|VARIABLE_SCOPE_BEGIN|[31]|this|Database.BatchableContextImpl|true|false
18:06:01.0 (18668504)|VARIABLE_ASSIGNMENT|[31]|this|{}|0x472a20fb
18:06:01.0 (18672866)|VARIABLE_SCOPE_BEGIN|[31]|jobId|Id|false|false
18:06:01.0 (18776357)|VARIABLE_ASSIGNMENT|[31]|jobId|"707RQ00001vVis4YAC"
18:06:01.0 (18780406)|VARIABLE_SCOPE_BEGIN|[31]|childJobId|Id|false|false
18:06:01.0 (18787088)|VARIABLE_ASSIGNMENT|[31]|childJobId|null
18:06:01.0 (20926634)|HEAP_ALLOCATE|[EXTERNAL]|Bytes:99
18:06:01.0 (20940533)|HEAP_ALLOCATE|[EXTERNAL]|Bytes:12
18:06:01.0 (20948817)|METHOD_ENTRY|[11]|01p3l00000EBsec|BatchUpdateCaseGestorBO.BatchUpdateCaseGestorBO()
18:06:01.0 (20957842)|STATEMENT_EXECUTE|[11]
18:06:01.0 (20964246)|STATEMENT_EXECUTE|[11]
18:06:01.0 (20968009)|METHOD_EXIT|[11]|BatchUpdateCaseGestorBO
18:06:01.0 (20971690)|HEAP_ALLOCATE|[EXTERNAL]|Bytes:20
18:06:01.0 (20973672)|HEAP_ALLOCATE|[EXTERNAL]|Bytes:12
18:06:01.0 (20981484)|VARIABLE_SCOPE_BEGIN|[33]|this|BatchUpdateCaseGestorBO|true|false
18:06:01.0 (21026267)|VARIABLE_ASSIGNMENT|[33]|this|{"idQueueFraudesCredito":"00G3l000004HYBREA4","intCallMSAttempts":3,"lstRecordTypesBO":"0xdbd8d60","lstRequestsWithError":"0x6faba5b"}|0x7f67d06b
18:06:01.0 (21031252)|VARIABLE_SCOPE_BEGIN|[33]|BC|Database.BatchableContext|true|false
18:06:01.0 (21086895)|VARIABLE_ASSIGNMENT|[33]|BC|{"jobId":"707RQ00001vVis4YAC"}|0x472a20fb
18:06:01.0 (21094475)|STATEMENT_EXECUTE|[33]
18:06:01.0 (21095677)|STATEMENT_EXECUTE|[35]
18:06:01.0 (21099471)|HEAP_ALLOCATE|[35]|Bytes:217
18:06:01.0 (21121645)|HEAP_ALLOCATE|[35]|Bytes:4
18:06:01.0 (21135716)|HEAP_ALLOCATE|[35]|Bytes:7
18:06:01.0 (21152175)|HEAP_ALLOCATE|[35]|Bytes:7
18:06:01.0 (21156282)|HEAP_ALLOCATE|[35]|Bytes:7
18:06:01.0 (21192735)|HEAP_ALLOCATE|[68]|Bytes:5
18:06:01.0 (21212712)|HEAP_ALLOCATE|[74]|Bytes:5
18:06:01.0 (21218080)|HEAP_ALLOCATE|[82]|Bytes:7
18:06:01.0 (22775327)|SOQL_EXECUTE_BEGIN|[35]|Aggregations:0|SELECT ID_Solicitud__c, Solicitud_Repetida__c, Total_a_Condonar__c FROM Case WHERE (OwnerId = :tmpVar1 AND RecordTypeId IN :tmpVar2 AND (Actualizaci_n_de_domicilio_en_SAT__c = FALSE OR Total_a_Condonar__c < :tmpVar3))
18:06:01.0 (75119679)|SOQL_EXECUTE_END|[35]|Rows:3
18:06:01.0 (75367403)|HEAP_ALLOCATE|[35]|Bytes:20
18:06:01.103 (103994876)|CUMULATIVE_LIMIT_USAGE
18:06:01.103 (103994876)|LIMIT_USAGE_FOR_NS|(default)|
  Number of SOQL queries: 0 out of 200
  Number of query rows: 0 out of 50000
  Number of SOSL queries: 0 out of 20
  Number of DML statements: 0 out of 150
  Number of Publish Immediate DML: 0 out of 150
  Number of DML rows: 0 out of 10000
  Maximum CPU time: 0 out of 60000
  Maximum heap size: 0 out of 12000000
  Number of callouts: 0 out of 0
  Number of Email Invocations: 0 out of 10
  Number of future calls: 0 out of 0
  Number of queueable jobs added to the queue: 0 out of 1
  Number of Mobile Apex push calls: 0 out of 10

18:06:01.103 (103994876)|CUMULATIVE_LIMIT_USAGE_END

18:06:01.0 (104121586)|CODE_UNIT_FINISHED|BatchUpdateCaseGestorBO
18:06:01.0 (104142119)|EXECUTION_FINISHED
