67.0 APEX_CODE,FINEST;APEX_PROFILING,INFO;CALLOUT,INFO;DATA_ACCESS,INFO;DB,INFO;NBA,INFO;SYSTEM,DEBUG;VALIDATION,INFO;VISUALFORCE,INFO;WAVE,INFO;WORKFLOW,INFO
13:13:02.0 (185226)|USER_INFO|[EXTERNAL]|005Qg000002VBqt|jlandav@falabella.com.mx|(GMT-06:00) Central Standard Time (America/Mexico_City)|GMT-06:00
13:13:02.0 (259253)|EXECUTION_STARTED
13:13:02.0 (280507)|CODE_UNIT_STARTED|[EXTERNAL]|apex://CasosControllerExtension/ACTION$obtenerCasosToday
13:13:02.0 (1550316)|CODE_UNIT_STARTED|[EXTERNAL]|01p3l000005qcOV|CasosControllerExtension.obtenerCasosToday()
13:13:02.0 (1646885)|VARIABLE_SCOPE_BEGIN|[21]|CasosControllerExtension.QUEUE_CREDITO_FRAUDES|String|false|true
13:13:02.0 (1686760)|VARIABLE_SCOPE_BEGIN|[20]|CasosControllerExtension.RT_FIGITAL|String|false|true
13:13:02.0 (1690772)|VARIABLE_SCOPE_BEGIN|[19]|CasosControllerExtension.RT_RIESGOS|String|false|true
13:13:02.0 (1693968)|VARIABLE_SCOPE_BEGIN|[17]|CasosControllerExtension.ST_ASIGNADA|String|false|true
13:13:02.0 (1697438)|VARIABLE_SCOPE_BEGIN|[15]|CasosControllerExtension.ST_AUTORIZADA|String|false|true
13:13:02.0 (1700960)|VARIABLE_SCOPE_BEGIN|[18]|CasosControllerExtension.ST_CERRADO|String|false|true
13:13:02.0 (1704277)|VARIABLE_SCOPE_BEGIN|[16]|CasosControllerExtension.ST_NUEVO|String|false|true
13:13:02.0 (1805742)|HEAP_ALLOCATE|[95]|Bytes:3
13:13:02.0 (1839368)|HEAP_ALLOCATE|[100]|Bytes:152
13:13:02.0 (1850737)|HEAP_ALLOCATE|[417]|Bytes:408
13:13:02.0 (1861182)|HEAP_ALLOCATE|[430]|Bytes:408
13:13:02.0 (1878963)|HEAP_ALLOCATE|[317]|Bytes:6
13:13:02.0 (1887482)|HEAP_ALLOCATE|[EXTERNAL]|Bytes:11
13:13:02.0 (1912888)|METHOD_ENTRY|[13]|01p3l000005qcOV|CasosControllerExtension.CasosControllerExtension()
13:13:02.0 (1918041)|STATEMENT_EXECUTE|[13]
13:13:02.0 (1921830)|STATEMENT_EXECUTE|[13]
13:13:02.0 (1938732)|HEAP_ALLOCATE|[68]|Bytes:5
13:13:02.0 (1958803)|HEAP_ALLOCATE|[74]|Bytes:5
13:13:02.0 (1963661)|HEAP_ALLOCATE|[82]|Bytes:7
13:13:02.0 (1980608)|HEAP_ALLOCATE|[15]|Bytes:5
13:13:02.0 (1983298)|STATEMENT_EXECUTE|[15]
13:13:02.0 (1985118)|HEAP_ALLOCATE|[15]|Bytes:12
13:13:02.0 (2035397)|VARIABLE_ASSIGNMENT|[15]|CasosControllerExtension.ST_AUTORIZADA|"Autorización"
13:13:02.0 (2039719)|STATEMENT_EXECUTE|[16]
13:13:02.0 (2041111)|HEAP_ALLOCATE|[16]|Bytes:3
13:13:02.0 (2045609)|VARIABLE_ASSIGNMENT|[16]|CasosControllerExtension.ST_NUEVO|"New"
13:13:02.0 (2047728)|STATEMENT_EXECUTE|[17]
13:13:02.0 (2049019)|HEAP_ALLOCATE|[17]|Bytes:8
13:13:02.0 (2053040)|VARIABLE_ASSIGNMENT|[17]|CasosControllerExtension.ST_ASIGNADA|"Asignada"
13:13:02.0 (2055128)|STATEMENT_EXECUTE|[18]
13:13:02.0 (2056137)|HEAP_ALLOCATE|[18]|Bytes:7
13:13:02.0 (2059873)|VARIABLE_ASSIGNMENT|[18]|CasosControllerExtension.ST_CERRADO|"Cerrado"
13:13:02.0 (2062000)|STATEMENT_EXECUTE|[19]
13:13:02.0 (2063489)|HEAP_ALLOCATE|[19]|Bytes:19
13:13:02.0 (2067408)|VARIABLE_ASSIGNMENT|[19]|CasosControllerExtension.RT_RIESGOS|"Riesgos_Originaci_n"
13:13:02.0 (2069505)|STATEMENT_EXECUTE|[20]
13:13:02.0 (2070757)|HEAP_ALLOCATE|[20]|Bytes:18
13:13:02.0 (2074548)|VARIABLE_ASSIGNMENT|[20]|CasosControllerExtension.RT_FIGITAL|"BackOffice_Figital"
13:13:02.0 (2076773)|STATEMENT_EXECUTE|[21]
13:13:02.0 (2077701)|HEAP_ALLOCATE|[21]|Bytes:26
13:13:02.0 (2082783)|VARIABLE_ASSIGNMENT|[21]|CasosControllerExtension.QUEUE_CREDITO_FRAUDES|"BackOffice Credito/F (6 more) ..."
13:13:02.0 (2094803)|METHOD_EXIT|[13]|CasosControllerExtension
13:13:02.0 (2104772)|HEAP_ALLOCATE|[78]|Bytes:5
13:13:02.0 (2106972)|STATEMENT_EXECUTE|[76]
13:13:02.0 (2107903)|STATEMENT_EXECUTE|[78]
13:13:02.0 (2109334)|HEAP_ALLOCATE|[78]|Bytes:4
13:13:02.0 (2231533)|HEAP_ALLOCATE|[78]|Bytes:4
13:13:02.0 (3181425)|HEAP_ALLOCATE|[78]|Bytes:408
13:13:02.0 (3246005)|HEAP_ALLOCATE|[78]|Bytes:4
13:13:02.0 (3260855)|HEAP_ALLOCATE|[78]|Bytes:18
13:13:02.0 (3265461)|VARIABLE_SCOPE_BEGIN|[78]|idRecordTypeCredito|String|false|false
13:13:02.0 (3277169)|VARIABLE_ASSIGNMENT|[78]|idRecordTypeCredito|"0123l000001M9F8AAK"
13:13:02.0 (3280170)|STATEMENT_EXECUTE|[79]
13:13:02.0 (3332614)|HEAP_ALLOCATE|[79]|Bytes:4
13:13:02.0 (4137030)|HEAP_ALLOCATE|[79]|Bytes:408
13:13:02.0 (4157459)|HEAP_ALLOCATE|[79]|Bytes:4
13:13:02.0 (4162315)|HEAP_ALLOCATE|[79]|Bytes:18
13:13:02.0 (4165629)|VARIABLE_SCOPE_BEGIN|[79]|idRecordTypeFigital|String|false|false
13:13:02.0 (4172568)|VARIABLE_ASSIGNMENT|[79]|idRecordTypeFigital|"0123l0000019LkKAAU"
13:13:02.0 (4175169)|STATEMENT_EXECUTE|[81]
13:13:02.0 (4177304)|HEAP_ALLOCATE|[81]|Bytes:196
13:13:02.0 (4187439)|HEAP_ALLOCATE|[81]|Bytes:4
13:13:02.0 (4195843)|HEAP_ALLOCATE|[81]|Bytes:7
13:13:02.0 (4205706)|HEAP_ALLOCATE|[81]|Bytes:7
13:13:02.0 (4210159)|HEAP_ALLOCATE|[81]|Bytes:7
13:13:02.0 (4213939)|HEAP_ALLOCATE|[81]|Bytes:7
13:13:02.0 (4217221)|HEAP_ALLOCATE|[81]|Bytes:7
13:13:02.0 (4220142)|HEAP_ALLOCATE|[81]|Bytes:7
13:13:02.0 (4808236)|SOQL_EXECUTE_BEGIN|[81]|Aggregations:0|SELECT COUNT() FROM Case WHERE ((Status = :tmpVar1 OR Status = :tmpVar2 OR Status = :tmpVar3 OR Status = :tmpVar4) AND CreatedDate = TODAY AND (RecordTypeId = :tmpVar5 OR RecordTypeId = :tmpVar6))
13:13:02.0 (18158318)|SOQL_EXECUTE_END|[81]|Rows:134
13:13:02.0 (18213557)|HEAP_ALLOCATE|[81]|Bytes:4
13:13:02.0 (18238975)|VARIABLE_SCOPE_BEGIN|[81]|total|Integer|false|false
13:13:02.0 (18246245)|HEAP_ALLOCATE|[81]|Bytes:4
13:13:02.0 (18265923)|VARIABLE_ASSIGNMENT|[81]|total|134
13:13:02.0 (18269888)|STATEMENT_EXECUTE|[83]
13:13:02.0 (18271870)|HEAP_ALLOCATE|[83]|Bytes:4
13:13:02.0 (18279607)|HEAP_ALLOCATE|[83]|Bytes:4
13:13:02.18 (18337175)|CUMULATIVE_LIMIT_USAGE
13:13:02.18 (18337175)|LIMIT_USAGE_FOR_NS|(default)|
  Number of SOQL queries: 1 out of 100
  Number of query rows: 1 out of 50000
  Number of SOSL queries: 0 out of 20
  Number of DML statements: 0 out of 150
  Number of Publish Immediate DML: 0 out of 150
  Number of DML rows: 0 out of 10000
  Maximum CPU time: 0 out of 10000
  Maximum heap size: 0 out of 6000000
  Number of callouts: 0 out of 100
  Number of Email Invocations: 0 out of 10
  Number of future calls: 0 out of 50
  Number of queueable jobs added to the queue: 0 out of 50
  Number of Mobile Apex push calls: 0 out of 10

13:13:02.18 (18337175)|CUMULATIVE_LIMIT_USAGE_END

13:13:02.0 (18413667)|CODE_UNIT_FINISHED|CasosControllerExtension.obtenerCasosToday()
13:13:02.0 (18604197)|CODE_UNIT_FINISHED|apex://CasosControllerExtension/ACTION$obtenerCasosToday
13:13:02.0 (18613113)|EXECUTION_FINISHED
