66.0 APEX_CODE,FINEST;APEX_PROFILING,INFO;CALLOUT,INFO;DATA_ACCESS,INFO;DB,INFO;NBA,INFO;SYSTEM,DEBUG;VALIDATION,INFO;VISUALFORCE,INFO;WAVE,INFO;WORKFLOW,INFO
14:45:55.0 (699750)|USER_INFO|[EXTERNAL]|0051N000005gvau|etrevinofalabella@izeicg.com.uat|(GMT-06:00) Central Standard Time (America/Mexico_City)|GMT-06:00
14:45:55.0 (758267)|EXECUTION_STARTED
14:45:55.0 (767224)|CODE_UNIT_STARTED|[EXTERNAL]|apex://SendOTPController/ACTION$obtenerConfiguracionServicio
14:45:55.0 (3983385)|CODE_UNIT_STARTED|[EXTERNAL]|01p1N000005h4aa|SendOTPController.obtenerConfiguracionServicio()
14:45:55.0 (4349904)|HEAP_ALLOCATE|[95]|Bytes:3
14:45:55.0 (4433836)|HEAP_ALLOCATE|[100]|Bytes:152
14:45:55.0 (4450817)|HEAP_ALLOCATE|[417]|Bytes:408
14:45:55.0 (4462624)|HEAP_ALLOCATE|[430]|Bytes:408
14:45:55.0 (4483214)|HEAP_ALLOCATE|[317]|Bytes:6
14:45:55.0 (4493801)|HEAP_ALLOCATE|[EXTERNAL]|Bytes:21
14:45:55.0 (4496635)|HEAP_ALLOCATE|[EXTERNAL]|Bytes:55
14:45:55.0 (4505567)|METHOD_ENTRY|[1]|01p1N000005h4aa|SendOTPController.SendOTPController()
14:45:55.0 (4511425)|STATEMENT_EXECUTE|[1]
14:45:55.0 (4517019)|STATEMENT_EXECUTE|[1]
14:45:55.0 (4520193)|METHOD_EXIT|[1]|SendOTPController
14:45:55.0 (4530087)|STATEMENT_EXECUTE|[23]
14:45:55.0 (4531330)|STATEMENT_EXECUTE|[25]
14:45:55.0 (4546809)|HEAP_ALLOCATE|[25]|Bytes:4
14:45:55.0 (4559518)|VARIABLE_SCOPE_BEGIN|[25]|result|Map<String,String>|true|false
14:45:55.0 (4614717)|VARIABLE_ASSIGNMENT|[25]|result|{}|0x193dfe6
14:45:55.0 (4618216)|STATEMENT_EXECUTE|[27]
14:45:55.0 (4619839)|HEAP_ALLOCATE|[27]|Bytes:54
14:45:55.0 (4625908)|HEAP_ALLOCATE|[27]|Bytes:4
14:45:55.0 (4646463)|HEAP_ALLOCATE|[68]|Bytes:5
14:45:55.0 (4668384)|HEAP_ALLOCATE|[74]|Bytes:5
14:45:55.0 (4673094)|HEAP_ALLOCATE|[82]|Bytes:7
14:45:55.0 (5943921)|SOQL_EXECUTE_BEGIN|[27]|Aggregations:0|SELECT Servicio__c FROM Configuracion_OTP__mdt LIMIT 1
14:45:55.0 (11668178)|SOQL_EXECUTE_END|[27]|Rows:1
14:45:55.0 (11696850)|HEAP_ALLOCATE|[27]|Bytes:8
14:45:55.0 (11716348)|HEAP_ALLOCATE|[27]|Bytes:57
14:45:55.0 (11835410)|HEAP_ALLOCATE|[27]|Bytes:8
14:45:55.0 (11851521)|HEAP_ALLOCATE|[27]|Bytes:48
14:45:55.0 (11920552)|HEAP_ALLOCATE|[27]|Bytes:12
14:45:55.0 (11926949)|VARIABLE_SCOPE_BEGIN|[27]|configuracionOTP|Configuracion_OTP__mdt|true|false
14:45:55.0 (11998585)|VARIABLE_ASSIGNMENT|[27]|configuracionOTP|{"Servicio__c":"Microservicio","Id":"m0B0v000000902rEAA"}|0x7498494a
14:45:55.0 (12005442)|STATEMENT_EXECUTE|[29]
14:45:55.0 (12032707)|VARIABLE_SCOPE_BEGIN|[29]|servicio|String|false|false
14:45:55.0 (12039243)|VARIABLE_ASSIGNMENT|[29]|servicio|"Microservicio"
14:45:55.0 (12041468)|STATEMENT_EXECUTE|[31]
14:45:55.0 (12043256)|HEAP_ALLOCATE|[31]|Bytes:11
14:45:55.0 (12061043)|HEAP_ALLOCATE|[31]|Bytes:24
14:45:55.0 (12116395)|USER_DEBUG|[31]|DEBUG|Servicio:  Microservicio
14:45:55.0 (12124362)|STATEMENT_EXECUTE|[33]
14:45:55.0 (12125881)|HEAP_ALLOCATE|[33]|Bytes:8
14:45:55.0 (12163904)|HEAP_ALLOCATE|[EXTERNAL]|Bytes:-4
14:45:55.0 (12169281)|STATEMENT_EXECUTE|[35]
14:45:55.12 (12214563)|CUMULATIVE_LIMIT_USAGE
14:45:55.12 (12214563)|LIMIT_USAGE_FOR_NS|(default)|
  Number of SOQL queries: 0 out of 100
  Number of query rows: 1 out of 50000
  Number of SOSL queries: 0 out of 20
  Number of DML statements: 0 out of 150
  Number of Publish Immediate DML: 0 out of 150
  Number of DML rows: 0 out of 10000
  Maximum CPU time: 0 out of 10000
  Maximum heap size: 0 out of 6000000
  Number of callouts: 0 out of 100
  Number of Email Invocations: 0 out of 10
  Number of future calls: 0 out of 50
  Number of queueable jobs added to the queue: 0 out of 50
  Number of Mobile Apex push calls: 0 out of 10

14:45:55.12 (12214563)|CUMULATIVE_LIMIT_USAGE_END

14:45:55.0 (12238831)|CODE_UNIT_FINISHED|SendOTPController.obtenerConfiguracionServicio()
14:45:55.0 (12475267)|CODE_UNIT_FINISHED|apex://SendOTPController/ACTION$obtenerConfiguracionServicio
14:45:55.0 (12481173)|EXECUTION_FINISHED
