66.0 APEX_CODE,FINEST;APEX_PROFILING,INFO;CALLOUT,INFO;DATA_ACCESS,INFO;DB,INFO;NBA,INFO;SYSTEM,DEBUG;VALIDATION,INFO;VISUALFORCE,INFO;WAVE,INFO;WORKFLOW,INFO
14:37:26.0 (234180)|USER_INFO|[EXTERNAL]|0051N000005gvau|etrevinofalabella@izeicg.com.uat|(GMT-06:00) Central Standard Time (America/Mexico_City)|GMT-06:00
14:37:26.0 (278471)|EXECUTION_STARTED
14:37:26.0 (291097)|CODE_UNIT_STARTED|[EXTERNAL]|apex://validateQuestionsController/ACTION$getValidationToday
14:37:26.0 (5100099)|CODE_UNIT_STARTED|[EXTERNAL]|01p0v000003Gv5u|validateQuestionsController.getValidationToday(String)
14:37:26.0 (5412082)|HEAP_ALLOCATE|[95]|Bytes:3
14:37:26.0 (5526262)|HEAP_ALLOCATE|[100]|Bytes:152
14:37:26.0 (5546773)|HEAP_ALLOCATE|[417]|Bytes:408
14:37:26.0 (5559237)|HEAP_ALLOCATE|[430]|Bytes:408
14:37:26.0 (5584193)|HEAP_ALLOCATE|[317]|Bytes:6
14:37:26.0 (5643890)|HEAP_ALLOCATE|[EXTERNAL]|Bytes:27
14:37:26.0 (5647550)|HEAP_ALLOCATE|[EXTERNAL]|Bytes:11
14:37:26.0 (5655565)|METHOD_ENTRY|[15]|01p0v000003Gv5u|validateQuestionsController.validateQuestionsController()
14:37:26.0 (5663498)|STATEMENT_EXECUTE|[15]
14:37:26.0 (5670333)|STATEMENT_EXECUTE|[15]
14:37:26.0 (5673581)|METHOD_EXIT|[15]|validateQuestionsController
14:37:26.0 (5676653)|HEAP_ALLOCATE|[EXTERNAL]|Bytes:18
14:37:26.0 (5682774)|VARIABLE_SCOPE_BEGIN|[58]|customerId|String|false|false
14:37:26.0 (5718848)|VARIABLE_ASSIGNMENT|[58]|customerId|"0010v00000KlWodAAF"
14:37:26.0 (5727310)|STATEMENT_EXECUTE|[58]
14:37:26.0 (5728168)|STATEMENT_EXECUTE|[59]
14:37:26.0 (6065898)|HEAP_ALLOCATE|[59]|Bytes:4
14:37:26.0 (6159172)|VARIABLE_SCOPE_BEGIN|[59]|VIList|List<Validacion_Incorrecta__c>|true|false
14:37:26.0 (6168546)|HEAP_ALLOCATE|[EXTERNAL]|Bytes:4
14:37:26.0 (6181208)|VARIABLE_ASSIGNMENT|[59]|VIList|[]|0x7129e954
14:37:26.0 (6185388)|STATEMENT_EXECUTE|[60]
14:37:26.0 (6186744)|STATEMENT_EXECUTE|[60]
14:37:26.0 (6187985)|STATEMENT_EXECUTE|[61]
14:37:26.0 (6190800)|HEAP_ALLOCATE|[61]|Bytes:128
14:37:26.0 (6207289)|HEAP_ALLOCATE|[61]|Bytes:4
14:37:26.0 (6215695)|HEAP_ALLOCATE|[61]|Bytes:7
14:37:26.0 (6259714)|HEAP_ALLOCATE|[68]|Bytes:5
14:37:26.0 (6290314)|HEAP_ALLOCATE|[74]|Bytes:5
14:37:26.0 (6297770)|HEAP_ALLOCATE|[82]|Bytes:7
14:37:26.0 (7024840)|SOQL_EXECUTE_BEGIN|[61]|Aggregations:0|SELECT Id FROM Validacion_Incorrecta__c WHERE (Account__c = :tmpVar1 AND Validacion_Exitosa__c = FALSE AND Creado_Hoy__c = TRUE)
14:37:26.0 (14894998)|SOQL_EXECUTE_END|[61]|Rows:0
14:37:26.0 (14930557)|HEAP_ALLOCATE|[61]|Bytes:4
14:37:26.0 (14950913)|HEAP_ALLOCATE|[61]|Bytes:0
14:37:26.0 (14996577)|HEAP_ALLOCATE|[61]|Bytes:4
14:37:26.0 (15026643)|VARIABLE_ASSIGNMENT|[61]|VIList|[]|0x230af03f
14:37:26.0 (15035062)|STATEMENT_EXECUTE|[68]
14:37:26.0 (15082262)|VARIABLE_SCOPE_BEGIN|[68]|numeroDeValidacionesIncorrectas|Integer|false|false
14:37:26.0 (15087118)|HEAP_ALLOCATE|[68]|Bytes:4
14:37:26.0 (15094088)|VARIABLE_ASSIGNMENT|[68]|numeroDeValidacionesIncorrectas|0
14:37:26.0 (15096536)|STATEMENT_EXECUTE|[69]
14:37:26.0 (15100266)|HEAP_ALLOCATE|[69]|Bytes:4
14:37:26.15 (15148215)|CUMULATIVE_LIMIT_USAGE
14:37:26.15 (15148215)|LIMIT_USAGE_FOR_NS|(default)|
  Number of SOQL queries: 1 out of 100
  Number of query rows: 0 out of 50000
  Number of SOSL queries: 0 out of 20
  Number of DML statements: 0 out of 150
  Number of Publish Immediate DML: 0 out of 150
  Number of DML rows: 0 out of 10000
  Maximum CPU time: 0 out of 10000
  Maximum heap size: 0 out of 6000000
  Number of callouts: 0 out of 100
  Number of Email Invocations: 0 out of 10
  Number of future calls: 0 out of 50
  Number of queueable jobs added to the queue: 0 out of 50
  Number of Mobile Apex push calls: 0 out of 10

14:37:26.15 (15148215)|CUMULATIVE_LIMIT_USAGE_END

14:37:26.0 (15171813)|CODE_UNIT_FINISHED|validateQuestionsController.getValidationToday(String)
14:37:26.0 (15369707)|CODE_UNIT_FINISHED|apex://validateQuestionsController/ACTION$getValidationToday
14:37:26.0 (15374280)|EXECUTION_FINISHED
