52.0 APEX_CODE,FINEST;APEX_PROFILING,INFO;CALLOUT,INFO;DATA_ACCESS,INFO;DB,INFO;NBA,INFO;SYSTEM,DEBUG;VALIDATION,INFO;VISUALFORCE,INFO;WAVE,INFO;WORKFLOW,INFO
17:10:09.1 (1509910)|USER_INFO|[EXTERNAL]|0051N000005gvau|etrevinofalabella@izeicg.com.uat|(GMT-06:00) Central Standard Time (America/Mexico_City)|GMT-06:00
17:10:09.1 (1574392)|EXECUTION_STARTED
17:10:09.1 (1604441)|CODE_UNIT_STARTED|[EXTERNAL]|01p0v000003h7p3|BatchUpdateCaseGestorBO
17:10:09.1 (2704790)|HEAP_ALLOCATE|[95]|Bytes:3
17:10:09.1 (2800615)|HEAP_ALLOCATE|[100]|Bytes:152
17:10:09.1 (2818005)|HEAP_ALLOCATE|[417]|Bytes:408
17:10:09.1 (2829111)|HEAP_ALLOCATE|[430]|Bytes:408
17:10:09.1 (2850060)|HEAP_ALLOCATE|[317]|Bytes:6
17:10:09.1 (3695311)|HEAP_ALLOCATE|[EXTERNAL]|Bytes:98
17:10:09.1 (4274942)|HEAP_ALLOCATE|[EXTERNAL]|Bytes:11
17:10:09.1 (4303312)|SYSTEM_METHOD_ENTRY|[15]|BatchableContextImpl.BatchableContextImpl()
17:10:09.1 (4314183)|STATEMENT_EXECUTE|[15]
17:10:09.1 (4332032)|SYSTEM_METHOD_EXIT|[15]|BatchableContextImpl
17:10:09.1 (4338098)|HEAP_ALLOCATE|[EXTERNAL]|Bytes:12
17:10:09.1 (4342648)|HEAP_ALLOCATE|[EXTERNAL]|Bytes:4
17:10:09.1 (4354515)|VARIABLE_SCOPE_BEGIN|[31]|this|Database.BatchableContextImpl|true|false
17:10:09.1 (4486438)|VARIABLE_ASSIGNMENT|[31]|this|{}|0x64f18396
17:10:09.1 (4490045)|VARIABLE_SCOPE_BEGIN|[31]|jobId|Id|false|false
17:10:09.1 (4592464)|VARIABLE_ASSIGNMENT|[31]|jobId|"707Rt000024Qj9AIAS"
17:10:09.1 (4595753)|VARIABLE_SCOPE_BEGIN|[31]|childJobId|Id|false|false
17:10:09.1 (4601129)|VARIABLE_ASSIGNMENT|[31]|childJobId|null
17:10:09.1 (24265489)|HEAP_ALLOCATE|[EXTERNAL]|Bytes:99
17:10:09.1 (24284299)|HEAP_ALLOCATE|[EXTERNAL]|Bytes:12
17:10:09.1 (24302749)|METHOD_ENTRY|[11]|01p0v000003h7p3|BatchUpdateCaseGestorBO.BatchUpdateCaseGestorBO()
17:10:09.1 (24313447)|STATEMENT_EXECUTE|[11]
17:10:09.1 (24322355)|STATEMENT_EXECUTE|[11]
17:10:09.1 (24330479)|METHOD_EXIT|[11]|BatchUpdateCaseGestorBO
17:10:09.1 (24336000)|HEAP_ALLOCATE|[EXTERNAL]|Bytes:20
17:10:09.1 (24339563)|HEAP_ALLOCATE|[EXTERNAL]|Bytes:12
17:10:09.1 (24352320)|VARIABLE_SCOPE_BEGIN|[108]|this|BatchUpdateCaseGestorBO|true|false
17:10:09.1 (24426371)|VARIABLE_ASSIGNMENT|[108]|this|{"idQueueFraudesCredito":"00G0v000002erN3EAI","intCallMSAttempts":3,"lstRecordTypesBO":"0xc27513b","lstRequestsWithError":"0x640a2b50"}|0x30504ec7
17:10:09.1 (24432832)|VARIABLE_SCOPE_BEGIN|[108]|BC|Database.BatchableContext|true|false
17:10:09.1 (24506492)|VARIABLE_ASSIGNMENT|[108]|BC|{"jobId":"707Rt000024Qj9AIAS"}|0x64f18396
17:10:09.1 (24519545)|STATEMENT_EXECUTE|[108]
17:10:09.1 (24593924)|STATEMENT_EXECUTE|[111]
17:10:09.41 (41713044)|CUMULATIVE_LIMIT_USAGE
17:10:09.41 (41713044)|LIMIT_USAGE_FOR_NS|(default)|
  Number of SOQL queries: 0 out of 200
  Number of query rows: 0 out of 50000
  Number of SOSL queries: 0 out of 20
  Number of DML statements: 0 out of 150
  Number of Publish Immediate DML: 0 out of 150
  Number of DML rows: 0 out of 10000
  Maximum CPU time: 0 out of 60000
  Maximum heap size: 0 out of 12000000
  Number of callouts: 0 out of 0
  Number of Email Invocations: 0 out of 10
  Number of future calls: 0 out of 0
  Number of queueable jobs added to the queue: 0 out of 1
  Number of Mobile Apex push calls: 0 out of 10

17:10:09.41 (41713044)|CUMULATIVE_LIMIT_USAGE_END

17:10:09.1 (41783657)|CODE_UNIT_FINISHED|BatchUpdateCaseGestorBO
17:10:09.1 (41807247)|EXECUTION_FINISHED
