67.0 APEX_CODE,FINEST;APEX_PROFILING,INFO;CALLOUT,INFO;DATA_ACCESS,INFO;DB,INFO;NBA,INFO;SYSTEM,DEBUG;VALIDATION,INFO;VISUALFORCE,INFO;WAVE,INFO;WORKFLOW,INFO
12:21:19.0 (279770)|USER_INFO|[EXTERNAL]|0051N000005gvau|etrevinofalabella@izeicg.com.uat|(GMT-06:00) Central Standard Time (America/Mexico_City)|GMT-06:00
12:21:19.0 (318820)|EXECUTION_STARTED
12:21:19.0 (328356)|CODE_UNIT_STARTED|[EXTERNAL]|apex://validateQuestionsController/ACTION$getUserProfile
12:21:19.0 (3357139)|CODE_UNIT_STARTED|[EXTERNAL]|01p0v000003Gv5u|validateQuestionsController.getUserProfile()
12:21:19.0 (3633434)|HEAP_ALLOCATE|[95]|Bytes:3
12:21:19.0 (3721077)|HEAP_ALLOCATE|[100]|Bytes:152
12:21:19.0 (3735018)|HEAP_ALLOCATE|[417]|Bytes:408
12:21:19.0 (3745916)|HEAP_ALLOCATE|[430]|Bytes:408
12:21:19.0 (3766273)|HEAP_ALLOCATE|[317]|Bytes:6
12:21:19.0 (3776222)|HEAP_ALLOCATE|[EXTERNAL]|Bytes:27
12:21:19.0 (3779526)|HEAP_ALLOCATE|[EXTERNAL]|Bytes:11
12:21:19.0 (3786843)|METHOD_ENTRY|[15]|01p0v000003Gv5u|validateQuestionsController.validateQuestionsController()
12:21:19.0 (3792874)|STATEMENT_EXECUTE|[15]
12:21:19.0 (3799362)|STATEMENT_EXECUTE|[15]
12:21:19.0 (3802251)|METHOD_EXIT|[15]|validateQuestionsController
12:21:19.0 (3812004)|STATEMENT_EXECUTE|[155]
12:21:19.0 (3813131)|STATEMENT_EXECUTE|[156]
12:21:19.0 (3883929)|VARIABLE_SCOPE_BEGIN|[156]|UserProfile|Profile|true|false
12:21:19.0 (3941684)|VARIABLE_ASSIGNMENT|[156]|UserProfile|null|
12:21:19.0 (3946886)|STATEMENT_EXECUTE|[157]
12:21:19.0 (3947799)|STATEMENT_EXECUTE|[157]
12:21:19.0 (3948755)|STATEMENT_EXECUTE|[158]
12:21:19.0 (3985815)|HEAP_ALLOCATE|[158]|Bytes:105
12:21:19.0 (4001325)|SYSTEM_METHOD_ENTRY|[1]|UserInfo.UserInfo()
12:21:19.0 (4004756)|STATEMENT_EXECUTE|[1]
12:21:19.0 (4012686)|SYSTEM_METHOD_EXIT|[1]|UserInfo
12:21:19.0 (4040981)|METHOD_ENTRY|[158]||System.UserInfo.getProfileId()
12:21:19.0 (6197834)|METHOD_EXIT|[158]||System.UserInfo.getProfileId()
12:21:19.0 (6226964)|HEAP_ALLOCATE|[158]|Bytes:4
12:21:19.0 (6234494)|VARIABLE_SCOPE_BEGIN|[158]|profileId|Id|false|false
12:21:19.0 (6457024)|VARIABLE_ASSIGNMENT|[158]|profileId|"00e1N000001u1HIQAY"
12:21:19.0 (6466122)|STATEMENT_EXECUTE|[159]
12:21:19.0 (6470005)|HEAP_ALLOCATE|[159]|Bytes:52
12:21:19.0 (6492525)|HEAP_ALLOCATE|[159]|Bytes:4
12:21:19.0 (6506197)|HEAP_ALLOCATE|[159]|Bytes:7
12:21:19.0 (9773034)|SOQL_EXECUTE_BEGIN|[159]|Aggregations:0|SELECT Name FROM Profile WHERE Id = :tmpVar1 LIMIT 1
12:21:19.0 (14335958)|SOQL_EXECUTE_END|[159]|Rows:1
12:21:19.0 (14366940)|HEAP_ALLOCATE|[159]|Bytes:8
12:21:19.0 (14383764)|HEAP_ALLOCATE|[159]|Bytes:57
12:21:19.0 (14499786)|HEAP_ALLOCATE|[159]|Bytes:8
12:21:19.0 (14516833)|HEAP_ALLOCATE|[159]|Bytes:33
12:21:19.0 (14573659)|HEAP_ALLOCATE|[159]|Bytes:12
12:21:19.0 (14645871)|VARIABLE_ASSIGNMENT|[159]|UserProfile|{"Name":"System Administrator","Id":"00e1N000001u1HIQAY"}|0x460db755
12:21:19.0 (14655681)|STATEMENT_EXECUTE|[163]
12:21:19.14 (14735329)|CUMULATIVE_LIMIT_USAGE
12:21:19.14 (14735329)|LIMIT_USAGE_FOR_NS|(default)|
  Number of SOQL queries: 1 out of 100
  Number of query rows: 1 out of 50000
  Number of SOSL queries: 0 out of 20
  Number of DML statements: 0 out of 150
  Number of Publish Immediate DML: 0 out of 150
  Number of DML rows: 0 out of 10000
  Maximum CPU time: 0 out of 10000
  Maximum heap size: 0 out of 6000000
  Number of callouts: 0 out of 100
  Number of Email Invocations: 0 out of 10
  Number of future calls: 0 out of 50
  Number of queueable jobs added to the queue: 0 out of 50
  Number of Mobile Apex push calls: 0 out of 10

12:21:19.14 (14735329)|CUMULATIVE_LIMIT_USAGE_END

12:21:19.0 (14759053)|CODE_UNIT_FINISHED|validateQuestionsController.getUserProfile()
12:21:19.0 (14949952)|CODE_UNIT_FINISHED|apex://validateQuestionsController/ACTION$getUserProfile
12:21:19.0 (14953983)|EXECUTION_FINISHED
