52.0 APEX_CODE,FINEST;APEX_PROFILING,INFO;CALLOUT,INFO;DATA_ACCESS,INFO;DB,INFO;NBA,INFO;SYSTEM,DEBUG;VALIDATION,INFO;VISUALFORCE,INFO;WAVE,INFO;WORKFLOW,INFO
17:48:00.0 (312300)|USER_INFO|[EXTERNAL]|0051N000008bAK9|contingenciafalabella@falabella.com.mx|(GMT-06:00) Central Standard Time (America/Mexico_City)|GMT-06:00
17:48:00.0 (416794)|EXECUTION_STARTED
17:48:00.0 (588398)|CODE_UNIT_STARTED|[EXTERNAL]|01p3l00000EBsec|BatchUpdateCaseGestorBO
17:48:00.0 (1640610)|HEAP_ALLOCATE|[95]|Bytes:3
17:48:00.0 (1762314)|HEAP_ALLOCATE|[100]|Bytes:152
17:48:00.0 (1778958)|HEAP_ALLOCATE|[417]|Bytes:408
17:48:00.0 (1794782)|HEAP_ALLOCATE|[430]|Bytes:408
17:48:00.0 (1821828)|HEAP_ALLOCATE|[317]|Bytes:6
17:48:00.0 (2909694)|HEAP_ALLOCATE|[EXTERNAL]|Bytes:98
17:48:00.0 (18781046)|HEAP_ALLOCATE|[EXTERNAL]|Bytes:11
17:48:00.0 (18841082)|SYSTEM_METHOD_ENTRY|[15]|BatchableContextImpl.BatchableContextImpl()
17:48:00.0 (18865070)|STATEMENT_EXECUTE|[15]
17:48:00.0 (18891632)|SYSTEM_METHOD_EXIT|[15]|BatchableContextImpl
17:48:00.0 (18900539)|HEAP_ALLOCATE|[EXTERNAL]|Bytes:12
17:48:00.0 (18904843)|HEAP_ALLOCATE|[EXTERNAL]|Bytes:4
17:48:00.0 (18922485)|VARIABLE_SCOPE_BEGIN|[31]|this|Database.BatchableContextImpl|true|false
17:48:00.0 (19035850)|VARIABLE_ASSIGNMENT|[31]|this|{}|0x5a2f81f4
17:48:00.0 (19041927)|VARIABLE_SCOPE_BEGIN|[31]|jobId|Id|false|false
17:48:00.0 (19189645)|VARIABLE_ASSIGNMENT|[31]|jobId|"707RQ00001vVXBiYAO"
17:48:00.0 (19193948)|VARIABLE_SCOPE_BEGIN|[31]|childJobId|Id|false|false
17:48:00.0 (19201994)|VARIABLE_ASSIGNMENT|[31]|childJobId|null
17:48:00.0 (21456392)|HEAP_ALLOCATE|[EXTERNAL]|Bytes:99
17:48:00.0 (21471934)|HEAP_ALLOCATE|[EXTERNAL]|Bytes:12
17:48:00.0 (21497925)|METHOD_ENTRY|[11]|01p3l00000EBsec|BatchUpdateCaseGestorBO.BatchUpdateCaseGestorBO()
17:48:00.0 (21513080)|STATEMENT_EXECUTE|[11]
17:48:00.0 (21524329)|STATEMENT_EXECUTE|[11]
17:48:00.0 (21531375)|METHOD_EXIT|[11]|BatchUpdateCaseGestorBO
17:48:00.0 (21536457)|HEAP_ALLOCATE|[EXTERNAL]|Bytes:20
17:48:00.0 (21538604)|HEAP_ALLOCATE|[EXTERNAL]|Bytes:12
17:48:00.0 (21549495)|VARIABLE_SCOPE_BEGIN|[33]|this|BatchUpdateCaseGestorBO|true|false
17:48:00.0 (21614879)|VARIABLE_ASSIGNMENT|[33]|this|{"idQueueFraudesCredito":"00G3l000004HYBREA4","intCallMSAttempts":3,"lstRecordTypesBO":"0x34398d13","lstRequestsWithError":"0x50ba6f30"}|0x13e4e954
17:48:00.0 (21620146)|VARIABLE_SCOPE_BEGIN|[33]|BC|Database.BatchableContext|true|false
17:48:00.0 (21683599)|VARIABLE_ASSIGNMENT|[33]|BC|{"jobId":"707RQ00001vVXBiYAO"}|0x5a2f81f4
17:48:00.0 (21697040)|STATEMENT_EXECUTE|[33]
17:48:00.0 (21698174)|STATEMENT_EXECUTE|[35]
17:48:00.0 (21701310)|HEAP_ALLOCATE|[35]|Bytes:217
17:48:00.0 (21721827)|HEAP_ALLOCATE|[35]|Bytes:4
17:48:00.0 (21734745)|HEAP_ALLOCATE|[35]|Bytes:7
17:48:00.0 (21751735)|HEAP_ALLOCATE|[35]|Bytes:7
17:48:00.0 (21755768)|HEAP_ALLOCATE|[35]|Bytes:7
17:48:00.0 (21798990)|HEAP_ALLOCATE|[68]|Bytes:5
17:48:00.0 (21820612)|HEAP_ALLOCATE|[74]|Bytes:5
17:48:00.0 (21825863)|HEAP_ALLOCATE|[82]|Bytes:7
17:48:00.0 (23990368)|SOQL_EXECUTE_BEGIN|[35]|Aggregations:0|SELECT ID_Solicitud__c, Solicitud_Repetida__c, Total_a_Condonar__c FROM Case WHERE (OwnerId = :tmpVar1 AND RecordTypeId IN :tmpVar2 AND (Actualizaci_n_de_domicilio_en_SAT__c = FALSE OR Total_a_Condonar__c < :tmpVar3))
17:48:00.0 (62918926)|SOQL_EXECUTE_END|[35]|Rows:3
17:48:00.0 (63205215)|HEAP_ALLOCATE|[35]|Bytes:20
17:48:00.90 (90528005)|CUMULATIVE_LIMIT_USAGE
17:48:00.90 (90528005)|LIMIT_USAGE_FOR_NS|(default)|
  Number of SOQL queries: 0 out of 200
  Number of query rows: 0 out of 50000
  Number of SOSL queries: 0 out of 20
  Number of DML statements: 0 out of 150
  Number of Publish Immediate DML: 0 out of 150
  Number of DML rows: 0 out of 10000
  Maximum CPU time: 0 out of 60000
  Maximum heap size: 0 out of 12000000
  Number of callouts: 0 out of 0
  Number of Email Invocations: 0 out of 10
  Number of future calls: 0 out of 0
  Number of queueable jobs added to the queue: 0 out of 1
  Number of Mobile Apex push calls: 0 out of 10

17:48:00.90 (90528005)|CUMULATIVE_LIMIT_USAGE_END

17:48:00.0 (90711992)|CODE_UNIT_FINISHED|BatchUpdateCaseGestorBO
17:48:00.0 (90739533)|EXECUTION_FINISHED
