67.0 APEX_CODE,FINEST;APEX_PROFILING,INFO;CALLOUT,INFO;DATA_ACCESS,INFO;DB,INFO;NBA,INFO;SYSTEM,DEBUG;VALIDATION,INFO;VISUALFORCE,INFO;WAVE,INFO;WORKFLOW,INFO
17:52:44.0 (963256)|USER_INFO|[EXTERNAL]|0050v0000034lag|albeltransa@falabella.com.mx.admin.uat|(GMT-06:00) Central Standard Time (America/Mexico_City)|GMT-06:00
17:52:44.0 (1015468)|EXECUTION_STARTED
17:52:44.0 (1035045)|CODE_UNIT_STARTED|[EXTERNAL]|apex://AuthenticateCustomerController/ACTION$getAgent
17:52:44.0 (19179989)|CODE_UNIT_STARTED|[EXTERNAL]|01p1N00000DazLB|AuthenticateCustomerController.getAgent()
17:52:44.0 (20015805)|VARIABLE_SCOPE_BEGIN|[19]|AuthenticateCustomerController.BE|String|false|true
17:52:44.0 (21030959)|HEAP_ALLOCATE|[95]|Bytes:3
17:52:44.0 (21251856)|HEAP_ALLOCATE|[100]|Bytes:152
17:52:44.0 (21289707)|HEAP_ALLOCATE|[417]|Bytes:408
17:52:44.0 (21311135)|HEAP_ALLOCATE|[430]|Bytes:408
17:52:44.0 (21356060)|HEAP_ALLOCATE|[317]|Bytes:6
17:52:44.0 (21370448)|HEAP_ALLOCATE|[EXTERNAL]|Bytes:13
17:52:44.0 (21392415)|HEAP_ALLOCATE|[EXTERNAL]|Bytes:70
17:52:44.0 (21402425)|HEAP_ALLOCATE|[EXTERNAL]|Bytes:88
17:52:44.0 (21414066)|HEAP_ALLOCATE|[EXTERNAL]|Bytes:2
17:52:44.0 (21722660)|VARIABLE_ASSIGNMENT|[EXTERNAL]|AuthenticateCustomerController.BE|"BE"
17:52:44.0 (21767547)|METHOD_ENTRY|[17]|01p1N00000DazLB|AuthenticateCustomerController.AuthenticateCustomerController()
17:52:44.0 (21785745)|STATEMENT_EXECUTE|[17]
17:52:44.0 (21801617)|STATEMENT_EXECUTE|[17]
17:52:44.0 (21844711)|HEAP_ALLOCATE|[68]|Bytes:5
17:52:44.0 (21892898)|HEAP_ALLOCATE|[74]|Bytes:5
17:52:44.0 (21898867)|HEAP_ALLOCATE|[82]|Bytes:7
17:52:44.0 (22231902)|HEAP_ALLOCATE|[EXTERNAL]|Bytes:5
17:52:44.0 (22240142)|STATEMENT_EXECUTE|[21]
17:52:44.0 (22263787)|METHOD_EXIT|[17]|AuthenticateCustomerController
17:52:44.0 (22281888)|HEAP_ALLOCATE|[294]|Bytes:5
17:52:44.0 (22284877)|STATEMENT_EXECUTE|[292]
17:52:44.0 (22285862)|STATEMENT_EXECUTE|[294]
17:52:44.0 (22288852)|HEAP_ALLOCATE|[294]|Bytes:45
17:52:44.0 (22310287)|HEAP_ALLOCATE|[294]|Bytes:4
17:52:44.0 (22322267)|HEAP_ALLOCATE|[294]|Bytes:7
17:52:44.0 (22362279)|HEAP_ALLOCATE|[294]|Bytes:105
17:52:44.0 (22401251)|SYSTEM_METHOD_ENTRY|[1]|UserInfo.UserInfo()
17:52:44.0 (22403511)|STATEMENT_EXECUTE|[1]
17:52:44.0 (22410561)|SYSTEM_METHOD_EXIT|[1]|UserInfo
17:52:44.0 (22424765)|METHOD_ENTRY|[294]||System.UserInfo.getUserId()
17:52:44.0 (24533150)|METHOD_EXIT|[294]||System.UserInfo.getUserId()
17:52:44.0 (26063444)|SOQL_EXECUTE_BEGIN|[294]|Aggregations:0|SELECT Id, Name FROM User WHERE Id = :tmpVar1
17:52:44.0 (29754795)|SOQL_EXECUTE_END|[294]|Rows:1
17:52:44.0 (29781434)|HEAP_ALLOCATE|[294]|Bytes:8
17:52:44.0 (29802736)|HEAP_ALLOCATE|[294]|Bytes:50
17:52:44.0 (29903000)|HEAP_ALLOCATE|[294]|Bytes:8
17:52:44.0 (29917887)|HEAP_ALLOCATE|[294]|Bytes:30
17:52:44.0 (29974153)|HEAP_ALLOCATE|[294]|Bytes:12
17:52:44.30 (30035140)|CUMULATIVE_LIMIT_USAGE
17:52:44.30 (30035140)|LIMIT_USAGE_FOR_NS|(default)|
  Number of SOQL queries: 1 out of 100
  Number of query rows: 1 out of 50000
  Number of SOSL queries: 0 out of 20
  Number of DML statements: 0 out of 150
  Number of Publish Immediate DML: 0 out of 150
  Number of DML rows: 0 out of 10000
  Maximum CPU time: 0 out of 10000
  Maximum heap size: 0 out of 6000000
  Number of callouts: 0 out of 100
  Number of Email Invocations: 0 out of 10
  Number of future calls: 0 out of 50
  Number of queueable jobs added to the queue: 0 out of 50
  Number of Mobile Apex push calls: 0 out of 10

17:52:44.30 (30035140)|CUMULATIVE_LIMIT_USAGE_END

17:52:44.0 (30082143)|CODE_UNIT_FINISHED|AuthenticateCustomerController.getAgent()
17:52:44.0 (30304042)|CODE_UNIT_FINISHED|apex://AuthenticateCustomerController/ACTION$getAgent
17:52:44.0 (30316106)|EXECUTION_FINISHED
