67.0 APEX_CODE,FINEST;APEX_PROFILING,INFO;CALLOUT,INFO;DATA_ACCESS,INFO;DB,INFO;NBA,INFO;SYSTEM,DEBUG;VALIDATION,INFO;VISUALFORCE,INFO;WAVE,INFO;WORKFLOW,INFO
17:42:04.0 (226812)|USER_INFO|[EXTERNAL]|0050v0000034lag|albeltransa@falabella.com.mx.admin.uat|(GMT-06:00) Central Standard Time (America/Mexico_City)|GMT-06:00
17:42:04.0 (263810)|EXECUTION_STARTED
17:42:04.0 (272060)|CODE_UNIT_STARTED|[EXTERNAL]|apex://AuthenticateCustomerController/ACTION$getCustomer
17:42:04.0 (3587374)|CODE_UNIT_STARTED|[EXTERNAL]|01p1N00000DazLB|AuthenticateCustomerController.getCustomer(String)
17:42:04.0 (3710136)|VARIABLE_SCOPE_BEGIN|[19]|AuthenticateCustomerController.BE|String|false|true
17:42:04.0 (3911663)|HEAP_ALLOCATE|[95]|Bytes:3
17:42:04.0 (3950564)|HEAP_ALLOCATE|[100]|Bytes:152
17:42:04.0 (3964346)|HEAP_ALLOCATE|[417]|Bytes:408
17:42:04.0 (3975074)|HEAP_ALLOCATE|[430]|Bytes:408
17:42:04.0 (3993383)|HEAP_ALLOCATE|[317]|Bytes:6
17:42:04.0 (4003277)|HEAP_ALLOCATE|[EXTERNAL]|Bytes:13
17:42:04.0 (4007374)|HEAP_ALLOCATE|[EXTERNAL]|Bytes:70
17:42:04.0 (4009061)|HEAP_ALLOCATE|[EXTERNAL]|Bytes:88
17:42:04.0 (4011261)|HEAP_ALLOCATE|[EXTERNAL]|Bytes:2
17:42:04.0 (4051478)|VARIABLE_ASSIGNMENT|[EXTERNAL]|AuthenticateCustomerController.BE|"BE"
17:42:04.0 (4062102)|METHOD_ENTRY|[17]|01p1N00000DazLB|AuthenticateCustomerController.AuthenticateCustomerController()
17:42:04.0 (4066252)|STATEMENT_EXECUTE|[17]
17:42:04.0 (4070555)|STATEMENT_EXECUTE|[17]
17:42:04.0 (4089242)|HEAP_ALLOCATE|[68]|Bytes:5
17:42:04.0 (4113121)|HEAP_ALLOCATE|[74]|Bytes:5
17:42:04.0 (4117545)|HEAP_ALLOCATE|[82]|Bytes:7
17:42:04.0 (4269678)|HEAP_ALLOCATE|[EXTERNAL]|Bytes:5
17:42:04.0 (4273239)|STATEMENT_EXECUTE|[21]
17:42:04.0 (4282046)|METHOD_EXIT|[17]|AuthenticateCustomerController
17:42:04.0 (4285181)|HEAP_ALLOCATE|[EXTERNAL]|Bytes:18
17:42:04.0 (4290941)|VARIABLE_SCOPE_BEGIN|[426]|customerId|String|false|false
17:42:04.0 (4298710)|VARIABLE_ASSIGNMENT|[426]|customerId|"0010v00000MYqEtAAL"
17:42:04.0 (4306966)|HEAP_ALLOCATE|[428]|Bytes:5
17:42:04.0 (4309161)|STATEMENT_EXECUTE|[426]
17:42:04.0 (4310144)|STATEMENT_EXECUTE|[428]
17:42:04.0 (4312249)|HEAP_ALLOCATE|[428]|Bytes:158
17:42:04.0 (4331217)|HEAP_ALLOCATE|[428]|Bytes:4
17:42:04.0 (4339812)|HEAP_ALLOCATE|[428]|Bytes:7
17:42:04.0 (8027267)|SOQL_EXECUTE_BEGIN|[428]|Aggregations:0|SELECT Id, Campa_a_Actualizaci_n_SORIBAN__c, Cliente_Anonimo__c, Name, Fecha_de_nacimiento1__c, PersonMobilePhone, Oficina__c FROM Account WHERE Id = :tmpVar1
17:42:04.0 (16046251)|SOQL_EXECUTE_END|[428]|Rows:1
17:42:04.0 (16075956)|HEAP_ALLOCATE|[428]|Bytes:8
17:42:04.0 (16096822)|HEAP_ALLOCATE|[428]|Bytes:188
17:42:04.0 (16215342)|HEAP_ALLOCATE|[428]|Bytes:8
17:42:04.0 (16239322)|HEAP_ALLOCATE|[428]|Bytes:33
17:42:04.0 (16299598)|HEAP_ALLOCATE|[428]|Bytes:28
17:42:04.16 (16391663)|CUMULATIVE_LIMIT_USAGE
17:42:04.16 (16391663)|LIMIT_USAGE_FOR_NS|(default)|
  Number of SOQL queries: 1 out of 100
  Number of query rows: 1 out of 50000
  Number of SOSL queries: 0 out of 20
  Number of DML statements: 0 out of 150
  Number of Publish Immediate DML: 0 out of 150
  Number of DML rows: 0 out of 10000
  Maximum CPU time: 0 out of 10000
  Maximum heap size: 0 out of 6000000
  Number of callouts: 0 out of 100
  Number of Email Invocations: 0 out of 10
  Number of future calls: 0 out of 50
  Number of queueable jobs added to the queue: 0 out of 50
  Number of Mobile Apex push calls: 0 out of 10

17:42:04.16 (16391663)|CUMULATIVE_LIMIT_USAGE_END

17:42:04.0 (16415651)|CODE_UNIT_FINISHED|AuthenticateCustomerController.getCustomer(String)
17:42:04.0 (16645137)|CODE_UNIT_FINISHED|apex://AuthenticateCustomerController/ACTION$getCustomer
17:42:04.0 (16649996)|EXECUTION_FINISHED
