67.0 APEX_CODE,FINEST;APEX_PROFILING,INFO;CALLOUT,INFO;DATA_ACCESS,INFO;DB,INFO;NBA,INFO;SYSTEM,DEBUG;VALIDATION,INFO;VISUALFORCE,INFO;WAVE,INFO;WORKFLOW,INFO
13:13:02.0 (317490)|USER_INFO|[EXTERNAL]|005Qg000002VBqt|jlandav@falabella.com.mx|(GMT-06:00) Central Standard Time (America/Mexico_City)|GMT-06:00
13:13:02.0 (402463)|EXECUTION_STARTED
13:13:02.0 (431780)|CODE_UNIT_STARTED|[EXTERNAL]|apex://CasosControllerExtension/ACTION$obtenerCasos
13:13:02.0 (3461853)|CODE_UNIT_STARTED|[EXTERNAL]|01p3l000005qcOV|CasosControllerExtension.obtenerCasos()
13:13:02.0 (4131844)|VARIABLE_SCOPE_BEGIN|[21]|CasosControllerExtension.QUEUE_CREDITO_FRAUDES|String|false|true
13:13:02.0 (4179930)|VARIABLE_SCOPE_BEGIN|[20]|CasosControllerExtension.RT_FIGITAL|String|false|true
13:13:02.0 (4184674)|VARIABLE_SCOPE_BEGIN|[19]|CasosControllerExtension.RT_RIESGOS|String|false|true
13:13:02.0 (4188419)|VARIABLE_SCOPE_BEGIN|[17]|CasosControllerExtension.ST_ASIGNADA|String|false|true
13:13:02.0 (4191928)|VARIABLE_SCOPE_BEGIN|[15]|CasosControllerExtension.ST_AUTORIZADA|String|false|true
13:13:02.0 (4195589)|VARIABLE_SCOPE_BEGIN|[18]|CasosControllerExtension.ST_CERRADO|String|false|true
13:13:02.0 (4199233)|VARIABLE_SCOPE_BEGIN|[16]|CasosControllerExtension.ST_NUEVO|String|false|true
13:13:02.0 (4326820)|HEAP_ALLOCATE|[95]|Bytes:3
13:13:02.0 (4386069)|HEAP_ALLOCATE|[100]|Bytes:152
13:13:02.0 (4398599)|HEAP_ALLOCATE|[417]|Bytes:408
13:13:02.0 (4409537)|HEAP_ALLOCATE|[430]|Bytes:408
13:13:02.0 (4428134)|HEAP_ALLOCATE|[317]|Bytes:6
13:13:02.0 (4438224)|HEAP_ALLOCATE|[EXTERNAL]|Bytes:11
13:13:02.0 (4471279)|METHOD_ENTRY|[13]|01p3l000005qcOV|CasosControllerExtension.CasosControllerExtension()
13:13:02.0 (4482230)|STATEMENT_EXECUTE|[13]
13:13:02.0 (4491350)|STATEMENT_EXECUTE|[13]
13:13:02.0 (4508245)|HEAP_ALLOCATE|[68]|Bytes:5
13:13:02.0 (4541070)|HEAP_ALLOCATE|[74]|Bytes:5
13:13:02.0 (4546170)|HEAP_ALLOCATE|[82]|Bytes:7
13:13:02.0 (4702939)|HEAP_ALLOCATE|[15]|Bytes:5
13:13:02.0 (4708271)|STATEMENT_EXECUTE|[15]
13:13:02.0 (4710256)|HEAP_ALLOCATE|[15]|Bytes:12
13:13:02.0 (4775841)|VARIABLE_ASSIGNMENT|[15]|CasosControllerExtension.ST_AUTORIZADA|"Autorización"
13:13:02.0 (4780299)|STATEMENT_EXECUTE|[16]
13:13:02.0 (4781842)|HEAP_ALLOCATE|[16]|Bytes:3
13:13:02.0 (4787379)|VARIABLE_ASSIGNMENT|[16]|CasosControllerExtension.ST_NUEVO|"New"
13:13:02.0 (4789649)|STATEMENT_EXECUTE|[17]
13:13:02.0 (4791054)|HEAP_ALLOCATE|[17]|Bytes:8
13:13:02.0 (4795331)|VARIABLE_ASSIGNMENT|[17]|CasosControllerExtension.ST_ASIGNADA|"Asignada"
13:13:02.0 (4797456)|STATEMENT_EXECUTE|[18]
13:13:02.0 (4798485)|HEAP_ALLOCATE|[18]|Bytes:7
13:13:02.0 (4802495)|VARIABLE_ASSIGNMENT|[18]|CasosControllerExtension.ST_CERRADO|"Cerrado"
13:13:02.0 (4804726)|STATEMENT_EXECUTE|[19]
13:13:02.0 (4806296)|HEAP_ALLOCATE|[19]|Bytes:19
13:13:02.0 (4810205)|VARIABLE_ASSIGNMENT|[19]|CasosControllerExtension.RT_RIESGOS|"Riesgos_Originaci_n"
13:13:02.0 (4812499)|STATEMENT_EXECUTE|[20]
13:13:02.0 (4813854)|HEAP_ALLOCATE|[20]|Bytes:18
13:13:02.0 (4818153)|VARIABLE_ASSIGNMENT|[20]|CasosControllerExtension.RT_FIGITAL|"BackOffice_Figital"
13:13:02.0 (4820298)|STATEMENT_EXECUTE|[21]
13:13:02.0 (4821646)|HEAP_ALLOCATE|[21]|Bytes:26
13:13:02.0 (4826871)|VARIABLE_ASSIGNMENT|[21]|CasosControllerExtension.QUEUE_CREDITO_FRAUDES|"BackOffice Credito/F (6 more) ..."
13:13:02.0 (4841115)|METHOD_EXIT|[13]|CasosControllerExtension
13:13:02.0 (4853322)|HEAP_ALLOCATE|[43]|Bytes:5
13:13:02.0 (4855884)|STATEMENT_EXECUTE|[41]
13:13:02.0 (4856831)|STATEMENT_EXECUTE|[43]
13:13:02.0 (4868084)|HEAP_ALLOCATE|[43]|Bytes:4
13:13:02.0 (4879466)|VARIABLE_SCOPE_BEGIN|[43]|mapResult|Map<String,ANY>|true|false
13:13:02.0 (4900062)|VARIABLE_ASSIGNMENT|[43]|mapResult|{}|0x57210982
13:13:02.0 (4902922)|STATEMENT_EXECUTE|[45]
13:13:02.0 (4917720)|METHOD_ENTRY|[45]|01p3l000005qcOV|CasosControllerExtension.getProfileName()
13:13:02.0 (4939542)|HEAP_ALLOCATE|[29]|Bytes:5
13:13:02.0 (4942041)|STATEMENT_EXECUTE|[27]
13:13:02.0 (4943016)|STATEMENT_EXECUTE|[29]
13:13:02.0 (4973273)|HEAP_ALLOCATE|[29]|Bytes:105
13:13:02.0 (4982050)|SYSTEM_METHOD_ENTRY|[1]|UserInfo.UserInfo()
13:13:02.0 (4984381)|STATEMENT_EXECUTE|[1]
13:13:02.0 (4990973)|SYSTEM_METHOD_EXIT|[1]|UserInfo
13:13:02.0 (5000133)|METHOD_ENTRY|[29]||System.UserInfo.getProfileId()
13:13:02.0 (7285401)|METHOD_EXIT|[29]||System.UserInfo.getProfileId()
13:13:02.0 (7316693)|HEAP_ALLOCATE|[29]|Bytes:4
13:13:02.0 (7325479)|VARIABLE_SCOPE_BEGIN|[29]|profileId|Id|false|false
13:13:02.0 (7557235)|VARIABLE_ASSIGNMENT|[29]|profileId|"00e1N000001u1HIQAY"
13:13:02.0 (7564039)|STATEMENT_EXECUTE|[30]
13:13:02.0 (7567789)|HEAP_ALLOCATE|[30]|Bytes:48
13:13:02.0 (7583869)|HEAP_ALLOCATE|[30]|Bytes:4
13:13:02.0 (7591748)|HEAP_ALLOCATE|[30]|Bytes:7
13:13:02.0 (9890842)|SOQL_EXECUTE_BEGIN|[30]|Aggregations:0|SELECT Id, Name FROM Profile WHERE Id = :tmpVar1
13:13:02.0 (15555476)|SOQL_EXECUTE_END|[30]|Rows:1
13:13:02.0 (15592887)|HEAP_ALLOCATE|[30]|Bytes:8
13:13:02.0 (15610800)|HEAP_ALLOCATE|[30]|Bytes:57
13:13:02.0 (15742683)|HEAP_ALLOCATE|[30]|Bytes:8
13:13:02.0 (15760556)|HEAP_ALLOCATE|[30]|Bytes:33
13:13:02.0 (15821663)|HEAP_ALLOCATE|[30]|Bytes:12
13:13:02.0 (15861594)|VARIABLE_SCOPE_BEGIN|[30]|profileName|String|false|false
13:13:02.0 (15882102)|VARIABLE_ASSIGNMENT|[30]|profileName|"System Administrator"
13:13:02.0 (15885520)|STATEMENT_EXECUTE|[32]
13:13:02.0 (15898160)|METHOD_EXIT|[45]|01p3l000005qcOV|CasosControllerExtension.getProfileName()
13:13:02.0 (15902798)|VARIABLE_SCOPE_BEGIN|[45]|profileName|String|false|false
13:13:02.0 (15907120)|VARIABLE_ASSIGNMENT|[45]|profileName|"System Administrator"
13:13:02.0 (15909146)|STATEMENT_EXECUTE|[47]
13:13:02.0 (15910744)|HEAP_ALLOCATE|[47]|Bytes:4
13:13:02.0 (16316823)|HEAP_ALLOCATE|[47]|Bytes:4
13:13:02.0 (18040053)|HEAP_ALLOCATE|[47]|Bytes:408
13:13:02.0 (18132974)|HEAP_ALLOCATE|[47]|Bytes:4
13:13:02.0 (18148133)|HEAP_ALLOCATE|[47]|Bytes:18
13:13:02.0 (18152845)|VARIABLE_SCOPE_BEGIN|[47]|idRecordTypeCredito|String|false|false
13:13:02.0 (18168869)|VARIABLE_ASSIGNMENT|[47]|idRecordTypeCredito|"0123l000001M9F8AAK"
13:13:02.0 (18172057)|STATEMENT_EXECUTE|[48]
13:13:02.0 (18250263)|HEAP_ALLOCATE|[48]|Bytes:4
13:13:02.0 (19029437)|HEAP_ALLOCATE|[48]|Bytes:408
13:13:02.0 (19048631)|HEAP_ALLOCATE|[48]|Bytes:4
13:13:02.0 (19053170)|HEAP_ALLOCATE|[48]|Bytes:18
13:13:02.0 (19056621)|VARIABLE_SCOPE_BEGIN|[48]|idRecordTypeFigital|String|false|false
13:13:02.0 (19065380)|VARIABLE_ASSIGNMENT|[48]|idRecordTypeFigital|"0123l0000019LkKAAU"
13:13:02.0 (19067783)|STATEMENT_EXECUTE|[50]
13:13:02.0 (19070397)|HEAP_ALLOCATE|[50]|Bytes:737
13:13:02.0 (19079551)|HEAP_ALLOCATE|[50]|Bytes:4
13:13:02.0 (19094764)|HEAP_ALLOCATE|[50]|Bytes:7
13:13:02.0 (19099543)|HEAP_ALLOCATE|[50]|Bytes:7
13:13:02.0 (19103073)|HEAP_ALLOCATE|[50]|Bytes:7
13:13:02.0 (19106408)|HEAP_ALLOCATE|[50]|Bytes:7
13:13:02.0 (19109439)|HEAP_ALLOCATE|[50]|Bytes:7
13:13:02.0 (21080842)|SOQL_EXECUTE_BEGIN|[50]|Aggregations:0|SELECT Id, CaseNumber, ID_Solicitud__c, Nombre_s__c, Primer_Apellido__c, Segundo_Apellido__c, CreatedDate, Status, Tiempo_en_Proceso__c, OwnerId, Owner.Name, Fecha_y_hora_de_solicitud_en_an_lisis__c, Tiempo_en_An_lisis__c, Solicitud_Repetida__c, Solicitud_de_cancelaci_n__c, C_digo_Postal_Direcci_n_Otros__c, Validar_Movimientos__c, Publicidad__c, Bloqueo_de_Tarjeta_por_Cancelaci_n__c, Canal_origen__c, Fecha_y_hora_de_solicitud_en_Nuevo__c FROM Case WHERE ((Status = :tmpVar1 OR Status = :tmpVar2 OR Status = :tmpVar3) AND (RecordTypeId = :tmpVar4 OR RecordTypeId = :tmpVar5) AND Owner.Name != :tmpVar6 AND OcultarBO__c != TRUE) ORDER BY RecordType.DeveloperName DESC NULLS FIRST, Fecha_y_hora_de_solicitud_en_Nuevo__c DESC NULLS FIRST
13:13:02.0 (85464396)|SOQL_EXECUTE_END|[50]|Rows:287
13:13:02.0 (85506621)|HEAP_ALLOCATE|[50]|Bytes:1152
13:13:02.0 (86274258)|HEAP_ALLOCATE|[50]|Bytes:172622
13:13:02.0 (86394805)|HEAP_ALLOCATE|[50]|Bytes:1152
13:13:02.0 (86421053)|VARIABLE_SCOPE_BEGIN|[50]|listaCasos|List<Case>|true|false
13:13:02.0 (86446667)|VARIABLE_ASSIGNMENT|[50]|listaCasos|"List of size 287 too large to display"|0x59bcb969
13:13:02.0 (86451614)|STATEMENT_EXECUTE|[61]
13:13:02.0 (86456774)|HEAP_ALLOCATE|[61]|Bytes:95
13:13:02.0 (86473532)|HEAP_ALLOCATE|[61]|Bytes:4
13:13:02.0 (88228502)|SOQL_EXECUTE_BEGIN|[61]|Aggregations:0|SELECT MasterLabel, Canal_Origen__c, Segundos__c, Semaforo__c FROM Semaforo_Riesgos_Inicio__mdt
13:13:02.0 (95053959)|SOQL_EXECUTE_END|[61]|Rows:6
13:13:02.0 (95087239)|HEAP_ALLOCATE|[61]|Bytes:28
13:13:02.0 (95114206)|HEAP_ALLOCATE|[61]|Bytes:871
13:13:02.0 (95211693)|HEAP_ALLOCATE|[61]|Bytes:28
13:13:02.0 (95234972)|VARIABLE_SCOPE_BEGIN|[61]|lstSemaforoRiesgos|List<Semaforo_Riesgos_Inicio__mdt>|true|false
13:13:02.0 (95258327)|VARIABLE_ASSIGNMENT|[61]|lstSemaforoRiesgos|"List of size 6 too large to display"|0x6fa7c6e6
13:13:02.0 (95262828)|STATEMENT_EXECUTE|[63]
13:13:02.0 (95268539)|HEAP_ALLOCATE|[63]|Bytes:10
13:13:02.0 (95365218)|HEAP_ALLOCATE|[EXTERNAL]|Bytes:-4
13:13:02.0 (95372912)|STATEMENT_EXECUTE|[64]
13:13:02.0 (95375023)|HEAP_ALLOCATE|[64]|Bytes:11
13:13:02.0 (95388087)|HEAP_ALLOCATE|[EXTERNAL]|Bytes:-4
13:13:02.0 (95391308)|STATEMENT_EXECUTE|[65]
13:13:02.0 (95392525)|HEAP_ALLOCATE|[65]|Bytes:18
13:13:02.0 (95400179)|HEAP_ALLOCATE|[EXTERNAL]|Bytes:-4
13:13:02.0 (95403035)|STATEMENT_EXECUTE|[67]
13:13:02.95 (95517478)|CUMULATIVE_LIMIT_USAGE
13:13:02.95 (95517478)|LIMIT_USAGE_FOR_NS|(default)|
  Number of SOQL queries: 2 out of 100
  Number of query rows: 294 out of 50000
  Number of SOSL queries: 0 out of 20
  Number of DML statements: 0 out of 150
  Number of Publish Immediate DML: 0 out of 150
  Number of DML rows: 0 out of 10000
  Maximum CPU time: 0 out of 10000
  Maximum heap size: 0 out of 6000000
  Number of callouts: 0 out of 100
  Number of Email Invocations: 0 out of 10
  Number of future calls: 0 out of 50
  Number of queueable jobs added to the queue: 0 out of 50
  Number of Mobile Apex push calls: 0 out of 10

13:13:02.95 (95517478)|CUMULATIVE_LIMIT_USAGE_END

13:13:02.0 (95614903)|CODE_UNIT_FINISHED|CasosControllerExtension.obtenerCasos()
13:13:02.0 (98828177)|CODE_UNIT_FINISHED|apex://CasosControllerExtension/ACTION$obtenerCasos
13:13:02.0 (98855348)|EXECUTION_FINISHED
