67.0 APEX_CODE,FINEST;APEX_PROFILING,INFO;CALLOUT,INFO;DATA_ACCESS,INFO;DB,INFO;NBA,INFO;SYSTEM,DEBUG;VALIDATION,INFO;VISUALFORCE,INFO;WAVE,INFO;WORKFLOW,INFO
13:09:02.0 (190879)|USER_INFO|[EXTERNAL]|005Qg000002VBqt|jlandav@falabella.com.mx|(GMT-06:00) Central Standard Time (America/Mexico_City)|GMT-06:00
13:09:02.0 (270390)|EXECUTION_STARTED
13:09:02.0 (292439)|CODE_UNIT_STARTED|[EXTERNAL]|apex://CasosControllerExtension/ACTION$obtenerCasosCerrados
13:09:02.0 (1791296)|CODE_UNIT_STARTED|[EXTERNAL]|01p3l000005qcOV|CasosControllerExtension.obtenerCasosCerrados()
13:09:02.0 (1873089)|VARIABLE_SCOPE_BEGIN|[21]|CasosControllerExtension.QUEUE_CREDITO_FRAUDES|String|false|true
13:09:02.0 (1910457)|VARIABLE_SCOPE_BEGIN|[20]|CasosControllerExtension.RT_FIGITAL|String|false|true
13:09:02.0 (1913797)|VARIABLE_SCOPE_BEGIN|[19]|CasosControllerExtension.RT_RIESGOS|String|false|true
13:09:02.0 (1916801)|VARIABLE_SCOPE_BEGIN|[17]|CasosControllerExtension.ST_ASIGNADA|String|false|true
13:09:02.0 (1919681)|VARIABLE_SCOPE_BEGIN|[15]|CasosControllerExtension.ST_AUTORIZADA|String|false|true
13:09:02.0 (1922878)|VARIABLE_SCOPE_BEGIN|[18]|CasosControllerExtension.ST_CERRADO|String|false|true
13:09:02.0 (1925738)|VARIABLE_SCOPE_BEGIN|[16]|CasosControllerExtension.ST_NUEVO|String|false|true
13:09:02.0 (2137760)|HEAP_ALLOCATE|[95]|Bytes:3
13:09:02.0 (2173707)|HEAP_ALLOCATE|[100]|Bytes:152
13:09:02.0 (2185784)|HEAP_ALLOCATE|[417]|Bytes:408
13:09:02.0 (2196008)|HEAP_ALLOCATE|[430]|Bytes:408
13:09:02.0 (2220613)|HEAP_ALLOCATE|[317]|Bytes:6
13:09:02.0 (2231091)|HEAP_ALLOCATE|[EXTERNAL]|Bytes:11
13:09:02.0 (2258894)|METHOD_ENTRY|[13]|01p3l000005qcOV|CasosControllerExtension.CasosControllerExtension()
13:09:02.0 (2263638)|STATEMENT_EXECUTE|[13]
13:09:02.0 (2267872)|STATEMENT_EXECUTE|[13]
13:09:02.0 (2295962)|HEAP_ALLOCATE|[68]|Bytes:5
13:09:02.0 (2315457)|HEAP_ALLOCATE|[74]|Bytes:5
13:09:02.0 (2319863)|HEAP_ALLOCATE|[82]|Bytes:7
13:09:02.0 (2336006)|HEAP_ALLOCATE|[15]|Bytes:5
13:09:02.0 (2338668)|STATEMENT_EXECUTE|[15]
13:09:02.0 (2340358)|HEAP_ALLOCATE|[15]|Bytes:12
13:09:02.0 (2394665)|VARIABLE_ASSIGNMENT|[15]|CasosControllerExtension.ST_AUTORIZADA|"Autorización"
13:09:02.0 (2398454)|STATEMENT_EXECUTE|[16]
13:09:02.0 (2399826)|HEAP_ALLOCATE|[16]|Bytes:3
13:09:02.0 (2404484)|VARIABLE_ASSIGNMENT|[16]|CasosControllerExtension.ST_NUEVO|"New"
13:09:02.0 (2406599)|STATEMENT_EXECUTE|[17]
13:09:02.0 (2407652)|HEAP_ALLOCATE|[17]|Bytes:8
13:09:02.0 (2411669)|VARIABLE_ASSIGNMENT|[17]|CasosControllerExtension.ST_ASIGNADA|"Asignada"
13:09:02.0 (2413731)|STATEMENT_EXECUTE|[18]
13:09:02.0 (2414870)|HEAP_ALLOCATE|[18]|Bytes:7
13:09:02.0 (2418404)|VARIABLE_ASSIGNMENT|[18]|CasosControllerExtension.ST_CERRADO|"Cerrado"
13:09:02.0 (2420299)|STATEMENT_EXECUTE|[19]
13:09:02.0 (2421554)|HEAP_ALLOCATE|[19]|Bytes:19
13:09:02.0 (2425327)|VARIABLE_ASSIGNMENT|[19]|CasosControllerExtension.RT_RIESGOS|"Riesgos_Originaci_n"
13:09:02.0 (2427183)|STATEMENT_EXECUTE|[20]
13:09:02.0 (2428363)|HEAP_ALLOCATE|[20]|Bytes:18
13:09:02.0 (2431624)|VARIABLE_ASSIGNMENT|[20]|CasosControllerExtension.RT_FIGITAL|"BackOffice_Figital"
13:09:02.0 (2433402)|STATEMENT_EXECUTE|[21]
13:09:02.0 (2434267)|HEAP_ALLOCATE|[21]|Bytes:26
13:09:02.0 (2438584)|VARIABLE_ASSIGNMENT|[21]|CasosControllerExtension.QUEUE_CREDITO_FRAUDES|"BackOffice Credito/F (6 more) ..."
13:09:02.0 (2449591)|METHOD_EXIT|[13]|CasosControllerExtension
13:09:02.0 (2459312)|HEAP_ALLOCATE|[94]|Bytes:5
13:09:02.0 (2461522)|STATEMENT_EXECUTE|[92]
13:09:02.0 (2462399)|STATEMENT_EXECUTE|[94]
13:09:02.0 (2463649)|HEAP_ALLOCATE|[94]|Bytes:4
13:09:02.0 (2581485)|HEAP_ALLOCATE|[94]|Bytes:4
13:09:02.0 (3622611)|HEAP_ALLOCATE|[94]|Bytes:408
13:09:02.0 (3694912)|HEAP_ALLOCATE|[94]|Bytes:4
13:09:02.0 (3707432)|HEAP_ALLOCATE|[94]|Bytes:18
13:09:02.0 (3712022)|VARIABLE_SCOPE_BEGIN|[94]|idRecordTypeCredito|String|false|false
13:09:02.0 (3724289)|VARIABLE_ASSIGNMENT|[94]|idRecordTypeCredito|"0123l000001M9F8AAK"
13:09:02.0 (3727009)|STATEMENT_EXECUTE|[95]
13:09:02.0 (3781876)|HEAP_ALLOCATE|[95]|Bytes:4
13:09:02.0 (4725767)|HEAP_ALLOCATE|[95]|Bytes:408
13:09:02.0 (4761221)|HEAP_ALLOCATE|[95]|Bytes:4
13:09:02.0 (4767802)|HEAP_ALLOCATE|[95]|Bytes:18
13:09:02.0 (4772669)|VARIABLE_SCOPE_BEGIN|[95]|idRecordTypeFigital|String|false|false
13:09:02.0 (4784877)|VARIABLE_ASSIGNMENT|[95]|idRecordTypeFigital|"0123l0000019LkKAAU"
13:09:02.0 (4788116)|STATEMENT_EXECUTE|[97]
13:09:02.0 (4791259)|HEAP_ALLOCATE|[97]|Bytes:151
13:09:02.0 (4804168)|HEAP_ALLOCATE|[97]|Bytes:4
13:09:02.0 (4812335)|HEAP_ALLOCATE|[97]|Bytes:7
13:09:02.0 (4820769)|HEAP_ALLOCATE|[97]|Bytes:7
13:09:02.0 (4824007)|HEAP_ALLOCATE|[97]|Bytes:7
13:09:02.0 (5316232)|SOQL_EXECUTE_BEGIN|[97]|Aggregations:0|SELECT Id, CreatedDate, ClosedDate FROM Case WHERE (Status = :tmpVar1 AND CreatedDate = TODAY AND (RecordTypeId = :tmpVar2 OR RecordTypeId = :tmpVar3))
13:09:02.0 (18352682)|SOQL_EXECUTE_END|[97]|Rows:31
13:09:02.0 (18382221)|HEAP_ALLOCATE|[97]|Bytes:128
13:09:02.0 (18412934)|HEAP_ALLOCATE|[97]|Bytes:2046
13:09:02.0 (18448799)|HEAP_ALLOCATE|[97]|Bytes:128
13:09:02.0 (18467429)|VARIABLE_SCOPE_BEGIN|[97]|listaCasosCerrados|List<Case>|true|false
13:09:02.0 (18492402)|VARIABLE_ASSIGNMENT|[97]|listaCasosCerrados|"List of size 31 too large to display"|0x60219ed2
13:09:02.0 (18496900)|STATEMENT_EXECUTE|[99]
13:09:02.18 (18564297)|CUMULATIVE_LIMIT_USAGE
13:09:02.18 (18564297)|LIMIT_USAGE_FOR_NS|(default)|
  Number of SOQL queries: 1 out of 100
  Number of query rows: 31 out of 50000
  Number of SOSL queries: 0 out of 20
  Number of DML statements: 0 out of 150
  Number of Publish Immediate DML: 0 out of 150
  Number of DML rows: 0 out of 10000
  Maximum CPU time: 0 out of 10000
  Maximum heap size: 0 out of 6000000
  Number of callouts: 0 out of 100
  Number of Email Invocations: 0 out of 10
  Number of future calls: 0 out of 50
  Number of queueable jobs added to the queue: 0 out of 50
  Number of Mobile Apex push calls: 0 out of 10

13:09:02.18 (18564297)|CUMULATIVE_LIMIT_USAGE_END

13:09:02.0 (18643039)|CODE_UNIT_FINISHED|CasosControllerExtension.obtenerCasosCerrados()
13:09:02.0 (18931418)|CODE_UNIT_FINISHED|apex://CasosControllerExtension/ACTION$obtenerCasosCerrados
13:09:02.0 (18940558)|EXECUTION_FINISHED
