52.0 APEX_CODE,FINEST;APEX_PROFILING,INFO;CALLOUT,INFO;DATA_ACCESS,INFO;DB,INFO;NBA,INFO;SYSTEM,DEBUG;VALIDATION,INFO;VISUALFORCE,INFO;WAVE,INFO;WORKFLOW,INFO
17:57:01.0 (252283)|USER_INFO|[EXTERNAL]|0051N000008bAK9|contingenciafalabella@falabella.com.mx|(GMT-06:00) Central Standard Time (America/Mexico_City)|GMT-06:00
17:57:01.0 (338876)|EXECUTION_STARTED
17:57:01.0 (364150)|CODE_UNIT_STARTED|[EXTERNAL]|01p3l00000EBsec|BatchUpdateCaseGestorBO
17:57:01.0 (1186039)|HEAP_ALLOCATE|[95]|Bytes:3
17:57:01.0 (1264485)|HEAP_ALLOCATE|[100]|Bytes:152
17:57:01.0 (1277309)|HEAP_ALLOCATE|[417]|Bytes:408
17:57:01.0 (1288607)|HEAP_ALLOCATE|[430]|Bytes:408
17:57:01.0 (1308830)|HEAP_ALLOCATE|[317]|Bytes:6
17:57:01.0 (1670220)|HEAP_ALLOCATE|[EXTERNAL]|Bytes:98
17:57:01.0 (11649981)|HEAP_ALLOCATE|[EXTERNAL]|Bytes:11
17:57:01.0 (11700752)|SYSTEM_METHOD_ENTRY|[15]|BatchableContextImpl.BatchableContextImpl()
17:57:01.0 (11718928)|STATEMENT_EXECUTE|[15]
17:57:01.0 (11740253)|SYSTEM_METHOD_EXIT|[15]|BatchableContextImpl
17:57:01.0 (11745423)|HEAP_ALLOCATE|[EXTERNAL]|Bytes:12
17:57:01.0 (11748024)|HEAP_ALLOCATE|[EXTERNAL]|Bytes:4
17:57:01.0 (11762471)|VARIABLE_SCOPE_BEGIN|[31]|this|Database.BatchableContextImpl|true|false
17:57:01.0 (11854312)|VARIABLE_ASSIGNMENT|[31]|this|{}|0x11119bec
17:57:01.0 (11858349)|VARIABLE_SCOPE_BEGIN|[31]|jobId|Id|false|false
17:57:01.0 (11977912)|VARIABLE_ASSIGNMENT|[31]|jobId|"707RQ00001vVTVNYA4"
17:57:01.0 (11981947)|VARIABLE_SCOPE_BEGIN|[31]|childJobId|Id|false|false
17:57:01.0 (11987575)|VARIABLE_ASSIGNMENT|[31]|childJobId|null
17:57:01.0 (13154694)|HEAP_ALLOCATE|[EXTERNAL]|Bytes:99
17:57:01.0 (13164475)|HEAP_ALLOCATE|[EXTERNAL]|Bytes:12
17:57:01.0 (13177572)|METHOD_ENTRY|[11]|01p3l00000EBsec|BatchUpdateCaseGestorBO.BatchUpdateCaseGestorBO()
17:57:01.0 (13184352)|STATEMENT_EXECUTE|[11]
17:57:01.0 (13188817)|STATEMENT_EXECUTE|[11]
17:57:01.0 (13193017)|METHOD_EXIT|[11]|BatchUpdateCaseGestorBO
17:57:01.0 (13197063)|HEAP_ALLOCATE|[EXTERNAL]|Bytes:20
17:57:01.0 (13198799)|HEAP_ALLOCATE|[EXTERNAL]|Bytes:12
17:57:01.0 (13207447)|VARIABLE_SCOPE_BEGIN|[33]|this|BatchUpdateCaseGestorBO|true|false
17:57:01.0 (13241510)|VARIABLE_ASSIGNMENT|[33]|this|{"idQueueFraudesCredito":"00G3l000004HYBREA4","intCallMSAttempts":3,"lstRecordTypesBO":"0x2c579c15","lstRequestsWithError":"0x3104ac88"}|0x7cb0dca1
17:57:01.0 (13245564)|VARIABLE_SCOPE_BEGIN|[33]|BC|Database.BatchableContext|true|false
17:57:01.0 (13307831)|VARIABLE_ASSIGNMENT|[33]|BC|{"jobId":"707RQ00001vVTVNYA4"}|0x11119bec
17:57:01.0 (13313977)|STATEMENT_EXECUTE|[33]
17:57:01.0 (13314922)|STATEMENT_EXECUTE|[35]
17:57:01.0 (13317357)|HEAP_ALLOCATE|[35]|Bytes:217
17:57:01.0 (13333886)|HEAP_ALLOCATE|[35]|Bytes:4
17:57:01.0 (13344404)|HEAP_ALLOCATE|[35]|Bytes:7
17:57:01.0 (13359695)|HEAP_ALLOCATE|[35]|Bytes:7
17:57:01.0 (13365197)|HEAP_ALLOCATE|[35]|Bytes:7
17:57:01.0 (13396737)|HEAP_ALLOCATE|[68]|Bytes:5
17:57:01.0 (13411979)|HEAP_ALLOCATE|[74]|Bytes:5
17:57:01.0 (13416516)|HEAP_ALLOCATE|[82]|Bytes:7
17:57:01.0 (14690986)|SOQL_EXECUTE_BEGIN|[35]|Aggregations:0|SELECT ID_Solicitud__c, Solicitud_Repetida__c, Total_a_Condonar__c FROM Case WHERE (OwnerId = :tmpVar1 AND RecordTypeId IN :tmpVar2 AND (Actualizaci_n_de_domicilio_en_SAT__c = FALSE OR Total_a_Condonar__c < :tmpVar3))
17:57:01.0 (57960265)|SOQL_EXECUTE_END|[35]|Rows:3
17:57:01.0 (58150810)|HEAP_ALLOCATE|[35]|Bytes:20
17:57:01.83 (83245627)|CUMULATIVE_LIMIT_USAGE
17:57:01.83 (83245627)|LIMIT_USAGE_FOR_NS|(default)|
  Number of SOQL queries: 0 out of 200
  Number of query rows: 0 out of 50000
  Number of SOSL queries: 0 out of 20
  Number of DML statements: 0 out of 150
  Number of Publish Immediate DML: 0 out of 150
  Number of DML rows: 0 out of 10000
  Maximum CPU time: 0 out of 60000
  Maximum heap size: 0 out of 12000000
  Number of callouts: 0 out of 0
  Number of Email Invocations: 0 out of 10
  Number of future calls: 0 out of 0
  Number of queueable jobs added to the queue: 0 out of 1
  Number of Mobile Apex push calls: 0 out of 10

17:57:01.83 (83245627)|CUMULATIVE_LIMIT_USAGE_END

17:57:01.0 (83374939)|CODE_UNIT_FINISHED|BatchUpdateCaseGestorBO
17:57:01.0 (83395092)|EXECUTION_FINISHED
