67.0 APEX_CODE,FINEST;APEX_PROFILING,INFO;CALLOUT,INFO;DATA_ACCESS,INFO;DB,INFO;NBA,INFO;SYSTEM,DEBUG;VALIDATION,INFO;VISUALFORCE,INFO;WAVE,INFO;WORKFLOW,INFO
13:09:02.0 (220415)|USER_INFO|[EXTERNAL]|005Qg000002VBqt|jlandav@falabella.com.mx|(GMT-06:00) Central Standard Time (America/Mexico_City)|GMT-06:00
13:09:02.0 (304206)|EXECUTION_STARTED
13:09:02.0 (327956)|CODE_UNIT_STARTED|[EXTERNAL]|apex://CasosControllerExtension/ACTION$obtenerCasosToday
13:09:02.0 (1897017)|CODE_UNIT_STARTED|[EXTERNAL]|01p3l000005qcOV|CasosControllerExtension.obtenerCasosToday()
13:09:02.0 (1998818)|VARIABLE_SCOPE_BEGIN|[21]|CasosControllerExtension.QUEUE_CREDITO_FRAUDES|String|false|true
13:09:02.0 (2048265)|VARIABLE_SCOPE_BEGIN|[20]|CasosControllerExtension.RT_FIGITAL|String|false|true
13:09:02.0 (2054564)|VARIABLE_SCOPE_BEGIN|[19]|CasosControllerExtension.RT_RIESGOS|String|false|true
13:09:02.0 (2059287)|VARIABLE_SCOPE_BEGIN|[17]|CasosControllerExtension.ST_ASIGNADA|String|false|true
13:09:02.0 (2064526)|VARIABLE_SCOPE_BEGIN|[15]|CasosControllerExtension.ST_AUTORIZADA|String|false|true
13:09:02.0 (2069194)|VARIABLE_SCOPE_BEGIN|[18]|CasosControllerExtension.ST_CERRADO|String|false|true
13:09:02.0 (2074206)|VARIABLE_SCOPE_BEGIN|[16]|CasosControllerExtension.ST_NUEVO|String|false|true
13:09:02.0 (2191738)|HEAP_ALLOCATE|[95]|Bytes:3
13:09:02.0 (2232774)|HEAP_ALLOCATE|[100]|Bytes:152
13:09:02.0 (2248701)|HEAP_ALLOCATE|[417]|Bytes:408
13:09:02.0 (2267906)|HEAP_ALLOCATE|[430]|Bytes:408
13:09:02.0 (2297041)|HEAP_ALLOCATE|[317]|Bytes:6
13:09:02.0 (2310292)|HEAP_ALLOCATE|[EXTERNAL]|Bytes:11
13:09:02.0 (2380118)|METHOD_ENTRY|[13]|01p3l000005qcOV|CasosControllerExtension.CasosControllerExtension()
13:09:02.0 (2388155)|STATEMENT_EXECUTE|[13]
13:09:02.0 (2394289)|STATEMENT_EXECUTE|[13]
13:09:02.0 (2415417)|HEAP_ALLOCATE|[68]|Bytes:5
13:09:02.0 (2438845)|HEAP_ALLOCATE|[74]|Bytes:5
13:09:02.0 (2445880)|HEAP_ALLOCATE|[82]|Bytes:7
13:09:02.0 (2465411)|HEAP_ALLOCATE|[15]|Bytes:5
13:09:02.0 (2469288)|STATEMENT_EXECUTE|[15]
13:09:02.0 (2471394)|HEAP_ALLOCATE|[15]|Bytes:12
13:09:02.0 (2538327)|VARIABLE_ASSIGNMENT|[15]|CasosControllerExtension.ST_AUTORIZADA|"Autorización"
13:09:02.0 (2543860)|STATEMENT_EXECUTE|[16]
13:09:02.0 (2545887)|HEAP_ALLOCATE|[16]|Bytes:3
13:09:02.0 (2554242)|VARIABLE_ASSIGNMENT|[16]|CasosControllerExtension.ST_NUEVO|"New"
13:09:02.0 (2557470)|STATEMENT_EXECUTE|[17]
13:09:02.0 (2559155)|HEAP_ALLOCATE|[17]|Bytes:8
13:09:02.0 (2565312)|VARIABLE_ASSIGNMENT|[17]|CasosControllerExtension.ST_ASIGNADA|"Asignada"
13:09:02.0 (2568509)|STATEMENT_EXECUTE|[18]
13:09:02.0 (2570200)|HEAP_ALLOCATE|[18]|Bytes:7
13:09:02.0 (2612132)|VARIABLE_ASSIGNMENT|[18]|CasosControllerExtension.ST_CERRADO|"Cerrado"
13:09:02.0 (2615950)|STATEMENT_EXECUTE|[19]
13:09:02.0 (2618550)|HEAP_ALLOCATE|[19]|Bytes:19
13:09:02.0 (2625642)|VARIABLE_ASSIGNMENT|[19]|CasosControllerExtension.RT_RIESGOS|"Riesgos_Originaci_n"
13:09:02.0 (2629177)|STATEMENT_EXECUTE|[20]
13:09:02.0 (2630833)|HEAP_ALLOCATE|[20]|Bytes:18
13:09:02.0 (2636360)|VARIABLE_ASSIGNMENT|[20]|CasosControllerExtension.RT_FIGITAL|"BackOffice_Figital"
13:09:02.0 (2639492)|STATEMENT_EXECUTE|[21]
13:09:02.0 (2641147)|HEAP_ALLOCATE|[21]|Bytes:26
13:09:02.0 (2648247)|VARIABLE_ASSIGNMENT|[21]|CasosControllerExtension.QUEUE_CREDITO_FRAUDES|"BackOffice Credito/F (6 more) ..."
13:09:02.0 (2665950)|METHOD_EXIT|[13]|CasosControllerExtension
13:09:02.0 (2682155)|HEAP_ALLOCATE|[78]|Bytes:5
13:09:02.0 (2685805)|STATEMENT_EXECUTE|[76]
13:09:02.0 (2687132)|STATEMENT_EXECUTE|[78]
13:09:02.0 (2688903)|HEAP_ALLOCATE|[78]|Bytes:4
13:09:02.0 (2823433)|HEAP_ALLOCATE|[78]|Bytes:4
13:09:02.0 (4684515)|HEAP_ALLOCATE|[78]|Bytes:408
13:09:02.0 (4798177)|HEAP_ALLOCATE|[78]|Bytes:4
13:09:02.0 (4815619)|HEAP_ALLOCATE|[78]|Bytes:18
13:09:02.0 (4822844)|VARIABLE_SCOPE_BEGIN|[78]|idRecordTypeCredito|String|false|false
13:09:02.0 (4843287)|VARIABLE_ASSIGNMENT|[78]|idRecordTypeCredito|"0123l000001M9F8AAK"
13:09:02.0 (4848414)|STATEMENT_EXECUTE|[79]
13:09:02.0 (4946548)|HEAP_ALLOCATE|[79]|Bytes:4
13:09:02.0 (7039022)|HEAP_ALLOCATE|[79]|Bytes:408
13:09:02.0 (7098034)|HEAP_ALLOCATE|[79]|Bytes:4
13:09:02.0 (7105397)|HEAP_ALLOCATE|[79]|Bytes:18
13:09:02.0 (7110305)|VARIABLE_SCOPE_BEGIN|[79]|idRecordTypeFigital|String|false|false
13:09:02.0 (7124973)|VARIABLE_ASSIGNMENT|[79]|idRecordTypeFigital|"0123l0000019LkKAAU"
13:09:02.0 (7128096)|STATEMENT_EXECUTE|[81]
13:09:02.0 (7131142)|HEAP_ALLOCATE|[81]|Bytes:196
13:09:02.0 (7143339)|HEAP_ALLOCATE|[81]|Bytes:4
13:09:02.0 (7151610)|HEAP_ALLOCATE|[81]|Bytes:7
13:09:02.0 (7159994)|HEAP_ALLOCATE|[81]|Bytes:7
13:09:02.0 (7163932)|HEAP_ALLOCATE|[81]|Bytes:7
13:09:02.0 (7167280)|HEAP_ALLOCATE|[81]|Bytes:7
13:09:02.0 (7170581)|HEAP_ALLOCATE|[81]|Bytes:7
13:09:02.0 (7173415)|HEAP_ALLOCATE|[81]|Bytes:7
13:09:02.0 (7712710)|SOQL_EXECUTE_BEGIN|[81]|Aggregations:0|SELECT COUNT() FROM Case WHERE ((Status = :tmpVar1 OR Status = :tmpVar2 OR Status = :tmpVar3 OR Status = :tmpVar4) AND CreatedDate = TODAY AND (RecordTypeId = :tmpVar5 OR RecordTypeId = :tmpVar6))
13:09:02.0 (19232459)|SOQL_EXECUTE_END|[81]|Rows:131
13:09:02.0 (19288215)|HEAP_ALLOCATE|[81]|Bytes:4
13:09:02.0 (19319569)|VARIABLE_SCOPE_BEGIN|[81]|total|Integer|false|false
13:09:02.0 (19332664)|HEAP_ALLOCATE|[81]|Bytes:4
13:09:02.0 (19388847)|VARIABLE_ASSIGNMENT|[81]|total|131
13:09:02.0 (19395272)|STATEMENT_EXECUTE|[83]
13:09:02.0 (19397519)|HEAP_ALLOCATE|[83]|Bytes:4
13:09:02.0 (19406024)|HEAP_ALLOCATE|[83]|Bytes:4
13:09:02.19 (19475918)|CUMULATIVE_LIMIT_USAGE
13:09:02.19 (19475918)|LIMIT_USAGE_FOR_NS|(default)|
  Number of SOQL queries: 1 out of 100
  Number of query rows: 1 out of 50000
  Number of SOSL queries: 0 out of 20
  Number of DML statements: 0 out of 150
  Number of Publish Immediate DML: 0 out of 150
  Number of DML rows: 0 out of 10000
  Maximum CPU time: 0 out of 10000
  Maximum heap size: 0 out of 6000000
  Number of callouts: 0 out of 100
  Number of Email Invocations: 0 out of 10
  Number of future calls: 0 out of 50
  Number of queueable jobs added to the queue: 0 out of 50
  Number of Mobile Apex push calls: 0 out of 10

13:09:02.19 (19475918)|CUMULATIVE_LIMIT_USAGE_END

13:09:02.0 (19581072)|CODE_UNIT_FINISHED|CasosControllerExtension.obtenerCasosToday()
13:09:02.0 (19825220)|CODE_UNIT_FINISHED|apex://CasosControllerExtension/ACTION$obtenerCasosToday
13:09:02.0 (19837068)|EXECUTION_FINISHED
