66.0 APEX_CODE,FINEST;APEX_PROFILING,INFO;CALLOUT,INFO;DATA_ACCESS,INFO;DB,INFO;NBA,INFO;SYSTEM,DEBUG;VALIDATION,INFO;VISUALFORCE,INFO;WAVE,INFO;WORKFLOW,INFO
11:51:16.0 (770096)|USER_INFO|[EXTERNAL]|0050v0000034lag|albeltransa@falabella.com.mx.admin.uat|(GMT-06:00) Central Standard Time (America/Mexico_City)|GMT-06:00
11:51:16.0 (808291)|EXECUTION_STARTED
11:51:16.0 (819891)|CODE_UNIT_STARTED|[EXTERNAL]|apex://CasosControllerExtension/ACTION$obtenerCasos
11:51:16.0 (5156026)|CODE_UNIT_STARTED|[EXTERNAL]|01p0v000003PcLg|CasosControllerExtension.obtenerCasos()
11:51:16.0 (6558176)|VARIABLE_SCOPE_BEGIN|[21]|CasosControllerExtension.QUEUE_CREDITO_FRAUDES|String|false|true
11:51:16.0 (6604677)|VARIABLE_SCOPE_BEGIN|[20]|CasosControllerExtension.RT_FIGITAL|String|false|true
11:51:16.0 (6608594)|VARIABLE_SCOPE_BEGIN|[19]|CasosControllerExtension.RT_RIESGOS|String|false|true
11:51:16.0 (6611622)|VARIABLE_SCOPE_BEGIN|[17]|CasosControllerExtension.ST_ASIGNADA|String|false|true
11:51:16.0 (6614812)|VARIABLE_SCOPE_BEGIN|[15]|CasosControllerExtension.ST_AUTORIZADA|String|false|true
11:51:16.0 (6618135)|VARIABLE_SCOPE_BEGIN|[18]|CasosControllerExtension.ST_CERRADO|String|false|true
11:51:16.0 (6621374)|VARIABLE_SCOPE_BEGIN|[16]|CasosControllerExtension.ST_NUEVO|String|false|true
11:51:16.0 (6742672)|HEAP_ALLOCATE|[95]|Bytes:3
11:51:16.0 (6790672)|HEAP_ALLOCATE|[100]|Bytes:152
11:51:16.0 (6803832)|HEAP_ALLOCATE|[417]|Bytes:408
11:51:16.0 (6814345)|HEAP_ALLOCATE|[430]|Bytes:408
11:51:16.0 (6832578)|HEAP_ALLOCATE|[317]|Bytes:6
11:51:16.0 (6842867)|HEAP_ALLOCATE|[EXTERNAL]|Bytes:11
11:51:16.0 (6854874)|METHOD_ENTRY|[13]|01p0v000003PcLg|CasosControllerExtension.CasosControllerExtension()
11:51:16.0 (6859339)|STATEMENT_EXECUTE|[13]
11:51:16.0 (6864906)|STATEMENT_EXECUTE|[13]
11:51:16.0 (6884947)|HEAP_ALLOCATE|[68]|Bytes:5
11:51:16.0 (6909283)|HEAP_ALLOCATE|[74]|Bytes:5
11:51:16.0 (6913781)|HEAP_ALLOCATE|[82]|Bytes:7
11:51:16.0 (7077748)|HEAP_ALLOCATE|[15]|Bytes:5
11:51:16.0 (7082023)|STATEMENT_EXECUTE|[15]
11:51:16.0 (7084416)|HEAP_ALLOCATE|[15]|Bytes:12
11:51:16.0 (7127919)|VARIABLE_ASSIGNMENT|[15]|CasosControllerExtension.ST_AUTORIZADA|"Autorización"
11:51:16.0 (7132026)|STATEMENT_EXECUTE|[16]
11:51:16.0 (7133588)|HEAP_ALLOCATE|[16]|Bytes:3
11:51:16.0 (7137271)|VARIABLE_ASSIGNMENT|[16]|CasosControllerExtension.ST_NUEVO|"New"
11:51:16.0 (7139276)|STATEMENT_EXECUTE|[17]
11:51:16.0 (7140361)|HEAP_ALLOCATE|[17]|Bytes:8
11:51:16.0 (7143621)|VARIABLE_ASSIGNMENT|[17]|CasosControllerExtension.ST_ASIGNADA|"Asignada"
11:51:16.0 (7145591)|STATEMENT_EXECUTE|[18]
11:51:16.0 (7146571)|HEAP_ALLOCATE|[18]|Bytes:7
11:51:16.0 (7150052)|VARIABLE_ASSIGNMENT|[18]|CasosControllerExtension.ST_CERRADO|"Cerrado"
11:51:16.0 (7151915)|STATEMENT_EXECUTE|[19]
11:51:16.0 (7153270)|HEAP_ALLOCATE|[19]|Bytes:19
11:51:16.0 (7156768)|VARIABLE_ASSIGNMENT|[19]|CasosControllerExtension.RT_RIESGOS|"Riesgos_Originaci_n"
11:51:16.0 (7158888)|STATEMENT_EXECUTE|[20]
11:51:16.0 (7159944)|HEAP_ALLOCATE|[20]|Bytes:18
11:51:16.0 (7163241)|VARIABLE_ASSIGNMENT|[20]|CasosControllerExtension.RT_FIGITAL|"BackOffice_Figital"
11:51:16.0 (7165341)|STATEMENT_EXECUTE|[21]
11:51:16.0 (7166645)|HEAP_ALLOCATE|[21]|Bytes:26
11:51:16.0 (7170938)|VARIABLE_ASSIGNMENT|[21]|CasosControllerExtension.QUEUE_CREDITO_FRAUDES|"BackOffice Credito/F (6 more) ..."
11:51:16.0 (7182504)|METHOD_EXIT|[13]|CasosControllerExtension
11:51:16.0 (7192659)|HEAP_ALLOCATE|[43]|Bytes:5
11:51:16.0 (7194798)|STATEMENT_EXECUTE|[41]
11:51:16.0 (7195652)|STATEMENT_EXECUTE|[43]
11:51:16.0 (7211168)|HEAP_ALLOCATE|[43]|Bytes:4
11:51:16.0 (7220971)|VARIABLE_SCOPE_BEGIN|[43]|mapResult|Map<String,ANY>|true|false
11:51:16.0 (7240192)|VARIABLE_ASSIGNMENT|[43]|mapResult|{}|0x75cda760
11:51:16.0 (7242916)|STATEMENT_EXECUTE|[45]
11:51:16.0 (7250602)|METHOD_ENTRY|[45]|01p0v000003PcLg|CasosControllerExtension.getProfileName()
11:51:16.0 (7274388)|HEAP_ALLOCATE|[29]|Bytes:5
11:51:16.0 (7276653)|STATEMENT_EXECUTE|[27]
11:51:16.0 (7277461)|STATEMENT_EXECUTE|[29]
11:51:16.0 (7319272)|HEAP_ALLOCATE|[29]|Bytes:105
11:51:16.0 (7330426)|SYSTEM_METHOD_ENTRY|[1]|UserInfo.UserInfo()
11:51:16.0 (7332453)|STATEMENT_EXECUTE|[1]
11:51:16.0 (7337846)|SYSTEM_METHOD_EXIT|[1]|UserInfo
11:51:16.0 (7351046)|METHOD_ENTRY|[29]||System.UserInfo.getProfileId()
11:51:16.0 (10730544)|METHOD_EXIT|[29]||System.UserInfo.getProfileId()
11:51:16.0 (10757588)|HEAP_ALLOCATE|[29]|Bytes:4
11:51:16.0 (10765654)|VARIABLE_SCOPE_BEGIN|[29]|profileId|Id|false|false
11:51:16.0 (10912759)|VARIABLE_ASSIGNMENT|[29]|profileId|"00e1N000001u1HIQAY"
11:51:16.0 (10917300)|STATEMENT_EXECUTE|[30]
11:51:16.0 (10919453)|HEAP_ALLOCATE|[30]|Bytes:48
11:51:16.0 (10936668)|HEAP_ALLOCATE|[30]|Bytes:4
11:51:16.0 (10942133)|HEAP_ALLOCATE|[30]|Bytes:7
11:51:16.0 (14184301)|SOQL_EXECUTE_BEGIN|[30]|Aggregations:0|SELECT Id, Name FROM Profile WHERE Id = :tmpVar1
11:51:16.0 (20343340)|SOQL_EXECUTE_END|[30]|Rows:1
11:51:16.0 (20374240)|HEAP_ALLOCATE|[30]|Bytes:8
11:51:16.0 (20394269)|HEAP_ALLOCATE|[30]|Bytes:57
11:51:16.0 (20539585)|HEAP_ALLOCATE|[30]|Bytes:8
11:51:16.0 (20557127)|HEAP_ALLOCATE|[30]|Bytes:33
11:51:16.0 (20625002)|HEAP_ALLOCATE|[30]|Bytes:12
11:51:16.0 (20668010)|VARIABLE_SCOPE_BEGIN|[30]|profileName|String|false|false
11:51:16.0 (20686573)|VARIABLE_ASSIGNMENT|[30]|profileName|"System Administrator"
11:51:16.0 (20689889)|STATEMENT_EXECUTE|[32]
11:51:16.0 (20704268)|METHOD_EXIT|[45]|01p0v000003PcLg|CasosControllerExtension.getProfileName()
11:51:16.0 (20708421)|VARIABLE_SCOPE_BEGIN|[45]|profileName|String|false|false
11:51:16.0 (20712545)|VARIABLE_ASSIGNMENT|[45]|profileName|"System Administrator"
11:51:16.0 (20714721)|STATEMENT_EXECUTE|[47]
11:51:16.0 (20716232)|HEAP_ALLOCATE|[47]|Bytes:4
11:51:16.0 (21103160)|HEAP_ALLOCATE|[47]|Bytes:4
11:51:16.0 (23329186)|HEAP_ALLOCATE|[47]|Bytes:412
11:51:16.0 (23409189)|HEAP_ALLOCATE|[47]|Bytes:4
11:51:16.0 (23425585)|HEAP_ALLOCATE|[47]|Bytes:18
11:51:16.0 (23430880)|VARIABLE_SCOPE_BEGIN|[47]|idRecordTypeCredito|String|false|false
11:51:16.0 (23443707)|VARIABLE_ASSIGNMENT|[47]|idRecordTypeCredito|"0120v000000fwTjAAI"
11:51:16.0 (23446846)|STATEMENT_EXECUTE|[48]
11:51:16.0 (23505666)|HEAP_ALLOCATE|[48]|Bytes:4
11:51:16.0 (24346848)|HEAP_ALLOCATE|[48]|Bytes:412
11:51:16.0 (24364727)|HEAP_ALLOCATE|[48]|Bytes:4
11:51:16.0 (24369444)|HEAP_ALLOCATE|[48]|Bytes:18
11:51:16.0 (24372553)|VARIABLE_SCOPE_BEGIN|[48]|idRecordTypeFigital|String|false|false
11:51:16.0 (24380531)|VARIABLE_ASSIGNMENT|[48]|idRecordTypeFigital|"0120v000000pcRFAAY"
11:51:16.0 (24383075)|STATEMENT_EXECUTE|[50]
11:51:16.0 (24385525)|HEAP_ALLOCATE|[50]|Bytes:737
11:51:16.0 (24396251)|HEAP_ALLOCATE|[50]|Bytes:4
11:51:16.0 (24410140)|HEAP_ALLOCATE|[50]|Bytes:7
11:51:16.0 (24414247)|HEAP_ALLOCATE|[50]|Bytes:7
11:51:16.0 (24417292)|HEAP_ALLOCATE|[50]|Bytes:7
11:51:16.0 (24420525)|HEAP_ALLOCATE|[50]|Bytes:7
11:51:16.0 (24423276)|HEAP_ALLOCATE|[50]|Bytes:7
11:51:16.0 (29849419)|SOQL_EXECUTE_BEGIN|[50]|Aggregations:0|SELECT Id, CaseNumber, ID_Solicitud__c, Nombre_s__c, Primer_Apellido__c, Segundo_Apellido__c, CreatedDate, Status, Tiempo_en_Proceso__c, OwnerId, Owner.Name, Fecha_y_hora_de_solicitud_en_an_lisis__c, Tiempo_en_An_lisis__c, Solicitud_Repetida__c, Solicitud_de_cancelaci_n__c, C_digo_Postal_Direcci_n_Otros__c, Validar_Movimientos__c, Publicidad__c, Bloqueo_de_Tarjeta_por_Cancelaci_n__c, Canal_origen__c, Fecha_y_hora_de_solicitud_en_Nuevo__c FROM Case WHERE ((Status = :tmpVar1 OR Status = :tmpVar2 OR Status = :tmpVar3) AND (RecordTypeId = :tmpVar4 OR RecordTypeId = :tmpVar5) AND Owner.Name != :tmpVar6 AND OcultarBO__c != TRUE) ORDER BY RecordType.DeveloperName DESC NULLS FIRST, Fecha_y_hora_de_solicitud_en_Nuevo__c DESC NULLS FIRST
11:51:16.0 (110127727)|SOQL_EXECUTE_END|[50]|Rows:702
11:51:16.0 (110179642)|HEAP_ALLOCATE|[50]|Bytes:2812
11:51:16.0 (112050786)|HEAP_ALLOCATE|[50]|Bytes:430293
11:51:16.0 (112175660)|HEAP_ALLOCATE|[50]|Bytes:2812
11:51:16.0 (112200897)|VARIABLE_SCOPE_BEGIN|[50]|listaCasos|List<Case>|true|false
11:51:16.0 (112226899)|VARIABLE_ASSIGNMENT|[50]|listaCasos|"List of size 702 too large to display"|0x54d0ae0e
11:51:16.0 (112232408)|STATEMENT_EXECUTE|[61]
11:51:16.0 (112238914)|HEAP_ALLOCATE|[61]|Bytes:95
11:51:16.0 (112257375)|HEAP_ALLOCATE|[61]|Bytes:4
11:51:16.0 (113844351)|SOQL_EXECUTE_BEGIN|[61]|Aggregations:0|SELECT MasterLabel, Canal_Origen__c, Segundos__c, Semaforo__c FROM Semaforo_Riesgos_Inicio__mdt
11:51:16.0 (121925116)|SOQL_EXECUTE_END|[61]|Rows:6
11:51:16.0 (121953117)|HEAP_ALLOCATE|[61]|Bytes:28
11:51:16.0 (121981356)|HEAP_ALLOCATE|[61]|Bytes:871
11:51:16.0 (122080569)|HEAP_ALLOCATE|[61]|Bytes:28
11:51:16.0 (122105349)|VARIABLE_SCOPE_BEGIN|[61]|lstSemaforoRiesgos|List<Semaforo_Riesgos_Inicio__mdt>|true|false
11:51:16.0 (122129487)|VARIABLE_ASSIGNMENT|[61]|lstSemaforoRiesgos|"List of size 6 too large to display"|0x622584ec
11:51:16.0 (122133835)|STATEMENT_EXECUTE|[63]
11:51:16.0 (122140339)|HEAP_ALLOCATE|[63]|Bytes:10
11:51:16.0 (122208246)|HEAP_ALLOCATE|[EXTERNAL]|Bytes:-4
11:51:16.0 (122214531)|STATEMENT_EXECUTE|[64]
11:51:16.0 (122216186)|HEAP_ALLOCATE|[64]|Bytes:11
11:51:16.0 (122227496)|HEAP_ALLOCATE|[EXTERNAL]|Bytes:-4
11:51:16.0 (122230548)|STATEMENT_EXECUTE|[65]
11:51:16.0 (122231642)|HEAP_ALLOCATE|[65]|Bytes:18
11:51:16.0 (122238929)|HEAP_ALLOCATE|[EXTERNAL]|Bytes:-4
11:51:16.0 (122241766)|STATEMENT_EXECUTE|[67]
11:51:16.122 (122301783)|CUMULATIVE_LIMIT_USAGE
11:51:16.122 (122301783)|LIMIT_USAGE_FOR_NS|(default)|
  Number of SOQL queries: 2 out of 100
  Number of query rows: 709 out of 50000
  Number of SOSL queries: 0 out of 20
  Number of DML statements: 0 out of 150
  Number of Publish Immediate DML: 0 out of 150
  Number of DML rows: 0 out of 10000
  Maximum CPU time: 0 out of 10000
  Maximum heap size: 0 out of 6000000
  Number of callouts: 0 out of 100
  Number of Email Invocations: 0 out of 10
  Number of future calls: 0 out of 50
  Number of queueable jobs added to the queue: 0 out of 50
  Number of Mobile Apex push calls: 0 out of 10

11:51:16.122 (122301783)|CUMULATIVE_LIMIT_USAGE_END

11:51:16.0 (122333571)|CODE_UNIT_FINISHED|CasosControllerExtension.obtenerCasos()
11:51:16.0 (135874142)|CODE_UNIT_FINISHED|apex://CasosControllerExtension/ACTION$obtenerCasos
11:51:16.0 (135890823)|EXECUTION_FINISHED
