66.0 APEX_CODE,FINEST;APEX_PROFILING,INFO;CALLOUT,INFO;DATA_ACCESS,INFO;DB,INFO;NBA,INFO;SYSTEM,DEBUG;VALIDATION,INFO;VISUALFORCE,INFO;WAVE,INFO;WORKFLOW,INFO
14:45:55.0 (153356)|USER_INFO|[EXTERNAL]|0051N000005gvau|etrevinofalabella@izeicg.com.uat|(GMT-06:00) Central Standard Time (America/Mexico_City)|GMT-06:00
14:45:55.0 (175508)|EXECUTION_STARTED
14:45:55.0 (182041)|CODE_UNIT_STARTED|[EXTERNAL]|apex://SendOTPController/ACTION$obtenerConfiguracionServicio
14:45:55.0 (1501843)|CODE_UNIT_STARTED|[EXTERNAL]|01p1N000005h4aa|SendOTPController.obtenerConfiguracionServicio()
14:45:55.0 (1777321)|HEAP_ALLOCATE|[95]|Bytes:3
14:45:55.0 (1849351)|HEAP_ALLOCATE|[100]|Bytes:152
14:45:55.0 (1864222)|HEAP_ALLOCATE|[417]|Bytes:408
14:45:55.0 (1879518)|HEAP_ALLOCATE|[430]|Bytes:408
14:45:55.0 (1901404)|HEAP_ALLOCATE|[317]|Bytes:6
14:45:55.0 (1912004)|HEAP_ALLOCATE|[EXTERNAL]|Bytes:21
14:45:55.0 (1914670)|HEAP_ALLOCATE|[EXTERNAL]|Bytes:55
14:45:55.0 (1921494)|METHOD_ENTRY|[1]|01p1N000005h4aa|SendOTPController.SendOTPController()
14:45:55.0 (1939849)|STATEMENT_EXECUTE|[1]
14:45:55.0 (1950330)|STATEMENT_EXECUTE|[1]
14:45:55.0 (1953781)|METHOD_EXIT|[1]|SendOTPController
14:45:55.0 (1962519)|STATEMENT_EXECUTE|[23]
14:45:55.0 (1964256)|STATEMENT_EXECUTE|[25]
14:45:55.0 (1980086)|HEAP_ALLOCATE|[25]|Bytes:4
14:45:55.0 (1992828)|VARIABLE_SCOPE_BEGIN|[25]|result|Map<String,String>|true|false
14:45:55.0 (2046266)|VARIABLE_ASSIGNMENT|[25]|result|{}|0x46fbc0ed
14:45:55.0 (2054201)|STATEMENT_EXECUTE|[27]
14:45:55.0 (2056917)|HEAP_ALLOCATE|[27]|Bytes:54
14:45:55.0 (2066995)|HEAP_ALLOCATE|[27]|Bytes:4
14:45:55.0 (2093010)|HEAP_ALLOCATE|[68]|Bytes:5
14:45:55.0 (2145280)|HEAP_ALLOCATE|[74]|Bytes:5
14:45:55.0 (2153112)|HEAP_ALLOCATE|[82]|Bytes:7
14:45:55.0 (4207059)|SOQL_EXECUTE_BEGIN|[27]|Aggregations:0|SELECT Servicio__c FROM Configuracion_OTP__mdt LIMIT 1
14:45:55.0 (12948318)|SOQL_EXECUTE_END|[27]|Rows:1
14:45:55.0 (12972396)|HEAP_ALLOCATE|[27]|Bytes:8
14:45:55.0 (12989464)|HEAP_ALLOCATE|[27]|Bytes:57
14:45:55.0 (13100186)|HEAP_ALLOCATE|[27]|Bytes:8
14:45:55.0 (13117456)|HEAP_ALLOCATE|[27]|Bytes:48
14:45:55.0 (13174342)|HEAP_ALLOCATE|[27]|Bytes:12
14:45:55.0 (13180165)|VARIABLE_SCOPE_BEGIN|[27]|configuracionOTP|Configuracion_OTP__mdt|true|false
14:45:55.0 (13250777)|VARIABLE_ASSIGNMENT|[27]|configuracionOTP|{"Servicio__c":"Microservicio","Id":"m0B0v000000902rEAA"}|0x50688eca
14:45:55.0 (13270216)|STATEMENT_EXECUTE|[29]
14:45:55.0 (13292405)|VARIABLE_SCOPE_BEGIN|[29]|servicio|String|false|false
14:45:55.0 (13299639)|VARIABLE_ASSIGNMENT|[29]|servicio|"Microservicio"
14:45:55.0 (13304865)|STATEMENT_EXECUTE|[31]
14:45:55.0 (13306558)|HEAP_ALLOCATE|[31]|Bytes:11
14:45:55.0 (13325048)|HEAP_ALLOCATE|[31]|Bytes:24
14:45:55.0 (13378836)|USER_DEBUG|[31]|DEBUG|Servicio:  Microservicio
14:45:55.0 (13388557)|STATEMENT_EXECUTE|[33]
14:45:55.0 (13390597)|HEAP_ALLOCATE|[33]|Bytes:8
14:45:55.0 (13443049)|HEAP_ALLOCATE|[EXTERNAL]|Bytes:-4
14:45:55.0 (13452202)|STATEMENT_EXECUTE|[35]
14:45:55.13 (13523967)|CUMULATIVE_LIMIT_USAGE
14:45:55.13 (13523967)|LIMIT_USAGE_FOR_NS|(default)|
  Number of SOQL queries: 0 out of 100
  Number of query rows: 1 out of 50000
  Number of SOSL queries: 0 out of 20
  Number of DML statements: 0 out of 150
  Number of Publish Immediate DML: 0 out of 150
  Number of DML rows: 0 out of 10000
  Maximum CPU time: 0 out of 10000
  Maximum heap size: 0 out of 6000000
  Number of callouts: 0 out of 100
  Number of Email Invocations: 0 out of 10
  Number of future calls: 0 out of 50
  Number of queueable jobs added to the queue: 0 out of 50
  Number of Mobile Apex push calls: 0 out of 10

14:45:55.13 (13523967)|CUMULATIVE_LIMIT_USAGE_END

14:45:55.0 (13559935)|CODE_UNIT_FINISHED|SendOTPController.obtenerConfiguracionServicio()
14:45:55.0 (13780698)|CODE_UNIT_FINISHED|apex://SendOTPController/ACTION$obtenerConfiguracionServicio
14:45:55.0 (13788730)|EXECUTION_FINISHED
