66.0 APEX_CODE,FINEST;APEX_PROFILING,INFO;CALLOUT,INFO;DATA_ACCESS,INFO;DB,INFO;NBA,INFO;SYSTEM,DEBUG;VALIDATION,INFO;VISUALFORCE,INFO;WAVE,INFO;WORKFLOW,INFO
14:45:55.1 (1138489)|USER_INFO|[EXTERNAL]|0051N000005gvau|etrevinofalabella@izeicg.com.uat|(GMT-06:00) Central Standard Time (America/Mexico_City)|GMT-06:00
14:45:55.1 (1180908)|EXECUTION_STARTED
14:45:55.1 (1194062)|CODE_UNIT_STARTED|[EXTERNAL]|apex://SendEmailTemplateController/ACTION$getUserInfo
14:45:55.1 (4832699)|CODE_UNIT_STARTED|[EXTERNAL]|01p0v000002Dv0H|SendEmailTemplateController.getUserInfo()
14:45:55.1 (5258012)|HEAP_ALLOCATE|[95]|Bytes:3
14:45:55.1 (5340135)|HEAP_ALLOCATE|[100]|Bytes:152
14:45:55.1 (5356326)|HEAP_ALLOCATE|[417]|Bytes:408
14:45:55.1 (5368164)|HEAP_ALLOCATE|[430]|Bytes:408
14:45:55.1 (5387708)|HEAP_ALLOCATE|[317]|Bytes:6
14:45:55.1 (5398003)|HEAP_ALLOCATE|[EXTERNAL]|Bytes:10
14:45:55.1 (5408024)|METHOD_ENTRY|[15]|01p0v000002Dv0H|SendEmailTemplateController.SendEmailTemplateController()
14:45:55.1 (5455155)|STATEMENT_EXECUTE|[15]
14:45:55.1 (5474483)|STATEMENT_EXECUTE|[15]
14:45:55.1 (5495360)|HEAP_ALLOCATE|[68]|Bytes:5
14:45:55.1 (5520488)|HEAP_ALLOCATE|[74]|Bytes:5
14:45:55.1 (5525713)|HEAP_ALLOCATE|[82]|Bytes:7
14:45:55.1 (5540249)|SYSTEM_MODE_ENTER|true
14:45:55.1 (5840145)|HEAP_ALLOCATE|[EXTERNAL]|Bytes:5
14:45:55.1 (5851374)|SYSTEM_MODE_EXIT|true
14:45:55.1 (5863026)|METHOD_EXIT|[15]|SendEmailTemplateController
14:45:55.1 (5876035)|SYSTEM_MODE_ENTER|true
14:45:55.1 (5878980)|HEAP_ALLOCATE|[116]|Bytes:5
14:45:55.1 (5885667)|STATEMENT_EXECUTE|[114]
14:45:55.1 (5887807)|STATEMENT_EXECUTE|[116]
14:45:55.1 (5904971)|HEAP_ALLOCATE|[116]|Bytes:4
14:45:55.1 (5919209)|VARIABLE_SCOPE_BEGIN|[116]|mapResult|Map<String,ANY>|true|false
14:45:55.1 (5977342)|VARIABLE_ASSIGNMENT|[116]|mapResult|{}|0x6838f547
14:45:55.1 (5983102)|STATEMENT_EXECUTE|[117]
14:45:55.1 (5986920)|VARIABLE_SCOPE_BEGIN|[117]|success|Boolean|false|false
14:45:55.1 (5991632)|HEAP_ALLOCATE|[117]|Bytes:5
14:45:55.1 (5997276)|VARIABLE_ASSIGNMENT|[117]|success|false
14:45:55.1 (6002421)|STATEMENT_EXECUTE|[119]
14:45:55.1 (6005648)|HEAP_ALLOCATE|[119]|Bytes:49
14:45:55.1 (6010318)|HEAP_ALLOCATE|[119]|Bytes:4
14:45:55.1 (6013523)|HEAP_ALLOCATE|[119]|Bytes:7
14:45:55.1 (6049335)|HEAP_ALLOCATE|[119]|Bytes:105
14:45:55.1 (6055895)|SYSTEM_METHOD_ENTRY|[1]|UserInfo.UserInfo()
14:45:55.1 (6058925)|STATEMENT_EXECUTE|[1]
14:45:55.1 (6063531)|SYSTEM_METHOD_EXIT|[1]|UserInfo
14:45:55.1 (6071161)|METHOD_ENTRY|[119]||System.UserInfo.getUserId()
14:45:55.1 (8695653)|METHOD_EXIT|[119]||System.UserInfo.getUserId()
14:45:55.1 (12061933)|SOQL_EXECUTE_BEGIN|[119]|Aggregations:0|SELECT Profile.Name FROM User WHERE Id = :tmpVar1
14:45:55.1 (27598399)|SOQL_EXECUTE_END|[119]|Rows:1
14:45:55.1 (27634073)|HEAP_ALLOCATE|[119]|Bytes:8
14:45:55.1 (27660154)|HEAP_ALLOCATE|[119]|Bytes:127
14:45:55.1 (27782911)|HEAP_ALLOCATE|[119]|Bytes:8
14:45:55.1 (27803627)|VARIABLE_SCOPE_BEGIN|[119]|listUsr|List<User>|true|false
14:45:55.1 (46652102)|VARIABLE_ASSIGNMENT|[119]|listUsr|[{"ProfileId":"00e1N000001u1HIQAY","Profile":{"Name":"System Administrator","Id":"00e1N000001u1HIQAY"},"Id":"0051N000005gvauQAA"}]|0x18aca089
14:45:55.1 (46878782)|STATEMENT_EXECUTE|[121]
14:45:55.1 (46882451)|STATEMENT_EXECUTE|[123]
14:45:55.1 (46891121)|HEAP_ALLOCATE|[123]|Bytes:11
14:45:55.1 (46938794)|HEAP_ALLOCATE|[123]|Bytes:16
14:45:55.1 (47070496)|HEAP_ALLOCATE|[EXTERNAL]|Bytes:-4
14:45:55.1 (47080666)|STATEMENT_EXECUTE|[125]
14:45:55.1 (47094315)|HEAP_ALLOCATE|[125]|Bytes:5
14:45:55.1 (47105960)|VARIABLE_ASSIGNMENT|[125]|success|true
14:45:55.1 (47112642)|STATEMENT_EXECUTE|[128]
14:45:55.1 (47114266)|HEAP_ALLOCATE|[128]|Bytes:7
14:45:55.1 (47125236)|HEAP_ALLOCATE|[128]|Bytes:5
14:45:55.1 (47129257)|HEAP_ALLOCATE|[EXTERNAL]|Bytes:-4
14:45:55.1 (47134978)|STATEMENT_EXECUTE|[130]
14:45:55.1 (47141755)|SYSTEM_MODE_EXIT|true
14:45:55.48 (48647714)|CUMULATIVE_LIMIT_USAGE
14:45:55.48 (48647714)|LIMIT_USAGE_FOR_NS|(default)|
  Number of SOQL queries: 1 out of 100
  Number of query rows: 1 out of 50000
  Number of SOSL queries: 0 out of 20
  Number of DML statements: 0 out of 150
  Number of Publish Immediate DML: 0 out of 150
  Number of DML rows: 0 out of 10000
  Maximum CPU time: 0 out of 10000
  Maximum heap size: 0 out of 6000000
  Number of callouts: 0 out of 100
  Number of Email Invocations: 0 out of 10
  Number of future calls: 0 out of 50
  Number of queueable jobs added to the queue: 0 out of 50
  Number of Mobile Apex push calls: 0 out of 10

14:45:55.48 (48647714)|CUMULATIVE_LIMIT_USAGE_END

14:45:55.1 (48701511)|CODE_UNIT_FINISHED|SendEmailTemplateController.getUserInfo()
14:45:55.1 (48953012)|CODE_UNIT_FINISHED|apex://SendEmailTemplateController/ACTION$getUserInfo
14:45:55.1 (48961005)|EXECUTION_FINISHED
