66.0 APEX_CODE,FINEST;APEX_PROFILING,INFO;CALLOUT,INFO;DATA_ACCESS,INFO;DB,INFO;NBA,INFO;SYSTEM,DEBUG;VALIDATION,INFO;VISUALFORCE,INFO;WAVE,INFO;WORKFLOW,INFO
14:45:58.0 (164888)|USER_INFO|[EXTERNAL]|0051N000005gvau|etrevinofalabella@izeicg.com.uat|(GMT-06:00) Central Standard Time (America/Mexico_City)|GMT-06:00
14:45:58.0 (195932)|EXECUTION_STARTED
14:45:58.0 (205944)|CODE_UNIT_STARTED|[EXTERNAL]|apex://SendOTPController/ACTION$obtenerConfiguracionServicio
14:45:58.0 (1522994)|CODE_UNIT_STARTED|[EXTERNAL]|01p1N000005h4aa|SendOTPController.obtenerConfiguracionServicio()
14:45:58.0 (1738079)|HEAP_ALLOCATE|[95]|Bytes:3
14:45:58.0 (1822043)|HEAP_ALLOCATE|[100]|Bytes:152
14:45:58.0 (1837482)|HEAP_ALLOCATE|[417]|Bytes:408
14:45:58.0 (1848112)|HEAP_ALLOCATE|[430]|Bytes:408
14:45:58.0 (1867692)|HEAP_ALLOCATE|[317]|Bytes:6
14:45:58.0 (1878138)|HEAP_ALLOCATE|[EXTERNAL]|Bytes:21
14:45:58.0 (1881246)|HEAP_ALLOCATE|[EXTERNAL]|Bytes:55
14:45:58.0 (1890148)|METHOD_ENTRY|[1]|01p1N000005h4aa|SendOTPController.SendOTPController()
14:45:58.0 (1896507)|STATEMENT_EXECUTE|[1]
14:45:58.0 (1902005)|STATEMENT_EXECUTE|[1]
14:45:58.0 (1905339)|METHOD_EXIT|[1]|SendOTPController
14:45:58.0 (1914617)|STATEMENT_EXECUTE|[23]
14:45:58.0 (1915751)|STATEMENT_EXECUTE|[25]
14:45:58.0 (1933754)|HEAP_ALLOCATE|[25]|Bytes:4
14:45:58.0 (1946720)|VARIABLE_SCOPE_BEGIN|[25]|result|Map<String,String>|true|false
14:45:58.0 (2015152)|VARIABLE_ASSIGNMENT|[25]|result|{}|0x4788e732
14:45:58.0 (2019893)|STATEMENT_EXECUTE|[27]
14:45:58.0 (2021477)|HEAP_ALLOCATE|[27]|Bytes:54
14:45:58.0 (2028010)|HEAP_ALLOCATE|[27]|Bytes:4
14:45:58.0 (2050312)|HEAP_ALLOCATE|[68]|Bytes:5
14:45:58.0 (2072271)|HEAP_ALLOCATE|[74]|Bytes:5
14:45:58.0 (2076722)|HEAP_ALLOCATE|[82]|Bytes:7
14:45:58.0 (3795570)|SOQL_EXECUTE_BEGIN|[27]|Aggregations:0|SELECT Servicio__c FROM Configuracion_OTP__mdt LIMIT 1
14:45:58.0 (14734656)|SOQL_EXECUTE_END|[27]|Rows:1
14:45:58.0 (14771245)|HEAP_ALLOCATE|[27]|Bytes:8
14:45:58.0 (14790700)|HEAP_ALLOCATE|[27]|Bytes:57
14:45:58.0 (14930108)|HEAP_ALLOCATE|[27]|Bytes:8
14:45:58.0 (14955072)|HEAP_ALLOCATE|[27]|Bytes:48
14:45:58.0 (15037210)|HEAP_ALLOCATE|[27]|Bytes:12
14:45:58.0 (15045916)|VARIABLE_SCOPE_BEGIN|[27]|configuracionOTP|Configuracion_OTP__mdt|true|false
14:45:58.0 (15121908)|VARIABLE_ASSIGNMENT|[27]|configuracionOTP|{"Servicio__c":"Microservicio","Id":"m0B0v000000902rEAA"}|0x11f3366a
14:45:58.0 (15128797)|STATEMENT_EXECUTE|[29]
14:45:58.0 (15157117)|VARIABLE_SCOPE_BEGIN|[29]|servicio|String|false|false
14:45:58.0 (15162847)|VARIABLE_ASSIGNMENT|[29]|servicio|"Microservicio"
14:45:58.0 (15165193)|STATEMENT_EXECUTE|[31]
14:45:58.0 (15166733)|HEAP_ALLOCATE|[31]|Bytes:11
14:45:58.0 (15214678)|HEAP_ALLOCATE|[31]|Bytes:24
14:45:58.0 (15287425)|USER_DEBUG|[31]|DEBUG|Servicio:  Microservicio
14:45:58.0 (15297317)|STATEMENT_EXECUTE|[33]
14:45:58.0 (15299046)|HEAP_ALLOCATE|[33]|Bytes:8
14:45:58.0 (15369348)|HEAP_ALLOCATE|[EXTERNAL]|Bytes:-4
14:45:58.0 (15374978)|STATEMENT_EXECUTE|[35]
14:45:58.15 (15429671)|CUMULATIVE_LIMIT_USAGE
14:45:58.15 (15429671)|LIMIT_USAGE_FOR_NS|(default)|
  Number of SOQL queries: 0 out of 100
  Number of query rows: 1 out of 50000
  Number of SOSL queries: 0 out of 20
  Number of DML statements: 0 out of 150
  Number of Publish Immediate DML: 0 out of 150
  Number of DML rows: 0 out of 10000
  Maximum CPU time: 0 out of 10000
  Maximum heap size: 0 out of 6000000
  Number of callouts: 0 out of 100
  Number of Email Invocations: 0 out of 10
  Number of future calls: 0 out of 50
  Number of queueable jobs added to the queue: 0 out of 50
  Number of Mobile Apex push calls: 0 out of 10

14:45:58.15 (15429671)|CUMULATIVE_LIMIT_USAGE_END

14:45:58.0 (15457858)|CODE_UNIT_FINISHED|SendOTPController.obtenerConfiguracionServicio()
14:45:58.0 (15660216)|CODE_UNIT_FINISHED|apex://SendOTPController/ACTION$obtenerConfiguracionServicio
14:45:58.0 (15665118)|EXECUTION_FINISHED
