52.0 APEX_CODE,FINEST;APEX_PROFILING,INFO;CALLOUT,INFO;DATA_ACCESS,INFO;DB,INFO;NBA,INFO;SYSTEM,DEBUG;VALIDATION,INFO;VISUALFORCE,INFO;WAVE,INFO;WORKFLOW,INFO
18:27:04.0 (257253)|USER_INFO|[EXTERNAL]|0051N000008bAK9|contingenciafalabella@falabella.com.mx|(GMT-06:00) Central Standard Time (America/Mexico_City)|GMT-06:00
18:27:04.0 (343925)|EXECUTION_STARTED
18:27:04.0 (372685)|CODE_UNIT_STARTED|[EXTERNAL]|01p3l00000EBsec|BatchUpdateCaseGestorBO
18:27:04.0 (1379302)|HEAP_ALLOCATE|[95]|Bytes:3
18:27:04.0 (1467943)|HEAP_ALLOCATE|[100]|Bytes:152
18:27:04.0 (1486401)|HEAP_ALLOCATE|[417]|Bytes:408
18:27:04.0 (1501905)|HEAP_ALLOCATE|[430]|Bytes:408
18:27:04.0 (1531326)|HEAP_ALLOCATE|[317]|Bytes:6
18:27:04.0 (1940727)|HEAP_ALLOCATE|[EXTERNAL]|Bytes:98
18:27:04.0 (2371415)|HEAP_ALLOCATE|[EXTERNAL]|Bytes:11
18:27:04.0 (2390768)|SYSTEM_METHOD_ENTRY|[15]|BatchableContextImpl.BatchableContextImpl()
18:27:04.0 (2397388)|STATEMENT_EXECUTE|[15]
18:27:04.0 (2407471)|SYSTEM_METHOD_EXIT|[15]|BatchableContextImpl
18:27:04.0 (2412163)|HEAP_ALLOCATE|[EXTERNAL]|Bytes:12
18:27:04.0 (2415616)|HEAP_ALLOCATE|[EXTERNAL]|Bytes:4
18:27:04.0 (2420893)|VARIABLE_SCOPE_BEGIN|[31]|this|Database.BatchableContextImpl|true|false
18:27:04.0 (2484751)|VARIABLE_ASSIGNMENT|[31]|this|{}|0x24c775f2
18:27:04.0 (2488379)|VARIABLE_SCOPE_BEGIN|[31]|jobId|Id|false|false
18:27:04.0 (2569054)|VARIABLE_ASSIGNMENT|[31]|jobId|"707RQ00001vVo3RYAS"
18:27:04.0 (2572094)|VARIABLE_SCOPE_BEGIN|[31]|childJobId|Id|false|false
18:27:04.0 (2578562)|VARIABLE_ASSIGNMENT|[31]|childJobId|null
18:27:04.0 (15651172)|HEAP_ALLOCATE|[EXTERNAL]|Bytes:99
18:27:04.0 (15672638)|HEAP_ALLOCATE|[EXTERNAL]|Bytes:12
18:27:04.0 (15689573)|METHOD_ENTRY|[11]|01p3l00000EBsec|BatchUpdateCaseGestorBO.BatchUpdateCaseGestorBO()
18:27:04.0 (15698696)|STATEMENT_EXECUTE|[11]
18:27:04.0 (15705639)|STATEMENT_EXECUTE|[11]
18:27:04.0 (15712406)|METHOD_EXIT|[11]|BatchUpdateCaseGestorBO
18:27:04.0 (15718074)|HEAP_ALLOCATE|[EXTERNAL]|Bytes:20
18:27:04.0 (15720555)|HEAP_ALLOCATE|[EXTERNAL]|Bytes:12
18:27:04.0 (15728760)|VARIABLE_SCOPE_BEGIN|[108]|this|BatchUpdateCaseGestorBO|true|false
18:27:04.0 (15793052)|VARIABLE_ASSIGNMENT|[108]|this|{"idQueueFraudesCredito":"00G3l000004HYBREA4","intCallMSAttempts":3,"lstRecordTypesBO":"0x4d977c7a","lstRequestsWithError":"0x3b32c577"}|0x7c933d9e
18:27:04.0 (15797169)|VARIABLE_SCOPE_BEGIN|[108]|BC|Database.BatchableContext|true|false
18:27:04.0 (15857940)|VARIABLE_ASSIGNMENT|[108]|BC|{"jobId":"707RQ00001vVo3RYAS"}|0x24c775f2
18:27:04.0 (15869024)|STATEMENT_EXECUTE|[108]
18:27:04.0 (15933338)|STATEMENT_EXECUTE|[111]
18:27:04.34 (34596427)|CUMULATIVE_LIMIT_USAGE
18:27:04.34 (34596427)|LIMIT_USAGE_FOR_NS|(default)|
  Number of SOQL queries: 0 out of 200
  Number of query rows: 0 out of 50000
  Number of SOSL queries: 0 out of 20
  Number of DML statements: 0 out of 150
  Number of Publish Immediate DML: 0 out of 150
  Number of DML rows: 0 out of 10000
  Maximum CPU time: 0 out of 60000
  Maximum heap size: 0 out of 12000000
  Number of callouts: 0 out of 0
  Number of Email Invocations: 0 out of 10
  Number of future calls: 0 out of 0
  Number of queueable jobs added to the queue: 0 out of 1
  Number of Mobile Apex push calls: 0 out of 10

18:27:04.34 (34596427)|CUMULATIVE_LIMIT_USAGE_END

18:27:04.0 (34708598)|CODE_UNIT_FINISHED|BatchUpdateCaseGestorBO
18:27:04.0 (34732243)|EXECUTION_FINISHED
