52.0 APEX_CODE,FINEST;APEX_PROFILING,INFO;CALLOUT,INFO;DATA_ACCESS,INFO;DB,INFO;NBA,INFO;SYSTEM,DEBUG;VALIDATION,INFO;VISUALFORCE,INFO;WAVE,INFO;WORKFLOW,INFO
14:30:03.0 (508172)|USER_INFO|[EXTERNAL]|0051N000005gvau|etrevinofalabella@izeicg.com.uat|(GMT-06:00) Central Standard Time (America/Mexico_City)|GMT-06:00
14:30:03.0 (552366)|EXECUTION_STARTED
14:30:03.0 (562126)|CODE_UNIT_STARTED|[EXTERNAL]|01p0v000003h7p3|BatchUpdateCaseGestorBO
14:30:03.0 (1728961)|HEAP_ALLOCATE|[95]|Bytes:3
14:30:03.0 (1809109)|HEAP_ALLOCATE|[100]|Bytes:152
14:30:03.0 (1822854)|HEAP_ALLOCATE|[417]|Bytes:408
14:30:03.0 (1834120)|HEAP_ALLOCATE|[430]|Bytes:408
14:30:03.0 (1856012)|HEAP_ALLOCATE|[317]|Bytes:6
14:30:03.0 (2246566)|HEAP_ALLOCATE|[EXTERNAL]|Bytes:98
14:30:03.0 (19166136)|HEAP_ALLOCATE|[EXTERNAL]|Bytes:11
14:30:03.0 (19214829)|SYSTEM_METHOD_ENTRY|[15]|BatchableContextImpl.BatchableContextImpl()
14:30:03.0 (19220606)|STATEMENT_EXECUTE|[15]
14:30:03.0 (19234616)|SYSTEM_METHOD_EXIT|[15]|BatchableContextImpl
14:30:03.0 (19239800)|HEAP_ALLOCATE|[EXTERNAL]|Bytes:12
14:30:03.0 (19243024)|HEAP_ALLOCATE|[EXTERNAL]|Bytes:4
14:30:03.0 (19247281)|VARIABLE_SCOPE_BEGIN|[31]|this|Database.BatchableContextImpl|true|false
14:30:03.0 (19302481)|VARIABLE_ASSIGNMENT|[31]|this|{}|0x17606979
14:30:03.0 (19306201)|VARIABLE_SCOPE_BEGIN|[31]|jobId|Id|false|false
14:30:03.0 (19392715)|VARIABLE_ASSIGNMENT|[31]|jobId|"707Rt00001r8i4AIAQ"
14:30:03.0 (19395957)|VARIABLE_SCOPE_BEGIN|[31]|childJobId|Id|false|false
14:30:03.0 (19408371)|VARIABLE_ASSIGNMENT|[31]|childJobId|null
14:30:03.0 (20916343)|HEAP_ALLOCATE|[EXTERNAL]|Bytes:99
14:30:03.0 (20927733)|HEAP_ALLOCATE|[EXTERNAL]|Bytes:12
14:30:03.0 (20933304)|METHOD_ENTRY|[11]|01p0v000003h7p3|BatchUpdateCaseGestorBO.BatchUpdateCaseGestorBO()
14:30:03.0 (20938207)|STATEMENT_EXECUTE|[11]
14:30:03.0 (20942778)|STATEMENT_EXECUTE|[11]
14:30:03.0 (20945662)|METHOD_EXIT|[11]|BatchUpdateCaseGestorBO
14:30:03.0 (20949604)|HEAP_ALLOCATE|[EXTERNAL]|Bytes:20
14:30:03.0 (20951531)|HEAP_ALLOCATE|[EXTERNAL]|Bytes:12
14:30:03.0 (20956286)|VARIABLE_SCOPE_BEGIN|[33]|this|BatchUpdateCaseGestorBO|true|false
14:30:03.0 (20987977)|VARIABLE_ASSIGNMENT|[33]|this|{"idQueueFraudesCredito":"00G0v000002erN3EAI","intCallMSAttempts":3,"lstRecordTypesBO":"0x2b498b0","lstRequestsWithError":"0x160b123e"}|0x17c653de
14:30:03.0 (20991975)|VARIABLE_SCOPE_BEGIN|[33]|BC|Database.BatchableContext|true|false
14:30:03.0 (21040134)|VARIABLE_ASSIGNMENT|[33]|BC|{"jobId":"707Rt00001r8i4AIAQ"}|0x17606979
14:30:03.0 (21047011)|STATEMENT_EXECUTE|[33]
14:30:03.0 (21048202)|STATEMENT_EXECUTE|[35]
14:30:03.0 (21050601)|HEAP_ALLOCATE|[35]|Bytes:217
14:30:03.0 (21064806)|HEAP_ALLOCATE|[35]|Bytes:4
14:30:03.0 (21074861)|HEAP_ALLOCATE|[35]|Bytes:7
14:30:03.0 (21087472)|HEAP_ALLOCATE|[35]|Bytes:7
14:30:03.0 (21091218)|HEAP_ALLOCATE|[35]|Bytes:7
14:30:03.0 (21118294)|HEAP_ALLOCATE|[68]|Bytes:5
14:30:03.0 (21133698)|HEAP_ALLOCATE|[74]|Bytes:5
14:30:03.0 (21138386)|HEAP_ALLOCATE|[82]|Bytes:7
14:30:03.0 (22873574)|SOQL_EXECUTE_BEGIN|[35]|Aggregations:0|SELECT ID_Solicitud__c, Solicitud_Repetida__c, Total_a_Condonar__c FROM Case WHERE (OwnerId = :tmpVar1 AND RecordTypeId IN :tmpVar2 AND (Actualizaci_n_de_domicilio_en_SAT__c = FALSE OR Total_a_Condonar__c < :tmpVar3))
14:30:03.0 (88529689)|SOQL_EXECUTE_END|[35]|Rows:12
14:30:03.0 (88727147)|HEAP_ALLOCATE|[35]|Bytes:20
14:30:03.120 (120720308)|CUMULATIVE_LIMIT_USAGE
14:30:03.120 (120720308)|LIMIT_USAGE_FOR_NS|(default)|
  Number of SOQL queries: 0 out of 200
  Number of query rows: 0 out of 50000
  Number of SOSL queries: 0 out of 20
  Number of DML statements: 0 out of 150
  Number of Publish Immediate DML: 0 out of 150
  Number of DML rows: 0 out of 10000
  Maximum CPU time: 0 out of 60000
  Maximum heap size: 0 out of 12000000
  Number of callouts: 0 out of 0
  Number of Email Invocations: 0 out of 10
  Number of future calls: 0 out of 0
  Number of queueable jobs added to the queue: 0 out of 1
  Number of Mobile Apex push calls: 0 out of 10

14:30:03.120 (120720308)|CUMULATIVE_LIMIT_USAGE_END

14:30:03.0 (120773219)|CODE_UNIT_FINISHED|BatchUpdateCaseGestorBO
14:30:03.0 (120793327)|EXECUTION_FINISHED
