67.0 APEX_CODE,FINEST;APEX_PROFILING,INFO;CALLOUT,INFO;DATA_ACCESS,INFO;DB,INFO;NBA,INFO;SYSTEM,DEBUG;VALIDATION,INFO;VISUALFORCE,INFO;WAVE,INFO;WORKFLOW,INFO
12:51:02.0 (282149)|USER_INFO|[EXTERNAL]|005Qg000002VBqt|jlandav@falabella.com.mx|(GMT-06:00) Central Standard Time (America/Mexico_City)|GMT-06:00
12:51:02.0 (372906)|EXECUTION_STARTED
12:51:02.0 (385084)|CODE_UNIT_STARTED|[EXTERNAL]|apex://CasosControllerExtension/ACTION$obtenerCasosToday
12:51:02.0 (1725636)|CODE_UNIT_STARTED|[EXTERNAL]|01p3l000005qcOV|CasosControllerExtension.obtenerCasosToday()
12:51:02.0 (1941449)|HEAP_ALLOCATE|[95]|Bytes:3
12:51:02.0 (2034165)|HEAP_ALLOCATE|[100]|Bytes:152
12:51:02.0 (2053113)|HEAP_ALLOCATE|[417]|Bytes:408
12:51:02.0 (2068558)|HEAP_ALLOCATE|[430]|Bytes:408
12:51:02.0 (2096915)|HEAP_ALLOCATE|[317]|Bytes:6
12:51:02.0 (2122803)|VARIABLE_SCOPE_BEGIN|[21]|CasosControllerExtension.QUEUE_CREDITO_FRAUDES|String|false|true
12:51:02.0 (2133472)|VARIABLE_SCOPE_BEGIN|[20]|CasosControllerExtension.RT_FIGITAL|String|false|true
12:51:02.0 (2138836)|VARIABLE_SCOPE_BEGIN|[19]|CasosControllerExtension.RT_RIESGOS|String|false|true
12:51:02.0 (2143954)|VARIABLE_SCOPE_BEGIN|[17]|CasosControllerExtension.ST_ASIGNADA|String|false|true
12:51:02.0 (2149185)|VARIABLE_SCOPE_BEGIN|[15]|CasosControllerExtension.ST_AUTORIZADA|String|false|true
12:51:02.0 (2154418)|VARIABLE_SCOPE_BEGIN|[18]|CasosControllerExtension.ST_CERRADO|String|false|true
12:51:02.0 (2159608)|VARIABLE_SCOPE_BEGIN|[16]|CasosControllerExtension.ST_NUEVO|String|false|true
12:51:02.0 (2206729)|HEAP_ALLOCATE|[EXTERNAL]|Bytes:11
12:51:02.0 (2236706)|METHOD_ENTRY|[13]|01p3l000005qcOV|CasosControllerExtension.CasosControllerExtension()
12:51:02.0 (2243295)|STATEMENT_EXECUTE|[13]
12:51:02.0 (2247926)|STATEMENT_EXECUTE|[13]
12:51:02.0 (2272150)|HEAP_ALLOCATE|[68]|Bytes:5
12:51:02.0 (2299250)|HEAP_ALLOCATE|[74]|Bytes:5
12:51:02.0 (2305838)|HEAP_ALLOCATE|[82]|Bytes:7
12:51:02.0 (2331023)|HEAP_ALLOCATE|[15]|Bytes:5
12:51:02.0 (2334559)|STATEMENT_EXECUTE|[15]
12:51:02.0 (2336914)|HEAP_ALLOCATE|[15]|Bytes:12
12:51:02.0 (2495724)|VARIABLE_ASSIGNMENT|[15]|CasosControllerExtension.ST_AUTORIZADA|"Autorización"
12:51:02.0 (2502211)|STATEMENT_EXECUTE|[16]
12:51:02.0 (2504067)|HEAP_ALLOCATE|[16]|Bytes:3
12:51:02.0 (2541522)|VARIABLE_ASSIGNMENT|[16]|CasosControllerExtension.ST_NUEVO|"New"
12:51:02.0 (2545110)|STATEMENT_EXECUTE|[17]
12:51:02.0 (2546824)|HEAP_ALLOCATE|[17]|Bytes:8
12:51:02.0 (2553046)|VARIABLE_ASSIGNMENT|[17]|CasosControllerExtension.ST_ASIGNADA|"Asignada"
12:51:02.0 (2556043)|STATEMENT_EXECUTE|[18]
12:51:02.0 (2557526)|HEAP_ALLOCATE|[18]|Bytes:7
12:51:02.0 (2563255)|VARIABLE_ASSIGNMENT|[18]|CasosControllerExtension.ST_CERRADO|"Cerrado"
12:51:02.0 (2566374)|STATEMENT_EXECUTE|[19]
12:51:02.0 (2567926)|HEAP_ALLOCATE|[19]|Bytes:19
12:51:02.0 (2574251)|VARIABLE_ASSIGNMENT|[19]|CasosControllerExtension.RT_RIESGOS|"Riesgos_Originaci_n"
12:51:02.0 (2577385)|STATEMENT_EXECUTE|[20]
12:51:02.0 (2579051)|HEAP_ALLOCATE|[20]|Bytes:18
12:51:02.0 (2584557)|VARIABLE_ASSIGNMENT|[20]|CasosControllerExtension.RT_FIGITAL|"BackOffice_Figital"
12:51:02.0 (2587630)|STATEMENT_EXECUTE|[21]
12:51:02.0 (2589100)|HEAP_ALLOCATE|[21]|Bytes:26
12:51:02.0 (2596856)|VARIABLE_ASSIGNMENT|[21]|CasosControllerExtension.QUEUE_CREDITO_FRAUDES|"BackOffice Credito/F (6 more) ..."
12:51:02.0 (2615544)|METHOD_EXIT|[13]|CasosControllerExtension
12:51:02.0 (2634420)|HEAP_ALLOCATE|[78]|Bytes:5
12:51:02.0 (2637521)|STATEMENT_EXECUTE|[76]
12:51:02.0 (2638717)|STATEMENT_EXECUTE|[78]
12:51:02.0 (2640623)|HEAP_ALLOCATE|[78]|Bytes:4
12:51:02.0 (2831468)|HEAP_ALLOCATE|[78]|Bytes:4
12:51:02.0 (4016148)|HEAP_ALLOCATE|[78]|Bytes:408
12:51:02.0 (4114734)|HEAP_ALLOCATE|[78]|Bytes:4
12:51:02.0 (4132557)|HEAP_ALLOCATE|[78]|Bytes:18
12:51:02.0 (4139805)|VARIABLE_SCOPE_BEGIN|[78]|idRecordTypeCredito|String|false|false
12:51:02.0 (4160055)|VARIABLE_ASSIGNMENT|[78]|idRecordTypeCredito|"0123l000001M9F8AAK"
12:51:02.0 (4163434)|STATEMENT_EXECUTE|[79]
12:51:02.0 (4264244)|HEAP_ALLOCATE|[79]|Bytes:4
12:51:02.0 (5089493)|HEAP_ALLOCATE|[79]|Bytes:408
12:51:02.0 (5118297)|HEAP_ALLOCATE|[79]|Bytes:4
12:51:02.0 (5123931)|HEAP_ALLOCATE|[79]|Bytes:18
12:51:02.0 (5129219)|VARIABLE_SCOPE_BEGIN|[79]|idRecordTypeFigital|String|false|false
12:51:02.0 (5142305)|VARIABLE_ASSIGNMENT|[79]|idRecordTypeFigital|"0123l0000019LkKAAU"
12:51:02.0 (5144935)|STATEMENT_EXECUTE|[81]
12:51:02.0 (5147635)|HEAP_ALLOCATE|[81]|Bytes:196
12:51:02.0 (5161174)|HEAP_ALLOCATE|[81]|Bytes:4
12:51:02.0 (5172056)|HEAP_ALLOCATE|[81]|Bytes:7
12:51:02.0 (5181654)|HEAP_ALLOCATE|[81]|Bytes:7
12:51:02.0 (5185414)|HEAP_ALLOCATE|[81]|Bytes:7
12:51:02.0 (5188890)|HEAP_ALLOCATE|[81]|Bytes:7
12:51:02.0 (5192015)|HEAP_ALLOCATE|[81]|Bytes:7
12:51:02.0 (5195115)|HEAP_ALLOCATE|[81]|Bytes:7
12:51:02.0 (5812422)|SOQL_EXECUTE_BEGIN|[81]|Aggregations:0|SELECT COUNT() FROM Case WHERE ((Status = :tmpVar1 OR Status = :tmpVar2 OR Status = :tmpVar3 OR Status = :tmpVar4) AND CreatedDate = TODAY AND (RecordTypeId = :tmpVar5 OR RecordTypeId = :tmpVar6))
12:51:02.0 (18619435)|SOQL_EXECUTE_END|[81]|Rows:122
12:51:02.0 (18693400)|HEAP_ALLOCATE|[81]|Bytes:4
12:51:02.0 (18830706)|VARIABLE_SCOPE_BEGIN|[81]|total|Integer|false|false
12:51:02.0 (18847837)|HEAP_ALLOCATE|[81]|Bytes:4
12:51:02.0 (18870834)|VARIABLE_ASSIGNMENT|[81]|total|122
12:51:02.0 (18876738)|STATEMENT_EXECUTE|[83]
12:51:02.0 (18880008)|HEAP_ALLOCATE|[83]|Bytes:4
12:51:02.0 (18892845)|HEAP_ALLOCATE|[83]|Bytes:4
12:51:02.18 (18985585)|CUMULATIVE_LIMIT_USAGE
12:51:02.18 (18985585)|LIMIT_USAGE_FOR_NS|(default)|
  Number of SOQL queries: 1 out of 100
  Number of query rows: 1 out of 50000
  Number of SOSL queries: 0 out of 20
  Number of DML statements: 0 out of 150
  Number of Publish Immediate DML: 0 out of 150
  Number of DML rows: 0 out of 10000
  Maximum CPU time: 0 out of 10000
  Maximum heap size: 0 out of 6000000
  Number of callouts: 0 out of 100
  Number of Email Invocations: 0 out of 10
  Number of future calls: 0 out of 50
  Number of queueable jobs added to the queue: 0 out of 50
  Number of Mobile Apex push calls: 0 out of 10

12:51:02.18 (18985585)|CUMULATIVE_LIMIT_USAGE_END

12:51:02.0 (19097148)|CODE_UNIT_FINISHED|CasosControllerExtension.obtenerCasosToday()
12:51:02.0 (19359922)|CODE_UNIT_FINISHED|apex://CasosControllerExtension/ACTION$obtenerCasosToday
12:51:02.0 (19370467)|EXECUTION_FINISHED
