52.0 APEX_CODE,FINEST;APEX_PROFILING,INFO;CALLOUT,INFO;DATA_ACCESS,INFO;DB,INFO;NBA,INFO;SYSTEM,DEBUG;VALIDATION,INFO;VISUALFORCE,INFO;WAVE,INFO;WORKFLOW,INFO
18:36:01.0 (280275)|USER_INFO|[EXTERNAL]|0051N000008bAK9|contingenciafalabella@falabella.com.mx|(GMT-06:00) Central Standard Time (America/Mexico_City)|GMT-06:00
18:36:01.0 (373502)|EXECUTION_STARTED
18:36:01.0 (405702)|CODE_UNIT_STARTED|[EXTERNAL]|01p3l00000EBsec|BatchUpdateCaseGestorBO
18:36:01.0 (1544871)|HEAP_ALLOCATE|[95]|Bytes:3
18:36:01.0 (1626786)|HEAP_ALLOCATE|[100]|Bytes:152
18:36:01.0 (1639856)|HEAP_ALLOCATE|[417]|Bytes:408
18:36:01.0 (1650054)|HEAP_ALLOCATE|[430]|Bytes:408
18:36:01.0 (1668676)|HEAP_ALLOCATE|[317]|Bytes:6
18:36:01.0 (3088569)|HEAP_ALLOCATE|[EXTERNAL]|Bytes:98
18:36:01.0 (17451643)|HEAP_ALLOCATE|[EXTERNAL]|Bytes:11
18:36:01.0 (17491222)|SYSTEM_METHOD_ENTRY|[15]|BatchableContextImpl.BatchableContextImpl()
18:36:01.0 (17507994)|STATEMENT_EXECUTE|[15]
18:36:01.0 (17532199)|SYSTEM_METHOD_EXIT|[15]|BatchableContextImpl
18:36:01.0 (17538693)|HEAP_ALLOCATE|[EXTERNAL]|Bytes:12
18:36:01.0 (17542189)|HEAP_ALLOCATE|[EXTERNAL]|Bytes:4
18:36:01.0 (17555891)|VARIABLE_SCOPE_BEGIN|[31]|this|Database.BatchableContextImpl|true|false
18:36:01.0 (17657134)|VARIABLE_ASSIGNMENT|[31]|this|{}|0x5c4a5f0c
18:36:01.0 (17662868)|VARIABLE_SCOPE_BEGIN|[31]|jobId|Id|false|false
18:36:01.0 (17783023)|VARIABLE_ASSIGNMENT|[31]|jobId|"707RQ00001vVkRKYA0"
18:36:01.0 (17787336)|VARIABLE_SCOPE_BEGIN|[31]|childJobId|Id|false|false
18:36:01.0 (17794478)|VARIABLE_ASSIGNMENT|[31]|childJobId|null
18:36:01.0 (19889316)|HEAP_ALLOCATE|[EXTERNAL]|Bytes:99
18:36:01.0 (19904084)|HEAP_ALLOCATE|[EXTERNAL]|Bytes:12
18:36:01.0 (19914943)|METHOD_ENTRY|[11]|01p3l00000EBsec|BatchUpdateCaseGestorBO.BatchUpdateCaseGestorBO()
18:36:01.0 (19923349)|STATEMENT_EXECUTE|[11]
18:36:01.0 (19930892)|STATEMENT_EXECUTE|[11]
18:36:01.0 (19935646)|METHOD_EXIT|[11]|BatchUpdateCaseGestorBO
18:36:01.0 (19939798)|HEAP_ALLOCATE|[EXTERNAL]|Bytes:20
18:36:01.0 (19942096)|HEAP_ALLOCATE|[EXTERNAL]|Bytes:12
18:36:01.0 (19951278)|VARIABLE_SCOPE_BEGIN|[33]|this|BatchUpdateCaseGestorBO|true|false
18:36:01.0 (20000674)|VARIABLE_ASSIGNMENT|[33]|this|{"idQueueFraudesCredito":"00G3l000004HYBREA4","intCallMSAttempts":3,"lstRecordTypesBO":"0x3cff16d8","lstRequestsWithError":"0x7cefee5b"}|0x5fe1f558
18:36:01.0 (20005266)|VARIABLE_SCOPE_BEGIN|[33]|BC|Database.BatchableContext|true|false
18:36:01.0 (20063609)|VARIABLE_ASSIGNMENT|[33]|BC|{"jobId":"707RQ00001vVkRKYA0"}|0x5c4a5f0c
18:36:01.0 (20070619)|STATEMENT_EXECUTE|[33]
18:36:01.0 (20071751)|STATEMENT_EXECUTE|[35]
18:36:01.0 (20074067)|HEAP_ALLOCATE|[35]|Bytes:217
18:36:01.0 (20136832)|HEAP_ALLOCATE|[35]|Bytes:4
18:36:01.0 (20149227)|HEAP_ALLOCATE|[35]|Bytes:7
18:36:01.0 (20162572)|HEAP_ALLOCATE|[35]|Bytes:7
18:36:01.0 (20166617)|HEAP_ALLOCATE|[35]|Bytes:7
18:36:01.0 (20193521)|HEAP_ALLOCATE|[68]|Bytes:5
18:36:01.0 (20210708)|HEAP_ALLOCATE|[74]|Bytes:5
18:36:01.0 (20215424)|HEAP_ALLOCATE|[82]|Bytes:7
18:36:01.0 (21673772)|SOQL_EXECUTE_BEGIN|[35]|Aggregations:0|SELECT ID_Solicitud__c, Solicitud_Repetida__c, Total_a_Condonar__c FROM Case WHERE (OwnerId = :tmpVar1 AND RecordTypeId IN :tmpVar2 AND (Actualizaci_n_de_domicilio_en_SAT__c = FALSE OR Total_a_Condonar__c < :tmpVar3))
18:36:01.0 (66286143)|SOQL_EXECUTE_END|[35]|Rows:3
18:36:01.0 (66451377)|HEAP_ALLOCATE|[35]|Bytes:20
18:36:01.95 (95763104)|CUMULATIVE_LIMIT_USAGE
18:36:01.95 (95763104)|LIMIT_USAGE_FOR_NS|(default)|
  Number of SOQL queries: 0 out of 200
  Number of query rows: 0 out of 50000
  Number of SOSL queries: 0 out of 20
  Number of DML statements: 0 out of 150
  Number of Publish Immediate DML: 0 out of 150
  Number of DML rows: 0 out of 10000
  Maximum CPU time: 0 out of 60000
  Maximum heap size: 0 out of 12000000
  Number of callouts: 0 out of 0
  Number of Email Invocations: 0 out of 10
  Number of future calls: 0 out of 0
  Number of queueable jobs added to the queue: 0 out of 1
  Number of Mobile Apex push calls: 0 out of 10

18:36:01.95 (95763104)|CUMULATIVE_LIMIT_USAGE_END

18:36:01.0 (95906382)|CODE_UNIT_FINISHED|BatchUpdateCaseGestorBO
18:36:01.0 (95929272)|EXECUTION_FINISHED
