66.0 APEX_CODE,FINEST;APEX_PROFILING,INFO;CALLOUT,INFO;DATA_ACCESS,INFO;DB,INFO;NBA,INFO;SYSTEM,DEBUG;VALIDATION,INFO;VISUALFORCE,INFO;WAVE,INFO;WORKFLOW,INFO
14:37:25.0 (130048)|USER_INFO|[EXTERNAL]|0051N000005gvau|etrevinofalabella@izeicg.com.uat|(GMT-06:00) Central Standard Time (America/Mexico_City)|GMT-06:00
14:37:25.0 (166143)|EXECUTION_STARTED
14:37:25.0 (175267)|CODE_UNIT_STARTED|[EXTERNAL]|apex://SendOTPController/ACTION$obtenerConfiguracionServicio
14:37:25.0 (1809463)|CODE_UNIT_STARTED|[EXTERNAL]|01p1N000005h4aa|SendOTPController.obtenerConfiguracionServicio()
14:37:25.0 (1960229)|HEAP_ALLOCATE|[95]|Bytes:3
14:37:25.0 (2019868)|HEAP_ALLOCATE|[100]|Bytes:152
14:37:25.0 (2034000)|HEAP_ALLOCATE|[417]|Bytes:408
14:37:25.0 (2045577)|HEAP_ALLOCATE|[430]|Bytes:408
14:37:25.0 (2063441)|HEAP_ALLOCATE|[317]|Bytes:6
14:37:25.0 (2108224)|HEAP_ALLOCATE|[EXTERNAL]|Bytes:21
14:37:25.0 (2112614)|HEAP_ALLOCATE|[EXTERNAL]|Bytes:55
14:37:25.0 (2121752)|METHOD_ENTRY|[1]|01p1N000005h4aa|SendOTPController.SendOTPController()
14:37:25.0 (2128168)|STATEMENT_EXECUTE|[1]
14:37:25.0 (2135592)|STATEMENT_EXECUTE|[1]
14:37:25.0 (2139238)|METHOD_EXIT|[1]|SendOTPController
14:37:25.0 (2148186)|STATEMENT_EXECUTE|[23]
14:37:25.0 (2149513)|STATEMENT_EXECUTE|[25]
14:37:25.0 (2163265)|HEAP_ALLOCATE|[25]|Bytes:4
14:37:25.0 (2176863)|VARIABLE_SCOPE_BEGIN|[25]|result|Map<String,String>|true|false
14:37:25.0 (2227888)|VARIABLE_ASSIGNMENT|[25]|result|{}|0x2263af43
14:37:25.0 (2232716)|STATEMENT_EXECUTE|[27]
14:37:25.0 (2234755)|HEAP_ALLOCATE|[27]|Bytes:54
14:37:25.0 (2244130)|HEAP_ALLOCATE|[27]|Bytes:4
14:37:25.0 (2267619)|HEAP_ALLOCATE|[68]|Bytes:5
14:37:25.0 (2289900)|HEAP_ALLOCATE|[74]|Bytes:5
14:37:25.0 (2295277)|HEAP_ALLOCATE|[82]|Bytes:7
14:37:25.0 (2659992)|SOQL_EXECUTE_BEGIN|[27]|Aggregations:0|SELECT Servicio__c FROM Configuracion_OTP__mdt LIMIT 1
14:37:25.0 (6414675)|SOQL_EXECUTE_END|[27]|Rows:1
14:37:25.0 (6439898)|HEAP_ALLOCATE|[27]|Bytes:8
14:37:25.0 (6456519)|HEAP_ALLOCATE|[27]|Bytes:57
14:37:25.0 (6544356)|HEAP_ALLOCATE|[27]|Bytes:8
14:37:25.0 (6556540)|HEAP_ALLOCATE|[27]|Bytes:48
14:37:25.0 (6608069)|HEAP_ALLOCATE|[27]|Bytes:12
14:37:25.0 (6612643)|VARIABLE_SCOPE_BEGIN|[27]|configuracionOTP|Configuracion_OTP__mdt|true|false
14:37:25.0 (6676671)|VARIABLE_ASSIGNMENT|[27]|configuracionOTP|{"Servicio__c":"Microservicio","Id":"m0B0v000000902rEAA"}|0x51af3a73
14:37:25.0 (6682504)|STATEMENT_EXECUTE|[29]
14:37:25.0 (6699953)|VARIABLE_SCOPE_BEGIN|[29]|servicio|String|false|false
14:37:25.0 (6705956)|VARIABLE_ASSIGNMENT|[29]|servicio|"Microservicio"
14:37:25.0 (6708214)|STATEMENT_EXECUTE|[31]
14:37:25.0 (6709657)|HEAP_ALLOCATE|[31]|Bytes:11
14:37:25.0 (6721853)|HEAP_ALLOCATE|[31]|Bytes:24
14:37:25.0 (6779777)|USER_DEBUG|[31]|DEBUG|Servicio:  Microservicio
14:37:25.0 (6790435)|STATEMENT_EXECUTE|[33]
14:37:25.0 (6792090)|HEAP_ALLOCATE|[33]|Bytes:8
14:37:25.0 (6834314)|HEAP_ALLOCATE|[EXTERNAL]|Bytes:-4
14:37:25.0 (6841281)|STATEMENT_EXECUTE|[35]
14:37:25.6 (6893081)|CUMULATIVE_LIMIT_USAGE
14:37:25.6 (6893081)|LIMIT_USAGE_FOR_NS|(default)|
  Number of SOQL queries: 0 out of 100
  Number of query rows: 1 out of 50000
  Number of SOSL queries: 0 out of 20
  Number of DML statements: 0 out of 150
  Number of Publish Immediate DML: 0 out of 150
  Number of DML rows: 0 out of 10000
  Maximum CPU time: 0 out of 10000
  Maximum heap size: 0 out of 6000000
  Number of callouts: 0 out of 100
  Number of Email Invocations: 0 out of 10
  Number of future calls: 0 out of 50
  Number of queueable jobs added to the queue: 0 out of 50
  Number of Mobile Apex push calls: 0 out of 10

14:37:25.6 (6893081)|CUMULATIVE_LIMIT_USAGE_END

14:37:25.0 (6921167)|CODE_UNIT_FINISHED|SendOTPController.obtenerConfiguracionServicio()
14:37:25.0 (7136459)|CODE_UNIT_FINISHED|apex://SendOTPController/ACTION$obtenerConfiguracionServicio
14:37:25.0 (7144829)|EXECUTION_FINISHED
