67.0 APEX_CODE,FINEST;APEX_PROFILING,INFO;CALLOUT,INFO;DATA_ACCESS,INFO;DB,INFO;NBA,INFO;SYSTEM,DEBUG;VALIDATION,INFO;VISUALFORCE,INFO;WAVE,INFO;WORKFLOW,INFO
12:21:19.1 (1289516)|USER_INFO|[EXTERNAL]|0051N000005gvau|etrevinofalabella@izeicg.com.uat|(GMT-06:00) Central Standard Time (America/Mexico_City)|GMT-06:00
12:21:19.1 (1331875)|EXECUTION_STARTED
12:21:19.1 (1342331)|CODE_UNIT_STARTED|[EXTERNAL]|apex://validateQuestionsController/ACTION$getValidationToday
12:21:19.1 (7424002)|CODE_UNIT_STARTED|[EXTERNAL]|01p0v000003Gv5u|validateQuestionsController.getValidationToday(String)
12:21:19.1 (7948737)|HEAP_ALLOCATE|[95]|Bytes:3
12:21:19.1 (8088284)|HEAP_ALLOCATE|[100]|Bytes:152
12:21:19.1 (8108588)|HEAP_ALLOCATE|[417]|Bytes:408
12:21:19.1 (8127027)|HEAP_ALLOCATE|[430]|Bytes:408
12:21:19.1 (8155256)|HEAP_ALLOCATE|[317]|Bytes:6
12:21:19.1 (8167626)|HEAP_ALLOCATE|[EXTERNAL]|Bytes:27
12:21:19.1 (8171847)|HEAP_ALLOCATE|[EXTERNAL]|Bytes:11
12:21:19.1 (8196087)|METHOD_ENTRY|[15]|01p0v000003Gv5u|validateQuestionsController.validateQuestionsController()
12:21:19.1 (8210088)|STATEMENT_EXECUTE|[15]
12:21:19.1 (8217758)|STATEMENT_EXECUTE|[15]
12:21:19.1 (8225447)|METHOD_EXIT|[15]|validateQuestionsController
12:21:19.1 (8229871)|HEAP_ALLOCATE|[EXTERNAL]|Bytes:18
12:21:19.1 (8258513)|VARIABLE_SCOPE_BEGIN|[58]|customerId|String|false|false
12:21:19.1 (8364442)|VARIABLE_ASSIGNMENT|[58]|customerId|"0010v00000MYqEtAAL"
12:21:19.1 (8373933)|STATEMENT_EXECUTE|[58]
12:21:19.1 (8375401)|STATEMENT_EXECUTE|[59]
12:21:19.1 (8499306)|HEAP_ALLOCATE|[59]|Bytes:4
12:21:19.1 (8656314)|VARIABLE_SCOPE_BEGIN|[59]|VIList|List<Validacion_Incorrecta__c>|true|false
12:21:19.1 (8669475)|HEAP_ALLOCATE|[EXTERNAL]|Bytes:4
12:21:19.1 (8686467)|VARIABLE_ASSIGNMENT|[59]|VIList|[]|0x1e69751
12:21:19.1 (8692079)|STATEMENT_EXECUTE|[60]
12:21:19.1 (8694079)|STATEMENT_EXECUTE|[60]
12:21:19.1 (8695729)|STATEMENT_EXECUTE|[61]
12:21:19.1 (8698463)|HEAP_ALLOCATE|[61]|Bytes:128
12:21:19.1 (8715494)|HEAP_ALLOCATE|[61]|Bytes:4
12:21:19.1 (8725721)|HEAP_ALLOCATE|[61]|Bytes:7
12:21:19.1 (8768819)|HEAP_ALLOCATE|[68]|Bytes:5
12:21:19.1 (8805871)|HEAP_ALLOCATE|[74]|Bytes:5
12:21:19.1 (8812319)|HEAP_ALLOCATE|[82]|Bytes:7
12:21:19.1 (12096071)|SOQL_EXECUTE_BEGIN|[61]|Aggregations:0|SELECT Id FROM Validacion_Incorrecta__c WHERE (Account__c = :tmpVar1 AND Validacion_Exitosa__c = FALSE AND Creado_Hoy__c = TRUE)
12:21:19.1 (25647878)|SOQL_EXECUTE_END|[61]|Rows:0
12:21:19.1 (25690973)|HEAP_ALLOCATE|[61]|Bytes:4
12:21:19.1 (25707745)|HEAP_ALLOCATE|[61]|Bytes:0
12:21:19.1 (25750544)|HEAP_ALLOCATE|[61]|Bytes:4
12:21:19.1 (25792589)|VARIABLE_ASSIGNMENT|[61]|VIList|[]|0x516221ef
12:21:19.1 (25804200)|STATEMENT_EXECUTE|[68]
12:21:19.1 (25876610)|VARIABLE_SCOPE_BEGIN|[68]|numeroDeValidacionesIncorrectas|Integer|false|false
12:21:19.1 (25883221)|HEAP_ALLOCATE|[68]|Bytes:4
12:21:19.1 (25891733)|VARIABLE_ASSIGNMENT|[68]|numeroDeValidacionesIncorrectas|0
12:21:19.1 (25894961)|STATEMENT_EXECUTE|[69]
12:21:19.1 (25896771)|HEAP_ALLOCATE|[69]|Bytes:4
12:21:19.25 (25974116)|CUMULATIVE_LIMIT_USAGE
12:21:19.25 (25974116)|LIMIT_USAGE_FOR_NS|(default)|
  Number of SOQL queries: 1 out of 100
  Number of query rows: 0 out of 50000
  Number of SOSL queries: 0 out of 20
  Number of DML statements: 0 out of 150
  Number of Publish Immediate DML: 0 out of 150
  Number of DML rows: 0 out of 10000
  Maximum CPU time: 0 out of 10000
  Maximum heap size: 0 out of 6000000
  Number of callouts: 0 out of 100
  Number of Email Invocations: 0 out of 10
  Number of future calls: 0 out of 50
  Number of queueable jobs added to the queue: 0 out of 50
  Number of Mobile Apex push calls: 0 out of 10

12:21:19.25 (25974116)|CUMULATIVE_LIMIT_USAGE_END

12:21:19.1 (26026567)|CODE_UNIT_FINISHED|validateQuestionsController.getValidationToday(String)
12:21:19.1 (26272358)|CODE_UNIT_FINISHED|apex://validateQuestionsController/ACTION$getValidationToday
12:21:19.1 (26277406)|EXECUTION_FINISHED
