52.0 APEX_CODE,FINEST;APEX_PROFILING,INFO;CALLOUT,INFO;DATA_ACCESS,INFO;DB,INFO;NBA,INFO;SYSTEM,DEBUG;VALIDATION,INFO;VISUALFORCE,INFO;WAVE,INFO;WORKFLOW,INFO
11:30:14.1 (1348906)|USER_INFO|[EXTERNAL]|0051N000005gvau|etrevinofalabella@izeicg.com.uat|(GMT-06:00) Central Standard Time (America/Mexico_City)|GMT-06:00
11:30:14.1 (1388874)|EXECUTION_STARTED
11:30:14.1 (1409785)|CODE_UNIT_STARTED|[EXTERNAL]|01p0v000003h7p3|BatchUpdateCaseGestorBO
11:30:14.1 (3607803)|HEAP_ALLOCATE|[95]|Bytes:3
11:30:14.1 (3697869)|HEAP_ALLOCATE|[100]|Bytes:152
11:30:14.1 (3711438)|HEAP_ALLOCATE|[417]|Bytes:408
11:30:14.1 (3722335)|HEAP_ALLOCATE|[430]|Bytes:408
11:30:14.1 (3741901)|HEAP_ALLOCATE|[317]|Bytes:6
11:30:14.1 (5273025)|HEAP_ALLOCATE|[EXTERNAL]|Bytes:98
11:30:14.1 (5626283)|HEAP_ALLOCATE|[EXTERNAL]|Bytes:11
11:30:14.1 (5651033)|SYSTEM_METHOD_ENTRY|[15]|BatchableContextImpl.BatchableContextImpl()
11:30:14.1 (5671784)|STATEMENT_EXECUTE|[15]
11:30:14.1 (5688220)|SYSTEM_METHOD_EXIT|[15]|BatchableContextImpl
11:30:14.1 (5694094)|HEAP_ALLOCATE|[EXTERNAL]|Bytes:12
11:30:14.1 (5697979)|HEAP_ALLOCATE|[EXTERNAL]|Bytes:4
11:30:14.1 (5713847)|VARIABLE_SCOPE_BEGIN|[31]|this|Database.BatchableContextImpl|true|false
11:30:14.1 (5983867)|VARIABLE_ASSIGNMENT|[31]|this|{}|0x37ed8f93
11:30:14.1 (5992379)|VARIABLE_SCOPE_BEGIN|[31]|jobId|Id|false|false
11:30:14.1 (6076173)|VARIABLE_ASSIGNMENT|[31]|jobId|"707Rt00001wUKtQIAW"
11:30:14.1 (6080559)|VARIABLE_SCOPE_BEGIN|[31]|childJobId|Id|false|false
11:30:14.1 (6088024)|VARIABLE_ASSIGNMENT|[31]|childJobId|null
11:30:14.1 (20828176)|HEAP_ALLOCATE|[EXTERNAL]|Bytes:99
11:30:14.1 (20852348)|HEAP_ALLOCATE|[EXTERNAL]|Bytes:12
11:30:14.1 (20868848)|METHOD_ENTRY|[11]|01p0v000003h7p3|BatchUpdateCaseGestorBO.BatchUpdateCaseGestorBO()
11:30:14.1 (20877352)|STATEMENT_EXECUTE|[11]
11:30:14.1 (20885903)|STATEMENT_EXECUTE|[11]
11:30:14.1 (20890358)|METHOD_EXIT|[11]|BatchUpdateCaseGestorBO
11:30:14.1 (20894010)|HEAP_ALLOCATE|[EXTERNAL]|Bytes:20
11:30:14.1 (20898942)|HEAP_ALLOCATE|[EXTERNAL]|Bytes:12
11:30:14.1 (20910888)|VARIABLE_SCOPE_BEGIN|[108]|this|BatchUpdateCaseGestorBO|true|false
11:30:14.1 (21000563)|VARIABLE_ASSIGNMENT|[108]|this|{"idQueueFraudesCredito":"00G0v000002erN3EAI","intCallMSAttempts":3,"lstRecordTypesBO":"0x4e85041a","lstRequestsWithError":"0x13573fcf"}|0x2f153622
11:30:14.1 (21005855)|VARIABLE_SCOPE_BEGIN|[108]|BC|Database.BatchableContext|true|false
11:30:14.1 (21120118)|VARIABLE_ASSIGNMENT|[108]|BC|{"jobId":"707Rt00001wUKtQIAW"}|0x37ed8f93
11:30:14.1 (21131315)|STATEMENT_EXECUTE|[108]
11:30:14.1 (21206289)|STATEMENT_EXECUTE|[111]
11:30:14.36 (36285867)|CUMULATIVE_LIMIT_USAGE
11:30:14.36 (36285867)|LIMIT_USAGE_FOR_NS|(default)|
  Number of SOQL queries: 0 out of 200
  Number of query rows: 0 out of 50000
  Number of SOSL queries: 0 out of 20
  Number of DML statements: 0 out of 150
  Number of Publish Immediate DML: 0 out of 150
  Number of DML rows: 0 out of 10000
  Maximum CPU time: 0 out of 60000
  Maximum heap size: 0 out of 12000000
  Number of callouts: 0 out of 0
  Number of Email Invocations: 0 out of 10
  Number of future calls: 0 out of 0
  Number of queueable jobs added to the queue: 0 out of 1
  Number of Mobile Apex push calls: 0 out of 10

11:30:14.36 (36285867)|CUMULATIVE_LIMIT_USAGE_END

11:30:14.1 (36359946)|CODE_UNIT_FINISHED|BatchUpdateCaseGestorBO
11:30:14.1 (36387108)|EXECUTION_FINISHED
