66.0 APEX_CODE,FINEST;APEX_PROFILING,INFO;CALLOUT,INFO;DATA_ACCESS,INFO;DB,INFO;NBA,INFO;SYSTEM,DEBUG;VALIDATION,INFO;VISUALFORCE,INFO;WAVE,INFO;WORKFLOW,INFO
14:50:37.0 (126004)|USER_INFO|[EXTERNAL]|0051N000005gvau|etrevinofalabella@izeicg.com.uat|(GMT-06:00) Central Standard Time (America/Mexico_City)|GMT-06:00
14:50:37.0 (159084)|EXECUTION_STARTED
14:50:37.0 (168059)|CODE_UNIT_STARTED|[EXTERNAL]|apex://SendOTPController/ACTION$obtenerConfiguracionServicio
14:50:37.0 (1703596)|CODE_UNIT_STARTED|[EXTERNAL]|01p1N000005h4aa|SendOTPController.obtenerConfiguracionServicio()
14:50:37.0 (1837714)|HEAP_ALLOCATE|[95]|Bytes:3
14:50:37.0 (1899063)|HEAP_ALLOCATE|[100]|Bytes:152
14:50:37.0 (1912222)|HEAP_ALLOCATE|[417]|Bytes:408
14:50:37.0 (1923782)|HEAP_ALLOCATE|[430]|Bytes:408
14:50:37.0 (1942181)|HEAP_ALLOCATE|[317]|Bytes:6
14:50:37.0 (1979554)|HEAP_ALLOCATE|[EXTERNAL]|Bytes:21
14:50:37.0 (1982545)|HEAP_ALLOCATE|[EXTERNAL]|Bytes:55
14:50:37.0 (1989563)|METHOD_ENTRY|[1]|01p1N000005h4aa|SendOTPController.SendOTPController()
14:50:37.0 (1994678)|STATEMENT_EXECUTE|[1]
14:50:37.0 (2001041)|STATEMENT_EXECUTE|[1]
14:50:37.0 (2004008)|METHOD_EXIT|[1]|SendOTPController
14:50:37.0 (2011293)|STATEMENT_EXECUTE|[23]
14:50:37.0 (2012350)|STATEMENT_EXECUTE|[25]
14:50:37.0 (2026082)|HEAP_ALLOCATE|[25]|Bytes:4
14:50:37.0 (2036925)|VARIABLE_SCOPE_BEGIN|[25]|result|Map<String,String>|true|false
14:50:37.0 (2074627)|VARIABLE_ASSIGNMENT|[25]|result|{}|0x3d421990
14:50:37.0 (2077786)|STATEMENT_EXECUTE|[27]
14:50:37.0 (2079343)|HEAP_ALLOCATE|[27]|Bytes:54
14:50:37.0 (2085052)|HEAP_ALLOCATE|[27]|Bytes:4
14:50:37.0 (2103542)|HEAP_ALLOCATE|[68]|Bytes:5
14:50:37.0 (2119327)|HEAP_ALLOCATE|[74]|Bytes:5
14:50:37.0 (2124102)|HEAP_ALLOCATE|[82]|Bytes:7
14:50:37.0 (2455400)|SOQL_EXECUTE_BEGIN|[27]|Aggregations:0|SELECT Servicio__c FROM Configuracion_OTP__mdt LIMIT 1
14:50:37.0 (5902495)|SOQL_EXECUTE_END|[27]|Rows:1
14:50:37.0 (5931193)|HEAP_ALLOCATE|[27]|Bytes:8
14:50:37.0 (5947532)|HEAP_ALLOCATE|[27]|Bytes:57
14:50:37.0 (6041537)|HEAP_ALLOCATE|[27]|Bytes:8
14:50:37.0 (6054044)|HEAP_ALLOCATE|[27]|Bytes:48
14:50:37.0 (6109338)|HEAP_ALLOCATE|[27]|Bytes:12
14:50:37.0 (6114310)|VARIABLE_SCOPE_BEGIN|[27]|configuracionOTP|Configuracion_OTP__mdt|true|false
14:50:37.0 (6175119)|VARIABLE_ASSIGNMENT|[27]|configuracionOTP|{"Servicio__c":"Microservicio","Id":"m0B0v000000902rEAA"}|0x645e46a1
14:50:37.0 (6180857)|STATEMENT_EXECUTE|[29]
14:50:37.0 (6198590)|VARIABLE_SCOPE_BEGIN|[29]|servicio|String|false|false
14:50:37.0 (6204109)|VARIABLE_ASSIGNMENT|[29]|servicio|"Microservicio"
14:50:37.0 (6206407)|STATEMENT_EXECUTE|[31]
14:50:37.0 (6207902)|HEAP_ALLOCATE|[31]|Bytes:11
14:50:37.0 (6220869)|HEAP_ALLOCATE|[31]|Bytes:24
14:50:37.0 (6260732)|USER_DEBUG|[31]|DEBUG|Servicio:  Microservicio
14:50:37.0 (6266709)|STATEMENT_EXECUTE|[33]
14:50:37.0 (6268295)|HEAP_ALLOCATE|[33]|Bytes:8
14:50:37.0 (6301357)|HEAP_ALLOCATE|[EXTERNAL]|Bytes:-4
14:50:37.0 (6306339)|STATEMENT_EXECUTE|[35]
14:50:37.6 (6346842)|CUMULATIVE_LIMIT_USAGE
14:50:37.6 (6346842)|LIMIT_USAGE_FOR_NS|(default)|
  Number of SOQL queries: 0 out of 100
  Number of query rows: 1 out of 50000
  Number of SOSL queries: 0 out of 20
  Number of DML statements: 0 out of 150
  Number of Publish Immediate DML: 0 out of 150
  Number of DML rows: 0 out of 10000
  Maximum CPU time: 0 out of 10000
  Maximum heap size: 0 out of 6000000
  Number of callouts: 0 out of 100
  Number of Email Invocations: 0 out of 10
  Number of future calls: 0 out of 50
  Number of queueable jobs added to the queue: 0 out of 50
  Number of Mobile Apex push calls: 0 out of 10

14:50:37.6 (6346842)|CUMULATIVE_LIMIT_USAGE_END

14:50:37.0 (6368058)|CODE_UNIT_FINISHED|SendOTPController.obtenerConfiguracionServicio()
14:50:37.0 (6540968)|CODE_UNIT_FINISHED|apex://SendOTPController/ACTION$obtenerConfiguracionServicio
14:50:37.0 (6545882)|EXECUTION_FINISHED
