66.0 APEX_CODE,FINEST;APEX_PROFILING,INFO;CALLOUT,INFO;DATA_ACCESS,INFO;DB,INFO;NBA,INFO;SYSTEM,DEBUG;VALIDATION,INFO;VISUALFORCE,INFO;WAVE,INFO;WORKFLOW,INFO
14:37:19.0 (688035)|USER_INFO|[EXTERNAL]|0051N000005gvau|etrevinofalabella@izeicg.com.uat|(GMT-06:00) Central Standard Time (America/Mexico_City)|GMT-06:00
14:37:19.0 (745684)|EXECUTION_STARTED
14:37:19.0 (760890)|CODE_UNIT_STARTED|[EXTERNAL]|apex://SendOTPController/ACTION$getCustomerByCaseId
14:37:19.0 (4804910)|CODE_UNIT_STARTED|[EXTERNAL]|01p1N000005h4aa|SendOTPController.getCustomerByCaseId(String)
14:37:19.0 (5325455)|HEAP_ALLOCATE|[95]|Bytes:3
14:37:19.0 (5442909)|HEAP_ALLOCATE|[100]|Bytes:152
14:37:19.0 (5459128)|HEAP_ALLOCATE|[417]|Bytes:408
14:37:19.0 (5469808)|HEAP_ALLOCATE|[430]|Bytes:408
14:37:19.0 (5491835)|HEAP_ALLOCATE|[317]|Bytes:6
14:37:19.0 (5502308)|HEAP_ALLOCATE|[EXTERNAL]|Bytes:21
14:37:19.0 (5505183)|HEAP_ALLOCATE|[EXTERNAL]|Bytes:55
14:37:19.0 (5525725)|METHOD_ENTRY|[1]|01p1N000005h4aa|SendOTPController.SendOTPController()
14:37:19.0 (5537743)|STATEMENT_EXECUTE|[1]
14:37:19.0 (5550127)|STATEMENT_EXECUTE|[1]
14:37:19.0 (5560528)|METHOD_EXIT|[1]|SendOTPController
14:37:19.0 (5564939)|HEAP_ALLOCATE|[EXTERNAL]|Bytes:18
14:37:19.0 (5585042)|VARIABLE_SCOPE_BEGIN|[4]|caseId|String|false|false
14:37:19.0 (5650226)|VARIABLE_ASSIGNMENT|[4]|caseId|"5000v000003xMk9AAE"
14:37:19.0 (5659291)|STATEMENT_EXECUTE|[4]
14:37:19.0 (5662514)|STATEMENT_EXECUTE|[7]
14:37:19.0 (5664327)|STATEMENT_EXECUTE|[11]
14:37:19.0 (5666001)|HEAP_ALLOCATE|[11]|Bytes:46
14:37:19.0 (5686083)|HEAP_ALLOCATE|[11]|Bytes:4
14:37:19.0 (5696290)|HEAP_ALLOCATE|[11]|Bytes:7
14:37:19.0 (5727457)|HEAP_ALLOCATE|[68]|Bytes:5
14:37:19.0 (5751104)|HEAP_ALLOCATE|[74]|Bytes:5
14:37:19.0 (5755872)|HEAP_ALLOCATE|[82]|Bytes:7
14:37:19.0 (7195808)|SOQL_EXECUTE_BEGIN|[11]|Aggregations:0|SELECT AccountId FROM Case WHERE Id = :tmpVar1
14:37:19.0 (12370527)|SOQL_EXECUTE_END|[11]|Rows:1
14:37:19.0 (12398824)|HEAP_ALLOCATE|[11]|Bytes:8
14:37:19.0 (12416031)|HEAP_ALLOCATE|[11]|Bytes:60
14:37:19.0 (12542622)|HEAP_ALLOCATE|[11]|Bytes:8
14:37:19.0 (12562580)|HEAP_ALLOCATE|[11]|Bytes:30
14:37:19.0 (12622803)|HEAP_ALLOCATE|[11]|Bytes:12
14:37:19.0 (12628729)|VARIABLE_SCOPE_BEGIN|[11]|c|Case|true|false
14:37:19.0 (12698204)|VARIABLE_ASSIGNMENT|[11]|c|{"AccountId":"0010v00000KlWodAAF","Id":"5000v000003xMk9AAE"}|0x35e602b
14:37:19.0 (12705467)|STATEMENT_EXECUTE|[14]
14:37:19.0 (12709036)|HEAP_ALLOCATE|[14]|Bytes:178
14:37:19.0 (12723169)|HEAP_ALLOCATE|[14]|Bytes:4
14:37:19.0 (15303955)|SOQL_EXECUTE_BEGIN|[14]|Aggregations:1|SELECT Id, Name, Fecha_de_nacimiento1__c, PersonMobilePhone, Oficina__c, PersonContactId, CURP__c, (SELECT N_mero_de_tarjeta__c FROM Tarjetas__r) FROM Account WHERE Id = :tmpVar1
14:37:19.0 (26577685)|SOQL_EXECUTE_END|[14]|Rows:1
14:37:19.0 (26612091)|HEAP_ALLOCATE|[14]|Bytes:8
14:37:19.0 (26634716)|HEAP_ALLOCATE|[14]|Bytes:318
14:37:19.0 (26693915)|HEAP_ALLOCATE|[14]|Bytes:8
14:37:19.0 (26714652)|HEAP_ALLOCATE|[14]|Bytes:33
14:37:19.0 (26761585)|HEAP_ALLOCATE|[14]|Bytes:36
14:37:19.0 (26766948)|VARIABLE_SCOPE_BEGIN|[14]|acc|Account|true|false
14:37:19.0 (27104374)|VARIABLE_ASSIGNMENT|[14]|acc|{"Oficina__c":"1","Tarjetas__r":[{"Account__c":"0010v00000KlWodAAF","N_mero_de_tarjeta__c":"627180******6134","Id":"a010v000003LuSHAA0"}],"CURP__c":"FERM900101MASRDI09","Fecha_de_nacimiento1__c":"1990-01-01T00:00:00.000Z","PersonContactId":"0030v00000Em6HNAAZ","PersonMobilePhone":"8126878636","Id":"0010v00000KlWodAAF","Name":"Gonzalo Rios RODRIGU (2 more) ..."}|0x265cd25
14:37:19.0 (27119137)|STATEMENT_EXECUTE|[18]
14:37:19.27 (27191156)|CUMULATIVE_LIMIT_USAGE
14:37:19.27 (27191156)|LIMIT_USAGE_FOR_NS|(default)|
  Number of SOQL queries: 2 out of 100
  Number of query rows: 3 out of 50000
  Number of SOSL queries: 0 out of 20
  Number of DML statements: 0 out of 150
  Number of Publish Immediate DML: 0 out of 150
  Number of DML rows: 0 out of 10000
  Maximum CPU time: 0 out of 10000
  Maximum heap size: 0 out of 6000000
  Number of callouts: 0 out of 100
  Number of Email Invocations: 0 out of 10
  Number of future calls: 0 out of 50
  Number of queueable jobs added to the queue: 0 out of 50
  Number of Mobile Apex push calls: 0 out of 10

14:37:19.27 (27191156)|CUMULATIVE_LIMIT_USAGE_END

14:37:19.0 (27262746)|CODE_UNIT_FINISHED|SendOTPController.getCustomerByCaseId(String)
14:37:19.0 (27531756)|CODE_UNIT_FINISHED|apex://SendOTPController/ACTION$getCustomerByCaseId
14:37:19.0 (27537384)|EXECUTION_FINISHED
