52.0 APEX_CODE,FINEST;APEX_PROFILING,INFO;CALLOUT,INFO;DATA_ACCESS,INFO;DB,INFO;NBA,INFO;SYSTEM,DEBUG;VALIDATION,INFO;VISUALFORCE,INFO;WAVE,INFO;WORKFLOW,INFO
10:15:09.0 (451824)|USER_INFO|[EXTERNAL]|0051N000008bAK9|contingenciafalabella@falabella.com.mx|(GMT-06:00) Central Standard Time (America/Mexico_City)|GMT-06:00
10:15:09.0 (580927)|EXECUTION_STARTED
10:15:09.0 (664472)|CODE_UNIT_STARTED|[EXTERNAL]|01p3l00000EBsec|BatchUpdateCaseGestorBO
10:15:09.0 (2383558)|HEAP_ALLOCATE|[95]|Bytes:3
10:15:09.0 (2571181)|HEAP_ALLOCATE|[100]|Bytes:152
10:15:09.0 (2591069)|HEAP_ALLOCATE|[417]|Bytes:408
10:15:09.0 (2604126)|HEAP_ALLOCATE|[430]|Bytes:408
10:15:09.0 (2632603)|HEAP_ALLOCATE|[317]|Bytes:6
10:15:09.0 (4363319)|HEAP_ALLOCATE|[EXTERNAL]|Bytes:98
10:15:09.0 (29792152)|HEAP_ALLOCATE|[EXTERNAL]|Bytes:11
10:15:09.0 (29912811)|SYSTEM_METHOD_ENTRY|[15]|BatchableContextImpl.BatchableContextImpl()
10:15:09.0 (30093504)|STATEMENT_EXECUTE|[15]
10:15:09.0 (30128049)|SYSTEM_METHOD_EXIT|[15]|BatchableContextImpl
10:15:09.0 (30137028)|HEAP_ALLOCATE|[EXTERNAL]|Bytes:12
10:15:09.0 (30144485)|HEAP_ALLOCATE|[EXTERNAL]|Bytes:4
10:15:09.0 (30227444)|VARIABLE_SCOPE_BEGIN|[31]|this|Database.BatchableContextImpl|true|false
10:15:09.0 (30492990)|VARIABLE_ASSIGNMENT|[31]|this|{}|0x5519197f
10:15:09.0 (30505118)|VARIABLE_SCOPE_BEGIN|[31]|jobId|Id|false|false
10:15:09.0 (30693813)|VARIABLE_ASSIGNMENT|[31]|jobId|"707RQ00002CRz8RYAT"
10:15:09.0 (30702363)|VARIABLE_SCOPE_BEGIN|[31]|childJobId|Id|false|false
10:15:09.0 (30717120)|VARIABLE_ASSIGNMENT|[31]|childJobId|null
10:15:09.0 (33648009)|HEAP_ALLOCATE|[EXTERNAL]|Bytes:99
10:15:09.0 (33687469)|HEAP_ALLOCATE|[EXTERNAL]|Bytes:12
10:15:09.0 (33739634)|METHOD_ENTRY|[11]|01p3l00000EBsec|BatchUpdateCaseGestorBO.BatchUpdateCaseGestorBO()
10:15:09.0 (33801265)|STATEMENT_EXECUTE|[11]
10:15:09.0 (33851281)|STATEMENT_EXECUTE|[11]
10:15:09.0 (33863351)|METHOD_EXIT|[11]|BatchUpdateCaseGestorBO
10:15:09.0 (33871577)|HEAP_ALLOCATE|[EXTERNAL]|Bytes:20
10:15:09.0 (33878056)|HEAP_ALLOCATE|[EXTERNAL]|Bytes:12
10:15:09.0 (33909988)|VARIABLE_SCOPE_BEGIN|[33]|this|BatchUpdateCaseGestorBO|true|false
10:15:09.0 (34088083)|VARIABLE_ASSIGNMENT|[33]|this|{"idQueueFraudesCredito":"00G3l000004HYBREA4","intCallMSAttempts":3,"lstRecordTypesBO":"0x77740d3d","lstRequestsWithError":"0x1eea2200"}|0x13114889
10:15:09.0 (34123353)|VARIABLE_SCOPE_BEGIN|[33]|BC|Database.BatchableContext|true|false
10:15:09.0 (34361548)|VARIABLE_ASSIGNMENT|[33]|BC|{"jobId":"707RQ00002CRz8RYAT"}|0x5519197f
10:15:09.0 (34416843)|STATEMENT_EXECUTE|[33]
10:15:09.0 (34458111)|STATEMENT_EXECUTE|[35]
10:15:09.0 (34465162)|HEAP_ALLOCATE|[35]|Bytes:217
10:15:09.0 (34509378)|HEAP_ALLOCATE|[35]|Bytes:4
10:15:09.0 (34545971)|HEAP_ALLOCATE|[35]|Bytes:7
10:15:09.0 (34569074)|HEAP_ALLOCATE|[35]|Bytes:7
10:15:09.0 (34600256)|HEAP_ALLOCATE|[35]|Bytes:7
10:15:09.0 (34655542)|HEAP_ALLOCATE|[68]|Bytes:5
10:15:09.0 (34686551)|HEAP_ALLOCATE|[74]|Bytes:5
10:15:09.0 (34696566)|HEAP_ALLOCATE|[82]|Bytes:7
10:15:09.0 (38067797)|SOQL_EXECUTE_BEGIN|[35]|Aggregations:0|SELECT ID_Solicitud__c, Solicitud_Repetida__c, Total_a_Condonar__c FROM Case WHERE (OwnerId = :tmpVar1 AND RecordTypeId IN :tmpVar2 AND (Actualizaci_n_de_domicilio_en_SAT__c = FALSE OR Total_a_Condonar__c < :tmpVar3))
10:15:09.0 (77266042)|SOQL_EXECUTE_END|[35]|Rows:3
10:15:09.0 (77469530)|HEAP_ALLOCATE|[35]|Bytes:20
10:15:09.119 (119290660)|CUMULATIVE_LIMIT_USAGE
10:15:09.119 (119290660)|LIMIT_USAGE_FOR_NS|(default)|
  Number of SOQL queries: 0 out of 200
  Number of query rows: 0 out of 50000
  Number of SOSL queries: 0 out of 20
  Number of DML statements: 0 out of 150
  Number of Publish Immediate DML: 0 out of 150
  Number of DML rows: 0 out of 10000
  Maximum CPU time: 0 out of 60000
  Maximum heap size: 0 out of 12000000
  Number of callouts: 0 out of 0
  Number of Email Invocations: 0 out of 10
  Number of future calls: 0 out of 0
  Number of queueable jobs added to the queue: 0 out of 1
  Number of Mobile Apex push calls: 0 out of 10

10:15:09.119 (119290660)|CUMULATIVE_LIMIT_USAGE_END

10:15:09.0 (119613162)|CODE_UNIT_FINISHED|BatchUpdateCaseGestorBO
10:15:09.0 (119637971)|EXECUTION_FINISHED
