56.0 APEX_CODE,FINEST;APEX_PROFILING,INFO;CALLOUT,INFO;DATA_ACCESS,INFO;DB,INFO;NBA,INFO;SYSTEM,DEBUG;VALIDATION,INFO;VISUALFORCE,INFO;WAVE,INFO;WORKFLOW,INFO
11:30:00.0 (948741)|USER_INFO|[EXTERNAL]|0051N000005gvau|etrevinofalabella@izeicg.com.uat|(GMT-06:00) Central Standard Time (America/Mexico_City)|GMT-06:00
11:30:00.0 (1003611)|EXECUTION_STARTED
11:30:00.0 (1027041)|CODE_UNIT_STARTED|[EXTERNAL]|01pDK00000AKh3n|BatchUpdateCasesEmboce
11:30:00.0 (5879577)|HEAP_ALLOCATE|[95]|Bytes:3
11:30:00.0 (5962775)|HEAP_ALLOCATE|[100]|Bytes:152
11:30:00.0 (5973955)|HEAP_ALLOCATE|[417]|Bytes:408
11:30:00.0 (5983466)|HEAP_ALLOCATE|[430]|Bytes:408
11:30:00.0 (6001266)|HEAP_ALLOCATE|[317]|Bytes:6
11:30:00.0 (11104763)|HEAP_ALLOCATE|[EXTERNAL]|Bytes:82
11:30:00.0 (24886939)|HEAP_ALLOCATE|[EXTERNAL]|Bytes:11
11:30:00.0 (24911138)|SYSTEM_METHOD_ENTRY|[15]|BatchableContextImpl.BatchableContextImpl()
11:30:00.0 (24921679)|STATEMENT_EXECUTE|[15]
11:30:00.0 (24933474)|SYSTEM_METHOD_EXIT|[15]|BatchableContextImpl
11:30:00.0 (24938270)|HEAP_ALLOCATE|[EXTERNAL]|Bytes:12
11:30:00.0 (24941080)|HEAP_ALLOCATE|[EXTERNAL]|Bytes:4
11:30:00.0 (24942629)|HEAP_ALLOCATE|[EXTERNAL]|Bytes:4
11:30:00.0 (24945558)|VARIABLE_SCOPE_BEGIN|[31]|this|Database.BatchableContextImpl|true|false
11:30:00.0 (25052357)|VARIABLE_ASSIGNMENT|[31]|this|{}|0x4f671de9
11:30:00.0 (25064191)|VARIABLE_SCOPE_BEGIN|[31]|jobId|Id|false|false
11:30:00.0 (25160490)|VARIABLE_ASSIGNMENT|[31]|jobId|"707Rt00001wUbi5IAC"
11:30:00.0 (25164612)|VARIABLE_SCOPE_BEGIN|[31]|childJobId|Id|false|false
11:30:00.0 (25174052)|VARIABLE_ASSIGNMENT|[31]|childJobId|"707Rt00001wUSdwIAG"
11:30:00.0 (52821355)|HEAP_ALLOCATE|[EXTERNAL]|Bytes:32
11:30:01.438 (1438210379)|CUMULATIVE_LIMIT_USAGE
11:30:01.438 (1438210379)|LIMIT_USAGE_FOR_NS|(default)|
  Number of SOQL queries: 0 out of 200
  Number of query rows: 0 out of 50000
  Number of SOSL queries: 0 out of 20
  Number of DML statements: 0 out of 150
  Number of Publish Immediate DML: 0 out of 150
  Number of DML rows: 0 out of 10000
  Maximum CPU time: 0 out of 60000
  Maximum heap size: 0 out of 12000000
  Number of callouts: 0 out of 0
  Number of Email Invocations: 0 out of 10
  Number of future calls: 0 out of 0
  Number of queueable jobs added to the queue: 0 out of 1
  Number of Mobile Apex push calls: 0 out of 10

11:30:01.438 (1438210379)|CUMULATIVE_LIMIT_USAGE_END

11:30:01.438 (1438353673)|CODE_UNIT_FINISHED|BatchUpdateCasesEmboce
11:30:01.438 (1438372554)|EXECUTION_FINISHED
