66.0 APEX_CODE,FINEST;APEX_PROFILING,INFO;CALLOUT,INFO;DATA_ACCESS,INFO;DB,INFO;NBA,INFO;SYSTEM,DEBUG;VALIDATION,INFO;VISUALFORCE,INFO;WAVE,INFO;WORKFLOW,INFO
14:37:25.0 (224694)|USER_INFO|[EXTERNAL]|0051N000005gvau|etrevinofalabella@izeicg.com.uat|(GMT-06:00) Central Standard Time (America/Mexico_City)|GMT-06:00
14:37:25.0 (325600)|EXECUTION_STARTED
14:37:25.0 (366525)|CODE_UNIT_STARTED|[EXTERNAL]|apex://AuthenticateCustomerController/ACTION$getCaseRecordTypesByName
14:37:25.0 (1818621)|CODE_UNIT_STARTED|[EXTERNAL]|01p1N00000DazLB|AuthenticateCustomerController.getCaseRecordTypesByName()
14:37:25.0 (1966545)|VARIABLE_SCOPE_BEGIN|[19]|AuthenticateCustomerController.BE|String|false|true
14:37:25.0 (2279338)|HEAP_ALLOCATE|[95]|Bytes:3
14:37:25.0 (2350700)|HEAP_ALLOCATE|[100]|Bytes:152
14:37:25.0 (2365878)|HEAP_ALLOCATE|[417]|Bytes:408
14:37:25.0 (2375918)|HEAP_ALLOCATE|[430]|Bytes:408
14:37:25.0 (2397853)|HEAP_ALLOCATE|[317]|Bytes:6
14:37:25.0 (2409711)|HEAP_ALLOCATE|[EXTERNAL]|Bytes:13
14:37:25.0 (2413131)|HEAP_ALLOCATE|[EXTERNAL]|Bytes:70
14:37:25.0 (2414806)|HEAP_ALLOCATE|[EXTERNAL]|Bytes:88
14:37:25.0 (2417004)|HEAP_ALLOCATE|[EXTERNAL]|Bytes:2
14:37:25.0 (2461806)|VARIABLE_ASSIGNMENT|[EXTERNAL]|AuthenticateCustomerController.BE|"BE"
14:37:25.0 (2471856)|METHOD_ENTRY|[17]|01p1N00000DazLB|AuthenticateCustomerController.AuthenticateCustomerController()
14:37:25.0 (2483953)|STATEMENT_EXECUTE|[17]
14:37:25.0 (2491006)|STATEMENT_EXECUTE|[17]
14:37:25.0 (2519527)|HEAP_ALLOCATE|[68]|Bytes:5
14:37:25.0 (2551163)|HEAP_ALLOCATE|[74]|Bytes:5
14:37:25.0 (2558253)|HEAP_ALLOCATE|[82]|Bytes:7
14:37:25.0 (2626399)|HEAP_ALLOCATE|[EXTERNAL]|Bytes:5
14:37:25.0 (2631722)|STATEMENT_EXECUTE|[21]
14:37:25.0 (2642632)|METHOD_EXIT|[17]|AuthenticateCustomerController
14:37:25.0 (2657749)|HEAP_ALLOCATE|[271]|Bytes:5
14:37:25.0 (2661654)|STATEMENT_EXECUTE|[269]
14:37:25.0 (2663192)|STATEMENT_EXECUTE|[271]
14:37:25.0 (2680733)|HEAP_ALLOCATE|[271]|Bytes:4
14:37:25.0 (2698247)|VARIABLE_SCOPE_BEGIN|[271]|result|Map<String,String>|true|false
14:37:25.0 (2723169)|VARIABLE_ASSIGNMENT|[271]|result|{}|0x14b8bf4d
14:37:25.0 (2728026)|STATEMENT_EXECUTE|[273]
14:37:25.0 (2730028)|HEAP_ALLOCATE|[273]|Bytes:4
14:37:25.0 (2914366)|HEAP_ALLOCATE|[273]|Bytes:4
14:37:25.0 (2927085)|VARIABLE_SCOPE_BEGIN|[273]|d|Schema.DescribeSObjectResult|true|false
14:37:25.0 (3135854)|VARIABLE_ASSIGNMENT|[273]|d|"common.api.soap.wsdl.DescribeSObjectResult@877d8512"|0x4ee1613d
14:37:25.0 (3143792)|STATEMENT_EXECUTE|[274]
14:37:25.0 (4330227)|HEAP_ALLOCATE|[274]|Bytes:412
14:37:25.0 (4349105)|VARIABLE_SCOPE_BEGIN|[274]|rtMapByName|Map<String,Schema.RecordTypeInfo>|true|false
14:37:25.0 (4366835)|VARIABLE_ASSIGNMENT|[274]|rtMapByName|"Map of size 102 too large to display"|0x7c3b92a4
14:37:25.0 (4417438)|HEAP_ALLOCATE|[276]|Bytes:4
14:37:25.0 (4540286)|HEAP_ALLOCATE|[276]|Bytes:2582
14:37:25.0 (4560816)|HEAP_ALLOCATE|[276]|Bytes:408
14:37:25.0 (4603470)|HEAP_ALLOCATE|[276]|Bytes:5
14:37:25.0 (4620233)|VARIABLE_SCOPE_BEGIN|[276]|key|String|false|false
14:37:25.0 (4629164)|VARIABLE_ASSIGNMENT|[276]|key|"APP"
14:37:25.0 (4633548)|STATEMENT_EXECUTE|[276]
14:37:25.0 (4634684)|STATEMENT_EXECUTE|[278]
14:37:25.0 (4672164)|VARIABLE_SCOPE_BEGIN|[278]|info|Schema.RecordTypeInfo|true|false
14:37:25.0 (4792615)|VARIABLE_ASSIGNMENT|[278]|info|"common.api.soap.wsdl.RecordTypeInfo@f219f932"|0x68857cb8
14:37:25.0 (4799405)|STATEMENT_EXECUTE|[279]
14:37:25.0 (4821858)|HEAP_ALLOCATE|[279]|Bytes:4
14:37:25.0 (4862505)|HEAP_ALLOCATE|[EXTERNAL]|Bytes:-4
14:37:25.0 (4873150)|HEAP_ALLOCATE|[276]|Bytes:5
14:37:25.0 (4879509)|VARIABLE_SCOPE_BEGIN|[276]|key|String|false|false
14:37:25.0 (4885590)|VARIABLE_ASSIGNMENT|[276]|key|"Abono de Puntos"
14:37:25.0 (4888270)|STATEMENT_EXECUTE|[276]
14:37:25.0 (4889138)|STATEMENT_EXECUTE|[278]
14:37:25.0 (4896160)|VARIABLE_SCOPE_BEGIN|[278]|info|Schema.RecordTypeInfo|true|false
14:37:25.0 (4941150)|VARIABLE_ASSIGNMENT|[278]|info|"common.api.soap.wsdl.RecordTypeInfo@bae8d6e2"|0x853b8b5
14:37:25.0 (4944790)|STATEMENT_EXECUTE|[279]
14:37:25.0 (4948706)|HEAP_ALLOCATE|[279]|Bytes:4
14:37:25.0 (4956038)|HEAP_ALLOCATE|[EXTERNAL]|Bytes:-4
14:37:25.0 (4961948)|HEAP_ALLOCATE|[276]|Bytes:5
14:37:25.0 (4966460)|VARIABLE_SCOPE_BEGIN|[276]|key|String|false|false
14:37:25.0 (4972465)|VARIABLE_ASSIGNMENT|[276]|key|"Abono de Puntos (Mód (4 more) ..."
14:37:25.0 (4975858)|STATEMENT_EXECUTE|[276]
14:37:25.0 (4976684)|STATEMENT_EXECUTE|[278]
14:37:25.0 (4981540)|VARIABLE_SCOPE_BEGIN|[278]|info|Schema.RecordTypeInfo|true|false
14:37:25.0 (5001988)|VARIABLE_ASSIGNMENT|[278]|info|"common.api.soap.wsdl.RecordTypeInfo@a9df86c5"|0x28dda5a9
14:37:25.0 (5005470)|STATEMENT_EXECUTE|[279]
14:37:25.0 (5007795)|HEAP_ALLOCATE|[279]|Bytes:4
14:37:25.0 (5013234)|HEAP_ALLOCATE|[EXTERNAL]|Bytes:-4
14:37:25.0 (5018463)|HEAP_ALLOCATE|[276]|Bytes:5
14:37:25.0 (5022409)|VARIABLE_SCOPE_BEGIN|[276]|key|String|false|false
14:37:25.0 (5027638)|VARIABLE_ASSIGNMENT|[276]|key|"Activación de NIP"
14:37:25.0 (5029995)|STATEMENT_EXECUTE|[276]
14:37:25.0 (5030844)|STATEMENT_EXECUTE|[278]
14:37:25.0 (5035428)|VARIABLE_SCOPE_BEGIN|[278]|info|Schema.RecordTypeInfo|true|false
14:37:25.0 (5060728)|VARIABLE_ASSIGNMENT|[278]|info|"common.api.soap.wsdl.RecordTypeInfo@5e312afc"|0x45dd1ddb
14:37:25.0 (5063763)|STATEMENT_EXECUTE|[279]
14:37:25.0 (5066337)|HEAP_ALLOCATE|[279]|Bytes:4
14:37:25.0 (5071985)|HEAP_ALLOCATE|[EXTERNAL]|Bytes:-4
14:37:25.0 (5077161)|HEAP_ALLOCATE|[276]|Bytes:5
14:37:25.0 (5081511)|VARIABLE_SCOPE_BEGIN|[276]|key|String|false|false
14:37:25.0 (5086355)|VARIABLE_ASSIGNMENT|[276]|key|"Activación de Tarjet (1 more) ..."
14:37:25.0 (5090080)|STATEMENT_EXECUTE|[276]
14:37:25.0 (5091200)|STATEMENT_EXECUTE|[278]
14:37:25.0 (5097843)|VARIABLE_SCOPE_BEGIN|[278]|info|Schema.RecordTypeInfo|true|false
14:37:25.0 (5151900)|VARIABLE_ASSIGNMENT|[278]|info|"common.api.soap.wsdl.RecordTypeInfo@d9f39a17"|0x67ec964
14:37:25.0 (5156911)|STATEMENT_EXECUTE|[279]
14:37:25.0 (5161244)|HEAP_ALLOCATE|[279]|Bytes:4
14:37:25.0 (5169976)|HEAP_ALLOCATE|[EXTERNAL]|Bytes:-4
14:37:25.0 (5178350)|HEAP_ALLOCATE|[276]|Bytes:5
14:37:25.0 (5185735)|VARIABLE_SCOPE_BEGIN|[276]|key|String|false|false
14:37:25.0 (5191915)|VARIABLE_ASSIGNMENT|[276]|key|"Actualización Buró"
14:37:25.0 (5195390)|STATEMENT_EXECUTE|[276]
14:37:25.0 (5196481)|STATEMENT_EXECUTE|[278]
14:37:25.0 (5203373)|VARIABLE_SCOPE_BEGIN|[278]|info|Schema.RecordTypeInfo|true|false
14:37:25.0 (5231708)|VARIABLE_ASSIGNMENT|[278]|info|"common.api.soap.wsdl.RecordTypeInfo@7b9f67bd"|0x137d5f0e
14:37:25.0 (5235883)|STATEMENT_EXECUTE|[279]
14:37:25.0 (5240099)|HEAP_ALLOCATE|[279]|Bytes:4
14:37:25.0 (5249242)|HEAP_ALLOCATE|[EXTERNAL]|Bytes:-4
14:37:25.0 (5257025)|HEAP_ALLOCATE|[276]|Bytes:5
14:37:25.0 (5262601)|VARIABLE_SCOPE_BEGIN|[276]|key|String|false|false
14:37:25.0 (5269593)|VARIABLE_ASSIGNMENT|[276]|key|"Actualización Correo (9 more) ..."
14:37:25.0 (5273011)|STATEMENT_EXECUTE|[276]
14:37:25.0 (5274590)|STATEMENT_EXECUTE|[278]
14:37:25.0 (5280985)|VARIABLE_SCOPE_BEGIN|[278]|info|Schema.RecordTypeInfo|true|false
14:37:25.0 (5307858)|VARIABLE_ASSIGNMENT|[278]|info|"common.api.soap.wsdl.RecordTypeInfo@aeecf39c"|0x56484025
14:37:25.0 (5312249)|STATEMENT_EXECUTE|[279]
14:37:25.0 (5316440)|HEAP_ALLOCATE|[279]|Bytes:4
14:37:25.0 (5324486)|HEAP_ALLOCATE|[EXTERNAL]|Bytes:-4
14:37:25.0 (5332178)|HEAP_ALLOCATE|[276]|Bytes:5
14:37:25.0 (5338973)|VARIABLE_SCOPE_BEGIN|[276]|key|String|false|false
14:37:25.0 (5346911)|VARIABLE_ASSIGNMENT|[276]|key|"Actualización Domici (12 more) ..."
14:37:25.0 (5350468)|STATEMENT_EXECUTE|[276]
14:37:25.0 (5351652)|STATEMENT_EXECUTE|[278]
14:37:25.0 (5357868)|VARIABLE_SCOPE_BEGIN|[278]|info|Schema.RecordTypeInfo|true|false
14:37:25.0 (5387230)|VARIABLE_ASSIGNMENT|[278]|info|"common.api.soap.wsdl.RecordTypeInfo@d5441330"|0x7bd6acf2
14:37:25.0 (5394147)|STATEMENT_EXECUTE|[279]
14:37:25.0 (5398137)|HEAP_ALLOCATE|[279]|Bytes:4
14:37:25.0 (5408171)|HEAP_ALLOCATE|[EXTERNAL]|Bytes:-4
14:37:25.0 (5417963)|HEAP_ALLOCATE|[276]|Bytes:5
14:37:25.0 (5425158)|VARIABLE_SCOPE_BEGIN|[276]|key|String|false|false
14:37:25.0 (5433604)|VARIABLE_ASSIGNMENT|[276]|key|"Actualización Nom, R (6 more) ..."
14:37:25.0 (5437703)|STATEMENT_EXECUTE|[276]
14:37:25.0 (5439102)|STATEMENT_EXECUTE|[278]
14:37:25.0 (5446933)|VARIABLE_SCOPE_BEGIN|[278]|info|Schema.RecordTypeInfo|true|false
14:37:25.0 (5484137)|VARIABLE_ASSIGNMENT|[278]|info|"common.api.soap.wsdl.RecordTypeInfo@56e7171e"|0xb937f05
14:37:25.0 (5488938)|STATEMENT_EXECUTE|[279]
14:37:25.0 (5493006)|HEAP_ALLOCATE|[279]|Bytes:4
14:37:25.0 (5503151)|HEAP_ALLOCATE|[EXTERNAL]|Bytes:-4
14:37:25.0 (5512660)|HEAP_ALLOCATE|[276]|Bytes:5
14:37:25.0 (5521429)|VARIABLE_SCOPE_BEGIN|[276]|key|String|false|false
14:37:25.0 (5528055)|VARIABLE_ASSIGNMENT|[276]|key|"Actualización SORIBA (1 more) ..."
14:37:25.0 (5531310)|STATEMENT_EXECUTE|[276]
14:37:25.0 (5532341)|STATEMENT_EXECUTE|[278]
14:37:25.0 (5538618)|VARIABLE_SCOPE_BEGIN|[278]|info|Schema.RecordTypeInfo|true|false
14:37:25.0 (5578170)|VARIABLE_ASSIGNMENT|[278]|info|"common.api.soap.wsdl.RecordTypeInfo@1da61f93"|0x72efd456
14:37:25.0 (5582876)|STATEMENT_EXECUTE|[279]
14:37:25.0 (5587373)|HEAP_ALLOCATE|[279]|Bytes:4
14:37:25.0 (5598470)|HEAP_ALLOCATE|[EXTERNAL]|Bytes:-4
14:37:25.0 (5608659)|HEAP_ALLOCATE|[276]|Bytes:5
14:37:25.0 (5615590)|VARIABLE_SCOPE_BEGIN|[276]|key|String|false|false
14:37:25.0 (5622806)|VARIABLE_ASSIGNMENT|[276]|key|"Actualización de CUR (1 more) ..."
14:37:25.0 (5626036)|STATEMENT_EXECUTE|[276]
14:37:25.0 (5627212)|STATEMENT_EXECUTE|[278]
14:37:25.0 (5634335)|VARIABLE_SCOPE_BEGIN|[278]|info|Schema.RecordTypeInfo|true|false
14:37:25.0 (5662130)|VARIABLE_ASSIGNMENT|[278]|info|"common.api.soap.wsdl.RecordTypeInfo@ad5dbd7c"|0x6632eb46
14:37:25.0 (5666560)|STATEMENT_EXECUTE|[279]
14:37:25.0 (5669882)|HEAP_ALLOCATE|[279]|Bytes:4
14:37:25.0 (5677695)|HEAP_ALLOCATE|[EXTERNAL]|Bytes:-4
14:37:25.0 (5684998)|HEAP_ALLOCATE|[276]|Bytes:5
14:37:25.0 (5690595)|VARIABLE_SCOPE_BEGIN|[276]|key|String|false|false
14:37:25.0 (5696941)|VARIABLE_ASSIGNMENT|[276]|key|"Actualización de Cel (5 more) ..."
14:37:25.0 (5700354)|STATEMENT_EXECUTE|[276]
14:37:25.0 (5701637)|STATEMENT_EXECUTE|[278]
14:37:25.0 (5708101)|VARIABLE_SCOPE_BEGIN|[278]|info|Schema.RecordTypeInfo|true|false
14:37:25.0 (5734584)|VARIABLE_ASSIGNMENT|[278]|info|"common.api.soap.wsdl.RecordTypeInfo@76d75e63"|0x284d6a4e
14:37:25.0 (5738686)|STATEMENT_EXECUTE|[279]
14:37:25.0 (5742030)|HEAP_ALLOCATE|[279]|Bytes:4
14:37:25.0 (5750940)|HEAP_ALLOCATE|[EXTERNAL]|Bytes:-4
14:37:25.0 (5758173)|HEAP_ALLOCATE|[276]|Bytes:5
14:37:25.0 (5763667)|VARIABLE_SCOPE_BEGIN|[276]|key|String|false|false
14:37:25.0 (5770540)|VARIABLE_ASSIGNMENT|[276]|key|"Actualización de Cel (4 more) ..."
14:37:25.0 (5773563)|STATEMENT_EXECUTE|[276]
14:37:25.0 (5774789)|STATEMENT_EXECUTE|[278]
14:37:25.0 (5781013)|VARIABLE_SCOPE_BEGIN|[278]|info|Schema.RecordTypeInfo|true|false
14:37:25.0 (5807318)|VARIABLE_ASSIGNMENT|[278]|info|"common.api.soap.wsdl.RecordTypeInfo@64a8cf3b"|0x38b64315
14:37:25.0 (5811495)|STATEMENT_EXECUTE|[279]
14:37:25.0 (5814513)|HEAP_ALLOCATE|[279]|Bytes:4
14:37:25.0 (5823673)|HEAP_ALLOCATE|[EXTERNAL]|Bytes:-4
14:37:25.0 (5830829)|HEAP_ALLOCATE|[276]|Bytes:5
14:37:25.0 (5836625)|VARIABLE_SCOPE_BEGIN|[276]|key|String|false|false
14:37:25.0 (5843372)|VARIABLE_ASSIGNMENT|[276]|key|"Actualización de Cor (3 more) ..."
14:37:25.0 (5846385)|STATEMENT_EXECUTE|[276]
14:37:25.0 (5847471)|STATEMENT_EXECUTE|[278]
14:37:25.0 (5854065)|VARIABLE_SCOPE_BEGIN|[278]|info|Schema.RecordTypeInfo|true|false
14:37:25.0 (5880516)|VARIABLE_ASSIGNMENT|[278]|info|"common.api.soap.wsdl.RecordTypeInfo@66178782"|0x34776d31
14:37:25.0 (5884190)|STATEMENT_EXECUTE|[279]
14:37:25.0 (5887321)|HEAP_ALLOCATE|[279]|Bytes:4
14:37:25.0 (5894845)|HEAP_ALLOCATE|[EXTERNAL]|Bytes:-4
14:37:25.0 (5901575)|HEAP_ALLOCATE|[276]|Bytes:5
14:37:25.0 (5907868)|VARIABLE_SCOPE_BEGIN|[276]|key|String|false|false
14:37:25.0 (5914306)|VARIABLE_ASSIGNMENT|[276]|key|"Actualización de Dom (6 more) ..."
14:37:25.0 (5917235)|STATEMENT_EXECUTE|[276]
14:37:25.0 (5918265)|STATEMENT_EXECUTE|[278]
14:37:25.0 (5924234)|VARIABLE_SCOPE_BEGIN|[278]|info|Schema.RecordTypeInfo|true|false
14:37:25.0 (5949875)|VARIABLE_ASSIGNMENT|[278]|info|"common.api.soap.wsdl.RecordTypeInfo@19cbc967"|0x45eec822
14:37:25.0 (5953580)|STATEMENT_EXECUTE|[279]
14:37:25.0 (5956594)|HEAP_ALLOCATE|[279]|Bytes:4
14:37:25.0 (5963596)|HEAP_ALLOCATE|[EXTERNAL]|Bytes:-4
14:37:25.0 (5970716)|HEAP_ALLOCATE|[276]|Bytes:5
14:37:25.0 (5976958)|VARIABLE_SCOPE_BEGIN|[276]|key|String|false|false
14:37:25.0 (5983771)|VARIABLE_ASSIGNMENT|[276]|key|"Actualización de Tel (10 more) ..."
14:37:25.0 (5987023)|STATEMENT_EXECUTE|[276]
14:37:25.0 (5988306)|STATEMENT_EXECUTE|[278]
14:37:25.0 (5994260)|VARIABLE_SCOPE_BEGIN|[278]|info|Schema.RecordTypeInfo|true|false
14:37:25.0 (6030518)|VARIABLE_ASSIGNMENT|[278]|info|"common.api.soap.wsdl.RecordTypeInfo@767cd3c0"|0x632c5cb
14:37:25.0 (6035625)|STATEMENT_EXECUTE|[279]
14:37:25.0 (6039296)|HEAP_ALLOCATE|[279]|Bytes:4
14:37:25.0 (6047821)|HEAP_ALLOCATE|[EXTERNAL]|Bytes:-4
14:37:25.0 (6055460)|HEAP_ALLOCATE|[276]|Bytes:5
14:37:25.0 (6061388)|VARIABLE_SCOPE_BEGIN|[276]|key|String|false|false
14:37:25.0 (6067411)|VARIABLE_ASSIGNMENT|[276]|key|"Alta Cliente"
14:37:25.0 (6070290)|STATEMENT_EXECUTE|[276]
14:37:25.0 (6071493)|STATEMENT_EXECUTE|[278]
14:37:25.0 (6077397)|VARIABLE_SCOPE_BEGIN|[278]|info|Schema.RecordTypeInfo|true|false
14:37:25.0 (6105208)|VARIABLE_ASSIGNMENT|[278]|info|"common.api.soap.wsdl.RecordTypeInfo@80a41a04"|0xc1690f3
14:37:25.0 (6110056)|STATEMENT_EXECUTE|[279]
14:37:25.0 (6113059)|HEAP_ALLOCATE|[279]|Bytes:4
14:37:25.0 (6120394)|HEAP_ALLOCATE|[EXTERNAL]|Bytes:-4
14:37:25.0 (6127874)|HEAP_ALLOCATE|[276]|Bytes:5
14:37:25.0 (6134007)|VARIABLE_SCOPE_BEGIN|[276]|key|String|false|false
14:37:25.0 (6166934)|VARIABLE_ASSIGNMENT|[276]|key|"Audiencia CONDUSEF"
14:37:25.0 (6171114)|STATEMENT_EXECUTE|[276]
14:37:25.0 (6172257)|STATEMENT_EXECUTE|[278]
14:37:25.0 (6185247)|VARIABLE_SCOPE_BEGIN|[278]|info|Schema.RecordTypeInfo|true|false
14:37:25.0 (6220571)|VARIABLE_ASSIGNMENT|[278]|info|"common.api.soap.wsdl.RecordTypeInfo@ee8898d7"|0x3076aa5
14:37:25.0 (6224675)|STATEMENT_EXECUTE|[279]
14:37:25.0 (6228161)|HEAP_ALLOCATE|[279]|Bytes:4
14:37:25.0 (6236331)|HEAP_ALLOCATE|[EXTERNAL]|Bytes:-4
14:37:25.0 (6244474)|HEAP_ALLOCATE|[276]|Bytes:5
14:37:25.0 (6250176)|VARIABLE_SCOPE_BEGIN|[276]|key|String|false|false
14:37:25.0 (6257589)|VARIABLE_ASSIGNMENT|[276]|key|"Aumento de Línea de  (7 more) ..."
14:37:25.0 (6261234)|STATEMENT_EXECUTE|[276]
14:37:25.0 (6262316)|STATEMENT_EXECUTE|[278]
14:37:25.0 (6268789)|VARIABLE_SCOPE_BEGIN|[278]|info|Schema.RecordTypeInfo|true|false
14:37:25.0 (6295466)|VARIABLE_ASSIGNMENT|[278]|info|"common.api.soap.wsdl.RecordTypeInfo@b67992fe"|0x309b1d3f
14:37:25.0 (6299724)|STATEMENT_EXECUTE|[279]
14:37:25.0 (6302917)|HEAP_ALLOCATE|[279]|Bytes:4
14:37:25.0 (6310922)|HEAP_ALLOCATE|[EXTERNAL]|Bytes:-4
14:37:25.0 (6369226)|HEAP_ALLOCATE|[276]|Bytes:5
14:37:25.0 (6377426)|VARIABLE_SCOPE_BEGIN|[276]|key|String|false|false
14:37:25.0 (6384559)|VARIABLE_ASSIGNMENT|[276]|key|"BackOffice Figital"
14:37:25.0 (6387796)|STATEMENT_EXECUTE|[276]
14:37:25.0 (6388955)|STATEMENT_EXECUTE|[278]
14:37:25.0 (6395569)|VARIABLE_SCOPE_BEGIN|[278]|info|Schema.RecordTypeInfo|true|false
14:37:25.0 (6454740)|VARIABLE_ASSIGNMENT|[278]|info|"common.api.soap.wsdl.RecordTypeInfo@e1ed000"|0x20979a7a
14:37:25.0 (6459794)|STATEMENT_EXECUTE|[279]
14:37:25.0 (6464147)|HEAP_ALLOCATE|[279]|Bytes:4
14:37:25.0 (6473772)|HEAP_ALLOCATE|[EXTERNAL]|Bytes:-4
14:37:25.0 (6481766)|HEAP_ALLOCATE|[276]|Bytes:5
14:37:25.0 (6488317)|VARIABLE_SCOPE_BEGIN|[276]|key|String|false|false
14:37:25.0 (6495181)|VARIABLE_ASSIGNMENT|[276]|key|"BackOffice Fraudes"
14:37:25.0 (6498236)|STATEMENT_EXECUTE|[276]
14:37:25.0 (6499474)|STATEMENT_EXECUTE|[278]
14:37:25.0 (6505981)|VARIABLE_SCOPE_BEGIN|[278]|info|Schema.RecordTypeInfo|true|false
14:37:25.0 (6532587)|VARIABLE_ASSIGNMENT|[278]|info|"common.api.soap.wsdl.RecordTypeInfo@a750b4b9"|0x18be0793
14:37:25.0 (6536800)|STATEMENT_EXECUTE|[279]
14:37:25.0 (6540096)|HEAP_ALLOCATE|[279]|Bytes:4
14:37:25.0 (6548199)|HEAP_ALLOCATE|[EXTERNAL]|Bytes:-4
14:37:25.0 (6555291)|HEAP_ALLOCATE|[276]|Bytes:5
14:37:25.0 (6561211)|VARIABLE_SCOPE_BEGIN|[276]|key|String|false|false
14:37:25.0 (6567240)|VARIABLE_ASSIGNMENT|[276]|key|"Bloqueo Seguridad"
14:37:25.0 (6569789)|STATEMENT_EXECUTE|[276]
14:37:25.0 (6570807)|STATEMENT_EXECUTE|[278]
14:37:25.0 (6576861)|VARIABLE_SCOPE_BEGIN|[278]|info|Schema.RecordTypeInfo|true|false
14:37:25.0 (6602591)|VARIABLE_ASSIGNMENT|[278]|info|"common.api.soap.wsdl.RecordTypeInfo@1ad47a66"|0x20d40463
14:37:25.0 (6606268)|STATEMENT_EXECUTE|[279]
14:37:25.0 (6609262)|HEAP_ALLOCATE|[279]|Bytes:4
14:37:25.0 (6616855)|HEAP_ALLOCATE|[EXTERNAL]|Bytes:-4
14:37:25.0 (6623999)|HEAP_ALLOCATE|[276]|Bytes:5
14:37:25.0 (6629594)|VARIABLE_SCOPE_BEGIN|[276]|key|String|false|false
14:37:25.0 (6635904)|VARIABLE_ASSIGNMENT|[276]|key|"CVV Dinámico"
14:37:25.0 (6639036)|STATEMENT_EXECUTE|[276]
14:37:25.0 (6640089)|STATEMENT_EXECUTE|[278]
14:37:25.0 (6646146)|VARIABLE_SCOPE_BEGIN|[278]|info|Schema.RecordTypeInfo|true|false
14:37:25.0 (6698456)|VARIABLE_ASSIGNMENT|[278]|info|"common.api.soap.wsdl.RecordTypeInfo@5ce747f8"|0x484e87a3
14:37:25.0 (6702794)|STATEMENT_EXECUTE|[279]
14:37:25.0 (6707010)|HEAP_ALLOCATE|[279]|Bytes:4
14:37:25.0 (6716517)|HEAP_ALLOCATE|[EXTERNAL]|Bytes:-4
14:37:25.0 (6724180)|HEAP_ALLOCATE|[276]|Bytes:5
14:37:25.0 (6730188)|VARIABLE_SCOPE_BEGIN|[276]|key|String|false|false
14:37:25.0 (6737284)|VARIABLE_ASSIGNMENT|[276]|key|"Cambio de MC a Priva (2 more) ..."
14:37:25.0 (6740468)|STATEMENT_EXECUTE|[276]
14:37:25.0 (6741506)|STATEMENT_EXECUTE|[278]
14:37:25.0 (6747724)|VARIABLE_SCOPE_BEGIN|[278]|info|Schema.RecordTypeInfo|true|false
14:37:25.0 (6774548)|VARIABLE_ASSIGNMENT|[278]|info|"common.api.soap.wsdl.RecordTypeInfo@a6d8a80b"|0x5496809a
14:37:25.0 (6778622)|STATEMENT_EXECUTE|[279]
14:37:25.0 (6781582)|HEAP_ALLOCATE|[279]|Bytes:4
14:37:25.0 (6789881)|HEAP_ALLOCATE|[EXTERNAL]|Bytes:-4
14:37:25.0 (6796789)|HEAP_ALLOCATE|[276]|Bytes:5
14:37:25.0 (6802881)|VARIABLE_SCOPE_BEGIN|[276]|key|String|false|false
14:37:25.0 (6809698)|VARIABLE_ASSIGNMENT|[276]|key|"Cambio de Medio Enví (1 more) ..."
14:37:25.0 (6812861)|STATEMENT_EXECUTE|[276]
14:37:25.0 (6814032)|STATEMENT_EXECUTE|[278]
14:37:25.0 (6820827)|VARIABLE_SCOPE_BEGIN|[278]|info|Schema.RecordTypeInfo|true|false
14:37:25.0 (6848229)|VARIABLE_ASSIGNMENT|[278]|info|"common.api.soap.wsdl.RecordTypeInfo@be215376"|0x3c7c8704
14:37:25.0 (6852264)|STATEMENT_EXECUTE|[279]
14:37:25.0 (6856114)|HEAP_ALLOCATE|[279]|Bytes:4
14:37:25.0 (6867804)|HEAP_ALLOCATE|[EXTERNAL]|Bytes:-4
14:37:25.0 (6875763)|HEAP_ALLOCATE|[276]|Bytes:5
14:37:25.0 (6881476)|VARIABLE_SCOPE_BEGIN|[276]|key|String|false|false
14:37:25.0 (6888211)|VARIABLE_ASSIGNMENT|[276]|key|"Campañas Outbound"
14:37:25.0 (6891692)|STATEMENT_EXECUTE|[276]
14:37:25.0 (6892849)|STATEMENT_EXECUTE|[278]
14:37:25.0 (6898826)|VARIABLE_SCOPE_BEGIN|[278]|info|Schema.RecordTypeInfo|true|false
14:37:25.0 (6925615)|VARIABLE_ASSIGNMENT|[278]|info|"common.api.soap.wsdl.RecordTypeInfo@6d4e485f"|0x3c8b7bf4
14:37:25.0 (6930359)|STATEMENT_EXECUTE|[279]
14:37:25.0 (6933681)|HEAP_ALLOCATE|[279]|Bytes:4
14:37:25.0 (6941857)|HEAP_ALLOCATE|[EXTERNAL]|Bytes:-4
14:37:25.0 (6949274)|HEAP_ALLOCATE|[276]|Bytes:5
14:37:25.0 (6955301)|VARIABLE_SCOPE_BEGIN|[276]|key|String|false|false
14:37:25.0 (6962721)|VARIABLE_ASSIGNMENT|[276]|key|"Campos Regulatorios"
14:37:25.0 (6965631)|STATEMENT_EXECUTE|[276]
14:37:25.0 (6966686)|STATEMENT_EXECUTE|[278]
14:37:25.0 (6972270)|VARIABLE_SCOPE_BEGIN|[278]|info|Schema.RecordTypeInfo|true|false
14:37:25.0 (6998430)|VARIABLE_ASSIGNMENT|[278]|info|"common.api.soap.wsdl.RecordTypeInfo@36673986"|0xc48059
14:37:25.0 (7002431)|STATEMENT_EXECUTE|[279]
14:37:25.0 (7006900)|HEAP_ALLOCATE|[279]|Bytes:4
14:37:25.0 (7015541)|HEAP_ALLOCATE|[EXTERNAL]|Bytes:-4
14:37:25.0 (7023100)|HEAP_ALLOCATE|[276]|Bytes:5
14:37:25.0 (7029264)|VARIABLE_SCOPE_BEGIN|[276]|key|String|false|false
14:37:25.0 (7037140)|VARIABLE_ASSIGNMENT|[276]|key|"Cancelación Adiciona (1 more) ..."
14:37:25.0 (7040651)|STATEMENT_EXECUTE|[276]
14:37:25.0 (7041905)|STATEMENT_EXECUTE|[278]
14:37:25.0 (7048492)|VARIABLE_SCOPE_BEGIN|[278]|info|Schema.RecordTypeInfo|true|false
14:37:25.0 (7077204)|VARIABLE_ASSIGNMENT|[278]|info|"common.api.soap.wsdl.RecordTypeInfo@a287f482"|0x6036528b
14:37:25.0 (7081542)|STATEMENT_EXECUTE|[279]
14:37:25.0 (7085176)|HEAP_ALLOCATE|[279]|Bytes:4
14:37:25.0 (7093418)|HEAP_ALLOCATE|[EXTERNAL]|Bytes:-4
14:37:25.0 (7101216)|HEAP_ALLOCATE|[276]|Bytes:5
14:37:25.0 (7107214)|VARIABLE_SCOPE_BEGIN|[276]|key|String|false|false
14:37:25.0 (7115055)|VARIABLE_ASSIGNMENT|[276]|key|"Cancelación de Adici (13 more) ..."
14:37:25.0 (7118462)|STATEMENT_EXECUTE|[276]
14:37:25.0 (7119626)|STATEMENT_EXECUTE|[278]
14:37:25.0 (7125387)|VARIABLE_SCOPE_BEGIN|[278]|info|Schema.RecordTypeInfo|true|false
14:37:25.0 (7151814)|VARIABLE_ASSIGNMENT|[278]|info|"common.api.soap.wsdl.RecordTypeInfo@9677e4f6"|0x382aad2e
14:37:25.0 (7156266)|STATEMENT_EXECUTE|[279]
14:37:25.0 (7159419)|HEAP_ALLOCATE|[279]|Bytes:4
14:37:25.0 (7167561)|HEAP_ALLOCATE|[EXTERNAL]|Bytes:-4
14:37:25.0 (7175006)|HEAP_ALLOCATE|[276]|Bytes:5
14:37:25.0 (7181027)|VARIABLE_SCOPE_BEGIN|[276]|key|String|false|false
14:37:25.0 (7188368)|VARIABLE_ASSIGNMENT|[276]|key|"Cancelación de Tarje (20 more) ..."
14:37:25.0 (7191949)|STATEMENT_EXECUTE|[276]
14:37:25.0 (7193089)|STATEMENT_EXECUTE|[278]
14:37:25.0 (7198879)|VARIABLE_SCOPE_BEGIN|[278]|info|Schema.RecordTypeInfo|true|false
14:37:25.0 (7226511)|VARIABLE_ASSIGNMENT|[278]|info|"common.api.soap.wsdl.RecordTypeInfo@41ee2a4a"|0x5f993504
14:37:25.0 (7231266)|STATEMENT_EXECUTE|[279]
14:37:25.0 (7235054)|HEAP_ALLOCATE|[279]|Bytes:4
14:37:25.0 (7244085)|HEAP_ALLOCATE|[EXTERNAL]|Bytes:-4
14:37:25.0 (7252786)|HEAP_ALLOCATE|[276]|Bytes:5
14:37:25.0 (7272283)|VARIABLE_SCOPE_BEGIN|[276]|key|String|false|false
14:37:25.0 (7279961)|VARIABLE_ASSIGNMENT|[276]|key|"Cancelación de Titul (2 more) ..."
14:37:25.0 (7283571)|STATEMENT_EXECUTE|[276]
14:37:25.0 (7284816)|STATEMENT_EXECUTE|[278]
14:37:25.0 (7291718)|VARIABLE_SCOPE_BEGIN|[278]|info|Schema.RecordTypeInfo|true|false
14:37:25.0 (7325652)|VARIABLE_ASSIGNMENT|[278]|info|"common.api.soap.wsdl.RecordTypeInfo@f3aa61a5"|0x7bfbb0e6
14:37:25.0 (7330386)|STATEMENT_EXECUTE|[279]
14:37:25.0 (7334387)|HEAP_ALLOCATE|[279]|Bytes:4
14:37:25.0 (7342977)|HEAP_ALLOCATE|[EXTERNAL]|Bytes:-4
14:37:25.0 (7351202)|HEAP_ALLOCATE|[276]|Bytes:5
14:37:25.0 (7357302)|VARIABLE_SCOPE_BEGIN|[276]|key|String|false|false
14:37:25.0 (7364979)|VARIABLE_ASSIGNMENT|[276]|key|"Cancelación por fall (30 more) ..."
14:37:25.0 (7368553)|STATEMENT_EXECUTE|[276]
14:37:25.0 (7369749)|STATEMENT_EXECUTE|[278]
14:37:25.0 (7376200)|VARIABLE_SCOPE_BEGIN|[278]|info|Schema.RecordTypeInfo|true|false
14:37:25.0 (7407821)|VARIABLE_ASSIGNMENT|[278]|info|"common.api.soap.wsdl.RecordTypeInfo@c2aa1923"|0x290b0718
14:37:25.0 (7411990)|STATEMENT_EXECUTE|[279]
14:37:25.0 (7415704)|HEAP_ALLOCATE|[279]|Bytes:4
14:37:25.0 (7423683)|HEAP_ALLOCATE|[EXTERNAL]|Bytes:-4
14:37:25.0 (7431107)|HEAP_ALLOCATE|[276]|Bytes:5
14:37:25.0 (7437589)|VARIABLE_SCOPE_BEGIN|[276]|key|String|false|false
14:37:25.0 (7482160)|VARIABLE_ASSIGNMENT|[276]|key|"Cargo No Reconocido  (8 more) ..."
14:37:25.0 (7485564)|STATEMENT_EXECUTE|[276]
14:37:25.0 (7486771)|STATEMENT_EXECUTE|[278]
14:37:25.0 (7494654)|VARIABLE_SCOPE_BEGIN|[278]|info|Schema.RecordTypeInfo|true|false
14:37:25.0 (7528009)|VARIABLE_ASSIGNMENT|[278]|info|"common.api.soap.wsdl.RecordTypeInfo@9d794691"|0x44a58cca
14:37:25.0 (7532828)|STATEMENT_EXECUTE|[279]
14:37:25.0 (7557861)|HEAP_ALLOCATE|[279]|Bytes:4
14:37:25.0 (7568244)|HEAP_ALLOCATE|[EXTERNAL]|Bytes:-4
14:37:25.0 (7607852)|HEAP_ALLOCATE|[276]|Bytes:5
14:37:25.0 (7614745)|VARIABLE_SCOPE_BEGIN|[276]|key|String|false|false
14:37:25.0 (7626116)|VARIABLE_ASSIGNMENT|[276]|key|"Cargo no reconocido"
14:37:25.0 (7629249)|STATEMENT_EXECUTE|[276]
14:37:25.0 (7630421)|STATEMENT_EXECUTE|[278]
14:37:25.0 (7637166)|VARIABLE_SCOPE_BEGIN|[278]|info|Schema.RecordTypeInfo|true|false
14:37:25.0 (7669442)|VARIABLE_ASSIGNMENT|[278]|info|"common.api.soap.wsdl.RecordTypeInfo@18d8e370"|0x5202a04f
14:37:25.0 (7674022)|STATEMENT_EXECUTE|[279]
14:37:25.0 (7677982)|HEAP_ALLOCATE|[279]|Bytes:4
14:37:25.0 (7686511)|HEAP_ALLOCATE|[EXTERNAL]|Bytes:-4
14:37:25.0 (7714154)|HEAP_ALLOCATE|[276]|Bytes:5
14:37:25.0 (7720848)|VARIABLE_SCOPE_BEGIN|[276]|key|String|false|false
14:37:25.0 (7727777)|VARIABLE_ASSIGNMENT|[276]|key|"Carta Finiquito"
14:37:25.0 (7730480)|STATEMENT_EXECUTE|[276]
14:37:25.0 (7732140)|STATEMENT_EXECUTE|[278]
14:37:25.0 (7738633)|VARIABLE_SCOPE_BEGIN|[278]|info|Schema.RecordTypeInfo|true|false
14:37:25.0 (7768502)|VARIABLE_ASSIGNMENT|[278]|info|"common.api.soap.wsdl.RecordTypeInfo@b7d2cccc"|0x74584669
14:37:25.0 (7773388)|STATEMENT_EXECUTE|[279]
14:37:25.0 (7777367)|HEAP_ALLOCATE|[279]|Bytes:4
14:37:25.0 (7786585)|HEAP_ALLOCATE|[EXTERNAL]|Bytes:-4
14:37:25.0 (7794445)|HEAP_ALLOCATE|[276]|Bytes:5
14:37:25.0 (7800702)|VARIABLE_SCOPE_BEGIN|[276]|key|String|false|false
14:37:25.0 (7807370)|VARIABLE_ASSIGNMENT|[276]|key|"Cliente en Mora Grav (1 more) ..."
14:37:25.0 (7810662)|STATEMENT_EXECUTE|[276]
14:37:25.0 (7811850)|STATEMENT_EXECUTE|[278]
14:37:25.0 (7818434)|VARIABLE_SCOPE_BEGIN|[278]|info|Schema.RecordTypeInfo|true|false
14:37:25.0 (7847514)|VARIABLE_ASSIGNMENT|[278]|info|"common.api.soap.wsdl.RecordTypeInfo@85d25fd8"|0x59aac3d
14:37:25.0 (7852302)|STATEMENT_EXECUTE|[279]
14:37:25.0 (7856000)|HEAP_ALLOCATE|[279]|Bytes:4
14:37:25.0 (7865206)|HEAP_ALLOCATE|[EXTERNAL]|Bytes:-4
14:37:25.0 (7872120)|HEAP_ALLOCATE|[276]|Bytes:5
14:37:25.0 (7877706)|VARIABLE_SCOPE_BEGIN|[276]|key|String|false|false
14:37:25.0 (7884865)|VARIABLE_ASSIGNMENT|[276]|key|"Cobro a Persona Equi (6 more) ..."
14:37:25.0 (7887874)|STATEMENT_EXECUTE|[276]
14:37:25.0 (7889296)|STATEMENT_EXECUTE|[278]
14:37:25.0 (7895577)|VARIABLE_SCOPE_BEGIN|[278]|info|Schema.RecordTypeInfo|true|false
14:37:25.0 (7922884)|VARIABLE_ASSIGNMENT|[278]|info|"common.api.soap.wsdl.RecordTypeInfo@2a2b8d4f"|0x6d31b398
14:37:25.0 (7926745)|STATEMENT_EXECUTE|[279]
14:37:25.0 (7930317)|HEAP_ALLOCATE|[279]|Bytes:4
14:37:25.0 (7937771)|HEAP_ALLOCATE|[EXTERNAL]|Bytes:-4
14:37:25.0 (7946557)|HEAP_ALLOCATE|[276]|Bytes:5
14:37:25.0 (7953562)|VARIABLE_SCOPE_BEGIN|[276]|key|String|false|false
14:37:25.0 (7960226)|VARIABLE_ASSIGNMENT|[276]|key|"Compra no diferida"
14:37:25.0 (7963071)|STATEMENT_EXECUTE|[276]
14:37:25.0 (7964362)|STATEMENT_EXECUTE|[278]
14:37:25.0 (7970582)|VARIABLE_SCOPE_BEGIN|[278]|info|Schema.RecordTypeInfo|true|false
14:37:25.0 (7996103)|VARIABLE_ASSIGNMENT|[278]|info|"common.api.soap.wsdl.RecordTypeInfo@2b1f53cf"|0x2af666a9
14:37:25.0 (7999925)|STATEMENT_EXECUTE|[279]
14:37:25.0 (8002978)|HEAP_ALLOCATE|[279]|Bytes:4
14:37:25.0 (8012243)|HEAP_ALLOCATE|[EXTERNAL]|Bytes:-4
14:37:25.0 (8020768)|HEAP_ALLOCATE|[276]|Bytes:5
14:37:25.0 (8028055)|VARIABLE_SCOPE_BEGIN|[276]|key|String|false|false
14:37:25.0 (8036162)|VARIABLE_ASSIGNMENT|[276]|key|"Compra no diferida ( (7 more) ..."
14:37:25.0 (8039337)|STATEMENT_EXECUTE|[276]
14:37:25.0 (8040640)|STATEMENT_EXECUTE|[278]
14:37:25.0 (8047397)|VARIABLE_SCOPE_BEGIN|[278]|info|Schema.RecordTypeInfo|true|false
14:37:25.0 (8075856)|VARIABLE_ASSIGNMENT|[278]|info|"common.api.soap.wsdl.RecordTypeInfo@b545a3a2"|0x1cab1690
14:37:25.0 (8080217)|STATEMENT_EXECUTE|[279]
14:37:25.0 (8084053)|HEAP_ALLOCATE|[279]|Bytes:4
14:37:25.0 (8091991)|HEAP_ALLOCATE|[EXTERNAL]|Bytes:-4
14:37:25.0 (8099670)|HEAP_ALLOCATE|[276]|Bytes:5
14:37:25.0 (8105851)|VARIABLE_SCOPE_BEGIN|[276]|key|String|false|false
14:37:25.0 (8112604)|VARIABLE_ASSIGNMENT|[276]|key|"Condonación"
14:37:25.0 (8116688)|STATEMENT_EXECUTE|[276]
14:37:25.0 (8118024)|STATEMENT_EXECUTE|[278]
14:37:25.0 (8124095)|VARIABLE_SCOPE_BEGIN|[278]|info|Schema.RecordTypeInfo|true|false
14:37:25.0 (8152319)|VARIABLE_ASSIGNMENT|[278]|info|"common.api.soap.wsdl.RecordTypeInfo@bf74e2cb"|0x4c80ba7c
14:37:25.0 (8156620)|STATEMENT_EXECUTE|[279]
14:37:25.0 (8160169)|HEAP_ALLOCATE|[279]|Bytes:4
14:37:25.0 (8169023)|HEAP_ALLOCATE|[EXTERNAL]|Bytes:-4
14:37:25.0 (8176692)|HEAP_ALLOCATE|[276]|Bytes:5
14:37:25.0 (8183050)|VARIABLE_SCOPE_BEGIN|[276]|key|String|false|false
14:37:25.0 (8201285)|VARIABLE_ASSIGNMENT|[276]|key|"Consulta Fecha Corte (18 more) ..."
14:37:25.0 (8204827)|STATEMENT_EXECUTE|[276]
14:37:25.0 (8206392)|STATEMENT_EXECUTE|[278]
14:37:25.0 (8214207)|VARIABLE_SCOPE_BEGIN|[278]|info|Schema.RecordTypeInfo|true|false
14:37:25.0 (8241871)|VARIABLE_ASSIGNMENT|[278]|info|"common.api.soap.wsdl.RecordTypeInfo@edebf001"|0x2ccd6d07
14:37:25.0 (8246267)|STATEMENT_EXECUTE|[279]
14:37:25.0 (8249902)|HEAP_ALLOCATE|[279]|Bytes:4
14:37:25.0 (8259082)|HEAP_ALLOCATE|[EXTERNAL]|Bytes:-4
14:37:25.0 (8267387)|HEAP_ALLOCATE|[276]|Bytes:5
14:37:25.0 (8273360)|VARIABLE_SCOPE_BEGIN|[276]|key|String|false|false
14:37:25.0 (8333495)|VARIABLE_ASSIGNMENT|[276]|key|"Consulta Límite Créd (16 more) ..."
14:37:25.0 (8337887)|STATEMENT_EXECUTE|[276]
14:37:25.0 (8339137)|STATEMENT_EXECUTE|[278]
14:37:25.0 (8346477)|VARIABLE_SCOPE_BEGIN|[278]|info|Schema.RecordTypeInfo|true|false
14:37:25.0 (8383364)|VARIABLE_ASSIGNMENT|[278]|info|"common.api.soap.wsdl.RecordTypeInfo@df78061f"|0x35179519
14:37:25.0 (8387876)|STATEMENT_EXECUTE|[279]
14:37:25.0 (8392107)|HEAP_ALLOCATE|[279]|Bytes:4
14:37:25.0 (8400828)|HEAP_ALLOCATE|[EXTERNAL]|Bytes:-4
14:37:25.0 (8408335)|HEAP_ALLOCATE|[276]|Bytes:5
14:37:25.0 (8414472)|VARIABLE_SCOPE_BEGIN|[276]|key|String|false|false
14:37:25.0 (8421417)|VARIABLE_ASSIGNMENT|[276]|key|"Consulta de Movimien (3 more) ..."
14:37:25.0 (8424319)|STATEMENT_EXECUTE|[276]
14:37:25.0 (8425384)|STATEMENT_EXECUTE|[278]
14:37:25.0 (8453233)|VARIABLE_SCOPE_BEGIN|[278]|info|Schema.RecordTypeInfo|true|false
14:37:25.0 (8483784)|VARIABLE_ASSIGNMENT|[278]|info|"common.api.soap.wsdl.RecordTypeInfo@c09e846b"|0x71cc0abd
14:37:25.0 (8489599)|STATEMENT_EXECUTE|[279]
14:37:25.0 (8493800)|HEAP_ALLOCATE|[279]|Bytes:4
14:37:25.0 (8502622)|HEAP_ALLOCATE|[EXTERNAL]|Bytes:-4
14:37:25.0 (8517271)|HEAP_ALLOCATE|[276]|Bytes:5
14:37:25.0 (8524382)|VARIABLE_SCOPE_BEGIN|[276]|key|String|false|false
14:37:25.0 (8532097)|VARIABLE_ASSIGNMENT|[276]|key|"Consulta de PAN"
14:37:25.0 (8535391)|STATEMENT_EXECUTE|[276]
14:37:25.0 (8536850)|STATEMENT_EXECUTE|[278]
14:37:25.0 (8549337)|VARIABLE_SCOPE_BEGIN|[278]|info|Schema.RecordTypeInfo|true|false
14:37:25.0 (8580825)|VARIABLE_ASSIGNMENT|[278]|info|"common.api.soap.wsdl.RecordTypeInfo@33de21de"|0x38d60da2
14:37:25.0 (8584599)|STATEMENT_EXECUTE|[279]
14:37:25.0 (8588670)|HEAP_ALLOCATE|[279]|Bytes:4
14:37:25.0 (8598100)|HEAP_ALLOCATE|[EXTERNAL]|Bytes:-4
14:37:25.0 (8605365)|HEAP_ALLOCATE|[276]|Bytes:5
14:37:25.0 (8611502)|VARIABLE_SCOPE_BEGIN|[276]|key|String|false|false
14:37:25.0 (8618307)|VARIABLE_ASSIGNMENT|[276]|key|"Consulta de Saldo a  (5 more) ..."
14:37:25.0 (8621312)|STATEMENT_EXECUTE|[276]
14:37:25.0 (8622667)|STATEMENT_EXECUTE|[278]
14:37:25.0 (8629110)|VARIABLE_SCOPE_BEGIN|[278]|info|Schema.RecordTypeInfo|true|false
14:37:25.0 (8654182)|VARIABLE_ASSIGNMENT|[278]|info|"common.api.soap.wsdl.RecordTypeInfo@287bf5b3"|0x7fb4faea
14:37:25.0 (8658247)|STATEMENT_EXECUTE|[279]
14:37:25.0 (8661554)|HEAP_ALLOCATE|[279]|Bytes:4
14:37:25.0 (8670422)|HEAP_ALLOCATE|[EXTERNAL]|Bytes:-4
14:37:25.0 (8677905)|HEAP_ALLOCATE|[276]|Bytes:5
14:37:25.0 (8683648)|VARIABLE_SCOPE_BEGIN|[276]|key|String|false|false
14:37:25.0 (8690371)|VARIABLE_ASSIGNMENT|[276]|key|"Consulta de Saldos y (12 more) ..."
14:37:25.0 (8693584)|STATEMENT_EXECUTE|[276]
14:37:25.0 (8694837)|STATEMENT_EXECUTE|[278]
14:37:25.0 (8701297)|VARIABLE_SCOPE_BEGIN|[278]|info|Schema.RecordTypeInfo|true|false
14:37:25.0 (8730661)|VARIABLE_ASSIGNMENT|[278]|info|"common.api.soap.wsdl.RecordTypeInfo@3a09b8e5"|0x76020758
14:37:25.0 (8735128)|STATEMENT_EXECUTE|[279]
14:37:25.0 (8738675)|HEAP_ALLOCATE|[279]|Bytes:4
14:37:25.0 (8747882)|HEAP_ALLOCATE|[EXTERNAL]|Bytes:-4
14:37:25.0 (8782879)|HEAP_ALLOCATE|[276]|Bytes:5
14:37:25.0 (8789371)|VARIABLE_SCOPE_BEGIN|[276]|key|String|false|false
14:37:25.0 (8802060)|VARIABLE_ASSIGNMENT|[276]|key|"Consulta de Seguros"
14:37:25.0 (8805625)|STATEMENT_EXECUTE|[276]
14:37:25.0 (8806792)|STATEMENT_EXECUTE|[278]
14:37:25.0 (8814136)|VARIABLE_SCOPE_BEGIN|[278]|info|Schema.RecordTypeInfo|true|false
14:37:25.0 (8845192)|VARIABLE_ASSIGNMENT|[278]|info|"common.api.soap.wsdl.RecordTypeInfo@cf799212"|0x678a62c7
14:37:25.0 (8849787)|STATEMENT_EXECUTE|[279]
14:37:25.0 (8854770)|HEAP_ALLOCATE|[279]|Bytes:4
14:37:25.0 (8864541)|HEAP_ALLOCATE|[EXTERNAL]|Bytes:-4
14:37:25.0 (8872871)|HEAP_ALLOCATE|[276]|Bytes:5
14:37:25.0 (8880323)|VARIABLE_SCOPE_BEGIN|[276]|key|String|false|false
14:37:25.0 (8887330)|VARIABLE_ASSIGNMENT|[276]|key|"Contrato manual"
14:37:25.0 (8890797)|STATEMENT_EXECUTE|[276]
14:37:25.0 (8892052)|STATEMENT_EXECUTE|[278]
14:37:25.0 (8899191)|VARIABLE_SCOPE_BEGIN|[278]|info|Schema.RecordTypeInfo|true|false
14:37:25.0 (8929960)|VARIABLE_ASSIGNMENT|[278]|info|"common.api.soap.wsdl.RecordTypeInfo@c7574dd9"|0x6fb9d889
14:37:25.0 (8935163)|STATEMENT_EXECUTE|[279]
14:37:25.0 (8939901)|HEAP_ALLOCATE|[279]|Bytes:4
14:37:25.0 (8956633)|HEAP_ALLOCATE|[EXTERNAL]|Bytes:-4
14:37:25.0 (8965827)|HEAP_ALLOCATE|[276]|Bytes:5
14:37:25.0 (8972237)|VARIABLE_SCOPE_BEGIN|[276]|key|String|false|false
14:37:25.0 (8979342)|VARIABLE_ASSIGNMENT|[276]|key|"Desbloqueo de PIN"
14:37:25.0 (8982466)|STATEMENT_EXECUTE|[276]
14:37:25.0 (8983584)|STATEMENT_EXECUTE|[278]
14:37:25.0 (8990067)|VARIABLE_SCOPE_BEGIN|[278]|info|Schema.RecordTypeInfo|true|false
14:37:25.0 (9022257)|VARIABLE_ASSIGNMENT|[278]|info|"common.api.soap.wsdl.RecordTypeInfo@30261dc8"|0x37821c3e
14:37:25.0 (9027267)|STATEMENT_EXECUTE|[279]
14:37:25.0 (9031489)|HEAP_ALLOCATE|[279]|Bytes:4
14:37:25.0 (9045593)|HEAP_ALLOCATE|[EXTERNAL]|Bytes:-4
14:37:25.0 (9054415)|HEAP_ALLOCATE|[276]|Bytes:5
14:37:25.0 (9060616)|VARIABLE_SCOPE_BEGIN|[276]|key|String|false|false
14:37:25.0 (9069075)|VARIABLE_ASSIGNMENT|[276]|key|"Desconoce transacció (8 more) ..."
14:37:25.0 (9073197)|STATEMENT_EXECUTE|[276]
14:37:25.0 (9074555)|STATEMENT_EXECUTE|[278]
14:37:25.0 (9081365)|VARIABLE_SCOPE_BEGIN|[278]|info|Schema.RecordTypeInfo|true|false
14:37:25.0 (9109685)|VARIABLE_ASSIGNMENT|[278]|info|"common.api.soap.wsdl.RecordTypeInfo@96885c8c"|0x515ce551
14:37:25.0 (9113718)|STATEMENT_EXECUTE|[279]
14:37:25.0 (9117263)|HEAP_ALLOCATE|[279]|Bytes:4
14:37:25.0 (9125680)|HEAP_ALLOCATE|[EXTERNAL]|Bytes:-4
14:37:25.0 (9133115)|HEAP_ALLOCATE|[276]|Bytes:5
14:37:25.0 (9140297)|VARIABLE_SCOPE_BEGIN|[276]|key|String|false|false
14:37:25.0 (9147100)|VARIABLE_ASSIGNMENT|[276]|key|"Desconoce transacció (17 more) ..."
14:37:25.0 (9151029)|STATEMENT_EXECUTE|[276]
14:37:25.0 (9152372)|STATEMENT_EXECUTE|[278]
14:37:25.0 (9158784)|VARIABLE_SCOPE_BEGIN|[278]|info|Schema.RecordTypeInfo|true|false
14:37:25.0 (9204590)|VARIABLE_ASSIGNMENT|[278]|info|"common.api.soap.wsdl.RecordTypeInfo@aec1d09b"|0x657439e7
14:37:25.0 (9209875)|STATEMENT_EXECUTE|[279]
14:37:25.0 (9214173)|HEAP_ALLOCATE|[279]|Bytes:4
14:37:25.0 (9223884)|HEAP_ALLOCATE|[EXTERNAL]|Bytes:-4
14:37:25.0 (9233304)|HEAP_ALLOCATE|[276]|Bytes:5
14:37:25.0 (9267464)|VARIABLE_SCOPE_BEGIN|[276]|key|String|false|false
14:37:25.0 (9275602)|VARIABLE_ASSIGNMENT|[276]|key|"Emboce Centralizado"
14:37:25.0 (9279739)|STATEMENT_EXECUTE|[276]
14:37:25.0 (9281006)|STATEMENT_EXECUTE|[278]
14:37:25.0 (9288801)|VARIABLE_SCOPE_BEGIN|[278]|info|Schema.RecordTypeInfo|true|false
14:37:25.0 (9321147)|VARIABLE_ASSIGNMENT|[278]|info|"common.api.soap.wsdl.RecordTypeInfo@1e08cefd"|0x44a8d850
14:37:25.0 (9326165)|STATEMENT_EXECUTE|[279]
14:37:25.0 (9330317)|HEAP_ALLOCATE|[279]|Bytes:4
14:37:25.0 (9339011)|HEAP_ALLOCATE|[EXTERNAL]|Bytes:-4
14:37:25.0 (9347099)|HEAP_ALLOCATE|[276]|Bytes:5
14:37:25.0 (9354217)|VARIABLE_SCOPE_BEGIN|[276]|key|String|false|false
14:37:25.0 (9361808)|VARIABLE_ASSIGNMENT|[276]|key|"Estado de Cuenta No  (5 more) ..."
14:37:25.0 (9389382)|STATEMENT_EXECUTE|[276]
14:37:25.0 (9391162)|STATEMENT_EXECUTE|[278]
14:37:25.0 (9399017)|VARIABLE_SCOPE_BEGIN|[278]|info|Schema.RecordTypeInfo|true|false
14:37:25.0 (9429473)|VARIABLE_ASSIGNMENT|[278]|info|"common.api.soap.wsdl.RecordTypeInfo@5d8b692e"|0x63ec4f17
14:37:25.0 (9433667)|STATEMENT_EXECUTE|[279]
14:37:25.0 (9437719)|HEAP_ALLOCATE|[279]|Bytes:4
14:37:25.0 (9452928)|HEAP_ALLOCATE|[EXTERNAL]|Bytes:-4
14:37:25.0 (9462415)|HEAP_ALLOCATE|[276]|Bytes:5
14:37:25.0 (9469248)|VARIABLE_SCOPE_BEGIN|[276]|key|String|false|false
14:37:25.0 (9476702)|VARIABLE_ASSIGNMENT|[276]|key|"Estado de Cuenta No  (14 more) ..."
14:37:25.0 (9479632)|STATEMENT_EXECUTE|[276]
14:37:25.0 (9480643)|STATEMENT_EXECUTE|[278]
14:37:25.0 (9487236)|VARIABLE_SCOPE_BEGIN|[278]|info|Schema.RecordTypeInfo|true|false
14:37:25.0 (9517628)|VARIABLE_ASSIGNMENT|[278]|info|"common.api.soap.wsdl.RecordTypeInfo@245cdfba"|0x55ac4856
14:37:25.0 (9522813)|STATEMENT_EXECUTE|[279]
14:37:25.0 (9527018)|HEAP_ALLOCATE|[279]|Bytes:4
14:37:25.0 (9536380)|HEAP_ALLOCATE|[EXTERNAL]|Bytes:-4
14:37:25.0 (9544961)|HEAP_ALLOCATE|[276]|Bytes:5
14:37:25.0 (9552353)|VARIABLE_SCOPE_BEGIN|[276]|key|String|false|false
14:37:25.0 (9559311)|VARIABLE_ASSIGNMENT|[276]|key|"Figital"
14:37:25.0 (9562616)|STATEMENT_EXECUTE|[276]
14:37:25.0 (9563771)|STATEMENT_EXECUTE|[278]
14:37:25.0 (9570585)|VARIABLE_SCOPE_BEGIN|[278]|info|Schema.RecordTypeInfo|true|false
14:37:25.0 (9599493)|VARIABLE_ASSIGNMENT|[278]|info|"common.api.soap.wsdl.RecordTypeInfo@7c4f98fb"|0x11d3e805
14:37:25.0 (9626886)|STATEMENT_EXECUTE|[279]
14:37:25.0 (9631611)|HEAP_ALLOCATE|[279]|Bytes:4
14:37:25.0 (9641346)|HEAP_ALLOCATE|[EXTERNAL]|Bytes:-4
14:37:25.0 (9655235)|HEAP_ALLOCATE|[276]|Bytes:5
14:37:25.0 (9662278)|VARIABLE_SCOPE_BEGIN|[276]|key|String|false|false
14:37:25.0 (9670908)|VARIABLE_ASSIGNMENT|[276]|key|"Información de Promo (6 more) ..."
14:37:25.0 (9675033)|STATEMENT_EXECUTE|[276]
14:37:25.0 (9676160)|STATEMENT_EXECUTE|[278]
14:37:25.0 (9682320)|VARIABLE_SCOPE_BEGIN|[278]|info|Schema.RecordTypeInfo|true|false
14:37:25.0 (9714421)|VARIABLE_ASSIGNMENT|[278]|info|"common.api.soap.wsdl.RecordTypeInfo@cd9eb64"|0x133bd837
14:37:25.0 (9718681)|STATEMENT_EXECUTE|[279]
14:37:25.0 (9722772)|HEAP_ALLOCATE|[279]|Bytes:4
14:37:25.0 (9731675)|HEAP_ALLOCATE|[EXTERNAL]|Bytes:-4
14:37:25.0 (9739033)|HEAP_ALLOCATE|[276]|Bytes:5
14:37:25.0 (9745545)|VARIABLE_SCOPE_BEGIN|[276]|key|String|false|false
14:37:25.0 (9773688)|VARIABLE_ASSIGNMENT|[276]|key|"Invitación Canales D (8 more) ..."
14:37:25.0 (9777961)|STATEMENT_EXECUTE|[276]
14:37:25.0 (9779122)|STATEMENT_EXECUTE|[278]
14:37:25.0 (9786565)|VARIABLE_SCOPE_BEGIN|[278]|info|Schema.RecordTypeInfo|true|false
14:37:25.0 (9817795)|VARIABLE_ASSIGNMENT|[278]|info|"common.api.soap.wsdl.RecordTypeInfo@16f44053"|0x122ea9b0
14:37:25.0 (9822490)|STATEMENT_EXECUTE|[279]
14:37:25.0 (9826795)|HEAP_ALLOCATE|[279]|Bytes:4
14:37:25.0 (9835632)|HEAP_ALLOCATE|[EXTERNAL]|Bytes:-4
14:37:25.0 (9843186)|HEAP_ALLOCATE|[276]|Bytes:5
14:37:25.0 (9850398)|VARIABLE_SCOPE_BEGIN|[276]|key|String|false|false
14:37:25.0 (9857408)|VARIABLE_ASSIGNMENT|[276]|key|"Liberación de Compra (9 more) ..."
14:37:25.0 (9860993)|STATEMENT_EXECUTE|[276]
14:37:25.0 (9862080)|STATEMENT_EXECUTE|[278]
14:37:25.0 (9870035)|VARIABLE_SCOPE_BEGIN|[278]|info|Schema.RecordTypeInfo|true|false
14:37:25.0 (9899550)|VARIABLE_ASSIGNMENT|[278]|info|"common.api.soap.wsdl.RecordTypeInfo@93f08065"|0x2577bd5b
14:37:25.0 (9903718)|STATEMENT_EXECUTE|[279]
14:37:25.0 (9907095)|HEAP_ALLOCATE|[279]|Bytes:4
14:37:25.0 (9914940)|HEAP_ALLOCATE|[EXTERNAL]|Bytes:-4
14:37:25.0 (9922221)|HEAP_ALLOCATE|[276]|Bytes:5
14:37:25.0 (9928340)|VARIABLE_SCOPE_BEGIN|[276]|key|String|false|false
14:37:25.0 (9935478)|VARIABLE_ASSIGNMENT|[276]|key|"Liberar Saldo Reteni (11 more) ..."
14:37:25.0 (9938576)|STATEMENT_EXECUTE|[276]
14:37:25.0 (9939755)|STATEMENT_EXECUTE|[278]
14:37:25.0 (9946203)|VARIABLE_SCOPE_BEGIN|[278]|info|Schema.RecordTypeInfo|true|false
14:37:25.0 (9975263)|VARIABLE_ASSIGNMENT|[278]|info|"common.api.soap.wsdl.RecordTypeInfo@c5ec1a81"|0x2b6afa30
14:37:25.0 (9979617)|STATEMENT_EXECUTE|[279]
14:37:25.0 (9982988)|HEAP_ALLOCATE|[279]|Bytes:4
14:37:25.0 (9991273)|HEAP_ALLOCATE|[EXTERNAL]|Bytes:-4
14:37:25.0 (9998443)|HEAP_ALLOCATE|[276]|Bytes:5
14:37:25.0 (10004329)|VARIABLE_SCOPE_BEGIN|[276]|key|String|false|false
14:37:25.0 (10011982)|VARIABLE_ASSIGNMENT|[276]|key|"Liberar saldo reteni (2 more) ..."
14:37:25.0 (10025433)|STATEMENT_EXECUTE|[276]
14:37:25.0 (10026678)|STATEMENT_EXECUTE|[278]
14:37:25.0 (10033927)|VARIABLE_SCOPE_BEGIN|[278]|info|Schema.RecordTypeInfo|true|false
14:37:25.0 (10064482)|VARIABLE_ASSIGNMENT|[278]|info|"common.api.soap.wsdl.RecordTypeInfo@a1b19da2"|0x66dd650a
14:37:25.0 (10068711)|STATEMENT_EXECUTE|[279]
14:37:25.0 (10072278)|HEAP_ALLOCATE|[279]|Bytes:4
14:37:25.0 (10080966)|HEAP_ALLOCATE|[EXTERNAL]|Bytes:-4
14:37:25.0 (10088828)|HEAP_ALLOCATE|[276]|Bytes:5
14:37:25.0 (10102462)|VARIABLE_SCOPE_BEGIN|[276]|key|String|false|false
14:37:25.0 (10120614)|VARIABLE_ASSIGNMENT|[276]|key|"Mal proceso de cobro"
14:37:25.0 (10124247)|STATEMENT_EXECUTE|[276]
14:37:25.0 (10125391)|STATEMENT_EXECUTE|[278]
14:37:25.0 (10133009)|VARIABLE_SCOPE_BEGIN|[278]|info|Schema.RecordTypeInfo|true|false
14:37:25.0 (10205591)|VARIABLE_ASSIGNMENT|[278]|info|"common.api.soap.wsdl.RecordTypeInfo@41b8e3ba"|0x1d92348
14:37:25.0 (10211181)|STATEMENT_EXECUTE|[279]
14:37:25.0 (10215487)|HEAP_ALLOCATE|[279]|Bytes:4
14:37:25.0 (10245991)|HEAP_ALLOCATE|[EXTERNAL]|Bytes:-4
14:37:25.0 (10254322)|HEAP_ALLOCATE|[276]|Bytes:5
14:37:25.0 (10261018)|VARIABLE_SCOPE_BEGIN|[276]|key|String|false|false
14:37:25.0 (10268548)|VARIABLE_ASSIGNMENT|[276]|key|"Notificación Publici (3 more) ..."
14:37:25.0 (10272408)|STATEMENT_EXECUTE|[276]
14:37:25.0 (10273585)|STATEMENT_EXECUTE|[278]
14:37:25.0 (10279853)|VARIABLE_SCOPE_BEGIN|[278]|info|Schema.RecordTypeInfo|true|false
14:37:25.0 (10311508)|VARIABLE_ASSIGNMENT|[278]|info|"common.api.soap.wsdl.RecordTypeInfo@4196691a"|0x195cdb4d
14:37:25.0 (10316073)|STATEMENT_EXECUTE|[279]
14:37:25.0 (10319461)|HEAP_ALLOCATE|[279]|Bytes:4
14:37:25.0 (10327736)|HEAP_ALLOCATE|[EXTERNAL]|Bytes:-4
14:37:25.0 (10335373)|HEAP_ALLOCATE|[276]|Bytes:5
14:37:25.0 (10341571)|VARIABLE_SCOPE_BEGIN|[276]|key|String|false|false
14:37:25.0 (10348015)|VARIABLE_ASSIGNMENT|[276]|key|"Pago No Aplicado"
14:37:25.0 (10350946)|STATEMENT_EXECUTE|[276]
14:37:25.0 (10352057)|STATEMENT_EXECUTE|[278]
14:37:25.0 (10358513)|VARIABLE_SCOPE_BEGIN|[278]|info|Schema.RecordTypeInfo|true|false
14:37:25.0 (10387706)|VARIABLE_ASSIGNMENT|[278]|info|"common.api.soap.wsdl.RecordTypeInfo@6663c20"|0x659b192c
14:37:25.0 (10398871)|STATEMENT_EXECUTE|[279]
14:37:25.0 (10402811)|HEAP_ALLOCATE|[279]|Bytes:4
14:37:25.0 (10411147)|HEAP_ALLOCATE|[EXTERNAL]|Bytes:-4
14:37:25.0 (10418838)|HEAP_ALLOCATE|[276]|Bytes:5
14:37:25.0 (10424978)|VARIABLE_SCOPE_BEGIN|[276]|key|String|false|false
14:37:25.0 (10437627)|VARIABLE_ASSIGNMENT|[276]|key|"Pago No Aplicado (Mó (5 more) ..."
14:37:25.0 (10441748)|STATEMENT_EXECUTE|[276]
14:37:25.0 (10443092)|STATEMENT_EXECUTE|[278]
14:37:25.0 (10449763)|VARIABLE_SCOPE_BEGIN|[278]|info|Schema.RecordTypeInfo|true|false
14:37:25.0 (10479272)|VARIABLE_ASSIGNMENT|[278]|info|"common.api.soap.wsdl.RecordTypeInfo@8334e7ee"|0x68e3d5a0
14:37:25.0 (10483644)|STATEMENT_EXECUTE|[279]
14:37:25.0 (10487627)|HEAP_ALLOCATE|[279]|Bytes:4
14:37:25.0 (10496539)|HEAP_ALLOCATE|[EXTERNAL]|Bytes:-4
14:37:25.0 (10505214)|HEAP_ALLOCATE|[276]|Bytes:5
14:37:25.0 (10511333)|VARIABLE_SCOPE_BEGIN|[276]|key|String|false|false
14:37:25.0 (10541076)|VARIABLE_ASSIGNMENT|[276]|key|"Plan de Pagos"
14:37:25.0 (10544135)|STATEMENT_EXECUTE|[276]
14:37:25.0 (10545318)|STATEMENT_EXECUTE|[278]
14:37:25.0 (10551947)|VARIABLE_SCOPE_BEGIN|[278]|info|Schema.RecordTypeInfo|true|false
14:37:25.0 (10582512)|VARIABLE_ASSIGNMENT|[278]|info|"common.api.soap.wsdl.RecordTypeInfo@153377c6"|0x20e86897
14:37:25.0 (10586717)|STATEMENT_EXECUTE|[279]
14:37:25.0 (10591040)|HEAP_ALLOCATE|[279]|Bytes:4
14:37:25.0 (10600453)|HEAP_ALLOCATE|[EXTERNAL]|Bytes:-4
14:37:25.0 (10608318)|HEAP_ALLOCATE|[276]|Bytes:5
14:37:25.0 (10615498)|VARIABLE_SCOPE_BEGIN|[276]|key|String|false|false
14:37:25.0 (10623259)|VARIABLE_ASSIGNMENT|[276]|key|"Promoción no Aplicad (1 more) ..."
14:37:25.0 (10626951)|STATEMENT_EXECUTE|[276]
14:37:25.0 (10628155)|STATEMENT_EXECUTE|[278]
14:37:25.0 (10635301)|VARIABLE_SCOPE_BEGIN|[278]|info|Schema.RecordTypeInfo|true|false
14:37:25.0 (10663926)|VARIABLE_ASSIGNMENT|[278]|info|"common.api.soap.wsdl.RecordTypeInfo@48530913"|0x5f915974
14:37:25.0 (10668097)|STATEMENT_EXECUTE|[279]
14:37:25.0 (10672028)|HEAP_ALLOCATE|[279]|Bytes:4
14:37:25.0 (10680786)|HEAP_ALLOCATE|[EXTERNAL]|Bytes:-4
14:37:25.0 (10689436)|HEAP_ALLOCATE|[276]|Bytes:5
14:37:25.0 (10695838)|VARIABLE_SCOPE_BEGIN|[276]|key|String|false|false
14:37:25.0 (10703220)|VARIABLE_ASSIGNMENT|[276]|key|"Promoción no Aplicad (10 more) ..."
14:37:25.0 (10707019)|STATEMENT_EXECUTE|[276]
14:37:25.0 (10708276)|STATEMENT_EXECUTE|[278]
14:37:25.0 (10714085)|VARIABLE_SCOPE_BEGIN|[278]|info|Schema.RecordTypeInfo|true|false
14:37:25.0 (10751875)|VARIABLE_ASSIGNMENT|[278]|info|"common.api.soap.wsdl.RecordTypeInfo@54ed86c2"|0x627e69d3
14:37:25.0 (10756631)|STATEMENT_EXECUTE|[279]
14:37:25.0 (10761013)|HEAP_ALLOCATE|[279]|Bytes:4
14:37:25.0 (10770866)|HEAP_ALLOCATE|[EXTERNAL]|Bytes:-4
14:37:25.0 (10779681)|HEAP_ALLOCATE|[276]|Bytes:5
14:37:25.0 (10787113)|VARIABLE_SCOPE_BEGIN|[276]|key|String|false|false
14:37:25.0 (10794853)|VARIABLE_ASSIGNMENT|[276]|key|"Préstamo Personal"
14:37:25.0 (10799033)|STATEMENT_EXECUTE|[276]
14:37:25.0 (10800558)|STATEMENT_EXECUTE|[278]
14:37:25.0 (10807537)|VARIABLE_SCOPE_BEGIN|[278]|info|Schema.RecordTypeInfo|true|false
14:37:25.0 (10838752)|VARIABLE_ASSIGNMENT|[278]|info|"common.api.soap.wsdl.RecordTypeInfo@e847229"|0x14c6fee9
14:37:25.0 (10843620)|STATEMENT_EXECUTE|[279]
14:37:25.0 (10847198)|HEAP_ALLOCATE|[279]|Bytes:4
14:37:25.0 (10856138)|HEAP_ALLOCATE|[EXTERNAL]|Bytes:-4
14:37:25.0 (10864263)|HEAP_ALLOCATE|[276]|Bytes:5
14:37:25.0 (10870988)|VARIABLE_SCOPE_BEGIN|[276]|key|String|false|false
14:37:25.0 (10878219)|VARIABLE_ASSIGNMENT|[276]|key|"QR"
14:37:25.0 (10881774)|STATEMENT_EXECUTE|[276]
14:37:25.0 (10883189)|STATEMENT_EXECUTE|[278]
14:37:25.0 (10890561)|VARIABLE_SCOPE_BEGIN|[278]|info|Schema.RecordTypeInfo|true|false
14:37:25.0 (10921166)|VARIABLE_ASSIGNMENT|[278]|info|"common.api.soap.wsdl.RecordTypeInfo@a3ca910f"|0x77099036
14:37:25.0 (10925823)|STATEMENT_EXECUTE|[279]
14:37:25.0 (10929444)|HEAP_ALLOCATE|[279]|Bytes:4
14:37:25.0 (10937990)|HEAP_ALLOCATE|[EXTERNAL]|Bytes:-4
14:37:25.0 (10944974)|HEAP_ALLOCATE|[276]|Bytes:5
14:37:25.0 (10950582)|VARIABLE_SCOPE_BEGIN|[276]|key|String|false|false
14:37:25.0 (10957770)|VARIABLE_ASSIGNMENT|[276]|key|"Quejas y Sugerencias"
14:37:25.0 (10960139)|STATEMENT_EXECUTE|[276]
14:37:25.0 (10960976)|STATEMENT_EXECUTE|[278]
14:37:25.0 (10965527)|VARIABLE_SCOPE_BEGIN|[278]|info|Schema.RecordTypeInfo|true|false
14:37:25.0 (10984831)|VARIABLE_ASSIGNMENT|[278]|info|"common.api.soap.wsdl.RecordTypeInfo@990e8655"|0x22062d5a
14:37:25.0 (10988918)|STATEMENT_EXECUTE|[279]
14:37:25.0 (10991958)|HEAP_ALLOCATE|[279]|Bytes:4
14:37:25.0 (10999668)|HEAP_ALLOCATE|[EXTERNAL]|Bytes:-4
14:37:25.0 (11007252)|HEAP_ALLOCATE|[276]|Bytes:5
14:37:25.0 (11014294)|VARIABLE_SCOPE_BEGIN|[276]|key|String|false|false
14:37:25.0 (11021961)|VARIABLE_ASSIGNMENT|[276]|key|"Quejas y/o Sugerenci (11 more) ..."
14:37:25.0 (11025185)|STATEMENT_EXECUTE|[276]
14:37:25.0 (11026429)|STATEMENT_EXECUTE|[278]
14:37:25.0 (11033067)|VARIABLE_SCOPE_BEGIN|[278]|info|Schema.RecordTypeInfo|true|false
14:37:25.0 (11061634)|VARIABLE_ASSIGNMENT|[278]|info|"common.api.soap.wsdl.RecordTypeInfo@c16a1b67"|0x33a7f838
14:37:25.0 (11066022)|STATEMENT_EXECUTE|[279]
14:37:25.0 (11069194)|HEAP_ALLOCATE|[279]|Bytes:4
14:37:25.0 (11077482)|HEAP_ALLOCATE|[EXTERNAL]|Bytes:-4
14:37:25.0 (11085204)|HEAP_ALLOCATE|[276]|Bytes:5
14:37:25.0 (11091597)|VARIABLE_SCOPE_BEGIN|[276]|key|String|false|false
14:37:25.0 (11098298)|VARIABLE_ASSIGNMENT|[276]|key|"Quita"
14:37:25.0 (11101424)|STATEMENT_EXECUTE|[276]
14:37:25.0 (11102599)|STATEMENT_EXECUTE|[278]
14:37:25.0 (11109392)|VARIABLE_SCOPE_BEGIN|[278]|info|Schema.RecordTypeInfo|true|false
14:37:25.0 (11138010)|VARIABLE_ASSIGNMENT|[278]|info|"common.api.soap.wsdl.RecordTypeInfo@537d4e99"|0x10357913
14:37:25.0 (11142730)|STATEMENT_EXECUTE|[279]
14:37:25.0 (11146589)|HEAP_ALLOCATE|[279]|Bytes:4
14:37:25.0 (11154959)|HEAP_ALLOCATE|[EXTERNAL]|Bytes:-4
14:37:25.0 (11162879)|HEAP_ALLOCATE|[276]|Bytes:5
14:37:25.0 (11169504)|VARIABLE_SCOPE_BEGIN|[276]|key|String|false|false
14:37:25.0 (11175689)|VARIABLE_ASSIGNMENT|[276]|key|"REDECO"
14:37:25.0 (11178903)|STATEMENT_EXECUTE|[276]
14:37:25.0 (11180255)|STATEMENT_EXECUTE|[278]
14:37:25.0 (11187258)|VARIABLE_SCOPE_BEGIN|[278]|info|Schema.RecordTypeInfo|true|false
14:37:25.0 (11215644)|VARIABLE_ASSIGNMENT|[278]|info|"common.api.soap.wsdl.RecordTypeInfo@21ba273d"|0x2b06c303
14:37:25.0 (11219833)|STATEMENT_EXECUTE|[279]
14:37:25.0 (11223231)|HEAP_ALLOCATE|[279]|Bytes:4
14:37:25.0 (11232384)|HEAP_ALLOCATE|[EXTERNAL]|Bytes:-4
14:37:25.0 (11240312)|HEAP_ALLOCATE|[276]|Bytes:5
14:37:25.0 (11246942)|VARIABLE_SCOPE_BEGIN|[276]|key|String|false|false
14:37:25.0 (11255316)|VARIABLE_ASSIGNMENT|[276]|key|"Reenvío de Estado de (7 more) ..."
14:37:25.0 (11259395)|STATEMENT_EXECUTE|[276]
14:37:25.0 (11260758)|STATEMENT_EXECUTE|[278]
14:37:25.0 (11267736)|VARIABLE_SCOPE_BEGIN|[278]|info|Schema.RecordTypeInfo|true|false
14:37:25.0 (11294973)|VARIABLE_ASSIGNMENT|[278]|info|"common.api.soap.wsdl.RecordTypeInfo@2f4fb732"|0x38f957c4
14:37:25.0 (11299758)|STATEMENT_EXECUTE|[279]
14:37:25.0 (11303463)|HEAP_ALLOCATE|[279]|Bytes:4
14:37:25.0 (11312347)|HEAP_ALLOCATE|[EXTERNAL]|Bytes:-4
14:37:25.0 (11320442)|HEAP_ALLOCATE|[276]|Bytes:5
14:37:25.0 (11326879)|VARIABLE_SCOPE_BEGIN|[276]|key|String|false|false
14:37:25.0 (11333684)|VARIABLE_ASSIGNMENT|[276]|key|"Reestructura"
14:37:25.0 (11337069)|STATEMENT_EXECUTE|[276]
14:37:25.0 (11338199)|STATEMENT_EXECUTE|[278]
14:37:25.0 (11344454)|VARIABLE_SCOPE_BEGIN|[278]|info|Schema.RecordTypeInfo|true|false
14:37:25.0 (11371312)|VARIABLE_ASSIGNMENT|[278]|info|"common.api.soap.wsdl.RecordTypeInfo@f96295ed"|0x34931edb
14:37:25.0 (11375619)|STATEMENT_EXECUTE|[279]
14:37:25.0 (11379154)|HEAP_ALLOCATE|[279]|Bytes:4
14:37:25.0 (11387904)|HEAP_ALLOCATE|[EXTERNAL]|Bytes:-4
14:37:25.0 (11396839)|HEAP_ALLOCATE|[276]|Bytes:5
14:37:25.0 (11403264)|VARIABLE_SCOPE_BEGIN|[276]|key|String|false|false
14:37:25.0 (11409492)|VARIABLE_ASSIGNMENT|[276]|key|"Remisión"
14:37:25.0 (11413314)|STATEMENT_EXECUTE|[276]
14:37:25.0 (11414412)|STATEMENT_EXECUTE|[278]
14:37:25.0 (11421399)|VARIABLE_SCOPE_BEGIN|[278]|info|Schema.RecordTypeInfo|true|false
14:37:25.0 (11448155)|VARIABLE_ASSIGNMENT|[278]|info|"common.api.soap.wsdl.RecordTypeInfo@e1e2d95d"|0xf5514bb
14:37:25.0 (11452669)|STATEMENT_EXECUTE|[279]
14:37:25.0 (11456199)|HEAP_ALLOCATE|[279]|Bytes:4
14:37:25.0 (11464153)|HEAP_ALLOCATE|[EXTERNAL]|Bytes:-4
14:37:25.0 (11471509)|HEAP_ALLOCATE|[276]|Bytes:5
14:37:25.0 (11490047)|VARIABLE_SCOPE_BEGIN|[276]|key|String|false|false
14:37:25.0 (11497167)|VARIABLE_ASSIGNMENT|[276]|key|"Renegociación"
14:37:25.0 (11500876)|STATEMENT_EXECUTE|[276]
14:37:25.0 (11502207)|STATEMENT_EXECUTE|[278]
14:37:25.0 (11507924)|VARIABLE_SCOPE_BEGIN|[278]|info|Schema.RecordTypeInfo|true|false
14:37:25.0 (11535788)|VARIABLE_ASSIGNMENT|[278]|info|"common.api.soap.wsdl.RecordTypeInfo@23cd8d41"|0x1256c089
14:37:25.0 (11539809)|STATEMENT_EXECUTE|[279]
14:37:25.0 (11543604)|HEAP_ALLOCATE|[279]|Bytes:4
14:37:25.0 (11551214)|HEAP_ALLOCATE|[EXTERNAL]|Bytes:-4
14:37:25.0 (11558612)|HEAP_ALLOCATE|[276]|Bytes:5
14:37:25.0 (11564613)|VARIABLE_SCOPE_BEGIN|[276]|key|String|false|false
14:37:25.0 (11572413)|VARIABLE_ASSIGNMENT|[276]|key|"Reporte por Deterior (1 more) ..."
14:37:25.0 (11575612)|STATEMENT_EXECUTE|[276]
14:37:25.0 (11576717)|STATEMENT_EXECUTE|[278]
14:37:25.0 (11582532)|VARIABLE_SCOPE_BEGIN|[278]|info|Schema.RecordTypeInfo|true|false
14:37:25.0 (11606287)|VARIABLE_ASSIGNMENT|[278]|info|"common.api.soap.wsdl.RecordTypeInfo@d6e6859d"|0x6063e270
14:37:25.0 (11609357)|STATEMENT_EXECUTE|[279]
14:37:25.0 (11611979)|HEAP_ALLOCATE|[279]|Bytes:4
14:37:25.0 (11617546)|HEAP_ALLOCATE|[EXTERNAL]|Bytes:-4
14:37:25.0 (11622759)|HEAP_ALLOCATE|[276]|Bytes:5
14:37:25.0 (11626374)|VARIABLE_SCOPE_BEGIN|[276]|key|String|false|false
14:37:25.0 (11631410)|VARIABLE_ASSIGNMENT|[276]|key|"Reporte por Retenció (8 more) ..."
14:37:25.0 (11633742)|STATEMENT_EXECUTE|[276]
14:37:25.0 (11634576)|STATEMENT_EXECUTE|[278]
14:37:25.0 (11638807)|VARIABLE_SCOPE_BEGIN|[278]|info|Schema.RecordTypeInfo|true|false
14:37:25.0 (11656499)|VARIABLE_ASSIGNMENT|[278]|info|"common.api.soap.wsdl.RecordTypeInfo@e985f6a7"|0x4c2a5d61
14:37:25.0 (11659198)|STATEMENT_EXECUTE|[279]
14:37:25.0 (11661080)|HEAP_ALLOCATE|[279]|Bytes:4
14:37:25.0 (11665594)|HEAP_ALLOCATE|[EXTERNAL]|Bytes:-4
14:37:25.0 (11670366)|HEAP_ALLOCATE|[276]|Bytes:5
14:37:25.0 (11673894)|VARIABLE_SCOPE_BEGIN|[276]|key|String|false|false
14:37:25.0 (11678609)|VARIABLE_ASSIGNMENT|[276]|key|"Reporte por Robo o E (7 more) ..."
14:37:25.0 (11680517)|STATEMENT_EXECUTE|[276]
14:37:25.0 (11681310)|STATEMENT_EXECUTE|[278]
14:37:25.0 (11685481)|VARIABLE_SCOPE_BEGIN|[278]|info|Schema.RecordTypeInfo|true|false
14:37:25.0 (11702285)|VARIABLE_ASSIGNMENT|[278]|info|"common.api.soap.wsdl.RecordTypeInfo@ed6b1696"|0x6bfd7893
14:37:25.0 (11704789)|STATEMENT_EXECUTE|[279]
14:37:25.0 (11706626)|HEAP_ALLOCATE|[279]|Bytes:4
14:37:25.0 (11711478)|HEAP_ALLOCATE|[EXTERNAL]|Bytes:-4
14:37:25.0 (11716394)|HEAP_ALLOCATE|[276]|Bytes:5
14:37:25.0 (11719804)|VARIABLE_SCOPE_BEGIN|[276]|key|String|false|false
14:37:25.0 (11724194)|VARIABLE_ASSIGNMENT|[276]|key|"Reposición"
14:37:25.0 (11726552)|STATEMENT_EXECUTE|[276]
14:37:25.0 (11727344)|STATEMENT_EXECUTE|[278]
14:37:25.0 (11731417)|VARIABLE_SCOPE_BEGIN|[278]|info|Schema.RecordTypeInfo|true|false
14:37:25.0 (11761743)|VARIABLE_ASSIGNMENT|[278]|info|"common.api.soap.wsdl.RecordTypeInfo@bc60712d"|0x4f8bbfed
14:37:25.0 (11766519)|STATEMENT_EXECUTE|[279]
14:37:25.0 (11770386)|HEAP_ALLOCATE|[279]|Bytes:4
14:37:25.0 (11778809)|HEAP_ALLOCATE|[EXTERNAL]|Bytes:-4
14:37:25.0 (11787042)|HEAP_ALLOCATE|[276]|Bytes:5
14:37:25.0 (11792620)|VARIABLE_SCOPE_BEGIN|[276]|key|String|false|false
14:37:25.0 (11799578)|VARIABLE_ASSIGNMENT|[276]|key|"Retención de Titular"
14:37:25.0 (11802959)|STATEMENT_EXECUTE|[276]
14:37:25.0 (11804208)|STATEMENT_EXECUTE|[278]
14:37:25.0 (11810794)|VARIABLE_SCOPE_BEGIN|[278]|info|Schema.RecordTypeInfo|true|false
14:37:25.0 (11845174)|VARIABLE_ASSIGNMENT|[278]|info|"common.api.soap.wsdl.RecordTypeInfo@a96fa95b"|0x3004b40e
14:37:25.0 (11849475)|STATEMENT_EXECUTE|[279]
14:37:25.0 (11853051)|HEAP_ALLOCATE|[279]|Bytes:4
14:37:25.0 (11861969)|HEAP_ALLOCATE|[EXTERNAL]|Bytes:-4
14:37:25.0 (11869159)|HEAP_ALLOCATE|[276]|Bytes:5
14:37:25.0 (11874602)|VARIABLE_SCOPE_BEGIN|[276]|key|String|false|false
14:37:25.0 (11881820)|VARIABLE_ASSIGNMENT|[276]|key|"Retiro de Efectivo e (14 more) ..."
14:37:25.0 (11884716)|STATEMENT_EXECUTE|[276]
14:37:25.0 (11885830)|STATEMENT_EXECUTE|[278]
14:37:25.0 (11892522)|VARIABLE_SCOPE_BEGIN|[278]|info|Schema.RecordTypeInfo|true|false
14:37:25.0 (11921399)|VARIABLE_ASSIGNMENT|[278]|info|"common.api.soap.wsdl.RecordTypeInfo@91248e51"|0x2e5b263a
14:37:25.0 (11925714)|STATEMENT_EXECUTE|[279]
14:37:25.0 (11928783)|HEAP_ALLOCATE|[279]|Bytes:4
14:37:25.0 (11936452)|HEAP_ALLOCATE|[EXTERNAL]|Bytes:-4
14:37:25.0 (11944332)|HEAP_ALLOCATE|[276]|Bytes:5
14:37:25.0 (11950202)|VARIABLE_SCOPE_BEGIN|[276]|key|String|false|false
14:37:25.0 (11956820)|VARIABLE_ASSIGNMENT|[276]|key|"Retiro de efectivo e (5 more) ..."
14:37:25.0 (11960102)|STATEMENT_EXECUTE|[276]
14:37:25.0 (11961384)|STATEMENT_EXECUTE|[278]
14:37:25.0 (11968101)|VARIABLE_SCOPE_BEGIN|[278]|info|Schema.RecordTypeInfo|true|false
14:37:25.0 (11993944)|VARIABLE_ASSIGNMENT|[278]|info|"common.api.soap.wsdl.RecordTypeInfo@20767856"|0x2e62ea82
14:37:25.0 (11998279)|STATEMENT_EXECUTE|[279]
14:37:25.0 (12001568)|HEAP_ALLOCATE|[279]|Bytes:4
14:37:25.0 (12010779)|HEAP_ALLOCATE|[EXTERNAL]|Bytes:-4
14:37:25.0 (12031279)|HEAP_ALLOCATE|[276]|Bytes:5
14:37:25.0 (12037939)|VARIABLE_SCOPE_BEGIN|[276]|key|String|false|false
14:37:25.0 (12045305)|VARIABLE_ASSIGNMENT|[276]|key|"Retorno de Tarjeta"
14:37:25.0 (12048516)|STATEMENT_EXECUTE|[276]
14:37:25.0 (12049854)|STATEMENT_EXECUTE|[278]
14:37:25.0 (12056479)|VARIABLE_SCOPE_BEGIN|[278]|info|Schema.RecordTypeInfo|true|false
14:37:25.0 (12084158)|VARIABLE_ASSIGNMENT|[278]|info|"common.api.soap.wsdl.RecordTypeInfo@6bda56db"|0x3c845c74
14:37:25.0 (12088389)|STATEMENT_EXECUTE|[279]
14:37:25.0 (12092370)|HEAP_ALLOCATE|[279]|Bytes:4
14:37:25.0 (12101245)|HEAP_ALLOCATE|[EXTERNAL]|Bytes:-4
14:37:25.0 (12109219)|HEAP_ALLOCATE|[276]|Bytes:5
14:37:25.0 (12114949)|VARIABLE_SCOPE_BEGIN|[276]|key|String|false|false
14:37:25.0 (12122235)|VARIABLE_ASSIGNMENT|[276]|key|"Reversa de Anualidad"
14:37:25.0 (12125242)|STATEMENT_EXECUTE|[276]
14:37:25.0 (12126443)|STATEMENT_EXECUTE|[278]
14:37:25.0 (12133018)|VARIABLE_SCOPE_BEGIN|[278]|info|Schema.RecordTypeInfo|true|false
14:37:25.0 (12160936)|VARIABLE_ASSIGNMENT|[278]|info|"common.api.soap.wsdl.RecordTypeInfo@95e3f3eb"|0x29353b2e
14:37:25.0 (12165497)|STATEMENT_EXECUTE|[279]
14:37:25.0 (12168824)|HEAP_ALLOCATE|[279]|Bytes:4
14:37:25.0 (12177327)|HEAP_ALLOCATE|[EXTERNAL]|Bytes:-4
14:37:25.0 (12184339)|HEAP_ALLOCATE|[276]|Bytes:5
14:37:25.0 (12190384)|VARIABLE_SCOPE_BEGIN|[276]|key|String|false|false
14:37:25.0 (12197837)|VARIABLE_ASSIGNMENT|[276]|key|"Reversa de Anualidad (9 more) ..."
14:37:25.0 (12200712)|STATEMENT_EXECUTE|[276]
14:37:25.0 (12201874)|STATEMENT_EXECUTE|[278]
14:37:25.0 (12207922)|VARIABLE_SCOPE_BEGIN|[278]|info|Schema.RecordTypeInfo|true|false
14:37:25.0 (12295019)|VARIABLE_ASSIGNMENT|[278]|info|"common.api.soap.wsdl.RecordTypeInfo@a08d19ba"|0x5e28a2c4
14:37:25.0 (12298956)|STATEMENT_EXECUTE|[279]
14:37:25.0 (12307037)|HEAP_ALLOCATE|[279]|Bytes:4
14:37:25.0 (12314810)|HEAP_ALLOCATE|[EXTERNAL]|Bytes:-4
14:37:25.0 (12321159)|HEAP_ALLOCATE|[276]|Bytes:5
14:37:25.0 (12326907)|VARIABLE_SCOPE_BEGIN|[276]|key|String|false|false
14:37:25.0 (12333494)|VARIABLE_ASSIGNMENT|[276]|key|"Reversa de Comisión"
14:37:25.0 (12337519)|STATEMENT_EXECUTE|[276]
14:37:25.0 (12338677)|STATEMENT_EXECUTE|[278]
14:37:25.0 (12345034)|VARIABLE_SCOPE_BEGIN|[278]|info|Schema.RecordTypeInfo|true|false
14:37:25.0 (12376109)|VARIABLE_ASSIGNMENT|[278]|info|"common.api.soap.wsdl.RecordTypeInfo@c12cbb8e"|0x67a76579
14:37:25.0 (12395117)|STATEMENT_EXECUTE|[279]
14:37:25.0 (12399603)|HEAP_ALLOCATE|[279]|Bytes:4
14:37:25.0 (12409592)|HEAP_ALLOCATE|[EXTERNAL]|Bytes:-4
14:37:25.0 (12417654)|HEAP_ALLOCATE|[276]|Bytes:5
14:37:25.0 (12441345)|VARIABLE_SCOPE_BEGIN|[276]|key|String|false|false
14:37:25.0 (12450242)|VARIABLE_ASSIGNMENT|[276]|key|"Reversa de Comisión  (8 more) ..."
14:37:25.0 (12454313)|STATEMENT_EXECUTE|[276]
14:37:25.0 (12455514)|STATEMENT_EXECUTE|[278]
14:37:25.0 (12462769)|VARIABLE_SCOPE_BEGIN|[278]|info|Schema.RecordTypeInfo|true|false
14:37:25.0 (12495099)|VARIABLE_ASSIGNMENT|[278]|info|"common.api.soap.wsdl.RecordTypeInfo@af5255b"|0x79dee205
14:37:25.0 (12499630)|STATEMENT_EXECUTE|[279]
14:37:25.0 (12504042)|HEAP_ALLOCATE|[279]|Bytes:4
14:37:25.0 (12513424)|HEAP_ALLOCATE|[EXTERNAL]|Bytes:-4
14:37:25.0 (12522175)|HEAP_ALLOCATE|[276]|Bytes:5
14:37:25.0 (12528399)|VARIABLE_SCOPE_BEGIN|[276]|key|String|false|false
14:37:25.0 (12534929)|VARIABLE_ASSIGNMENT|[276]|key|"Riesgos/Originación"
14:37:25.0 (12538391)|STATEMENT_EXECUTE|[276]
14:37:25.0 (12539612)|STATEMENT_EXECUTE|[278]
14:37:25.0 (12545990)|VARIABLE_SCOPE_BEGIN|[278]|info|Schema.RecordTypeInfo|true|false
14:37:25.0 (12574791)|VARIABLE_ASSIGNMENT|[278]|info|"common.api.soap.wsdl.RecordTypeInfo@b4223aba"|0x79b25a5b
14:37:25.0 (12579204)|STATEMENT_EXECUTE|[279]
14:37:25.0 (12582928)|HEAP_ALLOCATE|[279]|Bytes:4
14:37:25.0 (12591347)|HEAP_ALLOCATE|[EXTERNAL]|Bytes:-4
14:37:25.0 (12598714)|HEAP_ALLOCATE|[276]|Bytes:5
14:37:25.0 (12604924)|VARIABLE_SCOPE_BEGIN|[276]|key|String|false|false
14:37:25.0 (12611683)|VARIABLE_ASSIGNMENT|[276]|key|"Saldo a Favor"
14:37:25.0 (12615046)|STATEMENT_EXECUTE|[276]
14:37:25.0 (12616152)|STATEMENT_EXECUTE|[278]
14:37:25.0 (12623225)|VARIABLE_SCOPE_BEGIN|[278]|info|Schema.RecordTypeInfo|true|false
14:37:25.0 (12651212)|VARIABLE_ASSIGNMENT|[278]|info|"common.api.soap.wsdl.RecordTypeInfo@3723677e"|0x6297e92b
14:37:25.0 (12655680)|STATEMENT_EXECUTE|[279]
14:37:25.0 (12679744)|HEAP_ALLOCATE|[279]|Bytes:4
14:37:25.0 (12689328)|HEAP_ALLOCATE|[EXTERNAL]|Bytes:-4
14:37:25.0 (12697750)|HEAP_ALLOCATE|[276]|Bytes:5
14:37:25.0 (12704695)|VARIABLE_SCOPE_BEGIN|[276]|key|String|false|false
14:37:25.0 (12711943)|VARIABLE_ASSIGNMENT|[276]|key|"Seguimiento a Folios"
14:37:25.0 (12714986)|STATEMENT_EXECUTE|[276]
14:37:25.0 (12716215)|STATEMENT_EXECUTE|[278]
14:37:25.0 (12723028)|VARIABLE_SCOPE_BEGIN|[278]|info|Schema.RecordTypeInfo|true|false
14:37:25.0 (12751687)|VARIABLE_ASSIGNMENT|[278]|info|"common.api.soap.wsdl.RecordTypeInfo@eb3cbf33"|0x3ec7c4ad
14:37:25.0 (12756183)|STATEMENT_EXECUTE|[279]
14:37:25.0 (12759851)|HEAP_ALLOCATE|[279]|Bytes:4
14:37:25.0 (12767818)|HEAP_ALLOCATE|[EXTERNAL]|Bytes:-4
14:37:25.0 (12775423)|HEAP_ALLOCATE|[276]|Bytes:5
14:37:25.0 (12781955)|VARIABLE_SCOPE_BEGIN|[276]|key|String|false|false
14:37:25.0 (12789251)|VARIABLE_ASSIGNMENT|[276]|key|"Solicitud de Contrat (1 more) ..."
14:37:25.0 (12792115)|STATEMENT_EXECUTE|[276]
14:37:25.0 (12793281)|STATEMENT_EXECUTE|[278]
14:37:25.0 (12800431)|VARIABLE_SCOPE_BEGIN|[278]|info|Schema.RecordTypeInfo|true|false
14:37:25.0 (12827046)|VARIABLE_ASSIGNMENT|[278]|info|"common.api.soap.wsdl.RecordTypeInfo@7488117c"|0x3007d7ba
14:37:25.0 (12831520)|STATEMENT_EXECUTE|[279]
14:37:25.0 (12835418)|HEAP_ALLOCATE|[279]|Bytes:4
14:37:25.0 (12844095)|HEAP_ALLOCATE|[EXTERNAL]|Bytes:-4
14:37:25.0 (12851911)|HEAP_ALLOCATE|[276]|Bytes:5
14:37:25.0 (12857494)|VARIABLE_SCOPE_BEGIN|[276]|key|String|false|false
14:37:25.0 (12864343)|VARIABLE_ASSIGNMENT|[276]|key|"Soporte a Módulo"
14:37:25.0 (12868338)|STATEMENT_EXECUTE|[276]
14:37:25.0 (12869624)|STATEMENT_EXECUTE|[278]
14:37:25.0 (12875639)|VARIABLE_SCOPE_BEGIN|[278]|info|Schema.RecordTypeInfo|true|false
14:37:25.0 (12902053)|VARIABLE_ASSIGNMENT|[278]|info|"common.api.soap.wsdl.RecordTypeInfo@a144407d"|0x5b8c2363
14:37:25.0 (12906573)|STATEMENT_EXECUTE|[279]
14:37:25.0 (12909850)|HEAP_ALLOCATE|[279]|Bytes:4
14:37:25.0 (12918155)|HEAP_ALLOCATE|[EXTERNAL]|Bytes:-4
14:37:25.0 (12926335)|HEAP_ALLOCATE|[276]|Bytes:5
14:37:25.0 (12932105)|VARIABLE_SCOPE_BEGIN|[276]|key|String|false|false
14:37:25.0 (12938847)|VARIABLE_ASSIGNMENT|[276]|key|"Sospecha de Fraude"
14:37:25.0 (12941694)|STATEMENT_EXECUTE|[276]
14:37:25.0 (12942780)|STATEMENT_EXECUTE|[278]
14:37:25.0 (12948558)|VARIABLE_SCOPE_BEGIN|[278]|info|Schema.RecordTypeInfo|true|false
14:37:25.0 (12976339)|VARIABLE_ASSIGNMENT|[278]|info|"common.api.soap.wsdl.RecordTypeInfo@6c3b7acf"|0x68f4788
14:37:25.0 (12980864)|STATEMENT_EXECUTE|[279]
14:37:25.0 (12984270)|HEAP_ALLOCATE|[279]|Bytes:4
14:37:25.0 (12992021)|HEAP_ALLOCATE|[EXTERNAL]|Bytes:-4
14:37:25.0 (12999297)|HEAP_ALLOCATE|[276]|Bytes:5
14:37:25.0 (13033440)|VARIABLE_SCOPE_BEGIN|[276]|key|String|false|false
14:37:25.0 (13042148)|VARIABLE_ASSIGNMENT|[276]|key|"Sospecha de fraudes  (8 more) ..."
14:37:25.0 (13045365)|STATEMENT_EXECUTE|[276]
14:37:25.0 (13046580)|STATEMENT_EXECUTE|[278]
14:37:25.0 (13054103)|VARIABLE_SCOPE_BEGIN|[278]|info|Schema.RecordTypeInfo|true|false
14:37:25.0 (13083354)|VARIABLE_ASSIGNMENT|[278]|info|"common.api.soap.wsdl.RecordTypeInfo@8088bf01"|0x6ed1958
14:37:25.0 (13087744)|STATEMENT_EXECUTE|[279]
14:37:25.0 (13091545)|HEAP_ALLOCATE|[279]|Bytes:4
14:37:25.0 (13099630)|HEAP_ALLOCATE|[EXTERNAL]|Bytes:-4
14:37:25.0 (13107584)|HEAP_ALLOCATE|[276]|Bytes:5
14:37:25.0 (13113995)|VARIABLE_SCOPE_BEGIN|[276]|key|String|false|false
14:37:25.0 (13120641)|VARIABLE_ASSIGNMENT|[276]|key|"Tarjeta de Crédito"
14:37:25.0 (13124373)|STATEMENT_EXECUTE|[276]
14:37:25.0 (13125578)|STATEMENT_EXECUTE|[278]
14:37:25.0 (13132193)|VARIABLE_SCOPE_BEGIN|[278]|info|Schema.RecordTypeInfo|true|false
14:37:25.0 (13161860)|VARIABLE_ASSIGNMENT|[278]|info|"common.api.soap.wsdl.RecordTypeInfo@5d93dd17"|0x8d9a438
14:37:25.0 (13166561)|STATEMENT_EXECUTE|[279]
14:37:25.0 (13170275)|HEAP_ALLOCATE|[279]|Bytes:4
14:37:25.0 (13187839)|HEAP_ALLOCATE|[EXTERNAL]|Bytes:-4
14:37:25.0 (13196628)|HEAP_ALLOCATE|[276]|Bytes:5
14:37:25.0 (13202491)|VARIABLE_SCOPE_BEGIN|[276]|key|String|false|false
14:37:25.0 (13209868)|VARIABLE_ASSIGNMENT|[276]|key|"Tarjeta no pasa"
14:37:25.0 (13213078)|STATEMENT_EXECUTE|[276]
14:37:25.0 (13214235)|STATEMENT_EXECUTE|[278]
14:37:25.0 (13221608)|VARIABLE_SCOPE_BEGIN|[278]|info|Schema.RecordTypeInfo|true|false
14:37:25.0 (13280199)|VARIABLE_ASSIGNMENT|[278]|info|"common.api.soap.wsdl.RecordTypeInfo@e5bf180e"|0x3274197b
14:37:25.0 (13286334)|STATEMENT_EXECUTE|[279]
14:37:25.0 (13291723)|HEAP_ALLOCATE|[279]|Bytes:4
14:37:25.0 (13302074)|HEAP_ALLOCATE|[EXTERNAL]|Bytes:-4
14:37:25.0 (13310415)|HEAP_ALLOCATE|[276]|Bytes:5
14:37:25.0 (13317165)|VARIABLE_SCOPE_BEGIN|[276]|key|String|false|false
14:37:25.0 (13325417)|VARIABLE_ASSIGNMENT|[276]|key|"Tarjeta no pasa (Mód (4 more) ..."
14:37:25.0 (13329497)|STATEMENT_EXECUTE|[276]
14:37:25.0 (13330636)|STATEMENT_EXECUTE|[278]
14:37:25.0 (13337483)|VARIABLE_SCOPE_BEGIN|[278]|info|Schema.RecordTypeInfo|true|false
14:37:25.0 (13368003)|VARIABLE_ASSIGNMENT|[278]|info|"common.api.soap.wsdl.RecordTypeInfo@aa34942d"|0x4e3bbbba
14:37:25.0 (13372355)|STATEMENT_EXECUTE|[279]
14:37:25.0 (13376243)|HEAP_ALLOCATE|[279]|Bytes:4
14:37:25.0 (13384584)|HEAP_ALLOCATE|[EXTERNAL]|Bytes:-4
14:37:25.0 (13392720)|HEAP_ALLOCATE|[276]|Bytes:5
14:37:25.0 (13398985)|VARIABLE_SCOPE_BEGIN|[276]|key|String|false|false
14:37:25.0 (13405759)|VARIABLE_ASSIGNMENT|[276]|key|"Up Grade"
14:37:25.0 (13409075)|STATEMENT_EXECUTE|[276]
14:37:25.0 (13410410)|STATEMENT_EXECUTE|[278]
14:37:25.0 (13416628)|VARIABLE_SCOPE_BEGIN|[278]|info|Schema.RecordTypeInfo|true|false
14:37:25.0 (13445169)|VARIABLE_ASSIGNMENT|[278]|info|"common.api.soap.wsdl.RecordTypeInfo@f6ba334"|0x20724cfc
14:37:25.0 (13450020)|STATEMENT_EXECUTE|[279]
14:37:25.0 (13453970)|HEAP_ALLOCATE|[279]|Bytes:4
14:37:25.0 (13462965)|HEAP_ALLOCATE|[EXTERNAL]|Bytes:-4
14:37:25.0 (13470990)|HEAP_ALLOCATE|[276]|Bytes:5
14:37:25.0 (13476837)|VARIABLE_SCOPE_BEGIN|[276]|key|String|false|false
14:37:25.0 (13483760)|VARIABLE_ASSIGNMENT|[276]|key|"WEB"
14:37:25.0 (13486727)|STATEMENT_EXECUTE|[276]
14:37:25.0 (13487953)|STATEMENT_EXECUTE|[278]
14:37:25.0 (13494545)|VARIABLE_SCOPE_BEGIN|[278]|info|Schema.RecordTypeInfo|true|false
14:37:25.0 (13550944)|VARIABLE_ASSIGNMENT|[278]|info|"common.api.soap.wsdl.RecordTypeInfo@288d39b"|0x65cfd4ae
14:37:25.0 (13555972)|STATEMENT_EXECUTE|[279]
14:37:25.0 (13559900)|HEAP_ALLOCATE|[279]|Bytes:4
14:37:25.0 (13569389)|HEAP_ALLOCATE|[EXTERNAL]|Bytes:-4
14:37:25.0 (13577830)|HEAP_ALLOCATE|[276]|Bytes:5
14:37:25.0 (13584845)|VARIABLE_SCOPE_BEGIN|[276]|key|String|false|false
14:37:25.0 (13591967)|VARIABLE_ASSIGNMENT|[276]|key|"Master"
14:37:25.0 (13595124)|STATEMENT_EXECUTE|[276]
14:37:25.0 (13596298)|STATEMENT_EXECUTE|[278]
14:37:25.0 (13603072)|VARIABLE_SCOPE_BEGIN|[278]|info|Schema.RecordTypeInfo|true|false
14:37:25.0 (13635868)|VARIABLE_ASSIGNMENT|[278]|info|"common.api.soap.wsdl.RecordTypeInfo@414d784a"|0x7762a6ad
14:37:25.0 (13640600)|STATEMENT_EXECUTE|[279]
14:37:25.0 (13644227)|HEAP_ALLOCATE|[279]|Bytes:4
14:37:25.0 (13652884)|HEAP_ALLOCATE|[EXTERNAL]|Bytes:-4
14:37:25.0 (13660880)|HEAP_ALLOCATE|[276]|Bytes:5
14:37:25.0 (13669425)|VARIABLE_ASSIGNMENT|[276]|key|null
14:37:25.0 (13674690)|STATEMENT_EXECUTE|[283]
14:37:25.13 (13757338)|CUMULATIVE_LIMIT_USAGE
14:37:25.13 (13757338)|LIMIT_USAGE_FOR_NS|(default)|
  Number of SOQL queries: 0 out of 100
  Number of query rows: 0 out of 50000
  Number of SOSL queries: 0 out of 20
  Number of DML statements: 0 out of 150
  Number of Publish Immediate DML: 0 out of 150
  Number of DML rows: 0 out of 10000
  Maximum CPU time: 0 out of 10000
  Maximum heap size: 0 out of 6000000
  Number of callouts: 0 out of 100
  Number of Email Invocations: 0 out of 10
  Number of future calls: 0 out of 50
  Number of queueable jobs added to the queue: 0 out of 50
  Number of Mobile Apex push calls: 0 out of 10

14:37:25.13 (13757338)|CUMULATIVE_LIMIT_USAGE_END

14:37:25.0 (13788270)|CODE_UNIT_FINISHED|AuthenticateCustomerController.getCaseRecordTypesByName()
14:37:25.0 (14266762)|CODE_UNIT_FINISHED|apex://AuthenticateCustomerController/ACTION$getCaseRecordTypesByName
14:37:25.0 (14317580)|EXECUTION_FINISHED
