52.0 APEX_CODE,FINEST;APEX_PROFILING,INFO;CALLOUT,INFO;DATA_ACCESS,INFO;DB,INFO;NBA,INFO;SYSTEM,DEBUG;VALIDATION,INFO;VISUALFORCE,INFO;WAVE,INFO;WORKFLOW,INFO
18:06:05.0 (324158)|USER_INFO|[EXTERNAL]|0051N000008bAK9|contingenciafalabella@falabella.com.mx|(GMT-06:00) Central Standard Time (America/Mexico_City)|GMT-06:00
18:06:05.0 (470623)|EXECUTION_STARTED
18:06:05.0 (514170)|CODE_UNIT_STARTED|[EXTERNAL]|01p3l00000EBsec|BatchUpdateCaseGestorBO
18:06:05.0 (1525190)|HEAP_ALLOCATE|[95]|Bytes:3
18:06:05.0 (1641965)|HEAP_ALLOCATE|[100]|Bytes:152
18:06:05.0 (1656990)|HEAP_ALLOCATE|[417]|Bytes:408
18:06:05.0 (1672553)|HEAP_ALLOCATE|[430]|Bytes:408
18:06:05.0 (1694418)|HEAP_ALLOCATE|[317]|Bytes:6
18:06:05.0 (2926579)|HEAP_ALLOCATE|[EXTERNAL]|Bytes:98
18:06:05.0 (3528844)|HEAP_ALLOCATE|[EXTERNAL]|Bytes:11
18:06:05.0 (3588789)|SYSTEM_METHOD_ENTRY|[15]|BatchableContextImpl.BatchableContextImpl()
18:06:05.0 (3616396)|STATEMENT_EXECUTE|[15]
18:06:05.0 (3666732)|SYSTEM_METHOD_EXIT|[15]|BatchableContextImpl
18:06:05.0 (3672354)|HEAP_ALLOCATE|[EXTERNAL]|Bytes:12
18:06:05.0 (3675943)|HEAP_ALLOCATE|[EXTERNAL]|Bytes:4
18:06:05.0 (3689349)|VARIABLE_SCOPE_BEGIN|[31]|this|Database.BatchableContextImpl|true|false
18:06:05.0 (3814776)|VARIABLE_ASSIGNMENT|[31]|this|{}|0x70d16479
18:06:05.0 (3818329)|VARIABLE_SCOPE_BEGIN|[31]|jobId|Id|false|false
18:06:05.0 (3913255)|VARIABLE_ASSIGNMENT|[31]|jobId|"707RQ00001vVis4YAC"
18:06:05.0 (3916503)|VARIABLE_SCOPE_BEGIN|[31]|childJobId|Id|false|false
18:06:05.0 (3922789)|VARIABLE_ASSIGNMENT|[31]|childJobId|null
18:06:05.0 (15412400)|HEAP_ALLOCATE|[EXTERNAL]|Bytes:99
18:06:05.0 (15434975)|HEAP_ALLOCATE|[EXTERNAL]|Bytes:12
18:06:05.0 (15501255)|METHOD_ENTRY|[11]|01p3l00000EBsec|BatchUpdateCaseGestorBO.BatchUpdateCaseGestorBO()
18:06:05.0 (15523878)|STATEMENT_EXECUTE|[11]
18:06:05.0 (15538154)|STATEMENT_EXECUTE|[11]
18:06:05.0 (15547847)|METHOD_EXIT|[11]|BatchUpdateCaseGestorBO
18:06:05.0 (15553563)|HEAP_ALLOCATE|[EXTERNAL]|Bytes:20
18:06:05.0 (15556472)|HEAP_ALLOCATE|[EXTERNAL]|Bytes:12
18:06:05.0 (15568635)|VARIABLE_SCOPE_BEGIN|[108]|this|BatchUpdateCaseGestorBO|true|false
18:06:05.0 (15643580)|VARIABLE_ASSIGNMENT|[108]|this|{"idQueueFraudesCredito":"00G3l000004HYBREA4","intCallMSAttempts":3,"lstRecordTypesBO":"0x75383f48","lstRequestsWithError":"0x4af5aae0"}|0x68b940ef
18:06:05.0 (15655672)|VARIABLE_SCOPE_BEGIN|[108]|BC|Database.BatchableContext|true|false
18:06:05.0 (15718592)|VARIABLE_ASSIGNMENT|[108]|BC|{"jobId":"707RQ00001vVis4YAC"}|0x70d16479
18:06:05.0 (15729264)|STATEMENT_EXECUTE|[108]
18:06:05.0 (15800765)|STATEMENT_EXECUTE|[111]
18:06:05.29 (29905268)|CUMULATIVE_LIMIT_USAGE
18:06:05.29 (29905268)|LIMIT_USAGE_FOR_NS|(default)|
  Number of SOQL queries: 0 out of 200
  Number of query rows: 0 out of 50000
  Number of SOSL queries: 0 out of 20
  Number of DML statements: 0 out of 150
  Number of Publish Immediate DML: 0 out of 150
  Number of DML rows: 0 out of 10000
  Maximum CPU time: 0 out of 60000
  Maximum heap size: 0 out of 12000000
  Number of callouts: 0 out of 0
  Number of Email Invocations: 0 out of 10
  Number of future calls: 0 out of 0
  Number of queueable jobs added to the queue: 0 out of 1
  Number of Mobile Apex push calls: 0 out of 10

18:06:05.29 (29905268)|CUMULATIVE_LIMIT_USAGE_END

18:06:05.0 (30146728)|CODE_UNIT_FINISHED|BatchUpdateCaseGestorBO
18:06:05.0 (30177043)|EXECUTION_FINISHED
