56.0 APEX_CODE,FINEST;APEX_PROFILING,INFO;CALLOUT,INFO;DATA_ACCESS,INFO;DB,INFO;NBA,INFO;SYSTEM,DEBUG;VALIDATION,INFO;VISUALFORCE,INFO;WAVE,INFO;WORKFLOW,INFO
17:00:00.1 (1215228)|USER_INFO|[EXTERNAL]|0051N000005gvau|etrevinofalabella@izeicg.com.uat|(GMT-06:00) Central Standard Time (America/Mexico_City)|GMT-06:00
17:00:00.1 (1256373)|EXECUTION_STARTED
17:00:00.1 (1269445)|CODE_UNIT_STARTED|[EXTERNAL]|01pDK00000AKh3x|BatchUpdateCasesEmboce_a min0
17:00:00.1 (15268018)|HEAP_ALLOCATE|[95]|Bytes:3
17:00:00.1 (15390413)|HEAP_ALLOCATE|[100]|Bytes:152
17:00:00.1 (15408059)|HEAP_ALLOCATE|[417]|Bytes:408
17:00:00.1 (15419418)|HEAP_ALLOCATE|[430]|Bytes:408
17:00:00.1 (15440912)|HEAP_ALLOCATE|[317]|Bytes:6
17:00:00.1 (15456878)|HEAP_ALLOCATE|[EXTERNAL]|Bytes:3
17:00:00.1 (15477268)|SYSTEM_METHOD_ENTRY|[1]|SchedulableContextImpl.SchedulableContextImpl()
17:00:00.1 (15494266)|STATEMENT_EXECUTE|[1]
17:00:00.1 (15506291)|SYSTEM_METHOD_EXIT|[1]|SchedulableContextImpl
17:00:00.1 (15514056)|HEAP_ALLOCATE|[EXTERNAL]|Bytes:8
17:00:00.1 (15518101)|HEAP_ALLOCATE|[EXTERNAL]|Bytes:4
17:00:00.1 (15532232)|VARIABLE_SCOPE_BEGIN|[4]|this|System.SchedulableContextImpl|true|false
17:00:00.1 (15668350)|VARIABLE_ASSIGNMENT|[4]|this|{}|0x7e9c4468
17:00:00.1 (15674694)|VARIABLE_SCOPE_BEGIN|[4]|triggerId|Id|false|false
17:00:00.1 (15815945)|VARIABLE_ASSIGNMENT|[4]|triggerId|"08eDK00000cySS0YAM"
17:00:00.1 (19835404)|HEAP_ALLOCATE|[EXTERNAL]|Bytes:2
17:00:00.1 (19866150)|METHOD_ENTRY|[11]|01pDK00000AKh3x|ScheduleBatchUpdateCasesEmboce.ScheduleBatchUpdateCasesEmboce()
17:00:00.1 (19873603)|STATEMENT_EXECUTE|[11]
17:00:00.1 (19879178)|STATEMENT_EXECUTE|[11]
17:00:00.1 (19884283)|METHOD_EXIT|[11]|ScheduleBatchUpdateCasesEmboce
17:00:00.1 (19891017)|HEAP_ALLOCATE|[EXTERNAL]|Bytes:4
17:00:00.1 (19894068)|HEAP_ALLOCATE|[EXTERNAL]|Bytes:8
17:00:00.1 (19905376)|VARIABLE_SCOPE_BEGIN|[13]|this|ScheduleBatchUpdateCasesEmboce|true|false
17:00:00.1 (19937599)|VARIABLE_ASSIGNMENT|[13]|this|{}|0x4f3cd1f8
17:00:00.1 (19940717)|VARIABLE_SCOPE_BEGIN|[13]|SC|System.SchedulableContext|true|false
17:00:00.1 (20012173)|VARIABLE_ASSIGNMENT|[13]|SC|{"triggerId":"08eDK00000cySS0YAM"}|0x7e9c4468
17:00:00.1 (20022450)|STATEMENT_EXECUTE|[13]
17:00:00.1 (20023555)|STATEMENT_EXECUTE|[15]
17:00:00.1 (23639614)|HEAP_ALLOCATE|[15]|Bytes:99
17:00:00.1 (23663151)|HEAP_ALLOCATE|[15]|Bytes:12
17:00:00.1 (23691821)|METHOD_ENTRY|[11]|01pDK00000AKh3n|BatchUpdateCasesEmboce.BatchUpdateCasesEmboce()
17:00:00.1 (23700276)|STATEMENT_EXECUTE|[11]
17:00:00.1 (23709975)|STATEMENT_EXECUTE|[11]
17:00:00.1 (23716907)|METHOD_EXIT|[11]|BatchUpdateCasesEmboce
17:00:00.1 (23767113)|HEAP_ALLOCATE|[15]|Bytes:24
17:00:00.1 (23794175)|CONSTRUCTOR_ENTRY|[15]|01pDK00000AKh3n|<init>()|BatchUpdateCasesEmboce
17:00:00.1 (23832815)|VARIABLE_SCOPE_BEGIN|[25]|this|BatchUpdateCasesEmboce|true|false
17:00:00.1 (23896119)|VARIABLE_ASSIGNMENT|[25]|this|{}|0x672d4bc8
17:00:00.1 (23904589)|STATEMENT_EXECUTE|[11]
17:00:00.1 (23906279)|STATEMENT_EXECUTE|[13]
17:00:00.1 (23912779)|HEAP_ALLOCATE|[13]|Bytes:35
17:00:00.1 (23934449)|HEAP_ALLOCATE|[68]|Bytes:5
17:00:00.1 (23963402)|HEAP_ALLOCATE|[74]|Bytes:5
17:00:00.1 (23971029)|HEAP_ALLOCATE|[82]|Bytes:7
17:00:00.1 (30202201)|HEAP_ALLOCATE|[13]|Bytes:10
17:00:00.1 (30273418)|VARIABLE_ASSIGNMENT|[13]|this.estatus|"CONFIRMADO"|0x672d4bc8
17:00:00.1 (30283504)|STATEMENT_EXECUTE|[15]
17:00:00.1 (30285784)|STATEMENT_EXECUTE|[16]
17:00:00.1 (30287137)|STATEMENT_EXECUTE|[19]
17:00:00.1 (30288363)|STATEMENT_EXECUTE|[22]
17:00:00.1 (30328828)|STATEMENT_EXECUTE|[25]
17:00:00.1 (30330677)|STATEMENT_EXECUTE|[27]
17:00:00.1 (30336200)|HEAP_ALLOCATE|[27]|Bytes:43
17:00:00.1 (30381060)|HEAP_ALLOCATE|[27]|Bytes:10
17:00:00.1 (30389551)|VARIABLE_SCOPE_BEGIN|[27]|strStatusClosed|String|false|false
17:00:00.1 (30402315)|VARIABLE_ASSIGNMENT|[27]|strStatusClosed|"CONFIRMADO"
17:00:00.1 (30406140)|STATEMENT_EXECUTE|[28]
17:00:00.1 (30407994)|HEAP_ALLOCATE|[28]|Bytes:45
17:00:00.1 (30416161)|HEAP_ALLOCATE|[28]|Bytes:10
17:00:00.1 (30419540)|VARIABLE_SCOPE_BEGIN|[28]|strStatusCanceled|String|false|false
17:00:00.1 (30425851)|VARIABLE_ASSIGNMENT|[28]|strStatusCanceled|"DEVOLUCION"
17:00:00.1 (30428748)|STATEMENT_EXECUTE|[30]
17:00:00.1 (30430767)|HEAP_ALLOCATE|[30]|Bytes:1
17:00:00.1 (30600747)|HEAP_ALLOCATE|[30]|Bytes:10
17:00:00.1 (30607781)|HEAP_ALLOCATE|[30]|Bytes:8
17:00:00.1 (30675518)|HEAP_ALLOCATE|[EXTERNAL]|Bytes:8
17:00:00.1 (30694880)|VARIABLE_ASSIGNMENT|[30]|this.lstStatusClosedCases|["CONFIRMADO"]|0x672d4bc8
17:00:00.1 (30699595)|STATEMENT_EXECUTE|[31]
17:00:00.1 (30724993)|HEAP_ALLOCATE|[31]|Bytes:10
17:00:00.1 (30728280)|HEAP_ALLOCATE|[31]|Bytes:8
17:00:00.1 (30745952)|HEAP_ALLOCATE|[EXTERNAL]|Bytes:8
17:00:00.1 (30751798)|VARIABLE_ASSIGNMENT|[31]|this.lstStatusCanceledCases|["DEVOLUCION"]|0x672d4bc8
17:00:00.1 (30756722)|STATEMENT_EXECUTE|[33]
17:00:00.1 (30777875)|HEAP_ALLOCATE|[33]|Bytes:4
17:00:00.1 (30803593)|VARIABLE_ASSIGNMENT|[33]|this.mapErrors|{}|0x672d4bc8
17:00:00.1 (30808016)|STATEMENT_EXECUTE|[36]
17:00:00.1 (30810549)|HEAP_ALLOCATE|[36]|Bytes:39
17:00:00.1 (30834997)|HEAP_ALLOCATE|[36]|Bytes:10
17:00:00.1 (30838281)|VARIABLE_SCOPE_BEGIN|[36]|strReturns|String|false|false
17:00:00.1 (30844264)|VARIABLE_ASSIGNMENT|[36]|strReturns|"DEVOLUCION"
17:00:00.1 (30846690)|STATEMENT_EXECUTE|[37]
17:00:00.1 (30859937)|HEAP_ALLOCATE|[37]|Bytes:10
17:00:00.1 (30861841)|HEAP_ALLOCATE|[37]|Bytes:8
17:00:00.1 (30872274)|HEAP_ALLOCATE|[EXTERNAL]|Bytes:8
17:00:00.1 (30875834)|VARIABLE_ASSIGNMENT|[37]|this.lstReturns|["DEVOLUCION"]|0x672d4bc8
17:00:00.1 (30885273)|CONSTRUCTOR_EXIT|[15]|01pDK00000AKh3n|<init>()|BatchUpdateCasesEmboce
17:00:00.1 (30889958)|VARIABLE_SCOPE_BEGIN|[15]|batchApex|BatchUpdateCasesEmboce|true|false
17:00:00.1 (30926458)|VARIABLE_ASSIGNMENT|[15]|batchApex|{"estatus":"CONFIRMADO","lstReturns":"0x50f83e73","lstStatusCanceledCases":"0x52ff05c0","lstStatusClosedCases":"0x278b4b39","mapErrors":"0x134ea22e"}|0x672d4bc8
17:00:00.1 (30930840)|STATEMENT_EXECUTE|[16]
17:00:00.90 (90628943)|CUMULATIVE_LIMIT_USAGE
17:00:00.90 (90628943)|LIMIT_USAGE_FOR_NS|(default)|
  Number of SOQL queries: 0 out of 100
  Number of query rows: 0 out of 50000
  Number of SOSL queries: 0 out of 20
  Number of DML statements: 0 out of 150
  Number of Publish Immediate DML: 0 out of 150
  Number of DML rows: 0 out of 10000
  Maximum CPU time: 0 out of 10000
  Maximum heap size: 0 out of 6000000
  Number of callouts: 0 out of 100
  Number of Email Invocations: 0 out of 10
  Number of future calls: 0 out of 50
  Number of queueable jobs added to the queue: 0 out of 50
  Number of Mobile Apex push calls: 0 out of 10

17:00:00.90 (90628943)|CUMULATIVE_LIMIT_USAGE_END

17:00:00.1 (90699935)|CODE_UNIT_FINISHED|BatchUpdateCasesEmboce_a min0
17:00:00.1 (90720551)|EXECUTION_FINISHED
