66.0 APEX_CODE,FINEST;APEX_PROFILING,INFO;CALLOUT,INFO;DATA_ACCESS,INFO;DB,INFO;NBA,INFO;SYSTEM,DEBUG;VALIDATION,INFO;VISUALFORCE,INFO;WAVE,INFO;WORKFLOW,INFO
14:45:57.0 (197059)|USER_INFO|[EXTERNAL]|0051N000005gvau|etrevinofalabella@izeicg.com.uat|(GMT-06:00) Central Standard Time (America/Mexico_City)|GMT-06:00
14:45:57.0 (228866)|EXECUTION_STARTED
14:45:57.0 (238617)|CODE_UNIT_STARTED|[EXTERNAL]|apex://AuthenticateCustomerController/ACTION$getCustomerByCaseId
14:45:57.0 (4624346)|CODE_UNIT_STARTED|[EXTERNAL]|01p1N00000DazLB|AuthenticateCustomerController.getCustomerByCaseId(String)
14:45:57.0 (4768856)|VARIABLE_SCOPE_BEGIN|[19]|AuthenticateCustomerController.BE|String|false|true
14:45:57.0 (4941438)|HEAP_ALLOCATE|[95]|Bytes:3
14:45:57.0 (4979547)|HEAP_ALLOCATE|[100]|Bytes:152
14:45:57.0 (4991939)|HEAP_ALLOCATE|[417]|Bytes:408
14:45:57.0 (5002595)|HEAP_ALLOCATE|[430]|Bytes:408
14:45:57.0 (5022866)|HEAP_ALLOCATE|[317]|Bytes:6
14:45:57.0 (5033856)|HEAP_ALLOCATE|[EXTERNAL]|Bytes:13
14:45:57.0 (5037241)|HEAP_ALLOCATE|[EXTERNAL]|Bytes:70
14:45:57.0 (5039281)|HEAP_ALLOCATE|[EXTERNAL]|Bytes:88
14:45:57.0 (5041521)|HEAP_ALLOCATE|[EXTERNAL]|Bytes:2
14:45:57.0 (5089148)|VARIABLE_ASSIGNMENT|[EXTERNAL]|AuthenticateCustomerController.BE|"BE"
14:45:57.0 (5099276)|METHOD_ENTRY|[17]|01p1N00000DazLB|AuthenticateCustomerController.AuthenticateCustomerController()
14:45:57.0 (5110771)|STATEMENT_EXECUTE|[17]
14:45:57.0 (5118634)|STATEMENT_EXECUTE|[17]
14:45:57.0 (5135767)|HEAP_ALLOCATE|[68]|Bytes:5
14:45:57.0 (5154700)|HEAP_ALLOCATE|[74]|Bytes:5
14:45:57.0 (5159135)|HEAP_ALLOCATE|[82]|Bytes:7
14:45:57.0 (5295941)|HEAP_ALLOCATE|[EXTERNAL]|Bytes:5
14:45:57.0 (5299658)|STATEMENT_EXECUTE|[21]
14:45:57.0 (5306984)|METHOD_EXIT|[17]|AuthenticateCustomerController
14:45:57.0 (5310832)|HEAP_ALLOCATE|[EXTERNAL]|Bytes:18
14:45:57.0 (5322862)|VARIABLE_SCOPE_BEGIN|[433]|caseId|String|false|false
14:45:57.0 (5331000)|VARIABLE_ASSIGNMENT|[433]|caseId|"500Rt00000e4fwNIAQ"
14:45:57.0 (5338510)|HEAP_ALLOCATE|[435]|Bytes:5
14:45:57.0 (5341259)|STATEMENT_EXECUTE|[433]
14:45:57.0 (5342878)|STATEMENT_EXECUTE|[435]
14:45:57.0 (5344705)|STATEMENT_EXECUTE|[439]
14:45:57.0 (5346013)|HEAP_ALLOCATE|[439]|Bytes:46
14:45:57.0 (5361413)|HEAP_ALLOCATE|[439]|Bytes:4
14:45:57.0 (5371436)|HEAP_ALLOCATE|[439]|Bytes:7
14:45:57.0 (6435781)|SOQL_EXECUTE_BEGIN|[439]|Aggregations:0|SELECT AccountId FROM Case WHERE Id = :tmpVar1
14:45:57.0 (12175876)|SOQL_EXECUTE_END|[439]|Rows:1
14:45:57.0 (12206300)|HEAP_ALLOCATE|[439]|Bytes:8
14:45:57.0 (12224077)|HEAP_ALLOCATE|[439]|Bytes:60
14:45:57.0 (12320318)|HEAP_ALLOCATE|[439]|Bytes:8
14:45:57.0 (12336582)|HEAP_ALLOCATE|[439]|Bytes:30
14:45:57.0 (12387271)|HEAP_ALLOCATE|[439]|Bytes:12
14:45:57.0 (12393316)|VARIABLE_SCOPE_BEGIN|[439]|c|Case|true|false
14:45:57.0 (12494651)|VARIABLE_ASSIGNMENT|[439]|c|{"AccountId":"001Rt000014IrsjIAC","Id":"500Rt00000e4fwNIAQ"}|0x2ac2bb93
14:45:57.0 (12503137)|STATEMENT_EXECUTE|[441]
14:45:57.0 (12505234)|HEAP_ALLOCATE|[441]|Bytes:2
14:45:57.0 (12600359)|HEAP_ALLOCATE|[441]|Bytes:58
14:45:57.0 (12613294)|HEAP_ALLOCATE|[441]|Bytes:60
14:45:57.0 (12644869)|USER_DEBUG|[441]|DEBUG|c Case:{AccountId=001Rt000014IrsjIAC, Id=500Rt00000e4fwNIAQ}
14:45:57.0 (12651987)|STATEMENT_EXECUTE|[443]
14:45:57.0 (12655692)|HEAP_ALLOCATE|[443]|Bytes:250
14:45:57.0 (12667047)|HEAP_ALLOCATE|[443]|Bytes:4
14:45:57.0 (14000971)|SOQL_EXECUTE_BEGIN|[443]|Aggregations:1|SELECT Id, Campa_a_Actualizaci_n_SORIBAN__c, Cliente_Anonimo__c, Autenticar_Sin_Celular__c, Name, Fecha_de_nacimiento1__c, PersonMobilePhone, Oficina__c, PersonContactId, (SELECT N_mero_de_tarjeta__c FROM Tarjetas__r) FROM Account WHERE Id = :tmpVar1
14:45:57.0 (28118847)|SOQL_EXECUTE_END|[443]|Rows:1
14:45:57.0 (28169273)|HEAP_ALLOCATE|[443]|Bytes:8
14:45:57.0 (28199803)|HEAP_ALLOCATE|[443]|Bytes:259
14:45:57.0 (28299583)|HEAP_ALLOCATE|[443]|Bytes:8
14:45:57.0 (28326373)|HEAP_ALLOCATE|[443]|Bytes:33
14:45:57.0 (28408409)|HEAP_ALLOCATE|[443]|Bytes:36
14:45:57.0 (28458006)|VARIABLE_SCOPE_BEGIN|[443]|acc|Account|true|false
14:45:57.0 (28626614)|VARIABLE_ASSIGNMENT|[443]|acc|{"Autenticar_Sin_Celular__c":false,"Cliente_Anonimo__c":false,"Fecha_de_nacimiento1__c":"1989-09-09T00:00:00.000Z","PersonContactId":"003Rt00000gNAK2IAO","PersonMobilePhone":"528121986909","Campa_a_Actualizaci_n_SORIBAN__c":false,"Id":"001Rt000014IrsjIAC","Name":"RODRIGO MENDEZ CARDO (2 more) ..."}|0x2d1ab16
14:45:57.0 (28641317)|STATEMENT_EXECUTE|[446]
14:45:57.0 (28646075)|HEAP_ALLOCATE|[446]|Bytes:9
14:45:57.0 (28801374)|HEAP_ALLOCATE|[446]|Bytes:272
14:45:57.0 (28820007)|HEAP_ALLOCATE|[446]|Bytes:281
14:45:57.0 (28856230)|USER_DEBUG|[446]|DEBUG|case acc Account:{Id=001Rt000014IrsjIAC, Campa_a_Actualizaci_n_SORIBAN__c=false, Cliente_Anonimo__c=false, Autenticar_Sin_Celular__c=false, Name=RODRIGO MENDEZ CARDOZA, Fecha_de_nacimiento1__c=1989-09-09 00:00:00, PersonMobilePhone=528121986909, PersonContactId=003Rt00000gNAK2IAO}
14:45:57.0 (28868661)|STATEMENT_EXECUTE|[447]
14:45:57.28 (28944586)|CUMULATIVE_LIMIT_USAGE
14:45:57.28 (28944586)|LIMIT_USAGE_FOR_NS|(default)|
  Number of SOQL queries: 2 out of 100
  Number of query rows: 2 out of 50000
  Number of SOSL queries: 0 out of 20
  Number of DML statements: 0 out of 150
  Number of Publish Immediate DML: 0 out of 150
  Number of DML rows: 0 out of 10000
  Maximum CPU time: 0 out of 10000
  Maximum heap size: 0 out of 6000000
  Number of callouts: 0 out of 100
  Number of Email Invocations: 0 out of 10
  Number of future calls: 0 out of 50
  Number of queueable jobs added to the queue: 0 out of 50
  Number of Mobile Apex push calls: 0 out of 10

14:45:57.28 (28944586)|CUMULATIVE_LIMIT_USAGE_END

14:45:57.0 (28974047)|CODE_UNIT_FINISHED|AuthenticateCustomerController.getCustomerByCaseId(String)
14:45:57.0 (29240194)|CODE_UNIT_FINISHED|apex://AuthenticateCustomerController/ACTION$getCustomerByCaseId
14:45:57.0 (29246836)|EXECUTION_FINISHED
