67.0 APEX_CODE,FINEST;APEX_PROFILING,INFO;CALLOUT,INFO;DATA_ACCESS,INFO;DB,INFO;NBA,INFO;SYSTEM,DEBUG;VALIDATION,INFO;VISUALFORCE,INFO;WAVE,INFO;WORKFLOW,INFO
17:42:05.0 (650372)|USER_INFO|[EXTERNAL]|0050v0000034lag|albeltransa@falabella.com.mx.admin.uat|(GMT-06:00) Central Standard Time (America/Mexico_City)|GMT-06:00
17:42:05.0 (687483)|EXECUTION_STARTED
17:42:05.0 (696158)|CODE_UNIT_STARTED|[EXTERNAL]|apex://AuthenticateCampaniasController/ACTION$obtenerCampaignsCliente
17:42:05.0 (5370300)|CODE_UNIT_STARTED|[EXTERNAL]|01p0v000003MXir|AuthenticateCampaniasController.obtenerCampaignsCliente(String)
17:42:05.0 (5743475)|HEAP_ALLOCATE|[95]|Bytes:3
17:42:05.0 (5843902)|HEAP_ALLOCATE|[100]|Bytes:152
17:42:05.0 (5862013)|HEAP_ALLOCATE|[417]|Bytes:408
17:42:05.0 (5877914)|HEAP_ALLOCATE|[430]|Bytes:408
17:42:05.0 (5902321)|HEAP_ALLOCATE|[317]|Bytes:6
17:42:05.0 (5916892)|HEAP_ALLOCATE|[EXTERNAL]|Bytes:5
17:42:05.0 (5920679)|HEAP_ALLOCATE|[EXTERNAL]|Bytes:5
17:42:05.0 (5938319)|METHOD_ENTRY|[12]|01p0v000003MXir|AuthenticateCampaniasController.AuthenticateCampaniasController()
17:42:05.0 (5951463)|STATEMENT_EXECUTE|[12]
17:42:05.0 (5960667)|STATEMENT_EXECUTE|[12]
17:42:05.0 (5971152)|METHOD_EXIT|[12]|AuthenticateCampaniasController
17:42:05.0 (5975188)|HEAP_ALLOCATE|[EXTERNAL]|Bytes:15
17:42:05.0 (6001956)|VARIABLE_SCOPE_BEGIN|[21]|personId|String|false|false
17:42:05.0 (6084330)|VARIABLE_ASSIGNMENT|[21]|personId|"0030v00000H4dHR"
17:42:05.0 (6093136)|STATEMENT_EXECUTE|[21]
17:42:05.0 (6094202)|STATEMENT_EXECUTE|[23]
17:42:05.0 (6096784)|HEAP_ALLOCATE|[23]|Bytes:73
17:42:05.0 (6116545)|HEAP_ALLOCATE|[23]|Bytes:4
17:42:05.0 (6128740)|HEAP_ALLOCATE|[23]|Bytes:7
17:42:05.0 (6130723)|HEAP_ALLOCATE|[24]|Bytes:26
17:42:05.0 (6160813)|HEAP_ALLOCATE|[68]|Bytes:5
17:42:05.0 (6191353)|HEAP_ALLOCATE|[74]|Bytes:5
17:42:05.0 (6195884)|HEAP_ALLOCATE|[82]|Bytes:7
17:42:05.0 (13217717)|SOQL_EXECUTE_BEGIN|[23]|Aggregations:0|SELECT Limite__c FROM Limites__mdt WHERE DeveloperName = :tmpVar1 LIMIT 1
17:42:05.0 (33252578)|SOQL_EXECUTE_END|[23]|Rows:1
17:42:05.0 (33287281)|HEAP_ALLOCATE|[23]|Bytes:8
17:42:05.0 (33308174)|HEAP_ALLOCATE|[23]|Bytes:78
17:42:05.0 (33396488)|HEAP_ALLOCATE|[23]|Bytes:8
17:42:05.0 (33416291)|HEAP_ALLOCATE|[23]|Bytes:38
17:42:05.0 (33479873)|HEAP_ALLOCATE|[23]|Bytes:12
17:42:05.0 (33486826)|VARIABLE_SCOPE_BEGIN|[23]|maxCampaign|Limites__mdt|true|false
17:42:05.0 (33567739)|VARIABLE_ASSIGNMENT|[23]|maxCampaign|{"Limite__c":10.0,"Id":"m0C0v00000092GqEAI"}|0x5fae9bd1
17:42:05.0 (33572492)|STATEMENT_EXECUTE|[26]
17:42:05.0 (33836523)|VARIABLE_SCOPE_BEGIN|[26]|limitCampaign|Integer|false|false
17:42:05.0 (33842978)|HEAP_ALLOCATE|[26]|Bytes:4
17:42:05.0 (33850408)|VARIABLE_ASSIGNMENT|[26]|limitCampaign|10
17:42:05.0 (33852798)|STATEMENT_EXECUTE|[27]
17:42:05.0 (33854819)|HEAP_ALLOCATE|[27]|Bytes:341
17:42:05.0 (33868394)|HEAP_ALLOCATE|[27]|Bytes:4
17:42:05.0 (33884460)|HEAP_ALLOCATE|[27]|Bytes:7
17:42:05.0 (33921336)|HEAP_ALLOCATE|[31]|Bytes:4
17:42:05.0 (33942905)|HEAP_ALLOCATE|[27]|Bytes:7
17:42:05.0 (33952984)|HEAP_ALLOCATE|[32]|Bytes:4
17:42:05.0 (33958917)|HEAP_ALLOCATE|[27]|Bytes:7
17:42:05.0 (33961592)|HEAP_ALLOCATE|[27]|Bytes:4
17:42:05.0 (45478478)|SOQL_EXECUTE_BEGIN|[27]|Aggregations:0|SELECT Campaign.Name, Campaign.Id, Campaign.StartDate, Campaign.EndDate, Campaign.Description, Campaign.Tipo_Campa_a__c, Status FROM CampaignMember WHERE (LeadOrContactId = :tmpVar1 AND Campaign.IsActive = TRUE AND Campaign.StartDate <= :tmpVar2 AND Campaign.EndDate >= :tmpVar3) ORDER BY Campaign.Prioridad__c ASC NULLS FIRST LIMIT :tmpVar4
17:42:05.0 (82498402)|SOQL_EXECUTE_END|[27]|Rows:0
17:42:05.0 (82539737)|HEAP_ALLOCATE|[27]|Bytes:4
17:42:05.0 (82554721)|HEAP_ALLOCATE|[27]|Bytes:0
17:42:05.0 (82607386)|HEAP_ALLOCATE|[27]|Bytes:4
17:42:05.0 (82628265)|VARIABLE_SCOPE_BEGIN|[27]|result|List<CampaignMember>|true|false
17:42:05.0 (82659172)|VARIABLE_ASSIGNMENT|[27]|result|[]|0x6aa21da
17:42:05.0 (82663447)|STATEMENT_EXECUTE|[36]
17:42:05.82 (82725301)|CUMULATIVE_LIMIT_USAGE
17:42:05.82 (82725301)|LIMIT_USAGE_FOR_NS|(default)|
  Number of SOQL queries: 1 out of 100
  Number of query rows: 1 out of 50000
  Number of SOSL queries: 0 out of 20
  Number of DML statements: 0 out of 150
  Number of Publish Immediate DML: 0 out of 150
  Number of DML rows: 0 out of 10000
  Maximum CPU time: 0 out of 10000
  Maximum heap size: 0 out of 6000000
  Number of callouts: 0 out of 100
  Number of Email Invocations: 0 out of 10
  Number of future calls: 0 out of 50
  Number of queueable jobs added to the queue: 0 out of 50
  Number of Mobile Apex push calls: 0 out of 10

17:42:05.82 (82725301)|CUMULATIVE_LIMIT_USAGE_END

17:42:05.0 (82766449)|CODE_UNIT_FINISHED|AuthenticateCampaniasController.obtenerCampaignsCliente(String)
17:42:05.0 (82989579)|CODE_UNIT_FINISHED|apex://AuthenticateCampaniasController/ACTION$obtenerCampaignsCliente
17:42:05.0 (82995735)|EXECUTION_FINISHED
