52.0 APEX_CODE,FINEST;APEX_PROFILING,INFO;CALLOUT,INFO;DATA_ACCESS,INFO;DB,INFO;NBA,INFO;SYSTEM,DEBUG;VALIDATION,INFO;VISUALFORCE,INFO;WAVE,INFO;WORKFLOW,INFO
17:20:01.1 (1295593)|USER_INFO|[EXTERNAL]|0051N000005gvau|etrevinofalabella@izeicg.com.uat|(GMT-06:00) Central Standard Time (America/Mexico_City)|GMT-06:00
17:20:01.1 (1343581)|EXECUTION_STARTED
17:20:01.1 (1356188)|CODE_UNIT_STARTED|[EXTERNAL]|01p0v000003h7p3|BatchUpdateCaseGestorBO
17:20:01.1 (2491895)|HEAP_ALLOCATE|[95]|Bytes:3
17:20:01.1 (2577611)|HEAP_ALLOCATE|[100]|Bytes:152
17:20:01.1 (2596346)|HEAP_ALLOCATE|[417]|Bytes:408
17:20:01.1 (2613591)|HEAP_ALLOCATE|[430]|Bytes:408
17:20:01.1 (2646046)|HEAP_ALLOCATE|[317]|Bytes:6
17:20:01.1 (3520444)|HEAP_ALLOCATE|[EXTERNAL]|Bytes:98
17:20:01.1 (22699331)|HEAP_ALLOCATE|[EXTERNAL]|Bytes:11
17:20:01.1 (22756694)|SYSTEM_METHOD_ENTRY|[15]|BatchableContextImpl.BatchableContextImpl()
17:20:01.1 (22784733)|STATEMENT_EXECUTE|[15]
17:20:01.1 (22798855)|SYSTEM_METHOD_EXIT|[15]|BatchableContextImpl
17:20:01.1 (22806725)|HEAP_ALLOCATE|[EXTERNAL]|Bytes:12
17:20:01.1 (22818316)|HEAP_ALLOCATE|[EXTERNAL]|Bytes:4
17:20:01.1 (22824911)|VARIABLE_SCOPE_BEGIN|[31]|this|Database.BatchableContextImpl|true|false
17:20:01.1 (22931758)|VARIABLE_ASSIGNMENT|[31]|this|{}|0x1c94501e
17:20:01.1 (22938303)|VARIABLE_SCOPE_BEGIN|[31]|jobId|Id|false|false
17:20:01.1 (23095003)|VARIABLE_ASSIGNMENT|[31]|jobId|"707Rt000024Qgm3IAC"
17:20:01.1 (23101674)|VARIABLE_SCOPE_BEGIN|[31]|childJobId|Id|false|false
17:20:01.1 (23110115)|VARIABLE_ASSIGNMENT|[31]|childJobId|null
17:20:01.1 (27462748)|HEAP_ALLOCATE|[EXTERNAL]|Bytes:99
17:20:01.1 (27487910)|HEAP_ALLOCATE|[EXTERNAL]|Bytes:12
17:20:01.1 (27504052)|METHOD_ENTRY|[11]|01p0v000003h7p3|BatchUpdateCaseGestorBO.BatchUpdateCaseGestorBO()
17:20:01.1 (27512113)|STATEMENT_EXECUTE|[11]
17:20:01.1 (27518414)|STATEMENT_EXECUTE|[11]
17:20:01.1 (27524235)|METHOD_EXIT|[11]|BatchUpdateCaseGestorBO
17:20:01.1 (27529269)|HEAP_ALLOCATE|[EXTERNAL]|Bytes:20
17:20:01.1 (27533061)|HEAP_ALLOCATE|[EXTERNAL]|Bytes:12
17:20:01.1 (27540070)|VARIABLE_SCOPE_BEGIN|[33]|this|BatchUpdateCaseGestorBO|true|false
17:20:01.1 (27605487)|VARIABLE_ASSIGNMENT|[33]|this|{"idQueueFraudesCredito":"00G0v000002erN3EAI","intCallMSAttempts":3,"lstRecordTypesBO":"0x5b9ab73e","lstRequestsWithError":"0x76c50a31"}|0x2d048bc6
17:20:01.1 (27611471)|VARIABLE_SCOPE_BEGIN|[33]|BC|Database.BatchableContext|true|false
17:20:01.1 (27687389)|VARIABLE_ASSIGNMENT|[33]|BC|{"jobId":"707Rt000024Qgm3IAC"}|0x1c94501e
17:20:01.1 (27698074)|STATEMENT_EXECUTE|[33]
17:20:01.1 (27699511)|STATEMENT_EXECUTE|[35]
17:20:01.1 (27703491)|HEAP_ALLOCATE|[35]|Bytes:217
17:20:01.1 (27723023)|HEAP_ALLOCATE|[35]|Bytes:4
17:20:01.1 (27735948)|HEAP_ALLOCATE|[35]|Bytes:7
17:20:01.1 (27750797)|HEAP_ALLOCATE|[35]|Bytes:7
17:20:01.1 (27756879)|HEAP_ALLOCATE|[35]|Bytes:7
17:20:01.1 (27799901)|HEAP_ALLOCATE|[68]|Bytes:5
17:20:01.1 (27824729)|HEAP_ALLOCATE|[74]|Bytes:5
17:20:01.1 (27832105)|HEAP_ALLOCATE|[82]|Bytes:7
17:20:01.1 (34875339)|SOQL_EXECUTE_BEGIN|[35]|Aggregations:0|SELECT ID_Solicitud__c, Solicitud_Repetida__c, Total_a_Condonar__c FROM Case WHERE (OwnerId = :tmpVar1 AND RecordTypeId IN :tmpVar2 AND (Actualizaci_n_de_domicilio_en_SAT__c = FALSE OR Total_a_Condonar__c < :tmpVar3))
17:20:01.1 (90401035)|SOQL_EXECUTE_END|[35]|Rows:14
17:20:01.1 (90577090)|HEAP_ALLOCATE|[35]|Bytes:20
17:20:01.122 (122245748)|CUMULATIVE_LIMIT_USAGE
17:20:01.122 (122245748)|LIMIT_USAGE_FOR_NS|(default)|
  Number of SOQL queries: 0 out of 200
  Number of query rows: 0 out of 50000
  Number of SOSL queries: 0 out of 20
  Number of DML statements: 0 out of 150
  Number of Publish Immediate DML: 0 out of 150
  Number of DML rows: 0 out of 10000
  Maximum CPU time: 0 out of 60000
  Maximum heap size: 0 out of 12000000
  Number of callouts: 0 out of 0
  Number of Email Invocations: 0 out of 10
  Number of future calls: 0 out of 0
  Number of queueable jobs added to the queue: 0 out of 1
  Number of Mobile Apex push calls: 0 out of 10

17:20:01.122 (122245748)|CUMULATIVE_LIMIT_USAGE_END

17:20:01.1 (122298081)|CODE_UNIT_FINISHED|BatchUpdateCaseGestorBO
17:20:01.1 (122313261)|EXECUTION_FINISHED
