56.0 APEX_CODE,FINEST;APEX_PROFILING,INFO;CALLOUT,INFO;DATA_ACCESS,INFO;DB,INFO;NBA,INFO;SYSTEM,DEBUG;VALIDATION,INFO;VISUALFORCE,INFO;WAVE,INFO;WORKFLOW,INFO
14:30:02.0 (980969)|USER_INFO|[EXTERNAL]|0051N000005gvau|etrevinofalabella@izeicg.com.uat|(GMT-06:00) Central Standard Time (America/Mexico_City)|GMT-06:00
14:30:02.0 (1017482)|EXECUTION_STARTED
14:30:02.0 (1030050)|CODE_UNIT_STARTED|[EXTERNAL]|01pDK00000AKh3n|BatchUpdateCasesEmboce
14:30:02.0 (2945169)|HEAP_ALLOCATE|[95]|Bytes:3
14:30:02.0 (3029424)|HEAP_ALLOCATE|[100]|Bytes:152
14:30:02.0 (3044346)|HEAP_ALLOCATE|[417]|Bytes:408
14:30:02.0 (3060785)|HEAP_ALLOCATE|[430]|Bytes:408
14:30:02.0 (3084520)|HEAP_ALLOCATE|[317]|Bytes:6
14:30:02.0 (4586353)|HEAP_ALLOCATE|[EXTERNAL]|Bytes:133
14:30:02.0 (4988729)|HEAP_ALLOCATE|[EXTERNAL]|Bytes:11
14:30:02.0 (5005615)|SYSTEM_METHOD_ENTRY|[15]|BatchableContextImpl.BatchableContextImpl()
14:30:02.0 (5010986)|STATEMENT_EXECUTE|[15]
14:30:02.0 (5021386)|SYSTEM_METHOD_EXIT|[15]|BatchableContextImpl
14:30:02.0 (5025660)|HEAP_ALLOCATE|[EXTERNAL]|Bytes:12
14:30:02.0 (5028802)|HEAP_ALLOCATE|[EXTERNAL]|Bytes:4
14:30:02.0 (5033394)|VARIABLE_SCOPE_BEGIN|[31]|this|Database.BatchableContextImpl|true|false
14:30:02.0 (5084515)|VARIABLE_ASSIGNMENT|[31]|this|{}|0x46db8463
14:30:02.0 (5088157)|VARIABLE_SCOPE_BEGIN|[31]|jobId|Id|false|false
14:30:02.0 (5153918)|VARIABLE_ASSIGNMENT|[31]|jobId|"707Rt00001r8kWjIAI"
14:30:02.0 (5157075)|VARIABLE_SCOPE_BEGIN|[31]|childJobId|Id|false|false
14:30:02.0 (5162476)|VARIABLE_ASSIGNMENT|[31]|childJobId|null
14:30:02.0 (33942224)|HEAP_ALLOCATE|[EXTERNAL]|Bytes:99
14:30:02.0 (33963523)|HEAP_ALLOCATE|[EXTERNAL]|Bytes:12
14:30:02.0 (33978015)|METHOD_ENTRY|[11]|01pDK00000AKh3n|BatchUpdateCasesEmboce.BatchUpdateCasesEmboce()
14:30:02.0 (33986142)|STATEMENT_EXECUTE|[11]
14:30:02.0 (33993349)|STATEMENT_EXECUTE|[11]
14:30:02.0 (33998267)|METHOD_EXIT|[11]|BatchUpdateCasesEmboce
14:30:02.0 (34002170)|HEAP_ALLOCATE|[EXTERNAL]|Bytes:24
14:30:02.0 (34004755)|HEAP_ALLOCATE|[EXTERNAL]|Bytes:12
14:30:02.0 (34011612)|VARIABLE_SCOPE_BEGIN|[217]|this|BatchUpdateCasesEmboce|true|false
14:30:02.0 (34070091)|VARIABLE_ASSIGNMENT|[217]|this|{"estatus":"CONFIRMADO","lstReturns":"0x5f2c2450","lstStatusCanceledCases":"0x19068d2","lstStatusClosedCases":"0x5077d4ae","mapErrors":"0x2262fd14"}|0x7be4a1b
14:30:02.0 (34074369)|VARIABLE_SCOPE_BEGIN|[217]|BC|Database.BatchableContext|true|false
14:30:02.0 (34130071)|VARIABLE_ASSIGNMENT|[217]|BC|{"jobId":"707Rt00001r8kWjIAI"}|0x46db8463
14:30:02.0 (34151380)|STATEMENT_EXECUTE|[217]
14:30:02.0 (34193851)|STATEMENT_EXECUTE|[220]
14:30:02.0 (34195082)|STATEMENT_EXECUTE|[222]
14:30:02.0 (34197596)|HEAP_ALLOCATE|[222]|Bytes:32
14:30:02.0 (42815176)|HEAP_ALLOCATE|[222]|Bytes:8
14:30:02.0 (42851531)|METHOD_ENTRY|[11]|01pDK00000AKnSH|UtilitiesBatchCasesEmboce.UtilitiesBatchCasesEmboce()
14:30:02.0 (42859479)|STATEMENT_EXECUTE|[11]
14:30:02.0 (42865431)|STATEMENT_EXECUTE|[11]
14:30:02.0 (42869710)|METHOD_EXIT|[11]|UtilitiesBatchCasesEmboce
14:30:02.0 (42905803)|METHOD_ENTRY|[222]|01pDK00000AKnSH|UtilitiesBatchCasesEmboce.sendEmail(String, Map<String,ANY>)
14:30:02.0 (42945012)|VARIABLE_SCOPE_BEGIN|[37]|strBatchName|String|false|false
14:30:02.0 (42964179)|VARIABLE_ASSIGNMENT|[37]|strBatchName|"Batch Consulta de Gu (12 more) ..."
14:30:02.0 (42967474)|VARIABLE_SCOPE_BEGIN|[37]|mapErrors|Map<String,ANY>|true|false
14:30:02.0 (42987232)|VARIABLE_ASSIGNMENT|[37]|mapErrors|{"WebService":{"CutShipmentrackingV2":"null;null"}}|0x2262fd14
14:30:02.0 (42992746)|STATEMENT_EXECUTE|[37]
14:30:02.0 (42993740)|STATEMENT_EXECUTE|[39]
14:30:02.0 (42996886)|HEAP_ALLOCATE|[39]|Bytes:40
14:30:02.0 (43013754)|HEAP_ALLOCATE|[68]|Bytes:5
14:30:02.0 (43032701)|HEAP_ALLOCATE|[74]|Bytes:5
14:30:02.0 (43038181)|HEAP_ALLOCATE|[82]|Bytes:7
14:30:02.0 (45435302)|HEAP_ALLOCATE|[39]|Bytes:46
14:30:02.0 (45454417)|HEAP_ALLOCATE|[39]|Bytes:1
14:30:02.0 (45558420)|HEAP_ALLOCATE|[39]|Bytes:26
14:30:02.0 (45561076)|HEAP_ALLOCATE|[39]|Bytes:19
14:30:02.0 (45564157)|HEAP_ALLOCATE|[39]|Bytes:12
14:30:02.0 (45574432)|VARIABLE_SCOPE_BEGIN|[39]|lstToAdresses|List<String>|true|false
14:30:02.0 (45615133)|HEAP_ALLOCATE|[EXTERNAL]|Bytes:12
14:30:02.0 (45653472)|VARIABLE_ASSIGNMENT|[39]|lstToAdresses|["ljcordova@falabella. (6 more) ...","mrosales@izeicg.com"]|0x38838caa
14:30:02.0 (45660381)|STATEMENT_EXECUTE|[41]
14:30:02.0 (45673176)|METHOD_ENTRY|[41]|01pDK00000AKnSH|UtilitiesBatchCasesEmboce.createBodyHtml(Map<String,ANY>)
14:30:02.0 (45688102)|VARIABLE_SCOPE_BEGIN|[58]|mapErrors|Map<String,ANY>|true|false
14:30:02.0 (45709274)|VARIABLE_ASSIGNMENT|[58]|mapErrors|{"WebService":{"CutShipmentrackingV2":"null;null"}}|0x2262fd14
14:30:02.0 (45714862)|STATEMENT_EXECUTE|[58]
14:30:02.0 (45715768)|STATEMENT_EXECUTE|[60]
14:30:02.0 (45717506)|HEAP_ALLOCATE|[60]|Bytes:21
14:30:02.0 (45720254)|VARIABLE_SCOPE_BEGIN|[60]|strBodyHtml|String|false|false
14:30:02.0 (45725808)|VARIABLE_ASSIGNMENT|[60]|strBodyHtml|"<html><body>Buen día (1 more) ..."
14:30:02.0 (45729694)|HEAP_ALLOCATE|[63]|Bytes:10
14:30:02.0 (45763440)|STATEMENT_EXECUTE|[63]
14:30:02.0 (45764652)|STATEMENT_EXECUTE|[65]
14:30:02.0 (45766312)|HEAP_ALLOCATE|[65]|Bytes:70
14:30:02.0 (45775821)|HEAP_ALLOCATE|[65]|Bytes:91
14:30:02.0 (45780306)|VARIABLE_ASSIGNMENT|[65]|strBodyHtml|"<html><body>Buen día (71 more) ..."
14:30:02.0 (45783285)|STATEMENT_EXECUTE|[67]
14:30:02.0 (45784390)|HEAP_ALLOCATE|[67]|Bytes:66
14:30:02.0 (45786838)|HEAP_ALLOCATE|[67]|Bytes:157
14:30:02.0 (45790305)|VARIABLE_ASSIGNMENT|[67]|strBodyHtml|"<html><body>Buen día (137 more) ..."
14:30:02.0 (45792733)|STATEMENT_EXECUTE|[68]
14:30:02.0 (45793867)|HEAP_ALLOCATE|[68]|Bytes:50
14:30:02.0 (45796056)|HEAP_ALLOCATE|[68]|Bytes:207
14:30:02.0 (45799187)|VARIABLE_ASSIGNMENT|[68]|strBodyHtml|"<html><body>Buen día (187 more) ..."
14:30:02.0 (45801640)|STATEMENT_EXECUTE|[69]
14:30:02.0 (45802721)|HEAP_ALLOCATE|[69]|Bytes:45
14:30:02.0 (45804903)|HEAP_ALLOCATE|[69]|Bytes:252
14:30:02.0 (45807878)|VARIABLE_ASSIGNMENT|[69]|strBodyHtml|"<html><body>Buen día (232 more) ..."
14:30:02.0 (45810162)|STATEMENT_EXECUTE|[71]
14:30:02.0 (45834770)|VARIABLE_SCOPE_BEGIN|[71]|mapErrorsAux|Map<String,String>|true|false
14:30:02.0 (45847250)|VARIABLE_ASSIGNMENT|[71]|mapErrorsAux|{"CutShipmentrackingV2":"null;null"}|0x70ba1bc6
14:30:02.0 (45854717)|HEAP_ALLOCATE|[73]|Bytes:4
14:30:02.0 (45904428)|HEAP_ALLOCATE|[73]|Bytes:28
14:30:02.0 (45918956)|HEAP_ALLOCATE|[73]|Bytes:4
14:30:02.0 (46154595)|HEAP_ALLOCATE|[73]|Bytes:5
14:30:02.0 (46176398)|VARIABLE_SCOPE_BEGIN|[73]|strError|String|false|false
14:30:02.0 (46182816)|VARIABLE_ASSIGNMENT|[73]|strError|"CutShipmentrackingV2"
14:30:02.0 (46186299)|STATEMENT_EXECUTE|[73]
14:30:02.0 (46187294)|STATEMENT_EXECUTE|[75]
14:30:02.0 (46189023)|HEAP_ALLOCATE|[75]|Bytes:21
14:30:02.0 (46191369)|HEAP_ALLOCATE|[75]|Bytes:5
14:30:02.0 (46197944)|HEAP_ALLOCATE|[75]|Bytes:46
14:30:02.0 (46201505)|HEAP_ALLOCATE|[75]|Bytes:298
14:30:02.0 (46205293)|VARIABLE_ASSIGNMENT|[75]|strBodyHtml|"<html><body>Buen día (278 more) ..."
14:30:02.0 (46207915)|STATEMENT_EXECUTE|[76]
14:30:02.0 (46209069)|HEAP_ALLOCATE|[76]|Bytes:17
14:30:02.0 (46227898)|HEAP_ALLOCATE|[76]|Bytes:10
14:30:02.0 (46230684)|HEAP_ALLOCATE|[76]|Bytes:36
14:30:02.0 (46232896)|HEAP_ALLOCATE|[76]|Bytes:334
14:30:02.0 (46236225)|VARIABLE_ASSIGNMENT|[76]|strBodyHtml|"<html><body>Buen día (314 more) ..."
14:30:02.0 (46242575)|HEAP_ALLOCATE|[73]|Bytes:5
14:30:02.0 (46248947)|VARIABLE_ASSIGNMENT|[73]|strError|null
14:30:02.0 (46251855)|STATEMENT_EXECUTE|[78]
14:30:02.0 (46253132)|HEAP_ALLOCATE|[78]|Bytes:8
14:30:02.0 (46255478)|HEAP_ALLOCATE|[78]|Bytes:342
14:30:02.0 (46258737)|VARIABLE_ASSIGNMENT|[78]|strBodyHtml|"<html><body>Buen día (322 more) ..."
14:30:02.0 (46261761)|HEAP_ALLOCATE|[81]|Bytes:7
14:30:02.0 (46272539)|STATEMENT_EXECUTE|[81]
14:30:02.0 (46274066)|HEAP_ALLOCATE|[99]|Bytes:3
14:30:02.0 (46281687)|STATEMENT_EXECUTE|[99]
14:30:02.0 (46282815)|HEAP_ALLOCATE|[119]|Bytes:6
14:30:02.0 (46290426)|STATEMENT_EXECUTE|[119]
14:30:02.0 (46291586)|STATEMENT_EXECUTE|[154]
14:30:02.0 (46292943)|HEAP_ALLOCATE|[154]|Bytes:18
14:30:02.0 (46296909)|HEAP_ALLOCATE|[154]|Bytes:360
14:30:02.0 (46300410)|VARIABLE_ASSIGNMENT|[154]|strBodyHtml|"<html><body>Buen día (340 more) ..."
14:30:02.0 (46303062)|STATEMENT_EXECUTE|[155]
14:30:02.0 (46304003)|HEAP_ALLOCATE|[155]|Bytes:33
14:30:02.0 (46306133)|HEAP_ALLOCATE|[155]|Bytes:393
14:30:02.0 (46309118)|VARIABLE_ASSIGNMENT|[155]|strBodyHtml|"<html><body>Buen día (373 more) ..."
14:30:02.0 (46311383)|STATEMENT_EXECUTE|[157]
14:30:02.0 (46315519)|METHOD_EXIT|[41]|01pDK00000AKnSH|UtilitiesBatchCasesEmboce.createBodyHtml(Map<String,ANY>)
14:30:02.0 (46318776)|VARIABLE_SCOPE_BEGIN|[41]|strBodyHtml|String|false|false
14:30:02.0 (46322862)|VARIABLE_ASSIGNMENT|[41]|strBodyHtml|"<html><body>Buen día (373 more) ..."
14:30:02.0 (46325158)|STATEMENT_EXECUTE|[42]
14:30:02.0 (46326543)|VARIABLE_SCOPE_BEGIN|[42]|toAddresses|List<String>|true|false
14:30:02.0 (46336400)|VARIABLE_ASSIGNMENT|[42]|toAddresses|["ljcordova@falabella. (6 more) ...","mrosales@izeicg.com"]|0x38838caa
14:30:02.0 (46339276)|STATEMENT_EXECUTE|[44]
14:30:02.0 (46414063)|HEAP_ALLOCATE|[44]|Bytes:4
14:30:02.0 (46498119)|VARIABLE_SCOPE_BEGIN|[44]|lstMails|List<Messaging.SingleEmailMessage>|true|false
14:30:02.0 (46517629)|HEAP_ALLOCATE|[EXTERNAL]|Bytes:4
14:30:02.0 (46522961)|VARIABLE_ASSIGNMENT|[44]|lstMails|[]|0x6c9d2be3
14:30:02.0 (46525934)|STATEMENT_EXECUTE|[46]
14:30:02.0 (46579370)|VARIABLE_SCOPE_BEGIN|[46]|email|Messaging.SingleEmailMessage|true|false
14:30:02.0 (46634748)|VARIABLE_ASSIGNMENT|[46]|email|"common.api.soap.wsdl.SingleEmailMessage@2cc32e24"|0xc1b044a
14:30:02.0 (46638436)|STATEMENT_EXECUTE|[48]
14:30:02.0 (46689306)|STATEMENT_EXECUTE|[49]
14:30:02.0 (46691561)|HEAP_ALLOCATE|[49]|Bytes:38
14:30:02.0 (46697436)|HEAP_ALLOCATE|[49]|Bytes:70
14:30:02.0 (46725425)|STATEMENT_EXECUTE|[50]
14:30:02.0 (46733940)|STATEMENT_EXECUTE|[51]
14:30:02.0 (46755196)|STATEMENT_EXECUTE|[53]
14:30:02.0 (46784911)|HEAP_ALLOCATE|[EXTERNAL]|Bytes:4
14:30:02.0 (46789840)|STATEMENT_EXECUTE|[55]
14:30:02.0 (46854733)|HEAP_ALLOCATE|[EXTERNAL]|Bytes:8
14:30:02.0 (66611456)|EMAIL_QUEUE|[55]|subject: Notificación de Error en el Proceso - Batch Consulta de Guias Estafeta, bccSender: false, saveAsActivity: false, useSignature: true, toAddresses: [ljcordova@falabella.com.mx, mrosales@izeicg.com], htmlBody: <html><body>Buen día,<br/><br/>Se produjo un error al consumir los Web Service de Estafeta:<br/><br/><table width="100%" style="border-collapse: collapse; "><tr><th width="30%" align="left" >Web Service</th><th width="70%" align="left" >Error</th></tr><tr><td align="left">CutShipmentrackingV2</td><td align="left">null;null</td></tr></table><br/><br/>Saludos,<br/>Administrador de Salesforce., 
14:30:02.0 (67827687)|HEAP_ALLOCATE|[EXTERNAL]|Bytes:8
14:30:02.0 (67869684)|METHOD_EXIT|[222]|01pDK00000AKnSH|UtilitiesBatchCasesEmboce.sendEmail(String, Map<String,ANY>)
14:30:02.99 (99981326)|CUMULATIVE_LIMIT_USAGE
14:30:02.99 (99981326)|LIMIT_USAGE_FOR_NS|(default)|
  Number of SOQL queries: 0 out of 200
  Number of query rows: 0 out of 50000
  Number of SOSL queries: 0 out of 20
  Number of DML statements: 0 out of 150
  Number of Publish Immediate DML: 0 out of 150
  Number of DML rows: 0 out of 10000
  Maximum CPU time: 0 out of 60000
  Maximum heap size: 0 out of 12000000
  Number of callouts: 0 out of 0
  Number of Email Invocations: 0 out of 10
  Number of future calls: 0 out of 0
  Number of queueable jobs added to the queue: 0 out of 1
  Number of Mobile Apex push calls: 0 out of 10

14:30:02.99 (99981326)|CUMULATIVE_LIMIT_USAGE_END

14:30:02.0 (100020778)|CODE_UNIT_FINISHED|BatchUpdateCasesEmboce
14:30:02.0 (100034854)|EXECUTION_FINISHED
