52.0 APEX_CODE,FINEST;APEX_PROFILING,INFO;CALLOUT,INFO;DATA_ACCESS,INFO;DB,INFO;NBA,INFO;SYSTEM,DEBUG;VALIDATION,INFO;VISUALFORCE,INFO;WAVE,INFO;WORKFLOW,INFO
18:36:01.0 (743613)|USER_INFO|[EXTERNAL]|0051N000008bAK9|contingenciafalabella@falabella.com.mx|(GMT-06:00) Central Standard Time (America/Mexico_City)|GMT-06:00
18:36:01.0 (884395)|EXECUTION_STARTED
18:36:01.0 (922840)|CODE_UNIT_STARTED|[EXTERNAL]|01p3l00000EBsec|BatchUpdateCaseGestorBO
18:36:01.0 (3167686)|HEAP_ALLOCATE|[95]|Bytes:3
18:36:01.0 (3380184)|HEAP_ALLOCATE|[100]|Bytes:152
18:36:01.0 (3394375)|HEAP_ALLOCATE|[417]|Bytes:408
18:36:01.0 (3408761)|HEAP_ALLOCATE|[430]|Bytes:408
18:36:01.0 (3472776)|HEAP_ALLOCATE|[317]|Bytes:6
18:36:01.0 (5865861)|HEAP_ALLOCATE|[EXTERNAL]|Bytes:98
18:36:01.0 (10844547)|HEAP_ALLOCATE|[EXTERNAL]|Bytes:11
18:36:01.0 (10950615)|SYSTEM_METHOD_ENTRY|[15]|BatchableContextImpl.BatchableContextImpl()
18:36:01.0 (10990423)|STATEMENT_EXECUTE|[15]
18:36:01.0 (11050791)|SYSTEM_METHOD_EXIT|[15]|BatchableContextImpl
18:36:01.0 (11058213)|HEAP_ALLOCATE|[EXTERNAL]|Bytes:12
18:36:01.0 (11062140)|HEAP_ALLOCATE|[EXTERNAL]|Bytes:4
18:36:01.0 (11064353)|HEAP_ALLOCATE|[EXTERNAL]|Bytes:4
18:36:01.0 (11079985)|VARIABLE_SCOPE_BEGIN|[31]|this|Database.BatchableContextImpl|true|false
18:36:01.0 (11202166)|VARIABLE_ASSIGNMENT|[31]|this|{}|0x5460190a
18:36:01.0 (11208395)|VARIABLE_SCOPE_BEGIN|[31]|jobId|Id|false|false
18:36:01.0 (11374133)|VARIABLE_ASSIGNMENT|[31]|jobId|"707RQ00001vVkRKYA0"
18:36:01.0 (11380428)|VARIABLE_SCOPE_BEGIN|[31]|childJobId|Id|false|false
18:36:01.0 (11404179)|VARIABLE_ASSIGNMENT|[31]|childJobId|"707RQ00001vVqcZYAS"
18:36:01.0 (24626440)|HEAP_ALLOCATE|[EXTERNAL]|Bytes:16
18:36:02.961 (1961413106)|CUMULATIVE_LIMIT_USAGE
18:36:02.961 (1961413106)|LIMIT_USAGE_FOR_NS|(default)|
  Number of SOQL queries: 0 out of 200
  Number of query rows: 0 out of 50000
  Number of SOSL queries: 0 out of 20
  Number of DML statements: 0 out of 150
  Number of Publish Immediate DML: 0 out of 150
  Number of DML rows: 0 out of 10000
  Maximum CPU time: 0 out of 60000
  Maximum heap size: 0 out of 12000000
  Number of callouts: 0 out of 0
  Number of Email Invocations: 0 out of 10
  Number of future calls: 0 out of 0
  Number of queueable jobs added to the queue: 0 out of 1
  Number of Mobile Apex push calls: 0 out of 10

18:36:02.961 (1961413106)|CUMULATIVE_LIMIT_USAGE_END

18:36:02.961 (1961584685)|CODE_UNIT_FINISHED|BatchUpdateCaseGestorBO
18:36:02.961 (1961612082)|EXECUTION_FINISHED
