67.0 APEX_CODE,FINEST;APEX_PROFILING,INFO;CALLOUT,INFO;DATA_ACCESS,INFO;DB,INFO;NBA,INFO;SYSTEM,DEBUG;VALIDATION,INFO;VISUALFORCE,INFO;WAVE,INFO;WORKFLOW,INFO
12:57:03.0 (229997)|USER_INFO|[EXTERNAL]|005Qg000002VBqt|jlandav@falabella.com.mx|(GMT-06:00) Central Standard Time (America/Mexico_City)|GMT-06:00
12:57:03.0 (319443)|EXECUTION_STARTED
12:57:03.0 (343438)|CODE_UNIT_STARTED|[EXTERNAL]|apex://CasosControllerExtension/ACTION$obtenerCasosToday
12:57:03.0 (1439626)|CODE_UNIT_STARTED|[EXTERNAL]|01p3l000005qcOV|CasosControllerExtension.obtenerCasosToday()
12:57:03.0 (1543805)|VARIABLE_SCOPE_BEGIN|[21]|CasosControllerExtension.QUEUE_CREDITO_FRAUDES|String|false|true
12:57:03.0 (1595753)|VARIABLE_SCOPE_BEGIN|[20]|CasosControllerExtension.RT_FIGITAL|String|false|true
12:57:03.0 (1601558)|VARIABLE_SCOPE_BEGIN|[19]|CasosControllerExtension.RT_RIESGOS|String|false|true
12:57:03.0 (1606933)|VARIABLE_SCOPE_BEGIN|[17]|CasosControllerExtension.ST_ASIGNADA|String|false|true
12:57:03.0 (1612676)|VARIABLE_SCOPE_BEGIN|[15]|CasosControllerExtension.ST_AUTORIZADA|String|false|true
12:57:03.0 (1618024)|VARIABLE_SCOPE_BEGIN|[18]|CasosControllerExtension.ST_CERRADO|String|false|true
12:57:03.0 (1623619)|VARIABLE_SCOPE_BEGIN|[16]|CasosControllerExtension.ST_NUEVO|String|false|true
12:57:03.0 (1746371)|HEAP_ALLOCATE|[95]|Bytes:3
12:57:03.0 (1785991)|HEAP_ALLOCATE|[100]|Bytes:152
12:57:03.0 (1801466)|HEAP_ALLOCATE|[417]|Bytes:408
12:57:03.0 (1819761)|HEAP_ALLOCATE|[430]|Bytes:408
12:57:03.0 (1849881)|HEAP_ALLOCATE|[317]|Bytes:6
12:57:03.0 (1862766)|HEAP_ALLOCATE|[EXTERNAL]|Bytes:11
12:57:03.0 (1887222)|METHOD_ENTRY|[13]|01p3l000005qcOV|CasosControllerExtension.CasosControllerExtension()
12:57:03.0 (1893946)|STATEMENT_EXECUTE|[13]
12:57:03.0 (1898982)|STATEMENT_EXECUTE|[13]
12:57:03.0 (1919607)|HEAP_ALLOCATE|[68]|Bytes:5
12:57:03.0 (1942759)|HEAP_ALLOCATE|[74]|Bytes:5
12:57:03.0 (1950784)|HEAP_ALLOCATE|[82]|Bytes:7
12:57:03.0 (1982329)|HEAP_ALLOCATE|[15]|Bytes:5
12:57:03.0 (1987090)|STATEMENT_EXECUTE|[15]
12:57:03.0 (1989917)|HEAP_ALLOCATE|[15]|Bytes:12
12:57:03.0 (2082619)|VARIABLE_ASSIGNMENT|[15]|CasosControllerExtension.ST_AUTORIZADA|"Autorización"
12:57:03.0 (2090484)|STATEMENT_EXECUTE|[16]
12:57:03.0 (2093157)|HEAP_ALLOCATE|[16]|Bytes:3
12:57:03.0 (2101787)|VARIABLE_ASSIGNMENT|[16]|CasosControllerExtension.ST_NUEVO|"New"
12:57:03.0 (2105279)|STATEMENT_EXECUTE|[17]
12:57:03.0 (2106889)|HEAP_ALLOCATE|[17]|Bytes:8
12:57:03.0 (2113597)|VARIABLE_ASSIGNMENT|[17]|CasosControllerExtension.ST_ASIGNADA|"Asignada"
12:57:03.0 (2117116)|STATEMENT_EXECUTE|[18]
12:57:03.0 (2118999)|HEAP_ALLOCATE|[18]|Bytes:7
12:57:03.0 (2125408)|VARIABLE_ASSIGNMENT|[18]|CasosControllerExtension.ST_CERRADO|"Cerrado"
12:57:03.0 (2129002)|STATEMENT_EXECUTE|[19]
12:57:03.0 (2131421)|HEAP_ALLOCATE|[19]|Bytes:19
12:57:03.0 (2138324)|VARIABLE_ASSIGNMENT|[19]|CasosControllerExtension.RT_RIESGOS|"Riesgos_Originaci_n"
12:57:03.0 (2142104)|STATEMENT_EXECUTE|[20]
12:57:03.0 (2144042)|HEAP_ALLOCATE|[20]|Bytes:18
12:57:03.0 (2150045)|VARIABLE_ASSIGNMENT|[20]|CasosControllerExtension.RT_FIGITAL|"BackOffice_Figital"
12:57:03.0 (2153334)|STATEMENT_EXECUTE|[21]
12:57:03.0 (2154904)|HEAP_ALLOCATE|[21]|Bytes:26
12:57:03.0 (2163287)|VARIABLE_ASSIGNMENT|[21]|CasosControllerExtension.QUEUE_CREDITO_FRAUDES|"BackOffice Credito/F (6 more) ..."
12:57:03.0 (2178511)|METHOD_EXIT|[13]|CasosControllerExtension
12:57:03.0 (2193864)|HEAP_ALLOCATE|[78]|Bytes:5
12:57:03.0 (2197329)|STATEMENT_EXECUTE|[76]
12:57:03.0 (2198917)|STATEMENT_EXECUTE|[78]
12:57:03.0 (2200727)|HEAP_ALLOCATE|[78]|Bytes:4
12:57:03.0 (2358833)|HEAP_ALLOCATE|[78]|Bytes:4
12:57:03.0 (4246505)|HEAP_ALLOCATE|[78]|Bytes:408
12:57:03.0 (4329468)|HEAP_ALLOCATE|[78]|Bytes:4
12:57:03.0 (4345717)|HEAP_ALLOCATE|[78]|Bytes:18
12:57:03.0 (4352200)|VARIABLE_SCOPE_BEGIN|[78]|idRecordTypeCredito|String|false|false
12:57:03.0 (4373159)|VARIABLE_ASSIGNMENT|[78]|idRecordTypeCredito|"0123l000001M9F8AAK"
12:57:03.0 (4378320)|STATEMENT_EXECUTE|[79]
12:57:03.0 (4454520)|HEAP_ALLOCATE|[79]|Bytes:4
12:57:03.0 (6007152)|HEAP_ALLOCATE|[79]|Bytes:408
12:57:03.0 (6083780)|HEAP_ALLOCATE|[79]|Bytes:4
12:57:03.0 (6093423)|HEAP_ALLOCATE|[79]|Bytes:18
12:57:03.0 (6099155)|VARIABLE_SCOPE_BEGIN|[79]|idRecordTypeFigital|String|false|false
12:57:03.0 (6115473)|VARIABLE_ASSIGNMENT|[79]|idRecordTypeFigital|"0123l0000019LkKAAU"
12:57:03.0 (6121243)|STATEMENT_EXECUTE|[81]
12:57:03.0 (6123670)|HEAP_ALLOCATE|[81]|Bytes:196
12:57:03.0 (6136945)|HEAP_ALLOCATE|[81]|Bytes:4
12:57:03.0 (6146983)|HEAP_ALLOCATE|[81]|Bytes:7
12:57:03.0 (6158508)|HEAP_ALLOCATE|[81]|Bytes:7
12:57:03.0 (6165176)|HEAP_ALLOCATE|[81]|Bytes:7
12:57:03.0 (6170498)|HEAP_ALLOCATE|[81]|Bytes:7
12:57:03.0 (6175333)|HEAP_ALLOCATE|[81]|Bytes:7
12:57:03.0 (6180518)|HEAP_ALLOCATE|[81]|Bytes:7
12:57:03.0 (6820814)|SOQL_EXECUTE_BEGIN|[81]|Aggregations:0|SELECT COUNT() FROM Case WHERE ((Status = :tmpVar1 OR Status = :tmpVar2 OR Status = :tmpVar3 OR Status = :tmpVar4) AND CreatedDate = TODAY AND (RecordTypeId = :tmpVar5 OR RecordTypeId = :tmpVar6))
12:57:03.0 (18456182)|SOQL_EXECUTE_END|[81]|Rows:127
12:57:03.0 (18514834)|HEAP_ALLOCATE|[81]|Bytes:4
12:57:03.0 (18538658)|VARIABLE_SCOPE_BEGIN|[81]|total|Integer|false|false
12:57:03.0 (18547629)|HEAP_ALLOCATE|[81]|Bytes:4
12:57:03.0 (18569484)|VARIABLE_ASSIGNMENT|[81]|total|127
12:57:03.0 (18575127)|STATEMENT_EXECUTE|[83]
12:57:03.0 (18577491)|HEAP_ALLOCATE|[83]|Bytes:4
12:57:03.0 (18585299)|HEAP_ALLOCATE|[83]|Bytes:4
12:57:03.18 (18660059)|CUMULATIVE_LIMIT_USAGE
12:57:03.18 (18660059)|LIMIT_USAGE_FOR_NS|(default)|
  Number of SOQL queries: 1 out of 100
  Number of query rows: 1 out of 50000
  Number of SOSL queries: 0 out of 20
  Number of DML statements: 0 out of 150
  Number of Publish Immediate DML: 0 out of 150
  Number of DML rows: 0 out of 10000
  Maximum CPU time: 0 out of 10000
  Maximum heap size: 0 out of 6000000
  Number of callouts: 0 out of 100
  Number of Email Invocations: 0 out of 10
  Number of future calls: 0 out of 50
  Number of queueable jobs added to the queue: 0 out of 50
  Number of Mobile Apex push calls: 0 out of 10

12:57:03.18 (18660059)|CUMULATIVE_LIMIT_USAGE_END

12:57:03.0 (18744055)|CODE_UNIT_FINISHED|CasosControllerExtension.obtenerCasosToday()
12:57:03.0 (18979432)|CODE_UNIT_FINISHED|apex://CasosControllerExtension/ACTION$obtenerCasosToday
12:57:03.0 (18991425)|EXECUTION_FINISHED
