67.0 APEX_CODE,FINEST;APEX_PROFILING,INFO;CALLOUT,INFO;DATA_ACCESS,INFO;DB,INFO;NBA,INFO;SYSTEM,DEBUG;VALIDATION,INFO;VISUALFORCE,INFO;WAVE,INFO;WORKFLOW,INFO
12:49:02.0 (294604)|USER_INFO|[EXTERNAL]|005Qg000002VBqt|jlandav@falabella.com.mx|(GMT-06:00) Central Standard Time (America/Mexico_City)|GMT-06:00
12:49:02.0 (385788)|EXECUTION_STARTED
12:49:02.0 (400220)|CODE_UNIT_STARTED|[EXTERNAL]|apex://CasosControllerExtension/ACTION$obtenerCasosToday
12:49:02.0 (1833310)|CODE_UNIT_STARTED|[EXTERNAL]|01p3l000005qcOV|CasosControllerExtension.obtenerCasosToday()
12:49:02.0 (1941083)|VARIABLE_SCOPE_BEGIN|[21]|CasosControllerExtension.QUEUE_CREDITO_FRAUDES|String|false|true
12:49:02.0 (1989232)|VARIABLE_SCOPE_BEGIN|[20]|CasosControllerExtension.RT_FIGITAL|String|false|true
12:49:02.0 (1993207)|VARIABLE_SCOPE_BEGIN|[19]|CasosControllerExtension.RT_RIESGOS|String|false|true
12:49:02.0 (1996788)|VARIABLE_SCOPE_BEGIN|[17]|CasosControllerExtension.ST_ASIGNADA|String|false|true
12:49:02.0 (2000889)|VARIABLE_SCOPE_BEGIN|[15]|CasosControllerExtension.ST_AUTORIZADA|String|false|true
12:49:02.0 (2006642)|VARIABLE_SCOPE_BEGIN|[18]|CasosControllerExtension.ST_CERRADO|String|false|true
12:49:02.0 (2012379)|VARIABLE_SCOPE_BEGIN|[16]|CasosControllerExtension.ST_NUEVO|String|false|true
12:49:02.0 (2148851)|HEAP_ALLOCATE|[95]|Bytes:3
12:49:02.0 (2211190)|HEAP_ALLOCATE|[100]|Bytes:152
12:49:02.0 (2226917)|HEAP_ALLOCATE|[417]|Bytes:408
12:49:02.0 (2237777)|HEAP_ALLOCATE|[430]|Bytes:408
12:49:02.0 (2259601)|HEAP_ALLOCATE|[317]|Bytes:6
12:49:02.0 (2273201)|HEAP_ALLOCATE|[EXTERNAL]|Bytes:11
12:49:02.0 (2298794)|METHOD_ENTRY|[13]|01p3l000005qcOV|CasosControllerExtension.CasosControllerExtension()
12:49:02.0 (2305288)|STATEMENT_EXECUTE|[13]
12:49:02.0 (2310486)|STATEMENT_EXECUTE|[13]
12:49:02.0 (2328791)|HEAP_ALLOCATE|[68]|Bytes:5
12:49:02.0 (2360934)|HEAP_ALLOCATE|[74]|Bytes:5
12:49:02.0 (2367832)|HEAP_ALLOCATE|[82]|Bytes:7
12:49:02.0 (2389312)|HEAP_ALLOCATE|[15]|Bytes:5
12:49:02.0 (2392816)|STATEMENT_EXECUTE|[15]
12:49:02.0 (2394722)|HEAP_ALLOCATE|[15]|Bytes:12
12:49:02.0 (2509508)|VARIABLE_ASSIGNMENT|[15]|CasosControllerExtension.ST_AUTORIZADA|"Autorización"
12:49:02.0 (2514350)|STATEMENT_EXECUTE|[16]
12:49:02.0 (2516187)|HEAP_ALLOCATE|[16]|Bytes:3
12:49:02.0 (2533313)|VARIABLE_ASSIGNMENT|[16]|CasosControllerExtension.ST_NUEVO|"New"
12:49:02.0 (2536542)|STATEMENT_EXECUTE|[17]
12:49:02.0 (2537927)|HEAP_ALLOCATE|[17]|Bytes:8
12:49:02.0 (2549782)|VARIABLE_ASSIGNMENT|[17]|CasosControllerExtension.ST_ASIGNADA|"Asignada"
12:49:02.0 (2553208)|STATEMENT_EXECUTE|[18]
12:49:02.0 (2554708)|HEAP_ALLOCATE|[18]|Bytes:7
12:49:02.0 (2564929)|VARIABLE_ASSIGNMENT|[18]|CasosControllerExtension.ST_CERRADO|"Cerrado"
12:49:02.0 (2567124)|STATEMENT_EXECUTE|[19]
12:49:02.0 (2568595)|HEAP_ALLOCATE|[19]|Bytes:19
12:49:02.0 (2579027)|VARIABLE_ASSIGNMENT|[19]|CasosControllerExtension.RT_RIESGOS|"Riesgos_Originaci_n"
12:49:02.0 (2581432)|STATEMENT_EXECUTE|[20]
12:49:02.0 (2582758)|HEAP_ALLOCATE|[20]|Bytes:18
12:49:02.0 (2590073)|VARIABLE_ASSIGNMENT|[20]|CasosControllerExtension.RT_FIGITAL|"BackOffice_Figital"
12:49:02.0 (2592077)|STATEMENT_EXECUTE|[21]
12:49:02.0 (2593007)|HEAP_ALLOCATE|[21]|Bytes:26
12:49:02.0 (2601247)|VARIABLE_ASSIGNMENT|[21]|CasosControllerExtension.QUEUE_CREDITO_FRAUDES|"BackOffice Credito/F (6 more) ..."
12:49:02.0 (2614848)|METHOD_EXIT|[13]|CasosControllerExtension
12:49:02.0 (2627448)|HEAP_ALLOCATE|[78]|Bytes:5
12:49:02.0 (2632291)|STATEMENT_EXECUTE|[76]
12:49:02.0 (2633294)|STATEMENT_EXECUTE|[78]
12:49:02.0 (2635198)|HEAP_ALLOCATE|[78]|Bytes:4
12:49:02.0 (2805587)|HEAP_ALLOCATE|[78]|Bytes:4
12:49:02.0 (3804119)|HEAP_ALLOCATE|[78]|Bytes:408
12:49:02.0 (3902244)|HEAP_ALLOCATE|[78]|Bytes:4
12:49:02.0 (3919383)|HEAP_ALLOCATE|[78]|Bytes:18
12:49:02.0 (3926616)|VARIABLE_SCOPE_BEGIN|[78]|idRecordTypeCredito|String|false|false
12:49:02.0 (3973681)|VARIABLE_ASSIGNMENT|[78]|idRecordTypeCredito|"0123l000001M9F8AAK"
12:49:02.0 (3978310)|STATEMENT_EXECUTE|[79]
12:49:02.0 (4057995)|HEAP_ALLOCATE|[79]|Bytes:4
12:49:02.0 (5017873)|HEAP_ALLOCATE|[79]|Bytes:408
12:49:02.0 (5079030)|HEAP_ALLOCATE|[79]|Bytes:4
12:49:02.0 (5087509)|HEAP_ALLOCATE|[79]|Bytes:18
12:49:02.0 (5094290)|VARIABLE_SCOPE_BEGIN|[79]|idRecordTypeFigital|String|false|false
12:49:02.0 (5135658)|VARIABLE_ASSIGNMENT|[79]|idRecordTypeFigital|"0123l0000019LkKAAU"
12:49:02.0 (5139239)|STATEMENT_EXECUTE|[81]
12:49:02.0 (5142572)|HEAP_ALLOCATE|[81]|Bytes:196
12:49:02.0 (5157656)|HEAP_ALLOCATE|[81]|Bytes:4
12:49:02.0 (5167391)|HEAP_ALLOCATE|[81]|Bytes:7
12:49:02.0 (5200506)|HEAP_ALLOCATE|[81]|Bytes:7
12:49:02.0 (5205204)|HEAP_ALLOCATE|[81]|Bytes:7
12:49:02.0 (5209549)|HEAP_ALLOCATE|[81]|Bytes:7
12:49:02.0 (5213620)|HEAP_ALLOCATE|[81]|Bytes:7
12:49:02.0 (5217242)|HEAP_ALLOCATE|[81]|Bytes:7
12:49:02.0 (5935497)|SOQL_EXECUTE_BEGIN|[81]|Aggregations:0|SELECT COUNT() FROM Case WHERE ((Status = :tmpVar1 OR Status = :tmpVar2 OR Status = :tmpVar3 OR Status = :tmpVar4) AND CreatedDate = TODAY AND (RecordTypeId = :tmpVar5 OR RecordTypeId = :tmpVar6))
12:49:02.0 (23081250)|SOQL_EXECUTE_END|[81]|Rows:120
12:49:02.0 (23149881)|HEAP_ALLOCATE|[81]|Bytes:4
12:49:02.0 (23182253)|VARIABLE_SCOPE_BEGIN|[81]|total|Integer|false|false
12:49:02.0 (23197256)|HEAP_ALLOCATE|[81]|Bytes:4
12:49:02.0 (23255851)|VARIABLE_ASSIGNMENT|[81]|total|120
12:49:02.0 (23260641)|STATEMENT_EXECUTE|[83]
12:49:02.0 (23263166)|HEAP_ALLOCATE|[83]|Bytes:4
12:49:02.0 (23274061)|HEAP_ALLOCATE|[83]|Bytes:4
12:49:02.23 (23343526)|CUMULATIVE_LIMIT_USAGE
12:49:02.23 (23343526)|LIMIT_USAGE_FOR_NS|(default)|
  Number of SOQL queries: 1 out of 100
  Number of query rows: 1 out of 50000
  Number of SOSL queries: 0 out of 20
  Number of DML statements: 0 out of 150
  Number of Publish Immediate DML: 0 out of 150
  Number of DML rows: 0 out of 10000
  Maximum CPU time: 0 out of 10000
  Maximum heap size: 0 out of 6000000
  Number of callouts: 0 out of 100
  Number of Email Invocations: 0 out of 10
  Number of future calls: 0 out of 50
  Number of queueable jobs added to the queue: 0 out of 50
  Number of Mobile Apex push calls: 0 out of 10

12:49:02.23 (23343526)|CUMULATIVE_LIMIT_USAGE_END

12:49:02.0 (23478108)|CODE_UNIT_FINISHED|CasosControllerExtension.obtenerCasosToday()
12:49:02.0 (23724016)|CODE_UNIT_FINISHED|apex://CasosControllerExtension/ACTION$obtenerCasosToday
12:49:02.0 (23745646)|EXECUTION_FINISHED
