67.0 APEX_CODE,FINEST;APEX_PROFILING,INFO;CALLOUT,INFO;DATA_ACCESS,INFO;DB,INFO;NBA,INFO;SYSTEM,DEBUG;VALIDATION,INFO;VISUALFORCE,INFO;WAVE,INFO;WORKFLOW,INFO
12:57:03.0 (315120)|USER_INFO|[EXTERNAL]|005Qg000002VBqt|jlandav@falabella.com.mx|(GMT-06:00) Central Standard Time (America/Mexico_City)|GMT-06:00
12:57:03.0 (407897)|EXECUTION_STARTED
12:57:03.0 (439718)|CODE_UNIT_STARTED|[EXTERNAL]|apex://CasosControllerExtension/ACTION$obtenerCasos
12:57:03.0 (1434992)|CODE_UNIT_STARTED|[EXTERNAL]|01p3l000005qcOV|CasosControllerExtension.obtenerCasos()
12:57:03.0 (2034530)|VARIABLE_SCOPE_BEGIN|[21]|CasosControllerExtension.QUEUE_CREDITO_FRAUDES|String|false|true
12:57:03.0 (2082227)|VARIABLE_SCOPE_BEGIN|[20]|CasosControllerExtension.RT_FIGITAL|String|false|true
12:57:03.0 (2086305)|VARIABLE_SCOPE_BEGIN|[19]|CasosControllerExtension.RT_RIESGOS|String|false|true
12:57:03.0 (2089942)|VARIABLE_SCOPE_BEGIN|[17]|CasosControllerExtension.ST_ASIGNADA|String|false|true
12:57:03.0 (2093226)|VARIABLE_SCOPE_BEGIN|[15]|CasosControllerExtension.ST_AUTORIZADA|String|false|true
12:57:03.0 (2096624)|VARIABLE_SCOPE_BEGIN|[18]|CasosControllerExtension.ST_CERRADO|String|false|true
12:57:03.0 (2100001)|VARIABLE_SCOPE_BEGIN|[16]|CasosControllerExtension.ST_NUEVO|String|false|true
12:57:03.0 (2225117)|HEAP_ALLOCATE|[95]|Bytes:3
12:57:03.0 (2286172)|HEAP_ALLOCATE|[100]|Bytes:152
12:57:03.0 (2298898)|HEAP_ALLOCATE|[417]|Bytes:408
12:57:03.0 (2310031)|HEAP_ALLOCATE|[430]|Bytes:408
12:57:03.0 (2329470)|HEAP_ALLOCATE|[317]|Bytes:6
12:57:03.0 (2338516)|HEAP_ALLOCATE|[EXTERNAL]|Bytes:11
12:57:03.0 (2369390)|METHOD_ENTRY|[13]|01p3l000005qcOV|CasosControllerExtension.CasosControllerExtension()
12:57:03.0 (2380729)|STATEMENT_EXECUTE|[13]
12:57:03.0 (2390124)|STATEMENT_EXECUTE|[13]
12:57:03.0 (2408100)|HEAP_ALLOCATE|[68]|Bytes:5
12:57:03.0 (2442465)|HEAP_ALLOCATE|[74]|Bytes:5
12:57:03.0 (2447548)|HEAP_ALLOCATE|[82]|Bytes:7
12:57:03.0 (2601428)|HEAP_ALLOCATE|[15]|Bytes:5
12:57:03.0 (2606656)|STATEMENT_EXECUTE|[15]
12:57:03.0 (2608508)|HEAP_ALLOCATE|[15]|Bytes:12
12:57:03.0 (2688228)|VARIABLE_ASSIGNMENT|[15]|CasosControllerExtension.ST_AUTORIZADA|"Autorización"
12:57:03.0 (2717238)|STATEMENT_EXECUTE|[16]
12:57:03.0 (2718864)|HEAP_ALLOCATE|[16]|Bytes:3
12:57:03.0 (2724273)|VARIABLE_ASSIGNMENT|[16]|CasosControllerExtension.ST_NUEVO|"New"
12:57:03.0 (2726259)|STATEMENT_EXECUTE|[17]
12:57:03.0 (2727410)|HEAP_ALLOCATE|[17]|Bytes:8
12:57:03.0 (2730938)|VARIABLE_ASSIGNMENT|[17]|CasosControllerExtension.ST_ASIGNADA|"Asignada"
12:57:03.0 (2732903)|STATEMENT_EXECUTE|[18]
12:57:03.0 (2733946)|HEAP_ALLOCATE|[18]|Bytes:7
12:57:03.0 (2737461)|VARIABLE_ASSIGNMENT|[18]|CasosControllerExtension.ST_CERRADO|"Cerrado"
12:57:03.0 (2739443)|STATEMENT_EXECUTE|[19]
12:57:03.0 (2740728)|HEAP_ALLOCATE|[19]|Bytes:19
12:57:03.0 (2744473)|VARIABLE_ASSIGNMENT|[19]|CasosControllerExtension.RT_RIESGOS|"Riesgos_Originaci_n"
12:57:03.0 (2746739)|STATEMENT_EXECUTE|[20]
12:57:03.0 (2747858)|HEAP_ALLOCATE|[20]|Bytes:18
12:57:03.0 (2751649)|VARIABLE_ASSIGNMENT|[20]|CasosControllerExtension.RT_FIGITAL|"BackOffice_Figital"
12:57:03.0 (2753690)|STATEMENT_EXECUTE|[21]
12:57:03.0 (2754713)|HEAP_ALLOCATE|[21]|Bytes:26
12:57:03.0 (2760065)|VARIABLE_ASSIGNMENT|[21]|CasosControllerExtension.QUEUE_CREDITO_FRAUDES|"BackOffice Credito/F (6 more) ..."
12:57:03.0 (2775282)|METHOD_EXIT|[13]|CasosControllerExtension
12:57:03.0 (2788198)|HEAP_ALLOCATE|[43]|Bytes:5
12:57:03.0 (2790362)|STATEMENT_EXECUTE|[41]
12:57:03.0 (2791189)|STATEMENT_EXECUTE|[43]
12:57:03.0 (2801977)|HEAP_ALLOCATE|[43]|Bytes:4
12:57:03.0 (2812605)|VARIABLE_SCOPE_BEGIN|[43]|mapResult|Map<String,ANY>|true|false
12:57:03.0 (2849369)|VARIABLE_ASSIGNMENT|[43]|mapResult|{}|0x18e9bb24
12:57:03.0 (2852441)|STATEMENT_EXECUTE|[45]
12:57:03.0 (2866813)|METHOD_ENTRY|[45]|01p3l000005qcOV|CasosControllerExtension.getProfileName()
12:57:03.0 (2888264)|HEAP_ALLOCATE|[29]|Bytes:5
12:57:03.0 (2890511)|STATEMENT_EXECUTE|[27]
12:57:03.0 (2891335)|STATEMENT_EXECUTE|[29]
12:57:03.0 (2923090)|HEAP_ALLOCATE|[29]|Bytes:105
12:57:03.0 (2931339)|SYSTEM_METHOD_ENTRY|[1]|UserInfo.UserInfo()
12:57:03.0 (2933546)|STATEMENT_EXECUTE|[1]
12:57:03.0 (2940199)|SYSTEM_METHOD_EXIT|[1]|UserInfo
12:57:03.0 (2947664)|METHOD_ENTRY|[29]||System.UserInfo.getProfileId()
12:57:03.0 (5262018)|METHOD_EXIT|[29]||System.UserInfo.getProfileId()
12:57:03.0 (5297098)|HEAP_ALLOCATE|[29]|Bytes:4
12:57:03.0 (5306477)|VARIABLE_SCOPE_BEGIN|[29]|profileId|Id|false|false
12:57:03.0 (5521579)|VARIABLE_ASSIGNMENT|[29]|profileId|"00e1N000001u1HIQAY"
12:57:03.0 (5526342)|STATEMENT_EXECUTE|[30]
12:57:03.0 (5529841)|HEAP_ALLOCATE|[30]|Bytes:48
12:57:03.0 (5544007)|HEAP_ALLOCATE|[30]|Bytes:4
12:57:03.0 (5550716)|HEAP_ALLOCATE|[30]|Bytes:7
12:57:03.0 (8255267)|SOQL_EXECUTE_BEGIN|[30]|Aggregations:0|SELECT Id, Name FROM Profile WHERE Id = :tmpVar1
12:57:03.0 (13417560)|SOQL_EXECUTE_END|[30]|Rows:1
12:57:03.0 (13456018)|HEAP_ALLOCATE|[30]|Bytes:8
12:57:03.0 (13470994)|HEAP_ALLOCATE|[30]|Bytes:57
12:57:03.0 (13585271)|HEAP_ALLOCATE|[30]|Bytes:8
12:57:03.0 (13602318)|HEAP_ALLOCATE|[30]|Bytes:33
12:57:03.0 (13663881)|HEAP_ALLOCATE|[30]|Bytes:12
12:57:03.0 (13707319)|VARIABLE_SCOPE_BEGIN|[30]|profileName|String|false|false
12:57:03.0 (13734203)|VARIABLE_ASSIGNMENT|[30]|profileName|"System Administrator"
12:57:03.0 (13739726)|STATEMENT_EXECUTE|[32]
12:57:03.0 (13755633)|METHOD_EXIT|[45]|01p3l000005qcOV|CasosControllerExtension.getProfileName()
12:57:03.0 (13762158)|VARIABLE_SCOPE_BEGIN|[45]|profileName|String|false|false
12:57:03.0 (13768622)|VARIABLE_ASSIGNMENT|[45]|profileName|"System Administrator"
12:57:03.0 (13771586)|STATEMENT_EXECUTE|[47]
12:57:03.0 (13774026)|HEAP_ALLOCATE|[47]|Bytes:4
12:57:03.0 (14337619)|HEAP_ALLOCATE|[47]|Bytes:4
12:57:03.0 (16772639)|HEAP_ALLOCATE|[47]|Bytes:408
12:57:03.0 (16892706)|HEAP_ALLOCATE|[47]|Bytes:4
12:57:03.0 (16915124)|HEAP_ALLOCATE|[47]|Bytes:18
12:57:03.0 (16921949)|VARIABLE_SCOPE_BEGIN|[47]|idRecordTypeCredito|String|false|false
12:57:03.0 (16944329)|VARIABLE_ASSIGNMENT|[47]|idRecordTypeCredito|"0123l000001M9F8AAK"
12:57:03.0 (16948965)|STATEMENT_EXECUTE|[48]
12:57:03.0 (17069332)|HEAP_ALLOCATE|[48]|Bytes:4
12:57:03.0 (18480709)|HEAP_ALLOCATE|[48]|Bytes:408
12:57:03.0 (18547338)|HEAP_ALLOCATE|[48]|Bytes:4
12:57:03.0 (18557944)|HEAP_ALLOCATE|[48]|Bytes:18
12:57:03.0 (18563621)|VARIABLE_SCOPE_BEGIN|[48]|idRecordTypeFigital|String|false|false
12:57:03.0 (18582555)|VARIABLE_ASSIGNMENT|[48]|idRecordTypeFigital|"0123l0000019LkKAAU"
12:57:03.0 (18586738)|STATEMENT_EXECUTE|[50]
12:57:03.0 (18589096)|HEAP_ALLOCATE|[50]|Bytes:737
12:57:03.0 (18601484)|HEAP_ALLOCATE|[50]|Bytes:4
12:57:03.0 (18618326)|HEAP_ALLOCATE|[50]|Bytes:7
12:57:03.0 (18624422)|HEAP_ALLOCATE|[50]|Bytes:7
12:57:03.0 (18628857)|HEAP_ALLOCATE|[50]|Bytes:7
12:57:03.0 (18633324)|HEAP_ALLOCATE|[50]|Bytes:7
12:57:03.0 (18637504)|HEAP_ALLOCATE|[50]|Bytes:7
12:57:03.0 (20756343)|SOQL_EXECUTE_BEGIN|[50]|Aggregations:0|SELECT Id, CaseNumber, ID_Solicitud__c, Nombre_s__c, Primer_Apellido__c, Segundo_Apellido__c, CreatedDate, Status, Tiempo_en_Proceso__c, OwnerId, Owner.Name, Fecha_y_hora_de_solicitud_en_an_lisis__c, Tiempo_en_An_lisis__c, Solicitud_Repetida__c, Solicitud_de_cancelaci_n__c, C_digo_Postal_Direcci_n_Otros__c, Validar_Movimientos__c, Publicidad__c, Bloqueo_de_Tarjeta_por_Cancelaci_n__c, Canal_origen__c, Fecha_y_hora_de_solicitud_en_Nuevo__c FROM Case WHERE ((Status = :tmpVar1 OR Status = :tmpVar2 OR Status = :tmpVar3) AND (RecordTypeId = :tmpVar4 OR RecordTypeId = :tmpVar5) AND Owner.Name != :tmpVar6 AND OcultarBO__c != TRUE) ORDER BY RecordType.DeveloperName DESC NULLS FIRST, Fecha_y_hora_de_solicitud_en_Nuevo__c DESC NULLS FIRST
12:57:03.0 (78962785)|SOQL_EXECUTE_END|[50]|Rows:293
12:57:03.0 (79013300)|HEAP_ALLOCATE|[50]|Bytes:1176
12:57:03.0 (80198385)|HEAP_ALLOCATE|[50]|Bytes:176289
12:57:03.0 (80334283)|HEAP_ALLOCATE|[50]|Bytes:1176
12:57:03.0 (80366450)|VARIABLE_SCOPE_BEGIN|[50]|listaCasos|List<Case>|true|false
12:57:03.0 (80405973)|VARIABLE_ASSIGNMENT|[50]|listaCasos|"List of size 293 too large to display"|0xbbf75bb
12:57:03.0 (80412791)|STATEMENT_EXECUTE|[61]
12:57:03.0 (80418003)|HEAP_ALLOCATE|[61]|Bytes:95
12:57:03.0 (80435116)|HEAP_ALLOCATE|[61]|Bytes:4
12:57:03.0 (81211208)|SOQL_EXECUTE_BEGIN|[61]|Aggregations:0|SELECT MasterLabel, Canal_Origen__c, Segundos__c, Semaforo__c FROM Semaforo_Riesgos_Inicio__mdt
12:57:03.0 (87380589)|SOQL_EXECUTE_END|[61]|Rows:6
12:57:03.0 (87437364)|HEAP_ALLOCATE|[61]|Bytes:28
12:57:03.0 (87506247)|HEAP_ALLOCATE|[61]|Bytes:871
12:57:03.0 (87603184)|HEAP_ALLOCATE|[61]|Bytes:28
12:57:03.0 (87631261)|VARIABLE_SCOPE_BEGIN|[61]|lstSemaforoRiesgos|List<Semaforo_Riesgos_Inicio__mdt>|true|false
12:57:03.0 (87663471)|VARIABLE_ASSIGNMENT|[61]|lstSemaforoRiesgos|"List of size 6 too large to display"|0x684310fc
12:57:03.0 (87670108)|STATEMENT_EXECUTE|[63]
12:57:03.0 (87675184)|HEAP_ALLOCATE|[63]|Bytes:10
12:57:03.0 (87765081)|HEAP_ALLOCATE|[EXTERNAL]|Bytes:-4
12:57:03.0 (87775431)|STATEMENT_EXECUTE|[64]
12:57:03.0 (87778471)|HEAP_ALLOCATE|[64]|Bytes:11
12:57:03.0 (87798726)|HEAP_ALLOCATE|[EXTERNAL]|Bytes:-4
12:57:03.0 (87803864)|STATEMENT_EXECUTE|[65]
12:57:03.0 (87805753)|HEAP_ALLOCATE|[65]|Bytes:18
12:57:03.0 (87820205)|HEAP_ALLOCATE|[EXTERNAL]|Bytes:-4
12:57:03.0 (87824795)|STATEMENT_EXECUTE|[67]
12:57:03.87 (87913358)|CUMULATIVE_LIMIT_USAGE
12:57:03.87 (87913358)|LIMIT_USAGE_FOR_NS|(default)|
  Number of SOQL queries: 2 out of 100
  Number of query rows: 300 out of 50000
  Number of SOSL queries: 0 out of 20
  Number of DML statements: 0 out of 150
  Number of Publish Immediate DML: 0 out of 150
  Number of DML rows: 0 out of 10000
  Maximum CPU time: 0 out of 10000
  Maximum heap size: 0 out of 6000000
  Number of callouts: 0 out of 100
  Number of Email Invocations: 0 out of 10
  Number of future calls: 0 out of 50
  Number of queueable jobs added to the queue: 0 out of 50
  Number of Mobile Apex push calls: 0 out of 10

12:57:03.87 (87913358)|CUMULATIVE_LIMIT_USAGE_END

12:57:03.0 (88019809)|CODE_UNIT_FINISHED|CasosControllerExtension.obtenerCasos()
12:57:03.0 (93500509)|CODE_UNIT_FINISHED|apex://CasosControllerExtension/ACTION$obtenerCasos
12:57:03.0 (93533114)|EXECUTION_FINISHED
