52.0 APEX_CODE,FINEST;APEX_PROFILING,INFO;CALLOUT,INFO;DATA_ACCESS,INFO;DB,INFO;NBA,INFO;SYSTEM,DEBUG;VALIDATION,INFO;VISUALFORCE,INFO;WAVE,INFO;WORKFLOW,INFO
10:18:03.0 (304841)|USER_INFO|[EXTERNAL]|0051N000008bAK9|contingenciafalabella@falabella.com.mx|(GMT-06:00) Central Standard Time (America/Mexico_City)|GMT-06:00
10:18:03.0 (404516)|EXECUTION_STARTED
10:18:03.0 (421056)|CODE_UNIT_STARTED|[EXTERNAL]|01p3l00000EBsec|BatchUpdateCaseGestorBO
10:18:03.0 (1316691)|HEAP_ALLOCATE|[95]|Bytes:3
10:18:03.0 (1434953)|HEAP_ALLOCATE|[100]|Bytes:152
10:18:03.0 (1455407)|HEAP_ALLOCATE|[417]|Bytes:408
10:18:03.0 (1473948)|HEAP_ALLOCATE|[430]|Bytes:408
10:18:03.0 (1505476)|HEAP_ALLOCATE|[317]|Bytes:6
10:18:03.0 (1812977)|HEAP_ALLOCATE|[EXTERNAL]|Bytes:98
10:18:03.0 (2367211)|HEAP_ALLOCATE|[EXTERNAL]|Bytes:11
10:18:03.0 (2387152)|SYSTEM_METHOD_ENTRY|[15]|BatchableContextImpl.BatchableContextImpl()
10:18:03.0 (2395876)|STATEMENT_EXECUTE|[15]
10:18:03.0 (2408773)|SYSTEM_METHOD_EXIT|[15]|BatchableContextImpl
10:18:03.0 (2414664)|HEAP_ALLOCATE|[EXTERNAL]|Bytes:12
10:18:03.0 (2418408)|HEAP_ALLOCATE|[EXTERNAL]|Bytes:4
10:18:03.0 (2424705)|VARIABLE_SCOPE_BEGIN|[31]|this|Database.BatchableContextImpl|true|false
10:18:03.0 (2604911)|VARIABLE_ASSIGNMENT|[31]|this|{}|0x4a55a81b
10:18:03.0 (2612950)|VARIABLE_SCOPE_BEGIN|[31]|jobId|Id|false|false
10:18:03.0 (2821046)|VARIABLE_ASSIGNMENT|[31]|jobId|"707RQ00002CRoYcYAL"
10:18:03.0 (2825829)|VARIABLE_SCOPE_BEGIN|[31]|childJobId|Id|false|false
10:18:03.0 (2833960)|VARIABLE_ASSIGNMENT|[31]|childJobId|null
10:18:03.0 (16486153)|HEAP_ALLOCATE|[EXTERNAL]|Bytes:99
10:18:03.0 (16517637)|HEAP_ALLOCATE|[EXTERNAL]|Bytes:12
10:18:03.0 (16535620)|METHOD_ENTRY|[11]|01p3l00000EBsec|BatchUpdateCaseGestorBO.BatchUpdateCaseGestorBO()
10:18:03.0 (16545574)|STATEMENT_EXECUTE|[11]
10:18:03.0 (16555036)|STATEMENT_EXECUTE|[11]
10:18:03.0 (16561365)|METHOD_EXIT|[11]|BatchUpdateCaseGestorBO
10:18:03.0 (16566598)|HEAP_ALLOCATE|[EXTERNAL]|Bytes:20
10:18:03.0 (16570452)|HEAP_ALLOCATE|[EXTERNAL]|Bytes:12
10:18:03.0 (16580617)|VARIABLE_SCOPE_BEGIN|[108]|this|BatchUpdateCaseGestorBO|true|false
10:18:03.0 (16646846)|VARIABLE_ASSIGNMENT|[108]|this|{"idQueueFraudesCredito":"00G3l000004HYBREA4","intCallMSAttempts":3,"lstRecordTypesBO":"0x717010","lstRequestsWithError":"0x31064930"}|0x77777fc9
10:18:03.0 (16655416)|VARIABLE_SCOPE_BEGIN|[108]|BC|Database.BatchableContext|true|false
10:18:03.0 (16738831)|VARIABLE_ASSIGNMENT|[108]|BC|{"jobId":"707RQ00002CRoYcYAL"}|0x4a55a81b
10:18:03.0 (16749734)|STATEMENT_EXECUTE|[108]
10:18:03.0 (16837120)|STATEMENT_EXECUTE|[111]
10:18:03.35 (35327072)|CUMULATIVE_LIMIT_USAGE
10:18:03.35 (35327072)|LIMIT_USAGE_FOR_NS|(default)|
  Number of SOQL queries: 0 out of 200
  Number of query rows: 0 out of 50000
  Number of SOSL queries: 0 out of 20
  Number of DML statements: 0 out of 150
  Number of Publish Immediate DML: 0 out of 150
  Number of DML rows: 0 out of 10000
  Maximum CPU time: 0 out of 60000
  Maximum heap size: 0 out of 12000000
  Number of callouts: 0 out of 0
  Number of Email Invocations: 0 out of 10
  Number of future calls: 0 out of 0
  Number of queueable jobs added to the queue: 0 out of 1
  Number of Mobile Apex push calls: 0 out of 10

10:18:03.35 (35327072)|CUMULATIVE_LIMIT_USAGE_END

10:18:03.0 (35461216)|CODE_UNIT_FINISHED|BatchUpdateCaseGestorBO
10:18:03.0 (35481153)|EXECUTION_FINISHED
