66.0 APEX_CODE,FINEST;APEX_PROFILING,INFO;CALLOUT,INFO;DATA_ACCESS,INFO;DB,INFO;NBA,INFO;SYSTEM,DEBUG;VALIDATION,INFO;VISUALFORCE,INFO;WAVE,INFO;WORKFLOW,INFO
14:50:39.0 (193817)|USER_INFO|[EXTERNAL]|0051N000005gvau|etrevinofalabella@izeicg.com.uat|(GMT-06:00) Central Standard Time (America/Mexico_City)|GMT-06:00
14:50:39.0 (230801)|EXECUTION_STARTED
14:50:39.0 (239755)|CODE_UNIT_STARTED|[EXTERNAL]|apex://validateQuestionsController/ACTION$getValidationToday
14:50:39.0 (3374980)|CODE_UNIT_STARTED|[EXTERNAL]|01p0v000003Gv5u|validateQuestionsController.getValidationToday(String)
14:50:39.0 (3675426)|HEAP_ALLOCATE|[95]|Bytes:3
14:50:39.0 (3758840)|HEAP_ALLOCATE|[100]|Bytes:152
14:50:39.0 (3773092)|HEAP_ALLOCATE|[417]|Bytes:408
14:50:39.0 (3783972)|HEAP_ALLOCATE|[430]|Bytes:408
14:50:39.0 (3806119)|HEAP_ALLOCATE|[317]|Bytes:6
14:50:39.0 (3816848)|HEAP_ALLOCATE|[EXTERNAL]|Bytes:27
14:50:39.0 (3820213)|HEAP_ALLOCATE|[EXTERNAL]|Bytes:11
14:50:39.0 (3828585)|METHOD_ENTRY|[15]|01p0v000003Gv5u|validateQuestionsController.validateQuestionsController()
14:50:39.0 (3833302)|STATEMENT_EXECUTE|[15]
14:50:39.0 (3839871)|STATEMENT_EXECUTE|[15]
14:50:39.0 (3843924)|METHOD_EXIT|[15]|validateQuestionsController
14:50:39.0 (3847827)|HEAP_ALLOCATE|[EXTERNAL]|Bytes:18
14:50:39.0 (3855361)|VARIABLE_SCOPE_BEGIN|[58]|customerId|String|false|false
14:50:39.0 (3892991)|VARIABLE_ASSIGNMENT|[58]|customerId|"0010v00000KlWodAAF"
14:50:39.0 (3900716)|STATEMENT_EXECUTE|[58]
14:50:39.0 (3901646)|STATEMENT_EXECUTE|[59]
14:50:39.0 (4241302)|HEAP_ALLOCATE|[59]|Bytes:4
14:50:39.0 (4323340)|VARIABLE_SCOPE_BEGIN|[59]|VIList|List<Validacion_Incorrecta__c>|true|false
14:50:39.0 (4334578)|HEAP_ALLOCATE|[EXTERNAL]|Bytes:4
14:50:39.0 (4348265)|VARIABLE_ASSIGNMENT|[59]|VIList|[]|0x41bc7c80
14:50:39.0 (4351715)|STATEMENT_EXECUTE|[60]
14:50:39.0 (4352813)|STATEMENT_EXECUTE|[60]
14:50:39.0 (4353665)|STATEMENT_EXECUTE|[61]
14:50:39.0 (4355760)|HEAP_ALLOCATE|[61]|Bytes:128
14:50:39.0 (4370542)|HEAP_ALLOCATE|[61]|Bytes:4
14:50:39.0 (4377303)|HEAP_ALLOCATE|[61]|Bytes:7
14:50:39.0 (4413425)|HEAP_ALLOCATE|[68]|Bytes:5
14:50:39.0 (4437017)|HEAP_ALLOCATE|[74]|Bytes:5
14:50:39.0 (4441490)|HEAP_ALLOCATE|[82]|Bytes:7
14:50:39.0 (6399349)|SOQL_EXECUTE_BEGIN|[61]|Aggregations:0|SELECT Id FROM Validacion_Incorrecta__c WHERE (Account__c = :tmpVar1 AND Validacion_Exitosa__c = FALSE AND Creado_Hoy__c = TRUE)
14:50:39.0 (14528713)|SOQL_EXECUTE_END|[61]|Rows:0
14:50:39.0 (14564442)|HEAP_ALLOCATE|[61]|Bytes:4
14:50:39.0 (14582373)|HEAP_ALLOCATE|[61]|Bytes:0
14:50:39.0 (14641511)|HEAP_ALLOCATE|[61]|Bytes:4
14:50:39.0 (14701683)|VARIABLE_ASSIGNMENT|[61]|VIList|[]|0xa864c88
14:50:39.0 (14710318)|STATEMENT_EXECUTE|[68]
14:50:39.0 (14762922)|VARIABLE_SCOPE_BEGIN|[68]|numeroDeValidacionesIncorrectas|Integer|false|false
14:50:39.0 (14768578)|HEAP_ALLOCATE|[68]|Bytes:4
14:50:39.0 (14775963)|VARIABLE_ASSIGNMENT|[68]|numeroDeValidacionesIncorrectas|0
14:50:39.0 (14778472)|STATEMENT_EXECUTE|[69]
14:50:39.0 (14780674)|HEAP_ALLOCATE|[69]|Bytes:4
14:50:39.14 (14852268)|CUMULATIVE_LIMIT_USAGE
14:50:39.14 (14852268)|LIMIT_USAGE_FOR_NS|(default)|
  Number of SOQL queries: 1 out of 100
  Number of query rows: 0 out of 50000
  Number of SOSL queries: 0 out of 20
  Number of DML statements: 0 out of 150
  Number of Publish Immediate DML: 0 out of 150
  Number of DML rows: 0 out of 10000
  Maximum CPU time: 0 out of 10000
  Maximum heap size: 0 out of 6000000
  Number of callouts: 0 out of 100
  Number of Email Invocations: 0 out of 10
  Number of future calls: 0 out of 50
  Number of queueable jobs added to the queue: 0 out of 50
  Number of Mobile Apex push calls: 0 out of 10

14:50:39.14 (14852268)|CUMULATIVE_LIMIT_USAGE_END

14:50:39.0 (14885518)|CODE_UNIT_FINISHED|validateQuestionsController.getValidationToday(String)
14:50:39.0 (15060362)|CODE_UNIT_FINISHED|apex://validateQuestionsController/ACTION$getValidationToday
14:50:39.0 (15065264)|EXECUTION_FINISHED
