67.0 APEX_CODE,FINEST;APEX_PROFILING,INFO;CALLOUT,INFO;DATA_ACCESS,INFO;DB,INFO;NBA,INFO;SYSTEM,DEBUG;VALIDATION,INFO;VISUALFORCE,INFO;WAVE,INFO;WORKFLOW,INFO
13:00:21.0 (299546)|USER_INFO|[EXTERNAL]|005Qg000002VBqt|jlandav@falabella.com.mx|(GMT-06:00) Central Standard Time (America/Mexico_City)|GMT-06:00
13:00:21.0 (393644)|EXECUTION_STARTED
13:00:21.0 (418194)|CODE_UNIT_STARTED|[EXTERNAL]|apex://CasosControllerExtension/ACTION$obtenerCasosToday
13:00:21.0 (1419272)|CODE_UNIT_STARTED|[EXTERNAL]|01p3l000005qcOV|CasosControllerExtension.obtenerCasosToday()
13:00:21.0 (1548292)|VARIABLE_SCOPE_BEGIN|[21]|CasosControllerExtension.QUEUE_CREDITO_FRAUDES|String|false|true
13:00:21.0 (1610910)|VARIABLE_SCOPE_BEGIN|[20]|CasosControllerExtension.RT_FIGITAL|String|false|true
13:00:21.0 (1617859)|VARIABLE_SCOPE_BEGIN|[19]|CasosControllerExtension.RT_RIESGOS|String|false|true
13:00:21.0 (1623685)|VARIABLE_SCOPE_BEGIN|[17]|CasosControllerExtension.ST_ASIGNADA|String|false|true
13:00:21.0 (1629158)|VARIABLE_SCOPE_BEGIN|[15]|CasosControllerExtension.ST_AUTORIZADA|String|false|true
13:00:21.0 (1635149)|VARIABLE_SCOPE_BEGIN|[18]|CasosControllerExtension.ST_CERRADO|String|false|true
13:00:21.0 (1641144)|VARIABLE_SCOPE_BEGIN|[16]|CasosControllerExtension.ST_NUEVO|String|false|true
13:00:21.0 (1786152)|HEAP_ALLOCATE|[95]|Bytes:3
13:00:21.0 (1832989)|HEAP_ALLOCATE|[100]|Bytes:152
13:00:21.0 (1847194)|HEAP_ALLOCATE|[417]|Bytes:408
13:00:21.0 (1857529)|HEAP_ALLOCATE|[430]|Bytes:408
13:00:21.0 (1879231)|HEAP_ALLOCATE|[317]|Bytes:6
13:00:21.0 (1889191)|HEAP_ALLOCATE|[EXTERNAL]|Bytes:11
13:00:21.0 (1913992)|METHOD_ENTRY|[13]|01p3l000005qcOV|CasosControllerExtension.CasosControllerExtension()
13:00:21.0 (1920310)|STATEMENT_EXECUTE|[13]
13:00:21.0 (1925219)|STATEMENT_EXECUTE|[13]
13:00:21.0 (1944709)|HEAP_ALLOCATE|[68]|Bytes:5
13:00:21.0 (1971749)|HEAP_ALLOCATE|[74]|Bytes:5
13:00:21.0 (1976332)|HEAP_ALLOCATE|[82]|Bytes:7
13:00:21.0 (1999037)|HEAP_ALLOCATE|[15]|Bytes:5
13:00:21.0 (2001382)|STATEMENT_EXECUTE|[15]
13:00:21.0 (2003932)|HEAP_ALLOCATE|[15]|Bytes:12
13:00:21.0 (2065055)|VARIABLE_ASSIGNMENT|[15]|CasosControllerExtension.ST_AUTORIZADA|"Autorización"
13:00:21.0 (2069824)|STATEMENT_EXECUTE|[16]
13:00:21.0 (2071106)|HEAP_ALLOCATE|[16]|Bytes:3
13:00:21.0 (2076419)|VARIABLE_ASSIGNMENT|[16]|CasosControllerExtension.ST_NUEVO|"New"
13:00:21.0 (2078888)|STATEMENT_EXECUTE|[17]
13:00:21.0 (2080264)|HEAP_ALLOCATE|[17]|Bytes:8
13:00:21.0 (2084227)|VARIABLE_ASSIGNMENT|[17]|CasosControllerExtension.ST_ASIGNADA|"Asignada"
13:00:21.0 (2086672)|STATEMENT_EXECUTE|[18]
13:00:21.0 (2087596)|HEAP_ALLOCATE|[18]|Bytes:7
13:00:21.0 (2091502)|VARIABLE_ASSIGNMENT|[18]|CasosControllerExtension.ST_CERRADO|"Cerrado"
13:00:21.0 (2093871)|STATEMENT_EXECUTE|[19]
13:00:21.0 (2095172)|HEAP_ALLOCATE|[19]|Bytes:19
13:00:21.0 (2099091)|VARIABLE_ASSIGNMENT|[19]|CasosControllerExtension.RT_RIESGOS|"Riesgos_Originaci_n"
13:00:21.0 (2101488)|STATEMENT_EXECUTE|[20]
13:00:21.0 (2102532)|HEAP_ALLOCATE|[20]|Bytes:18
13:00:21.0 (2106514)|VARIABLE_ASSIGNMENT|[20]|CasosControllerExtension.RT_FIGITAL|"BackOffice_Figital"
13:00:21.0 (2108577)|STATEMENT_EXECUTE|[21]
13:00:21.0 (2109639)|HEAP_ALLOCATE|[21]|Bytes:26
13:00:21.0 (2115766)|VARIABLE_ASSIGNMENT|[21]|CasosControllerExtension.QUEUE_CREDITO_FRAUDES|"BackOffice Credito/F (6 more) ..."
13:00:21.0 (2128583)|METHOD_EXIT|[13]|CasosControllerExtension
13:00:21.0 (2139922)|HEAP_ALLOCATE|[78]|Bytes:5
13:00:21.0 (2142091)|STATEMENT_EXECUTE|[76]
13:00:21.0 (2142951)|STATEMENT_EXECUTE|[78]
13:00:21.0 (2144316)|HEAP_ALLOCATE|[78]|Bytes:4
13:00:21.0 (2306272)|HEAP_ALLOCATE|[78]|Bytes:4
13:00:21.0 (3504139)|HEAP_ALLOCATE|[78]|Bytes:408
13:00:21.0 (3581122)|HEAP_ALLOCATE|[78]|Bytes:4
13:00:21.0 (3594937)|HEAP_ALLOCATE|[78]|Bytes:18
13:00:21.0 (3600799)|VARIABLE_SCOPE_BEGIN|[78]|idRecordTypeCredito|String|false|false
13:00:21.0 (3622901)|VARIABLE_ASSIGNMENT|[78]|idRecordTypeCredito|"0123l000001M9F8AAK"
13:00:21.0 (3626092)|STATEMENT_EXECUTE|[79]
13:00:21.0 (3700247)|HEAP_ALLOCATE|[79]|Bytes:4
13:00:21.0 (4809528)|HEAP_ALLOCATE|[79]|Bytes:408
13:00:21.0 (4864678)|HEAP_ALLOCATE|[79]|Bytes:4
13:00:21.0 (4874126)|HEAP_ALLOCATE|[79]|Bytes:18
13:00:21.0 (4879922)|VARIABLE_SCOPE_BEGIN|[79]|idRecordTypeFigital|String|false|false
13:00:21.0 (4902802)|VARIABLE_ASSIGNMENT|[79]|idRecordTypeFigital|"0123l0000019LkKAAU"
13:00:21.0 (4906172)|STATEMENT_EXECUTE|[81]
13:00:21.0 (4909264)|HEAP_ALLOCATE|[81]|Bytes:196
13:00:21.0 (4926634)|HEAP_ALLOCATE|[81]|Bytes:4
13:00:21.0 (4935697)|HEAP_ALLOCATE|[81]|Bytes:7
13:00:21.0 (4966495)|HEAP_ALLOCATE|[81]|Bytes:7
13:00:21.0 (4971466)|HEAP_ALLOCATE|[81]|Bytes:7
13:00:21.0 (4975316)|HEAP_ALLOCATE|[81]|Bytes:7
13:00:21.0 (4979217)|HEAP_ALLOCATE|[81]|Bytes:7
13:00:21.0 (4983479)|HEAP_ALLOCATE|[81]|Bytes:7
13:00:21.0 (5652733)|SOQL_EXECUTE_BEGIN|[81]|Aggregations:0|SELECT COUNT() FROM Case WHERE ((Status = :tmpVar1 OR Status = :tmpVar2 OR Status = :tmpVar3 OR Status = :tmpVar4) AND CreatedDate = TODAY AND (RecordTypeId = :tmpVar5 OR RecordTypeId = :tmpVar6))
13:00:21.0 (16544708)|SOQL_EXECUTE_END|[81]|Rows:129
13:00:21.0 (16594857)|HEAP_ALLOCATE|[81]|Bytes:4
13:00:21.0 (16617647)|VARIABLE_SCOPE_BEGIN|[81]|total|Integer|false|false
13:00:21.0 (16630546)|HEAP_ALLOCATE|[81]|Bytes:4
13:00:21.0 (16664547)|VARIABLE_ASSIGNMENT|[81]|total|129
13:00:21.0 (16668575)|STATEMENT_EXECUTE|[83]
13:00:21.0 (16670267)|HEAP_ALLOCATE|[83]|Bytes:4
13:00:21.0 (16676319)|HEAP_ALLOCATE|[83]|Bytes:4
13:00:21.16 (16736040)|CUMULATIVE_LIMIT_USAGE
13:00:21.16 (16736040)|LIMIT_USAGE_FOR_NS|(default)|
  Number of SOQL queries: 1 out of 100
  Number of query rows: 1 out of 50000
  Number of SOSL queries: 0 out of 20
  Number of DML statements: 0 out of 150
  Number of Publish Immediate DML: 0 out of 150
  Number of DML rows: 0 out of 10000
  Maximum CPU time: 0 out of 10000
  Maximum heap size: 0 out of 6000000
  Number of callouts: 0 out of 100
  Number of Email Invocations: 0 out of 10
  Number of future calls: 0 out of 50
  Number of queueable jobs added to the queue: 0 out of 50
  Number of Mobile Apex push calls: 0 out of 10

13:00:21.16 (16736040)|CUMULATIVE_LIMIT_USAGE_END

13:00:21.0 (16824518)|CODE_UNIT_FINISHED|CasosControllerExtension.obtenerCasosToday()
13:00:21.0 (17039024)|CODE_UNIT_FINISHED|apex://CasosControllerExtension/ACTION$obtenerCasosToday
13:00:21.0 (17049365)|EXECUTION_FINISHED
