52.0 APEX_CODE,FINEST;APEX_PROFILING,INFO;CALLOUT,INFO;DATA_ACCESS,INFO;DB,INFO;NBA,INFO;SYSTEM,DEBUG;VALIDATION,INFO;VISUALFORCE,INFO;WAVE,INFO;WORKFLOW,INFO
17:10:00.0 (850408)|USER_INFO|[EXTERNAL]|0051N000005gvau|etrevinofalabella@izeicg.com.uat|(GMT-06:00) Central Standard Time (America/Mexico_City)|GMT-06:00
17:10:00.0 (909722)|EXECUTION_STARTED
17:10:00.0 (938219)|CODE_UNIT_STARTED|[EXTERNAL]|01p0v000003h7p3|BatchUpdateCaseGestorBO
17:10:00.0 (2235501)|HEAP_ALLOCATE|[95]|Bytes:3
17:10:00.0 (2315804)|HEAP_ALLOCATE|[100]|Bytes:152
17:10:00.0 (2329760)|HEAP_ALLOCATE|[417]|Bytes:408
17:10:00.0 (2342275)|HEAP_ALLOCATE|[430]|Bytes:408
17:10:00.0 (2360698)|HEAP_ALLOCATE|[317]|Bytes:6
17:10:00.0 (3514403)|HEAP_ALLOCATE|[EXTERNAL]|Bytes:98
17:10:00.0 (29387004)|HEAP_ALLOCATE|[EXTERNAL]|Bytes:11
17:10:00.0 (29436797)|SYSTEM_METHOD_ENTRY|[15]|BatchableContextImpl.BatchableContextImpl()
17:10:00.0 (29454811)|STATEMENT_EXECUTE|[15]
17:10:00.0 (29475069)|SYSTEM_METHOD_EXIT|[15]|BatchableContextImpl
17:10:00.0 (29480438)|HEAP_ALLOCATE|[EXTERNAL]|Bytes:12
17:10:00.0 (29483567)|HEAP_ALLOCATE|[EXTERNAL]|Bytes:4
17:10:00.0 (29495991)|VARIABLE_SCOPE_BEGIN|[31]|this|Database.BatchableContextImpl|true|false
17:10:00.0 (29638226)|VARIABLE_ASSIGNMENT|[31]|this|{}|0x75c05cb
17:10:00.0 (29644912)|VARIABLE_SCOPE_BEGIN|[31]|jobId|Id|false|false
17:10:00.0 (29768486)|VARIABLE_ASSIGNMENT|[31]|jobId|"707Rt000024Qj9AIAS"
17:10:00.0 (29772217)|VARIABLE_SCOPE_BEGIN|[31]|childJobId|Id|false|false
17:10:00.0 (29778603)|VARIABLE_ASSIGNMENT|[31]|childJobId|null
17:10:00.0 (32817827)|HEAP_ALLOCATE|[EXTERNAL]|Bytes:99
17:10:00.0 (32832481)|HEAP_ALLOCATE|[EXTERNAL]|Bytes:12
17:10:00.0 (32841221)|METHOD_ENTRY|[11]|01p0v000003h7p3|BatchUpdateCaseGestorBO.BatchUpdateCaseGestorBO()
17:10:00.0 (32847714)|STATEMENT_EXECUTE|[11]
17:10:00.0 (32851992)|STATEMENT_EXECUTE|[11]
17:10:00.0 (32854849)|METHOD_EXIT|[11]|BatchUpdateCaseGestorBO
17:10:00.0 (32858274)|HEAP_ALLOCATE|[EXTERNAL]|Bytes:20
17:10:00.0 (32860386)|HEAP_ALLOCATE|[EXTERNAL]|Bytes:12
17:10:00.0 (32866123)|VARIABLE_SCOPE_BEGIN|[33]|this|BatchUpdateCaseGestorBO|true|false
17:10:00.0 (32922823)|VARIABLE_ASSIGNMENT|[33]|this|{"idQueueFraudesCredito":"00G0v000002erN3EAI","intCallMSAttempts":3,"lstRecordTypesBO":"0x1cdaeea5","lstRequestsWithError":"0x30823bfa"}|0x52c94fdd
17:10:00.0 (32930014)|VARIABLE_SCOPE_BEGIN|[33]|BC|Database.BatchableContext|true|false
17:10:00.0 (32993627)|VARIABLE_ASSIGNMENT|[33]|BC|{"jobId":"707Rt000024Qj9AIAS"}|0x75c05cb
17:10:00.0 (33003921)|STATEMENT_EXECUTE|[33]
17:10:00.0 (33006241)|STATEMENT_EXECUTE|[35]
17:10:00.0 (33010008)|HEAP_ALLOCATE|[35]|Bytes:217
17:10:00.0 (33029335)|HEAP_ALLOCATE|[35]|Bytes:4
17:10:00.0 (33044310)|HEAP_ALLOCATE|[35]|Bytes:7
17:10:00.0 (33061286)|HEAP_ALLOCATE|[35]|Bytes:7
17:10:00.0 (33066910)|HEAP_ALLOCATE|[35]|Bytes:7
17:10:00.0 (33105488)|HEAP_ALLOCATE|[68]|Bytes:5
17:10:00.0 (33129222)|HEAP_ALLOCATE|[74]|Bytes:5
17:10:00.0 (33136221)|HEAP_ALLOCATE|[82]|Bytes:7
17:10:00.0 (38683349)|SOQL_EXECUTE_BEGIN|[35]|Aggregations:0|SELECT ID_Solicitud__c, Solicitud_Repetida__c, Total_a_Condonar__c FROM Case WHERE (OwnerId = :tmpVar1 AND RecordTypeId IN :tmpVar2 AND (Actualizaci_n_de_domicilio_en_SAT__c = FALSE OR Total_a_Condonar__c < :tmpVar3))
17:10:00.0 (82731498)|SOQL_EXECUTE_END|[35]|Rows:14
17:10:00.0 (83173126)|HEAP_ALLOCATE|[35]|Bytes:20
17:10:00.122 (122758722)|CUMULATIVE_LIMIT_USAGE
17:10:00.122 (122758722)|LIMIT_USAGE_FOR_NS|(default)|
  Number of SOQL queries: 0 out of 200
  Number of query rows: 0 out of 50000
  Number of SOSL queries: 0 out of 20
  Number of DML statements: 0 out of 150
  Number of Publish Immediate DML: 0 out of 150
  Number of DML rows: 0 out of 10000
  Maximum CPU time: 0 out of 60000
  Maximum heap size: 0 out of 12000000
  Number of callouts: 0 out of 0
  Number of Email Invocations: 0 out of 10
  Number of future calls: 0 out of 0
  Number of queueable jobs added to the queue: 0 out of 1
  Number of Mobile Apex push calls: 0 out of 10

17:10:00.122 (122758722)|CUMULATIVE_LIMIT_USAGE_END

17:10:00.0 (122820010)|CODE_UNIT_FINISHED|BatchUpdateCaseGestorBO
17:10:00.0 (122835881)|EXECUTION_FINISHED
