67.0 APEX_CODE,FINEST;APEX_PROFILING,INFO;CALLOUT,INFO;DATA_ACCESS,INFO;DB,INFO;NBA,INFO;SYSTEM,DEBUG;VALIDATION,INFO;VISUALFORCE,INFO;WAVE,INFO;WORKFLOW,INFO
17:42:05.0 (245266)|USER_INFO|[EXTERNAL]|0050v0000034lag|albeltransa@falabella.com.mx.admin.uat|(GMT-06:00) Central Standard Time (America/Mexico_City)|GMT-06:00
17:42:05.0 (293696)|EXECUTION_STARTED
17:42:05.0 (302801)|CODE_UNIT_STARTED|[EXTERNAL]|apex://GetCampainsController/ACTION$getCampains
17:42:05.0 (3419536)|CODE_UNIT_STARTED|[EXTERNAL]|01pRt00000bFKYK|GetCampainsController.getCampains(String)
17:42:05.0 (3758649)|HEAP_ALLOCATE|[95]|Bytes:3
17:42:05.0 (3843270)|HEAP_ALLOCATE|[100]|Bytes:152
17:42:05.0 (3861643)|HEAP_ALLOCATE|[417]|Bytes:408
17:42:05.0 (3879680)|HEAP_ALLOCATE|[430]|Bytes:408
17:42:05.0 (3907494)|HEAP_ALLOCATE|[317]|Bytes:6
17:42:05.0 (3919687)|HEAP_ALLOCATE|[EXTERNAL]|Bytes:90
17:42:05.0 (3924727)|HEAP_ALLOCATE|[EXTERNAL]|Bytes:4
17:42:05.0 (3927834)|HEAP_ALLOCATE|[EXTERNAL]|Bytes:15
17:42:05.0 (3939553)|METHOD_ENTRY|[1]|01pRt00000bFKYK|GetCampainsController.GetCampainsController()
17:42:05.0 (3945326)|STATEMENT_EXECUTE|[1]
17:42:05.0 (3954408)|STATEMENT_EXECUTE|[1]
17:42:05.0 (3977957)|HEAP_ALLOCATE|[68]|Bytes:5
17:42:05.0 (4002925)|HEAP_ALLOCATE|[74]|Bytes:5
17:42:05.0 (4010911)|HEAP_ALLOCATE|[82]|Bytes:7
17:42:05.0 (4523792)|HEAP_ALLOCATE|[EXTERNAL]|Bytes:5
17:42:05.0 (4532934)|STATEMENT_EXECUTE|[85]
17:42:05.0 (4535217)|STATEMENT_EXECUTE|[89]
17:42:05.0 (4536641)|STATEMENT_EXECUTE|[95]
17:42:05.0 (4538097)|STATEMENT_EXECUTE|[98]
17:42:05.0 (4539520)|STATEMENT_EXECUTE|[102]
17:42:05.0 (4541202)|STATEMENT_EXECUTE|[105]
17:42:05.0 (4554544)|METHOD_EXIT|[1]|GetCampainsController
17:42:05.0 (4561241)|HEAP_ALLOCATE|[EXTERNAL]|Bytes:18
17:42:05.0 (4577864)|VARIABLE_SCOPE_BEGIN|[3]|accountId|String|false|false
17:42:05.0 (4651566)|VARIABLE_ASSIGNMENT|[3]|accountId|"0010v00000MYqEtAAL"
17:42:05.0 (4665097)|HEAP_ALLOCATE|[4]|Bytes:5
17:42:05.0 (4668835)|STATEMENT_EXECUTE|[3]
17:42:05.0 (4670198)|STATEMENT_EXECUTE|[4]
17:42:05.0 (4687203)|HEAP_ALLOCATE|[4]|Bytes:4
17:42:05.0 (4789663)|VARIABLE_SCOPE_BEGIN|[4]|campainWrapperList|List<GetCampainsController.campainWrapper>|true|false
17:42:05.0 (4822782)|HEAP_ALLOCATE|[EXTERNAL]|Bytes:4
17:42:05.0 (4840546)|VARIABLE_ASSIGNMENT|[4]|campainWrapperList|[]|0xffeb760
17:42:05.0 (4845715)|STATEMENT_EXECUTE|[5]
17:42:05.0 (4848420)|HEAP_ALLOCATE|[5]|Bytes:10
17:42:05.0 (4865091)|HEAP_ALLOCATE|[5]|Bytes:28
17:42:05.0 (4910797)|USER_DEBUG|[5]|DEBUG|accountId+0010v00000MYqEtAAL
17:42:05.0 (4920254)|STATEMENT_EXECUTE|[7]
17:42:05.0 (4930036)|METHOD_ENTRY|[7]|01pRt00000bFKYK|GetCampainsController.getAccessToken()
17:42:05.0 (4947536)|HEAP_ALLOCATE|[64]|Bytes:5
17:42:05.0 (4950693)|STATEMENT_EXECUTE|[62]
17:42:05.0 (4952157)|STATEMENT_EXECUTE|[64]
17:42:05.0 (4975233)|VARIABLE_SCOPE_BEGIN|[64]|req|System.HttpRequest|true|false
17:42:05.0 (5200792)|VARIABLE_ASSIGNMENT|[64]|req|"System.HttpRequest[Endpoint=null, Method=null]"|0x16d361b5
17:42:05.0 (5208786)|STATEMENT_EXECUTE|[65]
17:42:05.0 (5211884)|HEAP_ALLOCATE|[65]|Bytes:33
17:42:05.0 (5279427)|STATEMENT_EXECUTE|[66]
17:42:05.0 (5281458)|HEAP_ALLOCATE|[66]|Bytes:4
17:42:05.0 (5295669)|STATEMENT_EXECUTE|[67]
17:42:05.0 (5297744)|HEAP_ALLOCATE|[67]|Bytes:29
17:42:05.0 (5327353)|STATEMENT_EXECUTE|[68]
17:42:05.0 (5342577)|USER_DEBUG|[68]|DEBUG|System.HttpRequest[Endpoint=callout:ApiGeeAuth/oauth/cc/token, Method=POST]
17:42:05.0 (5349218)|STATEMENT_EXECUTE|[69]
17:42:05.0 (5434441)|CALLOUT_REQUEST|[69]|System.HttpRequest[Endpoint=callout:ApiGeeAuth/oauth/cc/token, Method=POST]
17:42:05.277 (277680538)|NAMED_CREDENTIAL_REQUEST|NamedCallout[Named Credential Id=0XARt000000dTBp, Named Credential Name=ApiGeeAuth, Endpoint=https://integracion-cmrmx-qa.fif.tech/oauth/cc/token, Method=POST, External Credential Type=EXTERNAL, HTTP Header Authorization=Method: Not set - Credential: Not set, Content-Type=application/x-www-form-urlencoded, Request Size bytes=29, Retry on 401=True]
17:42:05.0 (278142101)|HEAP_ALLOCATE|[EXTERNAL]|Bytes:1013
17:42:05.279 (279406284)|NAMED_CREDENTIAL_RESPONSE|NamedCallout[Named Credential Id=0XARt000000dTBp, Named Credential Name=ApiGeeAuth, Status Code=200, Content-Type=application/json, Response Size bytes=112, Overall Callout Time ms=240, Connect Time ms=3, Interceptor Time ms=0
17:42:05.0 (280124775)|CALLOUT_RESPONSE|[69]|System.HttpResponse[Status=OK, StatusCode=200]
17:42:05.0 (280152745)|HEAP_ALLOCATE|[69]|Bytes:118
17:42:05.0 (280187008)|VARIABLE_SCOPE_BEGIN|[69]|res|System.HttpResponse|true|false
17:42:05.0 (280245640)|VARIABLE_ASSIGNMENT|[69]|res|"System.HttpResponse[Status=OK, StatusCode=200]"|0x55f21f5b
17:42:05.0 (280320896)|STATEMENT_EXECUTE|[70]
17:42:05.0 (280322992)|STATEMENT_EXECUTE|[78]
17:42:05.0 (280345034)|HEAP_ALLOCATE|[79]|Bytes:112
17:42:05.0 (280351044)|HEAP_ALLOCATE|[80]|Bytes:46
17:42:05.0 (280696676)|HEAP_ALLOCATE|[80]|Bytes:33
17:42:05.0 (280713050)|SYSTEM_METHOD_ENTRY|[1]|Type.Type()
17:42:05.0 (280715313)|STATEMENT_EXECUTE|[1]
17:42:05.0 (280726730)|SYSTEM_METHOD_EXIT|[1]|Type
17:42:05.0 (280734531)|HEAP_ALLOCATE|[80]|Bytes:8
17:42:05.0 (280751030)|HEAP_ALLOCATE|[80]|Bytes:8
17:42:05.0 (280754073)|VARIABLE_SCOPE_BEGIN|[4]|this|System.Type|true|false
17:42:05.0 (280797571)|VARIABLE_ASSIGNMENT|[4]|this|{}|0x4a00a13e
17:42:05.0 (280800897)|VARIABLE_SCOPE_BEGIN|[4]|apextype|java:common.apex.runtime.ApexObjectType|true|false
17:42:05.0 (280850085)|VARIABLE_ASSIGNMENT|[4]|apextype|"GetCampainsController.AutenticateSuccessApiGee"|0x671d5ad9
17:42:05.0 (285688613)|HEAP_ALLOCATE|[80]|Bytes:8
17:42:05.0 (285759662)|HEAP_ALLOCATE|[78]|Bytes:24
17:42:05.0 (285766898)|SYSTEM_METHOD_ENTRY|[1]|JSON.JSON()
17:42:05.0 (285771325)|STATEMENT_EXECUTE|[1]
17:42:05.0 (285776373)|SYSTEM_METHOD_EXIT|[1]|JSON
17:42:05.0 (285789679)|METHOD_ENTRY|[78]||System.JSON.deserialize(String, System.Type)
17:42:05.0 (286055965)|METHOD_EXIT|[78]||System.JSON.deserialize(String, System.Type)
17:42:05.0 (286063038)|VARIABLE_SCOPE_BEGIN|[78]|auth|GetCampainsController.AutenticateSuccessApiGee|true|false
17:42:05.0 (286109186)|VARIABLE_ASSIGNMENT|[78]|auth|{"access_token":"S4AzMUyHdjWBaqMnG8I3 (8 more) ...","expires_in":899,"token_type":"Bearer"}|0x1012cad
17:42:05.0 (286113227)|STATEMENT_EXECUTE|[83]
17:42:05.0 (286123483)|METHOD_EXIT|[7]|01pRt00000bFKYK|GetCampainsController.getAccessToken()
17:42:05.0 (286127382)|VARIABLE_SCOPE_BEGIN|[7]|accessToken|String|false|false
17:42:05.0 (286133518)|VARIABLE_ASSIGNMENT|[7]|accessToken|"S4AzMUyHdjWBaqMnG8I3 (8 more) ..."
17:42:05.0 (286135999)|STATEMENT_EXECUTE|[8]
17:42:05.0 (286138470)|HEAP_ALLOCATE|[8]|Bytes:65
17:42:05.0 (286196100)|HEAP_ALLOCATE|[8]|Bytes:4
17:42:05.0 (286210551)|HEAP_ALLOCATE|[8]|Bytes:7
17:42:05.0 (289790987)|SOQL_EXECUTE_BEGIN|[8]|Aggregations:0|SELECT Id, CURP__c, Name FROM Account WHERE Id = :tmpVar1 LIMIT 1
17:42:05.0 (297264240)|SOQL_EXECUTE_END|[8]|Rows:1
17:42:05.0 (297297966)|HEAP_ALLOCATE|[8]|Bytes:8
17:42:05.0 (297316632)|HEAP_ALLOCATE|[8]|Bytes:89
17:42:05.0 (297414753)|HEAP_ALLOCATE|[8]|Bytes:8
17:42:05.0 (297433230)|HEAP_ALLOCATE|[8]|Bytes:33
17:42:05.0 (297495678)|HEAP_ALLOCATE|[8]|Bytes:16
17:42:05.0 (297500935)|VARIABLE_SCOPE_BEGIN|[8]|account|Account|true|false
17:42:05.0 (297578436)|VARIABLE_ASSIGNMENT|[8]|account|{"CURP__c":"RIAS171126HNLGLF78","Id":"0010v00000MYqEtAAL","Name":"HERIBERTO MORALES DO (3 more) ..."}|0x2f310d73
17:42:05.0 (297583681)|STATEMENT_EXECUTE|[9]
17:42:05.0 (297680559)|HEAP_ALLOCATE|[9]|Bytes:89
17:42:05.0 (297693404)|HEAP_ALLOCATE|[9]|Bytes:99
17:42:05.0 (297707834)|USER_DEBUG|[9]|DEBUG|accountId+Account:{Id=0010v00000MYqEtAAL, CURP__c=RIAS171126HNLGLF78, Name=HERIBERTO MORALES DOSEL}
17:42:05.0 (297713073)|STATEMENT_EXECUTE|[15]
17:42:05.0 (297734409)|VARIABLE_SCOPE_BEGIN|[15]|reqGetCustomer|System.HttpRequest|true|false
17:42:05.0 (297792770)|VARIABLE_ASSIGNMENT|[15]|reqGetCustomer|"System.HttpRequest[Endpoint=null, Method=null]"|0x7812e9bb
17:42:05.0 (297796738)|STATEMENT_EXECUTE|[16]
17:42:05.0 (297834678)|HEAP_ALLOCATE|[16]|Bytes:46
17:42:05.0 (297900095)|HEAP_ALLOCATE|[16]|Bytes:4
17:42:05.0 (297906015)|VARIABLE_SCOPE_BEGIN|[16]|textoBlob|Blob|false|false
17:42:05.0 (297949969)|VARIABLE_ASSIGNMENT|[16]|textoBlob|BLOB(46 bytes)
17:42:05.0 (297952659)|STATEMENT_EXECUTE|[19]
17:42:05.0 (297954751)|HEAP_ALLOCATE|[19]|Bytes:7
17:42:05.0 (298013379)|HEAP_ALLOCATE|[19]|Bytes:55
17:42:05.0 (298026435)|SYSTEM_METHOD_ENTRY|[1]|Crypto.Crypto()
17:42:05.0 (298028487)|STATEMENT_EXECUTE|[1]
17:42:05.0 (298036159)|SYSTEM_METHOD_EXIT|[1]|Crypto
17:42:05.0 (298051798)|METHOD_ENTRY|[19]||System.Crypto.generateDigest(String, Blob)
17:42:05.0 (298454764)|METHOD_EXIT|[19]||System.Crypto.generateDigest(String, Blob)
17:42:05.0 (298460301)|VARIABLE_SCOPE_BEGIN|[19]|hash|Blob|false|false
17:42:05.0 (298480239)|VARIABLE_ASSIGNMENT|[19]|hash|BLOB(32 bytes)
17:42:05.0 (298483071)|STATEMENT_EXECUTE|[22]
17:42:05.0 (298524177)|HEAP_ALLOCATE|[22]|Bytes:15
17:42:05.0 (298532673)|SYSTEM_METHOD_ENTRY|[1]|EncodingUtil.EncodingUtil()
17:42:05.0 (298534413)|STATEMENT_EXECUTE|[1]
17:42:05.0 (298538299)|SYSTEM_METHOD_EXIT|[1]|EncodingUtil
17:42:05.0 (298546756)|METHOD_ENTRY|[22]||System.EncodingUtil.convertToHex(Blob)
17:42:05.0 (298579418)|METHOD_EXIT|[22]||System.EncodingUtil.convertToHex(Blob)
17:42:05.0 (298581585)|VARIABLE_SCOPE_BEGIN|[22]|hashHex|String|false|false
17:42:05.0 (298591159)|VARIABLE_ASSIGNMENT|[22]|hashHex|"3e58f7b784949fc6a18c (44 more) ..."
17:42:05.0 (298593439)|STATEMENT_EXECUTE|[23]
17:42:05.0 (298595469)|HEAP_ALLOCATE|[24]|Bytes:70
17:42:05.0 (298598326)|HEAP_ALLOCATE|[26]|Bytes:7
17:42:05.0 (298605808)|HEAP_ALLOCATE|[24]|Bytes:141
17:42:05.0 (298650738)|STATEMENT_EXECUTE|[29]
17:42:05.0 (298652123)|HEAP_ALLOCATE|[29]|Bytes:13
17:42:05.0 (298674076)|STATEMENT_EXECUTE|[30]
17:42:05.0 (298675797)|HEAP_ALLOCATE|[30]|Bytes:13
17:42:05.0 (298677890)|HEAP_ALLOCATE|[30]|Bytes:7
17:42:05.0 (298681594)|HEAP_ALLOCATE|[30]|Bytes:35
17:42:05.0 (298689139)|STATEMENT_EXECUTE|[31]
17:42:05.0 (298690333)|HEAP_ALLOCATE|[31]|Bytes:11
17:42:05.0 (298692325)|HEAP_ALLOCATE|[31]|Bytes:20
17:42:05.0 (298698639)|STATEMENT_EXECUTE|[33]
17:42:05.0 (298699957)|HEAP_ALLOCATE|[33]|Bytes:3
17:42:05.0 (298707881)|STATEMENT_EXECUTE|[34]
17:42:05.0 (298777093)|CALLOUT_REQUEST|[34]|System.HttpRequest[Endpoint=callout:ApiGeeCustomers/customer-relationship-management/v2/customers/3e58f7b784949fc6a18c48d2bdfb959799c890ea3228c6fc06996d05115f4f11/offers, Method=GET]
17:42:05.555 (555279241)|NAMED_CREDENTIAL_REQUEST|NamedCallout[Named Credential Id=0XARt000000dTOj, Named Credential Name=ApiGeeCustomers, Endpoint=https://integracion-cmrmx-qa.fif.tech/customer-relationship-management/v2/customers/3e58f7b784949fc6a18c48d2bdfb959799c890ea3228c6fc06996d05115f4f11/offers, Method=GET, External Credential Type=EXTERNAL, HTTP Header Authorization=Method: Not set - Credential: Not set, Content-Type=null, Request Size bytes=-1, Retry on 401=True]
17:42:05.0 (555646516)|HEAP_ALLOCATE|[EXTERNAL]|Bytes:1112
17:42:05.556 (556651358)|NAMED_CREDENTIAL_RESPONSE|NamedCallout[Named Credential Id=0XARt000000dTOj, Named Credential Name=ApiGeeCustomers, Status Code=404, Content-Type=application/json; charset=utf-8, Response Size bytes=97, Overall Callout Time ms=226, Connect Time ms=3, Interceptor Time ms=0
17:42:05.0 (557340200)|CALLOUT_RESPONSE|[34]|System.HttpResponse[Status=Not Found, StatusCode=404]
17:42:05.0 (557359720)|HEAP_ALLOCATE|[34]|Bytes:110
17:42:05.0 (557384314)|VARIABLE_SCOPE_BEGIN|[34]|responseGetCustomer|System.HttpResponse|true|false
17:42:05.0 (557440495)|VARIABLE_ASSIGNMENT|[34]|responseGetCustomer|"System.HttpResponse[Status=Not Found, StatusCode=404]"|0x9c048f3
17:42:05.0 (557448284)|STATEMENT_EXECUTE|[35]
17:42:05.0 (557501461)|USER_DEBUG|[35]|DEBUG|System.HttpRequest[Endpoint=callout:ApiGeeCustomers/customer-relationship-management/v2/customers/3e58f7b784949fc6a18c48d2bdfb959799c890ea3228c6fc06996d05115f4f11/offers, Method=GET]
17:42:05.0 (557510769)|STATEMENT_EXECUTE|[36]
17:42:05.0 (557556364)|USER_DEBUG|[36]|DEBUG|
17:42:05.0 (557560143)|STATEMENT_EXECUTE|[37]
17:42:05.0 (557567602)|USER_DEBUG|[37]|DEBUG|System.HttpResponse[Status=Not Found, StatusCode=404]
17:42:05.0 (557584418)|STATEMENT_EXECUTE|[38]
17:42:05.0 (557585299)|STATEMENT_EXECUTE|[39]
17:42:05.0 (557803634)|HEAP_ALLOCATE|[39]|Bytes:4
17:42:05.0 (557900738)|VARIABLE_SCOPE_BEGIN|[39]|errorLog|Error_Log__c|true|false
17:42:05.0 (557923587)|VARIABLE_ASSIGNMENT|[39]|errorLog|{}|0x6343511b
17:42:05.0 (557926622)|STATEMENT_EXECUTE|[40]
17:42:05.0 (557929157)|HEAP_ALLOCATE|[40]|Bytes:25
17:42:05.0 (567550176)|VARIABLE_ASSIGNMENT|[40]|this.ApexClass__c|"GetCampainsControlle (5 more) ..."|0x6343511b
17:42:05.0 (567566629)|STATEMENT_EXECUTE|[41]
17:42:05.0 (567625508)|HEAP_ALLOCATE|[41]|Bytes:97
17:42:05.0 (567671540)|VARIABLE_ASSIGNMENT|[41]|this.Message__c|"{\"code\":\"404\",\"messa (77 more) ..."|0x6343511b
17:42:05.0 (567675471)|STATEMENT_EXECUTE|[42]
17:42:05.0 (567708757)|HEAP_ALLOCATE|[42]|Bytes:8
17:42:05.0 (567734241)|DML_BEGIN|[42]|Op:Insert|Type:Error_Log__c|Rows:1
17:42:05.0 (567766891)|HEAP_ALLOCATE|[EXTERNAL]|Bytes:8
17:42:05.0 (638265039)|DML_END|[42]
17:42:05.0 (638819622)|STATEMENT_EXECUTE|[44]
17:42:05.682 (682221827)|CUMULATIVE_LIMIT_USAGE
17:42:05.682 (682221827)|LIMIT_USAGE_FOR_NS|(default)|
  Number of SOQL queries: 1 out of 100
  Number of query rows: 1 out of 50000
  Number of SOSL queries: 0 out of 20
  Number of DML statements: 1 out of 150
  Number of Publish Immediate DML: 0 out of 150
  Number of DML rows: 1 out of 10000
  Maximum CPU time: 0 out of 10000
  Maximum heap size: 0 out of 6000000
  Number of callouts: 2 out of 100
  Number of Email Invocations: 0 out of 10
  Number of future calls: 0 out of 50
  Number of queueable jobs added to the queue: 0 out of 50
  Number of Mobile Apex push calls: 0 out of 10

17:42:05.682 (682221827)|CUMULATIVE_LIMIT_USAGE_END

17:42:05.0 (682277138)|CODE_UNIT_FINISHED|GetCampainsController.getCampains(String)
17:42:05.0 (682510566)|CODE_UNIT_FINISHED|apex://GetCampainsController/ACTION$getCampains
17:42:05.0 (682517499)|EXECUTION_FINISHED
