66.0 APEX_CODE,FINEST;APEX_PROFILING,INFO;CALLOUT,INFO;DATA_ACCESS,INFO;DB,INFO;NBA,INFO;SYSTEM,DEBUG;VALIDATION,INFO;VISUALFORCE,INFO;WAVE,INFO;WORKFLOW,INFO
14:37:25.0 (225647)|USER_INFO|[EXTERNAL]|0051N000005gvau|etrevinofalabella@izeicg.com.uat|(GMT-06:00) Central Standard Time (America/Mexico_City)|GMT-06:00
14:37:25.0 (281708)|EXECUTION_STARTED
14:37:25.0 (302671)|CODE_UNIT_STARTED|[EXTERNAL]|apex://SendOTPController/ACTION$getCustomerByCaseId
14:37:25.0 (2184027)|CODE_UNIT_STARTED|[EXTERNAL]|01p1N000005h4aa|SendOTPController.getCustomerByCaseId(String)
14:37:25.0 (2434477)|HEAP_ALLOCATE|[95]|Bytes:3
14:37:25.0 (2532145)|HEAP_ALLOCATE|[100]|Bytes:152
14:37:25.0 (2550580)|HEAP_ALLOCATE|[417]|Bytes:408
14:37:25.0 (2567526)|HEAP_ALLOCATE|[430]|Bytes:408
14:37:25.0 (2595377)|HEAP_ALLOCATE|[317]|Bytes:6
14:37:25.0 (2640712)|HEAP_ALLOCATE|[EXTERNAL]|Bytes:21
14:37:25.0 (2644442)|HEAP_ALLOCATE|[EXTERNAL]|Bytes:55
14:37:25.0 (2662071)|METHOD_ENTRY|[1]|01p1N000005h4aa|SendOTPController.SendOTPController()
14:37:25.0 (2677643)|STATEMENT_EXECUTE|[1]
14:37:25.0 (2692102)|STATEMENT_EXECUTE|[1]
14:37:25.0 (2700251)|METHOD_EXIT|[1]|SendOTPController
14:37:25.0 (2704580)|HEAP_ALLOCATE|[EXTERNAL]|Bytes:18
14:37:25.0 (2725217)|VARIABLE_SCOPE_BEGIN|[4]|caseId|String|false|false
14:37:25.0 (2788446)|VARIABLE_ASSIGNMENT|[4]|caseId|"500Rt00000bd45rIAA"
14:37:25.0 (2796767)|STATEMENT_EXECUTE|[4]
14:37:25.0 (2799249)|STATEMENT_EXECUTE|[7]
14:37:25.0 (2800756)|STATEMENT_EXECUTE|[11]
14:37:25.0 (2802571)|HEAP_ALLOCATE|[11]|Bytes:46
14:37:25.0 (2819410)|HEAP_ALLOCATE|[11]|Bytes:4
14:37:25.0 (2831461)|HEAP_ALLOCATE|[11]|Bytes:7
14:37:25.0 (2861382)|HEAP_ALLOCATE|[68]|Bytes:5
14:37:25.0 (2881614)|HEAP_ALLOCATE|[74]|Bytes:5
14:37:25.0 (2886334)|HEAP_ALLOCATE|[82]|Bytes:7
14:37:25.0 (3910474)|SOQL_EXECUTE_BEGIN|[11]|Aggregations:0|SELECT AccountId FROM Case WHERE Id = :tmpVar1
14:37:25.0 (8363153)|SOQL_EXECUTE_END|[11]|Rows:1
14:37:25.0 (8386504)|HEAP_ALLOCATE|[11]|Bytes:8
14:37:25.0 (8402923)|HEAP_ALLOCATE|[11]|Bytes:60
14:37:25.0 (8493553)|HEAP_ALLOCATE|[11]|Bytes:8
14:37:25.0 (8506824)|HEAP_ALLOCATE|[11]|Bytes:30
14:37:25.0 (8563974)|HEAP_ALLOCATE|[11]|Bytes:12
14:37:25.0 (8569808)|VARIABLE_SCOPE_BEGIN|[11]|c|Case|true|false
14:37:25.0 (8633395)|VARIABLE_ASSIGNMENT|[11]|c|{"AccountId":"0010v00000KlWodAAF","Id":"500Rt00000bd45rIAA"}|0x6a76b1a5
14:37:25.0 (8638898)|STATEMENT_EXECUTE|[14]
14:37:25.0 (8640928)|HEAP_ALLOCATE|[14]|Bytes:178
14:37:25.0 (8649740)|HEAP_ALLOCATE|[14]|Bytes:4
14:37:25.0 (9975297)|SOQL_EXECUTE_BEGIN|[14]|Aggregations:1|SELECT Id, Name, Fecha_de_nacimiento1__c, PersonMobilePhone, Oficina__c, PersonContactId, CURP__c, (SELECT N_mero_de_tarjeta__c FROM Tarjetas__r) FROM Account WHERE Id = :tmpVar1
14:37:25.0 (19558757)|SOQL_EXECUTE_END|[14]|Rows:1
14:37:25.0 (19584926)|HEAP_ALLOCATE|[14]|Bytes:8
14:37:25.0 (19605278)|HEAP_ALLOCATE|[14]|Bytes:318
14:37:25.0 (19663250)|HEAP_ALLOCATE|[14]|Bytes:8
14:37:25.0 (19674609)|HEAP_ALLOCATE|[14]|Bytes:33
14:37:25.0 (19711715)|HEAP_ALLOCATE|[14]|Bytes:36
14:37:25.0 (19716411)|VARIABLE_SCOPE_BEGIN|[14]|acc|Account|true|false
14:37:25.0 (19987845)|VARIABLE_ASSIGNMENT|[14]|acc|{"Oficina__c":"1","Tarjetas__r":[{"Account__c":"0010v00000KlWodAAF","N_mero_de_tarjeta__c":"627180******6134","Id":"a010v000003LuSHAA0"}],"CURP__c":"FERM900101MASRDI09","Fecha_de_nacimiento1__c":"1990-01-01T00:00:00.000Z","PersonContactId":"0030v00000Em6HNAAZ","PersonMobilePhone":"8126878636","Id":"0010v00000KlWodAAF","Name":"Gonzalo Rios RODRIGU (2 more) ..."}|0x79b93b54
14:37:25.0 (19997709)|STATEMENT_EXECUTE|[18]
14:37:25.20 (20073845)|CUMULATIVE_LIMIT_USAGE
14:37:25.20 (20073845)|LIMIT_USAGE_FOR_NS|(default)|
  Number of SOQL queries: 2 out of 100
  Number of query rows: 3 out of 50000
  Number of SOSL queries: 0 out of 20
  Number of DML statements: 0 out of 150
  Number of Publish Immediate DML: 0 out of 150
  Number of DML rows: 0 out of 10000
  Maximum CPU time: 0 out of 10000
  Maximum heap size: 0 out of 6000000
  Number of callouts: 0 out of 100
  Number of Email Invocations: 0 out of 10
  Number of future calls: 0 out of 50
  Number of queueable jobs added to the queue: 0 out of 50
  Number of Mobile Apex push calls: 0 out of 10

14:37:25.20 (20073845)|CUMULATIVE_LIMIT_USAGE_END

14:37:25.0 (20121742)|CODE_UNIT_FINISHED|SendOTPController.getCustomerByCaseId(String)
14:37:25.0 (20350551)|CODE_UNIT_FINISHED|apex://SendOTPController/ACTION$getCustomerByCaseId
14:37:25.0 (20358635)|EXECUTION_FINISHED
