67.0 APEX_CODE,FINEST;APEX_PROFILING,INFO;CALLOUT,INFO;DATA_ACCESS,INFO;DB,INFO;NBA,INFO;SYSTEM,DEBUG;VALIDATION,INFO;VISUALFORCE,INFO;WAVE,INFO;WORKFLOW,INFO
17:42:05.0 (238237)|USER_INFO|[EXTERNAL]|0050v0000034lag|albeltransa@falabella.com.mx.admin.uat|(GMT-06:00) Central Standard Time (America/Mexico_City)|GMT-06:00
17:42:05.0 (274620)|EXECUTION_STARTED
17:42:05.0 (283269)|CODE_UNIT_STARTED|[EXTERNAL]|apex://validateQuestionsController/ACTION$getValidationToday
17:42:05.0 (2359509)|CODE_UNIT_STARTED|[EXTERNAL]|01p0v000003Gv5u|validateQuestionsController.getValidationToday(String)
17:42:05.0 (2570174)|HEAP_ALLOCATE|[95]|Bytes:3
17:42:05.0 (2666164)|HEAP_ALLOCATE|[100]|Bytes:152
17:42:05.0 (2684790)|HEAP_ALLOCATE|[417]|Bytes:408
17:42:05.0 (2695654)|HEAP_ALLOCATE|[430]|Bytes:408
17:42:05.0 (2716535)|HEAP_ALLOCATE|[317]|Bytes:6
17:42:05.0 (2769580)|HEAP_ALLOCATE|[EXTERNAL]|Bytes:27
17:42:05.0 (2772649)|HEAP_ALLOCATE|[EXTERNAL]|Bytes:11
17:42:05.0 (2784826)|METHOD_ENTRY|[15]|01p0v000003Gv5u|validateQuestionsController.validateQuestionsController()
17:42:05.0 (2789549)|STATEMENT_EXECUTE|[15]
17:42:05.0 (2794663)|STATEMENT_EXECUTE|[15]
17:42:05.0 (2798460)|METHOD_EXIT|[15]|validateQuestionsController
17:42:05.0 (2801298)|HEAP_ALLOCATE|[EXTERNAL]|Bytes:18
17:42:05.0 (2806833)|VARIABLE_SCOPE_BEGIN|[58]|customerId|String|false|false
17:42:05.0 (2850692)|VARIABLE_ASSIGNMENT|[58]|customerId|"0010v00000MYqEtAAL"
17:42:05.0 (2858938)|STATEMENT_EXECUTE|[58]
17:42:05.0 (2859959)|STATEMENT_EXECUTE|[59]
17:42:05.0 (3399990)|HEAP_ALLOCATE|[59]|Bytes:4
17:42:05.0 (3519224)|VARIABLE_SCOPE_BEGIN|[59]|VIList|List<Validacion_Incorrecta__c>|true|false
17:42:05.0 (3541885)|HEAP_ALLOCATE|[EXTERNAL]|Bytes:4
17:42:05.0 (3556639)|VARIABLE_ASSIGNMENT|[59]|VIList|[]|0x2b346c72
17:42:05.0 (3560521)|STATEMENT_EXECUTE|[60]
17:42:05.0 (3561695)|STATEMENT_EXECUTE|[60]
17:42:05.0 (3562570)|STATEMENT_EXECUTE|[61]
17:42:05.0 (3565580)|HEAP_ALLOCATE|[61]|Bytes:128
17:42:05.0 (3600163)|HEAP_ALLOCATE|[61]|Bytes:4
17:42:05.0 (3607822)|HEAP_ALLOCATE|[61]|Bytes:7
17:42:05.0 (3656980)|HEAP_ALLOCATE|[68]|Bytes:5
17:42:05.0 (3689694)|HEAP_ALLOCATE|[74]|Bytes:5
17:42:05.0 (3694490)|HEAP_ALLOCATE|[82]|Bytes:7
17:42:05.0 (12771479)|SOQL_EXECUTE_BEGIN|[61]|Aggregations:0|SELECT Id FROM Validacion_Incorrecta__c WHERE (Account__c = :tmpVar1 AND Validacion_Exitosa__c = FALSE AND Creado_Hoy__c = TRUE)
17:42:05.0 (23820678)|SOQL_EXECUTE_END|[61]|Rows:0
17:42:05.0 (23858939)|HEAP_ALLOCATE|[61]|Bytes:4
17:42:05.0 (23876948)|HEAP_ALLOCATE|[61]|Bytes:0
17:42:05.0 (23935782)|HEAP_ALLOCATE|[61]|Bytes:4
17:42:05.0 (23973316)|VARIABLE_ASSIGNMENT|[61]|VIList|[]|0x7a1dde89
17:42:05.0 (23982395)|STATEMENT_EXECUTE|[68]
17:42:05.0 (24040772)|VARIABLE_SCOPE_BEGIN|[68]|numeroDeValidacionesIncorrectas|Integer|false|false
17:42:05.0 (24048605)|HEAP_ALLOCATE|[68]|Bytes:4
17:42:05.0 (24059088)|VARIABLE_ASSIGNMENT|[68]|numeroDeValidacionesIncorrectas|0
17:42:05.0 (24062869)|STATEMENT_EXECUTE|[69]
17:42:05.0 (24066745)|HEAP_ALLOCATE|[69]|Bytes:4
17:42:05.24 (24121558)|CUMULATIVE_LIMIT_USAGE
17:42:05.24 (24121558)|LIMIT_USAGE_FOR_NS|(default)|
  Number of SOQL queries: 1 out of 100
  Number of query rows: 0 out of 50000
  Number of SOSL queries: 0 out of 20
  Number of DML statements: 0 out of 150
  Number of Publish Immediate DML: 0 out of 150
  Number of DML rows: 0 out of 10000
  Maximum CPU time: 0 out of 10000
  Maximum heap size: 0 out of 6000000
  Number of callouts: 0 out of 100
  Number of Email Invocations: 0 out of 10
  Number of future calls: 0 out of 50
  Number of queueable jobs added to the queue: 0 out of 50
  Number of Mobile Apex push calls: 0 out of 10

17:42:05.24 (24121558)|CUMULATIVE_LIMIT_USAGE_END

17:42:05.0 (24150730)|CODE_UNIT_FINISHED|validateQuestionsController.getValidationToday(String)
17:42:05.0 (24364879)|CODE_UNIT_FINISHED|apex://validateQuestionsController/ACTION$getValidationToday
17:42:05.0 (24370629)|EXECUTION_FINISHED
