56.0 APEX_CODE,FINEST;APEX_PROFILING,INFO;CALLOUT,INFO;DATA_ACCESS,INFO;DB,INFO;NBA,INFO;SYSTEM,DEBUG;VALIDATION,INFO;VISUALFORCE,INFO;WAVE,INFO;WORKFLOW,INFO
14:30:00.0 (217178)|USER_INFO|[EXTERNAL]|0051N000005gvau|etrevinofalabella@izeicg.com.uat|(GMT-06:00) Central Standard Time (America/Mexico_City)|GMT-06:00
14:30:00.0 (265470)|EXECUTION_STARTED
14:30:00.0 (282844)|CODE_UNIT_STARTED|[EXTERNAL]|01pDK00000AKh3n|BatchUpdateCasesEmboce
14:30:00.0 (3243695)|HEAP_ALLOCATE|[95]|Bytes:3
14:30:00.0 (3330909)|HEAP_ALLOCATE|[100]|Bytes:152
14:30:00.0 (3345441)|HEAP_ALLOCATE|[417]|Bytes:408
14:30:00.0 (3356900)|HEAP_ALLOCATE|[430]|Bytes:408
14:30:00.0 (3380205)|HEAP_ALLOCATE|[317]|Bytes:6
14:30:00.0 (6240749)|HEAP_ALLOCATE|[EXTERNAL]|Bytes:82
14:30:00.0 (11024239)|HEAP_ALLOCATE|[EXTERNAL]|Bytes:11
14:30:00.0 (11063417)|SYSTEM_METHOD_ENTRY|[15]|BatchableContextImpl.BatchableContextImpl()
14:30:00.0 (11076964)|STATEMENT_EXECUTE|[15]
14:30:00.0 (11106042)|SYSTEM_METHOD_EXIT|[15]|BatchableContextImpl
14:30:00.0 (11112740)|HEAP_ALLOCATE|[EXTERNAL]|Bytes:12
14:30:00.0 (11117362)|HEAP_ALLOCATE|[EXTERNAL]|Bytes:4
14:30:00.0 (11119571)|HEAP_ALLOCATE|[EXTERNAL]|Bytes:4
14:30:00.0 (11134636)|VARIABLE_SCOPE_BEGIN|[31]|this|Database.BatchableContextImpl|true|false
14:30:00.0 (11251485)|VARIABLE_ASSIGNMENT|[31]|this|{}|0x522b3267
14:30:00.0 (11257771)|VARIABLE_SCOPE_BEGIN|[31]|jobId|Id|false|false
14:30:00.0 (11372727)|VARIABLE_ASSIGNMENT|[31]|jobId|"707Rt00001r8kWjIAI"
14:30:00.0 (11377909)|VARIABLE_SCOPE_BEGIN|[31]|childJobId|Id|false|false
14:30:00.0 (11392034)|VARIABLE_ASSIGNMENT|[31]|childJobId|"707Rt00001r8YtvIAE"
14:30:00.0 (153134104)|HEAP_ALLOCATE|[EXTERNAL]|Bytes:32
14:30:01.662 (1662431223)|CUMULATIVE_LIMIT_USAGE
14:30:01.662 (1662431223)|LIMIT_USAGE_FOR_NS|(default)|
  Number of SOQL queries: 0 out of 200
  Number of query rows: 0 out of 50000
  Number of SOSL queries: 0 out of 20
  Number of DML statements: 0 out of 150
  Number of Publish Immediate DML: 0 out of 150
  Number of DML rows: 0 out of 10000
  Maximum CPU time: 0 out of 60000
  Maximum heap size: 0 out of 12000000
  Number of callouts: 0 out of 0
  Number of Email Invocations: 0 out of 10
  Number of future calls: 0 out of 0
  Number of queueable jobs added to the queue: 0 out of 1
  Number of Mobile Apex push calls: 0 out of 10

14:30:01.662 (1662431223)|CUMULATIVE_LIMIT_USAGE_END

14:30:01.662 (1662542750)|CODE_UNIT_FINISHED|BatchUpdateCasesEmboce
14:30:01.662 (1662560163)|EXECUTION_FINISHED
