52.0 APEX_CODE,FINEST;APEX_PROFILING,INFO;CALLOUT,INFO;DATA_ACCESS,INFO;DB,INFO;NBA,INFO;SYSTEM,DEBUG;VALIDATION,INFO;VISUALFORCE,INFO;WAVE,INFO;WORKFLOW,INFO
18:00:03.0 (320073)|USER_INFO|[EXTERNAL]|0051N000008bAK9|contingenciafalabella@falabella.com.mx|(GMT-06:00) Central Standard Time (America/Mexico_City)|GMT-06:00
18:00:03.0 (417660)|EXECUTION_STARTED
18:00:03.0 (446825)|CODE_UNIT_STARTED|[EXTERNAL]|01p3l00000EBsec|BatchUpdateCaseGestorBO
18:00:03.0 (1866204)|HEAP_ALLOCATE|[95]|Bytes:3
18:00:03.0 (1970403)|HEAP_ALLOCATE|[100]|Bytes:152
18:00:03.0 (1989215)|HEAP_ALLOCATE|[417]|Bytes:408
18:00:03.0 (2005622)|HEAP_ALLOCATE|[430]|Bytes:408
18:00:03.0 (2034234)|HEAP_ALLOCATE|[317]|Bytes:6
18:00:03.0 (2541670)|HEAP_ALLOCATE|[EXTERNAL]|Bytes:98
18:00:03.0 (26306987)|HEAP_ALLOCATE|[EXTERNAL]|Bytes:11
18:00:03.0 (26358188)|SYSTEM_METHOD_ENTRY|[15]|BatchableContextImpl.BatchableContextImpl()
18:00:03.0 (26373432)|STATEMENT_EXECUTE|[15]
18:00:03.0 (26388632)|SYSTEM_METHOD_EXIT|[15]|BatchableContextImpl
18:00:03.0 (26394290)|HEAP_ALLOCATE|[EXTERNAL]|Bytes:12
18:00:03.0 (26397666)|HEAP_ALLOCATE|[EXTERNAL]|Bytes:4
18:00:03.0 (26401981)|VARIABLE_SCOPE_BEGIN|[31]|this|Database.BatchableContextImpl|true|false
18:00:03.0 (26513805)|VARIABLE_ASSIGNMENT|[31]|this|{}|0xb30061f
18:00:03.0 (26518815)|VARIABLE_SCOPE_BEGIN|[31]|jobId|Id|false|false
18:00:03.0 (26641218)|VARIABLE_ASSIGNMENT|[31]|jobId|"707RQ00001vVUhhYAG"
18:00:03.0 (26644713)|VARIABLE_SCOPE_BEGIN|[31]|childJobId|Id|false|false
18:00:03.0 (26650451)|VARIABLE_ASSIGNMENT|[31]|childJobId|null
18:00:03.0 (28707180)|HEAP_ALLOCATE|[EXTERNAL]|Bytes:99
18:00:03.0 (28725887)|HEAP_ALLOCATE|[EXTERNAL]|Bytes:12
18:00:03.0 (28828315)|METHOD_ENTRY|[11]|01p3l00000EBsec|BatchUpdateCaseGestorBO.BatchUpdateCaseGestorBO()
18:00:03.0 (28851931)|STATEMENT_EXECUTE|[11]
18:00:03.0 (28856984)|STATEMENT_EXECUTE|[11]
18:00:03.0 (28889305)|METHOD_EXIT|[11]|BatchUpdateCaseGestorBO
18:00:03.0 (28897300)|HEAP_ALLOCATE|[EXTERNAL]|Bytes:20
18:00:03.0 (28900105)|HEAP_ALLOCATE|[EXTERNAL]|Bytes:12
18:00:03.0 (28910986)|VARIABLE_SCOPE_BEGIN|[33]|this|BatchUpdateCaseGestorBO|true|false
18:00:03.0 (28969303)|VARIABLE_ASSIGNMENT|[33]|this|{"idQueueFraudesCredito":"00G3l000004HYBREA4","intCallMSAttempts":3,"lstRecordTypesBO":"0x3aaa0733","lstRequestsWithError":"0x31a1ee87"}|0x2867c946
18:00:03.0 (28976421)|VARIABLE_SCOPE_BEGIN|[33]|BC|Database.BatchableContext|true|false
18:00:03.0 (29051428)|VARIABLE_ASSIGNMENT|[33]|BC|{"jobId":"707RQ00001vVUhhYAG"}|0xb30061f
18:00:03.0 (29063425)|STATEMENT_EXECUTE|[33]
18:00:03.0 (29065374)|STATEMENT_EXECUTE|[35]
18:00:03.0 (29069315)|HEAP_ALLOCATE|[35]|Bytes:217
18:00:03.0 (29121098)|HEAP_ALLOCATE|[35]|Bytes:4
18:00:03.0 (29135676)|HEAP_ALLOCATE|[35]|Bytes:7
18:00:03.0 (29173738)|HEAP_ALLOCATE|[35]|Bytes:7
18:00:03.0 (29180236)|HEAP_ALLOCATE|[35]|Bytes:7
18:00:03.0 (29231295)|HEAP_ALLOCATE|[68]|Bytes:5
18:00:03.0 (29253371)|HEAP_ALLOCATE|[74]|Bytes:5
18:00:03.0 (29258351)|HEAP_ALLOCATE|[82]|Bytes:7
18:00:03.0 (31261080)|SOQL_EXECUTE_BEGIN|[35]|Aggregations:0|SELECT ID_Solicitud__c, Solicitud_Repetida__c, Total_a_Condonar__c FROM Case WHERE (OwnerId = :tmpVar1 AND RecordTypeId IN :tmpVar2 AND (Actualizaci_n_de_domicilio_en_SAT__c = FALSE OR Total_a_Condonar__c < :tmpVar3))
18:00:03.0 (84586143)|SOQL_EXECUTE_END|[35]|Rows:3
18:00:03.0 (84755353)|HEAP_ALLOCATE|[35]|Bytes:20
18:00:03.125 (125689500)|CUMULATIVE_LIMIT_USAGE
18:00:03.125 (125689500)|LIMIT_USAGE_FOR_NS|(default)|
  Number of SOQL queries: 0 out of 200
  Number of query rows: 0 out of 50000
  Number of SOSL queries: 0 out of 20
  Number of DML statements: 0 out of 150
  Number of Publish Immediate DML: 0 out of 150
  Number of DML rows: 0 out of 10000
  Maximum CPU time: 0 out of 60000
  Maximum heap size: 0 out of 12000000
  Number of callouts: 0 out of 0
  Number of Email Invocations: 0 out of 10
  Number of future calls: 0 out of 0
  Number of queueable jobs added to the queue: 0 out of 1
  Number of Mobile Apex push calls: 0 out of 10

18:00:03.125 (125689500)|CUMULATIVE_LIMIT_USAGE_END

18:00:03.0 (125812140)|CODE_UNIT_FINISHED|BatchUpdateCaseGestorBO
18:00:03.0 (125835469)|EXECUTION_FINISHED
