66.0 APEX_CODE,FINEST;APEX_PROFILING,INFO;CALLOUT,INFO;DATA_ACCESS,INFO;DB,INFO;NBA,INFO;SYSTEM,DEBUG;VALIDATION,INFO;VISUALFORCE,INFO;WAVE,INFO;WORKFLOW,INFO
11:22:01.0 (185142)|USER_INFO|[EXTERNAL]|0050v0000034lag|albeltransa@falabella.com.mx.admin.uat|(GMT-06:00) Central Standard Time (America/Mexico_City)|GMT-06:00
11:22:01.0 (222326)|EXECUTION_STARTED
11:22:01.0 (232771)|CODE_UNIT_STARTED|[EXTERNAL]|apex://validateQuestionsController/ACTION$getUserProfile
11:22:01.0 (4279511)|CODE_UNIT_STARTED|[EXTERNAL]|01p0v000003Gv5u|validateQuestionsController.getUserProfile()
11:22:01.0 (4480389)|HEAP_ALLOCATE|[95]|Bytes:3
11:22:01.0 (4551487)|HEAP_ALLOCATE|[100]|Bytes:152
11:22:01.0 (4564418)|HEAP_ALLOCATE|[417]|Bytes:408
11:22:01.0 (4575629)|HEAP_ALLOCATE|[430]|Bytes:408
11:22:01.0 (4595707)|HEAP_ALLOCATE|[317]|Bytes:6
11:22:01.0 (4648196)|HEAP_ALLOCATE|[EXTERNAL]|Bytes:27
11:22:01.0 (4651195)|HEAP_ALLOCATE|[EXTERNAL]|Bytes:11
11:22:01.0 (4659426)|METHOD_ENTRY|[15]|01p0v000003Gv5u|validateQuestionsController.validateQuestionsController()
11:22:01.0 (4663540)|STATEMENT_EXECUTE|[15]
11:22:01.0 (4668885)|STATEMENT_EXECUTE|[15]
11:22:01.0 (4672262)|METHOD_EXIT|[15]|validateQuestionsController
11:22:01.0 (4681629)|STATEMENT_EXECUTE|[155]
11:22:01.0 (4682594)|STATEMENT_EXECUTE|[156]
11:22:01.0 (4751607)|VARIABLE_SCOPE_BEGIN|[156]|UserProfile|Profile|true|false
11:22:01.0 (4800678)|VARIABLE_ASSIGNMENT|[156]|UserProfile|null|
11:22:01.0 (4804993)|STATEMENT_EXECUTE|[157]
11:22:01.0 (4805802)|STATEMENT_EXECUTE|[157]
11:22:01.0 (4806652)|STATEMENT_EXECUTE|[158]
11:22:01.0 (4829248)|HEAP_ALLOCATE|[158]|Bytes:105
11:22:01.0 (4844273)|SYSTEM_METHOD_ENTRY|[1]|UserInfo.UserInfo()
11:22:01.0 (4846603)|STATEMENT_EXECUTE|[1]
11:22:01.0 (4852928)|SYSTEM_METHOD_EXIT|[1]|UserInfo
11:22:01.0 (4864864)|METHOD_ENTRY|[158]||System.UserInfo.getProfileId()
11:22:01.0 (7580026)|METHOD_EXIT|[158]||System.UserInfo.getProfileId()
11:22:01.0 (7606186)|HEAP_ALLOCATE|[158]|Bytes:4
11:22:01.0 (7614534)|VARIABLE_SCOPE_BEGIN|[158]|profileId|Id|false|false
11:22:01.0 (7792713)|VARIABLE_ASSIGNMENT|[158]|profileId|"00e1N000001u1HIQAY"
11:22:01.0 (7798781)|STATEMENT_EXECUTE|[159]
11:22:01.0 (7801400)|HEAP_ALLOCATE|[159]|Bytes:52
11:22:01.0 (7819976)|HEAP_ALLOCATE|[159]|Bytes:4
11:22:01.0 (7828857)|HEAP_ALLOCATE|[159]|Bytes:7
11:22:01.0 (10818117)|SOQL_EXECUTE_BEGIN|[159]|Aggregations:0|SELECT Name FROM Profile WHERE Id = :tmpVar1 LIMIT 1
11:22:01.0 (14041364)|SOQL_EXECUTE_END|[159]|Rows:1
11:22:01.0 (14066390)|HEAP_ALLOCATE|[159]|Bytes:8
11:22:01.0 (14081354)|HEAP_ALLOCATE|[159]|Bytes:57
11:22:01.0 (14183013)|HEAP_ALLOCATE|[159]|Bytes:8
11:22:01.0 (14197241)|HEAP_ALLOCATE|[159]|Bytes:33
11:22:01.0 (14252293)|HEAP_ALLOCATE|[159]|Bytes:12
11:22:01.0 (14318856)|VARIABLE_ASSIGNMENT|[159]|UserProfile|{"Name":"System Administrator","Id":"00e1N000001u1HIQAY"}|0x7443804b
11:22:01.0 (14326086)|STATEMENT_EXECUTE|[163]
11:22:01.14 (14393709)|CUMULATIVE_LIMIT_USAGE
11:22:01.14 (14393709)|LIMIT_USAGE_FOR_NS|(default)|
  Number of SOQL queries: 1 out of 100
  Number of query rows: 1 out of 50000
  Number of SOSL queries: 0 out of 20
  Number of DML statements: 0 out of 150
  Number of Publish Immediate DML: 0 out of 150
  Number of DML rows: 0 out of 10000
  Maximum CPU time: 0 out of 10000
  Maximum heap size: 0 out of 6000000
  Number of callouts: 0 out of 100
  Number of Email Invocations: 0 out of 10
  Number of future calls: 0 out of 50
  Number of queueable jobs added to the queue: 0 out of 50
  Number of Mobile Apex push calls: 0 out of 10

11:22:01.14 (14393709)|CUMULATIVE_LIMIT_USAGE_END

11:22:01.0 (14419136)|CODE_UNIT_FINISHED|validateQuestionsController.getUserProfile()
11:22:01.0 (14592535)|CODE_UNIT_FINISHED|apex://validateQuestionsController/ACTION$getUserProfile
11:22:01.0 (14597405)|EXECUTION_FINISHED
