66.0 APEX_CODE,FINEST;APEX_PROFILING,INFO;CALLOUT,INFO;DATA_ACCESS,INFO;DB,INFO;NBA,INFO;SYSTEM,DEBUG;VALIDATION,INFO;VISUALFORCE,INFO;WAVE,INFO;WORKFLOW,INFO
14:52:07.0 (184699)|USER_INFO|[EXTERNAL]|0051N000005gvau|etrevinofalabella@izeicg.com.uat|(GMT-06:00) Central Standard Time (America/Mexico_City)|GMT-06:00
14:52:07.0 (213716)|EXECUTION_STARTED
14:52:07.0 (223586)|CODE_UNIT_STARTED|[EXTERNAL]|apex://SendOTPController/ACTION$getCustomerByCaseId
14:52:07.0 (3665568)|CODE_UNIT_STARTED|[EXTERNAL]|01p1N000005h4aa|SendOTPController.getCustomerByCaseId(String)
14:52:07.0 (3891706)|HEAP_ALLOCATE|[95]|Bytes:3
14:52:07.0 (3967310)|HEAP_ALLOCATE|[100]|Bytes:152
14:52:07.0 (3981580)|HEAP_ALLOCATE|[417]|Bytes:408
14:52:07.0 (3992326)|HEAP_ALLOCATE|[430]|Bytes:408
14:52:07.0 (4012591)|HEAP_ALLOCATE|[317]|Bytes:6
14:52:07.0 (4066691)|HEAP_ALLOCATE|[EXTERNAL]|Bytes:21
14:52:07.0 (4070726)|HEAP_ALLOCATE|[EXTERNAL]|Bytes:55
14:52:07.0 (4080778)|METHOD_ENTRY|[1]|01p1N000005h4aa|SendOTPController.SendOTPController()
14:52:07.0 (4088261)|STATEMENT_EXECUTE|[1]
14:52:07.0 (4094275)|STATEMENT_EXECUTE|[1]
14:52:07.0 (4097768)|METHOD_EXIT|[1]|SendOTPController
14:52:07.0 (4101236)|HEAP_ALLOCATE|[EXTERNAL]|Bytes:18
14:52:07.0 (4107104)|VARIABLE_SCOPE_BEGIN|[4]|caseId|String|false|false
14:52:07.0 (4157871)|VARIABLE_ASSIGNMENT|[4]|caseId|"500Rt00000e5bWsIAI"
14:52:07.0 (4166075)|STATEMENT_EXECUTE|[4]
14:52:07.0 (4168789)|STATEMENT_EXECUTE|[7]
14:52:07.0 (4170318)|STATEMENT_EXECUTE|[11]
14:52:07.0 (4172022)|HEAP_ALLOCATE|[11]|Bytes:46
14:52:07.0 (4188720)|HEAP_ALLOCATE|[11]|Bytes:4
14:52:07.0 (4199303)|HEAP_ALLOCATE|[11]|Bytes:7
14:52:07.0 (4227862)|HEAP_ALLOCATE|[68]|Bytes:5
14:52:07.0 (4248787)|HEAP_ALLOCATE|[74]|Bytes:5
14:52:07.0 (4253139)|HEAP_ALLOCATE|[82]|Bytes:7
14:52:07.0 (5784968)|SOQL_EXECUTE_BEGIN|[11]|Aggregations:0|SELECT AccountId FROM Case WHERE Id = :tmpVar1
14:52:07.0 (11694355)|SOQL_EXECUTE_END|[11]|Rows:1
14:52:07.0 (11721636)|HEAP_ALLOCATE|[11]|Bytes:8
14:52:07.0 (11738240)|HEAP_ALLOCATE|[11]|Bytes:60
14:52:07.0 (11855151)|HEAP_ALLOCATE|[11]|Bytes:8
14:52:07.0 (11874767)|HEAP_ALLOCATE|[11]|Bytes:30
14:52:07.0 (11940056)|HEAP_ALLOCATE|[11]|Bytes:12
14:52:07.0 (11946557)|VARIABLE_SCOPE_BEGIN|[11]|c|Case|true|false
14:52:07.0 (12010200)|VARIABLE_ASSIGNMENT|[11]|c|{"AccountId":"001Rt000014IrsjIAC","Id":"500Rt00000e5bWsIAI"}|0xebd2fdb
14:52:07.0 (12017679)|STATEMENT_EXECUTE|[14]
14:52:07.0 (12021260)|HEAP_ALLOCATE|[14]|Bytes:178
14:52:07.0 (12034898)|HEAP_ALLOCATE|[14]|Bytes:4
14:52:07.0 (14883088)|SOQL_EXECUTE_BEGIN|[14]|Aggregations:1|SELECT Id, Name, Fecha_de_nacimiento1__c, PersonMobilePhone, Oficina__c, PersonContactId, CURP__c, (SELECT N_mero_de_tarjeta__c FROM Tarjetas__r) FROM Account WHERE Id = :tmpVar1
14:52:07.0 (25607537)|SOQL_EXECUTE_END|[14]|Rows:1
14:52:07.0 (25640456)|HEAP_ALLOCATE|[14]|Bytes:8
14:52:07.0 (25662210)|HEAP_ALLOCATE|[14]|Bytes:189
14:52:07.0 (25734524)|HEAP_ALLOCATE|[14]|Bytes:8
14:52:07.0 (25752022)|HEAP_ALLOCATE|[14]|Bytes:33
14:52:07.0 (25808983)|HEAP_ALLOCATE|[14]|Bytes:28
14:52:07.0 (25817036)|VARIABLE_SCOPE_BEGIN|[14]|acc|Account|true|false
14:52:07.0 (25913585)|VARIABLE_ASSIGNMENT|[14]|acc|{"Id":"001Rt000014IrsjIAC","CURP__c":"MONJ660623HNLNVN06","Fecha_de_nacimiento1__c":"1989-09-09T00:00:00.000Z","PersonContactId":"003Rt00000gNAK2IAO","Name":"RODRIGO MENDEZ CARDO (2 more) ...","PersonMobilePhone":"528121986909"}|0x611c56b7
14:52:07.0 (25923081)|STATEMENT_EXECUTE|[18]
14:52:07.25 (25980741)|CUMULATIVE_LIMIT_USAGE
14:52:07.25 (25980741)|LIMIT_USAGE_FOR_NS|(default)|
  Number of SOQL queries: 2 out of 100
  Number of query rows: 2 out of 50000
  Number of SOSL queries: 0 out of 20
  Number of DML statements: 0 out of 150
  Number of Publish Immediate DML: 0 out of 150
  Number of DML rows: 0 out of 10000
  Maximum CPU time: 0 out of 10000
  Maximum heap size: 0 out of 6000000
  Number of callouts: 0 out of 100
  Number of Email Invocations: 0 out of 10
  Number of future calls: 0 out of 50
  Number of queueable jobs added to the queue: 0 out of 50
  Number of Mobile Apex push calls: 0 out of 10

14:52:07.25 (25980741)|CUMULATIVE_LIMIT_USAGE_END

14:52:07.0 (26008194)|CODE_UNIT_FINISHED|SendOTPController.getCustomerByCaseId(String)
14:52:07.0 (26238564)|CODE_UNIT_FINISHED|apex://SendOTPController/ACTION$getCustomerByCaseId
14:52:07.0 (26243609)|EXECUTION_FINISHED
