66.0 APEX_CODE,FINEST;APEX_PROFILING,INFO;CALLOUT,INFO;DATA_ACCESS,INFO;DB,INFO;NBA,INFO;SYSTEM,DEBUG;VALIDATION,INFO;VISUALFORCE,INFO;WAVE,INFO;WORKFLOW,INFO
14:37:19.0 (943312)|USER_INFO|[EXTERNAL]|0051N000005gvau|etrevinofalabella@izeicg.com.uat|(GMT-06:00) Central Standard Time (America/Mexico_City)|GMT-06:00
14:37:19.0 (1008186)|EXECUTION_STARTED
14:37:19.0 (1031891)|CODE_UNIT_STARTED|[EXTERNAL]|apex://CardLockButtons/ACTION$getCaseInfo
14:37:19.0 (4683504)|CODE_UNIT_STARTED|[EXTERNAL]|01p0v000003gp6H|CardLockButtons.getCaseInfo(String)
14:37:19.0 (5003644)|HEAP_ALLOCATE|[95]|Bytes:3
14:37:19.0 (5098965)|HEAP_ALLOCATE|[100]|Bytes:152
14:37:19.0 (5113322)|HEAP_ALLOCATE|[417]|Bytes:408
14:37:19.0 (5124487)|HEAP_ALLOCATE|[430]|Bytes:408
14:37:19.0 (5148360)|HEAP_ALLOCATE|[317]|Bytes:6
14:37:19.0 (5159791)|HEAP_ALLOCATE|[EXTERNAL]|Bytes:13
14:37:19.0 (5163436)|HEAP_ALLOCATE|[EXTERNAL]|Bytes:3
14:37:19.0 (5181735)|METHOD_ENTRY|[11]|01p0v000003gp6H|CardLockButtons.CardLockButtons()
14:37:19.0 (5192386)|STATEMENT_EXECUTE|[11]
14:37:19.0 (5205680)|STATEMENT_EXECUTE|[11]
14:37:19.0 (5215041)|METHOD_EXIT|[11]|CardLockButtons
14:37:19.0 (5219277)|HEAP_ALLOCATE|[EXTERNAL]|Bytes:18
14:37:19.0 (5238217)|VARIABLE_SCOPE_BEGIN|[22]|recordId|String|false|false
14:37:19.0 (5291245)|VARIABLE_ASSIGNMENT|[22]|recordId|"5000v000003xMk9AAE"
14:37:19.0 (5298812)|STATEMENT_EXECUTE|[22]
14:37:19.0 (5299753)|STATEMENT_EXECUTE|[24]
14:37:19.0 (5315836)|HEAP_ALLOCATE|[24]|Bytes:4
14:37:19.0 (5326914)|VARIABLE_SCOPE_BEGIN|[24]|mapResult|Map<String,ANY>|true|false
14:37:19.0 (5352846)|VARIABLE_ASSIGNMENT|[24]|mapResult|{}|0x40041d21
14:37:19.0 (5357599)|STATEMENT_EXECUTE|[25]
14:37:19.0 (5381600)|HEAP_ALLOCATE|[68]|Bytes:5
14:37:19.0 (5406954)|HEAP_ALLOCATE|[74]|Bytes:5
14:37:19.0 (5411457)|HEAP_ALLOCATE|[82]|Bytes:7
14:37:19.0 (5417814)|VARIABLE_SCOPE_BEGIN|[25]|success|Boolean|false|false
14:37:19.0 (5707713)|HEAP_ALLOCATE|[25]|Bytes:5
14:37:19.0 (5717020)|VARIABLE_ASSIGNMENT|[25]|success|false
14:37:19.0 (5720588)|STATEMENT_EXECUTE|[27]
14:37:19.0 (5722465)|HEAP_ALLOCATE|[27]|Bytes:91
14:37:19.0 (5730663)|HEAP_ALLOCATE|[27]|Bytes:4
14:37:19.0 (5736412)|HEAP_ALLOCATE|[27]|Bytes:7
14:37:19.0 (7102708)|SOQL_EXECUTE_BEGIN|[27]|Aggregations:0|SELECT CURPcontacto__c, TarjetaCaso__c, Subcategor_a_Texto__c FROM Case WHERE Id = :tmpVar1
14:37:19.0 (21860967)|SOQL_EXECUTE_END|[27]|Rows:1
14:37:19.0 (21892580)|HEAP_ALLOCATE|[27]|Bytes:8
14:37:19.0 (21909329)|HEAP_ALLOCATE|[27]|Bytes:119
14:37:19.0 (22043146)|HEAP_ALLOCATE|[27]|Bytes:8
14:37:19.0 (22062841)|VARIABLE_SCOPE_BEGIN|[27]|lstCases|List<Case>|true|false
14:37:19.0 (22158395)|VARIABLE_ASSIGNMENT|[27]|lstCases|[{"CURPcontacto__c":"FERM900101MASRDI09","Subcategor_a_Texto__c":"Desconoce transacció (8 more) ...","Id":"5000v000003xMk9AAE"}]|0x10cf6906
14:37:19.0 (22264155)|STATEMENT_EXECUTE|[32]
14:37:19.0 (22265634)|STATEMENT_EXECUTE|[34]
14:37:19.0 (22291290)|HEAP_ALLOCATE|[34]|Bytes:16
14:37:19.0 (22336098)|METHOD_ENTRY|[34]|01p0v000003gp6H|CardLockButtons.loadCardLockSubCategories(String)
14:37:19.0 (22522235)|VARIABLE_SCOPE_BEGIN|[79]|subCategory|String|false|false
14:37:19.0 (22531989)|VARIABLE_ASSIGNMENT|[79]|subCategory|"Desconoce transacció (8 more) ..."
14:37:19.0 (22539393)|STATEMENT_EXECUTE|[79]
14:37:19.0 (22540460)|STATEMENT_EXECUTE|[81]
14:37:19.0 (22542795)|VARIABLE_SCOPE_BEGIN|[81]|cmCardLock|Bloqueo_de_Tarjeta__mdt|true|false
14:37:19.0 (22549773)|VARIABLE_ASSIGNMENT|[81]|cmCardLock|null|
14:37:19.0 (22552198)|STATEMENT_EXECUTE|[83]
14:37:19.0 (22555490)|HEAP_ALLOCATE|[83]|Bytes:296
14:37:19.0 (22570880)|HEAP_ALLOCATE|[83]|Bytes:4
14:37:19.0 (25137327)|SOQL_EXECUTE_BEGIN|[83]|Aggregations:1|SELECT MasterLabel, Descripcion__c, Etiqueta_en_SF__c, SubCategoria__c, Categoria__c, (SELECT Nombre_de_API__c, Valor_del_Campo__c, Tarjeta_bloqueada__c FROM Bloqueo_de_Tarjeta_Campos_Requeridos__r) FROM Bloqueo_de_Tarjeta__mdt WHERE (Pantalla_principal__c = FALSE AND SubCategoria__c = :tmpVar1)
14:37:19.0 (29995943)|SOQL_EXECUTE_END|[83]|Rows:0
14:37:19.0 (30025589)|HEAP_ALLOCATE|[83]|Bytes:4
14:37:19.0 (30039925)|HEAP_ALLOCATE|[83]|Bytes:0
14:37:19.0 (30108766)|HEAP_ALLOCATE|[83]|Bytes:4
14:37:19.0 (30123666)|VARIABLE_SCOPE_BEGIN|[83]|lstCMCardLock|List<Bloqueo_de_Tarjeta__mdt>|true|false
14:37:19.0 (30144943)|VARIABLE_ASSIGNMENT|[83]|lstCMCardLock|[]|0x509fcfe8
14:37:19.0 (30225896)|STATEMENT_EXECUTE|[93]
14:37:19.0 (30227540)|STATEMENT_EXECUTE|[98]
14:37:19.0 (30234146)|METHOD_EXIT|[34]|01p0v000003gp6H|CardLockButtons.loadCardLockSubCategories(String)
14:37:19.0 (30238217)|VARIABLE_SCOPE_BEGIN|[34]|cmCardLock|Bloqueo_de_Tarjeta__mdt|true|false
14:37:19.0 (30245638)|VARIABLE_ASSIGNMENT|[34]|cmCardLock|null|
14:37:19.0 (30249338)|STATEMENT_EXECUTE|[36]
14:37:19.0 (30251114)|STATEMENT_EXECUTE|[68]
14:37:19.0 (30255246)|HEAP_ALLOCATE|[68]|Bytes:7
14:37:19.0 (30299558)|HEAP_ALLOCATE|[68]|Bytes:5
14:37:19.0 (30308538)|HEAP_ALLOCATE|[EXTERNAL]|Bytes:-4
14:37:19.0 (30313966)|STATEMENT_EXECUTE|[70]
14:37:19.30 (30373440)|CUMULATIVE_LIMIT_USAGE
14:37:19.30 (30373440)|LIMIT_USAGE_FOR_NS|(default)|
  Number of SOQL queries: 1 out of 100
  Number of query rows: 1 out of 50000
  Number of SOSL queries: 0 out of 20
  Number of DML statements: 0 out of 150
  Number of Publish Immediate DML: 0 out of 150
  Number of DML rows: 0 out of 10000
  Maximum CPU time: 0 out of 10000
  Maximum heap size: 0 out of 6000000
  Number of callouts: 0 out of 100
  Number of Email Invocations: 0 out of 10
  Number of future calls: 0 out of 50
  Number of queueable jobs added to the queue: 0 out of 50
  Number of Mobile Apex push calls: 0 out of 10

14:37:19.30 (30373440)|CUMULATIVE_LIMIT_USAGE_END

14:37:19.0 (30421969)|CODE_UNIT_FINISHED|CardLockButtons.getCaseInfo(String)
14:37:19.0 (30598476)|CODE_UNIT_FINISHED|apex://CardLockButtons/ACTION$getCaseInfo
14:37:19.0 (30605560)|EXECUTION_FINISHED
