66.0 APEX_CODE,FINEST;APEX_PROFILING,INFO;CALLOUT,INFO;DATA_ACCESS,INFO;DB,INFO;NBA,INFO;SYSTEM,DEBUG;VALIDATION,INFO;VISUALFORCE,INFO;WAVE,INFO;WORKFLOW,INFO
14:37:25.0 (183940)|USER_INFO|[EXTERNAL]|0051N000005gvau|etrevinofalabella@izeicg.com.uat|(GMT-06:00) Central Standard Time (America/Mexico_City)|GMT-06:00
14:37:25.0 (223512)|EXECUTION_STARTED
14:37:25.0 (232655)|CODE_UNIT_STARTED|[EXTERNAL]|apex://validateQuestionsController/ACTION$getUserProfile
14:37:25.0 (2833821)|CODE_UNIT_STARTED|[EXTERNAL]|01p0v000003Gv5u|validateQuestionsController.getUserProfile()
14:37:25.0 (3041176)|HEAP_ALLOCATE|[95]|Bytes:3
14:37:25.0 (3116229)|HEAP_ALLOCATE|[100]|Bytes:152
14:37:25.0 (3130008)|HEAP_ALLOCATE|[417]|Bytes:408
14:37:25.0 (3140615)|HEAP_ALLOCATE|[430]|Bytes:408
14:37:25.0 (3160845)|HEAP_ALLOCATE|[317]|Bytes:6
14:37:25.0 (3209095)|HEAP_ALLOCATE|[EXTERNAL]|Bytes:27
14:37:25.0 (3212396)|HEAP_ALLOCATE|[EXTERNAL]|Bytes:11
14:37:25.0 (3219850)|METHOD_ENTRY|[15]|01p0v000003Gv5u|validateQuestionsController.validateQuestionsController()
14:37:25.0 (3225185)|STATEMENT_EXECUTE|[15]
14:37:25.0 (3229820)|STATEMENT_EXECUTE|[15]
14:37:25.0 (3233599)|METHOD_EXIT|[15]|validateQuestionsController
14:37:25.0 (3242459)|STATEMENT_EXECUTE|[155]
14:37:25.0 (3243664)|STATEMENT_EXECUTE|[156]
14:37:25.0 (3315462)|VARIABLE_SCOPE_BEGIN|[156]|UserProfile|Profile|true|false
14:37:25.0 (3370092)|VARIABLE_ASSIGNMENT|[156]|UserProfile|null|
14:37:25.0 (3372896)|STATEMENT_EXECUTE|[157]
14:37:25.0 (3373730)|STATEMENT_EXECUTE|[157]
14:37:25.0 (3374659)|STATEMENT_EXECUTE|[158]
14:37:25.0 (3400054)|HEAP_ALLOCATE|[158]|Bytes:105
14:37:25.0 (3411146)|SYSTEM_METHOD_ENTRY|[1]|UserInfo.UserInfo()
14:37:25.0 (3412998)|STATEMENT_EXECUTE|[1]
14:37:25.0 (3417519)|SYSTEM_METHOD_EXIT|[1]|UserInfo
14:37:25.0 (3440069)|METHOD_ENTRY|[158]||System.UserInfo.getProfileId()
14:37:25.0 (5237050)|METHOD_EXIT|[158]||System.UserInfo.getProfileId()
14:37:25.0 (5261176)|HEAP_ALLOCATE|[158]|Bytes:4
14:37:25.0 (5267949)|VARIABLE_SCOPE_BEGIN|[158]|profileId|Id|false|false
14:37:25.0 (5451555)|VARIABLE_ASSIGNMENT|[158]|profileId|"00e1N000001u1HIQAY"
14:37:25.0 (5456942)|STATEMENT_EXECUTE|[159]
14:37:25.0 (5459211)|HEAP_ALLOCATE|[159]|Bytes:52
14:37:25.0 (5491917)|HEAP_ALLOCATE|[159]|Bytes:4
14:37:25.0 (5502877)|HEAP_ALLOCATE|[159]|Bytes:7
14:37:25.0 (7740550)|SOQL_EXECUTE_BEGIN|[159]|Aggregations:0|SELECT Name FROM Profile WHERE Id = :tmpVar1 LIMIT 1
14:37:25.0 (10979649)|SOQL_EXECUTE_END|[159]|Rows:1
14:37:25.0 (11008604)|HEAP_ALLOCATE|[159]|Bytes:8
14:37:25.0 (11025799)|HEAP_ALLOCATE|[159]|Bytes:57
14:37:25.0 (11145765)|HEAP_ALLOCATE|[159]|Bytes:8
14:37:25.0 (11161934)|HEAP_ALLOCATE|[159]|Bytes:33
14:37:25.0 (11222428)|HEAP_ALLOCATE|[159]|Bytes:12
14:37:25.0 (11294306)|VARIABLE_ASSIGNMENT|[159]|UserProfile|{"Name":"System Administrator","Id":"00e1N000001u1HIQAY"}|0x20100551
14:37:25.0 (11303066)|STATEMENT_EXECUTE|[163]
14:37:25.11 (11385640)|CUMULATIVE_LIMIT_USAGE
14:37:25.11 (11385640)|LIMIT_USAGE_FOR_NS|(default)|
  Number of SOQL queries: 1 out of 100
  Number of query rows: 1 out of 50000
  Number of SOSL queries: 0 out of 20
  Number of DML statements: 0 out of 150
  Number of Publish Immediate DML: 0 out of 150
  Number of DML rows: 0 out of 10000
  Maximum CPU time: 0 out of 10000
  Maximum heap size: 0 out of 6000000
  Number of callouts: 0 out of 100
  Number of Email Invocations: 0 out of 10
  Number of future calls: 0 out of 50
  Number of queueable jobs added to the queue: 0 out of 50
  Number of Mobile Apex push calls: 0 out of 10

14:37:25.11 (11385640)|CUMULATIVE_LIMIT_USAGE_END

14:37:25.0 (11413328)|CODE_UNIT_FINISHED|validateQuestionsController.getUserProfile()
14:37:25.0 (11605519)|CODE_UNIT_FINISHED|apex://validateQuestionsController/ACTION$getUserProfile
14:37:25.0 (11610261)|EXECUTION_FINISHED
