52.0 APEX_CODE,FINEST;APEX_PROFILING,INFO;CALLOUT,INFO;DATA_ACCESS,INFO;DB,INFO;NBA,INFO;SYSTEM,DEBUG;VALIDATION,INFO;VISUALFORCE,INFO;WAVE,INFO;WORKFLOW,INFO
10:18:01.0 (489011)|USER_INFO|[EXTERNAL]|0051N000008bAK9|contingenciafalabella@falabella.com.mx|(GMT-06:00) Central Standard Time (America/Mexico_City)|GMT-06:00
10:18:01.0 (627779)|EXECUTION_STARTED
10:18:01.0 (681449)|CODE_UNIT_STARTED|[EXTERNAL]|01p3l00000EBsec|BatchUpdateCaseGestorBO
10:18:01.0 (1912120)|HEAP_ALLOCATE|[95]|Bytes:3
10:18:01.0 (2076001)|HEAP_ALLOCATE|[100]|Bytes:152
10:18:01.0 (2101601)|HEAP_ALLOCATE|[417]|Bytes:408
10:18:01.0 (2118103)|HEAP_ALLOCATE|[430]|Bytes:408
10:18:01.0 (2155173)|HEAP_ALLOCATE|[317]|Bytes:6
10:18:01.0 (3576019)|HEAP_ALLOCATE|[EXTERNAL]|Bytes:98
10:18:01.0 (21874831)|HEAP_ALLOCATE|[EXTERNAL]|Bytes:11
10:18:01.0 (21942734)|SYSTEM_METHOD_ENTRY|[15]|BatchableContextImpl.BatchableContextImpl()
10:18:01.0 (22099906)|STATEMENT_EXECUTE|[15]
10:18:01.0 (22133793)|SYSTEM_METHOD_EXIT|[15]|BatchableContextImpl
10:18:01.0 (22147101)|HEAP_ALLOCATE|[EXTERNAL]|Bytes:12
10:18:01.0 (22154594)|HEAP_ALLOCATE|[EXTERNAL]|Bytes:4
10:18:01.0 (22180553)|VARIABLE_SCOPE_BEGIN|[31]|this|Database.BatchableContextImpl|true|false
10:18:01.0 (22394785)|VARIABLE_ASSIGNMENT|[31]|this|{}|0x4ce1677d
10:18:01.0 (22404249)|VARIABLE_SCOPE_BEGIN|[31]|jobId|Id|false|false
10:18:01.0 (22612005)|VARIABLE_ASSIGNMENT|[31]|jobId|"707RQ00002CRoYcYAL"
10:18:01.0 (22619849)|VARIABLE_SCOPE_BEGIN|[31]|childJobId|Id|false|false
10:18:01.0 (22633539)|VARIABLE_ASSIGNMENT|[31]|childJobId|null
10:18:01.0 (24468648)|HEAP_ALLOCATE|[EXTERNAL]|Bytes:99
10:18:01.0 (24492588)|HEAP_ALLOCATE|[EXTERNAL]|Bytes:12
10:18:01.0 (24519776)|METHOD_ENTRY|[11]|01p3l00000EBsec|BatchUpdateCaseGestorBO.BatchUpdateCaseGestorBO()
10:18:01.0 (24565942)|STATEMENT_EXECUTE|[11]
10:18:01.0 (24638571)|STATEMENT_EXECUTE|[11]
10:18:01.0 (24649479)|METHOD_EXIT|[11]|BatchUpdateCaseGestorBO
10:18:01.0 (24657859)|HEAP_ALLOCATE|[EXTERNAL]|Bytes:20
10:18:01.0 (24662899)|HEAP_ALLOCATE|[EXTERNAL]|Bytes:12
10:18:01.0 (24677760)|VARIABLE_SCOPE_BEGIN|[33]|this|BatchUpdateCaseGestorBO|true|false
10:18:01.0 (24796104)|VARIABLE_ASSIGNMENT|[33]|this|{"idQueueFraudesCredito":"00G3l000004HYBREA4","intCallMSAttempts":3,"lstRecordTypesBO":"0x56f0e992","lstRequestsWithError":"0x7564cb9d"}|0x5b736082
10:18:01.0 (24806339)|VARIABLE_SCOPE_BEGIN|[33]|BC|Database.BatchableContext|true|false
10:18:01.0 (24909166)|VARIABLE_ASSIGNMENT|[33]|BC|{"jobId":"707RQ00002CRoYcYAL"}|0x4ce1677d
10:18:01.0 (24941323)|STATEMENT_EXECUTE|[33]
10:18:01.0 (24946742)|STATEMENT_EXECUTE|[35]
10:18:01.0 (24953293)|HEAP_ALLOCATE|[35]|Bytes:217
10:18:01.0 (24994383)|HEAP_ALLOCATE|[35]|Bytes:4
10:18:01.0 (25015332)|HEAP_ALLOCATE|[35]|Bytes:7
10:18:01.0 (25040529)|HEAP_ALLOCATE|[35]|Bytes:7
10:18:01.0 (25046457)|HEAP_ALLOCATE|[35]|Bytes:7
10:18:01.0 (25090232)|HEAP_ALLOCATE|[68]|Bytes:5
10:18:01.0 (25115076)|HEAP_ALLOCATE|[74]|Bytes:5
10:18:01.0 (25121596)|HEAP_ALLOCATE|[82]|Bytes:7
10:18:01.0 (27092347)|SOQL_EXECUTE_BEGIN|[35]|Aggregations:0|SELECT ID_Solicitud__c, Solicitud_Repetida__c, Total_a_Condonar__c FROM Case WHERE (OwnerId = :tmpVar1 AND RecordTypeId IN :tmpVar2 AND (Actualizaci_n_de_domicilio_en_SAT__c = FALSE OR Total_a_Condonar__c < :tmpVar3))
10:18:01.0 (65451229)|SOQL_EXECUTE_END|[35]|Rows:3
10:18:01.0 (65651186)|HEAP_ALLOCATE|[35]|Bytes:20
10:18:01.102 (102192028)|CUMULATIVE_LIMIT_USAGE
10:18:01.102 (102192028)|LIMIT_USAGE_FOR_NS|(default)|
  Number of SOQL queries: 0 out of 200
  Number of query rows: 0 out of 50000
  Number of SOSL queries: 0 out of 20
  Number of DML statements: 0 out of 150
  Number of Publish Immediate DML: 0 out of 150
  Number of DML rows: 0 out of 10000
  Maximum CPU time: 0 out of 60000
  Maximum heap size: 0 out of 12000000
  Number of callouts: 0 out of 0
  Number of Email Invocations: 0 out of 10
  Number of future calls: 0 out of 0
  Number of queueable jobs added to the queue: 0 out of 1
  Number of Mobile Apex push calls: 0 out of 10

10:18:01.102 (102192028)|CUMULATIVE_LIMIT_USAGE_END

10:18:01.0 (102343923)|CODE_UNIT_FINISHED|BatchUpdateCaseGestorBO
10:18:01.0 (102365934)|EXECUTION_FINISHED
