66.0 APEX_CODE,FINEST;APEX_PROFILING,INFO;CALLOUT,INFO;DATA_ACCESS,INFO;DB,INFO;NBA,INFO;SYSTEM,DEBUG;VALIDATION,INFO;VISUALFORCE,INFO;WAVE,INFO;WORKFLOW,INFO
14:37:11.1 (1195906)|USER_INFO|[EXTERNAL]|0051N000005gvau|etrevinofalabella@izeicg.com.uat|(GMT-06:00) Central Standard Time (America/Mexico_City)|GMT-06:00
14:37:11.1 (1229217)|EXECUTION_STARTED
14:37:11.1 (1238400)|CODE_UNIT_STARTED|[EXTERNAL]|apex://SessionController/ACTION$getSessionId
14:37:11.1 (5425460)|CODE_UNIT_STARTED|[EXTERNAL]|01p1N000005gzam|SessionController.getSessionId()
14:37:11.1 (7776393)|HEAP_ALLOCATE|[95]|Bytes:3
14:37:11.1 (7875983)|HEAP_ALLOCATE|[100]|Bytes:152
14:37:11.1 (7892533)|HEAP_ALLOCATE|[417]|Bytes:408
14:37:11.1 (7904068)|HEAP_ALLOCATE|[430]|Bytes:408
14:37:11.1 (7923940)|HEAP_ALLOCATE|[317]|Bytes:6
14:37:11.1 (7933848)|HEAP_ALLOCATE|[EXTERNAL]|Bytes:1
14:37:11.1 (7949064)|METHOD_ENTRY|[1]|01p1N000005gzam|SessionController.SessionController()
14:37:11.1 (7961534)|STATEMENT_EXECUTE|[1]
14:37:11.1 (7973799)|STATEMENT_EXECUTE|[1]
14:37:11.1 (7981331)|METHOD_EXIT|[1]|SessionController
14:37:11.1 (7991226)|STATEMENT_EXECUTE|[4]
14:37:11.1 (7992228)|STATEMENT_EXECUTE|[5]
14:37:11.1 (8014758)|HEAP_ALLOCATE|[5]|Bytes:105
14:37:11.1 (8024879)|SYSTEM_METHOD_ENTRY|[1]|UserInfo.UserInfo()
14:37:11.1 (8026678)|STATEMENT_EXECUTE|[1]
14:37:11.1 (8032453)|SYSTEM_METHOD_EXIT|[1]|UserInfo
14:37:11.1 (8058508)|METHOD_ENTRY|[5]||System.UserInfo.getSessionId()
14:37:11.1 (15965816)|METHOD_EXIT|[5]||System.UserInfo.getSessionId()
14:37:11.16 (16025529)|CUMULATIVE_LIMIT_USAGE
14:37:11.16 (16025529)|LIMIT_USAGE_FOR_NS|(default)|
  Number of SOQL queries: 0 out of 100
  Number of query rows: 0 out of 50000
  Number of SOSL queries: 0 out of 20
  Number of DML statements: 0 out of 150
  Number of Publish Immediate DML: 0 out of 150
  Number of DML rows: 0 out of 10000
  Maximum CPU time: 0 out of 10000
  Maximum heap size: 0 out of 6000000
  Number of callouts: 0 out of 100
  Number of Email Invocations: 0 out of 10
  Number of future calls: 0 out of 50
  Number of queueable jobs added to the queue: 0 out of 50
  Number of Mobile Apex push calls: 0 out of 10

14:37:11.16 (16025529)|CUMULATIVE_LIMIT_USAGE_END

14:37:11.1 (16048400)|CODE_UNIT_FINISHED|SessionController.getSessionId()
14:37:11.1 (16241544)|CODE_UNIT_FINISHED|apex://SessionController/ACTION$getSessionId
14:37:11.1 (16246703)|EXECUTION_FINISHED
