66.0 APEX_CODE,FINEST;APEX_PROFILING,INFO;CALLOUT,INFO;DATA_ACCESS,INFO;DB,INFO;NBA,INFO;SYSTEM,DEBUG;VALIDATION,INFO;VISUALFORCE,INFO;WAVE,INFO;WORKFLOW,INFO
14:52:07.0 (247125)|USER_INFO|[EXTERNAL]|0051N000005gvau|etrevinofalabella@izeicg.com.uat|(GMT-06:00) Central Standard Time (America/Mexico_City)|GMT-06:00
14:52:07.0 (278125)|EXECUTION_STARTED
14:52:07.0 (287143)|CODE_UNIT_STARTED|[EXTERNAL]|apex://PickListCaseOriginController/ACTION$getUserInfo
14:52:07.0 (3609438)|CODE_UNIT_STARTED|[EXTERNAL]|01p0v000003UL1s|PickListCaseOriginController.getUserInfo()
14:52:07.0 (3952251)|HEAP_ALLOCATE|[95]|Bytes:3
14:52:07.0 (4076780)|HEAP_ALLOCATE|[100]|Bytes:152
14:52:07.0 (4093515)|HEAP_ALLOCATE|[417]|Bytes:408
14:52:07.0 (4104380)|HEAP_ALLOCATE|[430]|Bytes:408
14:52:07.0 (4126692)|HEAP_ALLOCATE|[317]|Bytes:6
14:52:07.0 (4137720)|HEAP_ALLOCATE|[EXTERNAL]|Bytes:5
14:52:07.0 (4141104)|HEAP_ALLOCATE|[EXTERNAL]|Bytes:2
14:52:07.0 (4150825)|METHOD_ENTRY|[11]|01p0v000003UL1s|PickListCaseOriginController.PickListCaseOriginController()
14:52:07.0 (4157321)|STATEMENT_EXECUTE|[11]
14:52:07.0 (4163500)|STATEMENT_EXECUTE|[11]
14:52:07.0 (4166774)|METHOD_EXIT|[11]|PickListCaseOriginController
14:52:07.0 (4176219)|STATEMENT_EXECUTE|[18]
14:52:07.0 (4177342)|STATEMENT_EXECUTE|[20]
14:52:07.0 (4192304)|HEAP_ALLOCATE|[20]|Bytes:4
14:52:07.0 (4205941)|VARIABLE_SCOPE_BEGIN|[20]|mapResult|Map<String,ANY>|true|false
14:52:07.0 (4269159)|VARIABLE_ASSIGNMENT|[20]|mapResult|{}|0x719ac6d6
14:52:07.0 (4273792)|STATEMENT_EXECUTE|[21]
14:52:07.0 (4292471)|HEAP_ALLOCATE|[68]|Bytes:5
14:52:07.0 (4314776)|HEAP_ALLOCATE|[74]|Bytes:5
14:52:07.0 (4319766)|HEAP_ALLOCATE|[82]|Bytes:7
14:52:07.0 (4326098)|VARIABLE_SCOPE_BEGIN|[21]|success|Boolean|false|false
14:52:07.0 (4471908)|HEAP_ALLOCATE|[21]|Bytes:5
14:52:07.0 (4479526)|VARIABLE_ASSIGNMENT|[21]|success|false
14:52:07.0 (4482054)|STATEMENT_EXECUTE|[23]
14:52:07.0 (4483388)|HEAP_ALLOCATE|[23]|Bytes:49
14:52:07.0 (4488966)|HEAP_ALLOCATE|[23]|Bytes:4
14:52:07.0 (4492619)|HEAP_ALLOCATE|[23]|Bytes:7
14:52:07.0 (4524476)|HEAP_ALLOCATE|[23]|Bytes:105
14:52:07.0 (4529757)|SYSTEM_METHOD_ENTRY|[1]|UserInfo.UserInfo()
14:52:07.0 (4531658)|STATEMENT_EXECUTE|[1]
14:52:07.0 (4536182)|SYSTEM_METHOD_EXIT|[1]|UserInfo
14:52:07.0 (4546174)|METHOD_ENTRY|[23]||System.UserInfo.getUserId()
14:52:07.0 (6854899)|METHOD_EXIT|[23]||System.UserInfo.getUserId()
14:52:07.0 (10982286)|SOQL_EXECUTE_BEGIN|[23]|Aggregations:0|SELECT Profile.Name FROM User WHERE Id = :tmpVar1
14:52:07.0 (18355044)|SOQL_EXECUTE_END|[23]|Rows:1
14:52:07.0 (18385695)|HEAP_ALLOCATE|[23]|Bytes:8
14:52:07.0 (18407571)|HEAP_ALLOCATE|[23]|Bytes:127
14:52:07.0 (18546523)|HEAP_ALLOCATE|[23]|Bytes:8
14:52:07.0 (18565693)|VARIABLE_SCOPE_BEGIN|[23]|lstUsers|List<User>|true|false
14:52:07.0 (35632226)|VARIABLE_ASSIGNMENT|[23]|lstUsers|[{"ProfileId":"00e1N000001u1HIQAY","Profile":{"Name":"System Administrator","Id":"00e1N000001u1HIQAY"},"Id":"0051N000005gvauQAA"}]|0x7c69724
14:52:07.0 (35771640)|STATEMENT_EXECUTE|[25]
14:52:07.0 (35774591)|STATEMENT_EXECUTE|[27]
14:52:07.0 (35782415)|HEAP_ALLOCATE|[27]|Bytes:11
14:52:07.0 (35821778)|HEAP_ALLOCATE|[27]|Bytes:16
14:52:07.0 (35927452)|HEAP_ALLOCATE|[EXTERNAL]|Bytes:-4
14:52:07.0 (35934154)|STATEMENT_EXECUTE|[29]
14:52:07.0 (35945459)|HEAP_ALLOCATE|[29]|Bytes:5
14:52:07.0 (35956624)|VARIABLE_ASSIGNMENT|[29]|success|true
14:52:07.0 (35960705)|STATEMENT_EXECUTE|[32]
14:52:07.0 (35962261)|HEAP_ALLOCATE|[32]|Bytes:7
14:52:07.0 (35972469)|HEAP_ALLOCATE|[32]|Bytes:5
14:52:07.0 (35974739)|HEAP_ALLOCATE|[EXTERNAL]|Bytes:-4
14:52:07.0 (35977758)|STATEMENT_EXECUTE|[34]
14:52:07.36 (36057893)|CUMULATIVE_LIMIT_USAGE
14:52:07.36 (36057893)|LIMIT_USAGE_FOR_NS|(default)|
  Number of SOQL queries: 1 out of 100
  Number of query rows: 1 out of 50000
  Number of SOSL queries: 0 out of 20
  Number of DML statements: 0 out of 150
  Number of Publish Immediate DML: 0 out of 150
  Number of DML rows: 0 out of 10000
  Maximum CPU time: 0 out of 10000
  Maximum heap size: 0 out of 6000000
  Number of callouts: 0 out of 100
  Number of Email Invocations: 0 out of 10
  Number of future calls: 0 out of 50
  Number of queueable jobs added to the queue: 0 out of 50
  Number of Mobile Apex push calls: 0 out of 10

14:52:07.36 (36057893)|CUMULATIVE_LIMIT_USAGE_END

14:52:07.0 (36097696)|CODE_UNIT_FINISHED|PickListCaseOriginController.getUserInfo()
14:52:07.0 (36300750)|CODE_UNIT_FINISHED|apex://PickListCaseOriginController/ACTION$getUserInfo
14:52:07.0 (36320413)|EXECUTION_FINISHED
