52.0 APEX_CODE,FINEST;APEX_PROFILING,INFO;CALLOUT,INFO;DATA_ACCESS,INFO;DB,INFO;NBA,INFO;SYSTEM,DEBUG;VALIDATION,INFO;VISUALFORCE,INFO;WAVE,INFO;WORKFLOW,INFO
18:12:03.0 (419976)|USER_INFO|[EXTERNAL]|0051N000008bAK9|contingenciafalabella@falabella.com.mx|(GMT-06:00) Central Standard Time (America/Mexico_City)|GMT-06:00
18:12:03.0 (654170)|EXECUTION_STARTED
18:12:03.0 (690497)|CODE_UNIT_STARTED|[EXTERNAL]|01p3l00000EBsec|BatchUpdateCaseGestorBO
18:12:03.0 (2710748)|HEAP_ALLOCATE|[95]|Bytes:3
18:12:03.0 (2931817)|HEAP_ALLOCATE|[100]|Bytes:152
18:12:03.0 (2958393)|HEAP_ALLOCATE|[417]|Bytes:408
18:12:03.0 (2975654)|HEAP_ALLOCATE|[430]|Bytes:408
18:12:03.0 (3076117)|HEAP_ALLOCATE|[317]|Bytes:6
18:12:03.0 (3683479)|HEAP_ALLOCATE|[EXTERNAL]|Bytes:98
18:12:03.0 (4278626)|HEAP_ALLOCATE|[EXTERNAL]|Bytes:11
18:12:03.0 (4423077)|SYSTEM_METHOD_ENTRY|[15]|BatchableContextImpl.BatchableContextImpl()
18:12:03.0 (4460517)|STATEMENT_EXECUTE|[15]
18:12:03.0 (4483342)|SYSTEM_METHOD_EXIT|[15]|BatchableContextImpl
18:12:03.0 (4493338)|HEAP_ALLOCATE|[EXTERNAL]|Bytes:12
18:12:03.0 (4498912)|HEAP_ALLOCATE|[EXTERNAL]|Bytes:4
18:12:03.0 (4517206)|VARIABLE_SCOPE_BEGIN|[31]|this|Database.BatchableContextImpl|true|false
18:12:03.0 (4666479)|VARIABLE_ASSIGNMENT|[31]|this|{}|0x2238f6b5
18:12:03.0 (4676541)|VARIABLE_SCOPE_BEGIN|[31]|jobId|Id|false|false
18:12:03.0 (4825845)|VARIABLE_ASSIGNMENT|[31]|jobId|"707RQ00001vVn9oYAC"
18:12:03.0 (4837520)|VARIABLE_SCOPE_BEGIN|[31]|childJobId|Id|false|false
18:12:03.0 (4854027)|VARIABLE_ASSIGNMENT|[31]|childJobId|null
18:12:03.0 (28900152)|HEAP_ALLOCATE|[EXTERNAL]|Bytes:99
18:12:03.0 (28932952)|HEAP_ALLOCATE|[EXTERNAL]|Bytes:12
18:12:03.0 (28962071)|METHOD_ENTRY|[11]|01p3l00000EBsec|BatchUpdateCaseGestorBO.BatchUpdateCaseGestorBO()
18:12:03.0 (28985197)|STATEMENT_EXECUTE|[11]
18:12:03.0 (29002197)|STATEMENT_EXECUTE|[11]
18:12:03.0 (29012067)|METHOD_EXIT|[11]|BatchUpdateCaseGestorBO
18:12:03.0 (29019483)|HEAP_ALLOCATE|[EXTERNAL]|Bytes:20
18:12:03.0 (29023482)|HEAP_ALLOCATE|[EXTERNAL]|Bytes:12
18:12:03.0 (29048840)|VARIABLE_SCOPE_BEGIN|[108]|this|BatchUpdateCaseGestorBO|true|false
18:12:03.0 (29368362)|VARIABLE_ASSIGNMENT|[108]|this|{"idQueueFraudesCredito":"00G3l000004HYBREA4","intCallMSAttempts":3,"lstRecordTypesBO":"0x222772d1","lstRequestsWithError":"0x77c2aeff"}|0x1e59f11
18:12:03.0 (29385365)|VARIABLE_SCOPE_BEGIN|[108]|BC|Database.BatchableContext|true|false
18:12:03.0 (29492316)|VARIABLE_ASSIGNMENT|[108]|BC|{"jobId":"707RQ00001vVn9oYAC"}|0x2238f6b5
18:12:03.0 (29509899)|STATEMENT_EXECUTE|[108]
18:12:03.0 (29649378)|STATEMENT_EXECUTE|[111]
18:12:03.56 (56750634)|CUMULATIVE_LIMIT_USAGE
18:12:03.56 (56750634)|LIMIT_USAGE_FOR_NS|(default)|
  Number of SOQL queries: 0 out of 200
  Number of query rows: 0 out of 50000
  Number of SOSL queries: 0 out of 20
  Number of DML statements: 0 out of 150
  Number of Publish Immediate DML: 0 out of 150
  Number of DML rows: 0 out of 10000
  Maximum CPU time: 0 out of 60000
  Maximum heap size: 0 out of 12000000
  Number of callouts: 0 out of 0
  Number of Email Invocations: 0 out of 10
  Number of future calls: 0 out of 0
  Number of queueable jobs added to the queue: 0 out of 1
  Number of Mobile Apex push calls: 0 out of 10

18:12:03.56 (56750634)|CUMULATIVE_LIMIT_USAGE_END

18:12:03.0 (56907042)|CODE_UNIT_FINISHED|BatchUpdateCaseGestorBO
18:12:03.0 (56948135)|EXECUTION_FINISHED
