67.0 APEX_CODE,FINEST;APEX_PROFILING,INFO;CALLOUT,INFO;DATA_ACCESS,INFO;DB,INFO;NBA,INFO;SYSTEM,DEBUG;VALIDATION,INFO;VISUALFORCE,INFO;WAVE,INFO;WORKFLOW,INFO
12:55:26.0 (242905)|USER_INFO|[EXTERNAL]|005Qg000002VBqt|jlandav@falabella.com.mx|(GMT-06:00) Central Standard Time (America/Mexico_City)|GMT-06:00
12:55:26.0 (325557)|EXECUTION_STARTED
12:55:26.0 (349506)|CODE_UNIT_STARTED|[EXTERNAL]|apex://CasosControllerExtension/ACTION$obtenerCasosToday
12:55:26.0 (1616624)|CODE_UNIT_STARTED|[EXTERNAL]|01p3l000005qcOV|CasosControllerExtension.obtenerCasosToday()
12:55:26.0 (1714912)|VARIABLE_SCOPE_BEGIN|[21]|CasosControllerExtension.QUEUE_CREDITO_FRAUDES|String|false|true
12:55:26.0 (1756889)|VARIABLE_SCOPE_BEGIN|[20]|CasosControllerExtension.RT_FIGITAL|String|false|true
12:55:26.0 (1759942)|VARIABLE_SCOPE_BEGIN|[19]|CasosControllerExtension.RT_RIESGOS|String|false|true
12:55:26.0 (1762598)|VARIABLE_SCOPE_BEGIN|[17]|CasosControllerExtension.ST_ASIGNADA|String|false|true
12:55:26.0 (1765438)|VARIABLE_SCOPE_BEGIN|[15]|CasosControllerExtension.ST_AUTORIZADA|String|false|true
12:55:26.0 (1768235)|VARIABLE_SCOPE_BEGIN|[18]|CasosControllerExtension.ST_CERRADO|String|false|true
12:55:26.0 (1770900)|VARIABLE_SCOPE_BEGIN|[16]|CasosControllerExtension.ST_NUEVO|String|false|true
12:55:26.0 (1906357)|HEAP_ALLOCATE|[95]|Bytes:3
12:55:26.0 (1949710)|HEAP_ALLOCATE|[100]|Bytes:152
12:55:26.0 (1963115)|HEAP_ALLOCATE|[417]|Bytes:408
12:55:26.0 (1973810)|HEAP_ALLOCATE|[430]|Bytes:408
12:55:26.0 (1993405)|HEAP_ALLOCATE|[317]|Bytes:6
12:55:26.0 (2003281)|HEAP_ALLOCATE|[EXTERNAL]|Bytes:11
12:55:26.0 (2013341)|METHOD_ENTRY|[13]|01p3l000005qcOV|CasosControllerExtension.CasosControllerExtension()
12:55:26.0 (2018935)|STATEMENT_EXECUTE|[13]
12:55:26.0 (2023602)|STATEMENT_EXECUTE|[13]
12:55:26.0 (2041881)|HEAP_ALLOCATE|[68]|Bytes:5
12:55:26.0 (2064371)|HEAP_ALLOCATE|[74]|Bytes:5
12:55:26.0 (2069191)|HEAP_ALLOCATE|[82]|Bytes:7
12:55:26.0 (2087407)|HEAP_ALLOCATE|[15]|Bytes:5
12:55:26.0 (2090302)|STATEMENT_EXECUTE|[15]
12:55:26.0 (2092060)|HEAP_ALLOCATE|[15]|Bytes:12
12:55:26.0 (2150879)|VARIABLE_ASSIGNMENT|[15]|CasosControllerExtension.ST_AUTORIZADA|"Autorización"
12:55:26.0 (2154989)|STATEMENT_EXECUTE|[16]
12:55:26.0 (2156528)|HEAP_ALLOCATE|[16]|Bytes:3
12:55:26.0 (2160927)|VARIABLE_ASSIGNMENT|[16]|CasosControllerExtension.ST_NUEVO|"New"
12:55:26.0 (2163098)|STATEMENT_EXECUTE|[17]
12:55:26.0 (2164418)|HEAP_ALLOCATE|[17]|Bytes:8
12:55:26.0 (2168215)|VARIABLE_ASSIGNMENT|[17]|CasosControllerExtension.ST_ASIGNADA|"Asignada"
12:55:26.0 (2170297)|STATEMENT_EXECUTE|[18]
12:55:26.0 (2171456)|HEAP_ALLOCATE|[18]|Bytes:7
12:55:26.0 (2174669)|VARIABLE_ASSIGNMENT|[18]|CasosControllerExtension.ST_CERRADO|"Cerrado"
12:55:26.0 (2176739)|STATEMENT_EXECUTE|[19]
12:55:26.0 (2178329)|HEAP_ALLOCATE|[19]|Bytes:19
12:55:26.0 (2182126)|VARIABLE_ASSIGNMENT|[19]|CasosControllerExtension.RT_RIESGOS|"Riesgos_Originaci_n"
12:55:26.0 (2184001)|STATEMENT_EXECUTE|[20]
12:55:26.0 (2185239)|HEAP_ALLOCATE|[20]|Bytes:18
12:55:26.0 (2188442)|VARIABLE_ASSIGNMENT|[20]|CasosControllerExtension.RT_FIGITAL|"BackOffice_Figital"
12:55:26.0 (2190447)|STATEMENT_EXECUTE|[21]
12:55:26.0 (2191423)|HEAP_ALLOCATE|[21]|Bytes:26
12:55:26.0 (2196764)|VARIABLE_ASSIGNMENT|[21]|CasosControllerExtension.QUEUE_CREDITO_FRAUDES|"BackOffice Credito/F (6 more) ..."
12:55:26.0 (2205183)|METHOD_EXIT|[13]|CasosControllerExtension
12:55:26.0 (2215564)|HEAP_ALLOCATE|[78]|Bytes:5
12:55:26.0 (2217794)|STATEMENT_EXECUTE|[76]
12:55:26.0 (2218764)|STATEMENT_EXECUTE|[78]
12:55:26.0 (2220130)|HEAP_ALLOCATE|[78]|Bytes:4
12:55:26.0 (2362061)|HEAP_ALLOCATE|[78]|Bytes:4
12:55:26.0 (3400786)|HEAP_ALLOCATE|[78]|Bytes:408
12:55:26.0 (3476442)|HEAP_ALLOCATE|[78]|Bytes:4
12:55:26.0 (3489489)|HEAP_ALLOCATE|[78]|Bytes:18
12:55:26.0 (3493025)|VARIABLE_SCOPE_BEGIN|[78]|idRecordTypeCredito|String|false|false
12:55:26.0 (3506115)|VARIABLE_ASSIGNMENT|[78]|idRecordTypeCredito|"0123l000001M9F8AAK"
12:55:26.0 (3509942)|STATEMENT_EXECUTE|[79]
12:55:26.0 (3580325)|HEAP_ALLOCATE|[79]|Bytes:4
12:55:26.0 (4641870)|HEAP_ALLOCATE|[79]|Bytes:408
12:55:26.0 (4679760)|HEAP_ALLOCATE|[79]|Bytes:4
12:55:26.0 (4685814)|HEAP_ALLOCATE|[79]|Bytes:18
12:55:26.0 (4689483)|VARIABLE_SCOPE_BEGIN|[79]|idRecordTypeFigital|String|false|false
12:55:26.0 (4700445)|VARIABLE_ASSIGNMENT|[79]|idRecordTypeFigital|"0123l0000019LkKAAU"
12:55:26.0 (4703780)|STATEMENT_EXECUTE|[81]
12:55:26.0 (4706800)|HEAP_ALLOCATE|[81]|Bytes:196
12:55:26.0 (4717087)|HEAP_ALLOCATE|[81]|Bytes:4
12:55:26.0 (4726235)|HEAP_ALLOCATE|[81]|Bytes:7
12:55:26.0 (4737215)|HEAP_ALLOCATE|[81]|Bytes:7
12:55:26.0 (4741763)|HEAP_ALLOCATE|[81]|Bytes:7
12:55:26.0 (4745545)|HEAP_ALLOCATE|[81]|Bytes:7
12:55:26.0 (4748977)|HEAP_ALLOCATE|[81]|Bytes:7
12:55:26.0 (4752280)|HEAP_ALLOCATE|[81]|Bytes:7
12:55:26.0 (5269065)|SOQL_EXECUTE_BEGIN|[81]|Aggregations:0|SELECT COUNT() FROM Case WHERE ((Status = :tmpVar1 OR Status = :tmpVar2 OR Status = :tmpVar3 OR Status = :tmpVar4) AND CreatedDate = TODAY AND (RecordTypeId = :tmpVar5 OR RecordTypeId = :tmpVar6))
12:55:26.0 (21646158)|SOQL_EXECUTE_END|[81]|Rows:127
12:55:26.0 (21714332)|HEAP_ALLOCATE|[81]|Bytes:4
12:55:26.0 (21747357)|VARIABLE_SCOPE_BEGIN|[81]|total|Integer|false|false
12:55:26.0 (21758902)|HEAP_ALLOCATE|[81]|Bytes:4
12:55:26.0 (21779012)|VARIABLE_ASSIGNMENT|[81]|total|127
12:55:26.0 (21783527)|STATEMENT_EXECUTE|[83]
12:55:26.0 (21785800)|HEAP_ALLOCATE|[83]|Bytes:4
12:55:26.0 (21796657)|HEAP_ALLOCATE|[83]|Bytes:4
12:55:26.21 (21864354)|CUMULATIVE_LIMIT_USAGE
12:55:26.21 (21864354)|LIMIT_USAGE_FOR_NS|(default)|
  Number of SOQL queries: 1 out of 100
  Number of query rows: 1 out of 50000
  Number of SOSL queries: 0 out of 20
  Number of DML statements: 0 out of 150
  Number of Publish Immediate DML: 0 out of 150
  Number of DML rows: 0 out of 10000
  Maximum CPU time: 0 out of 10000
  Maximum heap size: 0 out of 6000000
  Number of callouts: 0 out of 100
  Number of Email Invocations: 0 out of 10
  Number of future calls: 0 out of 50
  Number of queueable jobs added to the queue: 0 out of 50
  Number of Mobile Apex push calls: 0 out of 10

12:55:26.21 (21864354)|CUMULATIVE_LIMIT_USAGE_END

12:55:26.0 (22029056)|CODE_UNIT_FINISHED|CasosControllerExtension.obtenerCasosToday()
12:55:26.0 (22253684)|CODE_UNIT_FINISHED|apex://CasosControllerExtension/ACTION$obtenerCasosToday
12:55:26.0 (22262769)|EXECUTION_FINISHED
