66.0 APEX_CODE,FINEST;APEX_PROFILING,INFO;CALLOUT,INFO;DATA_ACCESS,INFO;DB,INFO;NBA,INFO;SYSTEM,DEBUG;VALIDATION,INFO;VISUALFORCE,INFO;WAVE,INFO;WORKFLOW,INFO
14:37:19.0 (663420)|USER_INFO|[EXTERNAL]|0051N000005gvau|etrevinofalabella@izeicg.com.uat|(GMT-06:00) Central Standard Time (America/Mexico_City)|GMT-06:00
14:37:19.0 (701958)|EXECUTION_STARTED
14:37:19.0 (709770)|CODE_UNIT_STARTED|[EXTERNAL]|apex://SendOTPController/ACTION$obtenerConfiguracionServicio
14:37:19.0 (3201227)|CODE_UNIT_STARTED|[EXTERNAL]|01p1N000005h4aa|SendOTPController.obtenerConfiguracionServicio()
14:37:19.0 (3477098)|HEAP_ALLOCATE|[95]|Bytes:3
14:37:19.0 (3555257)|HEAP_ALLOCATE|[100]|Bytes:152
14:37:19.0 (3569583)|HEAP_ALLOCATE|[417]|Bytes:408
14:37:19.0 (3581276)|HEAP_ALLOCATE|[430]|Bytes:408
14:37:19.0 (3599241)|HEAP_ALLOCATE|[317]|Bytes:6
14:37:19.0 (3645785)|HEAP_ALLOCATE|[EXTERNAL]|Bytes:21
14:37:19.0 (3649371)|HEAP_ALLOCATE|[EXTERNAL]|Bytes:55
14:37:19.0 (3656378)|METHOD_ENTRY|[1]|01p1N000005h4aa|SendOTPController.SendOTPController()
14:37:19.0 (3662342)|STATEMENT_EXECUTE|[1]
14:37:19.0 (3668202)|STATEMENT_EXECUTE|[1]
14:37:19.0 (3671231)|METHOD_EXIT|[1]|SendOTPController
14:37:19.0 (3681266)|STATEMENT_EXECUTE|[23]
14:37:19.0 (3682422)|STATEMENT_EXECUTE|[25]
14:37:19.0 (3701861)|HEAP_ALLOCATE|[25]|Bytes:4
14:37:19.0 (3714417)|VARIABLE_SCOPE_BEGIN|[25]|result|Map<String,String>|true|false
14:37:19.0 (3755096)|VARIABLE_ASSIGNMENT|[25]|result|{}|0x7faeadf3
14:37:19.0 (3758691)|STATEMENT_EXECUTE|[27]
14:37:19.0 (3760123)|HEAP_ALLOCATE|[27]|Bytes:54
14:37:19.0 (3765704)|HEAP_ALLOCATE|[27]|Bytes:4
14:37:19.0 (3785406)|HEAP_ALLOCATE|[68]|Bytes:5
14:37:19.0 (3807428)|HEAP_ALLOCATE|[74]|Bytes:5
14:37:19.0 (3811905)|HEAP_ALLOCATE|[82]|Bytes:7
14:37:19.0 (4878306)|SOQL_EXECUTE_BEGIN|[27]|Aggregations:0|SELECT Servicio__c FROM Configuracion_OTP__mdt LIMIT 1
14:37:19.0 (9797146)|SOQL_EXECUTE_END|[27]|Rows:1
14:37:19.0 (9827339)|HEAP_ALLOCATE|[27]|Bytes:8
14:37:19.0 (9847327)|HEAP_ALLOCATE|[27]|Bytes:57
14:37:19.0 (9962250)|HEAP_ALLOCATE|[27]|Bytes:8
14:37:19.0 (9979255)|HEAP_ALLOCATE|[27]|Bytes:48
14:37:19.0 (10041435)|HEAP_ALLOCATE|[27]|Bytes:12
14:37:19.0 (10048212)|VARIABLE_SCOPE_BEGIN|[27]|configuracionOTP|Configuracion_OTP__mdt|true|false
14:37:19.0 (10118705)|VARIABLE_ASSIGNMENT|[27]|configuracionOTP|{"Servicio__c":"Microservicio","Id":"m0B0v000000902rEAA"}|0xae3c2d0
14:37:19.0 (10125147)|STATEMENT_EXECUTE|[29]
14:37:19.0 (10149190)|VARIABLE_SCOPE_BEGIN|[29]|servicio|String|false|false
14:37:19.0 (10155667)|VARIABLE_ASSIGNMENT|[29]|servicio|"Microservicio"
14:37:19.0 (10158250)|STATEMENT_EXECUTE|[31]
14:37:19.0 (10159773)|HEAP_ALLOCATE|[31]|Bytes:11
14:37:19.0 (10176840)|HEAP_ALLOCATE|[31]|Bytes:24
14:37:19.0 (10221646)|USER_DEBUG|[31]|DEBUG|Servicio:  Microservicio
14:37:19.0 (10227851)|STATEMENT_EXECUTE|[33]
14:37:19.0 (10229332)|HEAP_ALLOCATE|[33]|Bytes:8
14:37:19.0 (10268747)|HEAP_ALLOCATE|[EXTERNAL]|Bytes:-4
14:37:19.0 (10273742)|STATEMENT_EXECUTE|[35]
14:37:19.10 (10318295)|CUMULATIVE_LIMIT_USAGE
14:37:19.10 (10318295)|LIMIT_USAGE_FOR_NS|(default)|
  Number of SOQL queries: 0 out of 100
  Number of query rows: 1 out of 50000
  Number of SOSL queries: 0 out of 20
  Number of DML statements: 0 out of 150
  Number of Publish Immediate DML: 0 out of 150
  Number of DML rows: 0 out of 10000
  Maximum CPU time: 0 out of 10000
  Maximum heap size: 0 out of 6000000
  Number of callouts: 0 out of 100
  Number of Email Invocations: 0 out of 10
  Number of future calls: 0 out of 50
  Number of queueable jobs added to the queue: 0 out of 50
  Number of Mobile Apex push calls: 0 out of 10

14:37:19.10 (10318295)|CUMULATIVE_LIMIT_USAGE_END

14:37:19.0 (10339620)|CODE_UNIT_FINISHED|SendOTPController.obtenerConfiguracionServicio()
14:37:19.0 (10519179)|CODE_UNIT_FINISHED|apex://SendOTPController/ACTION$obtenerConfiguracionServicio
14:37:19.0 (10523811)|EXECUTION_FINISHED
