67.0 APEX_CODE,FINEST;APEX_PROFILING,INFO;CALLOUT,INFO;DATA_ACCESS,INFO;DB,INFO;NBA,INFO;SYSTEM,DEBUG;VALIDATION,INFO;VISUALFORCE,INFO;WAVE,INFO;WORKFLOW,INFO
13:00:21.0 (243967)|USER_INFO|[EXTERNAL]|005Qg000002VBqt|jlandav@falabella.com.mx|(GMT-06:00) Central Standard Time (America/Mexico_City)|GMT-06:00
13:00:21.0 (321035)|EXECUTION_STARTED
13:00:21.0 (345092)|CODE_UNIT_STARTED|[EXTERNAL]|apex://CasosControllerExtension/ACTION$obtenerCasosCerrados
13:00:21.0 (1139518)|CODE_UNIT_STARTED|[EXTERNAL]|01p3l000005qcOV|CasosControllerExtension.obtenerCasosCerrados()
13:00:21.0 (1228985)|VARIABLE_SCOPE_BEGIN|[21]|CasosControllerExtension.QUEUE_CREDITO_FRAUDES|String|false|true
13:00:21.0 (1280134)|VARIABLE_SCOPE_BEGIN|[20]|CasosControllerExtension.RT_FIGITAL|String|false|true
13:00:21.0 (1286434)|VARIABLE_SCOPE_BEGIN|[19]|CasosControllerExtension.RT_RIESGOS|String|false|true
13:00:21.0 (1292008)|VARIABLE_SCOPE_BEGIN|[17]|CasosControllerExtension.ST_ASIGNADA|String|false|true
13:00:21.0 (1296823)|VARIABLE_SCOPE_BEGIN|[15]|CasosControllerExtension.ST_AUTORIZADA|String|false|true
13:00:21.0 (1303109)|VARIABLE_SCOPE_BEGIN|[18]|CasosControllerExtension.ST_CERRADO|String|false|true
13:00:21.0 (1306953)|VARIABLE_SCOPE_BEGIN|[16]|CasosControllerExtension.ST_NUEVO|String|false|true
13:00:21.0 (1470622)|HEAP_ALLOCATE|[95]|Bytes:3
13:00:21.0 (1507495)|HEAP_ALLOCATE|[100]|Bytes:152
13:00:21.0 (1519853)|HEAP_ALLOCATE|[417]|Bytes:408
13:00:21.0 (1529763)|HEAP_ALLOCATE|[430]|Bytes:408
13:00:21.0 (1547988)|HEAP_ALLOCATE|[317]|Bytes:6
13:00:21.0 (1558830)|HEAP_ALLOCATE|[EXTERNAL]|Bytes:11
13:00:21.0 (1580219)|METHOD_ENTRY|[13]|01p3l000005qcOV|CasosControllerExtension.CasosControllerExtension()
13:00:21.0 (1585620)|STATEMENT_EXECUTE|[13]
13:00:21.0 (1590128)|STATEMENT_EXECUTE|[13]
13:00:21.0 (1607102)|HEAP_ALLOCATE|[68]|Bytes:5
13:00:21.0 (1626803)|HEAP_ALLOCATE|[74]|Bytes:5
13:00:21.0 (1631570)|HEAP_ALLOCATE|[82]|Bytes:7
13:00:21.0 (1647353)|HEAP_ALLOCATE|[15]|Bytes:5
13:00:21.0 (1650478)|STATEMENT_EXECUTE|[15]
13:00:21.0 (1652303)|HEAP_ALLOCATE|[15]|Bytes:12
13:00:21.0 (1710298)|VARIABLE_ASSIGNMENT|[15]|CasosControllerExtension.ST_AUTORIZADA|"Autorización"
13:00:21.0 (1714527)|STATEMENT_EXECUTE|[16]
13:00:21.0 (1715865)|HEAP_ALLOCATE|[16]|Bytes:3
13:00:21.0 (1721292)|VARIABLE_ASSIGNMENT|[16]|CasosControllerExtension.ST_NUEVO|"New"
13:00:21.0 (1723769)|STATEMENT_EXECUTE|[17]
13:00:21.0 (1724955)|HEAP_ALLOCATE|[17]|Bytes:8
13:00:21.0 (1729144)|VARIABLE_ASSIGNMENT|[17]|CasosControllerExtension.ST_ASIGNADA|"Asignada"
13:00:21.0 (1731503)|STATEMENT_EXECUTE|[18]
13:00:21.0 (1732443)|HEAP_ALLOCATE|[18]|Bytes:7
13:00:21.0 (1736258)|VARIABLE_ASSIGNMENT|[18]|CasosControllerExtension.ST_CERRADO|"Cerrado"
13:00:21.0 (1738466)|STATEMENT_EXECUTE|[19]
13:00:21.0 (1739628)|HEAP_ALLOCATE|[19]|Bytes:19
13:00:21.0 (1743828)|VARIABLE_ASSIGNMENT|[19]|CasosControllerExtension.RT_RIESGOS|"Riesgos_Originaci_n"
13:00:21.0 (1746209)|STATEMENT_EXECUTE|[20]
13:00:21.0 (1747235)|HEAP_ALLOCATE|[20]|Bytes:18
13:00:21.0 (1751605)|VARIABLE_ASSIGNMENT|[20]|CasosControllerExtension.RT_FIGITAL|"BackOffice_Figital"
13:00:21.0 (1753701)|STATEMENT_EXECUTE|[21]
13:00:21.0 (1754729)|HEAP_ALLOCATE|[21]|Bytes:26
13:00:21.0 (1760579)|VARIABLE_ASSIGNMENT|[21]|CasosControllerExtension.QUEUE_CREDITO_FRAUDES|"BackOffice Credito/F (6 more) ..."
13:00:21.0 (1770892)|METHOD_EXIT|[13]|CasosControllerExtension
13:00:21.0 (1781210)|HEAP_ALLOCATE|[94]|Bytes:5
13:00:21.0 (1783483)|STATEMENT_EXECUTE|[92]
13:00:21.0 (1784223)|STATEMENT_EXECUTE|[94]
13:00:21.0 (1785722)|HEAP_ALLOCATE|[94]|Bytes:4
13:00:21.0 (1963812)|HEAP_ALLOCATE|[94]|Bytes:4
13:00:21.0 (3025572)|HEAP_ALLOCATE|[94]|Bytes:408
13:00:21.0 (3096306)|HEAP_ALLOCATE|[94]|Bytes:4
13:00:21.0 (3110172)|HEAP_ALLOCATE|[94]|Bytes:18
13:00:21.0 (3115378)|VARIABLE_SCOPE_BEGIN|[94]|idRecordTypeCredito|String|false|false
13:00:21.0 (3135050)|VARIABLE_ASSIGNMENT|[94]|idRecordTypeCredito|"0123l000001M9F8AAK"
13:00:21.0 (3138772)|STATEMENT_EXECUTE|[95]
13:00:21.0 (3234246)|HEAP_ALLOCATE|[95]|Bytes:4
13:00:21.0 (4234543)|HEAP_ALLOCATE|[95]|Bytes:408
13:00:21.0 (4272643)|HEAP_ALLOCATE|[95]|Bytes:4
13:00:21.0 (4279500)|HEAP_ALLOCATE|[95]|Bytes:18
13:00:21.0 (4283686)|VARIABLE_SCOPE_BEGIN|[95]|idRecordTypeFigital|String|false|false
13:00:21.0 (4298314)|VARIABLE_ASSIGNMENT|[95]|idRecordTypeFigital|"0123l0000019LkKAAU"
13:00:21.0 (4301340)|STATEMENT_EXECUTE|[97]
13:00:21.0 (4304198)|HEAP_ALLOCATE|[97]|Bytes:151
13:00:21.0 (4316487)|HEAP_ALLOCATE|[97]|Bytes:4
13:00:21.0 (4324563)|HEAP_ALLOCATE|[97]|Bytes:7
13:00:21.0 (4337078)|HEAP_ALLOCATE|[97]|Bytes:7
13:00:21.0 (4340495)|HEAP_ALLOCATE|[97]|Bytes:7
13:00:21.0 (4878048)|SOQL_EXECUTE_BEGIN|[97]|Aggregations:0|SELECT Id, CreatedDate, ClosedDate FROM Case WHERE (Status = :tmpVar1 AND CreatedDate = TODAY AND (RecordTypeId = :tmpVar2 OR RecordTypeId = :tmpVar3))
13:00:21.0 (18846618)|SOQL_EXECUTE_END|[97]|Rows:27
13:00:21.0 (18888880)|HEAP_ALLOCATE|[97]|Bytes:112
13:00:21.0 (18936259)|HEAP_ALLOCATE|[97]|Bytes:1782
13:00:21.0 (18996434)|HEAP_ALLOCATE|[97]|Bytes:112
13:00:21.0 (19025156)|VARIABLE_SCOPE_BEGIN|[97]|listaCasosCerrados|List<Case>|true|false
13:00:21.0 (19067760)|VARIABLE_ASSIGNMENT|[97]|listaCasosCerrados|"List of size 27 too large to display"|0x36517bf4
13:00:21.0 (19075347)|STATEMENT_EXECUTE|[99]
13:00:21.19 (19155684)|CUMULATIVE_LIMIT_USAGE
13:00:21.19 (19155684)|LIMIT_USAGE_FOR_NS|(default)|
  Number of SOQL queries: 1 out of 100
  Number of query rows: 27 out of 50000
  Number of SOSL queries: 0 out of 20
  Number of DML statements: 0 out of 150
  Number of Publish Immediate DML: 0 out of 150
  Number of DML rows: 0 out of 10000
  Maximum CPU time: 0 out of 10000
  Maximum heap size: 0 out of 6000000
  Number of callouts: 0 out of 100
  Number of Email Invocations: 0 out of 10
  Number of future calls: 0 out of 50
  Number of queueable jobs added to the queue: 0 out of 50
  Number of Mobile Apex push calls: 0 out of 10

13:00:21.19 (19155684)|CUMULATIVE_LIMIT_USAGE_END

13:00:21.0 (19260780)|CODE_UNIT_FINISHED|CasosControllerExtension.obtenerCasosCerrados()
13:00:21.0 (19656735)|CODE_UNIT_FINISHED|apex://CasosControllerExtension/ACTION$obtenerCasosCerrados
13:00:21.0 (19675638)|EXECUTION_FINISHED
