67.0 APEX_CODE,FINEST;APEX_PROFILING,INFO;CALLOUT,INFO;DATA_ACCESS,INFO;DB,INFO;NBA,INFO;SYSTEM,DEBUG;VALIDATION,INFO;VISUALFORCE,INFO;WAVE,INFO;WORKFLOW,INFO
12:21:24.0 (406375)|USER_INFO|[EXTERNAL]|0051N000005gvau|etrevinofalabella@izeicg.com.uat|(GMT-06:00) Central Standard Time (America/Mexico_City)|GMT-06:00
12:21:24.0 (484914)|EXECUTION_STARTED
12:21:24.0 (494821)|CODE_UNIT_STARTED|[EXTERNAL]|apex://SendOTPController/ACTION$obtenerConfiguracionServicio
12:21:24.0 (3554938)|CODE_UNIT_STARTED|[EXTERNAL]|01p1N000005h4aa|SendOTPController.obtenerConfiguracionServicio()
12:21:24.0 (3889421)|HEAP_ALLOCATE|[95]|Bytes:3
12:21:24.0 (3990700)|HEAP_ALLOCATE|[100]|Bytes:152
12:21:24.0 (4013218)|HEAP_ALLOCATE|[417]|Bytes:408
12:21:24.0 (4033270)|HEAP_ALLOCATE|[430]|Bytes:408
12:21:24.0 (4063834)|HEAP_ALLOCATE|[317]|Bytes:6
12:21:24.0 (4078941)|HEAP_ALLOCATE|[EXTERNAL]|Bytes:21
12:21:24.0 (4083913)|HEAP_ALLOCATE|[EXTERNAL]|Bytes:55
12:21:24.0 (4099750)|METHOD_ENTRY|[1]|01p1N000005h4aa|SendOTPController.SendOTPController()
12:21:24.0 (4110218)|STATEMENT_EXECUTE|[1]
12:21:24.0 (4116664)|STATEMENT_EXECUTE|[1]
12:21:24.0 (4122131)|METHOD_EXIT|[1]|SendOTPController
12:21:24.0 (4132490)|STATEMENT_EXECUTE|[23]
12:21:24.0 (4134132)|STATEMENT_EXECUTE|[25]
12:21:24.0 (4150912)|HEAP_ALLOCATE|[25]|Bytes:4
12:21:24.0 (4165040)|VARIABLE_SCOPE_BEGIN|[25]|result|Map<String,String>|true|false
12:21:24.0 (4246888)|VARIABLE_ASSIGNMENT|[25]|result|{}|0xcc46adc
12:21:24.0 (4253371)|STATEMENT_EXECUTE|[27]
12:21:24.0 (4255460)|HEAP_ALLOCATE|[27]|Bytes:54
12:21:24.0 (4265843)|HEAP_ALLOCATE|[27]|Bytes:4
12:21:24.0 (4294084)|HEAP_ALLOCATE|[68]|Bytes:5
12:21:24.0 (4319050)|HEAP_ALLOCATE|[74]|Bytes:5
12:21:24.0 (4326131)|HEAP_ALLOCATE|[82]|Bytes:7
12:21:24.0 (6207407)|SOQL_EXECUTE_BEGIN|[27]|Aggregations:0|SELECT Servicio__c FROM Configuracion_OTP__mdt LIMIT 1
12:21:24.0 (13905045)|SOQL_EXECUTE_END|[27]|Rows:1
12:21:24.0 (13933037)|HEAP_ALLOCATE|[27]|Bytes:8
12:21:24.0 (13949500)|HEAP_ALLOCATE|[27]|Bytes:57
12:21:24.0 (14055115)|HEAP_ALLOCATE|[27]|Bytes:8
12:21:24.0 (14070880)|HEAP_ALLOCATE|[27]|Bytes:48
12:21:24.0 (14132912)|HEAP_ALLOCATE|[27]|Bytes:12
12:21:24.0 (14138403)|VARIABLE_SCOPE_BEGIN|[27]|configuracionOTP|Configuracion_OTP__mdt|true|false
12:21:24.0 (14237229)|VARIABLE_ASSIGNMENT|[27]|configuracionOTP|{"Servicio__c":"Microservicio","Id":"m0B0v000000902rEAA"}|0x56303aa5
12:21:24.0 (14249164)|STATEMENT_EXECUTE|[29]
12:21:24.0 (14276899)|VARIABLE_SCOPE_BEGIN|[29]|servicio|String|false|false
12:21:24.0 (14283521)|VARIABLE_ASSIGNMENT|[29]|servicio|"Microservicio"
12:21:24.0 (14285947)|STATEMENT_EXECUTE|[31]
12:21:24.0 (14287728)|HEAP_ALLOCATE|[31]|Bytes:11
12:21:24.0 (14303318)|HEAP_ALLOCATE|[31]|Bytes:24
12:21:24.0 (14366604)|USER_DEBUG|[31]|DEBUG|Servicio:  Microservicio
12:21:24.0 (14376192)|STATEMENT_EXECUTE|[33]
12:21:24.0 (14377477)|HEAP_ALLOCATE|[33]|Bytes:8
12:21:24.0 (14426997)|HEAP_ALLOCATE|[EXTERNAL]|Bytes:-4
12:21:24.0 (14436211)|STATEMENT_EXECUTE|[35]
12:21:24.14 (14518693)|CUMULATIVE_LIMIT_USAGE
12:21:24.14 (14518693)|LIMIT_USAGE_FOR_NS|(default)|
  Number of SOQL queries: 0 out of 100
  Number of query rows: 1 out of 50000
  Number of SOSL queries: 0 out of 20
  Number of DML statements: 0 out of 150
  Number of Publish Immediate DML: 0 out of 150
  Number of DML rows: 0 out of 10000
  Maximum CPU time: 0 out of 10000
  Maximum heap size: 0 out of 6000000
  Number of callouts: 0 out of 100
  Number of Email Invocations: 0 out of 10
  Number of future calls: 0 out of 50
  Number of queueable jobs added to the queue: 0 out of 50
  Number of Mobile Apex push calls: 0 out of 10

12:21:24.14 (14518693)|CUMULATIVE_LIMIT_USAGE_END

12:21:24.0 (14559047)|CODE_UNIT_FINISHED|SendOTPController.obtenerConfiguracionServicio()
12:21:24.0 (14827534)|CODE_UNIT_FINISHED|apex://SendOTPController/ACTION$obtenerConfiguracionServicio
12:21:24.0 (14840195)|EXECUTION_FINISHED
