66.0 APEX_CODE,FINEST;APEX_PROFILING,INFO;CALLOUT,INFO;DATA_ACCESS,INFO;DB,INFO;NBA,INFO;SYSTEM,DEBUG;VALIDATION,INFO;VISUALFORCE,INFO;WAVE,INFO;WORKFLOW,INFO
14:50:37.0 (263295)|USER_INFO|[EXTERNAL]|0051N000005gvau|etrevinofalabella@izeicg.com.uat|(GMT-06:00) Central Standard Time (America/Mexico_City)|GMT-06:00
14:50:37.0 (298517)|EXECUTION_STARTED
14:50:37.0 (307126)|CODE_UNIT_STARTED|[EXTERNAL]|apex://PickListCaseOriginController/ACTION$getUserInfo
14:50:37.0 (4078872)|CODE_UNIT_STARTED|[EXTERNAL]|01p0v000003UL1s|PickListCaseOriginController.getUserInfo()
14:50:37.0 (4302915)|HEAP_ALLOCATE|[95]|Bytes:3
14:50:37.0 (4364916)|HEAP_ALLOCATE|[100]|Bytes:152
14:50:37.0 (4379915)|HEAP_ALLOCATE|[417]|Bytes:408
14:50:37.0 (4390896)|HEAP_ALLOCATE|[430]|Bytes:408
14:50:37.0 (4408798)|HEAP_ALLOCATE|[317]|Bytes:6
14:50:37.0 (4418285)|HEAP_ALLOCATE|[EXTERNAL]|Bytes:5
14:50:37.0 (4421428)|HEAP_ALLOCATE|[EXTERNAL]|Bytes:2
14:50:37.0 (4428739)|METHOD_ENTRY|[11]|01p0v000003UL1s|PickListCaseOriginController.PickListCaseOriginController()
14:50:37.0 (4433780)|STATEMENT_EXECUTE|[11]
14:50:37.0 (4440030)|STATEMENT_EXECUTE|[11]
14:50:37.0 (4443154)|METHOD_EXIT|[11]|PickListCaseOriginController
14:50:37.0 (4452226)|STATEMENT_EXECUTE|[18]
14:50:37.0 (4453268)|STATEMENT_EXECUTE|[20]
14:50:37.0 (4467695)|HEAP_ALLOCATE|[20]|Bytes:4
14:50:37.0 (4479885)|VARIABLE_SCOPE_BEGIN|[20]|mapResult|Map<String,ANY>|true|false
14:50:37.0 (4523479)|VARIABLE_ASSIGNMENT|[20]|mapResult|{}|0x66f39ca0
14:50:37.0 (4528624)|STATEMENT_EXECUTE|[21]
14:50:37.0 (4549584)|HEAP_ALLOCATE|[68]|Bytes:5
14:50:37.0 (4569886)|HEAP_ALLOCATE|[74]|Bytes:5
14:50:37.0 (4574665)|HEAP_ALLOCATE|[82]|Bytes:7
14:50:37.0 (4580531)|VARIABLE_SCOPE_BEGIN|[21]|success|Boolean|false|false
14:50:37.0 (4723616)|HEAP_ALLOCATE|[21]|Bytes:5
14:50:37.0 (4731393)|VARIABLE_ASSIGNMENT|[21]|success|false
14:50:37.0 (4734099)|STATEMENT_EXECUTE|[23]
14:50:37.0 (4735614)|HEAP_ALLOCATE|[23]|Bytes:49
14:50:37.0 (4742849)|HEAP_ALLOCATE|[23]|Bytes:4
14:50:37.0 (4747143)|HEAP_ALLOCATE|[23]|Bytes:7
14:50:37.0 (4776405)|HEAP_ALLOCATE|[23]|Bytes:105
14:50:37.0 (4782234)|SYSTEM_METHOD_ENTRY|[1]|UserInfo.UserInfo()
14:50:37.0 (4784316)|STATEMENT_EXECUTE|[1]
14:50:37.0 (4789119)|SYSTEM_METHOD_EXIT|[1]|UserInfo
14:50:37.0 (4797154)|METHOD_ENTRY|[23]||System.UserInfo.getUserId()
14:50:37.0 (8459753)|METHOD_EXIT|[23]||System.UserInfo.getUserId()
14:50:37.0 (11307429)|SOQL_EXECUTE_BEGIN|[23]|Aggregations:0|SELECT Profile.Name FROM User WHERE Id = :tmpVar1
14:50:37.0 (20807080)|SOQL_EXECUTE_END|[23]|Rows:1
14:50:37.0 (20834599)|HEAP_ALLOCATE|[23]|Bytes:8
14:50:37.0 (20856124)|HEAP_ALLOCATE|[23]|Bytes:127
14:50:37.0 (20956634)|HEAP_ALLOCATE|[23]|Bytes:8
14:50:37.0 (20970538)|VARIABLE_SCOPE_BEGIN|[23]|lstUsers|List<User>|true|false
14:50:37.0 (37523660)|VARIABLE_ASSIGNMENT|[23]|lstUsers|[{"ProfileId":"00e1N000001u1HIQAY","Profile":{"Name":"System Administrator","Id":"00e1N000001u1HIQAY"},"Id":"0051N000005gvauQAA"}]|0x31af422a
14:50:37.0 (37623749)|STATEMENT_EXECUTE|[25]
14:50:37.0 (37625369)|STATEMENT_EXECUTE|[27]
14:50:37.0 (37629810)|HEAP_ALLOCATE|[27]|Bytes:11
14:50:37.0 (37660104)|HEAP_ALLOCATE|[27]|Bytes:16
14:50:37.0 (37741819)|HEAP_ALLOCATE|[EXTERNAL]|Bytes:-4
14:50:37.0 (37747393)|STATEMENT_EXECUTE|[29]
14:50:37.0 (37756319)|HEAP_ALLOCATE|[29]|Bytes:5
14:50:37.0 (37763419)|VARIABLE_ASSIGNMENT|[29]|success|true
14:50:37.0 (37766579)|STATEMENT_EXECUTE|[32]
14:50:37.0 (37768052)|HEAP_ALLOCATE|[32]|Bytes:7
14:50:37.0 (37777185)|HEAP_ALLOCATE|[32]|Bytes:5
14:50:37.0 (37779903)|HEAP_ALLOCATE|[EXTERNAL]|Bytes:-4
14:50:37.0 (37783020)|STATEMENT_EXECUTE|[34]
14:50:37.37 (37825464)|CUMULATIVE_LIMIT_USAGE
14:50:37.37 (37825464)|LIMIT_USAGE_FOR_NS|(default)|
  Number of SOQL queries: 1 out of 100
  Number of query rows: 1 out of 50000
  Number of SOSL queries: 0 out of 20
  Number of DML statements: 0 out of 150
  Number of Publish Immediate DML: 0 out of 150
  Number of DML rows: 0 out of 10000
  Maximum CPU time: 0 out of 10000
  Maximum heap size: 0 out of 6000000
  Number of callouts: 0 out of 100
  Number of Email Invocations: 0 out of 10
  Number of future calls: 0 out of 50
  Number of queueable jobs added to the queue: 0 out of 50
  Number of Mobile Apex push calls: 0 out of 10

14:50:37.37 (37825464)|CUMULATIVE_LIMIT_USAGE_END

14:50:37.0 (37844544)|CODE_UNIT_FINISHED|PickListCaseOriginController.getUserInfo()
14:50:37.0 (38002394)|CODE_UNIT_FINISHED|apex://PickListCaseOriginController/ACTION$getUserInfo
14:50:37.0 (38007832)|EXECUTION_FINISHED
