66.0 APEX_CODE,FINEST;APEX_PROFILING,INFO;CALLOUT,INFO;DATA_ACCESS,INFO;DB,INFO;NBA,INFO;SYSTEM,DEBUG;VALIDATION,INFO;VISUALFORCE,INFO;WAVE,INFO;WORKFLOW,INFO
14:37:20.0 (116311)|USER_INFO|[EXTERNAL]|0051N000005gvau|etrevinofalabella@izeicg.com.uat|(GMT-06:00) Central Standard Time (America/Mexico_City)|GMT-06:00
14:37:20.0 (149847)|EXECUTION_STARTED
14:37:20.0 (156778)|CODE_UNIT_STARTED|[EXTERNAL]|apex://validateQuestionsController/ACTION$getValidateQuestionsTry
14:37:20.0 (2761349)|CODE_UNIT_STARTED|[EXTERNAL]|01p0v000003Gv5u|validateQuestionsController.getValidateQuestionsTry(String, String, String)
14:37:20.0 (2936648)|HEAP_ALLOCATE|[95]|Bytes:3
14:37:20.0 (2993205)|HEAP_ALLOCATE|[100]|Bytes:152
14:37:20.0 (3003739)|HEAP_ALLOCATE|[417]|Bytes:408
14:37:20.0 (3014619)|HEAP_ALLOCATE|[430]|Bytes:408
14:37:20.0 (3031809)|HEAP_ALLOCATE|[317]|Bytes:6
14:37:20.0 (3040844)|HEAP_ALLOCATE|[EXTERNAL]|Bytes:27
14:37:20.0 (3043694)|HEAP_ALLOCATE|[EXTERNAL]|Bytes:11
14:37:20.0 (3050549)|METHOD_ENTRY|[15]|01p0v000003Gv5u|validateQuestionsController.validateQuestionsController()
14:37:20.0 (3056152)|STATEMENT_EXECUTE|[15]
14:37:20.0 (3061757)|STATEMENT_EXECUTE|[15]
14:37:20.0 (3064338)|METHOD_EXIT|[15]|validateQuestionsController
14:37:20.0 (3067949)|HEAP_ALLOCATE|[EXTERNAL]|Bytes:17
14:37:20.0 (3069706)|HEAP_ALLOCATE|[EXTERNAL]|Bytes:20
14:37:20.0 (3071127)|HEAP_ALLOCATE|[EXTERNAL]|Bytes:19
14:37:20.0 (3078653)|VARIABLE_SCOPE_BEGIN|[25]|tipoDeIntento|String|false|false
14:37:20.0 (3115742)|VARIABLE_ASSIGNMENT|[25]|tipoDeIntento|"validateQuestions"
14:37:20.0 (3118731)|VARIABLE_SCOPE_BEGIN|[25]|rangoDiasVencimiento|String|false|false
14:37:20.0 (3123416)|VARIABLE_ASSIGNMENT|[25]|rangoDiasVencimiento|"rangoDiasVencimiento"
14:37:20.0 (3125602)|VARIABLE_SCOPE_BEGIN|[25]|rangoDiasUltimoPago|String|false|false
14:37:20.0 (3130375)|VARIABLE_ASSIGNMENT|[25]|rangoDiasUltimoPago|"rangoDiasUltimoPago"
14:37:20.0 (3137305)|STATEMENT_EXECUTE|[25]
14:37:20.0 (3138303)|STATEMENT_EXECUTE|[28]
14:37:20.0 (3149581)|HEAP_ALLOCATE|[28]|Bytes:4
14:37:20.0 (3159092)|VARIABLE_SCOPE_BEGIN|[28]|mapResult|Map<String,Integer>|true|false
14:37:20.0 (3174153)|VARIABLE_ASSIGNMENT|[28]|mapResult|{}|0x7ddff12e
14:37:20.0 (3177230)|STATEMENT_EXECUTE|[30]
14:37:20.0 (3199379)|HEAP_ALLOCATE|[30]|Bytes:4
14:37:20.0 (3235585)|VARIABLE_SCOPE_BEGIN|[30]|listRegistros|List<String>|true|false
14:37:20.0 (3260264)|HEAP_ALLOCATE|[EXTERNAL]|Bytes:16
14:37:20.0 (3271354)|VARIABLE_ASSIGNMENT|[30]|listRegistros|["validateQuestions","rangoDiasVencimiento","rangoDiasUltimoPago"]|0x39cf487
14:37:20.0 (3274635)|STATEMENT_EXECUTE|[32]
14:37:20.0 (3276414)|HEAP_ALLOCATE|[32]|Bytes:94
14:37:20.0 (3283307)|HEAP_ALLOCATE|[32]|Bytes:4
14:37:20.0 (3288258)|HEAP_ALLOCATE|[32]|Bytes:7
14:37:20.0 (3316255)|HEAP_ALLOCATE|[68]|Bytes:5
14:37:20.0 (3344059)|HEAP_ALLOCATE|[74]|Bytes:5
14:37:20.0 (3351409)|HEAP_ALLOCATE|[82]|Bytes:7
14:37:20.0 (5026912)|SOQL_EXECUTE_BEGIN|[32]|Aggregations:0|SELECT Intentos__c, MasterLabel FROM Intentos_de_Validacion__mdt WHERE MasterLabel IN :tmpVar1
14:37:20.0 (9067863)|SOQL_EXECUTE_END|[32]|Rows:3
14:37:20.0 (9101432)|HEAP_ALLOCATE|[32]|Bytes:16
14:37:20.0 (9121161)|HEAP_ALLOCATE|[32]|Bytes:341
14:37:20.0 (9190126)|HEAP_ALLOCATE|[32]|Bytes:16
14:37:20.0 (9242597)|VARIABLE_SCOPE_BEGIN|[32]|intentos|List<Intentos_de_Validacion__mdt>|true|false
14:37:20.0 (9392074)|VARIABLE_ASSIGNMENT|[32]|intentos|[{"MasterLabel":"rangoDiasUltimoPago","Intentos__c":3.0,"Id":"m0A0v0000001S55EAE"},{"MasterLabel":"rangoDiasVencimiento","Intentos__c":1.0,"Id":"m0A0v0000001S56EAE"},{"MasterLabel":"validateQuestions","Intentos__c":1.0,"Id":"m0A0v0000009kdiEAA"}]|0x17c94f81
14:37:20.0 (9842492)|HEAP_ALLOCATE|[37]|Bytes:5
14:37:20.0 (9895142)|HEAP_ALLOCATE|[37]|Bytes:16
14:37:20.0 (9906397)|VARIABLE_SCOPE_BEGIN|[37]|intVal|Intentos_de_Validacion__mdt|true|false
14:37:20.0 (9981097)|VARIABLE_ASSIGNMENT|[37]|intVal|{"MasterLabel":"rangoDiasUltimoPago","Intentos__c":3.0,"Id":"m0A0v0000001S55EAE"}|0x4e11801
14:37:20.0 (9991702)|STATEMENT_EXECUTE|[37]
14:37:20.0 (10065565)|STATEMENT_EXECUTE|[47]
14:37:20.0 (10069232)|STATEMENT_EXECUTE|[49]
14:37:20.0 (10208029)|HEAP_ALLOCATE|[49]|Bytes:4
14:37:20.0 (10218317)|HEAP_ALLOCATE|[EXTERNAL]|Bytes:-4
14:37:20.0 (10231380)|HEAP_ALLOCATE|[37]|Bytes:5
14:37:20.0 (10241653)|HEAP_ALLOCATE|[37]|Bytes:16
14:37:20.0 (10247094)|VARIABLE_SCOPE_BEGIN|[37]|intVal|Intentos_de_Validacion__mdt|true|false
14:37:20.0 (10288154)|VARIABLE_ASSIGNMENT|[37]|intVal|{"MasterLabel":"rangoDiasVencimiento","Intentos__c":1.0,"Id":"m0A0v0000001S56EAE"}|0x4d27cb8e
14:37:20.0 (10292330)|STATEMENT_EXECUTE|[37]
14:37:20.0 (10304128)|STATEMENT_EXECUTE|[43]
14:37:20.0 (10305162)|STATEMENT_EXECUTE|[45]
14:37:20.0 (10330289)|HEAP_ALLOCATE|[45]|Bytes:4
14:37:20.0 (10333486)|HEAP_ALLOCATE|[EXTERNAL]|Bytes:-4
14:37:20.0 (10339240)|HEAP_ALLOCATE|[37]|Bytes:5
14:37:20.0 (10344058)|HEAP_ALLOCATE|[37]|Bytes:16
14:37:20.0 (10346932)|VARIABLE_SCOPE_BEGIN|[37]|intVal|Intentos_de_Validacion__mdt|true|false
14:37:20.0 (10365701)|VARIABLE_ASSIGNMENT|[37]|intVal|{"MasterLabel":"validateQuestions","Intentos__c":1.0,"Id":"m0A0v0000009kdiEAA"}|0x5b37151d
14:37:20.0 (10369333)|STATEMENT_EXECUTE|[37]
14:37:20.0 (10373552)|STATEMENT_EXECUTE|[39]
14:37:20.0 (10374547)|STATEMENT_EXECUTE|[41]
14:37:20.0 (10388363)|HEAP_ALLOCATE|[41]|Bytes:4
14:37:20.0 (10391137)|HEAP_ALLOCATE|[EXTERNAL]|Bytes:-4
14:37:20.0 (10395971)|HEAP_ALLOCATE|[37]|Bytes:5
14:37:20.0 (10401739)|VARIABLE_ASSIGNMENT|[37]|intVal|null|
14:37:20.0 (10404674)|STATEMENT_EXECUTE|[54]
14:37:20.10 (10448323)|CUMULATIVE_LIMIT_USAGE
14:37:20.10 (10448323)|LIMIT_USAGE_FOR_NS|(default)|
  Number of SOQL queries: 0 out of 100
  Number of query rows: 3 out of 50000
  Number of SOSL queries: 0 out of 20
  Number of DML statements: 0 out of 150
  Number of Publish Immediate DML: 0 out of 150
  Number of DML rows: 0 out of 10000
  Maximum CPU time: 0 out of 10000
  Maximum heap size: 0 out of 6000000
  Number of callouts: 0 out of 100
  Number of Email Invocations: 0 out of 10
  Number of future calls: 0 out of 50
  Number of queueable jobs added to the queue: 0 out of 50
  Number of Mobile Apex push calls: 0 out of 10

14:37:20.10 (10448323)|CUMULATIVE_LIMIT_USAGE_END

14:37:20.0 (10474827)|CODE_UNIT_FINISHED|validateQuestionsController.getValidateQuestionsTry(String, String, String)
14:37:20.0 (10729080)|CODE_UNIT_FINISHED|apex://validateQuestionsController/ACTION$getValidateQuestionsTry
14:37:20.0 (10736535)|EXECUTION_FINISHED
