66.0 APEX_CODE,FINEST;APEX_PROFILING,INFO;CALLOUT,INFO;DATA_ACCESS,INFO;DB,INFO;NBA,INFO;SYSTEM,DEBUG;VALIDATION,INFO;VISUALFORCE,INFO;WAVE,INFO;WORKFLOW,INFO
14:37:23.0 (250878)|USER_INFO|[EXTERNAL]|0051N000005gvau|etrevinofalabella@izeicg.com.uat|(GMT-06:00) Central Standard Time (America/Mexico_City)|GMT-06:00
14:37:23.0 (300765)|EXECUTION_STARTED
14:37:23.0 (313376)|CODE_UNIT_STARTED|[EXTERNAL]|apex://AuthenticateCustomerController/ACTION$getCustomerByCaseId
14:37:23.0 (3118921)|CODE_UNIT_STARTED|[EXTERNAL]|01p1N00000DazLB|AuthenticateCustomerController.getCustomerByCaseId(String)
14:37:23.0 (3262600)|VARIABLE_SCOPE_BEGIN|[19]|AuthenticateCustomerController.BE|String|false|true
14:37:23.0 (3492796)|HEAP_ALLOCATE|[95]|Bytes:3
14:37:23.0 (3543487)|HEAP_ALLOCATE|[100]|Bytes:152
14:37:23.0 (3557474)|HEAP_ALLOCATE|[417]|Bytes:408
14:37:23.0 (3575553)|HEAP_ALLOCATE|[430]|Bytes:408
14:37:23.0 (3602141)|HEAP_ALLOCATE|[317]|Bytes:6
14:37:23.0 (3617319)|HEAP_ALLOCATE|[EXTERNAL]|Bytes:13
14:37:23.0 (3627729)|HEAP_ALLOCATE|[EXTERNAL]|Bytes:70
14:37:23.0 (3630436)|HEAP_ALLOCATE|[EXTERNAL]|Bytes:88
14:37:23.0 (3634159)|HEAP_ALLOCATE|[EXTERNAL]|Bytes:2
14:37:23.0 (3715751)|VARIABLE_ASSIGNMENT|[EXTERNAL]|AuthenticateCustomerController.BE|"BE"
14:37:23.0 (3730201)|METHOD_ENTRY|[17]|01p1N00000DazLB|AuthenticateCustomerController.AuthenticateCustomerController()
14:37:23.0 (3738519)|STATEMENT_EXECUTE|[17]
14:37:23.0 (3746491)|STATEMENT_EXECUTE|[17]
14:37:23.0 (3774369)|HEAP_ALLOCATE|[68]|Bytes:5
14:37:23.0 (3805980)|HEAP_ALLOCATE|[74]|Bytes:5
14:37:23.0 (3812851)|HEAP_ALLOCATE|[82]|Bytes:7
14:37:23.0 (4036627)|HEAP_ALLOCATE|[EXTERNAL]|Bytes:5
14:37:23.0 (4045802)|STATEMENT_EXECUTE|[21]
14:37:23.0 (4057897)|METHOD_EXIT|[17]|AuthenticateCustomerController
14:37:23.0 (4064092)|HEAP_ALLOCATE|[EXTERNAL]|Bytes:18
14:37:23.0 (4076366)|VARIABLE_SCOPE_BEGIN|[433]|caseId|String|false|false
14:37:23.0 (4089097)|VARIABLE_ASSIGNMENT|[433]|caseId|"500Rt00000bd45rIAA"
14:37:23.0 (4099914)|HEAP_ALLOCATE|[435]|Bytes:5
14:37:23.0 (4102612)|STATEMENT_EXECUTE|[433]
14:37:23.0 (4104959)|STATEMENT_EXECUTE|[435]
14:37:23.0 (4106752)|STATEMENT_EXECUTE|[439]
14:37:23.0 (4108334)|HEAP_ALLOCATE|[439]|Bytes:46
14:37:23.0 (4141607)|HEAP_ALLOCATE|[439]|Bytes:4
14:37:23.0 (4155532)|HEAP_ALLOCATE|[439]|Bytes:7
14:37:23.0 (5748749)|SOQL_EXECUTE_BEGIN|[439]|Aggregations:0|SELECT AccountId FROM Case WHERE Id = :tmpVar1
14:37:23.0 (11885492)|SOQL_EXECUTE_END|[439]|Rows:1
14:37:23.0 (11925042)|HEAP_ALLOCATE|[439]|Bytes:8
14:37:23.0 (11948620)|HEAP_ALLOCATE|[439]|Bytes:60
14:37:23.0 (12110622)|HEAP_ALLOCATE|[439]|Bytes:8
14:37:23.0 (12145119)|HEAP_ALLOCATE|[439]|Bytes:30
14:37:23.0 (12239070)|HEAP_ALLOCATE|[439]|Bytes:12
14:37:23.0 (12249976)|VARIABLE_SCOPE_BEGIN|[439]|c|Case|true|false
14:37:23.0 (12332564)|VARIABLE_ASSIGNMENT|[439]|c|{"AccountId":"0010v00000KlWodAAF","Id":"500Rt00000bd45rIAA"}|0x2841b87c
14:37:23.0 (12343067)|STATEMENT_EXECUTE|[441]
14:37:23.0 (12346603)|HEAP_ALLOCATE|[441]|Bytes:2
14:37:23.0 (12511737)|HEAP_ALLOCATE|[441]|Bytes:58
14:37:23.0 (12532998)|HEAP_ALLOCATE|[441]|Bytes:60
14:37:23.0 (12560948)|USER_DEBUG|[441]|DEBUG|c Case:{AccountId=0010v00000KlWodAAF, Id=500Rt00000bd45rIAA}
14:37:23.0 (12570693)|STATEMENT_EXECUTE|[443]
14:37:23.0 (12573263)|HEAP_ALLOCATE|[443]|Bytes:250
14:37:23.0 (12591852)|HEAP_ALLOCATE|[443]|Bytes:4
14:37:23.0 (14040709)|SOQL_EXECUTE_BEGIN|[443]|Aggregations:1|SELECT Id, Campa_a_Actualizaci_n_SORIBAN__c, Cliente_Anonimo__c, Autenticar_Sin_Celular__c, Name, Fecha_de_nacimiento1__c, PersonMobilePhone, Oficina__c, PersonContactId, (SELECT N_mero_de_tarjeta__c FROM Tarjetas__r) FROM Account WHERE Id = :tmpVar1
14:37:23.0 (28741287)|SOQL_EXECUTE_END|[443]|Rows:1
14:37:23.0 (28794625)|HEAP_ALLOCATE|[443]|Bytes:8
14:37:23.0 (28831779)|HEAP_ALLOCATE|[443]|Bytes:388
14:37:23.0 (28946405)|HEAP_ALLOCATE|[443]|Bytes:8
14:37:23.0 (28970881)|HEAP_ALLOCATE|[443]|Bytes:33
14:37:23.0 (29059445)|HEAP_ALLOCATE|[443]|Bytes:44
14:37:23.0 (29072531)|VARIABLE_SCOPE_BEGIN|[443]|acc|Account|true|false
14:37:23.0 (29595332)|VARIABLE_ASSIGNMENT|[443]|acc|{"Autenticar_Sin_Celular__c":false,"Cliente_Anonimo__c":false,"Oficina__c":"1","Tarjetas__r":[{"Account__c":"0010v00000KlWodAAF","N_mero_de_tarjeta__c":"627180******6134","Id":"a010v000003LuSHAA0"}],"Fecha_de_nacimiento1__c":"1990-01-01T00:00:00.000Z","PersonContactId":"0030v00000Em6HNAAZ","PersonMobilePhone":"8126878636","Campa_a_Actualizaci_n_SORIBAN__c":false,"Id":"0010v00000KlWodAAF","Name":"Gonzalo Rios RODRIGU (2 more) ..."}|0x1f2ccfb9
14:37:23.0 (29617335)|STATEMENT_EXECUTE|[446]
14:37:23.0 (29622809)|HEAP_ALLOCATE|[446]|Bytes:9
14:37:23.0 (29804749)|HEAP_ALLOCATE|[446]|Bytes:284
14:37:23.0 (29828632)|HEAP_ALLOCATE|[446]|Bytes:293
14:37:23.0 (29854044)|USER_DEBUG|[446]|DEBUG|case acc Account:{Id=0010v00000KlWodAAF, Campa_a_Actualizaci_n_SORIBAN__c=false, Cliente_Anonimo__c=false, Autenticar_Sin_Celular__c=false, Name=Gonzalo Rios RODRIGUEZ, Fecha_de_nacimiento1__c=1990-01-01 00:00:00, PersonMobilePhone=8126878636, Oficina__c=1, PersonContactId=0030v00000Em6HNAAZ}
14:37:23.0 (29869294)|STATEMENT_EXECUTE|[447]
14:37:23.29 (29950434)|CUMULATIVE_LIMIT_USAGE
14:37:23.29 (29950434)|LIMIT_USAGE_FOR_NS|(default)|
  Number of SOQL queries: 2 out of 100
  Number of query rows: 3 out of 50000
  Number of SOSL queries: 0 out of 20
  Number of DML statements: 0 out of 150
  Number of Publish Immediate DML: 0 out of 150
  Number of DML rows: 0 out of 10000
  Maximum CPU time: 0 out of 10000
  Maximum heap size: 0 out of 6000000
  Number of callouts: 0 out of 100
  Number of Email Invocations: 0 out of 10
  Number of future calls: 0 out of 50
  Number of queueable jobs added to the queue: 0 out of 50
  Number of Mobile Apex push calls: 0 out of 10

14:37:23.29 (29950434)|CUMULATIVE_LIMIT_USAGE_END

14:37:23.0 (29980845)|CODE_UNIT_FINISHED|AuthenticateCustomerController.getCustomerByCaseId(String)
14:37:23.0 (30307573)|CODE_UNIT_FINISHED|apex://AuthenticateCustomerController/ACTION$getCustomerByCaseId
14:37:23.0 (30317335)|EXECUTION_FINISHED
