52.0 APEX_CODE,FINEST;APEX_PROFILING,INFO;CALLOUT,INFO;DATA_ACCESS,INFO;DB,INFO;NBA,INFO;SYSTEM,DEBUG;VALIDATION,INFO;VISUALFORCE,INFO;WAVE,INFO;WORKFLOW,INFO
18:27:01.0 (297953)|USER_INFO|[EXTERNAL]|0051N000008bAK9|contingenciafalabella@falabella.com.mx|(GMT-06:00) Central Standard Time (America/Mexico_City)|GMT-06:00
18:27:01.0 (394538)|EXECUTION_STARTED
18:27:01.0 (425640)|CODE_UNIT_STARTED|[EXTERNAL]|01p3l00000EBsec|BatchUpdateCaseGestorBO
18:27:01.0 (1395369)|HEAP_ALLOCATE|[95]|Bytes:3
18:27:01.0 (1518649)|HEAP_ALLOCATE|[100]|Bytes:152
18:27:01.0 (1533192)|HEAP_ALLOCATE|[417]|Bytes:408
18:27:01.0 (1544633)|HEAP_ALLOCATE|[430]|Bytes:408
18:27:01.0 (1566691)|HEAP_ALLOCATE|[317]|Bytes:6
18:27:01.0 (2818094)|HEAP_ALLOCATE|[EXTERNAL]|Bytes:98
18:27:01.0 (16024830)|HEAP_ALLOCATE|[EXTERNAL]|Bytes:11
18:27:01.0 (16070261)|SYSTEM_METHOD_ENTRY|[15]|BatchableContextImpl.BatchableContextImpl()
18:27:01.0 (16085112)|STATEMENT_EXECUTE|[15]
18:27:01.0 (16107540)|SYSTEM_METHOD_EXIT|[15]|BatchableContextImpl
18:27:01.0 (16112754)|HEAP_ALLOCATE|[EXTERNAL]|Bytes:12
18:27:01.0 (16116216)|HEAP_ALLOCATE|[EXTERNAL]|Bytes:4
18:27:01.0 (16132985)|VARIABLE_SCOPE_BEGIN|[31]|this|Database.BatchableContextImpl|true|false
18:27:01.0 (16243119)|VARIABLE_ASSIGNMENT|[31]|this|{}|0x32aae92
18:27:01.0 (16247896)|VARIABLE_SCOPE_BEGIN|[31]|jobId|Id|false|false
18:27:01.0 (16373863)|VARIABLE_ASSIGNMENT|[31]|jobId|"707RQ00001vVo3RYAS"
18:27:01.0 (16377432)|VARIABLE_SCOPE_BEGIN|[31]|childJobId|Id|false|false
18:27:01.0 (16383207)|VARIABLE_ASSIGNMENT|[31]|childJobId|null
18:27:01.0 (18537504)|HEAP_ALLOCATE|[EXTERNAL]|Bytes:99
18:27:01.0 (18556632)|HEAP_ALLOCATE|[EXTERNAL]|Bytes:12
18:27:01.0 (18568984)|METHOD_ENTRY|[11]|01p3l00000EBsec|BatchUpdateCaseGestorBO.BatchUpdateCaseGestorBO()
18:27:01.0 (18576372)|STATEMENT_EXECUTE|[11]
18:27:01.0 (18589866)|STATEMENT_EXECUTE|[11]
18:27:01.0 (18594609)|METHOD_EXIT|[11]|BatchUpdateCaseGestorBO
18:27:01.0 (18599349)|HEAP_ALLOCATE|[EXTERNAL]|Bytes:20
18:27:01.0 (18601494)|HEAP_ALLOCATE|[EXTERNAL]|Bytes:12
18:27:01.0 (18611790)|VARIABLE_SCOPE_BEGIN|[33]|this|BatchUpdateCaseGestorBO|true|false
18:27:01.0 (18666638)|VARIABLE_ASSIGNMENT|[33]|this|{"idQueueFraudesCredito":"00G3l000004HYBREA4","intCallMSAttempts":3,"lstRecordTypesBO":"0x1ac74a9a","lstRequestsWithError":"0x247c4a57"}|0x33a64240
18:27:01.0 (18671062)|VARIABLE_SCOPE_BEGIN|[33]|BC|Database.BatchableContext|true|false
18:27:01.0 (18724202)|VARIABLE_ASSIGNMENT|[33]|BC|{"jobId":"707RQ00001vVo3RYAS"}|0x32aae92
18:27:01.0 (18732785)|STATEMENT_EXECUTE|[33]
18:27:01.0 (18733915)|STATEMENT_EXECUTE|[35]
18:27:01.0 (18737427)|HEAP_ALLOCATE|[35]|Bytes:217
18:27:01.0 (18765505)|HEAP_ALLOCATE|[35]|Bytes:4
18:27:01.0 (18781438)|HEAP_ALLOCATE|[35]|Bytes:7
18:27:01.0 (18796541)|HEAP_ALLOCATE|[35]|Bytes:7
18:27:01.0 (18818660)|HEAP_ALLOCATE|[35]|Bytes:7
18:27:01.0 (18874293)|HEAP_ALLOCATE|[68]|Bytes:5
18:27:01.0 (18907161)|HEAP_ALLOCATE|[74]|Bytes:5
18:27:01.0 (18913388)|HEAP_ALLOCATE|[82]|Bytes:7
18:27:01.0 (20777970)|SOQL_EXECUTE_BEGIN|[35]|Aggregations:0|SELECT ID_Solicitud__c, Solicitud_Repetida__c, Total_a_Condonar__c FROM Case WHERE (OwnerId = :tmpVar1 AND RecordTypeId IN :tmpVar2 AND (Actualizaci_n_de_domicilio_en_SAT__c = FALSE OR Total_a_Condonar__c < :tmpVar3))
18:27:01.0 (161945773)|SOQL_EXECUTE_END|[35]|Rows:3
18:27:01.0 (162182213)|HEAP_ALLOCATE|[35]|Bytes:20
18:27:01.207 (207522490)|CUMULATIVE_LIMIT_USAGE
18:27:01.207 (207522490)|LIMIT_USAGE_FOR_NS|(default)|
  Number of SOQL queries: 0 out of 200
  Number of query rows: 0 out of 50000
  Number of SOSL queries: 0 out of 20
  Number of DML statements: 0 out of 150
  Number of Publish Immediate DML: 0 out of 150
  Number of DML rows: 0 out of 10000
  Maximum CPU time: 0 out of 60000
  Maximum heap size: 0 out of 12000000
  Number of callouts: 0 out of 0
  Number of Email Invocations: 0 out of 10
  Number of future calls: 0 out of 0
  Number of queueable jobs added to the queue: 0 out of 1
  Number of Mobile Apex push calls: 0 out of 10

18:27:01.207 (207522490)|CUMULATIVE_LIMIT_USAGE_END

18:27:01.0 (207650989)|CODE_UNIT_FINISHED|BatchUpdateCaseGestorBO
18:27:01.0 (207676779)|EXECUTION_FINISHED
