66.0 APEX_CODE,FINEST;APEX_PROFILING,INFO;CALLOUT,INFO;DATA_ACCESS,INFO;DB,INFO;NBA,INFO;SYSTEM,DEBUG;VALIDATION,INFO;VISUALFORCE,INFO;WAVE,INFO;WORKFLOW,INFO
14:50:37.0 (121712)|USER_INFO|[EXTERNAL]|0051N000005gvau|etrevinofalabella@izeicg.com.uat|(GMT-06:00) Central Standard Time (America/Mexico_City)|GMT-06:00
14:50:37.0 (154807)|EXECUTION_STARTED
14:50:37.0 (163970)|CODE_UNIT_STARTED|[EXTERNAL]|apex://SendOTPController/ACTION$getCustomerByCaseId
14:50:37.0 (2012866)|CODE_UNIT_STARTED|[EXTERNAL]|01p1N000005h4aa|SendOTPController.getCustomerByCaseId(String)
14:50:37.0 (2137421)|HEAP_ALLOCATE|[95]|Bytes:3
14:50:37.0 (2193947)|HEAP_ALLOCATE|[100]|Bytes:152
14:50:37.0 (2206404)|HEAP_ALLOCATE|[417]|Bytes:408
14:50:37.0 (2217366)|HEAP_ALLOCATE|[430]|Bytes:408
14:50:37.0 (2235226)|HEAP_ALLOCATE|[317]|Bytes:6
14:50:37.0 (2267124)|HEAP_ALLOCATE|[EXTERNAL]|Bytes:21
14:50:37.0 (2270176)|HEAP_ALLOCATE|[EXTERNAL]|Bytes:55
14:50:37.0 (2276500)|METHOD_ENTRY|[1]|01p1N000005h4aa|SendOTPController.SendOTPController()
14:50:37.0 (2281590)|STATEMENT_EXECUTE|[1]
14:50:37.0 (2286550)|STATEMENT_EXECUTE|[1]
14:50:37.0 (2289156)|METHOD_EXIT|[1]|SendOTPController
14:50:37.0 (2292062)|HEAP_ALLOCATE|[EXTERNAL]|Bytes:18
14:50:37.0 (2298164)|VARIABLE_SCOPE_BEGIN|[4]|caseId|String|false|false
14:50:37.0 (2327796)|VARIABLE_ASSIGNMENT|[4]|caseId|"500Rt00000bd45rIAA"
14:50:37.0 (2334107)|STATEMENT_EXECUTE|[4]
14:50:37.0 (2336223)|STATEMENT_EXECUTE|[7]
14:50:37.0 (2337564)|STATEMENT_EXECUTE|[11]
14:50:37.0 (2338879)|HEAP_ALLOCATE|[11]|Bytes:46
14:50:37.0 (2350294)|HEAP_ALLOCATE|[11]|Bytes:4
14:50:37.0 (2356884)|HEAP_ALLOCATE|[11]|Bytes:7
14:50:37.0 (2377284)|HEAP_ALLOCATE|[68]|Bytes:5
14:50:37.0 (2391369)|HEAP_ALLOCATE|[74]|Bytes:5
14:50:37.0 (2395905)|HEAP_ALLOCATE|[82]|Bytes:7
14:50:37.0 (3439785)|SOQL_EXECUTE_BEGIN|[11]|Aggregations:0|SELECT AccountId FROM Case WHERE Id = :tmpVar1
14:50:37.0 (8027838)|SOQL_EXECUTE_END|[11]|Rows:1
14:50:37.0 (8050684)|HEAP_ALLOCATE|[11]|Bytes:8
14:50:37.0 (8065614)|HEAP_ALLOCATE|[11]|Bytes:60
14:50:37.0 (8149161)|HEAP_ALLOCATE|[11]|Bytes:8
14:50:37.0 (8162893)|HEAP_ALLOCATE|[11]|Bytes:30
14:50:37.0 (8207589)|HEAP_ALLOCATE|[11]|Bytes:12
14:50:37.0 (8217917)|VARIABLE_SCOPE_BEGIN|[11]|c|Case|true|false
14:50:37.0 (8269414)|VARIABLE_ASSIGNMENT|[11]|c|{"AccountId":"0010v00000KlWodAAF","Id":"500Rt00000bd45rIAA"}|0x5d450188
14:50:37.0 (8275187)|STATEMENT_EXECUTE|[14]
14:50:37.0 (8276977)|HEAP_ALLOCATE|[14]|Bytes:178
14:50:37.0 (8286689)|HEAP_ALLOCATE|[14]|Bytes:4
14:50:37.0 (9544493)|SOQL_EXECUTE_BEGIN|[14]|Aggregations:1|SELECT Id, Name, Fecha_de_nacimiento1__c, PersonMobilePhone, Oficina__c, PersonContactId, CURP__c, (SELECT N_mero_de_tarjeta__c FROM Tarjetas__r) FROM Account WHERE Id = :tmpVar1
14:50:37.0 (19164346)|SOQL_EXECUTE_END|[14]|Rows:1
14:50:37.0 (19191951)|HEAP_ALLOCATE|[14]|Bytes:8
14:50:37.0 (19211916)|HEAP_ALLOCATE|[14]|Bytes:318
14:50:37.0 (19283191)|HEAP_ALLOCATE|[14]|Bytes:8
14:50:37.0 (19295416)|HEAP_ALLOCATE|[14]|Bytes:33
14:50:37.0 (19335384)|HEAP_ALLOCATE|[14]|Bytes:36
14:50:37.0 (19340771)|VARIABLE_SCOPE_BEGIN|[14]|acc|Account|true|false
14:50:37.0 (19750561)|VARIABLE_ASSIGNMENT|[14]|acc|{"Oficina__c":"1","Tarjetas__r":[{"Account__c":"0010v00000KlWodAAF","N_mero_de_tarjeta__c":"627180******6134","Id":"a010v000003LuSHAA0"}],"CURP__c":"FERM900101MASRDI09","Fecha_de_nacimiento1__c":"1990-01-01T00:00:00.000Z","PersonContactId":"0030v00000Em6HNAAZ","PersonMobilePhone":"8126878636","Id":"0010v00000KlWodAAF","Name":"Gonzalo Rios RODRIGU (2 more) ..."}|0x39635bd9
14:50:37.0 (19760581)|STATEMENT_EXECUTE|[18]
14:50:37.19 (19803385)|CUMULATIVE_LIMIT_USAGE
14:50:37.19 (19803385)|LIMIT_USAGE_FOR_NS|(default)|
  Number of SOQL queries: 2 out of 100
  Number of query rows: 3 out of 50000
  Number of SOSL queries: 0 out of 20
  Number of DML statements: 0 out of 150
  Number of Publish Immediate DML: 0 out of 150
  Number of DML rows: 0 out of 10000
  Maximum CPU time: 0 out of 10000
  Maximum heap size: 0 out of 6000000
  Number of callouts: 0 out of 100
  Number of Email Invocations: 0 out of 10
  Number of future calls: 0 out of 50
  Number of queueable jobs added to the queue: 0 out of 50
  Number of Mobile Apex push calls: 0 out of 10

14:50:37.19 (19803385)|CUMULATIVE_LIMIT_USAGE_END

14:50:37.0 (19824410)|CODE_UNIT_FINISHED|SendOTPController.getCustomerByCaseId(String)
14:50:37.0 (20035145)|CODE_UNIT_FINISHED|apex://SendOTPController/ACTION$getCustomerByCaseId
14:50:37.0 (20040067)|EXECUTION_FINISHED
