66.0 APEX_CODE,FINEST;APEX_PROFILING,INFO;CALLOUT,INFO;DATA_ACCESS,INFO;DB,INFO;NBA,INFO;SYSTEM,DEBUG;VALIDATION,INFO;VISUALFORCE,INFO;WAVE,INFO;WORKFLOW,INFO
14:50:37.0 (131564)|USER_INFO|[EXTERNAL]|0051N000005gvau|etrevinofalabella@izeicg.com.uat|(GMT-06:00) Central Standard Time (America/Mexico_City)|GMT-06:00
14:50:37.0 (166334)|EXECUTION_STARTED
14:50:37.0 (174811)|CODE_UNIT_STARTED|[EXTERNAL]|apex://AuthenticateCustomerController/ACTION$getCaseRecordTypesByName
14:50:37.0 (1202668)|CODE_UNIT_STARTED|[EXTERNAL]|01p1N00000DazLB|AuthenticateCustomerController.getCaseRecordTypesByName()
14:50:37.0 (1379843)|HEAP_ALLOCATE|[95]|Bytes:3
14:50:37.0 (1443093)|HEAP_ALLOCATE|[100]|Bytes:152
14:50:37.0 (1456381)|HEAP_ALLOCATE|[417]|Bytes:408
14:50:37.0 (1467694)|HEAP_ALLOCATE|[430]|Bytes:408
14:50:37.0 (1487577)|HEAP_ALLOCATE|[317]|Bytes:6
14:50:37.0 (1507883)|VARIABLE_SCOPE_BEGIN|[19]|AuthenticateCustomerController.BE|String|false|true
14:50:37.0 (1551018)|HEAP_ALLOCATE|[EXTERNAL]|Bytes:13
14:50:37.0 (1553848)|HEAP_ALLOCATE|[EXTERNAL]|Bytes:70
14:50:37.0 (1555481)|HEAP_ALLOCATE|[EXTERNAL]|Bytes:88
14:50:37.0 (1557829)|HEAP_ALLOCATE|[EXTERNAL]|Bytes:2
14:50:37.0 (1590018)|VARIABLE_ASSIGNMENT|[EXTERNAL]|AuthenticateCustomerController.BE|"BE"
14:50:37.0 (1602883)|METHOD_ENTRY|[17]|01p1N00000DazLB|AuthenticateCustomerController.AuthenticateCustomerController()
14:50:37.0 (1609814)|STATEMENT_EXECUTE|[17]
14:50:37.0 (1618458)|STATEMENT_EXECUTE|[17]
14:50:37.0 (1636771)|HEAP_ALLOCATE|[68]|Bytes:5
14:50:37.0 (1657398)|HEAP_ALLOCATE|[74]|Bytes:5
14:50:37.0 (1661971)|HEAP_ALLOCATE|[82]|Bytes:7
14:50:37.0 (1680018)|HEAP_ALLOCATE|[EXTERNAL]|Bytes:5
14:50:37.0 (1682431)|STATEMENT_EXECUTE|[21]
14:50:37.0 (1689401)|METHOD_EXIT|[17]|AuthenticateCustomerController
14:50:37.0 (1700873)|HEAP_ALLOCATE|[271]|Bytes:5
14:50:37.0 (1703711)|STATEMENT_EXECUTE|[269]
14:50:37.0 (1704906)|STATEMENT_EXECUTE|[271]
14:50:37.0 (1719321)|HEAP_ALLOCATE|[271]|Bytes:4
14:50:37.0 (1729533)|VARIABLE_SCOPE_BEGIN|[271]|result|Map<String,String>|true|false
14:50:37.0 (1750845)|VARIABLE_ASSIGNMENT|[271]|result|{}|0x74d04f44
14:50:37.0 (1753987)|STATEMENT_EXECUTE|[273]
14:50:37.0 (1755252)|HEAP_ALLOCATE|[273]|Bytes:4
14:50:37.0 (1886069)|HEAP_ALLOCATE|[273]|Bytes:4
14:50:37.0 (1893511)|VARIABLE_SCOPE_BEGIN|[273]|d|Schema.DescribeSObjectResult|true|false
14:50:37.0 (2048815)|VARIABLE_ASSIGNMENT|[273]|d|"common.api.soap.wsdl.DescribeSObjectResult@edb660e6"|0x29f3fad3
14:50:37.0 (2054345)|STATEMENT_EXECUTE|[274]
14:50:37.0 (3090628)|HEAP_ALLOCATE|[274]|Bytes:412
14:50:37.0 (3103884)|VARIABLE_SCOPE_BEGIN|[274]|rtMapByName|Map<String,Schema.RecordTypeInfo>|true|false
14:50:37.0 (3122346)|VARIABLE_ASSIGNMENT|[274]|rtMapByName|"Map of size 102 too large to display"|0x2413b91a
14:50:37.0 (3163060)|HEAP_ALLOCATE|[276]|Bytes:4
14:50:37.0 (3261254)|HEAP_ALLOCATE|[276]|Bytes:2582
14:50:37.0 (3278805)|HEAP_ALLOCATE|[276]|Bytes:408
14:50:37.0 (3315501)|HEAP_ALLOCATE|[276]|Bytes:5
14:50:37.0 (3330383)|VARIABLE_SCOPE_BEGIN|[276]|key|String|false|false
14:50:37.0 (3338425)|VARIABLE_ASSIGNMENT|[276]|key|"APP"
14:50:37.0 (3342947)|STATEMENT_EXECUTE|[276]
14:50:37.0 (3344464)|STATEMENT_EXECUTE|[278]
14:50:37.0 (3380926)|VARIABLE_SCOPE_BEGIN|[278]|info|Schema.RecordTypeInfo|true|false
14:50:37.0 (3444358)|VARIABLE_ASSIGNMENT|[278]|info|"common.api.soap.wsdl.RecordTypeInfo@f219f932"|0x71ec521f
14:50:37.0 (3447940)|STATEMENT_EXECUTE|[279]
14:50:37.0 (3460849)|HEAP_ALLOCATE|[279]|Bytes:4
14:50:37.0 (3495135)|HEAP_ALLOCATE|[EXTERNAL]|Bytes:-4
14:50:37.0 (3503156)|HEAP_ALLOCATE|[276]|Bytes:5
14:50:37.0 (3508530)|VARIABLE_SCOPE_BEGIN|[276]|key|String|false|false
14:50:37.0 (3514077)|VARIABLE_ASSIGNMENT|[276]|key|"Abono de Puntos"
14:50:37.0 (3516393)|STATEMENT_EXECUTE|[276]
14:50:37.0 (3517295)|STATEMENT_EXECUTE|[278]
14:50:37.0 (3522499)|VARIABLE_SCOPE_BEGIN|[278]|info|Schema.RecordTypeInfo|true|false
14:50:37.0 (3544495)|VARIABLE_ASSIGNMENT|[278]|info|"common.api.soap.wsdl.RecordTypeInfo@bae8d6e2"|0x47ff1b93
14:50:37.0 (3547460)|STATEMENT_EXECUTE|[279]
14:50:37.0 (3550184)|HEAP_ALLOCATE|[279]|Bytes:4
14:50:37.0 (3556573)|HEAP_ALLOCATE|[EXTERNAL]|Bytes:-4
14:50:37.0 (3562307)|HEAP_ALLOCATE|[276]|Bytes:5
14:50:37.0 (3566370)|VARIABLE_SCOPE_BEGIN|[276]|key|String|false|false
14:50:37.0 (3572418)|VARIABLE_ASSIGNMENT|[276]|key|"Abono de Puntos (Mód (4 more) ..."
14:50:37.0 (3575270)|STATEMENT_EXECUTE|[276]
14:50:37.0 (3576168)|STATEMENT_EXECUTE|[278]
14:50:37.0 (3580395)|VARIABLE_SCOPE_BEGIN|[278]|info|Schema.RecordTypeInfo|true|false
14:50:37.0 (3598295)|VARIABLE_ASSIGNMENT|[278]|info|"common.api.soap.wsdl.RecordTypeInfo@a9df86c5"|0x7e1da11f
14:50:37.0 (3601295)|STATEMENT_EXECUTE|[279]
14:50:37.0 (3603504)|HEAP_ALLOCATE|[279]|Bytes:4
14:50:37.0 (3609702)|HEAP_ALLOCATE|[EXTERNAL]|Bytes:-4
14:50:37.0 (3614870)|HEAP_ALLOCATE|[276]|Bytes:5
14:50:37.0 (3618770)|VARIABLE_SCOPE_BEGIN|[276]|key|String|false|false
14:50:37.0 (3623793)|VARIABLE_ASSIGNMENT|[276]|key|"Activación de NIP"
14:50:37.0 (3626365)|STATEMENT_EXECUTE|[276]
14:50:37.0 (3627243)|STATEMENT_EXECUTE|[278]
14:50:37.0 (3631394)|VARIABLE_SCOPE_BEGIN|[278]|info|Schema.RecordTypeInfo|true|false
14:50:37.0 (3648714)|VARIABLE_ASSIGNMENT|[278]|info|"common.api.soap.wsdl.RecordTypeInfo@5e312afc"|0x7d90b789
14:50:37.0 (3651866)|STATEMENT_EXECUTE|[279]
14:50:37.0 (3653880)|HEAP_ALLOCATE|[279]|Bytes:4
14:50:37.0 (3659610)|HEAP_ALLOCATE|[EXTERNAL]|Bytes:-4
14:50:37.0 (3664694)|HEAP_ALLOCATE|[276]|Bytes:5
14:50:37.0 (3668428)|VARIABLE_SCOPE_BEGIN|[276]|key|String|false|false
14:50:37.0 (3673549)|VARIABLE_ASSIGNMENT|[276]|key|"Activación de Tarjet (1 more) ..."
14:50:37.0 (3675880)|STATEMENT_EXECUTE|[276]
14:50:37.0 (3676731)|STATEMENT_EXECUTE|[278]
14:50:37.0 (3680809)|VARIABLE_SCOPE_BEGIN|[278]|info|Schema.RecordTypeInfo|true|false
14:50:37.0 (3698072)|VARIABLE_ASSIGNMENT|[278]|info|"common.api.soap.wsdl.RecordTypeInfo@d9f39a17"|0x6eff6e8e
14:50:37.0 (3701082)|STATEMENT_EXECUTE|[279]
14:50:37.0 (3703192)|HEAP_ALLOCATE|[279]|Bytes:4
14:50:37.0 (3708587)|HEAP_ALLOCATE|[EXTERNAL]|Bytes:-4
14:50:37.0 (3713484)|HEAP_ALLOCATE|[276]|Bytes:5
14:50:37.0 (3717201)|VARIABLE_SCOPE_BEGIN|[276]|key|String|false|false
14:50:37.0 (3722122)|VARIABLE_ASSIGNMENT|[276]|key|"Actualización Buró"
14:50:37.0 (3724753)|STATEMENT_EXECUTE|[276]
14:50:37.0 (3725713)|STATEMENT_EXECUTE|[278]
14:50:37.0 (3729848)|VARIABLE_SCOPE_BEGIN|[278]|info|Schema.RecordTypeInfo|true|false
14:50:37.0 (3747083)|VARIABLE_ASSIGNMENT|[278]|info|"common.api.soap.wsdl.RecordTypeInfo@7b9f67bd"|0x5163c341
14:50:37.0 (3749967)|STATEMENT_EXECUTE|[279]
14:50:37.0 (3752034)|HEAP_ALLOCATE|[279]|Bytes:4
14:50:37.0 (3757378)|HEAP_ALLOCATE|[EXTERNAL]|Bytes:-4
14:50:37.0 (3762394)|HEAP_ALLOCATE|[276]|Bytes:5
14:50:37.0 (3766215)|VARIABLE_SCOPE_BEGIN|[276]|key|String|false|false
14:50:37.0 (3771112)|VARIABLE_ASSIGNMENT|[276]|key|"Actualización Correo (9 more) ..."
14:50:37.0 (3773542)|STATEMENT_EXECUTE|[276]
14:50:37.0 (3774467)|STATEMENT_EXECUTE|[278]
14:50:37.0 (3778642)|VARIABLE_SCOPE_BEGIN|[278]|info|Schema.RecordTypeInfo|true|false
14:50:37.0 (3795686)|VARIABLE_ASSIGNMENT|[278]|info|"common.api.soap.wsdl.RecordTypeInfo@aeecf39c"|0x42e5952b
14:50:37.0 (3798464)|STATEMENT_EXECUTE|[279]
14:50:37.0 (3800487)|HEAP_ALLOCATE|[279]|Bytes:4
14:50:37.0 (3805681)|HEAP_ALLOCATE|[EXTERNAL]|Bytes:-4
14:50:37.0 (3810522)|HEAP_ALLOCATE|[276]|Bytes:5
14:50:37.0 (3814253)|VARIABLE_SCOPE_BEGIN|[276]|key|String|false|false
14:50:37.0 (3819127)|VARIABLE_ASSIGNMENT|[276]|key|"Actualización Domici (12 more) ..."
14:50:37.0 (3821569)|STATEMENT_EXECUTE|[276]
14:50:37.0 (3822423)|STATEMENT_EXECUTE|[278]
14:50:37.0 (3826538)|VARIABLE_SCOPE_BEGIN|[278]|info|Schema.RecordTypeInfo|true|false
14:50:37.0 (3843478)|VARIABLE_ASSIGNMENT|[278]|info|"common.api.soap.wsdl.RecordTypeInfo@d5441330"|0x3a314e01
14:50:37.0 (3846493)|STATEMENT_EXECUTE|[279]
14:50:37.0 (3848633)|HEAP_ALLOCATE|[279]|Bytes:4
14:50:37.0 (3853731)|HEAP_ALLOCATE|[EXTERNAL]|Bytes:-4
14:50:37.0 (3859192)|HEAP_ALLOCATE|[276]|Bytes:5
14:50:37.0 (3862925)|VARIABLE_SCOPE_BEGIN|[276]|key|String|false|false
14:50:37.0 (3867648)|VARIABLE_ASSIGNMENT|[276]|key|"Actualización Nom, R (6 more) ..."
14:50:37.0 (3869875)|STATEMENT_EXECUTE|[276]
14:50:37.0 (3870707)|STATEMENT_EXECUTE|[278]
14:50:37.0 (3874674)|VARIABLE_SCOPE_BEGIN|[278]|info|Schema.RecordTypeInfo|true|false
14:50:37.0 (3891734)|VARIABLE_ASSIGNMENT|[278]|info|"common.api.soap.wsdl.RecordTypeInfo@56e7171e"|0x2f2fccd7
14:50:37.0 (3894493)|STATEMENT_EXECUTE|[279]
14:50:37.0 (3896627)|HEAP_ALLOCATE|[279]|Bytes:4
14:50:37.0 (3901862)|HEAP_ALLOCATE|[EXTERNAL]|Bytes:-4
14:50:37.0 (3906847)|HEAP_ALLOCATE|[276]|Bytes:5
14:50:37.0 (3910527)|VARIABLE_SCOPE_BEGIN|[276]|key|String|false|false
14:50:37.0 (3915177)|VARIABLE_ASSIGNMENT|[276]|key|"Actualización SORIBA (1 more) ..."
14:50:37.0 (3917398)|STATEMENT_EXECUTE|[276]
14:50:37.0 (3918255)|STATEMENT_EXECUTE|[278]
14:50:37.0 (3922493)|VARIABLE_SCOPE_BEGIN|[278]|info|Schema.RecordTypeInfo|true|false
14:50:37.0 (3939672)|VARIABLE_ASSIGNMENT|[278]|info|"common.api.soap.wsdl.RecordTypeInfo@1da61f93"|0x60997bb8
14:50:37.0 (3942595)|STATEMENT_EXECUTE|[279]
14:50:37.0 (3944619)|HEAP_ALLOCATE|[279]|Bytes:4
14:50:37.0 (3949904)|HEAP_ALLOCATE|[EXTERNAL]|Bytes:-4
14:50:37.0 (3954868)|HEAP_ALLOCATE|[276]|Bytes:5
14:50:37.0 (3958479)|VARIABLE_SCOPE_BEGIN|[276]|key|String|false|false
14:50:37.0 (3963388)|VARIABLE_ASSIGNMENT|[276]|key|"Actualización de CUR (1 more) ..."
14:50:37.0 (3965617)|STATEMENT_EXECUTE|[276]
14:50:37.0 (3966454)|STATEMENT_EXECUTE|[278]
14:50:37.0 (3970494)|VARIABLE_SCOPE_BEGIN|[278]|info|Schema.RecordTypeInfo|true|false
14:50:37.0 (3987448)|VARIABLE_ASSIGNMENT|[278]|info|"common.api.soap.wsdl.RecordTypeInfo@ad5dbd7c"|0xebbe64d
14:50:37.0 (3990318)|STATEMENT_EXECUTE|[279]
14:50:37.0 (3992265)|HEAP_ALLOCATE|[279]|Bytes:4
14:50:37.0 (3997644)|HEAP_ALLOCATE|[EXTERNAL]|Bytes:-4
14:50:37.0 (4002404)|HEAP_ALLOCATE|[276]|Bytes:5
14:50:37.0 (4007098)|VARIABLE_SCOPE_BEGIN|[276]|key|String|false|false
14:50:37.0 (4011833)|VARIABLE_ASSIGNMENT|[276]|key|"Actualización de Cel (5 more) ..."
14:50:37.0 (4014053)|STATEMENT_EXECUTE|[276]
14:50:37.0 (4014888)|STATEMENT_EXECUTE|[278]
14:50:37.0 (4018963)|VARIABLE_SCOPE_BEGIN|[278]|info|Schema.RecordTypeInfo|true|false
14:50:37.0 (4035288)|VARIABLE_ASSIGNMENT|[278]|info|"common.api.soap.wsdl.RecordTypeInfo@76d75e63"|0x3ecaf0dd
14:50:37.0 (4037990)|STATEMENT_EXECUTE|[279]
14:50:37.0 (4040067)|HEAP_ALLOCATE|[279]|Bytes:4
14:50:37.0 (4045203)|HEAP_ALLOCATE|[EXTERNAL]|Bytes:-4
14:50:37.0 (4050049)|HEAP_ALLOCATE|[276]|Bytes:5
14:50:37.0 (4053668)|VARIABLE_SCOPE_BEGIN|[276]|key|String|false|false
14:50:37.0 (4058405)|VARIABLE_ASSIGNMENT|[276]|key|"Actualización de Cel (4 more) ..."
14:50:37.0 (4060596)|STATEMENT_EXECUTE|[276]
14:50:37.0 (4061451)|STATEMENT_EXECUTE|[278]
14:50:37.0 (4065433)|VARIABLE_SCOPE_BEGIN|[278]|info|Schema.RecordTypeInfo|true|false
14:50:37.0 (4081876)|VARIABLE_ASSIGNMENT|[278]|info|"common.api.soap.wsdl.RecordTypeInfo@64a8cf3b"|0x6fd2daa7
14:50:37.0 (4084839)|STATEMENT_EXECUTE|[279]
14:50:37.0 (4086920)|HEAP_ALLOCATE|[279]|Bytes:4
14:50:37.0 (4092504)|HEAP_ALLOCATE|[EXTERNAL]|Bytes:-4
14:50:37.0 (4097373)|HEAP_ALLOCATE|[276]|Bytes:5
14:50:37.0 (4100949)|VARIABLE_SCOPE_BEGIN|[276]|key|String|false|false
14:50:37.0 (4105727)|VARIABLE_ASSIGNMENT|[276]|key|"Actualización de Cor (3 more) ..."
14:50:37.0 (4108056)|STATEMENT_EXECUTE|[276]
14:50:37.0 (4108929)|STATEMENT_EXECUTE|[278]
14:50:37.0 (4113547)|VARIABLE_SCOPE_BEGIN|[278]|info|Schema.RecordTypeInfo|true|false
14:50:37.0 (4130402)|VARIABLE_ASSIGNMENT|[278]|info|"common.api.soap.wsdl.RecordTypeInfo@66178782"|0x44bd385e
14:50:37.0 (4133155)|STATEMENT_EXECUTE|[279]
14:50:37.0 (4135220)|HEAP_ALLOCATE|[279]|Bytes:4
14:50:37.0 (4140427)|HEAP_ALLOCATE|[EXTERNAL]|Bytes:-4
14:50:37.0 (4145259)|HEAP_ALLOCATE|[276]|Bytes:5
14:50:37.0 (4148851)|VARIABLE_SCOPE_BEGIN|[276]|key|String|false|false
14:50:37.0 (4153569)|VARIABLE_ASSIGNMENT|[276]|key|"Actualización de Dom (6 more) ..."
14:50:37.0 (4155933)|STATEMENT_EXECUTE|[276]
14:50:37.0 (4156763)|STATEMENT_EXECUTE|[278]
14:50:37.0 (4160930)|VARIABLE_SCOPE_BEGIN|[278]|info|Schema.RecordTypeInfo|true|false
14:50:37.0 (4177500)|VARIABLE_ASSIGNMENT|[278]|info|"common.api.soap.wsdl.RecordTypeInfo@19cbc967"|0x1565270a
14:50:37.0 (4180428)|STATEMENT_EXECUTE|[279]
14:50:37.0 (4182442)|HEAP_ALLOCATE|[279]|Bytes:4
14:50:37.0 (4187769)|HEAP_ALLOCATE|[EXTERNAL]|Bytes:-4
14:50:37.0 (4192617)|HEAP_ALLOCATE|[276]|Bytes:5
14:50:37.0 (4196328)|VARIABLE_SCOPE_BEGIN|[276]|key|String|false|false
14:50:37.0 (4201109)|VARIABLE_ASSIGNMENT|[276]|key|"Actualización de Tel (10 more) ..."
14:50:37.0 (4203467)|STATEMENT_EXECUTE|[276]
14:50:37.0 (4204337)|STATEMENT_EXECUTE|[278]
14:50:37.0 (4208293)|VARIABLE_SCOPE_BEGIN|[278]|info|Schema.RecordTypeInfo|true|false
14:50:37.0 (4224928)|VARIABLE_ASSIGNMENT|[278]|info|"common.api.soap.wsdl.RecordTypeInfo@767cd3c0"|0x7cc06163
14:50:37.0 (4227643)|STATEMENT_EXECUTE|[279]
14:50:37.0 (4229708)|HEAP_ALLOCATE|[279]|Bytes:4
14:50:37.0 (4235075)|HEAP_ALLOCATE|[EXTERNAL]|Bytes:-4
14:50:37.0 (4239869)|HEAP_ALLOCATE|[276]|Bytes:5
14:50:37.0 (4243468)|VARIABLE_SCOPE_BEGIN|[276]|key|String|false|false
14:50:37.0 (4247970)|VARIABLE_ASSIGNMENT|[276]|key|"Alta Cliente"
14:50:37.0 (4250044)|STATEMENT_EXECUTE|[276]
14:50:37.0 (4250898)|STATEMENT_EXECUTE|[278]
14:50:37.0 (4254964)|VARIABLE_SCOPE_BEGIN|[278]|info|Schema.RecordTypeInfo|true|false
14:50:37.0 (4271823)|VARIABLE_ASSIGNMENT|[278]|info|"common.api.soap.wsdl.RecordTypeInfo@80a41a04"|0x5be8bbe
14:50:37.0 (4274939)|STATEMENT_EXECUTE|[279]
14:50:37.0 (4277057)|HEAP_ALLOCATE|[279]|Bytes:4
14:50:37.0 (4282492)|HEAP_ALLOCATE|[EXTERNAL]|Bytes:-4
14:50:37.0 (4287227)|HEAP_ALLOCATE|[276]|Bytes:5
14:50:37.0 (4290896)|VARIABLE_SCOPE_BEGIN|[276]|key|String|false|false
14:50:37.0 (4295282)|VARIABLE_ASSIGNMENT|[276]|key|"Audiencia CONDUSEF"
14:50:37.0 (4297376)|STATEMENT_EXECUTE|[276]
14:50:37.0 (4298213)|STATEMENT_EXECUTE|[278]
14:50:37.0 (4302151)|VARIABLE_SCOPE_BEGIN|[278]|info|Schema.RecordTypeInfo|true|false
14:50:37.0 (4319292)|VARIABLE_ASSIGNMENT|[278]|info|"common.api.soap.wsdl.RecordTypeInfo@ee8898d7"|0x28ec3c9f
14:50:37.0 (4322222)|STATEMENT_EXECUTE|[279]
14:50:37.0 (4324191)|HEAP_ALLOCATE|[279]|Bytes:4
14:50:37.0 (4329445)|HEAP_ALLOCATE|[EXTERNAL]|Bytes:-4
14:50:37.0 (4334181)|HEAP_ALLOCATE|[276]|Bytes:5
14:50:37.0 (4337743)|VARIABLE_SCOPE_BEGIN|[276]|key|String|false|false
14:50:37.0 (4342591)|VARIABLE_ASSIGNMENT|[276]|key|"Aumento de Línea de  (7 more) ..."
14:50:37.0 (4345114)|STATEMENT_EXECUTE|[276]
14:50:37.0 (4346012)|STATEMENT_EXECUTE|[278]
14:50:37.0 (4349885)|VARIABLE_SCOPE_BEGIN|[278]|info|Schema.RecordTypeInfo|true|false
14:50:37.0 (4366438)|VARIABLE_ASSIGNMENT|[278]|info|"common.api.soap.wsdl.RecordTypeInfo@b67992fe"|0x140d13ff
14:50:37.0 (4369352)|STATEMENT_EXECUTE|[279]
14:50:37.0 (4371333)|HEAP_ALLOCATE|[279]|Bytes:4
14:50:37.0 (4376617)|HEAP_ALLOCATE|[EXTERNAL]|Bytes:-4
14:50:37.0 (4381312)|HEAP_ALLOCATE|[276]|Bytes:5
14:50:37.0 (4384841)|VARIABLE_SCOPE_BEGIN|[276]|key|String|false|false
14:50:37.0 (4389532)|VARIABLE_ASSIGNMENT|[276]|key|"BackOffice Figital"
14:50:37.0 (4391723)|STATEMENT_EXECUTE|[276]
14:50:37.0 (4392615)|STATEMENT_EXECUTE|[278]
14:50:37.0 (4396643)|VARIABLE_SCOPE_BEGIN|[278]|info|Schema.RecordTypeInfo|true|false
14:50:37.0 (4413198)|VARIABLE_ASSIGNMENT|[278]|info|"common.api.soap.wsdl.RecordTypeInfo@e1ed000"|0x6bb9b364
14:50:37.0 (4416026)|STATEMENT_EXECUTE|[279]
14:50:37.0 (4418178)|HEAP_ALLOCATE|[279]|Bytes:4
14:50:37.0 (4423478)|HEAP_ALLOCATE|[EXTERNAL]|Bytes:-4
14:50:37.0 (4428332)|HEAP_ALLOCATE|[276]|Bytes:5
14:50:37.0 (4431897)|VARIABLE_SCOPE_BEGIN|[276]|key|String|false|false
14:50:37.0 (4436411)|VARIABLE_ASSIGNMENT|[276]|key|"BackOffice Fraudes"
14:50:37.0 (4438460)|STATEMENT_EXECUTE|[276]
14:50:37.0 (4439301)|STATEMENT_EXECUTE|[278]
14:50:37.0 (4443281)|VARIABLE_SCOPE_BEGIN|[278]|info|Schema.RecordTypeInfo|true|false
14:50:37.0 (4460098)|VARIABLE_ASSIGNMENT|[278]|info|"common.api.soap.wsdl.RecordTypeInfo@a750b4b9"|0x1aab36d6
14:50:37.0 (4462992)|STATEMENT_EXECUTE|[279]
14:50:37.0 (4465110)|HEAP_ALLOCATE|[279]|Bytes:4
14:50:37.0 (4470304)|HEAP_ALLOCATE|[EXTERNAL]|Bytes:-4
14:50:37.0 (4475031)|HEAP_ALLOCATE|[276]|Bytes:5
14:50:37.0 (4478598)|VARIABLE_SCOPE_BEGIN|[276]|key|String|false|false
14:50:37.0 (4486884)|VARIABLE_ASSIGNMENT|[276]|key|"Bloqueo Seguridad"
14:50:37.0 (4489121)|STATEMENT_EXECUTE|[276]
14:50:37.0 (4489994)|STATEMENT_EXECUTE|[278]
14:50:37.0 (4494127)|VARIABLE_SCOPE_BEGIN|[278]|info|Schema.RecordTypeInfo|true|false
14:50:37.0 (4510759)|VARIABLE_ASSIGNMENT|[278]|info|"common.api.soap.wsdl.RecordTypeInfo@1ad47a66"|0x53eaf9d8
14:50:37.0 (4513750)|STATEMENT_EXECUTE|[279]
14:50:37.0 (4515815)|HEAP_ALLOCATE|[279]|Bytes:4
14:50:37.0 (4521282)|HEAP_ALLOCATE|[EXTERNAL]|Bytes:-4
14:50:37.0 (4526122)|HEAP_ALLOCATE|[276]|Bytes:5
14:50:37.0 (4529888)|VARIABLE_SCOPE_BEGIN|[276]|key|String|false|false
14:50:37.0 (4534196)|VARIABLE_ASSIGNMENT|[276]|key|"CVV Dinámico"
14:50:37.0 (4536593)|STATEMENT_EXECUTE|[276]
14:50:37.0 (4537481)|STATEMENT_EXECUTE|[278]
14:50:37.0 (4541573)|VARIABLE_SCOPE_BEGIN|[278]|info|Schema.RecordTypeInfo|true|false
14:50:37.0 (4558476)|VARIABLE_ASSIGNMENT|[278]|info|"common.api.soap.wsdl.RecordTypeInfo@5ce747f8"|0x2f848ab1
14:50:37.0 (4561400)|STATEMENT_EXECUTE|[279]
14:50:37.0 (4563514)|HEAP_ALLOCATE|[279]|Bytes:4
14:50:37.0 (4568923)|HEAP_ALLOCATE|[EXTERNAL]|Bytes:-4
14:50:37.0 (4573605)|HEAP_ALLOCATE|[276]|Bytes:5
14:50:37.0 (4577252)|VARIABLE_SCOPE_BEGIN|[276]|key|String|false|false
14:50:37.0 (4582121)|VARIABLE_ASSIGNMENT|[276]|key|"Cambio de MC a Priva (2 more) ..."
14:50:37.0 (4584182)|STATEMENT_EXECUTE|[276]
14:50:37.0 (4585034)|STATEMENT_EXECUTE|[278]
14:50:37.0 (4589171)|VARIABLE_SCOPE_BEGIN|[278]|info|Schema.RecordTypeInfo|true|false
14:50:37.0 (4605956)|VARIABLE_ASSIGNMENT|[278]|info|"common.api.soap.wsdl.RecordTypeInfo@a6d8a80b"|0x9802eb6
14:50:37.0 (4608776)|STATEMENT_EXECUTE|[279]
14:50:37.0 (4610707)|HEAP_ALLOCATE|[279]|Bytes:4
14:50:37.0 (4615992)|HEAP_ALLOCATE|[EXTERNAL]|Bytes:-4
14:50:37.0 (4620701)|HEAP_ALLOCATE|[276]|Bytes:5
14:50:37.0 (4624493)|VARIABLE_SCOPE_BEGIN|[276]|key|String|false|false
14:50:37.0 (4629448)|VARIABLE_ASSIGNMENT|[276]|key|"Cambio de Medio Enví (1 more) ..."
14:50:37.0 (4631891)|STATEMENT_EXECUTE|[276]
14:50:37.0 (4632756)|STATEMENT_EXECUTE|[278]
14:50:37.0 (4636949)|VARIABLE_SCOPE_BEGIN|[278]|info|Schema.RecordTypeInfo|true|false
14:50:37.0 (4653932)|VARIABLE_ASSIGNMENT|[278]|info|"common.api.soap.wsdl.RecordTypeInfo@be215376"|0x4adea4d6
14:50:37.0 (4656720)|STATEMENT_EXECUTE|[279]
14:50:37.0 (4658734)|HEAP_ALLOCATE|[279]|Bytes:4
14:50:37.0 (4664851)|HEAP_ALLOCATE|[EXTERNAL]|Bytes:-4
14:50:37.0 (4669773)|HEAP_ALLOCATE|[276]|Bytes:5
14:50:37.0 (4673468)|VARIABLE_SCOPE_BEGIN|[276]|key|String|false|false
14:50:37.0 (4677907)|VARIABLE_ASSIGNMENT|[276]|key|"Campañas Outbound"
14:50:37.0 (4680231)|STATEMENT_EXECUTE|[276]
14:50:37.0 (4681082)|STATEMENT_EXECUTE|[278]
14:50:37.0 (4685111)|VARIABLE_SCOPE_BEGIN|[278]|info|Schema.RecordTypeInfo|true|false
14:50:37.0 (4702177)|VARIABLE_ASSIGNMENT|[278]|info|"common.api.soap.wsdl.RecordTypeInfo@6d4e485f"|0x4efea06c
14:50:37.0 (4705091)|STATEMENT_EXECUTE|[279]
14:50:37.0 (4707131)|HEAP_ALLOCATE|[279]|Bytes:4
14:50:37.0 (4712459)|HEAP_ALLOCATE|[EXTERNAL]|Bytes:-4
14:50:37.0 (4717288)|HEAP_ALLOCATE|[276]|Bytes:5
14:50:37.0 (4720961)|VARIABLE_SCOPE_BEGIN|[276]|key|String|false|false
14:50:37.0 (4725691)|VARIABLE_ASSIGNMENT|[276]|key|"Campos Regulatorios"
14:50:37.0 (4728009)|STATEMENT_EXECUTE|[276]
14:50:37.0 (4728857)|STATEMENT_EXECUTE|[278]
14:50:37.0 (4732786)|VARIABLE_SCOPE_BEGIN|[278]|info|Schema.RecordTypeInfo|true|false
14:50:37.0 (4749301)|VARIABLE_ASSIGNMENT|[278]|info|"common.api.soap.wsdl.RecordTypeInfo@36673986"|0x45a46a00
14:50:37.0 (4752187)|STATEMENT_EXECUTE|[279]
14:50:37.0 (4754228)|HEAP_ALLOCATE|[279]|Bytes:4
14:50:37.0 (4759567)|HEAP_ALLOCATE|[EXTERNAL]|Bytes:-4
14:50:37.0 (4764338)|HEAP_ALLOCATE|[276]|Bytes:5
14:50:37.0 (4768005)|VARIABLE_SCOPE_BEGIN|[276]|key|String|false|false
14:50:37.0 (4772651)|VARIABLE_ASSIGNMENT|[276]|key|"Cancelación Adiciona (1 more) ..."
14:50:37.0 (4775186)|STATEMENT_EXECUTE|[276]
14:50:37.0 (4776047)|STATEMENT_EXECUTE|[278]
14:50:37.0 (4779929)|VARIABLE_SCOPE_BEGIN|[278]|info|Schema.RecordTypeInfo|true|false
14:50:37.0 (4796783)|VARIABLE_ASSIGNMENT|[278]|info|"common.api.soap.wsdl.RecordTypeInfo@a287f482"|0x4dd9099c
14:50:37.0 (4799498)|STATEMENT_EXECUTE|[279]
14:50:37.0 (4801467)|HEAP_ALLOCATE|[279]|Bytes:4
14:50:37.0 (4806778)|HEAP_ALLOCATE|[EXTERNAL]|Bytes:-4
14:50:37.0 (4811697)|HEAP_ALLOCATE|[276]|Bytes:5
14:50:37.0 (4815252)|VARIABLE_SCOPE_BEGIN|[276]|key|String|false|false
14:50:37.0 (4819985)|VARIABLE_ASSIGNMENT|[276]|key|"Cancelación de Adici (13 more) ..."
14:50:37.0 (4822251)|STATEMENT_EXECUTE|[276]
14:50:37.0 (4823115)|STATEMENT_EXECUTE|[278]
14:50:37.0 (4827241)|VARIABLE_SCOPE_BEGIN|[278]|info|Schema.RecordTypeInfo|true|false
14:50:37.0 (4843862)|VARIABLE_ASSIGNMENT|[278]|info|"common.api.soap.wsdl.RecordTypeInfo@9677e4f6"|0x721efce5
14:50:37.0 (4846606)|STATEMENT_EXECUTE|[279]
14:50:37.0 (4848620)|HEAP_ALLOCATE|[279]|Bytes:4
14:50:37.0 (4853923)|HEAP_ALLOCATE|[EXTERNAL]|Bytes:-4
14:50:37.0 (4858750)|HEAP_ALLOCATE|[276]|Bytes:5
14:50:37.0 (4862378)|VARIABLE_SCOPE_BEGIN|[276]|key|String|false|false
14:50:37.0 (4867469)|VARIABLE_ASSIGNMENT|[276]|key|"Cancelación de Tarje (20 more) ..."
14:50:37.0 (4869634)|STATEMENT_EXECUTE|[276]
14:50:37.0 (4870518)|STATEMENT_EXECUTE|[278]
14:50:37.0 (4874499)|VARIABLE_SCOPE_BEGIN|[278]|info|Schema.RecordTypeInfo|true|false
14:50:37.0 (4891091)|VARIABLE_ASSIGNMENT|[278]|info|"common.api.soap.wsdl.RecordTypeInfo@41ee2a4a"|0x49d8df0a
14:50:37.0 (4893856)|STATEMENT_EXECUTE|[279]
14:50:37.0 (4895856)|HEAP_ALLOCATE|[279]|Bytes:4
14:50:37.0 (4901049)|HEAP_ALLOCATE|[EXTERNAL]|Bytes:-4
14:50:37.0 (4905765)|HEAP_ALLOCATE|[276]|Bytes:5
14:50:37.0 (4909601)|VARIABLE_SCOPE_BEGIN|[276]|key|String|false|false
14:50:37.0 (4914091)|VARIABLE_ASSIGNMENT|[276]|key|"Cancelación de Titul (2 more) ..."
14:50:37.0 (4916358)|STATEMENT_EXECUTE|[276]
14:50:37.0 (4917236)|STATEMENT_EXECUTE|[278]
14:50:37.0 (4921538)|VARIABLE_SCOPE_BEGIN|[278]|info|Schema.RecordTypeInfo|true|false
14:50:37.0 (4938135)|VARIABLE_ASSIGNMENT|[278]|info|"common.api.soap.wsdl.RecordTypeInfo@f3aa61a5"|0x2f4a585b
14:50:37.0 (4940931)|STATEMENT_EXECUTE|[279]
14:50:37.0 (4942980)|HEAP_ALLOCATE|[279]|Bytes:4
14:50:37.0 (4948279)|HEAP_ALLOCATE|[EXTERNAL]|Bytes:-4
14:50:37.0 (4953091)|HEAP_ALLOCATE|[276]|Bytes:5
14:50:37.0 (4956679)|VARIABLE_SCOPE_BEGIN|[276]|key|String|false|false
14:50:37.0 (4961289)|VARIABLE_ASSIGNMENT|[276]|key|"Cancelación por fall (30 more) ..."
14:50:37.0 (4963510)|STATEMENT_EXECUTE|[276]
14:50:37.0 (4964435)|STATEMENT_EXECUTE|[278]
14:50:37.0 (4968465)|VARIABLE_SCOPE_BEGIN|[278]|info|Schema.RecordTypeInfo|true|false
14:50:37.0 (4984760)|VARIABLE_ASSIGNMENT|[278]|info|"common.api.soap.wsdl.RecordTypeInfo@c2aa1923"|0x2ada31c7
14:50:37.0 (4987527)|STATEMENT_EXECUTE|[279]
14:50:37.0 (4989567)|HEAP_ALLOCATE|[279]|Bytes:4
14:50:37.0 (4994618)|HEAP_ALLOCATE|[EXTERNAL]|Bytes:-4
14:50:37.0 (4999557)|HEAP_ALLOCATE|[276]|Bytes:5
14:50:37.0 (5003326)|VARIABLE_SCOPE_BEGIN|[276]|key|String|false|false
14:50:37.0 (5008793)|VARIABLE_ASSIGNMENT|[276]|key|"Cargo No Reconocido  (8 more) ..."
14:50:37.0 (5010940)|STATEMENT_EXECUTE|[276]
14:50:37.0 (5011813)|STATEMENT_EXECUTE|[278]
14:50:37.0 (5015746)|VARIABLE_SCOPE_BEGIN|[278]|info|Schema.RecordTypeInfo|true|false
14:50:37.0 (5032190)|VARIABLE_ASSIGNMENT|[278]|info|"common.api.soap.wsdl.RecordTypeInfo@9d794691"|0x2f2609ad
14:50:37.0 (5035044)|STATEMENT_EXECUTE|[279]
14:50:37.0 (5037093)|HEAP_ALLOCATE|[279]|Bytes:4
14:50:37.0 (5042345)|HEAP_ALLOCATE|[EXTERNAL]|Bytes:-4
14:50:37.0 (5047238)|HEAP_ALLOCATE|[276]|Bytes:5
14:50:37.0 (5050860)|VARIABLE_SCOPE_BEGIN|[276]|key|String|false|false
14:50:37.0 (5055389)|VARIABLE_ASSIGNMENT|[276]|key|"Cargo no reconocido"
14:50:37.0 (5057486)|STATEMENT_EXECUTE|[276]
14:50:37.0 (5058397)|STATEMENT_EXECUTE|[278]
14:50:37.0 (5062416)|VARIABLE_SCOPE_BEGIN|[278]|info|Schema.RecordTypeInfo|true|false
14:50:37.0 (5079173)|VARIABLE_ASSIGNMENT|[278]|info|"common.api.soap.wsdl.RecordTypeInfo@18d8e370"|0x2009b3cc
14:50:37.0 (5082184)|STATEMENT_EXECUTE|[279]
14:50:37.0 (5084239)|HEAP_ALLOCATE|[279]|Bytes:4
14:50:37.0 (5089513)|HEAP_ALLOCATE|[EXTERNAL]|Bytes:-4
14:50:37.0 (5094397)|HEAP_ALLOCATE|[276]|Bytes:5
14:50:37.0 (5098155)|VARIABLE_SCOPE_BEGIN|[276]|key|String|false|false
14:50:37.0 (5102558)|VARIABLE_ASSIGNMENT|[276]|key|"Carta Finiquito"
14:50:37.0 (5104819)|STATEMENT_EXECUTE|[276]
14:50:37.0 (5105739)|STATEMENT_EXECUTE|[278]
14:50:37.0 (5109717)|VARIABLE_SCOPE_BEGIN|[278]|info|Schema.RecordTypeInfo|true|false
14:50:37.0 (5126153)|VARIABLE_ASSIGNMENT|[278]|info|"common.api.soap.wsdl.RecordTypeInfo@b7d2cccc"|0x5d7caf16
14:50:37.0 (5128958)|STATEMENT_EXECUTE|[279]
14:50:37.0 (5131075)|HEAP_ALLOCATE|[279]|Bytes:4
14:50:37.0 (5136596)|HEAP_ALLOCATE|[EXTERNAL]|Bytes:-4
14:50:37.0 (5141582)|HEAP_ALLOCATE|[276]|Bytes:5
14:50:37.0 (5145176)|VARIABLE_SCOPE_BEGIN|[276]|key|String|false|false
14:50:37.0 (5150105)|VARIABLE_ASSIGNMENT|[276]|key|"Cliente en Mora Grav (1 more) ..."
14:50:37.0 (5152198)|STATEMENT_EXECUTE|[276]
14:50:37.0 (5153073)|STATEMENT_EXECUTE|[278]
14:50:37.0 (5157203)|VARIABLE_SCOPE_BEGIN|[278]|info|Schema.RecordTypeInfo|true|false
14:50:37.0 (5173550)|VARIABLE_ASSIGNMENT|[278]|info|"common.api.soap.wsdl.RecordTypeInfo@85d25fd8"|0x2653f977
14:50:37.0 (5176211)|STATEMENT_EXECUTE|[279]
14:50:37.0 (5178231)|HEAP_ALLOCATE|[279]|Bytes:4
14:50:37.0 (5183527)|HEAP_ALLOCATE|[EXTERNAL]|Bytes:-4
14:50:37.0 (5188272)|HEAP_ALLOCATE|[276]|Bytes:5
14:50:37.0 (5191906)|VARIABLE_SCOPE_BEGIN|[276]|key|String|false|false
14:50:37.0 (5196765)|VARIABLE_ASSIGNMENT|[276]|key|"Cobro a Persona Equi (6 more) ..."
14:50:37.0 (5198825)|STATEMENT_EXECUTE|[276]
14:50:37.0 (5199707)|STATEMENT_EXECUTE|[278]
14:50:37.0 (5203844)|VARIABLE_SCOPE_BEGIN|[278]|info|Schema.RecordTypeInfo|true|false
14:50:37.0 (5220321)|VARIABLE_ASSIGNMENT|[278]|info|"common.api.soap.wsdl.RecordTypeInfo@2a2b8d4f"|0x39a7f771
14:50:37.0 (5223206)|STATEMENT_EXECUTE|[279]
14:50:37.0 (5225255)|HEAP_ALLOCATE|[279]|Bytes:4
14:50:37.0 (5230582)|HEAP_ALLOCATE|[EXTERNAL]|Bytes:-4
14:50:37.0 (5235372)|HEAP_ALLOCATE|[276]|Bytes:5
14:50:37.0 (5238985)|VARIABLE_SCOPE_BEGIN|[276]|key|String|false|false
14:50:37.0 (5243441)|VARIABLE_ASSIGNMENT|[276]|key|"Compra no diferida"
14:50:37.0 (5245594)|STATEMENT_EXECUTE|[276]
14:50:37.0 (5246432)|STATEMENT_EXECUTE|[278]
14:50:37.0 (5250401)|VARIABLE_SCOPE_BEGIN|[278]|info|Schema.RecordTypeInfo|true|false
14:50:37.0 (5266356)|VARIABLE_ASSIGNMENT|[278]|info|"common.api.soap.wsdl.RecordTypeInfo@2b1f53cf"|0x54dda45a
14:50:37.0 (5269165)|STATEMENT_EXECUTE|[279]
14:50:37.0 (5271182)|HEAP_ALLOCATE|[279]|Bytes:4
14:50:37.0 (5276375)|HEAP_ALLOCATE|[EXTERNAL]|Bytes:-4
14:50:37.0 (5281215)|HEAP_ALLOCATE|[276]|Bytes:5
14:50:37.0 (5284823)|VARIABLE_SCOPE_BEGIN|[276]|key|String|false|false
14:50:37.0 (5289511)|VARIABLE_ASSIGNMENT|[276]|key|"Compra no diferida ( (7 more) ..."
14:50:37.0 (5291539)|STATEMENT_EXECUTE|[276]
14:50:37.0 (5292436)|STATEMENT_EXECUTE|[278]
14:50:37.0 (5296590)|VARIABLE_SCOPE_BEGIN|[278]|info|Schema.RecordTypeInfo|true|false
14:50:37.0 (5312932)|VARIABLE_ASSIGNMENT|[278]|info|"common.api.soap.wsdl.RecordTypeInfo@b545a3a2"|0x6c61b5c8
14:50:37.0 (5315715)|STATEMENT_EXECUTE|[279]
14:50:37.0 (5317745)|HEAP_ALLOCATE|[279]|Bytes:4
14:50:37.0 (5323100)|HEAP_ALLOCATE|[EXTERNAL]|Bytes:-4
14:50:37.0 (5327943)|HEAP_ALLOCATE|[276]|Bytes:5
14:50:37.0 (5331537)|VARIABLE_SCOPE_BEGIN|[276]|key|String|false|false
14:50:37.0 (5335876)|VARIABLE_ASSIGNMENT|[276]|key|"Condonación"
14:50:37.0 (5338135)|STATEMENT_EXECUTE|[276]
14:50:37.0 (5338987)|STATEMENT_EXECUTE|[278]
14:50:37.0 (5342998)|VARIABLE_SCOPE_BEGIN|[278]|info|Schema.RecordTypeInfo|true|false
14:50:37.0 (5359341)|VARIABLE_ASSIGNMENT|[278]|info|"common.api.soap.wsdl.RecordTypeInfo@bf74e2cb"|0x55407172
14:50:37.0 (5362241)|STATEMENT_EXECUTE|[279]
14:50:37.0 (5364262)|HEAP_ALLOCATE|[279]|Bytes:4
14:50:37.0 (5369537)|HEAP_ALLOCATE|[EXTERNAL]|Bytes:-4
14:50:37.0 (5374342)|HEAP_ALLOCATE|[276]|Bytes:5
14:50:37.0 (5377936)|VARIABLE_SCOPE_BEGIN|[276]|key|String|false|false
14:50:37.0 (5382852)|VARIABLE_ASSIGNMENT|[276]|key|"Consulta Fecha Corte (18 more) ..."
14:50:37.0 (5385001)|STATEMENT_EXECUTE|[276]
14:50:37.0 (5385856)|STATEMENT_EXECUTE|[278]
14:50:37.0 (5389966)|VARIABLE_SCOPE_BEGIN|[278]|info|Schema.RecordTypeInfo|true|false
14:50:37.0 (5406832)|VARIABLE_ASSIGNMENT|[278]|info|"common.api.soap.wsdl.RecordTypeInfo@edebf001"|0x53da18d4
14:50:37.0 (5409626)|STATEMENT_EXECUTE|[279]
14:50:37.0 (5411548)|HEAP_ALLOCATE|[279]|Bytes:4
14:50:37.0 (5416679)|HEAP_ALLOCATE|[EXTERNAL]|Bytes:-4
14:50:37.0 (5421507)|HEAP_ALLOCATE|[276]|Bytes:5
14:50:37.0 (5425159)|VARIABLE_SCOPE_BEGIN|[276]|key|String|false|false
14:50:37.0 (5430195)|VARIABLE_ASSIGNMENT|[276]|key|"Consulta Límite Créd (16 more) ..."
14:50:37.0 (5432573)|STATEMENT_EXECUTE|[276]
14:50:37.0 (5433407)|STATEMENT_EXECUTE|[278]
14:50:37.0 (5437344)|VARIABLE_SCOPE_BEGIN|[278]|info|Schema.RecordTypeInfo|true|false
14:50:37.0 (5454429)|VARIABLE_ASSIGNMENT|[278]|info|"common.api.soap.wsdl.RecordTypeInfo@df78061f"|0x6a9c8981
14:50:37.0 (5457319)|STATEMENT_EXECUTE|[279]
14:50:37.0 (5459319)|HEAP_ALLOCATE|[279]|Bytes:4
14:50:37.0 (5464651)|HEAP_ALLOCATE|[EXTERNAL]|Bytes:-4
14:50:37.0 (5469520)|HEAP_ALLOCATE|[276]|Bytes:5
14:50:37.0 (5473110)|VARIABLE_SCOPE_BEGIN|[276]|key|String|false|false
14:50:37.0 (5477764)|VARIABLE_ASSIGNMENT|[276]|key|"Consulta de Movimien (3 more) ..."
14:50:37.0 (5479869)|STATEMENT_EXECUTE|[276]
14:50:37.0 (5480769)|STATEMENT_EXECUTE|[278]
14:50:37.0 (5484739)|VARIABLE_SCOPE_BEGIN|[278]|info|Schema.RecordTypeInfo|true|false
14:50:37.0 (5501180)|VARIABLE_ASSIGNMENT|[278]|info|"common.api.soap.wsdl.RecordTypeInfo@c09e846b"|0xbb2beef
14:50:37.0 (5504174)|STATEMENT_EXECUTE|[279]
14:50:37.0 (5506250)|HEAP_ALLOCATE|[279]|Bytes:4
14:50:37.0 (5511571)|HEAP_ALLOCATE|[EXTERNAL]|Bytes:-4
14:50:37.0 (5516416)|HEAP_ALLOCATE|[276]|Bytes:5
14:50:37.0 (5520030)|VARIABLE_SCOPE_BEGIN|[276]|key|String|false|false
14:50:37.0 (5524425)|VARIABLE_ASSIGNMENT|[276]|key|"Consulta de PAN"
14:50:37.0 (5526474)|STATEMENT_EXECUTE|[276]
14:50:37.0 (5527455)|STATEMENT_EXECUTE|[278]
14:50:37.0 (5531593)|VARIABLE_SCOPE_BEGIN|[278]|info|Schema.RecordTypeInfo|true|false
14:50:37.0 (5548112)|VARIABLE_ASSIGNMENT|[278]|info|"common.api.soap.wsdl.RecordTypeInfo@33de21de"|0x5d2f850a
14:50:37.0 (5550982)|STATEMENT_EXECUTE|[279]
14:50:37.0 (5553031)|HEAP_ALLOCATE|[279]|Bytes:4
14:50:37.0 (5558296)|HEAP_ALLOCATE|[EXTERNAL]|Bytes:-4
14:50:37.0 (5563010)|HEAP_ALLOCATE|[276]|Bytes:5
14:50:37.0 (5566552)|VARIABLE_SCOPE_BEGIN|[276]|key|String|false|false
14:50:37.0 (5571192)|VARIABLE_ASSIGNMENT|[276]|key|"Consulta de Saldo a  (5 more) ..."
14:50:37.0 (5573461)|STATEMENT_EXECUTE|[276]
14:50:37.0 (5574352)|STATEMENT_EXECUTE|[278]
14:50:37.0 (5578456)|VARIABLE_SCOPE_BEGIN|[278]|info|Schema.RecordTypeInfo|true|false
14:50:37.0 (5595154)|VARIABLE_ASSIGNMENT|[278]|info|"common.api.soap.wsdl.RecordTypeInfo@287bf5b3"|0x5e303ac3
14:50:37.0 (5597844)|STATEMENT_EXECUTE|[279]
14:50:37.0 (5599851)|HEAP_ALLOCATE|[279]|Bytes:4
14:50:37.0 (5605065)|HEAP_ALLOCATE|[EXTERNAL]|Bytes:-4
14:50:37.0 (5610131)|HEAP_ALLOCATE|[276]|Bytes:5
14:50:37.0 (5613612)|VARIABLE_SCOPE_BEGIN|[276]|key|String|false|false
14:50:37.0 (5618274)|VARIABLE_ASSIGNMENT|[276]|key|"Consulta de Saldos y (12 more) ..."
14:50:37.0 (5620342)|STATEMENT_EXECUTE|[276]
14:50:37.0 (5621234)|STATEMENT_EXECUTE|[278]
14:50:37.0 (5625328)|VARIABLE_SCOPE_BEGIN|[278]|info|Schema.RecordTypeInfo|true|false
14:50:37.0 (5641857)|VARIABLE_ASSIGNMENT|[278]|info|"common.api.soap.wsdl.RecordTypeInfo@3a09b8e5"|0x506e7005
14:50:37.0 (5644608)|STATEMENT_EXECUTE|[279]
14:50:37.0 (5646606)|HEAP_ALLOCATE|[279]|Bytes:4
14:50:37.0 (5651683)|HEAP_ALLOCATE|[EXTERNAL]|Bytes:-4
14:50:37.0 (5656570)|HEAP_ALLOCATE|[276]|Bytes:5
14:50:37.0 (5660115)|VARIABLE_SCOPE_BEGIN|[276]|key|String|false|false
14:50:37.0 (5664452)|VARIABLE_ASSIGNMENT|[276]|key|"Consulta de Seguros"
14:50:37.0 (5666439)|STATEMENT_EXECUTE|[276]
14:50:37.0 (5667295)|STATEMENT_EXECUTE|[278]
14:50:37.0 (5671570)|VARIABLE_SCOPE_BEGIN|[278]|info|Schema.RecordTypeInfo|true|false
14:50:37.0 (5688385)|VARIABLE_ASSIGNMENT|[278]|info|"common.api.soap.wsdl.RecordTypeInfo@cf799212"|0x4e35f921
14:50:37.0 (5691315)|STATEMENT_EXECUTE|[279]
14:50:37.0 (5693360)|HEAP_ALLOCATE|[279]|Bytes:4
14:50:37.0 (5698364)|HEAP_ALLOCATE|[EXTERNAL]|Bytes:-4
14:50:37.0 (5703334)|HEAP_ALLOCATE|[276]|Bytes:5
14:50:37.0 (5706994)|VARIABLE_SCOPE_BEGIN|[276]|key|String|false|false
14:50:37.0 (5711408)|VARIABLE_ASSIGNMENT|[276]|key|"Contrato manual"
14:50:37.0 (5713595)|STATEMENT_EXECUTE|[276]
14:50:37.0 (5714468)|STATEMENT_EXECUTE|[278]
14:50:37.0 (5718693)|VARIABLE_SCOPE_BEGIN|[278]|info|Schema.RecordTypeInfo|true|false
14:50:37.0 (5735155)|VARIABLE_ASSIGNMENT|[278]|info|"common.api.soap.wsdl.RecordTypeInfo@c7574dd9"|0x6f932238
14:50:37.0 (5737946)|STATEMENT_EXECUTE|[279]
14:50:37.0 (5739949)|HEAP_ALLOCATE|[279]|Bytes:4
14:50:37.0 (5745082)|HEAP_ALLOCATE|[EXTERNAL]|Bytes:-4
14:50:37.0 (5749858)|HEAP_ALLOCATE|[276]|Bytes:5
14:50:37.0 (5753420)|VARIABLE_SCOPE_BEGIN|[276]|key|String|false|false
14:50:37.0 (5758291)|VARIABLE_ASSIGNMENT|[276]|key|"Desbloqueo de PIN"
14:50:37.0 (5760346)|STATEMENT_EXECUTE|[276]
14:50:37.0 (5761206)|STATEMENT_EXECUTE|[278]
14:50:37.0 (5765495)|VARIABLE_SCOPE_BEGIN|[278]|info|Schema.RecordTypeInfo|true|false
14:50:37.0 (5782186)|VARIABLE_ASSIGNMENT|[278]|info|"common.api.soap.wsdl.RecordTypeInfo@30261dc8"|0x302afb2b
14:50:37.0 (5785052)|STATEMENT_EXECUTE|[279]
14:50:37.0 (5787002)|HEAP_ALLOCATE|[279]|Bytes:4
14:50:37.0 (5793723)|HEAP_ALLOCATE|[EXTERNAL]|Bytes:-4
14:50:37.0 (5798517)|HEAP_ALLOCATE|[276]|Bytes:5
14:50:37.0 (5802095)|VARIABLE_SCOPE_BEGIN|[276]|key|String|false|false
14:50:37.0 (5807039)|VARIABLE_ASSIGNMENT|[276]|key|"Desconoce transacció (8 more) ..."
14:50:37.0 (5809468)|STATEMENT_EXECUTE|[276]
14:50:37.0 (5810342)|STATEMENT_EXECUTE|[278]
14:50:37.0 (5814311)|VARIABLE_SCOPE_BEGIN|[278]|info|Schema.RecordTypeInfo|true|false
14:50:37.0 (5830951)|VARIABLE_ASSIGNMENT|[278]|info|"common.api.soap.wsdl.RecordTypeInfo@96885c8c"|0x13e75b73
14:50:37.0 (5833794)|STATEMENT_EXECUTE|[279]
14:50:37.0 (5835852)|HEAP_ALLOCATE|[279]|Bytes:4
14:50:37.0 (5841031)|HEAP_ALLOCATE|[EXTERNAL]|Bytes:-4
14:50:37.0 (5845852)|HEAP_ALLOCATE|[276]|Bytes:5
14:50:37.0 (5849506)|VARIABLE_SCOPE_BEGIN|[276]|key|String|false|false
14:50:37.0 (5854472)|VARIABLE_ASSIGNMENT|[276]|key|"Desconoce transacció (17 more) ..."
14:50:37.0 (5856834)|STATEMENT_EXECUTE|[276]
14:50:37.0 (5857714)|STATEMENT_EXECUTE|[278]
14:50:37.0 (5861883)|VARIABLE_SCOPE_BEGIN|[278]|info|Schema.RecordTypeInfo|true|false
14:50:37.0 (5878501)|VARIABLE_ASSIGNMENT|[278]|info|"common.api.soap.wsdl.RecordTypeInfo@aec1d09b"|0x72fa44df
14:50:37.0 (5881255)|STATEMENT_EXECUTE|[279]
14:50:37.0 (5883286)|HEAP_ALLOCATE|[279]|Bytes:4
14:50:37.0 (5888440)|HEAP_ALLOCATE|[EXTERNAL]|Bytes:-4
14:50:37.0 (5893349)|HEAP_ALLOCATE|[276]|Bytes:5
14:50:37.0 (5897096)|VARIABLE_SCOPE_BEGIN|[276]|key|String|false|false
14:50:37.0 (5901801)|VARIABLE_ASSIGNMENT|[276]|key|"Emboce Centralizado"
14:50:37.0 (5903856)|STATEMENT_EXECUTE|[276]
14:50:37.0 (5904712)|STATEMENT_EXECUTE|[278]
14:50:37.0 (5908894)|VARIABLE_SCOPE_BEGIN|[278]|info|Schema.RecordTypeInfo|true|false
14:50:37.0 (5925852)|VARIABLE_ASSIGNMENT|[278]|info|"common.api.soap.wsdl.RecordTypeInfo@1e08cefd"|0x40e2a5a
14:50:37.0 (5928490)|STATEMENT_EXECUTE|[279]
14:50:37.0 (5930482)|HEAP_ALLOCATE|[279]|Bytes:4
14:50:37.0 (5935702)|HEAP_ALLOCATE|[EXTERNAL]|Bytes:-4
14:50:37.0 (5940462)|HEAP_ALLOCATE|[276]|Bytes:5
14:50:37.0 (5944094)|VARIABLE_SCOPE_BEGIN|[276]|key|String|false|false
14:50:37.0 (5949330)|VARIABLE_ASSIGNMENT|[276]|key|"Estado de Cuenta No  (5 more) ..."
14:50:37.0 (5951379)|STATEMENT_EXECUTE|[276]
14:50:37.0 (5952225)|STATEMENT_EXECUTE|[278]
14:50:37.0 (5956387)|VARIABLE_SCOPE_BEGIN|[278]|info|Schema.RecordTypeInfo|true|false
14:50:37.0 (5972907)|VARIABLE_ASSIGNMENT|[278]|info|"common.api.soap.wsdl.RecordTypeInfo@5d8b692e"|0x631a7a53
14:50:37.0 (5975715)|STATEMENT_EXECUTE|[279]
14:50:37.0 (5977668)|HEAP_ALLOCATE|[279]|Bytes:4
14:50:37.0 (5982929)|HEAP_ALLOCATE|[EXTERNAL]|Bytes:-4
14:50:37.0 (5987831)|HEAP_ALLOCATE|[276]|Bytes:5
14:50:37.0 (5991517)|VARIABLE_SCOPE_BEGIN|[276]|key|String|false|false
14:50:37.0 (5996383)|VARIABLE_ASSIGNMENT|[276]|key|"Estado de Cuenta No  (14 more) ..."
14:50:37.0 (5998411)|STATEMENT_EXECUTE|[276]
14:50:37.0 (5999292)|STATEMENT_EXECUTE|[278]
14:50:37.0 (6003362)|VARIABLE_SCOPE_BEGIN|[278]|info|Schema.RecordTypeInfo|true|false
14:50:37.0 (6020642)|VARIABLE_ASSIGNMENT|[278]|info|"common.api.soap.wsdl.RecordTypeInfo@245cdfba"|0x4a8f9980
14:50:37.0 (6023431)|STATEMENT_EXECUTE|[279]
14:50:37.0 (6025365)|HEAP_ALLOCATE|[279]|Bytes:4
14:50:37.0 (6030606)|HEAP_ALLOCATE|[EXTERNAL]|Bytes:-4
14:50:37.0 (6035489)|HEAP_ALLOCATE|[276]|Bytes:5
14:50:37.0 (6039220)|VARIABLE_SCOPE_BEGIN|[276]|key|String|false|false
14:50:37.0 (6043527)|VARIABLE_ASSIGNMENT|[276]|key|"Figital"
14:50:37.0 (6045533)|STATEMENT_EXECUTE|[276]
14:50:37.0 (6046480)|STATEMENT_EXECUTE|[278]
14:50:37.0 (6050956)|VARIABLE_SCOPE_BEGIN|[278]|info|Schema.RecordTypeInfo|true|false
14:50:37.0 (6067395)|VARIABLE_ASSIGNMENT|[278]|info|"common.api.soap.wsdl.RecordTypeInfo@7c4f98fb"|0x6af3f0b2
14:50:37.0 (6070152)|STATEMENT_EXECUTE|[279]
14:50:37.0 (6072167)|HEAP_ALLOCATE|[279]|Bytes:4
14:50:37.0 (6077371)|HEAP_ALLOCATE|[EXTERNAL]|Bytes:-4
14:50:37.0 (6082160)|HEAP_ALLOCATE|[276]|Bytes:5
14:50:37.0 (6085747)|VARIABLE_SCOPE_BEGIN|[276]|key|String|false|false
14:50:37.0 (6090500)|VARIABLE_ASSIGNMENT|[276]|key|"Información de Promo (6 more) ..."
14:50:37.0 (6092753)|STATEMENT_EXECUTE|[276]
14:50:37.0 (6093574)|STATEMENT_EXECUTE|[278]
14:50:37.0 (6097608)|VARIABLE_SCOPE_BEGIN|[278]|info|Schema.RecordTypeInfo|true|false
14:50:37.0 (6114581)|VARIABLE_ASSIGNMENT|[278]|info|"common.api.soap.wsdl.RecordTypeInfo@cd9eb64"|0x1fda4b4c
14:50:37.0 (6117313)|STATEMENT_EXECUTE|[279]
14:50:37.0 (6119269)|HEAP_ALLOCATE|[279]|Bytes:4
14:50:37.0 (6124363)|HEAP_ALLOCATE|[EXTERNAL]|Bytes:-4
14:50:37.0 (6129020)|HEAP_ALLOCATE|[276]|Bytes:5
14:50:37.0 (6132785)|VARIABLE_SCOPE_BEGIN|[276]|key|String|false|false
14:50:37.0 (6137648)|VARIABLE_ASSIGNMENT|[276]|key|"Invitación Canales D (8 more) ..."
14:50:37.0 (6140158)|STATEMENT_EXECUTE|[276]
14:50:37.0 (6140995)|STATEMENT_EXECUTE|[278]
14:50:37.0 (6145133)|VARIABLE_SCOPE_BEGIN|[278]|info|Schema.RecordTypeInfo|true|false
14:50:37.0 (6161569)|VARIABLE_ASSIGNMENT|[278]|info|"common.api.soap.wsdl.RecordTypeInfo@16f44053"|0x2f227206
14:50:37.0 (6164262)|STATEMENT_EXECUTE|[279]
14:50:37.0 (6166283)|HEAP_ALLOCATE|[279]|Bytes:4
14:50:37.0 (6171493)|HEAP_ALLOCATE|[EXTERNAL]|Bytes:-4
14:50:37.0 (6176407)|HEAP_ALLOCATE|[276]|Bytes:5
14:50:37.0 (6180056)|VARIABLE_SCOPE_BEGIN|[276]|key|String|false|false
14:50:37.0 (6185229)|VARIABLE_ASSIGNMENT|[276]|key|"Liberación de Compra (9 more) ..."
14:50:37.0 (6187506)|STATEMENT_EXECUTE|[276]
14:50:37.0 (6188344)|STATEMENT_EXECUTE|[278]
14:50:37.0 (6192390)|VARIABLE_SCOPE_BEGIN|[278]|info|Schema.RecordTypeInfo|true|false
14:50:37.0 (6208992)|VARIABLE_ASSIGNMENT|[278]|info|"common.api.soap.wsdl.RecordTypeInfo@93f08065"|0x1957bdfb
14:50:37.0 (6211673)|STATEMENT_EXECUTE|[279]
14:50:37.0 (6213655)|HEAP_ALLOCATE|[279]|Bytes:4
14:50:37.0 (6219398)|HEAP_ALLOCATE|[EXTERNAL]|Bytes:-4
14:50:37.0 (6224178)|HEAP_ALLOCATE|[276]|Bytes:5
14:50:37.0 (6227748)|VARIABLE_SCOPE_BEGIN|[276]|key|String|false|false
14:50:37.0 (6232581)|VARIABLE_ASSIGNMENT|[276]|key|"Liberar Saldo Reteni (11 more) ..."
14:50:37.0 (6234653)|STATEMENT_EXECUTE|[276]
14:50:37.0 (6235483)|STATEMENT_EXECUTE|[278]
14:50:37.0 (6239759)|VARIABLE_SCOPE_BEGIN|[278]|info|Schema.RecordTypeInfo|true|false
14:50:37.0 (6256791)|VARIABLE_ASSIGNMENT|[278]|info|"common.api.soap.wsdl.RecordTypeInfo@c5ec1a81"|0x6c54b803
14:50:37.0 (6259425)|STATEMENT_EXECUTE|[279]
14:50:37.0 (6261446)|HEAP_ALLOCATE|[279]|Bytes:4
14:50:37.0 (6266615)|HEAP_ALLOCATE|[EXTERNAL]|Bytes:-4
14:50:37.0 (6271391)|HEAP_ALLOCATE|[276]|Bytes:5
14:50:37.0 (6274925)|VARIABLE_SCOPE_BEGIN|[276]|key|String|false|false
14:50:37.0 (6279923)|VARIABLE_ASSIGNMENT|[276]|key|"Liberar saldo reteni (2 more) ..."
14:50:37.0 (6281951)|STATEMENT_EXECUTE|[276]
14:50:37.0 (6282820)|STATEMENT_EXECUTE|[278]
14:50:37.0 (6286959)|VARIABLE_SCOPE_BEGIN|[278]|info|Schema.RecordTypeInfo|true|false
14:50:37.0 (6303251)|VARIABLE_ASSIGNMENT|[278]|info|"common.api.soap.wsdl.RecordTypeInfo@a1b19da2"|0x21990eee
14:50:37.0 (6305944)|STATEMENT_EXECUTE|[279]
14:50:37.0 (6307849)|HEAP_ALLOCATE|[279]|Bytes:4
14:50:37.0 (6313330)|HEAP_ALLOCATE|[EXTERNAL]|Bytes:-4
14:50:37.0 (6318109)|HEAP_ALLOCATE|[276]|Bytes:5
14:50:37.0 (6321749)|VARIABLE_SCOPE_BEGIN|[276]|key|String|false|false
14:50:37.0 (6326558)|VARIABLE_ASSIGNMENT|[276]|key|"Mal proceso de cobro"
14:50:37.0 (6328603)|STATEMENT_EXECUTE|[276]
14:50:37.0 (6329478)|STATEMENT_EXECUTE|[278]
14:50:37.0 (6333464)|VARIABLE_SCOPE_BEGIN|[278]|info|Schema.RecordTypeInfo|true|false
14:50:37.0 (6349998)|VARIABLE_ASSIGNMENT|[278]|info|"common.api.soap.wsdl.RecordTypeInfo@41b8e3ba"|0x1d97ea99
14:50:37.0 (6352683)|STATEMENT_EXECUTE|[279]
14:50:37.0 (6354662)|HEAP_ALLOCATE|[279]|Bytes:4
14:50:37.0 (6359991)|HEAP_ALLOCATE|[EXTERNAL]|Bytes:-4
14:50:37.0 (6364840)|HEAP_ALLOCATE|[276]|Bytes:5
14:50:37.0 (6368551)|VARIABLE_SCOPE_BEGIN|[276]|key|String|false|false
14:50:37.0 (6373371)|VARIABLE_ASSIGNMENT|[276]|key|"Notificación Publici (3 more) ..."
14:50:37.0 (6375649)|STATEMENT_EXECUTE|[276]
14:50:37.0 (6376506)|STATEMENT_EXECUTE|[278]
14:50:37.0 (6380647)|VARIABLE_SCOPE_BEGIN|[278]|info|Schema.RecordTypeInfo|true|false
14:50:37.0 (6397184)|VARIABLE_ASSIGNMENT|[278]|info|"common.api.soap.wsdl.RecordTypeInfo@4196691a"|0x390b34b5
14:50:37.0 (6399914)|STATEMENT_EXECUTE|[279]
14:50:37.0 (6401944)|HEAP_ALLOCATE|[279]|Bytes:4
14:50:37.0 (6407200)|HEAP_ALLOCATE|[EXTERNAL]|Bytes:-4
14:50:37.0 (6411951)|HEAP_ALLOCATE|[276]|Bytes:5
14:50:37.0 (6415497)|VARIABLE_SCOPE_BEGIN|[276]|key|String|false|false
14:50:37.0 (6420257)|VARIABLE_ASSIGNMENT|[276]|key|"Pago No Aplicado"
14:50:37.0 (6422300)|STATEMENT_EXECUTE|[276]
14:50:37.0 (6423160)|STATEMENT_EXECUTE|[278]
14:50:37.0 (6427186)|VARIABLE_SCOPE_BEGIN|[278]|info|Schema.RecordTypeInfo|true|false
14:50:37.0 (6443896)|VARIABLE_ASSIGNMENT|[278]|info|"common.api.soap.wsdl.RecordTypeInfo@6663c20"|0x70d60737
14:50:37.0 (6446816)|STATEMENT_EXECUTE|[279]
14:50:37.0 (6448720)|HEAP_ALLOCATE|[279]|Bytes:4
14:50:37.0 (6453662)|HEAP_ALLOCATE|[EXTERNAL]|Bytes:-4
14:50:37.0 (6458515)|HEAP_ALLOCATE|[276]|Bytes:5
14:50:37.0 (6462155)|VARIABLE_SCOPE_BEGIN|[276]|key|String|false|false
14:50:37.0 (6466946)|VARIABLE_ASSIGNMENT|[276]|key|"Pago No Aplicado (Mó (5 more) ..."
14:50:37.0 (6469177)|STATEMENT_EXECUTE|[276]
14:50:37.0 (6470049)|STATEMENT_EXECUTE|[278]
14:50:37.0 (6474090)|VARIABLE_SCOPE_BEGIN|[278]|info|Schema.RecordTypeInfo|true|false
14:50:37.0 (6518038)|VARIABLE_ASSIGNMENT|[278]|info|"common.api.soap.wsdl.RecordTypeInfo@8334e7ee"|0x195199bd
14:50:37.0 (6522956)|STATEMENT_EXECUTE|[279]
14:50:37.0 (6526641)|HEAP_ALLOCATE|[279]|Bytes:4
14:50:37.0 (6533683)|HEAP_ALLOCATE|[EXTERNAL]|Bytes:-4
14:50:37.0 (6539174)|HEAP_ALLOCATE|[276]|Bytes:5
14:50:37.0 (6543329)|VARIABLE_SCOPE_BEGIN|[276]|key|String|false|false
14:50:37.0 (6548612)|VARIABLE_ASSIGNMENT|[276]|key|"Plan de Pagos"
14:50:37.0 (6550819)|STATEMENT_EXECUTE|[276]
14:50:37.0 (6551687)|STATEMENT_EXECUTE|[278]
14:50:37.0 (6556077)|VARIABLE_SCOPE_BEGIN|[278]|info|Schema.RecordTypeInfo|true|false
14:50:37.0 (6574772)|VARIABLE_ASSIGNMENT|[278]|info|"common.api.soap.wsdl.RecordTypeInfo@153377c6"|0x3b307b2c
14:50:37.0 (6577582)|STATEMENT_EXECUTE|[279]
14:50:37.0 (6579455)|HEAP_ALLOCATE|[279]|Bytes:4
14:50:37.0 (6584570)|HEAP_ALLOCATE|[EXTERNAL]|Bytes:-4
14:50:37.0 (6589329)|HEAP_ALLOCATE|[276]|Bytes:5
14:50:37.0 (6593151)|VARIABLE_SCOPE_BEGIN|[276]|key|String|false|false
14:50:37.0 (6597948)|VARIABLE_ASSIGNMENT|[276]|key|"Promoción no Aplicad (1 more) ..."
14:50:37.0 (6600303)|STATEMENT_EXECUTE|[276]
14:50:37.0 (6601128)|STATEMENT_EXECUTE|[278]
14:50:37.0 (6605141)|VARIABLE_SCOPE_BEGIN|[278]|info|Schema.RecordTypeInfo|true|false
14:50:37.0 (6622199)|VARIABLE_ASSIGNMENT|[278]|info|"common.api.soap.wsdl.RecordTypeInfo@48530913"|0x5bfe5e63
14:50:37.0 (6624966)|STATEMENT_EXECUTE|[279]
14:50:37.0 (6626740)|HEAP_ALLOCATE|[279]|Bytes:4
14:50:37.0 (6631983)|HEAP_ALLOCATE|[EXTERNAL]|Bytes:-4
14:50:37.0 (6636776)|HEAP_ALLOCATE|[276]|Bytes:5
14:50:37.0 (6640395)|VARIABLE_SCOPE_BEGIN|[276]|key|String|false|false
14:50:37.0 (6654835)|VARIABLE_ASSIGNMENT|[276]|key|"Promoción no Aplicad (10 more) ..."
14:50:37.0 (6657728)|STATEMENT_EXECUTE|[276]
14:50:37.0 (6658579)|STATEMENT_EXECUTE|[278]
14:50:37.0 (6663664)|VARIABLE_SCOPE_BEGIN|[278]|info|Schema.RecordTypeInfo|true|false
14:50:37.0 (6681714)|VARIABLE_ASSIGNMENT|[278]|info|"common.api.soap.wsdl.RecordTypeInfo@54ed86c2"|0x1bd11594
14:50:37.0 (6684573)|STATEMENT_EXECUTE|[279]
14:50:37.0 (6687027)|HEAP_ALLOCATE|[279]|Bytes:4
14:50:37.0 (6692893)|HEAP_ALLOCATE|[EXTERNAL]|Bytes:-4
14:50:37.0 (6697859)|HEAP_ALLOCATE|[276]|Bytes:5
14:50:37.0 (6701710)|VARIABLE_SCOPE_BEGIN|[276]|key|String|false|false
14:50:37.0 (6710613)|VARIABLE_ASSIGNMENT|[276]|key|"Préstamo Personal"
14:50:37.0 (6713164)|STATEMENT_EXECUTE|[276]
14:50:37.0 (6714176)|STATEMENT_EXECUTE|[278]
14:50:37.0 (6718284)|VARIABLE_SCOPE_BEGIN|[278]|info|Schema.RecordTypeInfo|true|false
14:50:37.0 (6736118)|VARIABLE_ASSIGNMENT|[278]|info|"common.api.soap.wsdl.RecordTypeInfo@e847229"|0xed8fb22
14:50:37.0 (6738966)|STATEMENT_EXECUTE|[279]
14:50:37.0 (6741378)|HEAP_ALLOCATE|[279]|Bytes:4
14:50:37.0 (6746946)|HEAP_ALLOCATE|[EXTERNAL]|Bytes:-4
14:50:37.0 (6752357)|HEAP_ALLOCATE|[276]|Bytes:5
14:50:37.0 (6756275)|VARIABLE_SCOPE_BEGIN|[276]|key|String|false|false
14:50:37.0 (6760641)|VARIABLE_ASSIGNMENT|[276]|key|"QR"
14:50:37.0 (6762777)|STATEMENT_EXECUTE|[276]
14:50:37.0 (6763698)|STATEMENT_EXECUTE|[278]
14:50:37.0 (6767978)|VARIABLE_SCOPE_BEGIN|[278]|info|Schema.RecordTypeInfo|true|false
14:50:37.0 (6785184)|VARIABLE_ASSIGNMENT|[278]|info|"common.api.soap.wsdl.RecordTypeInfo@a3ca910f"|0x360918ce
14:50:37.0 (6787996)|STATEMENT_EXECUTE|[279]
14:50:37.0 (6789879)|HEAP_ALLOCATE|[279]|Bytes:4
14:50:37.0 (6795378)|HEAP_ALLOCATE|[EXTERNAL]|Bytes:-4
14:50:37.0 (6800419)|HEAP_ALLOCATE|[276]|Bytes:5
14:50:37.0 (6804137)|VARIABLE_SCOPE_BEGIN|[276]|key|String|false|false
14:50:37.0 (6808967)|VARIABLE_ASSIGNMENT|[276]|key|"Quejas y Sugerencias"
14:50:37.0 (6810988)|STATEMENT_EXECUTE|[276]
14:50:37.0 (6811848)|STATEMENT_EXECUTE|[278]
14:50:37.0 (6815860)|VARIABLE_SCOPE_BEGIN|[278]|info|Schema.RecordTypeInfo|true|false
14:50:37.0 (6833243)|VARIABLE_ASSIGNMENT|[278]|info|"common.api.soap.wsdl.RecordTypeInfo@990e8655"|0x1f2d452a
14:50:37.0 (6837401)|STATEMENT_EXECUTE|[279]
14:50:37.0 (6840347)|HEAP_ALLOCATE|[279]|Bytes:4
14:50:37.0 (6849813)|HEAP_ALLOCATE|[EXTERNAL]|Bytes:-4
14:50:37.0 (6857709)|HEAP_ALLOCATE|[276]|Bytes:5
14:50:37.0 (6863358)|VARIABLE_SCOPE_BEGIN|[276]|key|String|false|false
14:50:37.0 (6870487)|VARIABLE_ASSIGNMENT|[276]|key|"Quejas y/o Sugerenci (11 more) ..."
14:50:37.0 (6873711)|STATEMENT_EXECUTE|[276]
14:50:37.0 (6874932)|STATEMENT_EXECUTE|[278]
14:50:37.0 (6880914)|VARIABLE_SCOPE_BEGIN|[278]|info|Schema.RecordTypeInfo|true|false
14:50:37.0 (6998654)|VARIABLE_ASSIGNMENT|[278]|info|"common.api.soap.wsdl.RecordTypeInfo@c16a1b67"|0xcc39eee
14:50:37.0 (7001985)|STATEMENT_EXECUTE|[279]
14:50:37.0 (7006671)|HEAP_ALLOCATE|[279]|Bytes:4
14:50:37.0 (7014575)|HEAP_ALLOCATE|[EXTERNAL]|Bytes:-4
14:50:37.0 (7021237)|HEAP_ALLOCATE|[276]|Bytes:5
14:50:37.0 (7025564)|VARIABLE_SCOPE_BEGIN|[276]|key|String|false|false
14:50:37.0 (7030209)|VARIABLE_ASSIGNMENT|[276]|key|"Quita"
14:50:37.0 (7032265)|STATEMENT_EXECUTE|[276]
14:50:37.0 (7033239)|STATEMENT_EXECUTE|[278]
14:50:37.0 (7038090)|VARIABLE_SCOPE_BEGIN|[278]|info|Schema.RecordTypeInfo|true|false
14:50:37.0 (7055412)|VARIABLE_ASSIGNMENT|[278]|info|"common.api.soap.wsdl.RecordTypeInfo@537d4e99"|0x458b75bf
14:50:37.0 (7058288)|STATEMENT_EXECUTE|[279]
14:50:37.0 (7060396)|HEAP_ALLOCATE|[279]|Bytes:4
14:50:37.0 (7066011)|HEAP_ALLOCATE|[EXTERNAL]|Bytes:-4
14:50:37.0 (7071179)|HEAP_ALLOCATE|[276]|Bytes:5
14:50:37.0 (7075112)|VARIABLE_SCOPE_BEGIN|[276]|key|String|false|false
14:50:37.0 (7079402)|VARIABLE_ASSIGNMENT|[276]|key|"REDECO"
14:50:37.0 (7081579)|STATEMENT_EXECUTE|[276]
14:50:37.0 (7082409)|STATEMENT_EXECUTE|[278]
14:50:37.0 (7086927)|VARIABLE_SCOPE_BEGIN|[278]|info|Schema.RecordTypeInfo|true|false
14:50:37.0 (7104111)|VARIABLE_ASSIGNMENT|[278]|info|"common.api.soap.wsdl.RecordTypeInfo@21ba273d"|0x3bbadaa8
14:50:37.0 (7106838)|STATEMENT_EXECUTE|[279]
14:50:37.0 (7108742)|HEAP_ALLOCATE|[279]|Bytes:4
14:50:37.0 (7114146)|HEAP_ALLOCATE|[EXTERNAL]|Bytes:-4
14:50:37.0 (7118977)|HEAP_ALLOCATE|[276]|Bytes:5
14:50:37.0 (7122709)|VARIABLE_SCOPE_BEGIN|[276]|key|String|false|false
14:50:37.0 (7127921)|VARIABLE_ASSIGNMENT|[276]|key|"Reenvío de Estado de (7 more) ..."
14:50:37.0 (7130407)|STATEMENT_EXECUTE|[276]
14:50:37.0 (7131242)|STATEMENT_EXECUTE|[278]
14:50:37.0 (7135486)|VARIABLE_SCOPE_BEGIN|[278]|info|Schema.RecordTypeInfo|true|false
14:50:37.0 (7152194)|VARIABLE_ASSIGNMENT|[278]|info|"common.api.soap.wsdl.RecordTypeInfo@2f4fb732"|0x4e4bdce0
14:50:37.0 (7155044)|STATEMENT_EXECUTE|[279]
14:50:37.0 (7156863)|HEAP_ALLOCATE|[279]|Bytes:4
14:50:37.0 (7162490)|HEAP_ALLOCATE|[EXTERNAL]|Bytes:-4
14:50:37.0 (7167344)|HEAP_ALLOCATE|[276]|Bytes:5
14:50:37.0 (7171278)|VARIABLE_SCOPE_BEGIN|[276]|key|String|false|false
14:50:37.0 (7175639)|VARIABLE_ASSIGNMENT|[276]|key|"Reestructura"
14:50:37.0 (7177670)|STATEMENT_EXECUTE|[276]
14:50:37.0 (7178522)|STATEMENT_EXECUTE|[278]
14:50:37.0 (7182734)|VARIABLE_SCOPE_BEGIN|[278]|info|Schema.RecordTypeInfo|true|false
14:50:37.0 (7199133)|VARIABLE_ASSIGNMENT|[278]|info|"common.api.soap.wsdl.RecordTypeInfo@f96295ed"|0x5e6f0f29
14:50:37.0 (7201872)|STATEMENT_EXECUTE|[279]
14:50:37.0 (7203735)|HEAP_ALLOCATE|[279]|Bytes:4
14:50:37.0 (7209223)|HEAP_ALLOCATE|[EXTERNAL]|Bytes:-4
14:50:37.0 (7214146)|HEAP_ALLOCATE|[276]|Bytes:5
14:50:37.0 (7217779)|VARIABLE_SCOPE_BEGIN|[276]|key|String|false|false
14:50:37.0 (7222028)|VARIABLE_ASSIGNMENT|[276]|key|"Remisión"
14:50:37.0 (7224410)|STATEMENT_EXECUTE|[276]
14:50:37.0 (7225272)|STATEMENT_EXECUTE|[278]
14:50:37.0 (7229247)|VARIABLE_SCOPE_BEGIN|[278]|info|Schema.RecordTypeInfo|true|false
14:50:37.0 (7245726)|VARIABLE_ASSIGNMENT|[278]|info|"common.api.soap.wsdl.RecordTypeInfo@e1e2d95d"|0x4057afd6
14:50:37.0 (7248653)|STATEMENT_EXECUTE|[279]
14:50:37.0 (7250572)|HEAP_ALLOCATE|[279]|Bytes:4
14:50:37.0 (7255783)|HEAP_ALLOCATE|[EXTERNAL]|Bytes:-4
14:50:37.0 (7260643)|HEAP_ALLOCATE|[276]|Bytes:5
14:50:37.0 (7264302)|VARIABLE_SCOPE_BEGIN|[276]|key|String|false|false
14:50:37.0 (7268803)|VARIABLE_ASSIGNMENT|[276]|key|"Renegociación"
14:50:37.0 (7271197)|STATEMENT_EXECUTE|[276]
14:50:37.0 (7272055)|STATEMENT_EXECUTE|[278]
14:50:37.0 (7276359)|VARIABLE_SCOPE_BEGIN|[278]|info|Schema.RecordTypeInfo|true|false
14:50:37.0 (7292852)|VARIABLE_ASSIGNMENT|[278]|info|"common.api.soap.wsdl.RecordTypeInfo@23cd8d41"|0x2d5552ee
14:50:37.0 (7295654)|STATEMENT_EXECUTE|[279]
14:50:37.0 (7297603)|HEAP_ALLOCATE|[279]|Bytes:4
14:50:37.0 (7302976)|HEAP_ALLOCATE|[EXTERNAL]|Bytes:-4
14:50:37.0 (7307924)|HEAP_ALLOCATE|[276]|Bytes:5
14:50:37.0 (7311576)|VARIABLE_SCOPE_BEGIN|[276]|key|String|false|false
14:50:37.0 (7316512)|VARIABLE_ASSIGNMENT|[276]|key|"Reporte por Deterior (1 more) ..."
14:50:37.0 (7318677)|STATEMENT_EXECUTE|[276]
14:50:37.0 (7319506)|STATEMENT_EXECUTE|[278]
14:50:37.0 (7323603)|VARIABLE_SCOPE_BEGIN|[278]|info|Schema.RecordTypeInfo|true|false
14:50:37.0 (7340296)|VARIABLE_ASSIGNMENT|[278]|info|"common.api.soap.wsdl.RecordTypeInfo@d6e6859d"|0x3de92778
14:50:37.0 (7342921)|STATEMENT_EXECUTE|[279]
14:50:37.0 (7344792)|HEAP_ALLOCATE|[279]|Bytes:4
14:50:37.0 (7349944)|HEAP_ALLOCATE|[EXTERNAL]|Bytes:-4
14:50:37.0 (7354774)|HEAP_ALLOCATE|[276]|Bytes:5
14:50:37.0 (7358646)|VARIABLE_SCOPE_BEGIN|[276]|key|String|false|false
14:50:37.0 (7363368)|VARIABLE_ASSIGNMENT|[276]|key|"Reporte por Retenció (8 more) ..."
14:50:37.0 (7365713)|STATEMENT_EXECUTE|[276]
14:50:37.0 (7366571)|STATEMENT_EXECUTE|[278]
14:50:37.0 (7370670)|VARIABLE_SCOPE_BEGIN|[278]|info|Schema.RecordTypeInfo|true|false
14:50:37.0 (7387324)|VARIABLE_ASSIGNMENT|[278]|info|"common.api.soap.wsdl.RecordTypeInfo@e985f6a7"|0x1bd971ab
14:50:37.0 (7390022)|STATEMENT_EXECUTE|[279]
14:50:37.0 (7391954)|HEAP_ALLOCATE|[279]|Bytes:4
14:50:37.0 (7397279)|HEAP_ALLOCATE|[EXTERNAL]|Bytes:-4
14:50:37.0 (7402245)|HEAP_ALLOCATE|[276]|Bytes:5
14:50:37.0 (7406057)|VARIABLE_SCOPE_BEGIN|[276]|key|String|false|false
14:50:37.0 (7411131)|VARIABLE_ASSIGNMENT|[276]|key|"Reporte por Robo o E (7 more) ..."
14:50:37.0 (7413237)|STATEMENT_EXECUTE|[276]
14:50:37.0 (7414098)|STATEMENT_EXECUTE|[278]
14:50:37.0 (7418497)|VARIABLE_SCOPE_BEGIN|[278]|info|Schema.RecordTypeInfo|true|false
14:50:37.0 (7434911)|VARIABLE_ASSIGNMENT|[278]|info|"common.api.soap.wsdl.RecordTypeInfo@ed6b1696"|0x660d4419
14:50:37.0 (7437647)|STATEMENT_EXECUTE|[279]
14:50:37.0 (7439592)|HEAP_ALLOCATE|[279]|Bytes:4
14:50:37.0 (7444829)|HEAP_ALLOCATE|[EXTERNAL]|Bytes:-4
14:50:37.0 (7449596)|HEAP_ALLOCATE|[276]|Bytes:5
14:50:37.0 (7453222)|VARIABLE_SCOPE_BEGIN|[276]|key|String|false|false
14:50:37.0 (7457667)|VARIABLE_ASSIGNMENT|[276]|key|"Reposición"
14:50:37.0 (7459992)|STATEMENT_EXECUTE|[276]
14:50:37.0 (7460868)|STATEMENT_EXECUTE|[278]
14:50:37.0 (7465100)|VARIABLE_SCOPE_BEGIN|[278]|info|Schema.RecordTypeInfo|true|false
14:50:37.0 (7481542)|VARIABLE_ASSIGNMENT|[278]|info|"common.api.soap.wsdl.RecordTypeInfo@bc60712d"|0x6148b814
14:50:37.0 (7484379)|STATEMENT_EXECUTE|[279]
14:50:37.0 (7486321)|HEAP_ALLOCATE|[279]|Bytes:4
14:50:37.0 (7491573)|HEAP_ALLOCATE|[EXTERNAL]|Bytes:-4
14:50:37.0 (7496564)|HEAP_ALLOCATE|[276]|Bytes:5
14:50:37.0 (7500248)|VARIABLE_SCOPE_BEGIN|[276]|key|String|false|false
14:50:37.0 (7504827)|VARIABLE_ASSIGNMENT|[276]|key|"Retención de Titular"
14:50:37.0 (7507069)|STATEMENT_EXECUTE|[276]
14:50:37.0 (7507921)|STATEMENT_EXECUTE|[278]
14:50:37.0 (7511946)|VARIABLE_SCOPE_BEGIN|[278]|info|Schema.RecordTypeInfo|true|false
14:50:37.0 (7528479)|VARIABLE_ASSIGNMENT|[278]|info|"common.api.soap.wsdl.RecordTypeInfo@a96fa95b"|0x15ee81a2
14:50:37.0 (7531204)|STATEMENT_EXECUTE|[279]
14:50:37.0 (7533274)|HEAP_ALLOCATE|[279]|Bytes:4
14:50:37.0 (7538479)|HEAP_ALLOCATE|[EXTERNAL]|Bytes:-4
14:50:37.0 (7543262)|HEAP_ALLOCATE|[276]|Bytes:5
14:50:37.0 (7547001)|VARIABLE_SCOPE_BEGIN|[276]|key|String|false|false
14:50:37.0 (7552152)|VARIABLE_ASSIGNMENT|[276]|key|"Retiro de Efectivo e (14 more) ..."
14:50:37.0 (7554258)|STATEMENT_EXECUTE|[276]
14:50:37.0 (7555094)|STATEMENT_EXECUTE|[278]
14:50:37.0 (7559178)|VARIABLE_SCOPE_BEGIN|[278]|info|Schema.RecordTypeInfo|true|false
14:50:37.0 (7575858)|VARIABLE_ASSIGNMENT|[278]|info|"common.api.soap.wsdl.RecordTypeInfo@91248e51"|0x456afe9d
14:50:37.0 (7578678)|STATEMENT_EXECUTE|[279]
14:50:37.0 (7580386)|HEAP_ALLOCATE|[279]|Bytes:4
14:50:37.0 (7585542)|HEAP_ALLOCATE|[EXTERNAL]|Bytes:-4
14:50:37.0 (7591396)|HEAP_ALLOCATE|[276]|Bytes:5
14:50:37.0 (7597823)|VARIABLE_SCOPE_BEGIN|[276]|key|String|false|false
14:50:37.0 (7605028)|VARIABLE_ASSIGNMENT|[276]|key|"Retiro de efectivo e (5 more) ..."
14:50:37.0 (7608004)|STATEMENT_EXECUTE|[276]
14:50:37.0 (7609258)|STATEMENT_EXECUTE|[278]
14:50:37.0 (7615372)|VARIABLE_SCOPE_BEGIN|[278]|info|Schema.RecordTypeInfo|true|false
14:50:37.0 (7638944)|VARIABLE_ASSIGNMENT|[278]|info|"common.api.soap.wsdl.RecordTypeInfo@20767856"|0x49cb47a5
14:50:37.0 (7642638)|STATEMENT_EXECUTE|[279]
14:50:37.0 (7645182)|HEAP_ALLOCATE|[279]|Bytes:4
14:50:37.0 (7651509)|HEAP_ALLOCATE|[EXTERNAL]|Bytes:-4
14:50:37.0 (7657092)|HEAP_ALLOCATE|[276]|Bytes:5
14:50:37.0 (7660966)|VARIABLE_SCOPE_BEGIN|[276]|key|String|false|false
14:50:37.0 (7665832)|VARIABLE_ASSIGNMENT|[276]|key|"Retorno de Tarjeta"
14:50:37.0 (7667963)|STATEMENT_EXECUTE|[276]
14:50:37.0 (7668822)|STATEMENT_EXECUTE|[278]
14:50:37.0 (7673035)|VARIABLE_SCOPE_BEGIN|[278]|info|Schema.RecordTypeInfo|true|false
14:50:37.0 (7690354)|VARIABLE_ASSIGNMENT|[278]|info|"common.api.soap.wsdl.RecordTypeInfo@6bda56db"|0x6d67de90
14:50:37.0 (7692966)|STATEMENT_EXECUTE|[279]
14:50:37.0 (7695057)|HEAP_ALLOCATE|[279]|Bytes:4
14:50:37.0 (7700050)|HEAP_ALLOCATE|[EXTERNAL]|Bytes:-4
14:50:37.0 (7704973)|HEAP_ALLOCATE|[276]|Bytes:5
14:50:37.0 (7709941)|VARIABLE_SCOPE_BEGIN|[276]|key|String|false|false
14:50:37.0 (7716631)|VARIABLE_ASSIGNMENT|[276]|key|"Reversa de Anualidad"
14:50:37.0 (7719661)|STATEMENT_EXECUTE|[276]
14:50:37.0 (7721083)|STATEMENT_EXECUTE|[278]
14:50:37.0 (7727645)|VARIABLE_SCOPE_BEGIN|[278]|info|Schema.RecordTypeInfo|true|false
14:50:37.0 (7752124)|VARIABLE_ASSIGNMENT|[278]|info|"common.api.soap.wsdl.RecordTypeInfo@95e3f3eb"|0xce5a10f
14:50:37.0 (7755321)|STATEMENT_EXECUTE|[279]
14:50:37.0 (7757598)|HEAP_ALLOCATE|[279]|Bytes:4
14:50:37.0 (7764550)|HEAP_ALLOCATE|[EXTERNAL]|Bytes:-4
14:50:37.0 (7769870)|HEAP_ALLOCATE|[276]|Bytes:5
14:50:37.0 (7773849)|VARIABLE_SCOPE_BEGIN|[276]|key|String|false|false
14:50:37.0 (7778849)|VARIABLE_ASSIGNMENT|[276]|key|"Reversa de Anualidad (9 more) ..."
14:50:37.0 (7781049)|STATEMENT_EXECUTE|[276]
14:50:37.0 (7781911)|STATEMENT_EXECUTE|[278]
14:50:37.0 (7786223)|VARIABLE_SCOPE_BEGIN|[278]|info|Schema.RecordTypeInfo|true|false
14:50:37.0 (7802800)|VARIABLE_ASSIGNMENT|[278]|info|"common.api.soap.wsdl.RecordTypeInfo@a08d19ba"|0x1ee92818
14:50:37.0 (7805469)|STATEMENT_EXECUTE|[279]
14:50:37.0 (7807302)|HEAP_ALLOCATE|[279]|Bytes:4
14:50:37.0 (7812391)|HEAP_ALLOCATE|[EXTERNAL]|Bytes:-4
14:50:37.0 (7817361)|HEAP_ALLOCATE|[276]|Bytes:5
14:50:37.0 (7821151)|VARIABLE_SCOPE_BEGIN|[276]|key|String|false|false
14:50:37.0 (7825687)|VARIABLE_ASSIGNMENT|[276]|key|"Reversa de Comisión"
14:50:37.0 (7828053)|STATEMENT_EXECUTE|[276]
14:50:37.0 (7828923)|STATEMENT_EXECUTE|[278]
14:50:37.0 (7833017)|VARIABLE_SCOPE_BEGIN|[278]|info|Schema.RecordTypeInfo|true|false
14:50:37.0 (7849384)|VARIABLE_ASSIGNMENT|[278]|info|"common.api.soap.wsdl.RecordTypeInfo@c12cbb8e"|0xd0ca20f
14:50:37.0 (7852078)|STATEMENT_EXECUTE|[279]
14:50:37.0 (7853856)|HEAP_ALLOCATE|[279]|Bytes:4
14:50:37.0 (7935092)|HEAP_ALLOCATE|[EXTERNAL]|Bytes:-4
14:50:37.0 (7941286)|HEAP_ALLOCATE|[276]|Bytes:5
14:50:37.0 (7945799)|VARIABLE_SCOPE_BEGIN|[276]|key|String|false|false
14:50:37.0 (7951357)|VARIABLE_ASSIGNMENT|[276]|key|"Reversa de Comisión  (8 more) ..."
14:50:37.0 (7953851)|STATEMENT_EXECUTE|[276]
14:50:37.0 (7954740)|STATEMENT_EXECUTE|[278]
14:50:37.0 (7959409)|VARIABLE_SCOPE_BEGIN|[278]|info|Schema.RecordTypeInfo|true|false
14:50:37.0 (7978942)|VARIABLE_ASSIGNMENT|[278]|info|"common.api.soap.wsdl.RecordTypeInfo@af5255b"|0x5ecc7e60
14:50:37.0 (7982006)|STATEMENT_EXECUTE|[279]
14:50:37.0 (7984090)|HEAP_ALLOCATE|[279]|Bytes:4
14:50:37.0 (7989635)|HEAP_ALLOCATE|[EXTERNAL]|Bytes:-4
14:50:37.0 (7994607)|HEAP_ALLOCATE|[276]|Bytes:5
14:50:37.0 (7998372)|VARIABLE_SCOPE_BEGIN|[276]|key|String|false|false
14:50:37.0 (8002842)|VARIABLE_ASSIGNMENT|[276]|key|"Riesgos/Originación"
14:50:37.0 (8005981)|STATEMENT_EXECUTE|[276]
14:50:37.0 (8006842)|STATEMENT_EXECUTE|[278]
14:50:37.0 (8011001)|VARIABLE_SCOPE_BEGIN|[278]|info|Schema.RecordTypeInfo|true|false
14:50:37.0 (8027982)|VARIABLE_ASSIGNMENT|[278]|info|"common.api.soap.wsdl.RecordTypeInfo@b4223aba"|0x7f00516f
14:50:37.0 (8030807)|STATEMENT_EXECUTE|[279]
14:50:37.0 (8032777)|HEAP_ALLOCATE|[279]|Bytes:4
14:50:37.0 (8037804)|HEAP_ALLOCATE|[EXTERNAL]|Bytes:-4
14:50:37.0 (8042542)|HEAP_ALLOCATE|[276]|Bytes:5
14:50:37.0 (8046236)|VARIABLE_SCOPE_BEGIN|[276]|key|String|false|false
14:50:37.0 (8050828)|VARIABLE_ASSIGNMENT|[276]|key|"Saldo a Favor"
14:50:37.0 (8053151)|STATEMENT_EXECUTE|[276]
14:50:37.0 (8053956)|STATEMENT_EXECUTE|[278]
14:50:37.0 (8058182)|VARIABLE_SCOPE_BEGIN|[278]|info|Schema.RecordTypeInfo|true|false
14:50:37.0 (8074624)|VARIABLE_ASSIGNMENT|[278]|info|"common.api.soap.wsdl.RecordTypeInfo@3723677e"|0x287e0f7f
14:50:37.0 (8077522)|STATEMENT_EXECUTE|[279]
14:50:37.0 (8079412)|HEAP_ALLOCATE|[279]|Bytes:4
14:50:37.0 (8084332)|HEAP_ALLOCATE|[EXTERNAL]|Bytes:-4
14:50:37.0 (8089193)|HEAP_ALLOCATE|[276]|Bytes:5
14:50:37.0 (8092855)|VARIABLE_SCOPE_BEGIN|[276]|key|String|false|false
14:50:37.0 (8097649)|VARIABLE_ASSIGNMENT|[276]|key|"Seguimiento a Folios"
14:50:37.0 (8099770)|STATEMENT_EXECUTE|[276]
14:50:37.0 (8100649)|STATEMENT_EXECUTE|[278]
14:50:37.0 (8104995)|VARIABLE_SCOPE_BEGIN|[278]|info|Schema.RecordTypeInfo|true|false
14:50:37.0 (8121665)|VARIABLE_ASSIGNMENT|[278]|info|"common.api.soap.wsdl.RecordTypeInfo@eb3cbf33"|0x408acca5
14:50:37.0 (8124476)|STATEMENT_EXECUTE|[279]
14:50:37.0 (8126285)|HEAP_ALLOCATE|[279]|Bytes:4
14:50:37.0 (8131313)|HEAP_ALLOCATE|[EXTERNAL]|Bytes:-4
14:50:37.0 (8136225)|HEAP_ALLOCATE|[276]|Bytes:5
14:50:37.0 (8139849)|VARIABLE_SCOPE_BEGIN|[276]|key|String|false|false
14:50:37.0 (8144615)|VARIABLE_ASSIGNMENT|[276]|key|"Solicitud de Contrat (1 more) ..."
14:50:37.0 (8146734)|STATEMENT_EXECUTE|[276]
14:50:37.0 (8147580)|STATEMENT_EXECUTE|[278]
14:50:37.0 (8151995)|VARIABLE_SCOPE_BEGIN|[278]|info|Schema.RecordTypeInfo|true|false
14:50:37.0 (8168388)|VARIABLE_ASSIGNMENT|[278]|info|"common.api.soap.wsdl.RecordTypeInfo@7488117c"|0x7d0895aa
14:50:37.0 (8171217)|STATEMENT_EXECUTE|[279]
14:50:37.0 (8173038)|HEAP_ALLOCATE|[279]|Bytes:4
14:50:37.0 (8178310)|HEAP_ALLOCATE|[EXTERNAL]|Bytes:-4
14:50:37.0 (8183190)|HEAP_ALLOCATE|[276]|Bytes:5
14:50:37.0 (8186722)|VARIABLE_SCOPE_BEGIN|[276]|key|String|false|false
14:50:37.0 (8191483)|VARIABLE_ASSIGNMENT|[276]|key|"Soporte a Módulo"
14:50:37.0 (8193858)|STATEMENT_EXECUTE|[276]
14:50:37.0 (8194731)|STATEMENT_EXECUTE|[278]
14:50:37.0 (8198826)|VARIABLE_SCOPE_BEGIN|[278]|info|Schema.RecordTypeInfo|true|false
14:50:37.0 (8215492)|VARIABLE_ASSIGNMENT|[278]|info|"common.api.soap.wsdl.RecordTypeInfo@a144407d"|0x7e384d
14:50:37.0 (8218240)|STATEMENT_EXECUTE|[279]
14:50:37.0 (8220118)|HEAP_ALLOCATE|[279]|Bytes:4
14:50:37.0 (8224964)|HEAP_ALLOCATE|[EXTERNAL]|Bytes:-4
14:50:37.0 (8229956)|HEAP_ALLOCATE|[276]|Bytes:5
14:50:37.0 (8233538)|VARIABLE_SCOPE_BEGIN|[276]|key|String|false|false
14:50:37.0 (8238036)|VARIABLE_ASSIGNMENT|[276]|key|"Sospecha de Fraude"
14:50:37.0 (8240151)|STATEMENT_EXECUTE|[276]
14:50:37.0 (8241057)|STATEMENT_EXECUTE|[278]
14:50:37.0 (8245282)|VARIABLE_SCOPE_BEGIN|[278]|info|Schema.RecordTypeInfo|true|false
14:50:37.0 (8261588)|VARIABLE_ASSIGNMENT|[278]|info|"common.api.soap.wsdl.RecordTypeInfo@6c3b7acf"|0x58a3daca
14:50:37.0 (8264351)|STATEMENT_EXECUTE|[279]
14:50:37.0 (8266342)|HEAP_ALLOCATE|[279]|Bytes:4
14:50:37.0 (8271320)|HEAP_ALLOCATE|[EXTERNAL]|Bytes:-4
14:50:37.0 (8276276)|HEAP_ALLOCATE|[276]|Bytes:5
14:50:37.0 (8279894)|VARIABLE_SCOPE_BEGIN|[276]|key|String|false|false
14:50:37.0 (8285131)|VARIABLE_ASSIGNMENT|[276]|key|"Sospecha de fraudes  (8 more) ..."
14:50:37.0 (8287201)|STATEMENT_EXECUTE|[276]
14:50:37.0 (8288068)|STATEMENT_EXECUTE|[278]
14:50:37.0 (8292372)|VARIABLE_SCOPE_BEGIN|[278]|info|Schema.RecordTypeInfo|true|false
14:50:37.0 (8308684)|VARIABLE_ASSIGNMENT|[278]|info|"common.api.soap.wsdl.RecordTypeInfo@8088bf01"|0x4edada9f
14:50:37.0 (8311396)|STATEMENT_EXECUTE|[279]
14:50:37.0 (8313245)|HEAP_ALLOCATE|[279]|Bytes:4
14:50:37.0 (8318038)|HEAP_ALLOCATE|[EXTERNAL]|Bytes:-4
14:50:37.0 (8322864)|HEAP_ALLOCATE|[276]|Bytes:5
14:50:37.0 (8326495)|VARIABLE_SCOPE_BEGIN|[276]|key|String|false|false
14:50:37.0 (8331034)|VARIABLE_ASSIGNMENT|[276]|key|"Tarjeta de Crédito"
14:50:37.0 (8333336)|STATEMENT_EXECUTE|[276]
14:50:37.0 (8334162)|STATEMENT_EXECUTE|[278]
14:50:37.0 (8338406)|VARIABLE_SCOPE_BEGIN|[278]|info|Schema.RecordTypeInfo|true|false
14:50:37.0 (8354648)|VARIABLE_ASSIGNMENT|[278]|info|"common.api.soap.wsdl.RecordTypeInfo@5d93dd17"|0x7746a32b
14:50:37.0 (8357452)|STATEMENT_EXECUTE|[279]
14:50:37.0 (8359241)|HEAP_ALLOCATE|[279]|Bytes:4
14:50:37.0 (8374696)|HEAP_ALLOCATE|[EXTERNAL]|Bytes:-4
14:50:37.0 (8379982)|HEAP_ALLOCATE|[276]|Bytes:5
14:50:37.0 (8383584)|VARIABLE_SCOPE_BEGIN|[276]|key|String|false|false
14:50:37.0 (8388097)|VARIABLE_ASSIGNMENT|[276]|key|"Tarjeta no pasa"
14:50:37.0 (8390300)|STATEMENT_EXECUTE|[276]
14:50:37.0 (8391141)|STATEMENT_EXECUTE|[278]
14:50:37.0 (8395399)|VARIABLE_SCOPE_BEGIN|[278]|info|Schema.RecordTypeInfo|true|false
14:50:37.0 (8412619)|VARIABLE_ASSIGNMENT|[278]|info|"common.api.soap.wsdl.RecordTypeInfo@e5bf180e"|0x68b51de
14:50:37.0 (8415498)|STATEMENT_EXECUTE|[279]
14:50:37.0 (8417273)|HEAP_ALLOCATE|[279]|Bytes:4
14:50:37.0 (8422371)|HEAP_ALLOCATE|[EXTERNAL]|Bytes:-4
14:50:37.0 (8427060)|HEAP_ALLOCATE|[276]|Bytes:5
14:50:37.0 (8430756)|VARIABLE_SCOPE_BEGIN|[276]|key|String|false|false
14:50:37.0 (8435825)|VARIABLE_ASSIGNMENT|[276]|key|"Tarjeta no pasa (Mód (4 more) ..."
14:50:37.0 (8438218)|STATEMENT_EXECUTE|[276]
14:50:37.0 (8439204)|STATEMENT_EXECUTE|[278]
14:50:37.0 (8443513)|VARIABLE_SCOPE_BEGIN|[278]|info|Schema.RecordTypeInfo|true|false
14:50:37.0 (8460165)|VARIABLE_ASSIGNMENT|[278]|info|"common.api.soap.wsdl.RecordTypeInfo@aa34942d"|0x40b8be4f
14:50:37.0 (8463030)|STATEMENT_EXECUTE|[279]
14:50:37.0 (8464817)|HEAP_ALLOCATE|[279]|Bytes:4
14:50:37.0 (8469796)|HEAP_ALLOCATE|[EXTERNAL]|Bytes:-4
14:50:37.0 (8474565)|HEAP_ALLOCATE|[276]|Bytes:5
14:50:37.0 (8478141)|VARIABLE_SCOPE_BEGIN|[276]|key|String|false|false
14:50:37.0 (8482627)|VARIABLE_ASSIGNMENT|[276]|key|"Up Grade"
14:50:37.0 (8484650)|STATEMENT_EXECUTE|[276]
14:50:37.0 (8485506)|STATEMENT_EXECUTE|[278]
14:50:37.0 (8489542)|VARIABLE_SCOPE_BEGIN|[278]|info|Schema.RecordTypeInfo|true|false
14:50:37.0 (8506664)|VARIABLE_ASSIGNMENT|[278]|info|"common.api.soap.wsdl.RecordTypeInfo@f6ba334"|0x58ae8ae5
14:50:37.0 (8509364)|STATEMENT_EXECUTE|[279]
14:50:37.0 (8511175)|HEAP_ALLOCATE|[279]|Bytes:4
14:50:37.0 (8516090)|HEAP_ALLOCATE|[EXTERNAL]|Bytes:-4
14:50:37.0 (8520980)|HEAP_ALLOCATE|[276]|Bytes:5
14:50:37.0 (8524569)|VARIABLE_SCOPE_BEGIN|[276]|key|String|false|false
14:50:37.0 (8529260)|VARIABLE_ASSIGNMENT|[276]|key|"WEB"
14:50:37.0 (8531314)|STATEMENT_EXECUTE|[276]
14:50:37.0 (8532175)|STATEMENT_EXECUTE|[278]
14:50:37.0 (8536355)|VARIABLE_SCOPE_BEGIN|[278]|info|Schema.RecordTypeInfo|true|false
14:50:37.0 (8553465)|VARIABLE_ASSIGNMENT|[278]|info|"common.api.soap.wsdl.RecordTypeInfo@288d39b"|0x1a333520
14:50:37.0 (8556155)|STATEMENT_EXECUTE|[279]
14:50:37.0 (8557914)|HEAP_ALLOCATE|[279]|Bytes:4
14:50:37.0 (8562740)|HEAP_ALLOCATE|[EXTERNAL]|Bytes:-4
14:50:37.0 (8567474)|HEAP_ALLOCATE|[276]|Bytes:5
14:50:37.0 (8571037)|VARIABLE_SCOPE_BEGIN|[276]|key|String|false|false
14:50:37.0 (8575211)|VARIABLE_ASSIGNMENT|[276]|key|"Master"
14:50:37.0 (8577216)|STATEMENT_EXECUTE|[276]
14:50:37.0 (8578045)|STATEMENT_EXECUTE|[278]
14:50:37.0 (8582054)|VARIABLE_SCOPE_BEGIN|[278]|info|Schema.RecordTypeInfo|true|false
14:50:37.0 (8598791)|VARIABLE_ASSIGNMENT|[278]|info|"common.api.soap.wsdl.RecordTypeInfo@414d784a"|0x46ea9219
14:50:37.0 (8601480)|STATEMENT_EXECUTE|[279]
14:50:37.0 (8603368)|HEAP_ALLOCATE|[279]|Bytes:4
14:50:37.0 (8608350)|HEAP_ALLOCATE|[EXTERNAL]|Bytes:-4
14:50:37.0 (8613165)|HEAP_ALLOCATE|[276]|Bytes:5
14:50:37.0 (8619467)|VARIABLE_ASSIGNMENT|[276]|key|null
14:50:37.0 (8623471)|STATEMENT_EXECUTE|[283]
14:50:37.8 (8679563)|CUMULATIVE_LIMIT_USAGE
14:50:37.8 (8679563)|LIMIT_USAGE_FOR_NS|(default)|
  Number of SOQL queries: 0 out of 100
  Number of query rows: 0 out of 50000
  Number of SOSL queries: 0 out of 20
  Number of DML statements: 0 out of 150
  Number of Publish Immediate DML: 0 out of 150
  Number of DML rows: 0 out of 10000
  Maximum CPU time: 0 out of 10000
  Maximum heap size: 0 out of 6000000
  Number of callouts: 0 out of 100
  Number of Email Invocations: 0 out of 10
  Number of future calls: 0 out of 50
  Number of queueable jobs added to the queue: 0 out of 50
  Number of Mobile Apex push calls: 0 out of 10

14:50:37.8 (8679563)|CUMULATIVE_LIMIT_USAGE_END

14:50:37.0 (8704524)|CODE_UNIT_FINISHED|AuthenticateCustomerController.getCaseRecordTypesByName()
14:50:37.0 (8987060)|CODE_UNIT_FINISHED|apex://AuthenticateCustomerController/ACTION$getCaseRecordTypesByName
14:50:37.0 (8992274)|EXECUTION_FINISHED
