66.0 APEX_CODE,FINEST;APEX_PROFILING,INFO;CALLOUT,INFO;DATA_ACCESS,INFO;DB,INFO;NBA,INFO;SYSTEM,DEBUG;VALIDATION,INFO;VISUALFORCE,INFO;WAVE,INFO;WORKFLOW,INFO
11:49:18.0 (670626)|USER_INFO|[EXTERNAL]|0050v0000034lag|albeltransa@falabella.com.mx.admin.uat|(GMT-06:00) Central Standard Time (America/Mexico_City)|GMT-06:00
11:49:18.0 (723988)|EXECUTION_STARTED
11:49:18.0 (745181)|CODE_UNIT_STARTED|[EXTERNAL]|apex://CasosControllerExtension/ACTION$obtenerCasos
11:49:18.0 (4835226)|CODE_UNIT_STARTED|[EXTERNAL]|01p0v000003PcLg|CasosControllerExtension.obtenerCasos()
11:49:18.0 (6159185)|VARIABLE_SCOPE_BEGIN|[21]|CasosControllerExtension.QUEUE_CREDITO_FRAUDES|String|false|true
11:49:18.0 (6211085)|VARIABLE_SCOPE_BEGIN|[20]|CasosControllerExtension.RT_FIGITAL|String|false|true
11:49:18.0 (6215144)|VARIABLE_SCOPE_BEGIN|[19]|CasosControllerExtension.RT_RIESGOS|String|false|true
11:49:18.0 (6218365)|VARIABLE_SCOPE_BEGIN|[17]|CasosControllerExtension.ST_ASIGNADA|String|false|true
11:49:18.0 (6221731)|VARIABLE_SCOPE_BEGIN|[15]|CasosControllerExtension.ST_AUTORIZADA|String|false|true
11:49:18.0 (6224915)|VARIABLE_SCOPE_BEGIN|[18]|CasosControllerExtension.ST_CERRADO|String|false|true
11:49:18.0 (6227963)|VARIABLE_SCOPE_BEGIN|[16]|CasosControllerExtension.ST_NUEVO|String|false|true
11:49:18.0 (6346566)|HEAP_ALLOCATE|[95]|Bytes:3
11:49:18.0 (6391789)|HEAP_ALLOCATE|[100]|Bytes:152
11:49:18.0 (6405523)|HEAP_ALLOCATE|[417]|Bytes:408
11:49:18.0 (6416816)|HEAP_ALLOCATE|[430]|Bytes:408
11:49:18.0 (6435333)|HEAP_ALLOCATE|[317]|Bytes:6
11:49:18.0 (6445082)|HEAP_ALLOCATE|[EXTERNAL]|Bytes:11
11:49:18.0 (6460089)|METHOD_ENTRY|[13]|01p0v000003PcLg|CasosControllerExtension.CasosControllerExtension()
11:49:18.0 (6478656)|STATEMENT_EXECUTE|[13]
11:49:18.0 (6489947)|STATEMENT_EXECUTE|[13]
11:49:18.0 (6507290)|HEAP_ALLOCATE|[68]|Bytes:5
11:49:18.0 (6548852)|HEAP_ALLOCATE|[74]|Bytes:5
11:49:18.0 (6555305)|HEAP_ALLOCATE|[82]|Bytes:7
11:49:18.0 (6859267)|HEAP_ALLOCATE|[15]|Bytes:5
11:49:18.0 (6866100)|STATEMENT_EXECUTE|[15]
11:49:18.0 (6868848)|HEAP_ALLOCATE|[15]|Bytes:12
11:49:18.0 (6933122)|VARIABLE_ASSIGNMENT|[15]|CasosControllerExtension.ST_AUTORIZADA|"Autorización"
11:49:18.0 (6963440)|STATEMENT_EXECUTE|[16]
11:49:18.0 (6964871)|HEAP_ALLOCATE|[16]|Bytes:3
11:49:18.0 (6969344)|VARIABLE_ASSIGNMENT|[16]|CasosControllerExtension.ST_NUEVO|"New"
11:49:18.0 (6971700)|STATEMENT_EXECUTE|[17]
11:49:18.0 (6972814)|HEAP_ALLOCATE|[17]|Bytes:8
11:49:18.0 (6976295)|VARIABLE_ASSIGNMENT|[17]|CasosControllerExtension.ST_ASIGNADA|"Asignada"
11:49:18.0 (6978199)|STATEMENT_EXECUTE|[18]
11:49:18.0 (6979207)|HEAP_ALLOCATE|[18]|Bytes:7
11:49:18.0 (6982780)|VARIABLE_ASSIGNMENT|[18]|CasosControllerExtension.ST_CERRADO|"Cerrado"
11:49:18.0 (6984712)|STATEMENT_EXECUTE|[19]
11:49:18.0 (6985926)|HEAP_ALLOCATE|[19]|Bytes:19
11:49:18.0 (6989326)|VARIABLE_ASSIGNMENT|[19]|CasosControllerExtension.RT_RIESGOS|"Riesgos_Originaci_n"
11:49:18.0 (6991446)|STATEMENT_EXECUTE|[20]
11:49:18.0 (6992371)|HEAP_ALLOCATE|[20]|Bytes:18
11:49:18.0 (6995605)|VARIABLE_ASSIGNMENT|[20]|CasosControllerExtension.RT_FIGITAL|"BackOffice_Figital"
11:49:18.0 (6997578)|STATEMENT_EXECUTE|[21]
11:49:18.0 (6998538)|HEAP_ALLOCATE|[21]|Bytes:26
11:49:18.0 (7003309)|VARIABLE_ASSIGNMENT|[21]|CasosControllerExtension.QUEUE_CREDITO_FRAUDES|"BackOffice Credito/F (6 more) ..."
11:49:18.0 (7021890)|METHOD_EXIT|[13]|CasosControllerExtension
11:49:18.0 (7034810)|HEAP_ALLOCATE|[43]|Bytes:5
11:49:18.0 (7037110)|STATEMENT_EXECUTE|[41]
11:49:18.0 (7038173)|STATEMENT_EXECUTE|[43]
11:49:18.0 (7049880)|HEAP_ALLOCATE|[43]|Bytes:4
11:49:18.0 (7060638)|VARIABLE_SCOPE_BEGIN|[43]|mapResult|Map<String,ANY>|true|false
11:49:18.0 (7085060)|VARIABLE_ASSIGNMENT|[43]|mapResult|{}|0x6f1edaa7
11:49:18.0 (7087840)|STATEMENT_EXECUTE|[45]
11:49:18.0 (7103898)|METHOD_ENTRY|[45]|01p0v000003PcLg|CasosControllerExtension.getProfileName()
11:49:18.0 (7128988)|HEAP_ALLOCATE|[29]|Bytes:5
11:49:18.0 (7131317)|STATEMENT_EXECUTE|[27]
11:49:18.0 (7132223)|STATEMENT_EXECUTE|[29]
11:49:18.0 (7167499)|HEAP_ALLOCATE|[29]|Bytes:105
11:49:18.0 (7174159)|SYSTEM_METHOD_ENTRY|[1]|UserInfo.UserInfo()
11:49:18.0 (7175973)|STATEMENT_EXECUTE|[1]
11:49:18.0 (7180417)|SYSTEM_METHOD_EXIT|[1]|UserInfo
11:49:18.0 (7185895)|METHOD_ENTRY|[29]||System.UserInfo.getProfileId()
11:49:18.0 (10194896)|METHOD_EXIT|[29]||System.UserInfo.getProfileId()
11:49:18.0 (10226017)|HEAP_ALLOCATE|[29]|Bytes:4
11:49:18.0 (10234205)|VARIABLE_SCOPE_BEGIN|[29]|profileId|Id|false|false
11:49:18.0 (10380286)|VARIABLE_ASSIGNMENT|[29]|profileId|"00e1N000001u1HIQAY"
11:49:18.0 (10384255)|STATEMENT_EXECUTE|[30]
11:49:18.0 (10387619)|HEAP_ALLOCATE|[30]|Bytes:48
11:49:18.0 (10403637)|HEAP_ALLOCATE|[30]|Bytes:4
11:49:18.0 (10410713)|HEAP_ALLOCATE|[30]|Bytes:7
11:49:18.0 (13540718)|SOQL_EXECUTE_BEGIN|[30]|Aggregations:0|SELECT Id, Name FROM Profile WHERE Id = :tmpVar1
11:49:18.0 (19385893)|SOQL_EXECUTE_END|[30]|Rows:1
11:49:18.0 (19413261)|HEAP_ALLOCATE|[30]|Bytes:8
11:49:18.0 (19430155)|HEAP_ALLOCATE|[30]|Bytes:57
11:49:18.0 (19535975)|HEAP_ALLOCATE|[30]|Bytes:8
11:49:18.0 (19550202)|HEAP_ALLOCATE|[30]|Bytes:33
11:49:18.0 (19606154)|HEAP_ALLOCATE|[30]|Bytes:12
11:49:18.0 (19639532)|VARIABLE_SCOPE_BEGIN|[30]|profileName|String|false|false
11:49:18.0 (19658865)|VARIABLE_ASSIGNMENT|[30]|profileName|"System Administrator"
11:49:18.0 (19662194)|STATEMENT_EXECUTE|[32]
11:49:18.0 (19672385)|METHOD_EXIT|[45]|01p0v000003PcLg|CasosControllerExtension.getProfileName()
11:49:18.0 (19677116)|VARIABLE_SCOPE_BEGIN|[45]|profileName|String|false|false
11:49:18.0 (19681542)|VARIABLE_ASSIGNMENT|[45]|profileName|"System Administrator"
11:49:18.0 (19683799)|STATEMENT_EXECUTE|[47]
11:49:18.0 (19685286)|HEAP_ALLOCATE|[47]|Bytes:4
11:49:18.0 (20105344)|HEAP_ALLOCATE|[47]|Bytes:4
11:49:18.0 (22239372)|HEAP_ALLOCATE|[47]|Bytes:412
11:49:18.0 (22326870)|HEAP_ALLOCATE|[47]|Bytes:4
11:49:18.0 (22340775)|HEAP_ALLOCATE|[47]|Bytes:18
11:49:18.0 (22344899)|VARIABLE_SCOPE_BEGIN|[47]|idRecordTypeCredito|String|false|false
11:49:18.0 (22361225)|VARIABLE_ASSIGNMENT|[47]|idRecordTypeCredito|"0120v000000fwTjAAI"
11:49:18.0 (22364213)|STATEMENT_EXECUTE|[48]
11:49:18.0 (22436436)|HEAP_ALLOCATE|[48]|Bytes:4
11:49:18.0 (23858167)|HEAP_ALLOCATE|[48]|Bytes:412
11:49:18.0 (23902767)|HEAP_ALLOCATE|[48]|Bytes:4
11:49:18.0 (23911287)|HEAP_ALLOCATE|[48]|Bytes:18
11:49:18.0 (23916117)|VARIABLE_SCOPE_BEGIN|[48]|idRecordTypeFigital|String|false|false
11:49:18.0 (23932862)|VARIABLE_ASSIGNMENT|[48]|idRecordTypeFigital|"0120v000000pcRFAAY"
11:49:18.0 (23937412)|STATEMENT_EXECUTE|[50]
11:49:18.0 (23940557)|HEAP_ALLOCATE|[50]|Bytes:737
11:49:18.0 (23953260)|HEAP_ALLOCATE|[50]|Bytes:4
11:49:18.0 (23971140)|HEAP_ALLOCATE|[50]|Bytes:7
11:49:18.0 (23977775)|HEAP_ALLOCATE|[50]|Bytes:7
11:49:18.0 (23983188)|HEAP_ALLOCATE|[50]|Bytes:7
11:49:18.0 (23988741)|HEAP_ALLOCATE|[50]|Bytes:7
11:49:18.0 (23993356)|HEAP_ALLOCATE|[50]|Bytes:7
11:49:18.0 (29900004)|SOQL_EXECUTE_BEGIN|[50]|Aggregations:0|SELECT Id, CaseNumber, ID_Solicitud__c, Nombre_s__c, Primer_Apellido__c, Segundo_Apellido__c, CreatedDate, Status, Tiempo_en_Proceso__c, OwnerId, Owner.Name, Fecha_y_hora_de_solicitud_en_an_lisis__c, Tiempo_en_An_lisis__c, Solicitud_Repetida__c, Solicitud_de_cancelaci_n__c, C_digo_Postal_Direcci_n_Otros__c, Validar_Movimientos__c, Publicidad__c, Bloqueo_de_Tarjeta_por_Cancelaci_n__c, Canal_origen__c, Fecha_y_hora_de_solicitud_en_Nuevo__c FROM Case WHERE ((Status = :tmpVar1 OR Status = :tmpVar2 OR Status = :tmpVar3) AND (RecordTypeId = :tmpVar4 OR RecordTypeId = :tmpVar5) AND Owner.Name != :tmpVar6 AND OcultarBO__c != TRUE) ORDER BY RecordType.DeveloperName DESC NULLS FIRST, Fecha_y_hora_de_solicitud_en_Nuevo__c DESC NULLS FIRST
11:49:18.0 (122103438)|SOQL_EXECUTE_END|[50]|Rows:702
11:49:18.0 (122148215)|HEAP_ALLOCATE|[50]|Bytes:2812
11:49:18.0 (124646152)|HEAP_ALLOCATE|[50]|Bytes:430322
11:49:18.0 (124806654)|HEAP_ALLOCATE|[50]|Bytes:2812
11:49:18.0 (124835554)|VARIABLE_SCOPE_BEGIN|[50]|listaCasos|List<Case>|true|false
11:49:18.0 (124874332)|VARIABLE_ASSIGNMENT|[50]|listaCasos|"List of size 702 too large to display"|0x3770d81f
11:49:18.0 (124881505)|STATEMENT_EXECUTE|[61]
11:49:18.0 (124886905)|HEAP_ALLOCATE|[61]|Bytes:95
11:49:18.0 (124904933)|HEAP_ALLOCATE|[61]|Bytes:4
11:49:18.0 (126302707)|SOQL_EXECUTE_BEGIN|[61]|Aggregations:0|SELECT MasterLabel, Canal_Origen__c, Segundos__c, Semaforo__c FROM Semaforo_Riesgos_Inicio__mdt
11:49:18.0 (134687698)|SOQL_EXECUTE_END|[61]|Rows:6
11:49:18.0 (134713210)|HEAP_ALLOCATE|[61]|Bytes:28
11:49:18.0 (134742499)|HEAP_ALLOCATE|[61]|Bytes:871
11:49:18.0 (134824228)|HEAP_ALLOCATE|[61]|Bytes:28
11:49:18.0 (134844338)|VARIABLE_SCOPE_BEGIN|[61]|lstSemaforoRiesgos|List<Semaforo_Riesgos_Inicio__mdt>|true|false
11:49:18.0 (134867982)|VARIABLE_ASSIGNMENT|[61]|lstSemaforoRiesgos|"List of size 6 too large to display"|0x5cc6cc15
11:49:18.0 (134872168)|STATEMENT_EXECUTE|[63]
11:49:18.0 (134876359)|HEAP_ALLOCATE|[63]|Bytes:10
11:49:18.0 (134955949)|HEAP_ALLOCATE|[EXTERNAL]|Bytes:-4
11:49:18.0 (134962942)|STATEMENT_EXECUTE|[64]
11:49:18.0 (134964700)|HEAP_ALLOCATE|[64]|Bytes:11
11:49:18.0 (134976959)|HEAP_ALLOCATE|[EXTERNAL]|Bytes:-4
11:49:18.0 (134980077)|STATEMENT_EXECUTE|[65]
11:49:18.0 (134981164)|HEAP_ALLOCATE|[65]|Bytes:18
11:49:18.0 (134989104)|HEAP_ALLOCATE|[EXTERNAL]|Bytes:-4
11:49:18.0 (134992170)|STATEMENT_EXECUTE|[67]
11:49:18.135 (135048424)|CUMULATIVE_LIMIT_USAGE
11:49:18.135 (135048424)|LIMIT_USAGE_FOR_NS|(default)|
  Number of SOQL queries: 2 out of 100
  Number of query rows: 709 out of 50000
  Number of SOSL queries: 0 out of 20
  Number of DML statements: 0 out of 150
  Number of Publish Immediate DML: 0 out of 150
  Number of DML rows: 0 out of 10000
  Maximum CPU time: 0 out of 10000
  Maximum heap size: 0 out of 6000000
  Number of callouts: 0 out of 100
  Number of Email Invocations: 0 out of 10
  Number of future calls: 0 out of 50
  Number of queueable jobs added to the queue: 0 out of 50
  Number of Mobile Apex push calls: 0 out of 10

11:49:18.135 (135048424)|CUMULATIVE_LIMIT_USAGE_END

11:49:18.0 (135105561)|CODE_UNIT_FINISHED|CasosControllerExtension.obtenerCasos()
11:49:18.0 (155393143)|CODE_UNIT_FINISHED|apex://CasosControllerExtension/ACTION$obtenerCasos
11:49:18.0 (155415099)|EXECUTION_FINISHED
