66.0 APEX_CODE,FINEST;APEX_PROFILING,INFO;CALLOUT,INFO;DATA_ACCESS,INFO;DB,INFO;NBA,INFO;SYSTEM,DEBUG;VALIDATION,INFO;VISUALFORCE,INFO;WAVE,INFO;WORKFLOW,INFO
11:21:59.1 (1145156)|USER_INFO|[EXTERNAL]|0050v0000034lag|albeltransa@falabella.com.mx.admin.uat|(GMT-06:00) Central Standard Time (America/Mexico_City)|GMT-06:00
11:21:59.1 (1181853)|EXECUTION_STARTED
11:21:59.1 (1193506)|CODE_UNIT_STARTED|[EXTERNAL]|apex://Lookupcontroller/ACTION$querySalesforceRecord
11:21:59.1 (3944245)|CODE_UNIT_STARTED|[EXTERNAL]|01p1N00000DazLF|Lookupcontroller.querySalesforceRecord(String)
11:21:59.1 (4301841)|HEAP_ALLOCATE|[95]|Bytes:3
11:21:59.1 (4408857)|HEAP_ALLOCATE|[100]|Bytes:152
11:21:59.1 (4429117)|HEAP_ALLOCATE|[417]|Bytes:408
11:21:59.1 (4444553)|HEAP_ALLOCATE|[430]|Bytes:408
11:21:59.1 (4475084)|HEAP_ALLOCATE|[317]|Bytes:6
11:21:59.1 (4491897)|HEAP_ALLOCATE|[EXTERNAL]|Bytes:1
11:21:59.1 (4504854)|METHOD_ENTRY|[1]|01p1N00000DazLF|Lookupcontroller.Lookupcontroller()
11:21:59.1 (4510974)|STATEMENT_EXECUTE|[1]
11:21:59.1 (4518154)|STATEMENT_EXECUTE|[1]
11:21:59.1 (4538176)|HEAP_ALLOCATE|[68]|Bytes:5
11:21:59.1 (4565524)|HEAP_ALLOCATE|[74]|Bytes:5
11:21:59.1 (4569831)|HEAP_ALLOCATE|[82]|Bytes:7
11:21:59.1 (4741702)|HEAP_ALLOCATE|[EXTERNAL]|Bytes:5
11:21:59.1 (4754819)|METHOD_EXIT|[1]|Lookupcontroller
11:21:59.1 (4760640)|HEAP_ALLOCATE|[EXTERNAL]|Bytes:763
11:21:59.1 (4770016)|VARIABLE_SCOPE_BEGIN|[4]|queryString|String|false|false
11:21:59.1 (4821947)|VARIABLE_ASSIGNMENT|[4]|queryString|"SELECT ID_PersonAcco (743 more) ..."
11:21:59.1 (4833856)|HEAP_ALLOCATE|[6]|Bytes:5
11:21:59.1 (4836166)|STATEMENT_EXECUTE|[4]
11:21:59.1 (4837246)|STATEMENT_EXECUTE|[6]
11:21:59.1 (15489786)|SOQL_EXECUTE_BEGIN|[6]|Aggregations:2|SELECT ID_PersonAccount__c,Tipo_Direcci_n__c,Poblaci_n__c,Tipo_de_v_a__c,Regi_n__c,Resto_Direcci_n__c,Delegaci_n__c,Nombre_v_a__c,Colonia__c,N_mero_de_v_a__c,C_digo_Postal__c,ltimos_4_d_gitos_de_Celular__pc,PT__pc,Campa_a_Actualizaci_n_SORIBAN__c,Cliente_Anonimo__c,Autenticar_Sin_Celular__c,Name,Id,Oficina__c,N_m_contrato__c,CURP__c,ID_Cliente__c,PersonMailingAddress,PersonEmail,PersonContactId,PersonMobilePhone,Ultimos_4_d_gitos_de_Mobile__c,(select Subject, Status from cases limit 10),(select N_mero_de_tarjeta__c from Tarjetas__r),VIP__c,Empleado__c,N_mero_de_Contrato_texto__c,BIN__c,Subgrupo__pc,Flex__c,Condici_n_econ_mica__c,Saldo_Garantia__c FROM Account WHERE (Name LIKE '%Heribe%') AND ParentId = null AND Fecha_de_nacimiento1__c=1990-01-01 LIMIT 5
11:21:59.1 (54308090)|SOQL_EXECUTE_END|[6]|Rows:1
11:21:59.1 (54387180)|HEAP_ALLOCATE|[6]|Bytes:8
11:21:59.1 (54450994)|HEAP_ALLOCATE|[6]|Bytes:2550
11:21:59.1 (54596796)|HEAP_ALLOCATE|[6]|Bytes:8
11:21:59.54 (54692277)|CUMULATIVE_LIMIT_USAGE
11:21:59.54 (54692277)|LIMIT_USAGE_FOR_NS|(default)|
  Number of SOQL queries: 1 out of 100
  Number of query rows: 14 out of 50000
  Number of SOSL queries: 0 out of 20
  Number of DML statements: 0 out of 150
  Number of Publish Immediate DML: 0 out of 150
  Number of DML rows: 0 out of 10000
  Maximum CPU time: 0 out of 10000
  Maximum heap size: 0 out of 6000000
  Number of callouts: 0 out of 100
  Number of Email Invocations: 0 out of 10
  Number of future calls: 0 out of 50
  Number of queueable jobs added to the queue: 0 out of 50
  Number of Mobile Apex push calls: 0 out of 10

11:21:59.54 (54692277)|CUMULATIVE_LIMIT_USAGE_END

11:21:59.1 (54745806)|CODE_UNIT_FINISHED|Lookupcontroller.querySalesforceRecord(String)
11:21:59.1 (55120819)|CODE_UNIT_FINISHED|apex://Lookupcontroller/ACTION$querySalesforceRecord
11:21:59.1 (55130461)|EXECUTION_FINISHED
