52.0 APEX_CODE,FINEST;APEX_PROFILING,INFO;CALLOUT,INFO;DATA_ACCESS,INFO;DB,INFO;NBA,INFO;SYSTEM,DEBUG;VALIDATION,INFO;VISUALFORCE,INFO;WAVE,INFO;WORKFLOW,INFO
10:15:09.3 (3300203)|USER_INFO|[EXTERNAL]|0051N000008bAK9|contingenciafalabella@falabella.com.mx|(GMT-06:00) Central Standard Time (America/Mexico_City)|GMT-06:00
10:15:09.3 (3388529)|EXECUTION_STARTED
10:15:09.3 (3422071)|CODE_UNIT_STARTED|[EXTERNAL]|01p3l00000EBsec|BatchUpdateCaseGestorBO
10:15:09.3 (7712511)|HEAP_ALLOCATE|[95]|Bytes:3
10:15:09.3 (7812215)|HEAP_ALLOCATE|[100]|Bytes:152
10:15:09.3 (7826933)|HEAP_ALLOCATE|[417]|Bytes:408
10:15:09.3 (7837558)|HEAP_ALLOCATE|[430]|Bytes:408
10:15:09.3 (7882475)|HEAP_ALLOCATE|[317]|Bytes:6
10:15:09.3 (12549361)|HEAP_ALLOCATE|[EXTERNAL]|Bytes:98
10:15:09.3 (20179563)|HEAP_ALLOCATE|[EXTERNAL]|Bytes:11
10:15:09.3 (20306599)|SYSTEM_METHOD_ENTRY|[15]|BatchableContextImpl.BatchableContextImpl()
10:15:09.3 (20486315)|STATEMENT_EXECUTE|[15]
10:15:09.3 (20518978)|SYSTEM_METHOD_EXIT|[15]|BatchableContextImpl
10:15:09.3 (20530620)|HEAP_ALLOCATE|[EXTERNAL]|Bytes:12
10:15:09.3 (20558529)|HEAP_ALLOCATE|[EXTERNAL]|Bytes:4
10:15:09.3 (20561420)|HEAP_ALLOCATE|[EXTERNAL]|Bytes:4
10:15:09.3 (20583798)|VARIABLE_SCOPE_BEGIN|[31]|this|Database.BatchableContextImpl|true|false
10:15:09.3 (20753419)|VARIABLE_ASSIGNMENT|[31]|this|{}|0x3d893174
10:15:09.3 (20760132)|VARIABLE_SCOPE_BEGIN|[31]|jobId|Id|false|false
10:15:09.3 (20936177)|VARIABLE_ASSIGNMENT|[31]|jobId|"707RQ00002CRz8RYAT"
10:15:09.3 (20943407)|VARIABLE_SCOPE_BEGIN|[31]|childJobId|Id|false|false
10:15:09.3 (20965953)|VARIABLE_ASSIGNMENT|[31]|childJobId|"707RQ00002CRcDlYAL"
10:15:09.3 (40061084)|HEAP_ALLOCATE|[EXTERNAL]|Bytes:16
10:15:11.237 (2237157894)|CUMULATIVE_LIMIT_USAGE
10:15:11.237 (2237157894)|LIMIT_USAGE_FOR_NS|(default)|
  Number of SOQL queries: 0 out of 200
  Number of query rows: 0 out of 50000
  Number of SOSL queries: 0 out of 20
  Number of DML statements: 0 out of 150
  Number of Publish Immediate DML: 0 out of 150
  Number of DML rows: 0 out of 10000
  Maximum CPU time: 0 out of 60000
  Maximum heap size: 0 out of 12000000
  Number of callouts: 0 out of 0
  Number of Email Invocations: 0 out of 10
  Number of future calls: 0 out of 0
  Number of queueable jobs added to the queue: 0 out of 1
  Number of Mobile Apex push calls: 0 out of 10

10:15:11.237 (2237157894)|CUMULATIVE_LIMIT_USAGE_END

10:15:11.237 (2237286353)|CODE_UNIT_FINISHED|BatchUpdateCaseGestorBO
10:15:11.237 (2237308302)|EXECUTION_FINISHED
