67.0 APEX_CODE,FINEST;APEX_PROFILING,INFO;CALLOUT,INFO;DATA_ACCESS,INFO;DB,INFO;NBA,INFO;SYSTEM,DEBUG;VALIDATION,INFO;VISUALFORCE,INFO;WAVE,INFO;WORKFLOW,INFO
17:42:05.1 (1504490)|USER_INFO|[EXTERNAL]|0050v0000034lag|albeltransa@falabella.com.mx.admin.uat|(GMT-06:00) Central Standard Time (America/Mexico_City)|GMT-06:00
17:42:05.1 (1567414)|EXECUTION_STARTED
17:42:05.1 (1586132)|CODE_UNIT_STARTED|[EXTERNAL]|apex://MicroServicioGuiaDHL/ACTION$getGuiaDHL
17:42:05.1 (6646310)|CODE_UNIT_STARTED|[EXTERNAL]|01p0v000003MRTq|MicroServicioGuiaDHL.getGuiaDHL(String)
17:42:05.1 (7257999)|HEAP_ALLOCATE|[95]|Bytes:3
17:42:05.1 (7382322)|HEAP_ALLOCATE|[100]|Bytes:152
17:42:05.1 (7404464)|HEAP_ALLOCATE|[417]|Bytes:408
17:42:05.1 (7420689)|HEAP_ALLOCATE|[430]|Bytes:408
17:42:05.1 (7442460)|HEAP_ALLOCATE|[317]|Bytes:6
17:42:05.1 (7454545)|HEAP_ALLOCATE|[EXTERNAL]|Bytes:21
17:42:05.1 (7458074)|HEAP_ALLOCATE|[EXTERNAL]|Bytes:58
17:42:05.1 (7473965)|METHOD_ENTRY|[13]|01p0v000003MRTq|MicroServicioGuiaDHL.MicroServicioGuiaDHL()
17:42:05.1 (7501040)|STATEMENT_EXECUTE|[13]
17:42:05.1 (7513299)|STATEMENT_EXECUTE|[13]
17:42:05.1 (7532879)|HEAP_ALLOCATE|[68]|Bytes:5
17:42:05.1 (7570598)|HEAP_ALLOCATE|[74]|Bytes:5
17:42:05.1 (7575136)|HEAP_ALLOCATE|[82]|Bytes:7
17:42:05.1 (7727192)|HEAP_ALLOCATE|[EXTERNAL]|Bytes:5
17:42:05.1 (7741393)|METHOD_EXIT|[13]|MicroServicioGuiaDHL
17:42:05.1 (7744736)|HEAP_ALLOCATE|[EXTERNAL]|Bytes:18
17:42:05.1 (7756628)|VARIABLE_SCOPE_BEGIN|[16]|accountId|String|false|false
17:42:05.1 (7816925)|VARIABLE_ASSIGNMENT|[16]|accountId|"0010v00000MYqEtAAL"
17:42:05.1 (7826457)|HEAP_ALLOCATE|[18]|Bytes:5
17:42:05.1 (7829070)|STATEMENT_EXECUTE|[16]
17:42:05.1 (7830065)|STATEMENT_EXECUTE|[18]
17:42:05.1 (7832092)|HEAP_ALLOCATE|[18]|Bytes:78
17:42:05.1 (7849578)|HEAP_ALLOCATE|[18]|Bytes:4
17:42:05.1 (7858595)|HEAP_ALLOCATE|[18]|Bytes:7
17:42:05.1 (17270958)|SOQL_EXECUTE_BEGIN|[18]|Aggregations:0|SELECT Name FROM Guia_DHL__c WHERE (Cuenta__c = :tmpVar1 AND Activo__c = TRUE)
17:42:05.1 (29550675)|SOQL_EXECUTE_END|[18]|Rows:1
17:42:05.1 (29639277)|HEAP_ALLOCATE|[18]|Bytes:8
17:42:05.1 (29677848)|HEAP_ALLOCATE|[18]|Bytes:59
17:42:05.1 (29814811)|HEAP_ALLOCATE|[18]|Bytes:8
17:42:05.1 (29834159)|VARIABLE_SCOPE_BEGIN|[18]|guias|List<Guia_DHL__c>|true|false
17:42:05.1 (29922354)|VARIABLE_ASSIGNMENT|[18]|guias|[{"Name":"405590338061170A01KM (2 more) ...","Id":"a1DRt000003P2RVMA0"}]|0x24c63379
17:42:05.1 (29928225)|STATEMENT_EXECUTE|[20]
17:42:05.1 (29933060)|VARIABLE_SCOPE_BEGIN|[20]|retorno|String|false|false
17:42:05.1 (29939628)|VARIABLE_ASSIGNMENT|[20]|retorno|null
17:42:05.1 (30045083)|STATEMENT_EXECUTE|[22]
17:42:05.1 (30060464)|STATEMENT_EXECUTE|[24]
17:42:05.1 (30061558)|STATEMENT_EXECUTE|[26]
17:42:05.1 (30079043)|HEAP_ALLOCATE|[26]|Bytes:12
17:42:05.1 (30113182)|VARIABLE_ASSIGNMENT|[26]|retorno|"405590338061170A01KM (2 more) ..."
17:42:05.1 (30116871)|STATEMENT_EXECUTE|[47]
17:42:05.30 (30190708)|CUMULATIVE_LIMIT_USAGE
17:42:05.30 (30190708)|LIMIT_USAGE_FOR_NS|(default)|
  Number of SOQL queries: 1 out of 100
  Number of query rows: 1 out of 50000
  Number of SOSL queries: 0 out of 20
  Number of DML statements: 0 out of 150
  Number of Publish Immediate DML: 0 out of 150
  Number of DML rows: 0 out of 10000
  Maximum CPU time: 0 out of 10000
  Maximum heap size: 0 out of 6000000
  Number of callouts: 0 out of 100
  Number of Email Invocations: 0 out of 10
  Number of future calls: 0 out of 50
  Number of queueable jobs added to the queue: 0 out of 50
  Number of Mobile Apex push calls: 0 out of 10

17:42:05.30 (30190708)|CUMULATIVE_LIMIT_USAGE_END

17:42:05.1 (30236982)|CODE_UNIT_FINISHED|MicroServicioGuiaDHL.getGuiaDHL(String)
17:42:05.1 (30484885)|CODE_UNIT_FINISHED|apex://MicroServicioGuiaDHL/ACTION$getGuiaDHL
17:42:05.1 (30493697)|EXECUTION_FINISHED
