67.0 APEX_CODE,FINEST;APEX_PROFILING,INFO;CALLOUT,INFO;DATA_ACCESS,INFO;DB,INFO;NBA,INFO;SYSTEM,DEBUG;VALIDATION,INFO;VISUALFORCE,INFO;WAVE,INFO;WORKFLOW,INFO
12:21:19.0 (815082)|USER_INFO|[EXTERNAL]|0051N000005gvau|etrevinofalabella@izeicg.com.uat|(GMT-06:00) Central Standard Time (America/Mexico_City)|GMT-06:00
12:21:19.0 (844334)|EXECUTION_STARTED
12:21:19.0 (852954)|CODE_UNIT_STARTED|[EXTERNAL]|apex://AuthenticateCampaniasController/ACTION$obtenerCampaignsCliente
12:21:19.0 (4212132)|CODE_UNIT_STARTED|[EXTERNAL]|01p0v000003MXir|AuthenticateCampaniasController.obtenerCampaignsCliente(String)
12:21:19.0 (4588473)|HEAP_ALLOCATE|[95]|Bytes:3
12:21:19.0 (4674163)|HEAP_ALLOCATE|[100]|Bytes:152
12:21:19.0 (4691298)|HEAP_ALLOCATE|[417]|Bytes:408
12:21:19.0 (4705590)|HEAP_ALLOCATE|[430]|Bytes:408
12:21:19.0 (4725728)|HEAP_ALLOCATE|[317]|Bytes:6
12:21:19.0 (4736300)|HEAP_ALLOCATE|[EXTERNAL]|Bytes:5
12:21:19.0 (4739267)|HEAP_ALLOCATE|[EXTERNAL]|Bytes:5
12:21:19.0 (4762440)|METHOD_ENTRY|[12]|01p0v000003MXir|AuthenticateCampaniasController.AuthenticateCampaniasController()
12:21:19.0 (4769707)|STATEMENT_EXECUTE|[12]
12:21:19.0 (4778643)|STATEMENT_EXECUTE|[12]
12:21:19.0 (4783746)|METHOD_EXIT|[12]|AuthenticateCampaniasController
12:21:19.0 (4786442)|HEAP_ALLOCATE|[EXTERNAL]|Bytes:15
12:21:19.0 (4799620)|VARIABLE_SCOPE_BEGIN|[21]|personId|String|false|false
12:21:19.0 (4875553)|VARIABLE_ASSIGNMENT|[21]|personId|"0030v00000H4dHR"
12:21:19.0 (4882807)|STATEMENT_EXECUTE|[21]
12:21:19.0 (4883680)|STATEMENT_EXECUTE|[23]
12:21:19.0 (4885660)|HEAP_ALLOCATE|[23]|Bytes:73
12:21:19.0 (4901566)|HEAP_ALLOCATE|[23]|Bytes:4
12:21:19.0 (4913811)|HEAP_ALLOCATE|[23]|Bytes:7
12:21:19.0 (4916606)|HEAP_ALLOCATE|[24]|Bytes:26
12:21:19.0 (4948947)|HEAP_ALLOCATE|[68]|Bytes:5
12:21:19.0 (4976996)|HEAP_ALLOCATE|[74]|Bytes:5
12:21:19.0 (4983337)|HEAP_ALLOCATE|[82]|Bytes:7
12:21:19.0 (6892091)|SOQL_EXECUTE_BEGIN|[23]|Aggregations:0|SELECT Limite__c FROM Limites__mdt WHERE DeveloperName = :tmpVar1 LIMIT 1
12:21:19.0 (11785860)|SOQL_EXECUTE_END|[23]|Rows:1
12:21:19.0 (11816005)|HEAP_ALLOCATE|[23]|Bytes:8
12:21:19.0 (11834213)|HEAP_ALLOCATE|[23]|Bytes:78
12:21:19.0 (11918931)|HEAP_ALLOCATE|[23]|Bytes:8
12:21:19.0 (11933249)|HEAP_ALLOCATE|[23]|Bytes:38
12:21:19.0 (11999772)|HEAP_ALLOCATE|[23]|Bytes:12
12:21:19.0 (12005406)|VARIABLE_SCOPE_BEGIN|[23]|maxCampaign|Limites__mdt|true|false
12:21:19.0 (12070864)|VARIABLE_ASSIGNMENT|[23]|maxCampaign|{"Limite__c":10.0,"Id":"m0C0v00000092GqEAI"}|0x46734ccf
12:21:19.0 (12076320)|STATEMENT_EXECUTE|[26]
12:21:19.0 (12322775)|VARIABLE_SCOPE_BEGIN|[26]|limitCampaign|Integer|false|false
12:21:19.0 (12328450)|HEAP_ALLOCATE|[26]|Bytes:4
12:21:19.0 (12335695)|VARIABLE_ASSIGNMENT|[26]|limitCampaign|10
12:21:19.0 (12338130)|STATEMENT_EXECUTE|[27]
12:21:19.0 (12340087)|HEAP_ALLOCATE|[27]|Bytes:341
12:21:19.0 (12351706)|HEAP_ALLOCATE|[27]|Bytes:4
12:21:19.0 (12365197)|HEAP_ALLOCATE|[27]|Bytes:7
12:21:19.0 (12400425)|HEAP_ALLOCATE|[31]|Bytes:4
12:21:19.0 (12420537)|HEAP_ALLOCATE|[27]|Bytes:7
12:21:19.0 (12430595)|HEAP_ALLOCATE|[32]|Bytes:4
12:21:19.0 (12436369)|HEAP_ALLOCATE|[27]|Bytes:7
12:21:19.0 (12439173)|HEAP_ALLOCATE|[27]|Bytes:4
12:21:19.0 (16375306)|SOQL_EXECUTE_BEGIN|[27]|Aggregations:0|SELECT Campaign.Name, Campaign.Id, Campaign.StartDate, Campaign.EndDate, Campaign.Description, Campaign.Tipo_Campa_a__c, Status FROM CampaignMember WHERE (LeadOrContactId = :tmpVar1 AND Campaign.IsActive = TRUE AND Campaign.StartDate <= :tmpVar2 AND Campaign.EndDate >= :tmpVar3) ORDER BY Campaign.Prioridad__c ASC NULLS FIRST LIMIT :tmpVar4
12:21:19.0 (35006637)|SOQL_EXECUTE_END|[27]|Rows:0
12:21:19.0 (35040725)|HEAP_ALLOCATE|[27]|Bytes:4
12:21:19.0 (35052493)|HEAP_ALLOCATE|[27]|Bytes:0
12:21:19.0 (35099125)|HEAP_ALLOCATE|[27]|Bytes:4
12:21:19.0 (35115642)|VARIABLE_SCOPE_BEGIN|[27]|result|List<CampaignMember>|true|false
12:21:19.0 (35139200)|VARIABLE_ASSIGNMENT|[27]|result|[]|0x5f82fe3c
12:21:19.0 (35145222)|STATEMENT_EXECUTE|[36]
12:21:19.35 (35199901)|CUMULATIVE_LIMIT_USAGE
12:21:19.35 (35199901)|LIMIT_USAGE_FOR_NS|(default)|
  Number of SOQL queries: 1 out of 100
  Number of query rows: 1 out of 50000
  Number of SOSL queries: 0 out of 20
  Number of DML statements: 0 out of 150
  Number of Publish Immediate DML: 0 out of 150
  Number of DML rows: 0 out of 10000
  Maximum CPU time: 0 out of 10000
  Maximum heap size: 0 out of 6000000
  Number of callouts: 0 out of 100
  Number of Email Invocations: 0 out of 10
  Number of future calls: 0 out of 50
  Number of queueable jobs added to the queue: 0 out of 50
  Number of Mobile Apex push calls: 0 out of 10

12:21:19.35 (35199901)|CUMULATIVE_LIMIT_USAGE_END

12:21:19.0 (35224222)|CODE_UNIT_FINISHED|AuthenticateCampaniasController.obtenerCampaignsCliente(String)
12:21:19.0 (35413811)|CODE_UNIT_FINISHED|apex://AuthenticateCampaniasController/ACTION$obtenerCampaignsCliente
12:21:19.0 (35419068)|EXECUTION_FINISHED
