56.0 APEX_CODE,FINEST;APEX_PROFILING,INFO;CALLOUT,INFO;DATA_ACCESS,INFO;DB,INFO;NBA,INFO;SYSTEM,DEBUG;VALIDATION,INFO;VISUALFORCE,INFO;WAVE,INFO;WORKFLOW,INFO
11:30:00.0 (147742)|USER_INFO|[EXTERNAL]|0051N000005gvau|etrevinofalabella@izeicg.com.uat|(GMT-06:00) Central Standard Time (America/Mexico_City)|GMT-06:00
11:30:00.0 (184069)|EXECUTION_STARTED
11:30:00.0 (196102)|CODE_UNIT_STARTED|[EXTERNAL]|01pDK00000AKh3n|BatchUpdateCasesEmboce
11:30:00.0 (1504319)|HEAP_ALLOCATE|[EXTERNAL]|Bytes:99
11:30:00.0 (1581620)|HEAP_ALLOCATE|[EXTERNAL]|Bytes:12
11:30:00.0 (1601079)|METHOD_ENTRY|[11]|01pDK00000AKh3n|BatchUpdateCasesEmboce.BatchUpdateCasesEmboce()
11:30:00.0 (1609170)|STATEMENT_EXECUTE|[11]
11:30:00.0 (1627107)|STATEMENT_EXECUTE|[11]
11:30:00.0 (1634317)|METHOD_EXIT|[11]|BatchUpdateCasesEmboce
11:30:00.0 (1640643)|HEAP_ALLOCATE|[EXTERNAL]|Bytes:24
11:30:00.0 (1644042)|HEAP_ALLOCATE|[EXTERNAL]|Bytes:12
11:30:00.0 (1674215)|HEAP_ALLOCATE|[EXTERNAL]|Bytes:32
11:30:00.0 (1683990)|VARIABLE_SCOPE_BEGIN|[52]|this|BatchUpdateCasesEmboce|true|false
11:30:00.0 (1799929)|VARIABLE_ASSIGNMENT|[52]|this|{"estatus":"CONFIRMADO","lstReturns":"0x5247b18e","lstStatusCanceledCases":"0x213aff97","lstStatusClosedCases":"0xfa8eed9","mapErrors":"0x15727197"}|0x52f65f57
11:30:00.0 (1809564)|VARIABLE_SCOPE_BEGIN|[52]|BC|Database.BatchableContext|true|false
11:30:00.0 (1936723)|VARIABLE_ASSIGNMENT|[52]|BC|{"childJobId":"707Rt00001wUSdwIAG","jobId":"707Rt00001wUbi5IAC"}|0x4f671de9
11:30:00.0 (1941679)|VARIABLE_SCOPE_BEGIN|[52]|scope|List<Case>|true|false
11:30:00.0 (1952088)|VARIABLE_ASSIGNMENT|[52]|scope|"List of size 7 too large to display"|0x24cfeb9e
11:30:00.0 (1962185)|STATEMENT_EXECUTE|[52]
11:30:00.0 (1963617)|STATEMENT_EXECUTE|[54]
11:30:00.0 (1977602)|HEAP_ALLOCATE|[54]|Bytes:4
11:30:00.0 (1991869)|VARIABLE_SCOPE_BEGIN|[54]|mapCaseIdWayBill|Map<String,String>|true|false
11:30:00.0 (2005513)|VARIABLE_ASSIGNMENT|[54]|mapCaseIdWayBill|{}|0x38a27512
11:30:00.0 (2009023)|STATEMENT_EXECUTE|[55]
11:30:00.0 (2039065)|HEAP_ALLOCATE|[55]|Bytes:4
11:30:00.0 (2042829)|VARIABLE_SCOPE_BEGIN|[55]|mapWayBillStatusSPA|Map<String,String>|true|false
11:30:00.0 (2047588)|VARIABLE_ASSIGNMENT|[55]|mapWayBillStatusSPA|{}|0x6a411c4a
11:30:00.0 (2050137)|STATEMENT_EXECUTE|[57]
11:30:00.0 (2053053)|HEAP_ALLOCATE|[57]|Bytes:4
11:30:00.0 (2069228)|VARIABLE_SCOPE_BEGIN|[57]|mapWayBillReceiverName|Map<String,String>|true|false
11:30:00.0 (2074320)|VARIABLE_ASSIGNMENT|[57]|mapWayBillReceiverName|{}|0xaadeab2
11:30:00.0 (2561360)|HEAP_ALLOCATE|[68]|Bytes:5
11:30:00.0 (2583969)|HEAP_ALLOCATE|[74]|Bytes:5
11:30:00.0 (2591300)|HEAP_ALLOCATE|[82]|Bytes:7
11:30:00.0 (2602065)|HEAP_ALLOCATE|[59]|Bytes:5
11:30:00.0 (2666499)|HEAP_ALLOCATE|[59]|Bytes:20
11:30:00.0 (2675349)|VARIABLE_SCOPE_BEGIN|[59]|caseEmboce|Case|true|false
11:30:00.0 (2787326)|VARIABLE_ASSIGNMENT|[59]|caseEmboce|{"Status":"Asignada","Num_Folio_a_Consultar__c":"80559033806117086383 (2 more) ...","Id":"500DK000008REIZYA4","Estatus_final_de_tarjeta__c":"EN_TRANSITO"}|0x7d98f73f
11:30:00.0 (2794544)|STATEMENT_EXECUTE|[59]
11:30:00.0 (2873417)|STATEMENT_EXECUTE|[61]
11:30:00.0 (2874606)|STATEMENT_EXECUTE|[63]
11:30:00.0 (2940323)|HEAP_ALLOCATE|[EXTERNAL]|Bytes:-4
11:30:00.0 (2971457)|HEAP_ALLOCATE|[59]|Bytes:5
11:30:00.0 (2979592)|HEAP_ALLOCATE|[59]|Bytes:20
11:30:00.0 (2984012)|VARIABLE_SCOPE_BEGIN|[59]|caseEmboce|Case|true|false
11:30:00.0 (3011073)|VARIABLE_ASSIGNMENT|[59]|caseEmboce|{"Status":"Asignada","Num_Folio_a_Consultar__c":"20559033806117086366 (2 more) ...","Id":"500DK000008REr7YAG","Estatus_final_de_tarjeta__c":"EN_TRANSITO"}|0x59b3ca99
11:30:00.0 (3017821)|STATEMENT_EXECUTE|[59]
11:30:00.0 (3039763)|STATEMENT_EXECUTE|[61]
11:30:00.0 (3041541)|STATEMENT_EXECUTE|[63]
11:30:00.0 (3053198)|HEAP_ALLOCATE|[EXTERNAL]|Bytes:-4
11:30:00.0 (3062775)|HEAP_ALLOCATE|[59]|Bytes:5
11:30:00.0 (3069887)|HEAP_ALLOCATE|[59]|Bytes:20
11:30:00.0 (3074101)|VARIABLE_SCOPE_BEGIN|[59]|caseEmboce|Case|true|false
11:30:00.0 (3102205)|VARIABLE_ASSIGNMENT|[59]|caseEmboce|{"Status":"Asignada","Num_Folio_a_Consultar__c":"90559033806117086377 (2 more) ...","Id":"500DK000008RErCYAW","Estatus_final_de_tarjeta__c":"EN_TRANSITO"}|0x6a323d86
11:30:00.0 (3108165)|STATEMENT_EXECUTE|[59]
11:30:00.0 (3129049)|STATEMENT_EXECUTE|[61]
11:30:00.0 (3130556)|STATEMENT_EXECUTE|[63]
11:30:00.0 (3140956)|HEAP_ALLOCATE|[EXTERNAL]|Bytes:-4
11:30:00.0 (3150262)|HEAP_ALLOCATE|[59]|Bytes:5
11:30:00.0 (3156988)|HEAP_ALLOCATE|[59]|Bytes:20
11:30:00.0 (3161421)|VARIABLE_SCOPE_BEGIN|[59]|caseEmboce|Case|true|false
11:30:00.0 (3212596)|VARIABLE_ASSIGNMENT|[59]|caseEmboce|{"Status":"Asignada","Num_Folio_a_Consultar__c":"90559033806117086400 (2 more) ...","Id":"500DK000008REtNYAW","Estatus_final_de_tarjeta__c":"EN_TRANSITO"}|0x50291ef0
11:30:00.0 (3219735)|STATEMENT_EXECUTE|[59]
11:30:00.0 (3234920)|STATEMENT_EXECUTE|[61]
11:30:00.0 (3236232)|STATEMENT_EXECUTE|[63]
11:30:00.0 (3245447)|HEAP_ALLOCATE|[EXTERNAL]|Bytes:-4
11:30:00.0 (3254313)|HEAP_ALLOCATE|[59]|Bytes:5
11:30:00.0 (3261359)|HEAP_ALLOCATE|[59]|Bytes:20
11:30:00.0 (3265695)|VARIABLE_SCOPE_BEGIN|[59]|caseEmboce|Case|true|false
11:30:00.0 (3295273)|VARIABLE_ASSIGNMENT|[59]|caseEmboce|{"Status":"Asignada","Num_Folio_a_Consultar__c":"80559033806117086383 (2 more) ...","Id":"500DK000008REuGYAW","Estatus_final_de_tarjeta__c":"EN_TRANSITO"}|0x30f9a965
11:30:00.0 (3300943)|STATEMENT_EXECUTE|[59]
11:30:00.0 (3312880)|STATEMENT_EXECUTE|[61]
11:30:00.0 (3314156)|STATEMENT_EXECUTE|[63]
11:30:00.0 (3322088)|HEAP_ALLOCATE|[EXTERNAL]|Bytes:-4
11:30:00.0 (3328127)|HEAP_ALLOCATE|[59]|Bytes:5
11:30:00.0 (3332058)|HEAP_ALLOCATE|[59]|Bytes:20
11:30:00.0 (3334825)|VARIABLE_SCOPE_BEGIN|[59]|caseEmboce|Case|true|false
11:30:00.0 (3351380)|VARIABLE_ASSIGNMENT|[59]|caseEmboce|{"Status":"Asignada","Num_Folio_a_Consultar__c":"50559033806117086382 (2 more) ...","Id":"500DK000008REuQYAW","Estatus_final_de_tarjeta__c":"EN_TRANSITO"}|0x77594ae1
11:30:00.0 (3355110)|STATEMENT_EXECUTE|[59]
11:30:00.0 (3362717)|STATEMENT_EXECUTE|[61]
11:30:00.0 (3363672)|STATEMENT_EXECUTE|[63]
11:30:00.0 (3369160)|HEAP_ALLOCATE|[EXTERNAL]|Bytes:-4
11:30:00.0 (3374278)|HEAP_ALLOCATE|[59]|Bytes:5
11:30:00.0 (3378091)|HEAP_ALLOCATE|[59]|Bytes:20
11:30:00.0 (3380351)|VARIABLE_SCOPE_BEGIN|[59]|caseEmboce|Case|true|false
11:30:00.0 (3395684)|VARIABLE_ASSIGNMENT|[59]|caseEmboce|{"Status":"Asignada","Num_Folio_a_Consultar__c":"30559033806117086388 (2 more) ...","Id":"500DK000008REuaYAG","Estatus_final_de_tarjeta__c":"EN_TRANSITO"}|0xc7c9781
11:30:00.0 (3398955)|STATEMENT_EXECUTE|[59]
11:30:00.0 (3406653)|STATEMENT_EXECUTE|[61]
11:30:00.0 (3407564)|STATEMENT_EXECUTE|[63]
11:30:00.0 (3412361)|HEAP_ALLOCATE|[EXTERNAL]|Bytes:-4
11:30:00.0 (3417286)|HEAP_ALLOCATE|[59]|Bytes:5
11:30:00.0 (3445995)|VARIABLE_ASSIGNMENT|[59]|caseEmboce|null|
11:30:00.0 (3468913)|STATEMENT_EXECUTE|[67]
11:30:00.0 (3469950)|STATEMENT_EXECUTE|[70]
11:30:00.0 (5705566)|HEAP_ALLOCATE|[70]|Bytes:22
11:30:00.0 (5742226)|METHOD_ENTRY|[12]|01pDK000007Q9UR|EstafetaService.EstafetaService()
11:30:00.0 (5747570)|STATEMENT_EXECUTE|[12]
11:30:00.0 (5753819)|STATEMENT_EXECUTE|[12]
11:30:00.0 (5758742)|METHOD_EXIT|[12]|EstafetaService
11:30:00.0 (5790331)|METHOD_ENTRY|[70]|01pDK000007Q9UR|EstafetaService.oauthToken()
11:30:00.0 (5822684)|STATEMENT_EXECUTE|[95]
11:30:00.0 (5824399)|STATEMENT_EXECUTE|[97]
11:30:00.0 (5828705)|VARIABLE_SCOPE_BEGIN|[97]|mapResult|Map<String,ANY>|true|false
11:30:00.0 (5843290)|VARIABLE_ASSIGNMENT|[97]|mapResult|null|
11:30:00.0 (5847911)|STATEMENT_EXECUTE|[99]
11:30:00.0 (8670745)|HEAP_ALLOCATE|[99]|Bytes:11
11:30:00.0 (8686361)|HEAP_ALLOCATE|[99]|Bytes:2
11:30:00.0 (8712996)|METHOD_ENTRY|[11]|01pDK000007Q9UQ|ClientRest.ClientRest()
11:30:00.0 (8718007)|STATEMENT_EXECUTE|[11]
11:30:00.0 (8723306)|STATEMENT_EXECUTE|[11]
11:30:00.0 (8727961)|METHOD_EXIT|[11]|ClientRest
11:30:00.0 (8953118)|HEAP_ALLOCATE|[99]|Bytes:8
11:30:00.0 (8960447)|HEAP_ALLOCATE|[99]|Bytes:28
11:30:00.0 (8983778)|CONSTRUCTOR_ENTRY|[99]|01pDK000007Q9UQ|<init>(String)|ClientRest
11:30:00.0 (9050395)|VARIABLE_SCOPE_BEGIN|[15]|this|ClientRest|true|false
11:30:00.0 (9097741)|VARIABLE_ASSIGNMENT|[15]|this|{}|0x3d5aed06
11:30:00.0 (9104857)|VARIABLE_SCOPE_BEGIN|[15]|record|String|false|false
11:30:00.0 (9116918)|VARIABLE_ASSIGNMENT|[15]|record|"EstafetaCustShipment (8 more) ..."
11:30:00.0 (9124073)|STATEMENT_EXECUTE|[11]
11:30:00.0 (9126162)|STATEMENT_EXECUTE|[13]
11:30:00.0 (10753360)|STATEMENT_EXECUTE|[15]
11:30:00.0 (10757268)|STATEMENT_EXECUTE|[17]
11:30:00.0 (18567531)|VARIABLE_ASSIGNMENT|[17]|this.microservicio|{"Authenticated_UserID__c":"y6xoXlLjl8BeizUIRBFH","Label":"EstafetaCustShipment (8 more) ...","MasterLabel":"EstafetaCustShipment (8 more) ...","Language":"es","Client_ID__c":"l71718b52bdb34493cb2 (14 more) ...","DeveloperName":"EstafetaCustShipment (8 more) ...","Provision_Key__c":"WSCTrakingUser_pro","Client_Secret__c":"928c4f5631ca4a31b85e (12 more) ...","IsProtected":false,"Section__c":"500","SystemModstamp":"2023-02-07T16:41:16.000Z","ManageableState":"U","QualifiedApiName":"EstafetaCustShipment (8 more) ...","Id":"m08DK000000D4g1"}|0x3d5aed06
11:30:00.0 (18620725)|CONSTRUCTOR_EXIT|[99]|01pDK000007Q9UQ|<init>(String)|ClientRest
11:30:00.0 (18627378)|VARIABLE_SCOPE_BEGIN|[99]|client|ClientRest|true|false
11:30:00.0 (18691379)|VARIABLE_ASSIGNMENT|[99]|client|{"microservicio":"0x6275305b"}|0x3d5aed06
11:30:00.0 (18698644)|STATEMENT_EXECUTE|[101]
11:30:00.0 (21875923)|VARIABLE_SCOPE_BEGIN|[15]|ConstantsEstafetaService.ESTAFETA_ENDPOINT_CUSTSHIPMENTTRACKING|String|false|true
11:30:00.0 (21891587)|VARIABLE_SCOPE_BEGIN|[14]|ConstantsEstafetaService.ESTAFETA_ENDPOINT_TOKEN|String|false|true
11:30:00.0 (21895691)|VARIABLE_SCOPE_BEGIN|[18]|ConstantsEstafetaService.ESTAFETA_FILTERTYPE|String|false|true
11:30:00.0 (21898979)|VARIABLE_SCOPE_BEGIN|[19]|ConstantsEstafetaService.ESTAFETA_HISTORYTYPE|String|false|true
11:30:00.0 (21902333)|VARIABLE_SCOPE_BEGIN|[16]|ConstantsEstafetaService.ESTAFETA_SEARCHTYPE|String|false|true
11:30:00.0 (21921279)|VARIABLE_SCOPE_BEGIN|[17]|ConstantsEstafetaService.ESTAFETA_WAYBILLTYPE|String|false|true
11:30:00.0 (21925249)|VARIABLE_SCOPE_BEGIN|[30]|ConstantsEstafetaService.HTTP_ACCEPT|String|false|true
11:30:00.0 (21993035)|VARIABLE_SCOPE_BEGIN|[32]|ConstantsEstafetaService.HTTP_APIKEY|String|false|true
11:30:00.0 (22001081)|VARIABLE_SCOPE_BEGIN|[31]|ConstantsEstafetaService.HTTP_APP_JSON|String|false|true
11:30:00.0 (22004742)|VARIABLE_SCOPE_BEGIN|[29]|ConstantsEstafetaService.HTTP_APP_URLENCODED|String|false|true
11:30:00.0 (22008100)|VARIABLE_SCOPE_BEGIN|[33]|ConstantsEstafetaService.HTTP_AUTHORIZATION|String|false|true
11:30:00.0 (22011641)|VARIABLE_SCOPE_BEGIN|[34]|ConstantsEstafetaService.HTTP_BEARER|String|false|true
11:30:00.0 (22015101)|VARIABLE_SCOPE_BEGIN|[23]|ConstantsEstafetaService.HTTP_CLIENT_CREDENTIALS|String|false|true
11:30:00.0 (22018931)|VARIABLE_SCOPE_BEGIN|[26]|ConstantsEstafetaService.HTTP_CLIENT_ID|String|false|true
11:30:00.0 (22022458)|VARIABLE_SCOPE_BEGIN|[27]|ConstantsEstafetaService.HTTP_CLIENT_SECRET|String|false|true
11:30:00.0 (22025932)|VARIABLE_SCOPE_BEGIN|[28]|ConstantsEstafetaService.HTTP_CONTENT_TYPE|String|false|true
11:30:00.0 (22033869)|VARIABLE_SCOPE_BEGIN|[25]|ConstantsEstafetaService.HTTP_EXECUTE|String|false|true
11:30:00.0 (22037561)|VARIABLE_SCOPE_BEGIN|[22]|ConstantsEstafetaService.HTTP_GRANT_TYPE|String|false|true
11:30:00.0 (22041208)|VARIABLE_SCOPE_BEGIN|[21]|ConstantsEstafetaService.HTTP_METHOD_POST|String|false|true
11:30:00.0 (22044723)|VARIABLE_SCOPE_BEGIN|[24]|ConstantsEstafetaService.HTTP_SCOPE|String|false|true
11:30:00.0 (22085344)|METHOD_ENTRY|[11]|01pDK00000AKh3r|ConstantsEstafetaService.ConstantsEstafetaService()
11:30:00.0 (22090657)|STATEMENT_EXECUTE|[11]
11:30:00.0 (22096713)|STATEMENT_EXECUTE|[11]
11:30:00.0 (22098015)|STATEMENT_EXECUTE|[14]
11:30:00.0 (22103929)|HEAP_ALLOCATE|[14]|Bytes:23
11:30:00.0 (25341931)|HEAP_ALLOCATE|[14]|Bytes:44
11:30:00.0 (25391732)|VARIABLE_ASSIGNMENT|[14]|ConstantsEstafetaService.ESTAFETA_ENDPOINT_TOKEN|"https://api.estafeta (24 more) ..."
11:30:00.0 (25400234)|STATEMENT_EXECUTE|[15]
11:30:00.0 (25404561)|HEAP_ALLOCATE|[15]|Bytes:38
11:30:00.0 (25435264)|HEAP_ALLOCATE|[15]|Bytes:64
11:30:00.0 (25442605)|VARIABLE_ASSIGNMENT|[15]|ConstantsEstafetaService.ESTAFETA_ENDPOINT_CUSTSHIPMENTTRACKING|"https://csrest.estaf (44 more) ..."
11:30:00.0 (25445215)|STATEMENT_EXECUTE|[16]
11:30:00.0 (25446524)|HEAP_ALLOCATE|[16]|Bytes:19
11:30:00.0 (25454698)|HEAP_ALLOCATE|[16]|Bytes:1
11:30:00.0 (25462289)|VARIABLE_ASSIGNMENT|[16]|ConstantsEstafetaService.ESTAFETA_SEARCHTYPE|"L"
11:30:00.0 (25465384)|STATEMENT_EXECUTE|[17]
11:30:00.0 (25466898)|HEAP_ALLOCATE|[17]|Bytes:20
11:30:00.0 (25474383)|HEAP_ALLOCATE|[17]|Bytes:1
11:30:00.0 (25481134)|VARIABLE_ASSIGNMENT|[17]|ConstantsEstafetaService.ESTAFETA_WAYBILLTYPE|"G"
11:30:00.0 (25484348)|STATEMENT_EXECUTE|[18]
11:30:00.0 (25485881)|HEAP_ALLOCATE|[18]|Bytes:19
11:30:00.0 (25493040)|HEAP_ALLOCATE|[18]|Bytes:9
11:30:00.0 (25499030)|VARIABLE_ASSIGNMENT|[18]|ConstantsEstafetaService.ESTAFETA_FILTERTYPE|"DELIVERED"
11:30:00.0 (25502450)|STATEMENT_EXECUTE|[19]
11:30:00.0 (25504224)|HEAP_ALLOCATE|[19]|Bytes:20
11:30:00.0 (25511569)|HEAP_ALLOCATE|[19]|Bytes:3
11:30:00.0 (25517555)|VARIABLE_ASSIGNMENT|[19]|ConstantsEstafetaService.ESTAFETA_HISTORYTYPE|"ALL"
11:30:00.0 (25520526)|STATEMENT_EXECUTE|[21]
11:30:00.0 (25522208)|HEAP_ALLOCATE|[21]|Bytes:16
11:30:00.0 (25553656)|HEAP_ALLOCATE|[21]|Bytes:4
11:30:00.0 (25571154)|VARIABLE_ASSIGNMENT|[21]|ConstantsEstafetaService.HTTP_METHOD_POST|"POST"
11:30:00.0 (25574751)|STATEMENT_EXECUTE|[22]
11:30:00.0 (25576497)|HEAP_ALLOCATE|[22]|Bytes:15
11:30:00.0 (25584982)|HEAP_ALLOCATE|[22]|Bytes:10
11:30:00.0 (25591777)|VARIABLE_ASSIGNMENT|[22]|ConstantsEstafetaService.HTTP_GRANT_TYPE|"grant_type"
11:30:00.0 (25594803)|STATEMENT_EXECUTE|[23]
11:30:00.0 (25596432)|HEAP_ALLOCATE|[23]|Bytes:23
11:30:00.0 (25603145)|HEAP_ALLOCATE|[23]|Bytes:18
11:30:00.0 (25609777)|VARIABLE_ASSIGNMENT|[23]|ConstantsEstafetaService.HTTP_CLIENT_CREDENTIALS|"client_credentials"
11:30:00.0 (25612986)|STATEMENT_EXECUTE|[24]
11:30:00.0 (25614626)|HEAP_ALLOCATE|[24]|Bytes:10
11:30:00.0 (25621243)|HEAP_ALLOCATE|[24]|Bytes:5
11:30:00.0 (25627407)|VARIABLE_ASSIGNMENT|[24]|ConstantsEstafetaService.HTTP_SCOPE|"scope"
11:30:00.0 (25630310)|STATEMENT_EXECUTE|[25]
11:30:00.0 (25631802)|HEAP_ALLOCATE|[25]|Bytes:12
11:30:00.0 (25637920)|HEAP_ALLOCATE|[25]|Bytes:7
11:30:00.0 (25643595)|VARIABLE_ASSIGNMENT|[25]|ConstantsEstafetaService.HTTP_EXECUTE|"execute"
11:30:00.0 (25646971)|STATEMENT_EXECUTE|[26]
11:30:00.0 (25648546)|HEAP_ALLOCATE|[26]|Bytes:14
11:30:00.0 (25654900)|HEAP_ALLOCATE|[26]|Bytes:9
11:30:00.0 (25660512)|VARIABLE_ASSIGNMENT|[26]|ConstantsEstafetaService.HTTP_CLIENT_ID|"client_id"
11:30:00.0 (25680491)|STATEMENT_EXECUTE|[27]
11:30:00.0 (25682998)|HEAP_ALLOCATE|[27]|Bytes:18
11:30:00.0 (25691451)|HEAP_ALLOCATE|[27]|Bytes:13
11:30:00.0 (25696882)|VARIABLE_ASSIGNMENT|[27]|ConstantsEstafetaService.HTTP_CLIENT_SECRET|"client_secret"
11:30:00.0 (25699062)|STATEMENT_EXECUTE|[28]
11:30:00.0 (25700241)|HEAP_ALLOCATE|[28]|Bytes:17
11:30:00.0 (25705082)|HEAP_ALLOCATE|[28]|Bytes:12
11:30:00.0 (25709407)|VARIABLE_ASSIGNMENT|[28]|ConstantsEstafetaService.HTTP_CONTENT_TYPE|"Content-Type"
11:30:00.0 (25711492)|STATEMENT_EXECUTE|[29]
11:30:00.0 (25712649)|HEAP_ALLOCATE|[29]|Bytes:19
11:30:00.0 (25716977)|HEAP_ALLOCATE|[29]|Bytes:33
11:30:00.0 (25727405)|VARIABLE_ASSIGNMENT|[29]|ConstantsEstafetaService.HTTP_APP_URLENCODED|"application/x-www-fo (13 more) ..."
11:30:00.0 (25730043)|STATEMENT_EXECUTE|[30]
11:30:00.0 (25731307)|HEAP_ALLOCATE|[30]|Bytes:11
11:30:00.0 (25736340)|HEAP_ALLOCATE|[30]|Bytes:6
11:30:00.0 (25742318)|VARIABLE_ASSIGNMENT|[30]|ConstantsEstafetaService.HTTP_ACCEPT|"accept"
11:30:00.0 (25744420)|STATEMENT_EXECUTE|[31]
11:30:00.0 (25745363)|HEAP_ALLOCATE|[31]|Bytes:13
11:30:00.0 (25750881)|HEAP_ALLOCATE|[31]|Bytes:16
11:30:00.0 (25754766)|VARIABLE_ASSIGNMENT|[31]|ConstantsEstafetaService.HTTP_APP_JSON|"application/json"
11:30:00.0 (25756751)|STATEMENT_EXECUTE|[32]
11:30:00.0 (25757681)|HEAP_ALLOCATE|[32]|Bytes:11
11:30:00.0 (25761819)|HEAP_ALLOCATE|[32]|Bytes:6
11:30:00.0 (25765396)|VARIABLE_ASSIGNMENT|[32]|ConstantsEstafetaService.HTTP_APIKEY|"apikey"
11:30:00.0 (25767287)|STATEMENT_EXECUTE|[33]
11:30:00.0 (25768481)|HEAP_ALLOCATE|[33]|Bytes:18
11:30:00.0 (25772600)|HEAP_ALLOCATE|[33]|Bytes:13
11:30:00.0 (25776242)|VARIABLE_ASSIGNMENT|[33]|ConstantsEstafetaService.HTTP_AUTHORIZATION|"Authorization"
11:30:00.0 (25778277)|STATEMENT_EXECUTE|[34]
11:30:00.0 (25779324)|HEAP_ALLOCATE|[34]|Bytes:11
11:30:00.0 (25783622)|HEAP_ALLOCATE|[34]|Bytes:6
11:30:00.0 (25787309)|VARIABLE_ASSIGNMENT|[34]|ConstantsEstafetaService.HTTP_BEARER|"Bearer"
11:30:00.0 (25799045)|METHOD_EXIT|[11]|ConstantsEstafetaService
11:30:00.0 (25828151)|METHOD_ENTRY|[101]|01pDK000007Q9UR|EstafetaService.headersToken()
11:30:00.0 (25867977)|STATEMENT_EXECUTE|[19]
11:30:00.0 (25869002)|STATEMENT_EXECUTE|[21]
11:30:00.0 (25880162)|HEAP_ALLOCATE|[21]|Bytes:4
11:30:00.0 (25948435)|VARIABLE_SCOPE_BEGIN|[21]|mapHeaders|Map<String,String>|true|false
11:30:00.0 (25973042)|VARIABLE_ASSIGNMENT|[21]|mapHeaders|{"Content-Type":"application/x-www-fo (13 more) ..."}|0x18380ab5
11:30:00.0 (25977945)|STATEMENT_EXECUTE|[23]
11:30:00.0 (25981843)|METHOD_EXIT|[101]|01pDK000007Q9UR|EstafetaService.headersToken()
11:30:00.0 (26061670)|METHOD_ENTRY|[101]|01pDK000007Q9UR|EstafetaService.bodyToken(String, String)
11:30:00.0 (26068923)|VARIABLE_SCOPE_BEGIN|[34]|clientId|String|false|false
11:30:00.0 (26085673)|VARIABLE_ASSIGNMENT|[34]|clientId|"l71718b52bdb34493cb2 (14 more) ..."
11:30:00.0 (26088324)|VARIABLE_SCOPE_BEGIN|[34]|clientSecret|String|false|false
11:30:00.0 (26092760)|VARIABLE_ASSIGNMENT|[34]|clientSecret|"928c4f5631ca4a31b85e (12 more) ..."
11:30:00.0 (26096148)|STATEMENT_EXECUTE|[34]
11:30:00.0 (26097177)|STATEMENT_EXECUTE|[36]
11:30:00.0 (26100000)|HEAP_ALLOCATE|[36]|Bytes:1
11:30:00.0 (26102881)|HEAP_ALLOCATE|[37]|Bytes:1
11:30:00.0 (26115463)|HEAP_ALLOCATE|[36]|Bytes:36
11:30:00.0 (26120372)|HEAP_ALLOCATE|[36]|Bytes:53
11:30:00.0 (26125665)|HEAP_ALLOCATE|[36]|Bytes:46
11:30:00.0 (26128270)|HEAP_ALLOCATE|[36]|Bytes:135
11:30:00.0 (26130341)|VARIABLE_SCOPE_BEGIN|[36]|body|String|false|false
11:30:00.0 (26135704)|VARIABLE_ASSIGNMENT|[36]|body|"grant_type=client_cr (115 more) ..."
11:30:00.0 (26137892)|STATEMENT_EXECUTE|[41]
11:30:00.0 (26140152)|METHOD_EXIT|[101]|01pDK000007Q9UR|EstafetaService.bodyToken(String, String)
11:30:00.0 (26162267)|METHOD_ENTRY|[101]|01pDK000007Q9UQ|ClientRest.makeRequest(String, String, Map<String,String>, String)
11:30:00.0 (26166113)|VARIABLE_SCOPE_BEGIN|[70]|this|ClientRest|true|false
11:30:00.0 (26195874)|VARIABLE_ASSIGNMENT|[70]|this|{"microservicio":"0x6275305b"}|0x3d5aed06
11:30:00.0 (26199037)|VARIABLE_SCOPE_BEGIN|[70]|endPoint|String|false|false
11:30:00.0 (26203573)|VARIABLE_ASSIGNMENT|[70]|endPoint|"https://api.estafeta (24 more) ..."
11:30:00.0 (26205408)|VARIABLE_SCOPE_BEGIN|[70]|method|String|false|false
11:30:00.0 (26209357)|VARIABLE_ASSIGNMENT|[70]|method|"POST"
11:30:00.0 (26211344)|VARIABLE_SCOPE_BEGIN|[70]|mapHeaders|Map<String,String>|true|false
11:30:00.0 (26217678)|VARIABLE_ASSIGNMENT|[70]|mapHeaders|{"Content-Type":"application/x-www-fo (13 more) ..."}|0x18380ab5
11:30:00.0 (26220296)|VARIABLE_SCOPE_BEGIN|[70]|body|String|false|false
11:30:00.0 (26224426)|VARIABLE_ASSIGNMENT|[70]|body|"grant_type=client_cr (115 more) ..."
11:30:00.0 (26228077)|STATEMENT_EXECUTE|[70]
11:30:00.0 (26229107)|STATEMENT_EXECUTE|[72]
11:30:00.0 (26249715)|VARIABLE_SCOPE_BEGIN|[72]|request|System.HttpRequest|true|false
11:30:00.0 (26301555)|VARIABLE_ASSIGNMENT|[72]|request|"System.HttpRequest[Endpoint=null, Method=null]"|0x4a5a6b0b
11:30:00.0 (26305017)|STATEMENT_EXECUTE|[74]
11:30:00.0 (26350283)|STATEMENT_EXECUTE|[75]
11:30:00.0 (26358956)|STATEMENT_EXECUTE|[76]
11:30:00.0 (26361145)|HEAP_ALLOCATE|[76]|Bytes:12
11:30:00.0 (26384301)|HEAP_ALLOCATE|[76]|Bytes:6
11:30:00.0 (26460797)|HEAP_ALLOCATE|[78]|Bytes:4
11:30:00.0 (26517377)|HEAP_ALLOCATE|[78]|Bytes:20
11:30:00.0 (26547631)|HEAP_ALLOCATE|[78]|Bytes:4
11:30:00.0 (26571152)|HEAP_ALLOCATE|[78]|Bytes:5
11:30:00.0 (26582552)|VARIABLE_SCOPE_BEGIN|[78]|key|String|false|false
11:30:00.0 (26602616)|VARIABLE_ASSIGNMENT|[78]|key|"Content-Type"
11:30:00.0 (26606303)|STATEMENT_EXECUTE|[78]
11:30:00.0 (26607511)|STATEMENT_EXECUTE|[80]
11:30:00.0 (26645634)|HEAP_ALLOCATE|[78]|Bytes:5
11:30:00.0 (26652915)|VARIABLE_ASSIGNMENT|[78]|key|null
11:30:00.0 (26685672)|STATEMENT_EXECUTE|[83]
11:30:00.0 (26686724)|STATEMENT_EXECUTE|[85]
11:30:00.0 (26726081)|STATEMENT_EXECUTE|[88]
11:30:00.0 (26730106)|METHOD_EXIT|[101]|01pDK000007Q9UQ|ClientRest.makeRequest(String, String, Map<String,String>, String)
11:30:00.0 (26733777)|VARIABLE_SCOPE_BEGIN|[101]|request|System.HttpRequest|true|false
11:30:00.0 (26764013)|VARIABLE_ASSIGNMENT|[101]|request|"System.HttpRequest[Endpoint=https://api.estafeta.com/auth/oauth/v2/token, Method=POST]"|0x4a5a6b0b
11:30:00.0 (26767778)|STATEMENT_EXECUTE|[103]
11:30:00.0 (26781065)|METHOD_ENTRY|[103]|01pDK000007Q9UQ|ClientRest.callWebService(System.HttpRequest)
11:30:00.0 (26791542)|VARIABLE_SCOPE_BEGIN|[26]|this|ClientRest|true|false
11:30:00.0 (26809509)|VARIABLE_ASSIGNMENT|[26]|this|{"microservicio":"0x6275305b"}|0x3d5aed06
11:30:00.0 (26812388)|VARIABLE_SCOPE_BEGIN|[26]|request|System.HttpRequest|true|false
11:30:00.0 (26840144)|VARIABLE_ASSIGNMENT|[26]|request|"System.HttpRequest[Endpoint=https://api.estafeta.com/auth/oauth/v2/token, Method=POST]"|0x4a5a6b0b
11:30:00.0 (26846417)|STATEMENT_EXECUTE|[26]
11:30:00.0 (26847809)|STATEMENT_EXECUTE|[28]
11:30:00.0 (26858622)|HEAP_ALLOCATE|[28]|Bytes:4
11:30:00.0 (26866918)|VARIABLE_SCOPE_BEGIN|[28]|mapResult|Map<String,ANY>|true|false
11:30:00.0 (26878075)|VARIABLE_ASSIGNMENT|[28]|mapResult|{}|0x3853f594
11:30:00.0 (26881920)|STATEMENT_EXECUTE|[29]
11:30:00.0 (26885312)|VARIABLE_SCOPE_BEGIN|[29]|success|Boolean|false|false
11:30:00.0 (26897743)|HEAP_ALLOCATE|[29]|Bytes:5
11:30:00.0 (26902808)|VARIABLE_ASSIGNMENT|[29]|success|false
11:30:00.0 (26906040)|STATEMENT_EXECUTE|[31]
11:30:00.0 (26910877)|VARIABLE_SCOPE_BEGIN|[31]|response|System.HttpResponse|true|false
11:30:00.0 (26917468)|VARIABLE_ASSIGNMENT|[31]|response|null|
11:30:00.0 (26920461)|STATEMENT_EXECUTE|[33]
11:30:00.0 (26921721)|STATEMENT_EXECUTE|[33]
11:30:00.0 (26923808)|STATEMENT_EXECUTE|[35]
11:30:00.0 (26927049)|VARIABLE_SCOPE_BEGIN|[35]|i|Integer|false|false
11:30:00.0 (26932274)|HEAP_ALLOCATE|[35]|Bytes:4
11:30:00.0 (26935470)|VARIABLE_ASSIGNMENT|[35]|i|0
11:30:00.0 (26945712)|STATEMENT_EXECUTE|[35]
11:30:00.0 (26946690)|STATEMENT_EXECUTE|[37]
11:30:00.0 (26954968)|METHOD_ENTRY|[37]|01pDK000007Q9UQ|ClientRest.makeResponse(System.HttpRequest)
11:30:00.0 (26977072)|VARIABLE_SCOPE_BEGIN|[97]|this|ClientRest|true|false
11:30:00.0 (26998638)|VARIABLE_ASSIGNMENT|[97]|this|{"microservicio":"0x6275305b"}|0x3d5aed06
11:30:00.0 (27001756)|VARIABLE_SCOPE_BEGIN|[97]|request|System.HttpRequest|true|false
11:30:00.0 (27022569)|VARIABLE_ASSIGNMENT|[97]|request|"System.HttpRequest[Endpoint=https://api.estafeta.com/auth/oauth/v2/token, Method=POST]"|0x4a5a6b0b
11:30:00.0 (27031452)|STATEMENT_EXECUTE|[97]
11:30:00.0 (27032333)|STATEMENT_EXECUTE|[99]
11:30:00.0 (27044227)|VARIABLE_SCOPE_BEGIN|[99]|http|System.Http|true|false
11:30:00.0 (27064477)|VARIABLE_ASSIGNMENT|[99]|http|"System.Http[]"|0x445e0bab
11:30:00.0 (27071433)|STATEMENT_EXECUTE|[101]
11:30:00.0 (27165784)|CALLOUT_REQUEST|[101]|System.HttpRequest[Endpoint=https://api.estafeta.com/auth/oauth/v2/token, Method=POST]
11:30:00.0 (271868114)|HEAP_ALLOCATE|[EXTERNAL]|Bytes:774
11:30:00.0 (272726419)|CALLOUT_RESPONSE|[101]|System.HttpResponse[Status=OK, StatusCode=200]
11:30:00.0 (272750850)|HEAP_ALLOCATE|[101]|Bytes:138
11:30:00.0 (272783076)|METHOD_EXIT|[37]|01pDK000007Q9UQ|ClientRest.makeResponse(System.HttpRequest)
11:30:00.0 (272828426)|VARIABLE_ASSIGNMENT|[37]|response|"System.HttpResponse[Status=OK, StatusCode=200]"|0x283652b7
11:30:00.0 (272892797)|STATEMENT_EXECUTE|[39]
11:30:00.0 (272895491)|STATEMENT_EXECUTE|[41]
11:30:00.0 (272900180)|HEAP_ALLOCATE|[41]|Bytes:12
11:30:00.0 (272921637)|HEAP_ALLOCATE|[41]|Bytes:132
11:30:00.0 (272944974)|HEAP_ALLOCATE|[EXTERNAL]|Bytes:-4
11:30:00.0 (272951691)|STATEMENT_EXECUTE|[42]
11:30:00.0 (272957551)|HEAP_ALLOCATE|[42]|Bytes:5
11:30:00.0 (272964296)|VARIABLE_ASSIGNMENT|[42]|success|true
11:30:00.0 (272967462)|STATEMENT_EXECUTE|[43]
11:30:00.0 (272970972)|STATEMENT_EXECUTE|[55]
11:30:00.0 (272972527)|HEAP_ALLOCATE|[55]|Bytes:8
11:30:00.0 (273012975)|HEAP_ALLOCATE|[EXTERNAL]|Bytes:-4
11:30:00.0 (273016772)|STATEMENT_EXECUTE|[56]
11:30:00.0 (273018279)|HEAP_ALLOCATE|[56]|Bytes:7
11:30:00.0 (273027347)|HEAP_ALLOCATE|[56]|Bytes:5
11:30:00.0 (273030187)|HEAP_ALLOCATE|[EXTERNAL]|Bytes:-4
11:30:00.0 (273032989)|STATEMENT_EXECUTE|[58]
11:30:00.0 (273037174)|METHOD_EXIT|[103]|01pDK000007Q9UQ|ClientRest.callWebService(System.HttpRequest)
11:30:00.0 (273058810)|VARIABLE_ASSIGNMENT|[103]|mapResult|{"responseBody":"{\r\n  \"access_token\": (112 more) ...","success":true}|0x3853f594
11:30:00.0 (273062166)|STATEMENT_EXECUTE|[105]
11:30:00.0 (273066408)|METHOD_EXIT|[70]|01pDK000007Q9UR|EstafetaService.oauthToken()
11:30:00.0 (273071107)|VARIABLE_SCOPE_BEGIN|[70]|mapToken|Map<String,ANY>|true|false
11:30:00.0 (273078339)|VARIABLE_ASSIGNMENT|[70]|mapToken|{"responseBody":"{\r\n  \"access_token\": (112 more) ...","success":true}|0x3853f594
11:30:00.0 (273123018)|STATEMENT_EXECUTE|[72]
11:30:00.0 (273124373)|STATEMENT_EXECUTE|[74]
11:30:00.0 (273142356)|HEAP_ALLOCATE|[74]|Bytes:132
11:30:00.0 (275520376)|HEAP_ALLOCATE|[74]|Bytes:2
11:30:00.0 (275567405)|METHOD_ENTRY|[11]|01pDK000007Q9US|OauthEstafetaJSON.OauthEstafetaJSON()
11:30:00.0 (275574894)|STATEMENT_EXECUTE|[11]
11:30:00.0 (275583156)|STATEMENT_EXECUTE|[11]
11:30:00.0 (275589315)|METHOD_EXIT|[11]|OauthEstafetaJSON
11:30:00.0 (275622027)|METHOD_ENTRY|[74]|01pDK000007Q9US|OauthEstafetaJSON.parse(String)
11:30:00.0 (275633793)|VARIABLE_SCOPE_BEGIN|[18]|json|String|false|false
11:30:00.0 (275652045)|VARIABLE_ASSIGNMENT|[18]|json|"{\r\n  \"access_token\": (112 more) ..."
11:30:00.0 (275662127)|STATEMENT_EXECUTE|[18]
11:30:00.0 (275664481)|STATEMENT_EXECUTE|[20]
11:30:00.0 (275668924)|HEAP_ALLOCATE|[20]|Bytes:17
11:30:00.0 (275809811)|HEAP_ALLOCATE|[20]|Bytes:33
11:30:00.0 (275821321)|SYSTEM_METHOD_ENTRY|[1]|Type.Type()
11:30:00.0 (275823425)|STATEMENT_EXECUTE|[1]
11:30:00.0 (275830253)|SYSTEM_METHOD_EXIT|[1]|Type
11:30:00.0 (275835671)|HEAP_ALLOCATE|[20]|Bytes:8
11:30:00.0 (275849720)|HEAP_ALLOCATE|[20]|Bytes:8
11:30:00.0 (275853361)|VARIABLE_SCOPE_BEGIN|[4]|this|System.Type|true|false
11:30:00.0 (275882594)|VARIABLE_ASSIGNMENT|[4]|this|{}|0x10ee4b63
11:30:00.0 (275888351)|VARIABLE_SCOPE_BEGIN|[4]|apextype|java:common.apex.runtime.ApexObjectType|true|false
11:30:00.0 (275947783)|VARIABLE_ASSIGNMENT|[4]|apextype|"OauthEstafetaJSON"|0x3c02fc25
11:30:00.0 (275987854)|HEAP_ALLOCATE|[20]|Bytes:8
11:30:00.0 (276020271)|HEAP_ALLOCATE|[20]|Bytes:24
11:30:00.0 (276029142)|SYSTEM_METHOD_ENTRY|[1]|JSON.JSON()
11:30:00.0 (276031946)|STATEMENT_EXECUTE|[1]
11:30:00.0 (276036967)|SYSTEM_METHOD_EXIT|[1]|JSON
11:30:00.0 (276058576)|METHOD_ENTRY|[20]||System.JSON.deserialize(String, System.Type)
11:30:00.0 (276337366)|METHOD_EXIT|[20]||System.JSON.deserialize(String, System.Type)
11:30:00.0 (276345472)|METHOD_EXIT|[74]|01pDK000007Q9US|OauthEstafetaJSON.parse(String)
11:30:00.0 (276349597)|VARIABLE_SCOPE_BEGIN|[74]|responseOauth|OauthEstafetaJSON|true|false
11:30:00.0 (276389169)|VARIABLE_ASSIGNMENT|[74]|responseOauth|{"access_token":"abb7a5ee-2824-44e9-b (16 more) ...","expires_in":86400,"scope":"execute","token_type":"Bearer"}|0x55e1f8e3
11:30:00.0 (276397617)|STATEMENT_EXECUTE|[77]
11:30:00.0 (276466666)|HEAP_ALLOCATE|[EXTERNAL]|Bytes:32
11:30:00.0 (276479778)|HEAP_ALLOCATE|[77]|Bytes:186
11:30:00.0 (276499367)|METHOD_ENTRY|[77]|01pDK000007Q9UR|EstafetaService.custShipmentTrackingList(String, List<String>)
11:30:00.0 (276504458)|VARIABLE_SCOPE_BEGIN|[144]|accessToken|String|false|false
11:30:00.0 (276511188)|VARIABLE_ASSIGNMENT|[144]|accessToken|"abb7a5ee-2824-44e9-b (16 more) ..."
11:30:00.0 (276514518)|VARIABLE_SCOPE_BEGIN|[144]|lstWayBills|List<String>|true|false
11:30:00.0 (276524410)|VARIABLE_ASSIGNMENT|[144]|lstWayBills|"List of size 7 too large to display"|0x2507ae3a
11:30:00.0 (276529664)|STATEMENT_EXECUTE|[144]
11:30:00.0 (276530963)|STATEMENT_EXECUTE|[146]
11:30:00.0 (276534405)|VARIABLE_SCOPE_BEGIN|[146]|mapResult|Map<String,ANY>|true|false
11:30:00.0 (276541413)|VARIABLE_ASSIGNMENT|[146]|mapResult|null|
11:30:00.0 (276544527)|STATEMENT_EXECUTE|[148]
11:30:00.0 (276549454)|HEAP_ALLOCATE|[148]|Bytes:8
11:30:00.0 (276564494)|CONSTRUCTOR_ENTRY|[148]|01pDK000007Q9UQ|<init>(String)|ClientRest
11:30:00.0 (276584742)|VARIABLE_SCOPE_BEGIN|[15]|this|ClientRest|true|false
11:30:00.0 (276598393)|VARIABLE_ASSIGNMENT|[15]|this|{}|0x2277ed1f
11:30:00.0 (276602364)|VARIABLE_SCOPE_BEGIN|[15]|record|String|false|false
11:30:00.0 (276610354)|VARIABLE_ASSIGNMENT|[15]|record|"EstafetaCustShipment (8 more) ..."
11:30:00.0 (276618200)|STATEMENT_EXECUTE|[11]
11:30:00.0 (276620189)|STATEMENT_EXECUTE|[13]
11:30:00.0 (276635384)|STATEMENT_EXECUTE|[15]
11:30:00.0 (276637637)|STATEMENT_EXECUTE|[17]
11:30:00.0 (276875137)|VARIABLE_ASSIGNMENT|[17]|this.microservicio|{"Authenticated_UserID__c":"y6xoXlLjl8BeizUIRBFH","Label":"EstafetaCustShipment (8 more) ...","MasterLabel":"EstafetaCustShipment (8 more) ...","Language":"es","Client_ID__c":"l71718b52bdb34493cb2 (14 more) ...","DeveloperName":"EstafetaCustShipment (8 more) ...","Provision_Key__c":"WSCTrakingUser_pro","Client_Secret__c":"928c4f5631ca4a31b85e (12 more) ...","IsProtected":false,"Section__c":"500","SystemModstamp":"2023-02-07T16:41:16.000Z","ManageableState":"U","QualifiedApiName":"EstafetaCustShipment (8 more) ...","Id":"m08DK000000D4g1"}|0x2277ed1f
11:30:00.0 (276889059)|CONSTRUCTOR_EXIT|[148]|01pDK000007Q9UQ|<init>(String)|ClientRest
11:30:00.0 (276894255)|VARIABLE_SCOPE_BEGIN|[148]|client|ClientRest|true|false
11:30:00.0 (276912560)|VARIABLE_ASSIGNMENT|[148]|client|{"microservicio":"0x780b3f52"}|0x2277ed1f
11:30:00.0 (276917743)|STATEMENT_EXECUTE|[150]
11:30:00.0 (276947797)|METHOD_ENTRY|[150]|01pDK000007Q9UR|EstafetaService.headersCustShipmentTracking(String, String)
11:30:00.0 (276964121)|VARIABLE_SCOPE_BEGIN|[52]|clientId|String|false|false
11:30:00.0 (276969932)|VARIABLE_ASSIGNMENT|[52]|clientId|"l71718b52bdb34493cb2 (14 more) ..."
11:30:00.0 (276972501)|VARIABLE_SCOPE_BEGIN|[52]|accessToken|String|false|false
11:30:00.0 (276976714)|VARIABLE_ASSIGNMENT|[52]|accessToken|"abb7a5ee-2824-44e9-b (16 more) ..."
11:30:00.0 (276980695)|STATEMENT_EXECUTE|[52]
11:30:00.0 (276981723)|STATEMENT_EXECUTE|[54]
11:30:00.0 (276996645)|HEAP_ALLOCATE|[54]|Bytes:4
11:30:00.0 (277046452)|HEAP_ALLOCATE|[57]|Bytes:1
11:30:00.0 (277056376)|HEAP_ALLOCATE|[57]|Bytes:43
11:30:00.0 (277061879)|VARIABLE_SCOPE_BEGIN|[54]|mapHeaders|Map<String,String>|true|false
11:30:00.0 (277078679)|VARIABLE_ASSIGNMENT|[54]|mapHeaders|{"accept":"application/json","Content-Type":"application/json","apikey":"l71718b52bdb34493cb2 (14 more) ...","Authorization":"Bearer abb7a5ee-2824 (23 more) ..."}|0x5051800b
11:30:00.0 (277082621)|STATEMENT_EXECUTE|[59]
11:30:00.0 (277085609)|METHOD_EXIT|[150]|01pDK000007Q9UR|EstafetaService.headersCustShipmentTracking(String, String)
11:30:00.0 (277143777)|METHOD_ENTRY|[151]|01pDK000007Q9UR|EstafetaService.bodyCustShipmentTrackingList(String, String, String, List<String>)
11:30:00.0 (277150919)|VARIABLE_SCOPE_BEGIN|[72]|suscriberId|String|false|false
11:30:00.0 (277155148)|VARIABLE_ASSIGNMENT|[72]|suscriberId|"500"
11:30:00.0 (277157240)|VARIABLE_SCOPE_BEGIN|[72]|login|String|false|false
11:30:00.0 (277161279)|VARIABLE_ASSIGNMENT|[72]|login|"WSCTrakingUser_pro"
11:30:00.0 (277163462)|VARIABLE_SCOPE_BEGIN|[72]|password|String|false|false
11:30:00.0 (277167517)|VARIABLE_ASSIGNMENT|[72]|password|"y6xoXlLjl8BeizUIRBFH"
11:30:00.0 (277169908)|VARIABLE_SCOPE_BEGIN|[72]|lstWayBills|List<String>|true|false
11:30:00.0 (277178344)|VARIABLE_ASSIGNMENT|[72]|lstWayBills|"List of size 7 too large to display"|0x2507ae3a
11:30:00.0 (277182139)|STATEMENT_EXECUTE|[72]
11:30:00.0 (277183161)|STATEMENT_EXECUTE|[74]
11:30:00.0 (277185157)|HEAP_ALLOCATE|[74]|Bytes:16
11:30:00.0 (277215676)|HEAP_ALLOCATE|[74]|Bytes:11
11:30:00.0 (277220278)|HEAP_ALLOCATE|[74]|Bytes:14
11:30:00.0 (277226737)|HEAP_ALLOCATE|[74]|Bytes:82
11:30:00.0 (277229139)|HEAP_ALLOCATE|[74]|Bytes:24
11:30:00.0 (277232443)|HEAP_ALLOCATE|[75]|Bytes:32
11:30:00.0 (277235084)|HEAP_ALLOCATE|[75]|Bytes:24
11:30:00.0 (277242813)|HEAP_ALLOCATE|[74]|Bytes:82
11:30:00.0 (277248462)|HEAP_ALLOCATE|[74]|Bytes:164
11:30:00.0 (277250702)|VARIABLE_SCOPE_BEGIN|[74]|body|String|false|false
11:30:00.0 (277256786)|VARIABLE_ASSIGNMENT|[74]|body|"{\"suscriberId\":\"500\" (144 more) ..."
11:30:00.0 (277260977)|STATEMENT_EXECUTE|[77]
11:30:00.0 (277263635)|VARIABLE_SCOPE_BEGIN|[77]|i|Integer|false|false
11:30:00.0 (277267835)|HEAP_ALLOCATE|[77]|Bytes:4
11:30:00.0 (277281317)|VARIABLE_ASSIGNMENT|[77]|i|0
11:30:00.0 (277303745)|STATEMENT_EXECUTE|[77]
11:30:00.0 (277305280)|STATEMENT_EXECUTE|[79]
11:30:00.0 (277309089)|HEAP_ALLOCATE|[79]|Bytes:1
11:30:00.0 (277317774)|HEAP_ALLOCATE|[79]|Bytes:22
11:30:00.0 (277327562)|HEAP_ALLOCATE|[79]|Bytes:24
11:30:00.0 (277330601)|HEAP_ALLOCATE|[79]|Bytes:188
11:30:00.0 (277334787)|VARIABLE_ASSIGNMENT|[79]|body|"{\"suscriberId\":\"500\" (168 more) ..."
11:30:00.0 (277337733)|HEAP_ALLOCATE|[77]|Bytes:4
11:30:00.0 (277340726)|VARIABLE_ASSIGNMENT|[77]|i|1
11:30:00.0 (277347473)|STATEMENT_EXECUTE|[77]
11:30:00.0 (277348350)|STATEMENT_EXECUTE|[79]
11:30:00.0 (277349863)|HEAP_ALLOCATE|[79]|Bytes:1
11:30:00.0 (277352549)|HEAP_ALLOCATE|[79]|Bytes:22
11:30:00.0 (277355234)|HEAP_ALLOCATE|[79]|Bytes:25
11:30:00.0 (277358410)|HEAP_ALLOCATE|[79]|Bytes:213
11:30:00.0 (277363270)|VARIABLE_ASSIGNMENT|[79]|body|"{\"suscriberId\":\"500\" (193 more) ..."
11:30:00.0 (277366302)|HEAP_ALLOCATE|[77]|Bytes:4
11:30:00.0 (277370339)|VARIABLE_ASSIGNMENT|[77]|i|2
11:30:00.0 (277377160)|STATEMENT_EXECUTE|[77]
11:30:00.0 (277378062)|STATEMENT_EXECUTE|[79]
11:30:00.0 (277379863)|HEAP_ALLOCATE|[79]|Bytes:22
11:30:00.0 (277382283)|HEAP_ALLOCATE|[79]|Bytes:25
11:30:00.0 (277384639)|HEAP_ALLOCATE|[79]|Bytes:238
11:30:00.0 (277387977)|VARIABLE_ASSIGNMENT|[79]|body|"{\"suscriberId\":\"500\" (218 more) ..."
11:30:00.0 (277389839)|HEAP_ALLOCATE|[77]|Bytes:4
11:30:00.0 (277392344)|VARIABLE_ASSIGNMENT|[77]|i|3
11:30:00.0 (277396645)|STATEMENT_EXECUTE|[77]
11:30:00.0 (277397511)|STATEMENT_EXECUTE|[79]
11:30:00.0 (277399079)|HEAP_ALLOCATE|[79]|Bytes:22
11:30:00.0 (277401374)|HEAP_ALLOCATE|[79]|Bytes:25
11:30:00.0 (277403311)|HEAP_ALLOCATE|[79]|Bytes:263
11:30:00.0 (277406538)|VARIABLE_ASSIGNMENT|[79]|body|"{\"suscriberId\":\"500\" (243 more) ..."
11:30:00.0 (277408385)|HEAP_ALLOCATE|[77]|Bytes:4
11:30:00.0 (277410740)|VARIABLE_ASSIGNMENT|[77]|i|4
11:30:00.0 (277415109)|STATEMENT_EXECUTE|[77]
11:30:00.0 (277415949)|STATEMENT_EXECUTE|[79]
11:30:00.0 (277417490)|HEAP_ALLOCATE|[79]|Bytes:22
11:30:00.0 (277419708)|HEAP_ALLOCATE|[79]|Bytes:25
11:30:00.0 (277421895)|HEAP_ALLOCATE|[79]|Bytes:288
11:30:00.0 (277424889)|VARIABLE_ASSIGNMENT|[79]|body|"{\"suscriberId\":\"500\" (268 more) ..."
11:30:00.0 (277426759)|HEAP_ALLOCATE|[77]|Bytes:4
11:30:00.0 (277429363)|VARIABLE_ASSIGNMENT|[77]|i|5
11:30:00.0 (277433629)|STATEMENT_EXECUTE|[77]
11:30:00.0 (277434505)|STATEMENT_EXECUTE|[79]
11:30:00.0 (277435983)|HEAP_ALLOCATE|[79]|Bytes:22
11:30:00.0 (277438138)|HEAP_ALLOCATE|[79]|Bytes:25
11:30:00.0 (277440142)|HEAP_ALLOCATE|[79]|Bytes:313
11:30:00.0 (277443356)|VARIABLE_ASSIGNMENT|[79]|body|"{\"suscriberId\":\"500\" (293 more) ..."
11:30:00.0 (277445330)|HEAP_ALLOCATE|[77]|Bytes:4
11:30:00.0 (277447748)|VARIABLE_ASSIGNMENT|[77]|i|6
11:30:00.0 (277452041)|STATEMENT_EXECUTE|[77]
11:30:00.0 (277452918)|STATEMENT_EXECUTE|[79]
11:30:00.0 (277454422)|HEAP_ALLOCATE|[79]|Bytes:22
11:30:00.0 (277456633)|HEAP_ALLOCATE|[79]|Bytes:25
11:30:00.0 (277458755)|HEAP_ALLOCATE|[79]|Bytes:338
11:30:00.0 (277461738)|VARIABLE_ASSIGNMENT|[79]|body|"{\"suscriberId\":\"500\" (318 more) ..."
11:30:00.0 (277463642)|HEAP_ALLOCATE|[77]|Bytes:4
11:30:00.0 (277465946)|VARIABLE_ASSIGNMENT|[77]|i|7
11:30:00.0 (277471671)|STATEMENT_EXECUTE|[82]
11:30:00.0 (277472987)|HEAP_ALLOCATE|[82]|Bytes:82
11:30:00.0 (277475839)|HEAP_ALLOCATE|[83]|Bytes:42
11:30:00.0 (277480964)|HEAP_ALLOCATE|[84]|Bytes:234
11:30:00.0 (277484074)|HEAP_ALLOCATE|[82]|Bytes:370
11:30:00.0 (277486514)|HEAP_ALLOCATE|[82]|Bytes:708
11:30:00.0 (277489674)|VARIABLE_ASSIGNMENT|[82]|body|"{\"suscriberId\":\"500\" (688 more) ..."
11:30:00.0 (277491793)|STATEMENT_EXECUTE|[87]
11:30:00.0 (277494770)|METHOD_EXIT|[151]|01pDK000007Q9UR|EstafetaService.bodyCustShipmentTrackingList(String, String, String, List<String>)
11:30:00.0 (277504455)|METHOD_ENTRY|[150]|01pDK000007Q9UQ|ClientRest.makeRequest(String, String, Map<String,String>, String)
11:30:00.0 (277507949)|VARIABLE_SCOPE_BEGIN|[70]|this|ClientRest|true|false
11:30:00.0 (277522377)|VARIABLE_ASSIGNMENT|[70]|this|{"microservicio":"0x780b3f52"}|0x2277ed1f
11:30:00.0 (277525475)|VARIABLE_SCOPE_BEGIN|[70]|endPoint|String|false|false
11:30:00.0 (277530454)|VARIABLE_ASSIGNMENT|[70]|endPoint|"https://csrest.estaf (44 more) ..."
11:30:00.0 (277532602)|VARIABLE_SCOPE_BEGIN|[70]|method|String|false|false
11:30:00.0 (277536860)|VARIABLE_ASSIGNMENT|[70]|method|"POST"
11:30:00.0 (277539160)|VARIABLE_SCOPE_BEGIN|[70]|mapHeaders|Map<String,String>|true|false
11:30:00.0 (277548828)|VARIABLE_ASSIGNMENT|[70]|mapHeaders|{"accept":"application/json","Content-Type":"application/json","apikey":"l71718b52bdb34493cb2 (14 more) ...","Authorization":"Bearer abb7a5ee-2824 (23 more) ..."}|0x5051800b
11:30:00.0 (277551985)|VARIABLE_SCOPE_BEGIN|[70]|body|String|false|false
11:30:00.0 (277556000)|VARIABLE_ASSIGNMENT|[70]|body|"{\"suscriberId\":\"500\" (688 more) ..."
11:30:00.0 (277559215)|STATEMENT_EXECUTE|[70]
11:30:00.0 (277560201)|STATEMENT_EXECUTE|[72]
11:30:00.0 (277575888)|VARIABLE_SCOPE_BEGIN|[72]|request|System.HttpRequest|true|false
11:30:00.0 (277619330)|VARIABLE_ASSIGNMENT|[72]|request|"System.HttpRequest[Endpoint=null, Method=null]"|0x96c0986
11:30:00.0 (277622588)|STATEMENT_EXECUTE|[74]
11:30:00.0 (277636759)|STATEMENT_EXECUTE|[75]
11:30:00.0 (277642273)|STATEMENT_EXECUTE|[76]
11:30:00.0 (277676261)|HEAP_ALLOCATE|[76]|Bytes:6
11:30:00.0 (277710696)|HEAP_ALLOCATE|[78]|Bytes:4
11:30:00.0 (277745772)|HEAP_ALLOCATE|[78]|Bytes:57
11:30:00.0 (277755853)|HEAP_ALLOCATE|[78]|Bytes:16
11:30:00.0 (277776795)|HEAP_ALLOCATE|[78]|Bytes:5
11:30:00.0 (277810527)|VARIABLE_SCOPE_BEGIN|[78]|key|String|false|false
11:30:00.0 (277815975)|VARIABLE_ASSIGNMENT|[78]|key|"accept"
11:30:00.0 (277818956)|STATEMENT_EXECUTE|[78]
11:30:00.0 (277819874)|STATEMENT_EXECUTE|[80]
11:30:00.0 (277838375)|HEAP_ALLOCATE|[78]|Bytes:5
11:30:00.0 (277842665)|VARIABLE_SCOPE_BEGIN|[78]|key|String|false|false
11:30:00.0 (277846824)|VARIABLE_ASSIGNMENT|[78]|key|"Content-Type"
11:30:00.0 (277848914)|STATEMENT_EXECUTE|[78]
11:30:00.0 (277849785)|STATEMENT_EXECUTE|[80]
11:30:00.0 (277857649)|HEAP_ALLOCATE|[78]|Bytes:5
11:30:00.0 (277861292)|VARIABLE_SCOPE_BEGIN|[78]|key|String|false|false
11:30:00.0 (277865040)|VARIABLE_ASSIGNMENT|[78]|key|"apikey"
11:30:00.0 (277867008)|STATEMENT_EXECUTE|[78]
11:30:00.0 (277867872)|STATEMENT_EXECUTE|[80]
11:30:00.0 (277875195)|HEAP_ALLOCATE|[78]|Bytes:5
11:30:00.0 (277878680)|VARIABLE_SCOPE_BEGIN|[78]|key|String|false|false
11:30:00.0 (277882530)|VARIABLE_ASSIGNMENT|[78]|key|"Authorization"
11:30:00.0 (277884540)|STATEMENT_EXECUTE|[78]
11:30:00.0 (277885374)|STATEMENT_EXECUTE|[80]
11:30:00.0 (277892731)|HEAP_ALLOCATE|[78]|Bytes:5
11:30:00.0 (277897891)|VARIABLE_ASSIGNMENT|[78]|key|null
11:30:00.0 (277909906)|STATEMENT_EXECUTE|[83]
11:30:00.0 (277910788)|STATEMENT_EXECUTE|[85]
11:30:00.0 (277946276)|STATEMENT_EXECUTE|[88]
11:30:00.0 (277950057)|METHOD_EXIT|[150]|01pDK000007Q9UQ|ClientRest.makeRequest(String, String, Map<String,String>, String)
11:30:00.0 (277953808)|VARIABLE_SCOPE_BEGIN|[150]|request|System.HttpRequest|true|false
11:30:00.0 (277974130)|VARIABLE_ASSIGNMENT|[150]|request|"System.HttpRequest[Endpoint=https://csrest.estafeta.com/v2/CustShipmentTracking/ExecuteQuery, Method=POST]"|0x96c0986
11:30:00.0 (277977516)|STATEMENT_EXECUTE|[153]
11:30:00.0 (277983926)|METHOD_ENTRY|[153]|01pDK000007Q9UQ|ClientRest.callWebService(System.HttpRequest)
11:30:00.0 (277994872)|VARIABLE_SCOPE_BEGIN|[26]|this|ClientRest|true|false
11:30:00.0 (278011781)|VARIABLE_ASSIGNMENT|[26]|this|{"microservicio":"0x780b3f52"}|0x2277ed1f
11:30:00.0 (278015875)|VARIABLE_SCOPE_BEGIN|[26]|request|System.HttpRequest|true|false
11:30:00.0 (278028989)|VARIABLE_ASSIGNMENT|[26]|request|"System.HttpRequest[Endpoint=https://csrest.estafeta.com/v2/CustShipmentTracking/ExecuteQuery, Method=POST]"|0x96c0986
11:30:00.0 (278034449)|STATEMENT_EXECUTE|[26]
11:30:00.0 (278035424)|STATEMENT_EXECUTE|[28]
11:30:00.0 (278044149)|HEAP_ALLOCATE|[28]|Bytes:4
11:30:00.0 (278048096)|VARIABLE_SCOPE_BEGIN|[28]|mapResult|Map<String,ANY>|true|false
11:30:00.0 (278055823)|VARIABLE_ASSIGNMENT|[28]|mapResult|{}|0x48977a37
11:30:00.0 (278058754)|STATEMENT_EXECUTE|[29]
11:30:00.0 (278061259)|VARIABLE_SCOPE_BEGIN|[29]|success|Boolean|false|false
11:30:00.0 (278065881)|HEAP_ALLOCATE|[29]|Bytes:5
11:30:00.0 (278068998)|VARIABLE_ASSIGNMENT|[29]|success|false
11:30:00.0 (278071083)|STATEMENT_EXECUTE|[31]
11:30:00.0 (278073076)|VARIABLE_SCOPE_BEGIN|[31]|response|System.HttpResponse|true|false
11:30:00.0 (278077637)|VARIABLE_ASSIGNMENT|[31]|response|null|
11:30:00.0 (278079886)|STATEMENT_EXECUTE|[33]
11:30:00.0 (278080733)|STATEMENT_EXECUTE|[33]
11:30:00.0 (278082194)|STATEMENT_EXECUTE|[35]
11:30:00.0 (278084069)|VARIABLE_SCOPE_BEGIN|[35]|i|Integer|false|false
11:30:00.0 (278087420)|HEAP_ALLOCATE|[35]|Bytes:4
11:30:00.0 (278090280)|VARIABLE_ASSIGNMENT|[35]|i|0
11:30:00.0 (278095020)|STATEMENT_EXECUTE|[35]
11:30:00.0 (278095944)|STATEMENT_EXECUTE|[37]
11:30:00.0 (278099001)|METHOD_ENTRY|[37]|01pDK000007Q9UQ|ClientRest.makeResponse(System.HttpRequest)
11:30:00.0 (278102021)|VARIABLE_SCOPE_BEGIN|[97]|this|ClientRest|true|false
11:30:00.0 (278109518)|VARIABLE_ASSIGNMENT|[97]|this|{"microservicio":"0x780b3f52"}|0x2277ed1f
11:30:00.0 (278112339)|VARIABLE_SCOPE_BEGIN|[97]|request|System.HttpRequest|true|false
11:30:00.0 (278121942)|VARIABLE_ASSIGNMENT|[97]|request|"System.HttpRequest[Endpoint=https://csrest.estafeta.com/v2/CustShipmentTracking/ExecuteQuery, Method=POST]"|0x96c0986
11:30:00.0 (278125836)|STATEMENT_EXECUTE|[97]
11:30:00.0 (278126724)|STATEMENT_EXECUTE|[99]
11:30:00.0 (278133741)|VARIABLE_SCOPE_BEGIN|[99]|http|System.Http|true|false
11:30:00.0 (278152680)|VARIABLE_ASSIGNMENT|[99]|http|"System.Http[]"|0x15b0bb7
11:30:00.0 (278155465)|STATEMENT_EXECUTE|[101]
11:30:00.0 (278189679)|CALLOUT_REQUEST|[101]|System.HttpRequest[Endpoint=https://csrest.estafeta.com/v2/CustShipmentTracking/ExecuteQuery, Method=POST]
11:30:01.188 (1188936248)|HEAP_ALLOCATE|[EXTERNAL]|Bytes:599
11:30:01.188 (1189682120)|CALLOUT_RESPONSE|[101]|System.HttpResponse[Status=OK, StatusCode=200]
11:30:01.188 (1189707781)|HEAP_ALLOCATE|[101]|Bytes:147
11:30:01.188 (1189747245)|METHOD_EXIT|[37]|01pDK000007Q9UQ|ClientRest.makeResponse(System.HttpRequest)
11:30:01.188 (1189802622)|VARIABLE_ASSIGNMENT|[37]|response|"System.HttpResponse[Status=OK, StatusCode=200]"|0x3a443a7
11:30:01.188 (1189837510)|STATEMENT_EXECUTE|[39]
11:30:01.188 (1189839725)|STATEMENT_EXECUTE|[41]
11:30:01.188 (1189864222)|HEAP_ALLOCATE|[41]|Bytes:141
11:30:01.188 (1189888674)|HEAP_ALLOCATE|[EXTERNAL]|Bytes:-4
11:30:01.188 (1189894925)|STATEMENT_EXECUTE|[42]
11:30:01.188 (1189904143)|HEAP_ALLOCATE|[42]|Bytes:5
11:30:01.188 (1189912259)|VARIABLE_ASSIGNMENT|[42]|success|true
11:30:01.188 (1189915343)|STATEMENT_EXECUTE|[43]
11:30:01.188 (1189920668)|STATEMENT_EXECUTE|[55]
11:30:01.188 (1189928790)|HEAP_ALLOCATE|[EXTERNAL]|Bytes:-4
11:30:01.188 (1189933264)|STATEMENT_EXECUTE|[56]
11:30:01.188 (1189938555)|HEAP_ALLOCATE|[56]|Bytes:5
11:30:01.188 (1189942257)|HEAP_ALLOCATE|[EXTERNAL]|Bytes:-4
11:30:01.188 (1189945846)|STATEMENT_EXECUTE|[58]
11:30:01.188 (1189951950)|METHOD_EXIT|[153]|01pDK000007Q9UQ|ClientRest.callWebService(System.HttpRequest)
11:30:01.188 (1189975959)|VARIABLE_ASSIGNMENT|[153]|mapResult|{"responseBody":"{\"ExecuteQueryRespon (121 more) ...","success":true}|0x48977a37
11:30:01.188 (1189980955)|STATEMENT_EXECUTE|[155]
11:30:01.188 (1189987737)|METHOD_EXIT|[77]|01pDK000007Q9UR|EstafetaService.custShipmentTrackingList(String, List<String>)
11:30:01.188 (1189993848)|VARIABLE_SCOPE_BEGIN|[77]|mapWaybill|Map<String,ANY>|true|false
11:30:01.188 (1190002328)|VARIABLE_ASSIGNMENT|[77]|mapWaybill|{"responseBody":"{\"ExecuteQueryRespon (121 more) ...","success":true}|0x48977a37
11:30:01.188 (1190005962)|STATEMENT_EXECUTE|[79]
11:30:01.188 (1190097445)|HEAP_ALLOCATE|[79]|Bytes:141
11:30:01.188 (1190104242)|VARIABLE_SCOPE_BEGIN|[79]|strResponseWayBill|String|false|false
11:30:01.188 (1190110045)|VARIABLE_ASSIGNMENT|[79]|strResponseWayBill|"{\"ExecuteQueryRespon (121 more) ..."
11:30:01.188 (1190133394)|HEAP_ALLOCATE|[81]|Bytes:30
11:30:01.188 (1190155540)|STATEMENT_EXECUTE|[189]
11:30:01.188 (1190164072)|HEAP_ALLOCATE|[192]|Bytes:10
11:30:01.188 (1190180276)|STATEMENT_EXECUTE|[192]
11:30:01.188 (1190181406)|STATEMENT_EXECUTE|[194]
11:30:01.188 (1190202666)|HEAP_ALLOCATE|[194]|Bytes:4
11:30:01.188 (1190209303)|HEAP_ALLOCATE|[194]|Bytes:20
11:30:01.188 (1190225906)|HEAP_ALLOCATE|[194]|Bytes:1
11:30:01.188 (1190228038)|HEAP_ALLOCATE|[194]|Bytes:5
11:30:01.188 (1190240924)|HEAP_ALLOCATE|[194]|Bytes:9
11:30:01.188 (1190255703)|HEAP_ALLOCATE|[EXTERNAL]|Bytes:-4
11:30:01.188 (1190279067)|CODE_UNIT_FINISHED|BatchUpdateCasesEmboce
11:30:01.188 (1190291974)|EXECUTION_FINISHED
