66.0 APEX_CODE,FINEST;APEX_PROFILING,INFO;CALLOUT,INFO;DATA_ACCESS,INFO;DB,INFO;NBA,INFO;SYSTEM,DEBUG;VALIDATION,INFO;VISUALFORCE,INFO;WAVE,INFO;WORKFLOW,INFO
11:22:01.0 (199824)|USER_INFO|[EXTERNAL]|0050v0000034lag|albeltransa@falabella.com.mx.admin.uat|(GMT-06:00) Central Standard Time (America/Mexico_City)|GMT-06:00
11:22:01.0 (243952)|EXECUTION_STARTED
11:22:01.0 (257105)|CODE_UNIT_STARTED|[EXTERNAL]|apex://MicroServicioGuiaDHL/ACTION$getGuiaDHL
11:22:01.0 (4043641)|CODE_UNIT_STARTED|[EXTERNAL]|01p0v000003MRTq|MicroServicioGuiaDHL.getGuiaDHL(String)
11:22:01.0 (4268148)|HEAP_ALLOCATE|[95]|Bytes:3
11:22:01.0 (4347150)|HEAP_ALLOCATE|[100]|Bytes:152
11:22:01.0 (4363140)|HEAP_ALLOCATE|[417]|Bytes:408
11:22:01.0 (4374397)|HEAP_ALLOCATE|[430]|Bytes:408
11:22:01.0 (4392882)|HEAP_ALLOCATE|[317]|Bytes:6
11:22:01.0 (4444062)|HEAP_ALLOCATE|[EXTERNAL]|Bytes:17
11:22:01.0 (4447327)|HEAP_ALLOCATE|[EXTERNAL]|Bytes:34
11:22:01.0 (4456555)|METHOD_ENTRY|[13]|01p0v000003MRTq|MicroServicioGuiaDHL.MicroServicioGuiaDHL()
11:22:01.0 (4462472)|STATEMENT_EXECUTE|[13]
11:22:01.0 (4466986)|STATEMENT_EXECUTE|[13]
11:22:01.0 (4486755)|HEAP_ALLOCATE|[68]|Bytes:5
11:22:01.0 (4508788)|HEAP_ALLOCATE|[74]|Bytes:5
11:22:01.0 (4513610)|HEAP_ALLOCATE|[82]|Bytes:7
11:22:01.0 (4672817)|HEAP_ALLOCATE|[EXTERNAL]|Bytes:5
11:22:01.0 (4684262)|METHOD_EXIT|[13]|MicroServicioGuiaDHL
11:22:01.0 (4687864)|HEAP_ALLOCATE|[EXTERNAL]|Bytes:18
11:22:01.0 (4693638)|VARIABLE_SCOPE_BEGIN|[16]|accountId|String|false|false
11:22:01.0 (4737761)|VARIABLE_ASSIGNMENT|[16]|accountId|"0010v00000MYqEtAAL"
11:22:01.0 (4748728)|HEAP_ALLOCATE|[18]|Bytes:5
11:22:01.0 (4751442)|STATEMENT_EXECUTE|[16]
11:22:01.0 (4752544)|STATEMENT_EXECUTE|[18]
11:22:01.0 (4754362)|HEAP_ALLOCATE|[18]|Bytes:78
11:22:01.0 (4771931)|HEAP_ALLOCATE|[18]|Bytes:4
11:22:01.0 (4781496)|HEAP_ALLOCATE|[18]|Bytes:7
11:22:01.0 (6647807)|SOQL_EXECUTE_BEGIN|[18]|Aggregations:0|SELECT Name FROM Guia_DHL__c WHERE (Cuenta__c = :tmpVar1 AND Activo__c = TRUE)
11:22:01.0 (13907201)|SOQL_EXECUTE_END|[18]|Rows:0
11:22:01.0 (13944406)|HEAP_ALLOCATE|[18]|Bytes:4
11:22:01.0 (13961872)|HEAP_ALLOCATE|[18]|Bytes:0
11:22:01.0 (14159325)|HEAP_ALLOCATE|[18]|Bytes:4
11:22:01.0 (14180972)|VARIABLE_SCOPE_BEGIN|[18]|guias|List<Guia_DHL__c>|true|false
11:22:01.0 (14205669)|VARIABLE_ASSIGNMENT|[18]|guias|[]|0x1fc90880
11:22:01.0 (14211554)|STATEMENT_EXECUTE|[20]
11:22:01.0 (14216057)|VARIABLE_SCOPE_BEGIN|[20]|retorno|String|false|false
11:22:01.0 (14222557)|VARIABLE_ASSIGNMENT|[20]|retorno|null
11:22:01.0 (14327373)|STATEMENT_EXECUTE|[22]
11:22:01.0 (14328474)|STATEMENT_EXECUTE|[47]
11:22:01.14 (14401190)|CUMULATIVE_LIMIT_USAGE
11:22:01.14 (14401190)|LIMIT_USAGE_FOR_NS|(default)|
  Number of SOQL queries: 1 out of 100
  Number of query rows: 0 out of 50000
  Number of SOSL queries: 0 out of 20
  Number of DML statements: 0 out of 150
  Number of Publish Immediate DML: 0 out of 150
  Number of DML rows: 0 out of 10000
  Maximum CPU time: 0 out of 10000
  Maximum heap size: 0 out of 6000000
  Number of callouts: 0 out of 100
  Number of Email Invocations: 0 out of 10
  Number of future calls: 0 out of 50
  Number of queueable jobs added to the queue: 0 out of 50
  Number of Mobile Apex push calls: 0 out of 10

11:22:01.14 (14401190)|CUMULATIVE_LIMIT_USAGE_END

11:22:01.0 (14425855)|CODE_UNIT_FINISHED|MicroServicioGuiaDHL.getGuiaDHL(String)
11:22:01.0 (14625196)|CODE_UNIT_FINISHED|apex://MicroServicioGuiaDHL/ACTION$getGuiaDHL
11:22:01.0 (14631310)|EXECUTION_FINISHED
