67.0 APEX_CODE,FINEST;APEX_PROFILING,INFO;CALLOUT,INFO;DATA_ACCESS,INFO;DB,INFO;NBA,INFO;SYSTEM,DEBUG;VALIDATION,INFO;VISUALFORCE,INFO;WAVE,INFO;WORKFLOW,INFO
13:11:23.0 (251420)|USER_INFO|[EXTERNAL]|005Qg000002VBqt|jlandav@falabella.com.mx|(GMT-06:00) Central Standard Time (America/Mexico_City)|GMT-06:00
13:11:23.0 (336893)|EXECUTION_STARTED
13:11:23.0 (361728)|CODE_UNIT_STARTED|[EXTERNAL]|apex://CasosControllerExtension/ACTION$obtenerCasosToday
13:11:23.0 (2276368)|CODE_UNIT_STARTED|[EXTERNAL]|01p3l000005qcOV|CasosControllerExtension.obtenerCasosToday()
13:11:23.0 (2433527)|VARIABLE_SCOPE_BEGIN|[21]|CasosControllerExtension.QUEUE_CREDITO_FRAUDES|String|false|true
13:11:23.0 (2504294)|VARIABLE_SCOPE_BEGIN|[20]|CasosControllerExtension.RT_FIGITAL|String|false|true
13:11:23.0 (2512412)|VARIABLE_SCOPE_BEGIN|[19]|CasosControllerExtension.RT_RIESGOS|String|false|true
13:11:23.0 (2519169)|VARIABLE_SCOPE_BEGIN|[17]|CasosControllerExtension.ST_ASIGNADA|String|false|true
13:11:23.0 (2525532)|VARIABLE_SCOPE_BEGIN|[15]|CasosControllerExtension.ST_AUTORIZADA|String|false|true
13:11:23.0 (2533101)|VARIABLE_SCOPE_BEGIN|[18]|CasosControllerExtension.ST_CERRADO|String|false|true
13:11:23.0 (2541054)|VARIABLE_SCOPE_BEGIN|[16]|CasosControllerExtension.ST_NUEVO|String|false|true
13:11:23.0 (2702270)|HEAP_ALLOCATE|[95]|Bytes:3
13:11:23.0 (2751267)|HEAP_ALLOCATE|[100]|Bytes:152
13:11:23.0 (2770731)|HEAP_ALLOCATE|[417]|Bytes:408
13:11:23.0 (2851850)|HEAP_ALLOCATE|[430]|Bytes:408
13:11:23.0 (2883142)|HEAP_ALLOCATE|[317]|Bytes:6
13:11:23.0 (2901145)|HEAP_ALLOCATE|[EXTERNAL]|Bytes:11
13:11:23.0 (2931042)|METHOD_ENTRY|[13]|01p3l000005qcOV|CasosControllerExtension.CasosControllerExtension()
13:11:23.0 (2938215)|STATEMENT_EXECUTE|[13]
13:11:23.0 (2943302)|STATEMENT_EXECUTE|[13]
13:11:23.0 (2963026)|HEAP_ALLOCATE|[68]|Bytes:5
13:11:23.0 (2986297)|HEAP_ALLOCATE|[74]|Bytes:5
13:11:23.0 (2991386)|HEAP_ALLOCATE|[82]|Bytes:7
13:11:23.0 (3012483)|HEAP_ALLOCATE|[15]|Bytes:5
13:11:23.0 (3016637)|STATEMENT_EXECUTE|[15]
13:11:23.0 (3018818)|HEAP_ALLOCATE|[15]|Bytes:12
13:11:23.0 (3085646)|VARIABLE_ASSIGNMENT|[15]|CasosControllerExtension.ST_AUTORIZADA|"Autorización"
13:11:23.0 (3090222)|STATEMENT_EXECUTE|[16]
13:11:23.0 (3091708)|HEAP_ALLOCATE|[16]|Bytes:3
13:11:23.0 (3096673)|VARIABLE_ASSIGNMENT|[16]|CasosControllerExtension.ST_NUEVO|"New"
13:11:23.0 (3098826)|STATEMENT_EXECUTE|[17]
13:11:23.0 (3099957)|HEAP_ALLOCATE|[17]|Bytes:8
13:11:23.0 (3103849)|VARIABLE_ASSIGNMENT|[17]|CasosControllerExtension.ST_ASIGNADA|"Asignada"
13:11:23.0 (3105908)|STATEMENT_EXECUTE|[18]
13:11:23.0 (3107253)|HEAP_ALLOCATE|[18]|Bytes:7
13:11:23.0 (3110813)|VARIABLE_ASSIGNMENT|[18]|CasosControllerExtension.ST_CERRADO|"Cerrado"
13:11:23.0 (3112735)|STATEMENT_EXECUTE|[19]
13:11:23.0 (3114038)|HEAP_ALLOCATE|[19]|Bytes:19
13:11:23.0 (3117868)|VARIABLE_ASSIGNMENT|[19]|CasosControllerExtension.RT_RIESGOS|"Riesgos_Originaci_n"
13:11:23.0 (3120039)|STATEMENT_EXECUTE|[20]
13:11:23.0 (3121216)|HEAP_ALLOCATE|[20]|Bytes:18
13:11:23.0 (3125088)|VARIABLE_ASSIGNMENT|[20]|CasosControllerExtension.RT_FIGITAL|"BackOffice_Figital"
13:11:23.0 (3127043)|STATEMENT_EXECUTE|[21]
13:11:23.0 (3127993)|HEAP_ALLOCATE|[21]|Bytes:26
13:11:23.0 (3132816)|VARIABLE_ASSIGNMENT|[21]|CasosControllerExtension.QUEUE_CREDITO_FRAUDES|"BackOffice Credito/F (6 more) ..."
13:11:23.0 (3144779)|METHOD_EXIT|[13]|CasosControllerExtension
13:11:23.0 (3156263)|HEAP_ALLOCATE|[78]|Bytes:5
13:11:23.0 (3158628)|STATEMENT_EXECUTE|[76]
13:11:23.0 (3159688)|STATEMENT_EXECUTE|[78]
13:11:23.0 (3160937)|HEAP_ALLOCATE|[78]|Bytes:4
13:11:23.0 (3320534)|HEAP_ALLOCATE|[78]|Bytes:4
13:11:23.0 (4575285)|HEAP_ALLOCATE|[78]|Bytes:408
13:11:23.0 (4686253)|HEAP_ALLOCATE|[78]|Bytes:4
13:11:23.0 (4702620)|HEAP_ALLOCATE|[78]|Bytes:18
13:11:23.0 (4708107)|VARIABLE_SCOPE_BEGIN|[78]|idRecordTypeCredito|String|false|false
13:11:23.0 (4725500)|VARIABLE_ASSIGNMENT|[78]|idRecordTypeCredito|"0123l000001M9F8AAK"
13:11:23.0 (4729012)|STATEMENT_EXECUTE|[79]
13:11:23.0 (4829756)|HEAP_ALLOCATE|[79]|Bytes:4
13:11:23.0 (5908660)|HEAP_ALLOCATE|[79]|Bytes:408
13:11:23.0 (5970784)|HEAP_ALLOCATE|[79]|Bytes:4
13:11:23.0 (5982172)|HEAP_ALLOCATE|[79]|Bytes:18
13:11:23.0 (5988456)|VARIABLE_SCOPE_BEGIN|[79]|idRecordTypeFigital|String|false|false
13:11:23.0 (6006809)|VARIABLE_ASSIGNMENT|[79]|idRecordTypeFigital|"0123l0000019LkKAAU"
13:11:23.0 (6012801)|STATEMENT_EXECUTE|[81]
13:11:23.0 (6016226)|HEAP_ALLOCATE|[81]|Bytes:196
13:11:23.0 (6035696)|HEAP_ALLOCATE|[81]|Bytes:4
13:11:23.0 (6049700)|HEAP_ALLOCATE|[81]|Bytes:7
13:11:23.0 (6063782)|HEAP_ALLOCATE|[81]|Bytes:7
13:11:23.0 (6069796)|HEAP_ALLOCATE|[81]|Bytes:7
13:11:23.0 (6075625)|HEAP_ALLOCATE|[81]|Bytes:7
13:11:23.0 (6081230)|HEAP_ALLOCATE|[81]|Bytes:7
13:11:23.0 (6085951)|HEAP_ALLOCATE|[81]|Bytes:7
13:11:23.0 (6848269)|SOQL_EXECUTE_BEGIN|[81]|Aggregations:0|SELECT COUNT() FROM Case WHERE ((Status = :tmpVar1 OR Status = :tmpVar2 OR Status = :tmpVar3 OR Status = :tmpVar4) AND CreatedDate = TODAY AND (RecordTypeId = :tmpVar5 OR RecordTypeId = :tmpVar6))
13:11:23.0 (19944997)|SOQL_EXECUTE_END|[81]|Rows:134
13:11:23.0 (20004373)|HEAP_ALLOCATE|[81]|Bytes:4
13:11:23.0 (20029662)|VARIABLE_SCOPE_BEGIN|[81]|total|Integer|false|false
13:11:23.0 (20037566)|HEAP_ALLOCATE|[81]|Bytes:4
13:11:23.0 (20055203)|VARIABLE_ASSIGNMENT|[81]|total|134
13:11:23.0 (20058828)|STATEMENT_EXECUTE|[83]
13:11:23.0 (20061271)|HEAP_ALLOCATE|[83]|Bytes:4
13:11:23.0 (20069827)|HEAP_ALLOCATE|[83]|Bytes:4
13:11:23.20 (20141309)|CUMULATIVE_LIMIT_USAGE
13:11:23.20 (20141309)|LIMIT_USAGE_FOR_NS|(default)|
  Number of SOQL queries: 1 out of 100
  Number of query rows: 1 out of 50000
  Number of SOSL queries: 0 out of 20
  Number of DML statements: 0 out of 150
  Number of Publish Immediate DML: 0 out of 150
  Number of DML rows: 0 out of 10000
  Maximum CPU time: 0 out of 10000
  Maximum heap size: 0 out of 6000000
  Number of callouts: 0 out of 100
  Number of Email Invocations: 0 out of 10
  Number of future calls: 0 out of 50
  Number of queueable jobs added to the queue: 0 out of 50
  Number of Mobile Apex push calls: 0 out of 10

13:11:23.20 (20141309)|CUMULATIVE_LIMIT_USAGE_END

13:11:23.0 (20241785)|CODE_UNIT_FINISHED|CasosControllerExtension.obtenerCasosToday()
13:11:23.0 (20436421)|CODE_UNIT_FINISHED|apex://CasosControllerExtension/ACTION$obtenerCasosToday
13:11:23.0 (20445916)|EXECUTION_FINISHED
