52.0 APEX_CODE,FINEST;APEX_PROFILING,INFO;CALLOUT,INFO;DATA_ACCESS,INFO;DB,INFO;NBA,INFO;SYSTEM,DEBUG;VALIDATION,INFO;VISUALFORCE,INFO;WAVE,INFO;WORKFLOW,INFO
17:48:03.0 (291397)|USER_INFO|[EXTERNAL]|0051N000008bAK9|contingenciafalabella@falabella.com.mx|(GMT-06:00) Central Standard Time (America/Mexico_City)|GMT-06:00
17:48:03.0 (381922)|EXECUTION_STARTED
17:48:03.0 (408297)|CODE_UNIT_STARTED|[EXTERNAL]|01p3l00000EBsec|BatchUpdateCaseGestorBO
17:48:03.0 (1689147)|HEAP_ALLOCATE|[95]|Bytes:3
17:48:03.0 (1806271)|HEAP_ALLOCATE|[100]|Bytes:152
17:48:03.0 (1824476)|HEAP_ALLOCATE|[417]|Bytes:408
17:48:03.0 (1836138)|HEAP_ALLOCATE|[430]|Bytes:408
17:48:03.0 (1858288)|HEAP_ALLOCATE|[317]|Bytes:6
17:48:03.0 (3255211)|HEAP_ALLOCATE|[EXTERNAL]|Bytes:98
17:48:03.0 (3696800)|HEAP_ALLOCATE|[EXTERNAL]|Bytes:11
17:48:03.0 (3783501)|SYSTEM_METHOD_ENTRY|[15]|BatchableContextImpl.BatchableContextImpl()
17:48:03.0 (3831752)|STATEMENT_EXECUTE|[15]
17:48:03.0 (9305930)|SYSTEM_METHOD_EXIT|[15]|BatchableContextImpl
17:48:03.0 (9329315)|HEAP_ALLOCATE|[EXTERNAL]|Bytes:12
17:48:03.0 (9339528)|HEAP_ALLOCATE|[EXTERNAL]|Bytes:4
17:48:03.0 (9365347)|VARIABLE_SCOPE_BEGIN|[31]|this|Database.BatchableContextImpl|true|false
17:48:03.0 (9555075)|VARIABLE_ASSIGNMENT|[31]|this|{}|0x6cbc92ef
17:48:03.0 (9560870)|VARIABLE_SCOPE_BEGIN|[31]|jobId|Id|false|false
17:48:03.0 (9699254)|VARIABLE_ASSIGNMENT|[31]|jobId|"707RQ00001vVXBiYAO"
17:48:03.0 (9715164)|VARIABLE_SCOPE_BEGIN|[31]|childJobId|Id|false|false
17:48:03.0 (9723417)|VARIABLE_ASSIGNMENT|[31]|childJobId|null
17:48:03.0 (26299928)|HEAP_ALLOCATE|[EXTERNAL]|Bytes:99
17:48:03.0 (26335829)|HEAP_ALLOCATE|[EXTERNAL]|Bytes:12
17:48:03.0 (26419836)|METHOD_ENTRY|[11]|01p3l00000EBsec|BatchUpdateCaseGestorBO.BatchUpdateCaseGestorBO()
17:48:03.0 (26443596)|STATEMENT_EXECUTE|[11]
17:48:03.0 (26472726)|STATEMENT_EXECUTE|[11]
17:48:03.0 (26530761)|METHOD_EXIT|[11]|BatchUpdateCaseGestorBO
17:48:03.0 (26751334)|HEAP_ALLOCATE|[EXTERNAL]|Bytes:20
17:48:03.0 (26759751)|HEAP_ALLOCATE|[EXTERNAL]|Bytes:12
17:48:03.0 (26775339)|VARIABLE_SCOPE_BEGIN|[108]|this|BatchUpdateCaseGestorBO|true|false
17:48:03.0 (26881945)|VARIABLE_ASSIGNMENT|[108]|this|{"idQueueFraudesCredito":"00G3l000004HYBREA4","intCallMSAttempts":3,"lstRecordTypesBO":"0x6b51bb7c","lstRequestsWithError":"0x55a35a6b"}|0x2791a276
17:48:03.0 (26892172)|VARIABLE_SCOPE_BEGIN|[108]|BC|Database.BatchableContext|true|false
17:48:03.0 (26996476)|VARIABLE_ASSIGNMENT|[108]|BC|{"jobId":"707RQ00001vVXBiYAO"}|0x6cbc92ef
17:48:03.0 (27021513)|STATEMENT_EXECUTE|[108]
17:48:03.0 (27104285)|STATEMENT_EXECUTE|[111]
17:48:03.44 (44636103)|CUMULATIVE_LIMIT_USAGE
17:48:03.44 (44636103)|LIMIT_USAGE_FOR_NS|(default)|
  Number of SOQL queries: 0 out of 200
  Number of query rows: 0 out of 50000
  Number of SOSL queries: 0 out of 20
  Number of DML statements: 0 out of 150
  Number of Publish Immediate DML: 0 out of 150
  Number of DML rows: 0 out of 10000
  Maximum CPU time: 0 out of 60000
  Maximum heap size: 0 out of 12000000
  Number of callouts: 0 out of 0
  Number of Email Invocations: 0 out of 10
  Number of future calls: 0 out of 0
  Number of queueable jobs added to the queue: 0 out of 1
  Number of Mobile Apex push calls: 0 out of 10

17:48:03.44 (44636103)|CUMULATIVE_LIMIT_USAGE_END

17:48:03.0 (44807182)|CODE_UNIT_FINISHED|BatchUpdateCaseGestorBO
17:48:03.0 (44839449)|EXECUTION_FINISHED
