66.0 APEX_CODE,FINEST;APEX_PROFILING,INFO;CALLOUT,INFO;DATA_ACCESS,INFO;DB,INFO;NBA,INFO;SYSTEM,DEBUG;VALIDATION,INFO;VISUALFORCE,INFO;WAVE,INFO;WORKFLOW,INFO
17:48:07.0 (271728)|USER_INFO|[EXTERNAL]|0051N000008bAK9|contingenciafalabella@falabella.com.mx|(GMT-06:00) Central Standard Time (America/Mexico_City)|GMT-06:00
17:48:07.0 (350772)|EXECUTION_STARTED
17:48:07.0 (380787)|CODE_UNIT_STARTED|[EXTERNAL]|apex://ExpedientesFalabella/ACTION$getDocumentBlobStorage
17:48:07.0 (5120023)|CODE_UNIT_STARTED|[EXTERNAL]|01p3l000005r3c4|ExpedientesFalabella.getDocumentBlobStorage(String, String, String)
17:48:07.0 (5438476)|HEAP_ALLOCATE|[95]|Bytes:3
17:48:07.0 (5769076)|HEAP_ALLOCATE|[100]|Bytes:152
17:48:07.0 (5786053)|HEAP_ALLOCATE|[417]|Bytes:408
17:48:07.0 (5797631)|HEAP_ALLOCATE|[430]|Bytes:408
17:48:07.0 (5820781)|HEAP_ALLOCATE|[317]|Bytes:6
17:48:07.0 (5833538)|HEAP_ALLOCATE|[EXTERNAL]|Bytes:20
17:48:07.0 (5836841)|HEAP_ALLOCATE|[EXTERNAL]|Bytes:11
17:48:07.0 (5867277)|METHOD_ENTRY|[12]|01p3l000005r3c4|ExpedientesFalabella.ExpedientesFalabella()
17:48:07.0 (5885763)|STATEMENT_EXECUTE|[12]
17:48:07.0 (5907519)|STATEMENT_EXECUTE|[12]
17:48:07.0 (5912967)|METHOD_EXIT|[12]|ExpedientesFalabella
17:48:07.0 (5917209)|HEAP_ALLOCATE|[EXTERNAL]|Bytes:9
17:48:07.0 (5918914)|HEAP_ALLOCATE|[EXTERNAL]|Bytes:22
17:48:07.0 (5920304)|HEAP_ALLOCATE|[EXTERNAL]|Bytes:11
17:48:07.0 (5962761)|VARIABLE_SCOPE_BEGIN|[91]|idSolicitud|String|false|false
17:48:07.0 (6012968)|VARIABLE_ASSIGNMENT|[91]|idSolicitud|"309495430"
17:48:07.0 (6036316)|VARIABLE_SCOPE_BEGIN|[91]|link|String|false|false
17:48:07.0 (6043941)|VARIABLE_ASSIGNMENT|[91]|link|"-ComprobanteDomicili (2 more) ..."
17:48:07.0 (6046444)|VARIABLE_SCOPE_BEGIN|[91]|microServicio|String|false|false
17:48:07.0 (6050818)|VARIABLE_ASSIGNMENT|[91]|microServicio|"BlobStorage"
17:48:07.0 (6059816)|STATEMENT_EXECUTE|[91]
17:48:07.0 (6061008)|STATEMENT_EXECUTE|[93]
17:48:07.0 (9385762)|VARIABLE_SCOPE_BEGIN|[18]|MicroServicioModalImagenesBO.ENDPOINTBLOBSTORAGE|String|false|true
17:48:07.0 (9399257)|VARIABLE_SCOPE_BEGIN|[19]|MicroServicioModalImagenesBO.ENDPOINTWISTONDATA|String|false|true
17:48:07.0 (9408228)|VARIABLE_SCOPE_BEGIN|[20]|MicroServicioModalImagenesBO.MICROSBLOBSTORAGE|String|false|true
17:48:07.0 (9411751)|VARIABLE_SCOPE_BEGIN|[21]|MicroServicioModalImagenesBO.MICROSWISTONDATA|String|false|true
17:48:07.0 (9415261)|VARIABLE_SCOPE_BEGIN|[17]|MicroServicioModalImagenesBO.POST|String|false|true
17:48:07.0 (9432803)|HEAP_ALLOCATE|[93]|Bytes:20
17:48:07.0 (9441112)|HEAP_ALLOCATE|[93]|Bytes:48
17:48:07.0 (9443086)|HEAP_ALLOCATE|[93]|Bytes:24
17:48:07.0 (9487262)|VARIABLE_ASSIGNMENT|[93]|MicroServicioModalImagenesBO.ENDPOINTBLOBSTORAGE|"onboarding/file/down (4 more) ..."
17:48:07.0 (9491168)|HEAP_ALLOCATE|[93]|Bytes:25
17:48:07.0 (9496413)|VARIABLE_ASSIGNMENT|[93]|MicroServicioModalImagenesBO.ENDPOINTWISTONDATA|"integracion/file/dow (5 more) ..."
17:48:07.0 (9498900)|HEAP_ALLOCATE|[93]|Bytes:27
17:48:07.0 (9502786)|VARIABLE_ASSIGNMENT|[93]|MicroServicioModalImagenesBO.MICROSBLOBSTORAGE|"MicroServicioImgBlob (7 more) ..."
17:48:07.0 (9504937)|HEAP_ALLOCATE|[93]|Bytes:26
17:48:07.0 (9508604)|VARIABLE_ASSIGNMENT|[93]|MicroServicioModalImagenesBO.MICROSWISTONDATA|"MicroServicioImgWist (6 more) ..."
17:48:07.0 (9510789)|HEAP_ALLOCATE|[93]|Bytes:4
17:48:07.0 (9514283)|VARIABLE_ASSIGNMENT|[93]|MicroServicioModalImagenesBO.POST|"POST"
17:48:07.0 (9546128)|METHOD_ENTRY|[14]|01p3l000005qhVh|MicroServicioModalImagenesBO.MicroServicioModalImagenesBO()
17:48:07.0 (9555428)|STATEMENT_EXECUTE|[14]
17:48:07.0 (9564292)|STATEMENT_EXECUTE|[14]
17:48:07.0 (9589993)|METHOD_EXIT|[14]|MicroServicioModalImagenesBO
17:48:07.0 (9633069)|METHOD_ENTRY|[93]|01p3l000005qhVh|MicroServicioModalImagenesBO.descargarImagen(String, String, String)
17:48:07.0 (9669555)|VARIABLE_SCOPE_BEGIN|[106]|idSolicitud|String|false|false
17:48:07.0 (9675377)|VARIABLE_ASSIGNMENT|[106]|idSolicitud|"309495430"
17:48:07.0 (9677875)|VARIABLE_SCOPE_BEGIN|[106]|link|String|false|false
17:48:07.0 (9682645)|VARIABLE_ASSIGNMENT|[106]|link|"-ComprobanteDomicili (2 more) ..."
17:48:07.0 (9684640)|VARIABLE_SCOPE_BEGIN|[106]|microServicio|String|false|false
17:48:07.0 (9688798)|VARIABLE_ASSIGNMENT|[106]|microServicio|"BlobStorage"
17:48:07.0 (9694797)|STATEMENT_EXECUTE|[106]
17:48:07.0 (9695950)|STATEMENT_EXECUTE|[108]
17:48:07.0 (9711925)|HEAP_ALLOCATE|[108]|Bytes:4
17:48:07.0 (9724175)|VARIABLE_SCOPE_BEGIN|[108]|result|Map<String,ANY>|true|false
17:48:07.0 (9750390)|VARIABLE_ASSIGNMENT|[108]|result|{}|0x5f97f804
17:48:07.0 (9753990)|STATEMENT_EXECUTE|[109]
17:48:07.0 (9774189)|HEAP_ALLOCATE|[68]|Bytes:5
17:48:07.0 (9799365)|HEAP_ALLOCATE|[74]|Bytes:5
17:48:07.0 (9805472)|HEAP_ALLOCATE|[82]|Bytes:7
17:48:07.0 (9817793)|VARIABLE_SCOPE_BEGIN|[109]|success|Boolean|false|false
17:48:07.0 (9992764)|HEAP_ALLOCATE|[109]|Bytes:5
17:48:07.0 (9998950)|VARIABLE_ASSIGNMENT|[109]|success|false
17:48:07.0 (10002260)|STATEMENT_EXECUTE|[110]
17:48:07.0 (10004940)|VARIABLE_SCOPE_BEGIN|[110]|base64_Img|String|false|false
17:48:07.0 (10009852)|VARIABLE_ASSIGNMENT|[110]|base64_Img|null
17:48:07.0 (10012259)|STATEMENT_EXECUTE|[112]
17:48:07.0 (10014104)|HEAP_ALLOCATE|[112]|Bytes:14
17:48:07.0 (10028836)|HEAP_ALLOCATE|[112]|Bytes:23
17:48:07.0 (10105479)|USER_DEBUG|[112]|DEBUG|idSolicitud:  309495430
17:48:07.0 (10113890)|STATEMENT_EXECUTE|[113]
17:48:07.0 (10115204)|HEAP_ALLOCATE|[113]|Bytes:7
17:48:07.0 (10118071)|HEAP_ALLOCATE|[113]|Bytes:29
17:48:07.0 (10126272)|USER_DEBUG|[113]|DEBUG|link:  -ComprobanteDomicilio3
17:48:07.0 (10150374)|STATEMENT_EXECUTE|[114]
17:48:07.0 (10151958)|HEAP_ALLOCATE|[114]|Bytes:16
17:48:07.0 (10154665)|HEAP_ALLOCATE|[114]|Bytes:27
17:48:07.0 (10160729)|USER_DEBUG|[114]|DEBUG|microServicio:  BlobStorage
17:48:07.0 (10164434)|STATEMENT_EXECUTE|[116]
17:48:07.0 (10175966)|HEAP_ALLOCATE|[116]|Bytes:4
17:48:07.0 (10181448)|VARIABLE_SCOPE_BEGIN|[116]|params|Map<String,Map<String,String>>|true|false
17:48:07.0 (10189816)|VARIABLE_ASSIGNMENT|[116]|params|{}|0x43a3f522
17:48:07.0 (10192825)|STATEMENT_EXECUTE|[118]
17:48:07.0 (10278788)|HEAP_ALLOCATE|[118]|Bytes:8
17:48:07.0 (10318215)|CONSTRUCTOR_ENTRY|[118]|01p3l000005qhVh|<init>()|MicroServicioModalImagenesBO
17:48:07.0 (10347172)|VARIABLE_SCOPE_BEGIN|[14]|this|MicroServicioModalImagenesBO|true|false
17:48:07.0 (10399873)|VARIABLE_ASSIGNMENT|[14]|this|{}|0x60a43731
17:48:07.0 (10405651)|HEAP_ALLOCATE|[EXTERNAL]|Bytes:6
17:48:07.0 (13759009)|STATEMENT_EXECUTE|[14]
17:48:07.0 (13762891)|STATEMENT_EXECUTE|[16]
17:48:07.0 (13784228)|CONSTRUCTOR_EXIT|[118]|01p3l000005qhVh|<init>()|MicroServicioModalImagenesBO
17:48:07.0 (13795321)|VARIABLE_SCOPE_BEGIN|[118]|msDescargarImg|MicroServicioModalImagenesBO|true|false
17:48:07.0 (13825175)|VARIABLE_ASSIGNMENT|[118]|msDescargarImg|{}|0x60a43731
17:48:07.0 (13832938)|HEAP_ALLOCATE|[120]|Bytes:11
17:48:07.0 (13857453)|STATEMENT_EXECUTE|[120]
17:48:07.0 (13858680)|STATEMENT_EXECUTE|[122]
17:48:07.0 (13860200)|HEAP_ALLOCATE|[122]|Bytes:4
17:48:07.0 (13877938)|HEAP_ALLOCATE|[122]|Bytes:4
17:48:07.0 (13945434)|HEAP_ALLOCATE|[EXTERNAL]|Bytes:-4
17:48:07.0 (13951866)|STATEMENT_EXECUTE|[123]
17:48:07.0 (13973921)|HEAP_ALLOCATE|[123]|Bytes:12
17:48:07.0 (13981604)|HEAP_ALLOCATE|[123]|Bytes:31
17:48:07.0 (13987758)|HEAP_ALLOCATE|[EXTERNAL]|Bytes:-4
17:48:07.0 (13990976)|STATEMENT_EXECUTE|[125]
17:48:07.0 (14007403)|METHOD_ENTRY|[125]|01p3l000005qhVh|MicroServicioModalImagenesBO.MicroServicioBlobStorage()
17:48:07.0 (14022416)|VARIABLE_SCOPE_BEGIN|[26]|this|MicroServicioModalImagenesBO|true|false
17:48:07.0 (14033627)|VARIABLE_ASSIGNMENT|[26]|this|{}|0x60a43731
17:48:07.0 (14039003)|STATEMENT_EXECUTE|[26]
17:48:07.0 (14040177)|STATEMENT_EXECUTE|[28]
17:48:07.0 (14045347)|HEAP_ALLOCATE|[28]|Bytes:61
17:48:07.0 (14051187)|HEAP_ALLOCATE|[28]|Bytes:27
17:48:07.0 (14064780)|METHOD_ENTRY|[12]|01p1N00000EREqf|ClienteMicroServicios.ClienteMicroServicios()
17:48:07.0 (14068744)|STATEMENT_EXECUTE|[12]
17:48:07.0 (14070972)|STATEMENT_EXECUTE|[12]
17:48:07.0 (14075650)|METHOD_EXIT|[12]|ClienteMicroServicios
17:48:07.0 (14080574)|HEAP_ALLOCATE|[28]|Bytes:124
17:48:07.0 (14091593)|CONSTRUCTOR_ENTRY|[28]|01p1N00000EREqf|<init>()|ClienteMicroServicios
17:48:07.0 (14110941)|VARIABLE_SCOPE_BEGIN|[54]|this|ClienteMicroServicios|true|false
17:48:07.0 (14323716)|VARIABLE_ASSIGNMENT|[54]|this|{}|0x70ecaa9f
17:48:07.0 (14330223)|STATEMENT_EXECUTE|[12]
17:48:07.0 (14331511)|STATEMENT_EXECUTE|[14]
17:48:07.0 (14333462)|HEAP_ALLOCATE|[14]|Bytes:23
17:48:07.0 (14358489)|VARIABLE_ASSIGNMENT|[14]|this.BASE_URL|"https://cmr-mx-busin (3 more) ..."|0x70ecaa9f
17:48:07.0 (14361752)|STATEMENT_EXECUTE|[15]
17:48:07.0 (14363121)|HEAP_ALLOCATE|[15]|Bytes:23
17:48:07.0 (14368027)|VARIABLE_ASSIGNMENT|[15]|this.URI|".fif.tech/api/busine (3 more) ..."|0x70ecaa9f
17:48:07.0 (14371125)|STATEMENT_EXECUTE|[17]
17:48:07.0 (14372415)|HEAP_ALLOCATE|[17]|Bytes:7
17:48:07.0 (14375627)|VARIABLE_ASSIGNMENT|[17]|this.BACKEND|"backend"|0x70ecaa9f
17:48:07.0 (14378447)|STATEMENT_EXECUTE|[19]
17:48:07.0 (14379588)|HEAP_ALLOCATE|[19]|Bytes:16
17:48:07.0 (14382939)|VARIABLE_ASSIGNMENT|[19]|this.APP_JSON|"application/json"|0x70ecaa9f
17:48:07.0 (14385642)|STATEMENT_EXECUTE|[20]
17:48:07.0 (14386577)|HEAP_ALLOCATE|[20]|Bytes:12
17:48:07.0 (14390072)|VARIABLE_ASSIGNMENT|[20]|this.CONT_TYPE|"Content-Type"|0x70ecaa9f
17:48:07.0 (14392686)|STATEMENT_EXECUTE|[21]
17:48:07.0 (14396767)|HEAP_ALLOCATE|[21]|Bytes:4
17:48:07.0 (14402357)|VARIABLE_ASSIGNMENT|[21]|this.TIME_OUT|120000|0x70ecaa9f
17:48:07.0 (14405123)|STATEMENT_EXECUTE|[22]
17:48:07.0 (14406397)|HEAP_ALLOCATE|[22]|Bytes:8
17:48:07.0 (14409848)|VARIABLE_ASSIGNMENT|[22]|this.endpoint|"products"|0x70ecaa9f
17:48:07.0 (14412544)|STATEMENT_EXECUTE|[23]
17:48:07.0 (14413552)|HEAP_ALLOCATE|[23]|Bytes:4
17:48:07.0 (14417107)|VARIABLE_ASSIGNMENT|[23]|this.method|"POST"|0x70ecaa9f
17:48:07.0 (14419948)|STATEMENT_EXECUTE|[24]
17:48:07.0 (14421009)|HEAP_ALLOCATE|[24]|Bytes:2
17:48:07.0 (14424619)|VARIABLE_ASSIGNMENT|[24]|this.version|"v1"|0x70ecaa9f
17:48:07.0 (14427287)|STATEMENT_EXECUTE|[25]
17:48:07.0 (14428373)|HEAP_ALLOCATE|[25]|Bytes:14
17:48:07.0 (14432017)|VARIABLE_ASSIGNMENT|[25]|this.MDW_CS_CHANNEL|"mdw-cs-channel"|0x70ecaa9f
17:48:07.0 (14434784)|STATEMENT_EXECUTE|[26]
17:48:07.0 (14435864)|HEAP_ALLOCATE|[26]|Bytes:15
17:48:07.0 (14439187)|VARIABLE_ASSIGNMENT|[26]|this.MDW_CS_COMMERCE|"mdw-cs-commerce"|0x70ecaa9f
17:48:07.0 (14455742)|STATEMENT_EXECUTE|[27]
17:48:07.0 (14456980)|HEAP_ALLOCATE|[27]|Bytes:14
17:48:07.0 (14461427)|VARIABLE_ASSIGNMENT|[27]|this.MDW_CS_COUNTRY|"mdw-cs-country"|0x70ecaa9f
17:48:07.0 (14464134)|STATEMENT_EXECUTE|[28]
17:48:07.0 (14465254)|HEAP_ALLOCATE|[28]|Bytes:11
17:48:07.0 (14470042)|VARIABLE_ASSIGNMENT|[28]|this.MDW_CS_DATE|"mdw-cs-date"|0x70ecaa9f
17:48:07.0 (14472852)|STATEMENT_EXECUTE|[29]
17:48:07.0 (14473975)|HEAP_ALLOCATE|[29]|Bytes:11
17:48:07.0 (14477424)|VARIABLE_ASSIGNMENT|[29]|this.MDW_CS_HOUR|"mdw-cs-hour"|0x70ecaa9f
17:48:07.0 (14480422)|STATEMENT_EXECUTE|[30]
17:48:07.0 (14481589)|STATEMENT_EXECUTE|[31]
17:48:07.0 (14482799)|HEAP_ALLOCATE|[31]|Bytes:7
17:48:07.0 (14486302)|VARIABLE_ASSIGNMENT|[31]|this.microServicio|"default"|0x70ecaa9f
17:48:07.0 (14489144)|STATEMENT_EXECUTE|[34]
17:48:07.0 (14490255)|HEAP_ALLOCATE|[34]|Bytes:10
17:48:07.0 (14493745)|VARIABLE_ASSIGNMENT|[34]|this.GRANT_TYPE|"grant_type"|0x70ecaa9f
17:48:07.0 (14496397)|STATEMENT_EXECUTE|[35]
17:48:07.0 (14497415)|HEAP_ALLOCATE|[35]|Bytes:8
17:48:07.0 (14501094)|VARIABLE_ASSIGNMENT|[35]|this.PASSWORD|"password"|0x70ecaa9f
17:48:07.0 (14503944)|STATEMENT_EXECUTE|[36]
17:48:07.0 (14505052)|HEAP_ALLOCATE|[36]|Bytes:9
17:48:07.0 (14508342)|VARIABLE_ASSIGNMENT|[36]|this.CLIENT_ID|"client_id"|0x70ecaa9f
17:48:07.0 (14511134)|STATEMENT_EXECUTE|[37]
17:48:07.0 (14512209)|HEAP_ALLOCATE|[37]|Bytes:13
17:48:07.0 (14515497)|VARIABLE_ASSIGNMENT|[37]|this.CLIENT_SECRET|"client_secret"|0x70ecaa9f
17:48:07.0 (14518345)|STATEMENT_EXECUTE|[38]
17:48:07.0 (14519362)|HEAP_ALLOCATE|[38]|Bytes:13
17:48:07.0 (14522792)|VARIABLE_ASSIGNMENT|[38]|this.PROVISION_KEY|"provision_key"|0x70ecaa9f
17:48:07.0 (14525508)|STATEMENT_EXECUTE|[39]
17:48:07.0 (14526554)|HEAP_ALLOCATE|[39]|Bytes:20
17:48:07.0 (14529775)|VARIABLE_ASSIGNMENT|[39]|this.AUTHENTICATED_USERID|"authenticated_userid"|0x70ecaa9f
17:48:07.0 (14532511)|STATEMENT_EXECUTE|[40]
17:48:07.0 (14533601)|HEAP_ALLOCATE|[40]|Bytes:12
17:48:07.0 (14536534)|VARIABLE_ASSIGNMENT|[40]|this.AT|"access_token"|0x70ecaa9f
17:48:07.0 (14539105)|STATEMENT_EXECUTE|[42]
17:48:07.0 (14540482)|HEAP_ALLOCATE|[42]|Bytes:13
17:48:07.0 (14543424)|VARIABLE_ASSIGNMENT|[42]|this.AUTH|"Authorization"|0x70ecaa9f
17:48:07.0 (14546101)|STATEMENT_EXECUTE|[43]
17:48:07.0 (14547060)|HEAP_ALLOCATE|[43]|Bytes:6
17:48:07.0 (14550266)|VARIABLE_ASSIGNMENT|[43]|this.BEARER|"Bearer"|0x70ecaa9f
17:48:07.0 (14552971)|STATEMENT_EXECUTE|[44]
17:48:07.0 (14553971)|HEAP_ALLOCATE|[44]|Bytes:12
17:48:07.0 (14557542)|VARIABLE_ASSIGNMENT|[44]|this.OAUTH|"oauth2/token"|0x70ecaa9f
17:48:07.0 (14574014)|STATEMENT_EXECUTE|[47]
17:48:07.0 (14575172)|HEAP_ALLOCATE|[47]|Bytes:8
17:48:07.0 (14579011)|VARIABLE_ASSIGNMENT|[47]|this.SECCTION|"secction"|0x70ecaa9f
17:48:07.0 (14581793)|STATEMENT_EXECUTE|[48]
17:48:07.0 (14582731)|HEAP_ALLOCATE|[48]|Bytes:10
17:48:07.0 (14585800)|VARIABLE_ASSIGNMENT|[48]|this.APIVERSION|"apiversion"|0x70ecaa9f
17:48:07.0 (14588537)|STATEMENT_EXECUTE|[49]
17:48:07.0 (14589597)|HEAP_ALLOCATE|[49]|Bytes:5
17:48:07.0 (14593068)|VARIABLE_ASSIGNMENT|[49]|this.SCORETOKEN|"token"|0x70ecaa9f
17:48:07.0 (14595885)|STATEMENT_EXECUTE|[52]
17:48:07.0 (14598842)|VARIABLE_ASSIGNMENT|[52]|this.access_token|""|0x70ecaa9f
17:48:07.0 (14615141)|STATEMENT_EXECUTE|[54]
17:48:07.0 (14616301)|STATEMENT_EXECUTE|[55]
17:48:07.0 (14638756)|METHOD_ENTRY|[55]|01p1N00000EREqf|ClienteMicroServicios.setMicroServicio(String)
17:48:07.0 (14655403)|VARIABLE_SCOPE_BEGIN|[74]|this|ClienteMicroServicios|true|false
17:48:07.0 (14688333)|VARIABLE_ASSIGNMENT|[74]|this|{"access_token":"","APIVERSION":"apiversion","APP_JSON":"application/json","AT":"access_token","AUTH":"Authorization","AUTHENTICATED_USERID":"authenticated_userid","BACKEND":"backend","BASE_URL":"https://cmr-mx-busin (3 more) ...","BEARER":"Bearer","CLIENT_ID":"client_id","CLIENT_SECRET":"client_secret","CONT_TYPE":"Content-Type","endpoint":"products","GRANT_TYPE":"grant_type","MDW_CS_CHANNEL":"mdw-cs-channel","MDW_CS_COMMERCE":"mdw-cs-commerce","MDW_CS_COUNTRY":"mdw-cs-country","MDW_CS_DATE":"mdw-cs-date","MDW_CS_HOUR":"mdw-cs-hour","method":"POST","microServicio":"default","OAUTH":"oauth2/token","PASSWORD":"password","PROVISION_KEY":"provision_key","SCORETOKEN":"token","SECCTION":"secction","TIME_OUT":120000,"URI":".fif.tech/api/busine (3 more) ...","version":"v1"}|0x70ecaa9f
17:48:07.0 (14696357)|VARIABLE_SCOPE_BEGIN|[74]|microServicio|String|false|false
17:48:07.0 (14700418)|VARIABLE_ASSIGNMENT|[74]|microServicio|"default"
17:48:07.0 (14704640)|STATEMENT_EXECUTE|[74]
17:48:07.0 (14705858)|STATEMENT_EXECUTE|[76]
17:48:07.0 (14709999)|VARIABLE_ASSIGNMENT|[76]|this.microServicio|"default"|0x70ecaa9f
17:48:07.0 (14712919)|STATEMENT_EXECUTE|[77]
17:48:07.0 (14714308)|HEAP_ALLOCATE|[77]|Bytes:226
17:48:07.0 (14723746)|HEAP_ALLOCATE|[77]|Bytes:4
17:48:07.0 (14729110)|HEAP_ALLOCATE|[77]|Bytes:7
17:48:07.0 (15299173)|SOQL_EXECUTE_BEGIN|[77]|Aggregations:0|SELECT Ambiente__c, Channel__c, Commerce__c, Country__c, Client_ID__c, Client_Secret__c, Provision_Key__c, Authenticated_UserID__c, Section__c, Apiversion__c FROM Configuracion_Microservicio__mdt WHERE Label = :tmpVar1 LIMIT 1
17:48:07.0 (22017200)|SOQL_EXECUTE_END|[77]|Rows:1
17:48:07.0 (22054326)|HEAP_ALLOCATE|[77]|Bytes:8
17:48:07.0 (22073160)|HEAP_ALLOCATE|[77]|Bytes:260
17:48:07.0 (22188750)|HEAP_ALLOCATE|[77]|Bytes:8
17:48:07.0 (22203722)|HEAP_ALLOCATE|[77]|Bytes:58
17:48:07.0 (22260990)|HEAP_ALLOCATE|[77]|Bytes:36
17:48:07.0 (22365499)|VARIABLE_ASSIGNMENT|[77]|this.cm|{"Country__c":"MX","Client_Secret__c":"OTM5ZTgxMzIwNzI2ZGNl (12 more) ...","Authenticated_UserID__c":"0","Client_ID__c":"MTI3ZjBjNmE3NTg1ZTVm (12 more) ...","Id":"m071N000000CbDpQAK","Channel__c":"Web","Provision_Key__c":"MjU2NjIwMTFjYmJkZjJk (12 more) ...","Commerce__c":"CMR"}|0x70ecaa9f
17:48:07.0 (22382320)|METHOD_EXIT|[55]|01p1N00000EREqf|ClienteMicroServicios.setMicroServicio(String)
17:48:07.0 (22423078)|CONSTRUCTOR_EXIT|[28]|01p1N00000EREqf|<init>()|ClienteMicroServicios
17:48:07.0 (22434684)|VARIABLE_ASSIGNMENT|[28]|this.cliente|0x70ecaa9f|0x60a43731
17:48:07.0 (22455304)|STATEMENT_EXECUTE|[29]
17:48:07.0 (22481247)|METHOD_ENTRY|[29]|01p1N00000EREqf|ClienteMicroServicios.setMethod(String)
17:48:07.0 (22512816)|VARIABLE_SCOPE_BEGIN|[64]|this|ClienteMicroServicios|true|false
17:48:07.0 (22569115)|VARIABLE_ASSIGNMENT|[64]|this|{"access_token":"","APIVERSION":"apiversion","APP_JSON":"application/json","AT":"access_token","AUTH":"Authorization","AUTHENTICATED_USERID":"authenticated_userid","BACKEND":"backend","BASE_URL":"https://cmr-mx-busin (3 more) ...","BEARER":"Bearer","CLIENT_ID":"client_id","CLIENT_SECRET":"client_secret","cm":"0x46ef7171","CONT_TYPE":"Content-Type","endpoint":"products","GRANT_TYPE":"grant_type","MDW_CS_CHANNEL":"mdw-cs-channel","MDW_CS_COMMERCE":"mdw-cs-commerce","MDW_CS_COUNTRY":"mdw-cs-country","MDW_CS_DATE":"mdw-cs-date","MDW_CS_HOUR":"mdw-cs-hour","method":"POST","microServicio":"default","OAUTH":"oauth2/token","PASSWORD":"password","PROVISION_KEY":"provision_key","SCORETOKEN":"token","SECCTION":"secction","TIME_OUT":120000,"URI":".fif.tech/api/busine (3 more) ...","version":"v1"}|0x70ecaa9f
17:48:07.0 (22576801)|VARIABLE_SCOPE_BEGIN|[64]|method|String|false|false
17:48:07.0 (22581344)|VARIABLE_ASSIGNMENT|[64]|method|"POST"
17:48:07.0 (22588047)|STATEMENT_EXECUTE|[64]
17:48:07.0 (22589382)|STATEMENT_EXECUTE|[66]
17:48:07.0 (22593570)|VARIABLE_ASSIGNMENT|[66]|this.method|"POST"|0x70ecaa9f
17:48:07.0 (22597971)|METHOD_EXIT|[29]|01p1N00000EREqf|ClienteMicroServicios.setMethod(String)
17:48:07.0 (22601409)|STATEMENT_EXECUTE|[30]
17:48:07.0 (22608400)|METHOD_ENTRY|[30]|01p1N00000EREqf|ClienteMicroServicios.setEndpoint(String)
17:48:07.0 (22616966)|VARIABLE_SCOPE_BEGIN|[59]|this|ClienteMicroServicios|true|false
17:48:07.0 (22640026)|VARIABLE_ASSIGNMENT|[59]|this|{"access_token":"","APIVERSION":"apiversion","APP_JSON":"application/json","AT":"access_token","AUTH":"Authorization","AUTHENTICATED_USERID":"authenticated_userid","BACKEND":"backend","BASE_URL":"https://cmr-mx-busin (3 more) ...","BEARER":"Bearer","CLIENT_ID":"client_id","CLIENT_SECRET":"client_secret","cm":"0x46ef7171","CONT_TYPE":"Content-Type","endpoint":"products","GRANT_TYPE":"grant_type","MDW_CS_CHANNEL":"mdw-cs-channel","MDW_CS_COMMERCE":"mdw-cs-commerce","MDW_CS_COUNTRY":"mdw-cs-country","MDW_CS_DATE":"mdw-cs-date","MDW_CS_HOUR":"mdw-cs-hour","method":"POST","microServicio":"default","OAUTH":"oauth2/token","PASSWORD":"password","PROVISION_KEY":"provision_key","SCORETOKEN":"token","SECCTION":"secction","TIME_OUT":120000,"URI":".fif.tech/api/busine (3 more) ...","version":"v1"}|0x70ecaa9f
17:48:07.0 (22646689)|VARIABLE_SCOPE_BEGIN|[59]|endpoint|String|false|false
17:48:07.0 (22651489)|VARIABLE_ASSIGNMENT|[59]|endpoint|"onboarding/file/down (4 more) ..."
17:48:07.0 (22654796)|STATEMENT_EXECUTE|[59]
17:48:07.0 (22655854)|STATEMENT_EXECUTE|[61]
17:48:07.0 (22659294)|VARIABLE_ASSIGNMENT|[61]|this.endpoint|"onboarding/file/down (4 more) ..."|0x70ecaa9f
17:48:07.0 (22662809)|METHOD_EXIT|[30]|01p1N00000EREqf|ClienteMicroServicios.setEndpoint(String)
17:48:07.0 (22665733)|STATEMENT_EXECUTE|[31]
17:48:07.0 (22669799)|METHOD_ENTRY|[31]|01p1N00000EREqf|ClienteMicroServicios.setMicroServicio(String)
17:48:07.0 (22674533)|VARIABLE_SCOPE_BEGIN|[74]|this|ClienteMicroServicios|true|false
17:48:07.0 (22693483)|VARIABLE_ASSIGNMENT|[74]|this|{"access_token":"","APIVERSION":"apiversion","APP_JSON":"application/json","AT":"access_token","AUTH":"Authorization","AUTHENTICATED_USERID":"authenticated_userid","BACKEND":"backend","BASE_URL":"https://cmr-mx-busin (3 more) ...","BEARER":"Bearer","CLIENT_ID":"client_id","CLIENT_SECRET":"client_secret","cm":"0x46ef7171","CONT_TYPE":"Content-Type","endpoint":"onboarding/file/down (4 more) ...","GRANT_TYPE":"grant_type","MDW_CS_CHANNEL":"mdw-cs-channel","MDW_CS_COMMERCE":"mdw-cs-commerce","MDW_CS_COUNTRY":"mdw-cs-country","MDW_CS_DATE":"mdw-cs-date","MDW_CS_HOUR":"mdw-cs-hour","method":"POST","microServicio":"default","OAUTH":"oauth2/token","PASSWORD":"password","PROVISION_KEY":"provision_key","SCORETOKEN":"token","SECCTION":"secction","TIME_OUT":120000,"URI":".fif.tech/api/busine (3 more) ...","version":"v1"}|0x70ecaa9f
17:48:07.0 (22700263)|VARIABLE_SCOPE_BEGIN|[74]|microServicio|String|false|false
17:48:07.0 (22704610)|VARIABLE_ASSIGNMENT|[74]|microServicio|"MicroServicioImgBlob (7 more) ..."
17:48:07.0 (22708054)|STATEMENT_EXECUTE|[74]
17:48:07.0 (22709255)|STATEMENT_EXECUTE|[76]
17:48:07.0 (22712733)|VARIABLE_ASSIGNMENT|[76]|this.microServicio|"MicroServicioImgBlob (7 more) ..."|0x70ecaa9f
17:48:07.0 (22715655)|STATEMENT_EXECUTE|[77]
17:48:07.0 (22727503)|HEAP_ALLOCATE|[77]|Bytes:4
17:48:07.0 (23101957)|SOQL_EXECUTE_BEGIN|[77]|Aggregations:0|SELECT Ambiente__c, Channel__c, Commerce__c, Country__c, Client_ID__c, Client_Secret__c, Provision_Key__c, Authenticated_UserID__c, Section__c, Apiversion__c FROM Configuracion_Microservicio__mdt WHERE Label = :tmpVar1 LIMIT 1
17:48:07.0 (25052983)|SOQL_EXECUTE_END|[77]|Rows:1
17:48:07.0 (25084156)|HEAP_ALLOCATE|[77]|Bytes:8
17:48:07.0 (25100163)|HEAP_ALLOCATE|[77]|Bytes:260
17:48:07.0 (25142335)|HEAP_ALLOCATE|[77]|Bytes:8
17:48:07.0 (25166548)|HEAP_ALLOCATE|[77]|Bytes:36
17:48:07.0 (25243924)|VARIABLE_ASSIGNMENT|[77]|this.cm|{"Country__c":"MX","Client_Secret__c":"OTM5ZTgxMzIwNzI2ZGNl (12 more) ...","Authenticated_UserID__c":"0","Client_ID__c":"MTI3ZjBjNmE3NTg1ZTVm (12 more) ...","Id":"m073l000000g14sAAA","Channel__c":"Web","Provision_Key__c":"MzYyYmVjYjFkOGI4YzZm (12 more) ...","Commerce__c":"CMR"}|0x70ecaa9f
17:48:07.0 (25254694)|METHOD_EXIT|[31]|01p1N00000EREqf|ClienteMicroServicios.setMicroServicio(String)
17:48:07.0 (25265023)|STATEMENT_EXECUTE|[32]
17:48:07.0 (25282234)|METHOD_ENTRY|[32]|01p1N00000EREqf|ClienteMicroServicios.generarToken()
17:48:07.0 (25311811)|VARIABLE_SCOPE_BEGIN|[83]|this|ClienteMicroServicios|true|false
17:48:07.0 (25364982)|VARIABLE_ASSIGNMENT|[83]|this|{"access_token":"","APIVERSION":"apiversion","APP_JSON":"application/json","AT":"access_token","AUTH":"Authorization","AUTHENTICATED_USERID":"authenticated_userid","BACKEND":"backend","BASE_URL":"https://cmr-mx-busin (3 more) ...","BEARER":"Bearer","CLIENT_ID":"client_id","CLIENT_SECRET":"client_secret","cm":"0x28facea2","CONT_TYPE":"Content-Type","endpoint":"onboarding/file/down (4 more) ...","GRANT_TYPE":"grant_type","MDW_CS_CHANNEL":"mdw-cs-channel","MDW_CS_COMMERCE":"mdw-cs-commerce","MDW_CS_COUNTRY":"mdw-cs-country","MDW_CS_DATE":"mdw-cs-date","MDW_CS_HOUR":"mdw-cs-hour","method":"POST","microServicio":"MicroServicioImgBlob (7 more) ...","OAUTH":"oauth2/token","PASSWORD":"password","PROVISION_KEY":"provision_key","SCORETOKEN":"token","SECCTION":"secction","TIME_OUT":120000,"URI":".fif.tech/api/busine (3 more) ...","version":"v1"}|0x70ecaa9f
17:48:07.0 (25375987)|STATEMENT_EXECUTE|[83]
17:48:07.0 (25377356)|STATEMENT_EXECUTE|[86]
17:48:07.0 (25388200)|HEAP_ALLOCATE|[86]|Bytes:4
17:48:07.0 (25472205)|VARIABLE_SCOPE_BEGIN|[86]|params|Map<String,String>|true|false
17:48:07.0 (25492407)|VARIABLE_ASSIGNMENT|[86]|params|{"grant_type":"password","client_id":"MTI3ZjBjNmE3NTg1ZTVm (12 more) ...","client_secret":"OTM5ZTgxMzIwNzI2ZGNl (12 more) ...","provision_key":"MzYyYmVjYjFkOGI4YzZm (12 more) ...","authenticated_userid":"0"}|0x62df3a81
17:48:07.0 (25497509)|STATEMENT_EXECUTE|[92]
17:48:07.0 (25502915)|METHOD_ENTRY|[92]|01p1N00000EREqf|ClienteMicroServicios.obtenerURLENDPOINT()
17:48:07.0 (25510425)|VARIABLE_SCOPE_BEGIN|[115]|this|ClienteMicroServicios|true|false
17:48:07.0 (25537790)|VARIABLE_ASSIGNMENT|[115]|this|{"access_token":"","APIVERSION":"apiversion","APP_JSON":"application/json","AT":"access_token","AUTH":"Authorization","AUTHENTICATED_USERID":"authenticated_userid","BACKEND":"backend","BASE_URL":"https://cmr-mx-busin (3 more) ...","BEARER":"Bearer","CLIENT_ID":"client_id","CLIENT_SECRET":"client_secret","cm":"0x28facea2","CONT_TYPE":"Content-Type","endpoint":"onboarding/file/down (4 more) ...","GRANT_TYPE":"grant_type","MDW_CS_CHANNEL":"mdw-cs-channel","MDW_CS_COMMERCE":"mdw-cs-commerce","MDW_CS_COUNTRY":"mdw-cs-country","MDW_CS_DATE":"mdw-cs-date","MDW_CS_HOUR":"mdw-cs-hour","method":"POST","microServicio":"MicroServicioImgBlob (7 more) ...","OAUTH":"oauth2/token","PASSWORD":"password","PROVISION_KEY":"provision_key","SCORETOKEN":"token","SECCTION":"secction","TIME_OUT":120000,"URI":".fif.tech/api/busine (3 more) ...","version":"v1"}|0x70ecaa9f
17:48:07.0 (25546247)|STATEMENT_EXECUTE|[115]
17:48:07.0 (25547506)|STATEMENT_EXECUTE|[117]
17:48:07.0 (25549435)|VARIABLE_SCOPE_BEGIN|[117]|url|String|false|false
17:48:07.0 (25554390)|VARIABLE_ASSIGNMENT|[117]|url|""
17:48:07.0 (25556963)|STATEMENT_EXECUTE|[118]
17:48:07.0 (25558932)|HEAP_ALLOCATE|[118]|Bytes:1
17:48:07.0 (25569816)|HEAP_ALLOCATE|[118]|Bytes:5
17:48:07.0 (25572225)|VARIABLE_SCOPE_BEGIN|[118]|Enviroment|String|false|false
17:48:07.0 (25576678)|VARIABLE_ASSIGNMENT|[118]|Enviroment|"-null"
17:48:07.0 (25580333)|STATEMENT_EXECUTE|[124]
17:48:07.0 (25581403)|STATEMENT_EXECUTE|[126]
17:48:07.0 (25583365)|HEAP_ALLOCATE|[126]|Bytes:1
17:48:07.0 (25593801)|HEAP_ALLOCATE|[126]|Bytes:57
17:48:07.0 (25596567)|HEAP_ALLOCATE|[126]|Bytes:81
17:48:07.0 (25600145)|VARIABLE_ASSIGNMENT|[126]|url|"https://cmr-mx-busin (61 more) ..."
17:48:07.0 (25602965)|STATEMENT_EXECUTE|[129]
17:48:07.0 (25606082)|METHOD_EXIT|[92]|01p1N00000EREqf|ClienteMicroServicios.obtenerURLENDPOINT()
17:48:07.0 (25612078)|HEAP_ALLOCATE|[92]|Bytes:94
17:48:07.0 (25614160)|VARIABLE_SCOPE_BEGIN|[92]|url|String|false|false
17:48:07.0 (25619048)|VARIABLE_ASSIGNMENT|[92]|url|"https://cmr-mx-busin (74 more) ..."
17:48:07.0 (25621491)|STATEMENT_EXECUTE|[94]
17:48:07.0 (25626526)|METHOD_ENTRY|[94]|01p1N00000EREqf|ClienteMicroServicios.crearRequest(Map<String,String>)
17:48:07.0 (25636630)|VARIABLE_SCOPE_BEGIN|[132]|this|ClienteMicroServicios|true|false
17:48:07.0 (25767518)|VARIABLE_ASSIGNMENT|[132]|this|{"access_token":"","APIVERSION":"apiversion","APP_JSON":"application/json","AT":"access_token","AUTH":"Authorization","AUTHENTICATED_USERID":"authenticated_userid","BACKEND":"backend","BASE_URL":"https://cmr-mx-busin (3 more) ...","BEARER":"Bearer","CLIENT_ID":"client_id","CLIENT_SECRET":"client_secret","cm":"0x28facea2","CONT_TYPE":"Content-Type","endpoint":"onboarding/file/down (4 more) ...","GRANT_TYPE":"grant_type","MDW_CS_CHANNEL":"mdw-cs-channel","MDW_CS_COMMERCE":"mdw-cs-commerce","MDW_CS_COUNTRY":"mdw-cs-country","MDW_CS_DATE":"mdw-cs-date","MDW_CS_HOUR":"mdw-cs-hour","method":"POST","microServicio":"MicroServicioImgBlob (7 more) ...","OAUTH":"oauth2/token","PASSWORD":"password","PROVISION_KEY":"provision_key","SCORETOKEN":"token","SECCTION":"secction","TIME_OUT":120000,"URI":".fif.tech/api/busine (3 more) ...","version":"v1"}|0x70ecaa9f
17:48:07.0 (25776101)|VARIABLE_SCOPE_BEGIN|[132]|params|Map<String,String>|true|false
17:48:07.0 (25786177)|VARIABLE_ASSIGNMENT|[132]|params|{"grant_type":"password","client_id":"MTI3ZjBjNmE3NTg1ZTVm (12 more) ...","client_secret":"OTM5ZTgxMzIwNzI2ZGNl (12 more) ...","provision_key":"MzYyYmVjYjFkOGI4YzZm (12 more) ...","authenticated_userid":"0"}|0x62df3a81
17:48:07.0 (25792247)|STATEMENT_EXECUTE|[132]
17:48:07.0 (25793410)|STATEMENT_EXECUTE|[134]
17:48:07.0 (25814889)|VARIABLE_SCOPE_BEGIN|[134]|http|System.Http|true|false
17:48:07.0 (25976867)|VARIABLE_ASSIGNMENT|[134]|http|"System.Http[]"|0x30d10c45
17:48:07.0 (25982300)|STATEMENT_EXECUTE|[135]
17:48:07.0 (25990209)|VARIABLE_SCOPE_BEGIN|[135]|req|System.HttpRequest|true|false
17:48:07.0 (26018355)|VARIABLE_ASSIGNMENT|[135]|req|"System.HttpRequest[Endpoint=null, Method=null]"|0x169e6b23
17:48:07.0 (26024170)|STATEMENT_EXECUTE|[136]
17:48:07.0 (26071369)|HEAP_ALLOCATE|[136]|Bytes:24
17:48:07.0 (26091279)|SYSTEM_METHOD_ENTRY|[1]|JSON.JSON()
17:48:07.0 (26095847)|STATEMENT_EXECUTE|[1]
17:48:07.0 (26104113)|SYSTEM_METHOD_EXIT|[1]|JSON
17:48:07.0 (26123117)|METHOD_ENTRY|[136]||System.JSON.serialize(Object)
17:48:07.0 (26583465)|METHOD_EXIT|[136]||System.JSON.serialize(Object)
17:48:07.0 (26650977)|STATEMENT_EXECUTE|[138]
17:48:07.0 (26661190)|METHOD_ENTRY|[138]|01p1N00000EREqf|ClienteMicroServicios.crearRequest_v1_v2(System.HttpRequest)
17:48:07.0 (26672237)|VARIABLE_SCOPE_BEGIN|[181]|this|ClienteMicroServicios|true|false
17:48:07.0 (26717167)|VARIABLE_ASSIGNMENT|[181]|this|{"access_token":"","APIVERSION":"apiversion","APP_JSON":"application/json","AT":"access_token","AUTH":"Authorization","AUTHENTICATED_USERID":"authenticated_userid","BACKEND":"backend","BASE_URL":"https://cmr-mx-busin (3 more) ...","BEARER":"Bearer","CLIENT_ID":"client_id","CLIENT_SECRET":"client_secret","cm":"0x28facea2","CONT_TYPE":"Content-Type","endpoint":"onboarding/file/down (4 more) ...","GRANT_TYPE":"grant_type","MDW_CS_CHANNEL":"mdw-cs-channel","MDW_CS_COMMERCE":"mdw-cs-commerce","MDW_CS_COUNTRY":"mdw-cs-country","MDW_CS_DATE":"mdw-cs-date","MDW_CS_HOUR":"mdw-cs-hour","method":"POST","microServicio":"MicroServicioImgBlob (7 more) ...","OAUTH":"oauth2/token","PASSWORD":"password","PROVISION_KEY":"provision_key","SCORETOKEN":"token","SECCTION":"secction","TIME_OUT":120000,"URI":".fif.tech/api/busine (3 more) ...","version":"v1"}|0x70ecaa9f
17:48:07.0 (26724762)|VARIABLE_SCOPE_BEGIN|[181]|req|System.HttpRequest|true|false
17:48:07.0 (26776774)|VARIABLE_ASSIGNMENT|[181]|req|"System.HttpRequest[Endpoint=null, Method=null]"|0x169e6b23
17:48:07.0 (26782657)|STATEMENT_EXECUTE|[181]
17:48:07.0 (26784001)|STATEMENT_EXECUTE|[183]
17:48:07.0 (26789352)|METHOD_ENTRY|[183]|01p1N00000EREqf|ClienteMicroServicios.obtenerURLENDPOINT()
17:48:07.0 (26795932)|VARIABLE_SCOPE_BEGIN|[115]|this|ClienteMicroServicios|true|false
17:48:07.0 (26818322)|VARIABLE_ASSIGNMENT|[115]|this|{"access_token":"","APIVERSION":"apiversion","APP_JSON":"application/json","AT":"access_token","AUTH":"Authorization","AUTHENTICATED_USERID":"authenticated_userid","BACKEND":"backend","BASE_URL":"https://cmr-mx-busin (3 more) ...","BEARER":"Bearer","CLIENT_ID":"client_id","CLIENT_SECRET":"client_secret","cm":"0x28facea2","CONT_TYPE":"Content-Type","endpoint":"onboarding/file/down (4 more) ...","GRANT_TYPE":"grant_type","MDW_CS_CHANNEL":"mdw-cs-channel","MDW_CS_COMMERCE":"mdw-cs-commerce","MDW_CS_COUNTRY":"mdw-cs-country","MDW_CS_DATE":"mdw-cs-date","MDW_CS_HOUR":"mdw-cs-hour","method":"POST","microServicio":"MicroServicioImgBlob (7 more) ...","OAUTH":"oauth2/token","PASSWORD":"password","PROVISION_KEY":"provision_key","SCORETOKEN":"token","SECCTION":"secction","TIME_OUT":120000,"URI":".fif.tech/api/busine (3 more) ...","version":"v1"}|0x70ecaa9f
17:48:07.0 (26826012)|STATEMENT_EXECUTE|[115]
17:48:07.0 (26827127)|STATEMENT_EXECUTE|[117]
17:48:07.0 (26829496)|VARIABLE_SCOPE_BEGIN|[117]|url|String|false|false
17:48:07.0 (26834999)|VARIABLE_ASSIGNMENT|[117]|url|""
17:48:07.0 (26837604)|STATEMENT_EXECUTE|[118]
17:48:07.0 (26849374)|HEAP_ALLOCATE|[118]|Bytes:5
17:48:07.0 (26852914)|VARIABLE_SCOPE_BEGIN|[118]|Enviroment|String|false|false
17:48:07.0 (26857317)|VARIABLE_ASSIGNMENT|[118]|Enviroment|"-null"
17:48:07.0 (26861007)|STATEMENT_EXECUTE|[124]
17:48:07.0 (26862210)|STATEMENT_EXECUTE|[126]
17:48:07.0 (26867276)|HEAP_ALLOCATE|[126]|Bytes:57
17:48:07.0 (26869964)|HEAP_ALLOCATE|[126]|Bytes:81
17:48:07.0 (26873466)|VARIABLE_ASSIGNMENT|[126]|url|"https://cmr-mx-busin (61 more) ..."
17:48:07.0 (26875966)|STATEMENT_EXECUTE|[129]
17:48:07.0 (26878171)|METHOD_EXIT|[183]|01p1N00000EREqf|ClienteMicroServicios.obtenerURLENDPOINT()
17:48:07.0 (26880801)|VARIABLE_SCOPE_BEGIN|[183]|url|String|false|false
17:48:07.0 (26885461)|VARIABLE_ASSIGNMENT|[183]|url|"https://cmr-mx-busin (61 more) ..."
17:48:07.0 (26887917)|STATEMENT_EXECUTE|[185]
17:48:07.0 (26921758)|VARIABLE_SCOPE_BEGIN|[185]|strChannel|String|false|false
17:48:07.0 (26926373)|VARIABLE_ASSIGNMENT|[185]|strChannel|"Web"
17:48:07.0 (26928754)|STATEMENT_EXECUTE|[186]
17:48:07.0 (26933886)|VARIABLE_SCOPE_BEGIN|[186]|strCommerce|String|false|false
17:48:07.0 (26938703)|VARIABLE_ASSIGNMENT|[186]|strCommerce|"CMR"
17:48:07.0 (26940916)|STATEMENT_EXECUTE|[187]
17:48:07.0 (26945170)|VARIABLE_SCOPE_BEGIN|[187]|strCountry|String|false|false
17:48:07.0 (26949659)|VARIABLE_ASSIGNMENT|[187]|strCountry|"MX"
17:48:07.0 (26951867)|STATEMENT_EXECUTE|[189]
17:48:07.0 (26985288)|STATEMENT_EXECUTE|[190]
17:48:07.0 (26994566)|STATEMENT_EXECUTE|[191]
17:48:07.0 (27006910)|STATEMENT_EXECUTE|[192]
17:48:07.0 (27102038)|STATEMENT_EXECUTE|[193]
17:48:07.0 (27111519)|STATEMENT_EXECUTE|[194]
17:48:07.0 (27118250)|STATEMENT_EXECUTE|[195]
17:48:07.0 (27162711)|STATEMENT_EXECUTE|[197]
17:48:07.0 (27163945)|STATEMENT_EXECUTE|[202]
17:48:07.0 (27169896)|METHOD_ENTRY|[202]|01p1N00000EREqf|ClienteMicroServicios.imprimirRequest(System.HttpRequest)
17:48:07.0 (27179203)|VARIABLE_SCOPE_BEGIN|[215]|this|ClienteMicroServicios|true|false
17:48:07.0 (27206068)|VARIABLE_ASSIGNMENT|[215]|this|{"access_token":"","APIVERSION":"apiversion","APP_JSON":"application/json","AT":"access_token","AUTH":"Authorization","AUTHENTICATED_USERID":"authenticated_userid","BACKEND":"backend","BASE_URL":"https://cmr-mx-busin (3 more) ...","BEARER":"Bearer","CLIENT_ID":"client_id","CLIENT_SECRET":"client_secret","cm":"0x28facea2","CONT_TYPE":"Content-Type","endpoint":"onboarding/file/down (4 more) ...","GRANT_TYPE":"grant_type","MDW_CS_CHANNEL":"mdw-cs-channel","MDW_CS_COMMERCE":"mdw-cs-commerce","MDW_CS_COUNTRY":"mdw-cs-country","MDW_CS_DATE":"mdw-cs-date","MDW_CS_HOUR":"mdw-cs-hour","method":"POST","microServicio":"MicroServicioImgBlob (7 more) ...","OAUTH":"oauth2/token","PASSWORD":"password","PROVISION_KEY":"provision_key","SCORETOKEN":"token","SECCTION":"secction","TIME_OUT":120000,"URI":".fif.tech/api/busine (3 more) ...","version":"v1"}|0x70ecaa9f
17:48:07.0 (27213407)|VARIABLE_SCOPE_BEGIN|[215]|req|System.HttpRequest|true|false
17:48:07.0 (27253378)|VARIABLE_ASSIGNMENT|[215]|req|"System.HttpRequest[Endpoint=https://cmr-mx-business.fif.tech/api/business/v1/backend/onboarding/file/download, Method=POST]"|0x169e6b23
17:48:07.0 (27258622)|STATEMENT_EXECUTE|[215]
17:48:07.0 (27259765)|STATEMENT_EXECUTE|[217]
17:48:07.0 (27261940)|HEAP_ALLOCATE|[217]|Bytes:5
17:48:07.0 (27282381)|HEAP_ALLOCATE|[217]|Bytes:123
17:48:07.0 (27288210)|HEAP_ALLOCATE|[217]|Bytes:128
17:48:07.0 (27306667)|USER_DEBUG|[217]|DEBUG|REQ: System.HttpRequest[Endpoint=https://cmr-mx-business.fif.tech/api/business/v1/backend/onboarding/file/download, Method=POST]
17:48:07.0 (27313255)|STATEMENT_EXECUTE|[218]
17:48:07.0 (27314307)|HEAP_ALLOCATE|[218]|Bytes:30
17:48:07.0 (27325782)|HEAP_ALLOCATE|[218]|Bytes:16
17:48:07.0 (27329575)|HEAP_ALLOCATE|[218]|Bytes:46
17:48:07.0 (27334109)|USER_DEBUG|[218]|DEBUG|req.getHeader(Content-Type):  application/json
17:48:07.0 (27337924)|STATEMENT_EXECUTE|[219]
17:48:07.0 (27338951)|HEAP_ALLOCATE|[219]|Bytes:32
17:48:07.0 (27344875)|HEAP_ALLOCATE|[219]|Bytes:3
17:48:07.0 (27347937)|HEAP_ALLOCATE|[219]|Bytes:35
17:48:07.0 (27352065)|USER_DEBUG|[219]|DEBUG|req.getHeader(mdw-cs-channel):  Web
17:48:07.0 (27355674)|STATEMENT_EXECUTE|[220]
17:48:07.0 (27356764)|HEAP_ALLOCATE|[220]|Bytes:33
17:48:07.0 (27362796)|HEAP_ALLOCATE|[220]|Bytes:3
17:48:07.0 (27365915)|HEAP_ALLOCATE|[220]|Bytes:36
17:48:07.0 (27369685)|USER_DEBUG|[220]|DEBUG|req.getHeader(mdw-cs-commerce):  CMR
17:48:07.0 (27373481)|STATEMENT_EXECUTE|[221]
17:48:07.0 (27374599)|HEAP_ALLOCATE|[221]|Bytes:32
17:48:07.0 (27380249)|HEAP_ALLOCATE|[221]|Bytes:2
17:48:07.0 (27383350)|HEAP_ALLOCATE|[221]|Bytes:34
17:48:07.0 (27387188)|USER_DEBUG|[221]|DEBUG|req.getHeader(mdw-cs-country):  MX
17:48:07.0 (27390778)|STATEMENT_EXECUTE|[222]
17:48:07.0 (27391848)|HEAP_ALLOCATE|[222]|Bytes:16
17:48:07.0 (27411602)|HEAP_ALLOCATE|[222]|Bytes:201
17:48:07.0 (27414911)|HEAP_ALLOCATE|[222]|Bytes:217
17:48:07.0 (27418588)|USER_DEBUG|[222]|DEBUG|req.getBody():  {"authenticated_userid":"0","provision_key":"MzYyYmVjYjFkOGI4YzZmNWJkMTE4ZmE5","client_secret":"OTM5ZTgxMzIwNzI2ZGNlYmFhNzU0ZmY2","client_id":"MTI3ZjBjNmE3NTg1ZTVmOTY2NzYwYzQy","grant_type":"password"}
17:48:07.0 (27424248)|METHOD_EXIT|[202]|01p1N00000EREqf|ClienteMicroServicios.imprimirRequest(System.HttpRequest)
17:48:07.0 (27427067)|STATEMENT_EXECUTE|[204]
17:48:07.0 (27429017)|METHOD_EXIT|[138]|01p1N00000EREqf|ClienteMicroServicios.crearRequest_v1_v2(System.HttpRequest)
17:48:07.0 (27432639)|METHOD_EXIT|[94]|01p1N00000EREqf|ClienteMicroServicios.crearRequest(Map<String,String>)
17:48:07.0 (27435182)|VARIABLE_SCOPE_BEGIN|[94]|req|System.HttpRequest|true|false
17:48:07.0 (27460775)|VARIABLE_ASSIGNMENT|[94]|req|"System.HttpRequest[Endpoint=https://cmr-mx-business.fif.tech/api/business/v1/backend/onboarding/file/download, Method=POST]"|0x169e6b23
17:48:07.0 (27464783)|STATEMENT_EXECUTE|[95]
17:48:07.0 (27469350)|VARIABLE_SCOPE_BEGIN|[95]|res|System.HttpResponse|true|false
17:48:07.0 (27474660)|VARIABLE_ASSIGNMENT|[95]|res|null|
17:48:07.0 (27477007)|STATEMENT_EXECUTE|[97]
17:48:07.0 (27520085)|HEAP_ALLOCATE|[98]|Bytes:118
17:48:07.0 (27535294)|SYSTEM_METHOD_ENTRY|[1]|Test.Test()
17:48:07.0 (27539275)|STATEMENT_EXECUTE|[1]
17:48:07.0 (27544795)|SYSTEM_METHOD_EXIT|[1]|Test
17:48:07.0 (27557670)|METHOD_ENTRY|[98]||System.Test.isRunningTest()
17:48:07.0 (27575749)|METHOD_EXIT|[98]||System.Test.isRunningTest()
17:48:07.0 (27581666)|STATEMENT_EXECUTE|[98]
17:48:07.0 (27582926)|STATEMENT_EXECUTE|[99]
17:48:07.0 (27588324)|METHOD_ENTRY|[99]|01p1N00000EREqf|ClienteMicroServicios.enviarRequest(System.HttpRequest)
17:48:07.0 (27593539)|VARIABLE_SCOPE_BEGIN|[225]|this|ClienteMicroServicios|true|false
17:48:07.0 (27618764)|VARIABLE_ASSIGNMENT|[225]|this|{"access_token":"","APIVERSION":"apiversion","APP_JSON":"application/json","AT":"access_token","AUTH":"Authorization","AUTHENTICATED_USERID":"authenticated_userid","BACKEND":"backend","BASE_URL":"https://cmr-mx-busin (3 more) ...","BEARER":"Bearer","CLIENT_ID":"client_id","CLIENT_SECRET":"client_secret","cm":"0x28facea2","CONT_TYPE":"Content-Type","endpoint":"onboarding/file/down (4 more) ...","GRANT_TYPE":"grant_type","MDW_CS_CHANNEL":"mdw-cs-channel","MDW_CS_COMMERCE":"mdw-cs-commerce","MDW_CS_COUNTRY":"mdw-cs-country","MDW_CS_DATE":"mdw-cs-date","MDW_CS_HOUR":"mdw-cs-hour","method":"POST","microServicio":"MicroServicioImgBlob (7 more) ...","OAUTH":"oauth2/token","PASSWORD":"password","PROVISION_KEY":"provision_key","SCORETOKEN":"token","SECCTION":"secction","TIME_OUT":120000,"URI":".fif.tech/api/busine (3 more) ...","version":"v1"}|0x70ecaa9f
17:48:07.0 (27625610)|VARIABLE_SCOPE_BEGIN|[225]|req|System.HttpRequest|true|false
17:48:07.0 (27649446)|VARIABLE_ASSIGNMENT|[225]|req|"System.HttpRequest[Endpoint=https://cmr-mx-business.fif.tech/api/business/v1/backend/onboarding/file/download/oauth2/token, Method=POST]"|0x169e6b23
17:48:07.0 (27654641)|STATEMENT_EXECUTE|[225]
17:48:07.0 (27655871)|STATEMENT_EXECUTE|[227]
17:48:07.0 (27665416)|VARIABLE_SCOPE_BEGIN|[227]|http|System.Http|true|false
17:48:07.0 (27694526)|VARIABLE_ASSIGNMENT|[227]|http|"System.Http[]"|0x4bf4853c
17:48:07.0 (27700601)|STATEMENT_EXECUTE|[228]
17:48:07.0 (27769899)|CALLOUT_REQUEST|[228]|System.HttpRequest[Endpoint=https://cmr-mx-business.fif.tech/api/business/v1/backend/onboarding/file/download/oauth2/token, Method=POST]
17:48:07.0 (130276297)|HEAP_ALLOCATE|[EXTERNAL]|Bytes:990
17:48:07.0 (131762419)|CALLOUT_RESPONSE|[228]|System.HttpResponse[Status=OK, StatusCode=200]
17:48:07.0 (131821457)|HEAP_ALLOCATE|[228]|Bytes:146
17:48:07.0 (131865581)|METHOD_EXIT|[99]|01p1N00000EREqf|ClienteMicroServicios.enviarRequest(System.HttpRequest)
17:48:07.0 (131967286)|VARIABLE_ASSIGNMENT|[99]|res|"System.HttpResponse[Status=OK, StatusCode=200]"|0x1d07ea70
17:48:07.0 (132003868)|STATEMENT_EXECUTE|[108]
17:48:07.0 (132086145)|HEAP_ALLOCATE|[108]|Bytes:140
17:48:07.0 (132254717)|HEAP_ALLOCATE|[108]|Bytes:5
17:48:07.0 (132260641)|HEAP_ALLOCATE|[108]|Bytes:2
17:48:07.0 (132299509)|METHOD_ENTRY|[5]|01p1N00000DyZdR|oAuthJSON.oAuthJSON()
17:48:07.0 (132311521)|STATEMENT_EXECUTE|[5]
17:48:07.0 (132348257)|STATEMENT_EXECUTE|[5]
17:48:07.0 (132368476)|STATEMENT_EXECUTE|[7]
17:48:07.0 (132375432)|METHOD_EXIT|[5]|oAuthJSON
17:48:07.0 (132415495)|METHOD_ENTRY|[108]|01p1N00000DyZdR|oAuthJSON.parse(String)
17:48:07.0 (132424762)|VARIABLE_SCOPE_BEGIN|[15]|json|String|false|false
17:48:07.0 (132438867)|VARIABLE_ASSIGNMENT|[15]|json|"{\"access_token\":\"zJX (120 more) ..."
17:48:07.0 (132444682)|STATEMENT_EXECUTE|[15]
17:48:07.0 (132445829)|STATEMENT_EXECUTE|[16]
17:48:07.0 (132449537)|HEAP_ALLOCATE|[16]|Bytes:15
17:48:07.0 (132577783)|HEAP_ALLOCATE|[16]|Bytes:33
17:48:07.0 (132587597)|SYSTEM_METHOD_ENTRY|[1]|Type.Type()
17:48:07.0 (132590596)|STATEMENT_EXECUTE|[1]
17:48:07.0 (132596476)|SYSTEM_METHOD_EXIT|[1]|Type
17:48:07.0 (132602700)|HEAP_ALLOCATE|[16]|Bytes:8
17:48:07.0 (132616976)|HEAP_ALLOCATE|[16]|Bytes:8
17:48:07.0 (132621536)|VARIABLE_SCOPE_BEGIN|[4]|this|System.Type|true|false
17:48:07.0 (132650073)|VARIABLE_ASSIGNMENT|[4]|this|{}|0x67b9bfe3
17:48:07.0 (132653493)|VARIABLE_SCOPE_BEGIN|[4]|apextype|java:common.apex.runtime.ApexObjectType|true|false
17:48:07.0 (132722858)|VARIABLE_ASSIGNMENT|[4]|apextype|"oAuthJSON.oAuth"|0x352fe74e
17:48:07.0 (132756577)|HEAP_ALLOCATE|[16]|Bytes:8
17:48:07.0 (132768831)|METHOD_ENTRY|[16]||System.JSON.deserialize(String, System.Type)
17:48:07.0 (133050390)|METHOD_EXIT|[16]||System.JSON.deserialize(String, System.Type)
17:48:07.0 (133061595)|METHOD_EXIT|[108]|01p1N00000DyZdR|oAuthJSON.parse(String)
17:48:07.0 (133067105)|VARIABLE_SCOPE_BEGIN|[108]|result|oAuthJSON.oAuth|true|false
17:48:07.0 (133105665)|VARIABLE_ASSIGNMENT|[108]|result|{"access_token":"zJX7Y4eEEdjqn8PaNCd6 (12 more) ...","expires_in":60,"refresh_token":"xB6MkHer6ybBGYpaNF6H (12 more) ...","token_type":"bearer"}|0x17d9dff1
17:48:07.0 (133114288)|STATEMENT_EXECUTE|[110]
17:48:07.0 (133117745)|HEAP_ALLOCATE|[110]|Bytes:10
17:48:07.0 (133160285)|HEAP_ALLOCATE|[110]|Bytes:140
17:48:07.0 (133173346)|HEAP_ALLOCATE|[110]|Bytes:150
17:48:07.0 (133196941)|USER_DEBUG|[110]|DEBUG|res token {"access_token":"zJX7Y4eEEdjqn8PaNCd67Ve0bnPyPaqA","expires_in":60,"refresh_token":"xB6MkHer6ybBGYpaNF6HeuIrXWpdjvWY","token_type":"bearer"}
17:48:07.0 (133205687)|STATEMENT_EXECUTE|[112]
17:48:07.0 (133217144)|VARIABLE_ASSIGNMENT|[112]|this.access_token|"zJX7Y4eEEdjqn8PaNCd6 (12 more) ..."|0x70ecaa9f
17:48:07.0 (133225165)|METHOD_EXIT|[32]|01p1N00000EREqf|ClienteMicroServicios.generarToken()
17:48:07.0 (133230305)|METHOD_EXIT|[125]|01p3l000005qhVh|MicroServicioModalImagenesBO.MicroServicioBlobStorage()
17:48:07.0 (133235226)|STATEMENT_EXECUTE|[126]
17:48:07.0 (135405427)|VARIABLE_SCOPE_BEGIN|[126]|blobStorage|BlobStorageJSON|true|false
17:48:07.0 (135424703)|VARIABLE_ASSIGNMENT|[126]|blobStorage|null|
17:48:07.0 (135431138)|STATEMENT_EXECUTE|[128]
17:48:07.0 (135432363)|STATEMENT_EXECUTE|[128]
17:48:07.0 (135433266)|STATEMENT_EXECUTE|[130]
17:48:07.0 (135454504)|METHOD_ENTRY|[130]|01p3l000005qhVh|MicroServicioModalImagenesBO.descargarImagenMS(Map<String,Map<String,String>>)
17:48:07.0 (135476854)|VARIABLE_SCOPE_BEGIN|[53]|this|MicroServicioModalImagenesBO|true|false
17:48:07.0 (135505627)|VARIABLE_ASSIGNMENT|[53]|this|{"cliente":"0x70ecaa9f"}|0x60a43731
17:48:07.0 (135510166)|VARIABLE_SCOPE_BEGIN|[53]|params|Map<String,Map<String,String>>|true|false
17:48:07.0 (135526567)|VARIABLE_ASSIGNMENT|[53]|params|{"blob":{"base64TextId":"309495430-Comprobant (11 more) ..."}}|0x43a3f522
17:48:07.0 (135532667)|STATEMENT_EXECUTE|[53]
17:48:07.0 (135533912)|STATEMENT_EXECUTE|[55]
17:48:07.0 (135758404)|HEAP_ALLOCATE|[55]|Bytes:1280
17:48:07.0 (135823933)|HEAP_ALLOCATE|[55]|Bytes:1280
17:48:07.0 (135830009)|HEAP_ALLOCATE|[55]|Bytes:1
17:48:07.0 (135849824)|HEAP_ALLOCATE|[55]|Bytes:28
17:48:07.0 (135854359)|VARIABLE_SCOPE_BEGIN|[55]|currentClassName|String|false|false
17:48:07.0 (135862456)|VARIABLE_ASSIGNMENT|[55]|currentClassName|"MicroServicioModalIm (8 more) ..."
17:48:07.0 (135865864)|STATEMENT_EXECUTE|[56]
17:48:07.0 (135868722)|VARIABLE_SCOPE_BEGIN|[56]|res|System.HttpResponse|true|false
17:48:07.0 (135874520)|VARIABLE_ASSIGNMENT|[56]|res|null|
17:48:07.0 (135876789)|STATEMENT_EXECUTE|[57]
17:48:07.0 (135888622)|METHOD_ENTRY|[57]|01p1N00000EREqf|ClienteMicroServicios.crearRequest_v2(Map<String,Map<String,String>>)
17:48:07.0 (135897861)|VARIABLE_SCOPE_BEGIN|[141]|this|ClienteMicroServicios|true|false
17:48:07.0 (135935148)|VARIABLE_ASSIGNMENT|[141]|this|{"access_token":"zJX7Y4eEEdjqn8PaNCd6 (12 more) ...","APIVERSION":"apiversion","APP_JSON":"application/json","AT":"access_token","AUTH":"Authorization","AUTHENTICATED_USERID":"authenticated_userid","BACKEND":"backend","BASE_URL":"https://cmr-mx-busin (3 more) ...","BEARER":"Bearer","CLIENT_ID":"client_id","CLIENT_SECRET":"client_secret","cm":"0x28facea2","CONT_TYPE":"Content-Type","endpoint":"onboarding/file/down (4 more) ...","GRANT_TYPE":"grant_type","MDW_CS_CHANNEL":"mdw-cs-channel","MDW_CS_COMMERCE":"mdw-cs-commerce","MDW_CS_COUNTRY":"mdw-cs-country","MDW_CS_DATE":"mdw-cs-date","MDW_CS_HOUR":"mdw-cs-hour","method":"POST","microServicio":"MicroServicioImgBlob (7 more) ...","OAUTH":"oauth2/token","PASSWORD":"password","PROVISION_KEY":"provision_key","SCORETOKEN":"token","SECCTION":"secction","TIME_OUT":120000,"URI":".fif.tech/api/busine (3 more) ...","version":"v1"}|0x70ecaa9f
17:48:07.0 (135942876)|VARIABLE_SCOPE_BEGIN|[141]|params|Map<String,Map<String,String>>|true|false
17:48:07.0 (135950668)|VARIABLE_ASSIGNMENT|[141]|params|{"blob":{"base64TextId":"309495430-Comprobant (11 more) ..."}}|0x43a3f522
17:48:07.0 (135955237)|STATEMENT_EXECUTE|[141]
17:48:07.0 (135956468)|STATEMENT_EXECUTE|[143]
17:48:07.0 (135973269)|VARIABLE_SCOPE_BEGIN|[143]|http|System.Http|true|false
17:48:07.0 (136051233)|VARIABLE_ASSIGNMENT|[143]|http|"System.Http[]"|0x1e127820
17:48:07.0 (136056301)|STATEMENT_EXECUTE|[144]
17:48:07.0 (136062969)|VARIABLE_SCOPE_BEGIN|[144]|req|System.HttpRequest|true|false
17:48:07.0 (136097250)|VARIABLE_ASSIGNMENT|[144]|req|"System.HttpRequest[Endpoint=null, Method=null]"|0x4a25b776
17:48:07.0 (136101309)|STATEMENT_EXECUTE|[145]
17:48:07.0 (136107951)|METHOD_ENTRY|[145]||System.JSON.serialize(Object)
17:48:07.0 (136469637)|METHOD_EXIT|[145]||System.JSON.serialize(Object)
17:48:07.0 (136519772)|STATEMENT_EXECUTE|[147]
17:48:07.0 (136527900)|METHOD_ENTRY|[147]|01p1N00000EREqf|ClienteMicroServicios.crearRequest_v1_v2(System.HttpRequest)
17:48:07.0 (136537079)|VARIABLE_SCOPE_BEGIN|[181]|this|ClienteMicroServicios|true|false
17:48:07.0 (136582322)|VARIABLE_ASSIGNMENT|[181]|this|{"access_token":"zJX7Y4eEEdjqn8PaNCd6 (12 more) ...","APIVERSION":"apiversion","APP_JSON":"application/json","AT":"access_token","AUTH":"Authorization","AUTHENTICATED_USERID":"authenticated_userid","BACKEND":"backend","BASE_URL":"https://cmr-mx-busin (3 more) ...","BEARER":"Bearer","CLIENT_ID":"client_id","CLIENT_SECRET":"client_secret","cm":"0x28facea2","CONT_TYPE":"Content-Type","endpoint":"onboarding/file/down (4 more) ...","GRANT_TYPE":"grant_type","MDW_CS_CHANNEL":"mdw-cs-channel","MDW_CS_COMMERCE":"mdw-cs-commerce","MDW_CS_COUNTRY":"mdw-cs-country","MDW_CS_DATE":"mdw-cs-date","MDW_CS_HOUR":"mdw-cs-hour","method":"POST","microServicio":"MicroServicioImgBlob (7 more) ...","OAUTH":"oauth2/token","PASSWORD":"password","PROVISION_KEY":"provision_key","SCORETOKEN":"token","SECCTION":"secction","TIME_OUT":120000,"URI":".fif.tech/api/busine (3 more) ...","version":"v1"}|0x70ecaa9f
17:48:07.0 (136590129)|VARIABLE_SCOPE_BEGIN|[181]|req|System.HttpRequest|true|false
17:48:07.0 (136636331)|VARIABLE_ASSIGNMENT|[181]|req|"System.HttpRequest[Endpoint=null, Method=null]"|0x4a25b776
17:48:07.0 (136641870)|STATEMENT_EXECUTE|[181]
17:48:07.0 (136643073)|STATEMENT_EXECUTE|[183]
17:48:07.0 (136646857)|METHOD_ENTRY|[183]|01p1N00000EREqf|ClienteMicroServicios.obtenerURLENDPOINT()
17:48:07.0 (136650512)|VARIABLE_SCOPE_BEGIN|[115]|this|ClienteMicroServicios|true|false
17:48:07.0 (136673737)|VARIABLE_ASSIGNMENT|[115]|this|{"access_token":"zJX7Y4eEEdjqn8PaNCd6 (12 more) ...","APIVERSION":"apiversion","APP_JSON":"application/json","AT":"access_token","AUTH":"Authorization","AUTHENTICATED_USERID":"authenticated_userid","BACKEND":"backend","BASE_URL":"https://cmr-mx-busin (3 more) ...","BEARER":"Bearer","CLIENT_ID":"client_id","CLIENT_SECRET":"client_secret","cm":"0x28facea2","CONT_TYPE":"Content-Type","endpoint":"onboarding/file/down (4 more) ...","GRANT_TYPE":"grant_type","MDW_CS_CHANNEL":"mdw-cs-channel","MDW_CS_COMMERCE":"mdw-cs-commerce","MDW_CS_COUNTRY":"mdw-cs-country","MDW_CS_DATE":"mdw-cs-date","MDW_CS_HOUR":"mdw-cs-hour","method":"POST","microServicio":"MicroServicioImgBlob (7 more) ...","OAUTH":"oauth2/token","PASSWORD":"password","PROVISION_KEY":"provision_key","SCORETOKEN":"token","SECCTION":"secction","TIME_OUT":120000,"URI":".fif.tech/api/busine (3 more) ...","version":"v1"}|0x70ecaa9f
17:48:07.0 (136681964)|STATEMENT_EXECUTE|[115]
17:48:07.0 (136682948)|STATEMENT_EXECUTE|[117]
17:48:07.0 (136685449)|VARIABLE_SCOPE_BEGIN|[117]|url|String|false|false
17:48:07.0 (136691161)|VARIABLE_ASSIGNMENT|[117]|url|""
17:48:07.0 (136693444)|STATEMENT_EXECUTE|[118]
17:48:07.0 (136705196)|HEAP_ALLOCATE|[118]|Bytes:5
17:48:07.0 (136708471)|VARIABLE_SCOPE_BEGIN|[118]|Enviroment|String|false|false
17:48:07.0 (136712936)|VARIABLE_ASSIGNMENT|[118]|Enviroment|"-null"
17:48:07.0 (136716489)|STATEMENT_EXECUTE|[124]
17:48:07.0 (136717426)|STATEMENT_EXECUTE|[126]
17:48:07.0 (136722944)|HEAP_ALLOCATE|[126]|Bytes:57
17:48:07.0 (136725567)|HEAP_ALLOCATE|[126]|Bytes:81
17:48:07.0 (136729000)|VARIABLE_ASSIGNMENT|[126]|url|"https://cmr-mx-busin (61 more) ..."
17:48:07.0 (136731335)|STATEMENT_EXECUTE|[129]
17:48:07.0 (136733360)|METHOD_EXIT|[183]|01p1N00000EREqf|ClienteMicroServicios.obtenerURLENDPOINT()
17:48:07.0 (136736235)|VARIABLE_SCOPE_BEGIN|[183]|url|String|false|false
17:48:07.0 (136740592)|VARIABLE_ASSIGNMENT|[183]|url|"https://cmr-mx-busin (61 more) ..."
17:48:07.0 (136742786)|STATEMENT_EXECUTE|[185]
17:48:07.0 (136749070)|VARIABLE_SCOPE_BEGIN|[185]|strChannel|String|false|false
17:48:07.0 (136753182)|VARIABLE_ASSIGNMENT|[185]|strChannel|"Web"
17:48:07.0 (136755494)|STATEMENT_EXECUTE|[186]
17:48:07.0 (136757965)|VARIABLE_SCOPE_BEGIN|[186]|strCommerce|String|false|false
17:48:07.0 (136762363)|VARIABLE_ASSIGNMENT|[186]|strCommerce|"CMR"
17:48:07.0 (136764604)|STATEMENT_EXECUTE|[187]
17:48:07.0 (136767437)|VARIABLE_SCOPE_BEGIN|[187]|strCountry|String|false|false
17:48:07.0 (136771850)|VARIABLE_ASSIGNMENT|[187]|strCountry|"MX"
17:48:07.0 (136774020)|STATEMENT_EXECUTE|[189]
17:48:07.0 (136782239)|STATEMENT_EXECUTE|[190]
17:48:07.0 (136788187)|STATEMENT_EXECUTE|[191]
17:48:07.0 (136793839)|STATEMENT_EXECUTE|[192]
17:48:07.0 (136803400)|STATEMENT_EXECUTE|[193]
17:48:07.0 (136807581)|STATEMENT_EXECUTE|[194]
17:48:07.0 (136811828)|STATEMENT_EXECUTE|[195]
17:48:07.0 (136827477)|STATEMENT_EXECUTE|[197]
17:48:07.0 (136828405)|STATEMENT_EXECUTE|[199]
17:48:07.0 (136830810)|HEAP_ALLOCATE|[199]|Bytes:1
17:48:07.0 (136836594)|HEAP_ALLOCATE|[199]|Bytes:39
17:48:07.0 (136854586)|STATEMENT_EXECUTE|[202]
17:48:07.0 (136857721)|METHOD_ENTRY|[202]|01p1N00000EREqf|ClienteMicroServicios.imprimirRequest(System.HttpRequest)
17:48:07.0 (136861228)|VARIABLE_SCOPE_BEGIN|[215]|this|ClienteMicroServicios|true|false
17:48:07.0 (136883377)|VARIABLE_ASSIGNMENT|[215]|this|{"access_token":"zJX7Y4eEEdjqn8PaNCd6 (12 more) ...","APIVERSION":"apiversion","APP_JSON":"application/json","AT":"access_token","AUTH":"Authorization","AUTHENTICATED_USERID":"authenticated_userid","BACKEND":"backend","BASE_URL":"https://cmr-mx-busin (3 more) ...","BEARER":"Bearer","CLIENT_ID":"client_id","CLIENT_SECRET":"client_secret","cm":"0x28facea2","CONT_TYPE":"Content-Type","endpoint":"onboarding/file/down (4 more) ...","GRANT_TYPE":"grant_type","MDW_CS_CHANNEL":"mdw-cs-channel","MDW_CS_COMMERCE":"mdw-cs-commerce","MDW_CS_COUNTRY":"mdw-cs-country","MDW_CS_DATE":"mdw-cs-date","MDW_CS_HOUR":"mdw-cs-hour","method":"POST","microServicio":"MicroServicioImgBlob (7 more) ...","OAUTH":"oauth2/token","PASSWORD":"password","PROVISION_KEY":"provision_key","SCORETOKEN":"token","SECCTION":"secction","TIME_OUT":120000,"URI":".fif.tech/api/busine (3 more) ...","version":"v1"}|0x70ecaa9f
17:48:07.0 (136891183)|VARIABLE_SCOPE_BEGIN|[215]|req|System.HttpRequest|true|false
17:48:07.0 (136918383)|VARIABLE_ASSIGNMENT|[215]|req|"System.HttpRequest[Endpoint=https://cmr-mx-business.fif.tech/api/business/v1/backend/onboarding/file/download, Method=POST]"|0x4a25b776
17:48:07.0 (136922959)|STATEMENT_EXECUTE|[215]
17:48:07.0 (136923883)|STATEMENT_EXECUTE|[217]
17:48:07.0 (136932874)|HEAP_ALLOCATE|[217]|Bytes:123
17:48:07.0 (136974835)|HEAP_ALLOCATE|[217]|Bytes:128
17:48:07.0 (136992604)|USER_DEBUG|[217]|DEBUG|REQ: System.HttpRequest[Endpoint=https://cmr-mx-business.fif.tech/api/business/v1/backend/onboarding/file/download, Method=POST]
17:48:07.0 (136998673)|STATEMENT_EXECUTE|[218]
17:48:07.0 (137005346)|HEAP_ALLOCATE|[218]|Bytes:16
17:48:07.0 (137009804)|HEAP_ALLOCATE|[218]|Bytes:46
17:48:07.0 (137013830)|USER_DEBUG|[218]|DEBUG|req.getHeader(Content-Type):  application/json
17:48:07.0 (137017265)|STATEMENT_EXECUTE|[219]
17:48:07.0 (137020580)|HEAP_ALLOCATE|[219]|Bytes:3
17:48:07.0 (137023608)|HEAP_ALLOCATE|[219]|Bytes:35
17:48:07.0 (137027038)|USER_DEBUG|[219]|DEBUG|req.getHeader(mdw-cs-channel):  Web
17:48:07.0 (137036749)|STATEMENT_EXECUTE|[220]
17:48:07.0 (137040623)|HEAP_ALLOCATE|[220]|Bytes:3
17:48:07.0 (137043684)|HEAP_ALLOCATE|[220]|Bytes:36
17:48:07.0 (137047168)|USER_DEBUG|[220]|DEBUG|req.getHeader(mdw-cs-commerce):  CMR
17:48:07.0 (137050593)|STATEMENT_EXECUTE|[221]
17:48:07.0 (137053616)|HEAP_ALLOCATE|[221]|Bytes:2
17:48:07.0 (137056443)|HEAP_ALLOCATE|[221]|Bytes:34
17:48:07.0 (137059715)|USER_DEBUG|[221]|DEBUG|req.getHeader(mdw-cs-country):  MX
17:48:07.0 (137063098)|STATEMENT_EXECUTE|[222]
17:48:07.0 (137074322)|HEAP_ALLOCATE|[222]|Bytes:59
17:48:07.0 (137077460)|HEAP_ALLOCATE|[222]|Bytes:75
17:48:07.0 (137080948)|USER_DEBUG|[222]|DEBUG|req.getBody():  {"blob":{"base64TextId":"309495430-ComprobanteDomicilio3"}}
17:48:07.0 (137086120)|METHOD_EXIT|[202]|01p1N00000EREqf|ClienteMicroServicios.imprimirRequest(System.HttpRequest)
17:48:07.0 (137088695)|STATEMENT_EXECUTE|[204]
17:48:07.0 (137090735)|METHOD_EXIT|[147]|01p1N00000EREqf|ClienteMicroServicios.crearRequest_v1_v2(System.HttpRequest)
17:48:07.0 (137094549)|METHOD_EXIT|[57]|01p1N00000EREqf|ClienteMicroServicios.crearRequest_v2(Map<String,Map<String,String>>)
17:48:07.0 (137097579)|VARIABLE_SCOPE_BEGIN|[57]|req|System.HttpRequest|true|false
17:48:07.0 (137124798)|VARIABLE_ASSIGNMENT|[57]|req|"System.HttpRequest[Endpoint=https://cmr-mx-business.fif.tech/api/business/v1/backend/onboarding/file/download, Method=POST]"|0x4a25b776
17:48:07.0 (137128663)|STATEMENT_EXECUTE|[58]
17:48:07.0 (137131316)|VARIABLE_SCOPE_BEGIN|[58]|isSuccess|Boolean|false|false
17:48:07.0 (137149363)|HEAP_ALLOCATE|[58]|Bytes:5
17:48:07.0 (137153538)|VARIABLE_ASSIGNMENT|[58]|isSuccess|false
17:48:07.0 (137156015)|STATEMENT_EXECUTE|[59]
17:48:07.0 (137157347)|VARIABLE_SCOPE_BEGIN|[59]|result|String|false|false
17:48:07.0 (137161550)|VARIABLE_ASSIGNMENT|[59]|result|null
17:48:07.0 (137163611)|STATEMENT_EXECUTE|[61]
17:48:07.0 (137165411)|HEAP_ALLOCATE|[61]|Bytes:22
17:48:07.0 (137190335)|HEAP_ALLOCATE|[61]|Bytes:123
17:48:07.0 (137195908)|HEAP_ALLOCATE|[61]|Bytes:145
17:48:07.0 (137202728)|USER_DEBUG|[61]|DEBUG|descargarImagenMS req System.HttpRequest[Endpoint=https://cmr-mx-business.fif.tech/api/business/v1/backend/onboarding/file/download, Method=POST]
17:48:07.0 (137207372)|STATEMENT_EXECUTE|[63]
17:48:07.0 (137208355)|STATEMENT_EXECUTE|[63]
17:48:07.0 (137210877)|STATEMENT_EXECUTE|[65]
17:48:07.0 (137213067)|VARIABLE_SCOPE_BEGIN|[65]|i|Integer|false|false
17:48:07.0 (137218520)|HEAP_ALLOCATE|[65]|Bytes:4
17:48:07.0 (137222759)|VARIABLE_ASSIGNMENT|[65]|i|0
17:48:07.0 (137229145)|STATEMENT_EXECUTE|[65]
17:48:07.0 (137230594)|STATEMENT_EXECUTE|[67]
17:48:07.0 (137242038)|METHOD_ENTRY|[67]|01p1N00000EREqf|ClienteMicroServicios.enviarRequest(System.HttpRequest)
17:48:07.0 (137251588)|VARIABLE_SCOPE_BEGIN|[225]|this|ClienteMicroServicios|true|false
17:48:07.0 (137281486)|VARIABLE_ASSIGNMENT|[225]|this|{"access_token":"zJX7Y4eEEdjqn8PaNCd6 (12 more) ...","APIVERSION":"apiversion","APP_JSON":"application/json","AT":"access_token","AUTH":"Authorization","AUTHENTICATED_USERID":"authenticated_userid","BACKEND":"backend","BASE_URL":"https://cmr-mx-busin (3 more) ...","BEARER":"Bearer","CLIENT_ID":"client_id","CLIENT_SECRET":"client_secret","cm":"0x28facea2","CONT_TYPE":"Content-Type","endpoint":"onboarding/file/down (4 more) ...","GRANT_TYPE":"grant_type","MDW_CS_CHANNEL":"mdw-cs-channel","MDW_CS_COMMERCE":"mdw-cs-commerce","MDW_CS_COUNTRY":"mdw-cs-country","MDW_CS_DATE":"mdw-cs-date","MDW_CS_HOUR":"mdw-cs-hour","method":"POST","microServicio":"MicroServicioImgBlob (7 more) ...","OAUTH":"oauth2/token","PASSWORD":"password","PROVISION_KEY":"provision_key","SCORETOKEN":"token","SECCTION":"secction","TIME_OUT":120000,"URI":".fif.tech/api/busine (3 more) ...","version":"v1"}|0x70ecaa9f
17:48:07.0 (137289006)|VARIABLE_SCOPE_BEGIN|[225]|req|System.HttpRequest|true|false
17:48:07.0 (137314167)|VARIABLE_ASSIGNMENT|[225]|req|"System.HttpRequest[Endpoint=https://cmr-mx-business.fif.tech/api/business/v1/backend/onboarding/file/download, Method=POST]"|0x4a25b776
17:48:07.0 (137319176)|STATEMENT_EXECUTE|[225]
17:48:07.0 (137320141)|STATEMENT_EXECUTE|[227]
17:48:07.0 (137328030)|VARIABLE_SCOPE_BEGIN|[227]|http|System.Http|true|false
17:48:07.0 (137352677)|VARIABLE_ASSIGNMENT|[227]|http|"System.Http[]"|0x167028d7
17:48:07.0 (137356355)|STATEMENT_EXECUTE|[228]
17:48:07.0 (137386987)|CALLOUT_REQUEST|[228]|System.HttpRequest[Endpoint=https://cmr-mx-business.fif.tech/api/business/v1/backend/onboarding/file/download, Method=POST]
17:48:07.0 (340085203)|HEAP_ALLOCATE|[EXTERNAL]|Bytes:1323
17:48:07.0 (341082500)|CALLOUT_RESPONSE|[228]|System.HttpResponse[Status=Internal Server Error, StatusCode=500]
17:48:07.0 (341107020)|HEAP_ALLOCATE|[228]|Bytes:68
17:48:07.0 (341134520)|METHOD_EXIT|[67]|01p1N00000EREqf|ClienteMicroServicios.enviarRequest(System.HttpRequest)
17:48:07.0 (341200519)|VARIABLE_ASSIGNMENT|[67]|res|"System.HttpResponse[Status=Internal Server Error, StatusCode=500]"|0x4a6d6e1b
17:48:07.0 (341287714)|STATEMENT_EXECUTE|[69]
17:48:07.0 (341290836)|HEAP_ALLOCATE|[65]|Bytes:4
17:48:07.0 (341299638)|VARIABLE_ASSIGNMENT|[65]|i|1
17:48:07.0 (341311324)|STATEMENT_EXECUTE|[65]
17:48:07.0 (341312787)|STATEMENT_EXECUTE|[67]
17:48:07.0 (341321697)|METHOD_ENTRY|[67]|01p1N00000EREqf|ClienteMicroServicios.enviarRequest(System.HttpRequest)
17:48:07.0 (341328119)|VARIABLE_SCOPE_BEGIN|[225]|this|ClienteMicroServicios|true|false
17:48:07.0 (341407666)|VARIABLE_ASSIGNMENT|[225]|this|{"access_token":"zJX7Y4eEEdjqn8PaNCd6 (12 more) ...","APIVERSION":"apiversion","APP_JSON":"application/json","AT":"access_token","AUTH":"Authorization","AUTHENTICATED_USERID":"authenticated_userid","BACKEND":"backend","BASE_URL":"https://cmr-mx-busin (3 more) ...","BEARER":"Bearer","CLIENT_ID":"client_id","CLIENT_SECRET":"client_secret","cm":"0x28facea2","CONT_TYPE":"Content-Type","endpoint":"onboarding/file/down (4 more) ...","GRANT_TYPE":"grant_type","MDW_CS_CHANNEL":"mdw-cs-channel","MDW_CS_COMMERCE":"mdw-cs-commerce","MDW_CS_COUNTRY":"mdw-cs-country","MDW_CS_DATE":"mdw-cs-date","MDW_CS_HOUR":"mdw-cs-hour","method":"POST","microServicio":"MicroServicioImgBlob (7 more) ...","OAUTH":"oauth2/token","PASSWORD":"password","PROVISION_KEY":"provision_key","SCORETOKEN":"token","SECCTION":"secction","TIME_OUT":120000,"URI":".fif.tech/api/busine (3 more) ...","version":"v1"}|0x70ecaa9f
17:48:07.0 (341416457)|VARIABLE_SCOPE_BEGIN|[225]|req|System.HttpRequest|true|false
17:48:07.0 (341450443)|VARIABLE_ASSIGNMENT|[225]|req|"System.HttpRequest[Endpoint=https://cmr-mx-business.fif.tech/api/business/v1/backend/onboarding/file/download, Method=POST]"|0x4a25b776
17:48:07.0 (341457204)|STATEMENT_EXECUTE|[225]
17:48:07.0 (341458265)|STATEMENT_EXECUTE|[227]
17:48:07.0 (341470983)|VARIABLE_SCOPE_BEGIN|[227]|http|System.Http|true|false
17:48:07.0 (341499958)|VARIABLE_ASSIGNMENT|[227]|http|"System.Http[]"|0x70311476
17:48:07.0 (341503683)|STATEMENT_EXECUTE|[228]
17:48:07.0 (341538560)|CALLOUT_REQUEST|[228]|System.HttpRequest[Endpoint=https://cmr-mx-business.fif.tech/api/business/v1/backend/onboarding/file/download, Method=POST]
17:48:07.0 (716041358)|HEAP_ALLOCATE|[EXTERNAL]|Bytes:1323
17:48:07.0 (717108589)|CALLOUT_RESPONSE|[228]|System.HttpResponse[Status=Internal Server Error, StatusCode=500]
17:48:07.0 (717140202)|HEAP_ALLOCATE|[228]|Bytes:68
17:48:07.0 (717196640)|METHOD_EXIT|[67]|01p1N00000EREqf|ClienteMicroServicios.enviarRequest(System.HttpRequest)
17:48:07.0 (717308323)|VARIABLE_ASSIGNMENT|[67]|res|"System.HttpResponse[Status=Internal Server Error, StatusCode=500]"|0x5d7f65de
17:48:07.0 (717351977)|STATEMENT_EXECUTE|[69]
17:48:07.0 (717356914)|HEAP_ALLOCATE|[65]|Bytes:4
17:48:07.0 (717368825)|VARIABLE_ASSIGNMENT|[65]|i|2
17:48:07.0 (717377924)|STATEMENT_EXECUTE|[65]
17:48:07.0 (717379515)|STATEMENT_EXECUTE|[67]
17:48:07.0 (717393386)|METHOD_ENTRY|[67]|01p1N00000EREqf|ClienteMicroServicios.enviarRequest(System.HttpRequest)
17:48:07.0 (717401134)|VARIABLE_SCOPE_BEGIN|[225]|this|ClienteMicroServicios|true|false
17:48:07.0 (717487310)|VARIABLE_ASSIGNMENT|[225]|this|{"access_token":"zJX7Y4eEEdjqn8PaNCd6 (12 more) ...","APIVERSION":"apiversion","APP_JSON":"application/json","AT":"access_token","AUTH":"Authorization","AUTHENTICATED_USERID":"authenticated_userid","BACKEND":"backend","BASE_URL":"https://cmr-mx-busin (3 more) ...","BEARER":"Bearer","CLIENT_ID":"client_id","CLIENT_SECRET":"client_secret","cm":"0x28facea2","CONT_TYPE":"Content-Type","endpoint":"onboarding/file/down (4 more) ...","GRANT_TYPE":"grant_type","MDW_CS_CHANNEL":"mdw-cs-channel","MDW_CS_COMMERCE":"mdw-cs-commerce","MDW_CS_COUNTRY":"mdw-cs-country","MDW_CS_DATE":"mdw-cs-date","MDW_CS_HOUR":"mdw-cs-hour","method":"POST","microServicio":"MicroServicioImgBlob (7 more) ...","OAUTH":"oauth2/token","PASSWORD":"password","PROVISION_KEY":"provision_key","SCORETOKEN":"token","SECCTION":"secction","TIME_OUT":120000,"URI":".fif.tech/api/busine (3 more) ...","version":"v1"}|0x70ecaa9f
17:48:07.0 (717495715)|VARIABLE_SCOPE_BEGIN|[225]|req|System.HttpRequest|true|false
17:48:07.0 (717533955)|VARIABLE_ASSIGNMENT|[225]|req|"System.HttpRequest[Endpoint=https://cmr-mx-business.fif.tech/api/business/v1/backend/onboarding/file/download, Method=POST]"|0x4a25b776
17:48:07.0 (717541184)|STATEMENT_EXECUTE|[225]
17:48:07.0 (717542290)|STATEMENT_EXECUTE|[227]
17:48:07.0 (717557127)|VARIABLE_SCOPE_BEGIN|[227]|http|System.Http|true|false
17:48:07.0 (717587194)|VARIABLE_ASSIGNMENT|[227]|http|"System.Http[]"|0x6135a52
17:48:07.0 (717591007)|STATEMENT_EXECUTE|[228]
17:48:07.0 (717629400)|CALLOUT_REQUEST|[228]|System.HttpRequest[Endpoint=https://cmr-mx-business.fif.tech/api/business/v1/backend/onboarding/file/download, Method=POST]
17:48:08.15 (1015952491)|HEAP_ALLOCATE|[EXTERNAL]|Bytes:1323
17:48:08.15 (1016780267)|CALLOUT_RESPONSE|[228]|System.HttpResponse[Status=Internal Server Error, StatusCode=500]
17:48:08.15 (1016809883)|HEAP_ALLOCATE|[228]|Bytes:68
17:48:08.15 (1016842357)|METHOD_EXIT|[67]|01p1N00000EREqf|ClienteMicroServicios.enviarRequest(System.HttpRequest)
17:48:08.15 (1016909658)|VARIABLE_ASSIGNMENT|[67]|res|"System.HttpResponse[Status=Internal Server Error, StatusCode=500]"|0x7ff82648
17:48:08.15 (1016974266)|STATEMENT_EXECUTE|[69]
17:48:08.15 (1016979414)|HEAP_ALLOCATE|[65]|Bytes:4
17:48:08.15 (1016992036)|VARIABLE_ASSIGNMENT|[65]|i|3
17:48:08.15 (1017000630)|STATEMENT_EXECUTE|[76]
17:48:08.15 (1017006784)|HEAP_ALLOCATE|[76]|Bytes:4
17:48:08.15 (1017064211)|HEAP_ALLOCATE|[76]|Bytes:43
17:48:08.15 (1017080572)|HEAP_ALLOCATE|[76]|Bytes:47
17:48:08.15 (1017108955)|USER_DEBUG|[76]|DEBUG|res {"code":"error","message":"internal error"}
17:48:08.15 (1017119188)|STATEMENT_EXECUTE|[82]
17:48:08.15 (1017120558)|STATEMENT_EXECUTE|[84]
17:48:08.15 (1017162520)|HEAP_ALLOCATE|[84]|Bytes:3
17:48:08.15 (1017189901)|METHOD_ENTRY|[84]|01p1N00000EREqf|ClienteMicroServicios.logError(String, String)
17:48:08.15 (1017198042)|VARIABLE_SCOPE_BEGIN|[231]|this|ClienteMicroServicios|true|false
17:48:08.15 (1017277396)|VARIABLE_ASSIGNMENT|[231]|this|{"access_token":"zJX7Y4eEEdjqn8PaNCd6 (12 more) ...","APIVERSION":"apiversion","APP_JSON":"application/json","AT":"access_token","AUTH":"Authorization","AUTHENTICATED_USERID":"authenticated_userid","BACKEND":"backend","BASE_URL":"https://cmr-mx-busin (3 more) ...","BEARER":"Bearer","CLIENT_ID":"client_id","CLIENT_SECRET":"client_secret","cm":"0x28facea2","CONT_TYPE":"Content-Type","endpoint":"onboarding/file/down (4 more) ...","GRANT_TYPE":"grant_type","MDW_CS_CHANNEL":"mdw-cs-channel","MDW_CS_COMMERCE":"mdw-cs-commerce","MDW_CS_COUNTRY":"mdw-cs-country","MDW_CS_DATE":"mdw-cs-date","MDW_CS_HOUR":"mdw-cs-hour","method":"POST","microServicio":"MicroServicioImgBlob (7 more) ...","OAUTH":"oauth2/token","PASSWORD":"password","PROVISION_KEY":"provision_key","SCORETOKEN":"token","SECCTION":"secction","TIME_OUT":120000,"URI":".fif.tech/api/busine (3 more) ...","version":"v1"}|0x70ecaa9f
17:48:08.15 (1017285621)|VARIABLE_SCOPE_BEGIN|[231]|apexClass|String|false|false
17:48:08.15 (1017290796)|VARIABLE_ASSIGNMENT|[231]|apexClass|"MicroServicioModalIm (8 more) ..."
17:48:08.15 (1017293013)|VARIABLE_SCOPE_BEGIN|[231]|message|String|false|false
17:48:08.15 (1017297167)|VARIABLE_ASSIGNMENT|[231]|message|"500"
17:48:08.15 (1017303199)|STATEMENT_EXECUTE|[231]
17:48:08.15 (1017304344)|STATEMENT_EXECUTE|[233]
17:48:08.15 (1017403682)|HEAP_ALLOCATE|[233]|Bytes:4
17:48:08.15 (1018782099)|VARIABLE_ASSIGNMENT|[233]|this.ApexClass__c|"MicroServicioModalIm (8 more) ..."|0x7f496033
17:48:08.15 (1018810208)|VARIABLE_ASSIGNMENT|[233]|this.Message__c|"500"|0x7f496033
17:48:08.15 (1018843918)|VARIABLE_SCOPE_BEGIN|[233]|el|Error_Log__c|true|false
17:48:08.15 (1018859286)|VARIABLE_ASSIGNMENT|[233]|el|{"ApexClass__c":"MicroServicioModalIm (8 more) ...","Message__c":"500"}|0x7f496033
17:48:08.15 (1018864571)|STATEMENT_EXECUTE|[234]
17:48:08.15 (1018898997)|HEAP_ALLOCATE|[234]|Bytes:8
17:48:08.15 (1018935647)|DML_BEGIN|[234]|Op:Insert|Type:Error_Log__c|Rows:1
17:48:08.15 (1018976952)|HEAP_ALLOCATE|[EXTERNAL]|Bytes:8
17:48:08.15 (1055054249)|DML_END|[234]
17:48:08.15 (1056071529)|METHOD_EXIT|[84]|01p1N00000EREqf|ClienteMicroServicios.logError(String, String)
17:48:08.15 (1056095724)|STATEMENT_EXECUTE|[93]
17:48:08.15 (1056103774)|METHOD_EXIT|[130]|01p3l000005qhVh|MicroServicioModalImagenesBO.descargarImagenMS(Map<String,Map<String,String>>)
17:48:08.15 (1056128307)|HEAP_ALLOCATE|[130]|Bytes:7
17:48:08.15 (1056139104)|HEAP_ALLOCATE|[130]|Bytes:2
17:48:08.15 (1056181653)|METHOD_ENTRY|[1]|01p3l00000EBdkE|BlobStorageJSON.BlobStorageJSON()
17:48:08.15 (1056187259)|STATEMENT_EXECUTE|[1]
17:48:08.15 (1056193800)|STATEMENT_EXECUTE|[1]
17:48:08.15 (1056195282)|STATEMENT_EXECUTE|[6]
17:48:08.15 (1056201627)|METHOD_EXIT|[1]|BlobStorageJSON
17:48:08.15 (1056247064)|METHOD_ENTRY|[130]|01p3l00000EBdkE|BlobStorageJSON.parse(String)
17:48:08.15 (1056258609)|VARIABLE_SCOPE_BEGIN|[11]|json|String|false|false
17:48:08.15 (1056269969)|VARIABLE_ASSIGNMENT|[11]|json|null
17:48:08.15 (1056277043)|STATEMENT_EXECUTE|[11]
17:48:08.15 (1056278226)|STATEMENT_EXECUTE|[12]
17:48:08.15 (1056282320)|HEAP_ALLOCATE|[12]|Bytes:15
17:48:08.15 (1056378599)|HEAP_ALLOCATE|[12]|Bytes:8
17:48:08.15 (1056391026)|HEAP_ALLOCATE|[12]|Bytes:8
17:48:08.15 (1056395375)|VARIABLE_SCOPE_BEGIN|[4]|this|System.Type|true|false
17:48:08.15 (1056426203)|VARIABLE_ASSIGNMENT|[4]|this|{}|0x104e0f4b
17:48:08.15 (1056429616)|VARIABLE_SCOPE_BEGIN|[4]|apextype|java:common.apex.runtime.ApexObjectType|true|false
17:48:08.15 (1056510433)|VARIABLE_ASSIGNMENT|[4]|apextype|"BlobStorageJSON"|0x43097b66
17:48:08.15 (1056547863)|HEAP_ALLOCATE|[12]|Bytes:8
17:48:08.15 (1056555726)|METHOD_ENTRY|[12]||System.JSON.deserialize(String, System.Type)
17:48:08.15 (1056732617)|METHOD_EXIT|[12]||System.JSON.deserialize(String, System.Type)
17:48:08.15 (1056736538)|METHOD_EXIT|[130]|01p3l00000EBdkE|BlobStorageJSON.parse(String)
17:48:08.15 (1056759047)|VARIABLE_SCOPE_BEGIN|[132]|ex|Exception|true|false
17:48:08.15 (1056792342)|VARIABLE_ASSIGNMENT|[132]|ex|"common.apex.runtime.impl.ExecutionException: null input to JSON parser"|0x4bca50da
17:48:08.15 (1056797315)|STATEMENT_EXECUTE|[132]
17:48:08.15 (1056798475)|STATEMENT_EXECUTE|[134]
17:48:08.15 (1056801267)|HEAP_ALLOCATE|[134]|Bytes:8
17:48:08.15 (1056868326)|HEAP_ALLOCATE|[134]|Bytes:25
17:48:08.15 (1056875474)|HEAP_ALLOCATE|[134]|Bytes:10
17:48:08.15 (1056884910)|HEAP_ALLOCATE|[134]|Bytes:8
17:48:08.15 (1056901607)|HEAP_ALLOCATE|[134]|Bytes:2
17:48:08.15 (1056915252)|HEAP_ALLOCATE|[134]|Bytes:45
17:48:08.15 (1056932063)|USER_DEBUG|[134]|DEBUG|ERROR:  null input to JSON parser  LINEA:  15
17:48:08.15 (1056967395)|STATEMENT_EXECUTE|[138]
17:48:08.15 (1056970335)|STATEMENT_EXECUTE|[169]
17:48:08.15 (1056972587)|HEAP_ALLOCATE|[169]|Bytes:7
17:48:08.15 (1057011325)|HEAP_ALLOCATE|[169]|Bytes:5
17:48:08.15 (1057022169)|HEAP_ALLOCATE|[EXTERNAL]|Bytes:-4
17:48:08.15 (1057028111)|STATEMENT_EXECUTE|[170]
17:48:08.15 (1057029466)|HEAP_ALLOCATE|[170]|Bytes:10
17:48:08.15 (1057038302)|HEAP_ALLOCATE|[EXTERNAL]|Bytes:-4
17:48:08.15 (1057041621)|STATEMENT_EXECUTE|[171]
17:48:08.15 (1057045287)|METHOD_EXIT|[93]|01p3l000005qhVh|MicroServicioModalImagenesBO.descargarImagen(String, String, String)
17:48:08.71 (1071757189)|CUMULATIVE_LIMIT_USAGE
17:48:08.71 (1071757189)|LIMIT_USAGE_FOR_NS|(default)|
  Number of SOQL queries: 0 out of 100
  Number of query rows: 2 out of 50000
  Number of SOSL queries: 0 out of 20
  Number of DML statements: 1 out of 150
  Number of Publish Immediate DML: 0 out of 150
  Number of DML rows: 1 out of 10000
  Maximum CPU time: 30 out of 10000
  Maximum heap size: 0 out of 6000000
  Number of callouts: 4 out of 100
  Number of Email Invocations: 0 out of 10
  Number of future calls: 0 out of 50
  Number of queueable jobs added to the queue: 0 out of 50
  Number of Mobile Apex push calls: 0 out of 10

17:48:08.71 (1071757189)|CUMULATIVE_LIMIT_USAGE_END

17:48:08.15 (1071897483)|CODE_UNIT_FINISHED|ExpedientesFalabella.getDocumentBlobStorage(String, String, String)
17:48:08.15 (1072146865)|CODE_UNIT_FINISHED|apex://ExpedientesFalabella/ACTION$getDocumentBlobStorage
17:48:08.15 (1072157134)|EXECUTION_FINISHED
