56.0 APEX_CODE,FINEST;APEX_PROFILING,INFO;CALLOUT,INFO;DATA_ACCESS,INFO;DB,INFO;NBA,INFO;SYSTEM,DEBUG;VALIDATION,INFO;VISUALFORCE,INFO;WAVE,INFO;WORKFLOW,INFO
17:00:01.0 (222526)|USER_INFO|[EXTERNAL]|0051N000005gvau|etrevinofalabella@izeicg.com.uat|(GMT-06:00) Central Standard Time (America/Mexico_City)|GMT-06:00
17:00:01.0 (271303)|EXECUTION_STARTED
17:00:01.0 (284457)|CODE_UNIT_STARTED|[EXTERNAL]|01pDK00000AKh3n|BatchUpdateCasesEmboce
17:00:01.0 (1298133)|HEAP_ALLOCATE|[EXTERNAL]|Bytes:99
17:00:01.0 (1352976)|HEAP_ALLOCATE|[EXTERNAL]|Bytes:12
17:00:01.0 (1368064)|METHOD_ENTRY|[11]|01pDK00000AKh3n|BatchUpdateCasesEmboce.BatchUpdateCasesEmboce()
17:00:01.0 (1373852)|STATEMENT_EXECUTE|[11]
17:00:01.0 (1379361)|STATEMENT_EXECUTE|[11]
17:00:01.0 (1383943)|METHOD_EXIT|[11]|BatchUpdateCasesEmboce
17:00:01.0 (1387377)|HEAP_ALLOCATE|[EXTERNAL]|Bytes:24
17:00:01.0 (1390056)|HEAP_ALLOCATE|[EXTERNAL]|Bytes:12
17:00:01.0 (1451231)|HEAP_ALLOCATE|[EXTERNAL]|Bytes:32
17:00:01.0 (1458305)|VARIABLE_SCOPE_BEGIN|[52]|this|BatchUpdateCasesEmboce|true|false
17:00:01.0 (1546992)|VARIABLE_ASSIGNMENT|[52]|this|{"estatus":"CONFIRMADO","lstReturns":"0x27744781","lstStatusCanceledCases":"0x4323d02d","lstStatusClosedCases":"0x166a9c76","mapErrors":"0x579fbe18"}|0x47cb5a20
17:00:01.0 (1551342)|VARIABLE_SCOPE_BEGIN|[52]|BC|Database.BatchableContext|true|false
17:00:01.0 (1688995)|VARIABLE_ASSIGNMENT|[52]|BC|{"childJobId":"707Rt000024QhJaIAK","jobId":"707Rt000024QqsWIAS"}|0x18e129a2
17:00:01.0 (1694641)|VARIABLE_SCOPE_BEGIN|[52]|scope|List<Case>|true|false
17:00:01.0 (1708856)|VARIABLE_ASSIGNMENT|[52]|scope|"List of size 7 too large to display"|0x2612ff10
17:00:01.0 (1718862)|STATEMENT_EXECUTE|[52]
17:00:01.0 (1720192)|STATEMENT_EXECUTE|[54]
17:00:01.0 (1733104)|HEAP_ALLOCATE|[54]|Bytes:4
17:00:01.0 (1747077)|VARIABLE_SCOPE_BEGIN|[54]|mapCaseIdWayBill|Map<String,String>|true|false
17:00:01.0 (1760322)|VARIABLE_ASSIGNMENT|[54]|mapCaseIdWayBill|{}|0x227e6016
17:00:01.0 (1764487)|STATEMENT_EXECUTE|[55]
17:00:01.0 (1768312)|HEAP_ALLOCATE|[55]|Bytes:4
17:00:01.0 (1771929)|VARIABLE_SCOPE_BEGIN|[55]|mapWayBillStatusSPA|Map<String,String>|true|false
17:00:01.0 (1778647)|VARIABLE_ASSIGNMENT|[55]|mapWayBillStatusSPA|{}|0x655de452
17:00:01.0 (1782786)|STATEMENT_EXECUTE|[57]
17:00:01.0 (1785942)|HEAP_ALLOCATE|[57]|Bytes:4
17:00:01.0 (1789100)|VARIABLE_SCOPE_BEGIN|[57]|mapWayBillReceiverName|Map<String,String>|true|false
17:00:01.0 (1794943)|VARIABLE_ASSIGNMENT|[57]|mapWayBillReceiverName|{}|0x78daa883
17:00:01.0 (2219711)|HEAP_ALLOCATE|[68]|Bytes:5
17:00:01.0 (2254244)|HEAP_ALLOCATE|[74]|Bytes:5
17:00:01.0 (2263214)|HEAP_ALLOCATE|[82]|Bytes:7
17:00:01.0 (2279245)|HEAP_ALLOCATE|[59]|Bytes:5
17:00:01.0 (2336096)|HEAP_ALLOCATE|[59]|Bytes:20
17:00:01.0 (2345416)|VARIABLE_SCOPE_BEGIN|[59]|caseEmboce|Case|true|false
17:00:01.0 (2453312)|VARIABLE_ASSIGNMENT|[59]|caseEmboce|{"Status":"Asignada","Num_Folio_a_Consultar__c":"80559033806117086383 (2 more) ...","Id":"500DK000008REIZYA4","Estatus_final_de_tarjeta__c":"EN_TRANSITO"}|0x12db9d22
17:00:01.0 (2462764)|STATEMENT_EXECUTE|[59]
17:00:01.0 (2542272)|STATEMENT_EXECUTE|[61]
17:00:01.0 (2543416)|STATEMENT_EXECUTE|[63]
17:00:01.0 (2603474)|HEAP_ALLOCATE|[EXTERNAL]|Bytes:-4
17:00:01.0 (2616985)|HEAP_ALLOCATE|[59]|Bytes:5
17:00:01.0 (2623955)|HEAP_ALLOCATE|[59]|Bytes:20
17:00:01.0 (2628239)|VARIABLE_SCOPE_BEGIN|[59]|caseEmboce|Case|true|false
17:00:01.0 (2666032)|VARIABLE_ASSIGNMENT|[59]|caseEmboce|{"Status":"Asignada","Num_Folio_a_Consultar__c":"20559033806117086366 (2 more) ...","Id":"500DK000008REr7YAG","Estatus_final_de_tarjeta__c":"EN_TRANSITO"}|0x7fbebaca
17:00:01.0 (2671873)|STATEMENT_EXECUTE|[59]
17:00:01.0 (2685865)|STATEMENT_EXECUTE|[61]
17:00:01.0 (2687194)|STATEMENT_EXECUTE|[63]
17:00:01.0 (2697992)|HEAP_ALLOCATE|[EXTERNAL]|Bytes:-4
17:00:01.0 (2705936)|HEAP_ALLOCATE|[59]|Bytes:5
17:00:01.0 (2711861)|HEAP_ALLOCATE|[59]|Bytes:20
17:00:01.0 (2715799)|VARIABLE_SCOPE_BEGIN|[59]|caseEmboce|Case|true|false
17:00:01.0 (2743139)|VARIABLE_ASSIGNMENT|[59]|caseEmboce|{"Status":"Asignada","Num_Folio_a_Consultar__c":"90559033806117086377 (2 more) ...","Id":"500DK000008RErCYAW","Estatus_final_de_tarjeta__c":"EN_TRANSITO"}|0x13543eb1
17:00:01.0 (2748182)|STATEMENT_EXECUTE|[59]
17:00:01.0 (2758934)|STATEMENT_EXECUTE|[61]
17:00:01.0 (2759972)|STATEMENT_EXECUTE|[63]
17:00:01.0 (2766243)|HEAP_ALLOCATE|[EXTERNAL]|Bytes:-4
17:00:01.0 (2771719)|HEAP_ALLOCATE|[59]|Bytes:5
17:00:01.0 (2775501)|HEAP_ALLOCATE|[59]|Bytes:20
17:00:01.0 (2777713)|VARIABLE_SCOPE_BEGIN|[59]|caseEmboce|Case|true|false
17:00:01.0 (2793873)|VARIABLE_ASSIGNMENT|[59]|caseEmboce|{"Status":"Asignada","Num_Folio_a_Consultar__c":"90559033806117086400 (2 more) ...","Id":"500DK000008REtNYAW","Estatus_final_de_tarjeta__c":"EN_TRANSITO"}|0x5da89374
17:00:01.0 (2797513)|STATEMENT_EXECUTE|[59]
17:00:01.0 (2804757)|STATEMENT_EXECUTE|[61]
17:00:01.0 (2805658)|STATEMENT_EXECUTE|[63]
17:00:01.0 (2810521)|HEAP_ALLOCATE|[EXTERNAL]|Bytes:-4
17:00:01.0 (2815148)|HEAP_ALLOCATE|[59]|Bytes:5
17:00:01.0 (2818457)|HEAP_ALLOCATE|[59]|Bytes:20
17:00:01.0 (2820523)|VARIABLE_SCOPE_BEGIN|[59]|caseEmboce|Case|true|false
17:00:01.0 (2834202)|VARIABLE_ASSIGNMENT|[59]|caseEmboce|{"Status":"Asignada","Num_Folio_a_Consultar__c":"80559033806117086383 (2 more) ...","Id":"500DK000008REuGYAW","Estatus_final_de_tarjeta__c":"EN_TRANSITO"}|0x27309b6a
17:00:01.0 (2837360)|STATEMENT_EXECUTE|[59]
17:00:01.0 (2844320)|STATEMENT_EXECUTE|[61]
17:00:01.0 (2845228)|STATEMENT_EXECUTE|[63]
17:00:01.0 (2849728)|HEAP_ALLOCATE|[EXTERNAL]|Bytes:-4
17:00:01.0 (2854351)|HEAP_ALLOCATE|[59]|Bytes:5
17:00:01.0 (2857702)|HEAP_ALLOCATE|[59]|Bytes:20
17:00:01.0 (2859814)|VARIABLE_SCOPE_BEGIN|[59]|caseEmboce|Case|true|false
17:00:01.0 (2874264)|VARIABLE_ASSIGNMENT|[59]|caseEmboce|{"Status":"Asignada","Num_Folio_a_Consultar__c":"50559033806117086382 (2 more) ...","Id":"500DK000008REuQYAW","Estatus_final_de_tarjeta__c":"EN_TRANSITO"}|0x2dd21dac
17:00:01.0 (2877487)|STATEMENT_EXECUTE|[59]
17:00:01.0 (2884433)|STATEMENT_EXECUTE|[61]
17:00:01.0 (2885332)|STATEMENT_EXECUTE|[63]
17:00:01.0 (2890200)|HEAP_ALLOCATE|[EXTERNAL]|Bytes:-4
17:00:01.0 (2894717)|HEAP_ALLOCATE|[59]|Bytes:5
17:00:01.0 (2898064)|HEAP_ALLOCATE|[59]|Bytes:20
17:00:01.0 (2900104)|VARIABLE_SCOPE_BEGIN|[59]|caseEmboce|Case|true|false
17:00:01.0 (2914259)|VARIABLE_ASSIGNMENT|[59]|caseEmboce|{"Status":"Asignada","Num_Folio_a_Consultar__c":"30559033806117086388 (2 more) ...","Id":"500DK000008REuaYAG","Estatus_final_de_tarjeta__c":"EN_TRANSITO"}|0x1f411f11
17:00:01.0 (2918861)|STATEMENT_EXECUTE|[59]
17:00:01.0 (2929597)|STATEMENT_EXECUTE|[61]
17:00:01.0 (2930978)|STATEMENT_EXECUTE|[63]
17:00:01.0 (2939163)|HEAP_ALLOCATE|[EXTERNAL]|Bytes:-4
17:00:01.0 (2946402)|HEAP_ALLOCATE|[59]|Bytes:5
17:00:01.0 (2956355)|VARIABLE_ASSIGNMENT|[59]|caseEmboce|null|
17:00:01.0 (2978245)|STATEMENT_EXECUTE|[67]
17:00:01.0 (2979832)|STATEMENT_EXECUTE|[70]
17:00:01.0 (49279075)|HEAP_ALLOCATE|[70]|Bytes:38
17:00:01.0 (49304464)|HEAP_ALLOCATE|[70]|Bytes:3
17:00:01.0 (49333302)|METHOD_ENTRY|[12]|01pDK000007Q9UR|EstafetaService.EstafetaService()
17:00:01.0 (49339628)|STATEMENT_EXECUTE|[12]
17:00:01.0 (49348545)|STATEMENT_EXECUTE|[12]
17:00:01.0 (49355736)|METHOD_EXIT|[12]|EstafetaService
17:00:01.0 (49394555)|METHOD_ENTRY|[70]|01pDK000007Q9UR|EstafetaService.oauthToken()
17:00:01.0 (49434597)|STATEMENT_EXECUTE|[142]
17:00:01.0 (49435763)|STATEMENT_EXECUTE|[144]
17:00:01.0 (49441792)|VARIABLE_SCOPE_BEGIN|[144]|mapResult|Map<String,ANY>|true|false
17:00:01.0 (49461622)|VARIABLE_ASSIGNMENT|[144]|mapResult|null|
17:00:01.0 (49463925)|STATEMENT_EXECUTE|[146]
17:00:01.0 (59912170)|HEAP_ALLOCATE|[146]|Bytes:11
17:00:01.0 (59935454)|HEAP_ALLOCATE|[146]|Bytes:2
17:00:01.0 (59965200)|METHOD_ENTRY|[11]|01pDK000007Q9UQ|ClientRest.ClientRest()
17:00:01.0 (59974646)|STATEMENT_EXECUTE|[11]
17:00:01.0 (59983597)|STATEMENT_EXECUTE|[11]
17:00:01.0 (59990494)|METHOD_EXIT|[11]|ClientRest
17:00:01.0 (60066330)|HEAP_ALLOCATE|[146]|Bytes:8
17:00:01.0 (60072859)|HEAP_ALLOCATE|[146]|Bytes:28
17:00:01.0 (60090842)|CONSTRUCTOR_ENTRY|[146]|01pDK000007Q9UQ|<init>(String)|ClientRest
17:00:01.0 (60167840)|VARIABLE_SCOPE_BEGIN|[15]|this|ClientRest|true|false
17:00:01.0 (60219332)|VARIABLE_ASSIGNMENT|[15]|this|{}|0x1697157c
17:00:01.0 (60225954)|VARIABLE_SCOPE_BEGIN|[15]|record|String|false|false
17:00:01.0 (60239130)|VARIABLE_ASSIGNMENT|[15]|record|"EstafetaCustShipment (8 more) ..."
17:00:01.0 (60244335)|STATEMENT_EXECUTE|[11]
17:00:01.0 (60245649)|STATEMENT_EXECUTE|[13]
17:00:01.0 (61533067)|STATEMENT_EXECUTE|[15]
17:00:01.0 (61538361)|STATEMENT_EXECUTE|[17]
17:00:01.0 (67855698)|VARIABLE_ASSIGNMENT|[17]|this.microservicio|{"Authenticated_UserID__c":"y6xoXlLjl8BeizUIRBFH","Label":"EstafetaCustShipment (8 more) ...","MasterLabel":"EstafetaCustShipment (8 more) ...","Language":"es","Client_ID__c":"l71718b52bdb34493cb2 (14 more) ...","DeveloperName":"EstafetaCustShipment (8 more) ...","Provision_Key__c":"WSCTrakingUser_pro","Client_Secret__c":"928c4f5631ca4a31b85e (12 more) ...","IsProtected":false,"Section__c":"500","SystemModstamp":"2023-02-07T16:41:16.000Z","ManageableState":"U","QualifiedApiName":"EstafetaCustShipment (8 more) ...","Id":"m08DK000000D4g1"}|0x1697157c
17:00:01.0 (67890831)|CONSTRUCTOR_EXIT|[146]|01pDK000007Q9UQ|<init>(String)|ClientRest
17:00:01.0 (67899443)|VARIABLE_SCOPE_BEGIN|[146]|client|ClientRest|true|false
17:00:01.0 (67933284)|VARIABLE_ASSIGNMENT|[146]|client|{"microservicio":"0x6b0c2a26"}|0x1697157c
17:00:01.0 (67941762)|STATEMENT_EXECUTE|[148]
17:00:01.0 (76597735)|VARIABLE_SCOPE_BEGIN|[15]|ConstantsEstafetaService.ESTAFETA_ENDPOINT_CUSTSHIPMENTTRACKING|String|false|true
17:00:01.0 (76614297)|VARIABLE_SCOPE_BEGIN|[14]|ConstantsEstafetaService.ESTAFETA_ENDPOINT_TOKEN|String|false|true
17:00:01.0 (76618142)|VARIABLE_SCOPE_BEGIN|[38]|ConstantsEstafetaService.ESTAFETA_ENDPOINT_TOKEN_V2|String|false|true
17:00:01.0 (76621832)|VARIABLE_SCOPE_BEGIN|[47]|ConstantsEstafetaService.ESTAFETA_ENDPOINT_TRACKINGI_ITEM_STATUS|String|false|true
17:00:01.0 (76625628)|VARIABLE_SCOPE_BEGIN|[18]|ConstantsEstafetaService.ESTAFETA_FILTERTYPE|String|false|true
17:00:01.0 (76628885)|VARIABLE_SCOPE_BEGIN|[19]|ConstantsEstafetaService.ESTAFETA_HISTORYTYPE|String|false|true
17:00:01.0 (76632361)|VARIABLE_SCOPE_BEGIN|[16]|ConstantsEstafetaService.ESTAFETA_SEARCHTYPE|String|false|true
17:00:01.0 (76635870)|VARIABLE_SCOPE_BEGIN|[17]|ConstantsEstafetaService.ESTAFETA_WAYBILLTYPE|String|false|true
17:00:01.0 (76639171)|VARIABLE_SCOPE_BEGIN|[30]|ConstantsEstafetaService.HTTP_ACCEPT|String|false|true
17:00:01.0 (76642543)|VARIABLE_SCOPE_BEGIN|[32]|ConstantsEstafetaService.HTTP_APIKEY|String|false|true
17:00:01.0 (76645899)|VARIABLE_SCOPE_BEGIN|[31]|ConstantsEstafetaService.HTTP_APP_JSON|String|false|true
17:00:01.0 (76649411)|VARIABLE_SCOPE_BEGIN|[29]|ConstantsEstafetaService.HTTP_APP_URLENCODED|String|false|true
17:00:01.0 (76652733)|VARIABLE_SCOPE_BEGIN|[33]|ConstantsEstafetaService.HTTP_AUTHORIZATION|String|false|true
17:00:01.0 (76656069)|VARIABLE_SCOPE_BEGIN|[34]|ConstantsEstafetaService.HTTP_BEARER|String|false|true
17:00:01.0 (76659413)|VARIABLE_SCOPE_BEGIN|[23]|ConstantsEstafetaService.HTTP_CLIENT_CREDENTIALS|String|false|true
17:00:01.0 (76662952)|VARIABLE_SCOPE_BEGIN|[26]|ConstantsEstafetaService.HTTP_CLIENT_ID|String|false|true
17:00:01.0 (76666713)|VARIABLE_SCOPE_BEGIN|[27]|ConstantsEstafetaService.HTTP_CLIENT_SECRET|String|false|true
17:00:01.0 (76670273)|VARIABLE_SCOPE_BEGIN|[28]|ConstantsEstafetaService.HTTP_CONTENT_TYPE|String|false|true
17:00:01.0 (76673934)|VARIABLE_SCOPE_BEGIN|[25]|ConstantsEstafetaService.HTTP_EXECUTE|String|false|true
17:00:01.0 (76677465)|VARIABLE_SCOPE_BEGIN|[22]|ConstantsEstafetaService.HTTP_GRANT_TYPE|String|false|true
17:00:01.0 (76680896)|VARIABLE_SCOPE_BEGIN|[21]|ConstantsEstafetaService.HTTP_METHOD_POST|String|false|true
17:00:01.0 (76684533)|VARIABLE_SCOPE_BEGIN|[24]|ConstantsEstafetaService.HTTP_SCOPE|String|false|true
17:00:01.0 (76688048)|VARIABLE_SCOPE_BEGIN|[39]|ConstantsEstafetaService.HTTP_SCOPE_VALOR|String|false|true
17:00:01.0 (76724602)|METHOD_ENTRY|[11]|01pDK00000AKh3r|ConstantsEstafetaService.ConstantsEstafetaService()
17:00:01.0 (76730772)|STATEMENT_EXECUTE|[11]
17:00:01.0 (76737314)|STATEMENT_EXECUTE|[11]
17:00:01.0 (76739230)|STATEMENT_EXECUTE|[14]
17:00:01.0 (76746588)|HEAP_ALLOCATE|[14]|Bytes:23
17:00:01.0 (77653598)|HEAP_ALLOCATE|[14]|Bytes:44
17:00:01.0 (77728780)|VARIABLE_ASSIGNMENT|[14]|ConstantsEstafetaService.ESTAFETA_ENDPOINT_TOKEN|"https://api.estafeta (24 more) ..."
17:00:01.0 (77738200)|STATEMENT_EXECUTE|[15]
17:00:01.0 (77742228)|HEAP_ALLOCATE|[15]|Bytes:38
17:00:01.0 (77774923)|HEAP_ALLOCATE|[15]|Bytes:64
17:00:01.0 (77781311)|VARIABLE_ASSIGNMENT|[15]|ConstantsEstafetaService.ESTAFETA_ENDPOINT_CUSTSHIPMENTTRACKING|"https://csrest.estaf (44 more) ..."
17:00:01.0 (77783924)|STATEMENT_EXECUTE|[16]
17:00:01.0 (77785238)|HEAP_ALLOCATE|[16]|Bytes:19
17:00:01.0 (77790826)|HEAP_ALLOCATE|[16]|Bytes:1
17:00:01.0 (77796261)|VARIABLE_ASSIGNMENT|[16]|ConstantsEstafetaService.ESTAFETA_SEARCHTYPE|"L"
17:00:01.0 (77798516)|STATEMENT_EXECUTE|[17]
17:00:01.0 (77799936)|HEAP_ALLOCATE|[17]|Bytes:20
17:00:01.0 (77804581)|HEAP_ALLOCATE|[17]|Bytes:1
17:00:01.0 (77808241)|VARIABLE_ASSIGNMENT|[17]|ConstantsEstafetaService.ESTAFETA_WAYBILLTYPE|"G"
17:00:01.0 (77810396)|STATEMENT_EXECUTE|[18]
17:00:01.0 (77811496)|HEAP_ALLOCATE|[18]|Bytes:19
17:00:01.0 (77816750)|HEAP_ALLOCATE|[18]|Bytes:9
17:00:01.0 (77820384)|VARIABLE_ASSIGNMENT|[18]|ConstantsEstafetaService.ESTAFETA_FILTERTYPE|"DELIVERED"
17:00:01.0 (77822697)|STATEMENT_EXECUTE|[19]
17:00:01.0 (77823601)|HEAP_ALLOCATE|[19]|Bytes:20
17:00:01.0 (77828012)|HEAP_ALLOCATE|[19]|Bytes:3
17:00:01.0 (77831267)|VARIABLE_ASSIGNMENT|[19]|ConstantsEstafetaService.ESTAFETA_HISTORYTYPE|"ALL"
17:00:01.0 (77833227)|STATEMENT_EXECUTE|[21]
17:00:01.0 (77834144)|HEAP_ALLOCATE|[21]|Bytes:16
17:00:01.0 (77838518)|HEAP_ALLOCATE|[21]|Bytes:4
17:00:01.0 (77844672)|VARIABLE_ASSIGNMENT|[21]|ConstantsEstafetaService.HTTP_METHOD_POST|"POST"
17:00:01.0 (77846577)|STATEMENT_EXECUTE|[22]
17:00:01.0 (77847522)|HEAP_ALLOCATE|[22]|Bytes:15
17:00:01.0 (77851760)|HEAP_ALLOCATE|[22]|Bytes:10
17:00:01.0 (77855728)|VARIABLE_ASSIGNMENT|[22]|ConstantsEstafetaService.HTTP_GRANT_TYPE|"grant_type"
17:00:01.0 (77857765)|STATEMENT_EXECUTE|[23]
17:00:01.0 (77858680)|HEAP_ALLOCATE|[23]|Bytes:23
17:00:01.0 (77866332)|HEAP_ALLOCATE|[23]|Bytes:18
17:00:01.0 (77870709)|VARIABLE_ASSIGNMENT|[23]|ConstantsEstafetaService.HTTP_CLIENT_CREDENTIALS|"client_credentials"
17:00:01.0 (77873048)|STATEMENT_EXECUTE|[24]
17:00:01.0 (77874045)|HEAP_ALLOCATE|[24]|Bytes:10
17:00:01.0 (77878279)|HEAP_ALLOCATE|[24]|Bytes:5
17:00:01.0 (77882397)|VARIABLE_ASSIGNMENT|[24]|ConstantsEstafetaService.HTTP_SCOPE|"scope"
17:00:01.0 (77884461)|STATEMENT_EXECUTE|[25]
17:00:01.0 (77885517)|HEAP_ALLOCATE|[25]|Bytes:12
17:00:01.0 (77889964)|HEAP_ALLOCATE|[25]|Bytes:7
17:00:01.0 (77893554)|VARIABLE_ASSIGNMENT|[25]|ConstantsEstafetaService.HTTP_EXECUTE|"execute"
17:00:01.0 (77895489)|STATEMENT_EXECUTE|[26]
17:00:01.0 (77896587)|HEAP_ALLOCATE|[26]|Bytes:14
17:00:01.0 (77901244)|HEAP_ALLOCATE|[26]|Bytes:9
17:00:01.0 (77905266)|VARIABLE_ASSIGNMENT|[26]|ConstantsEstafetaService.HTTP_CLIENT_ID|"client_id"
17:00:01.0 (77907262)|STATEMENT_EXECUTE|[27]
17:00:01.0 (77908749)|HEAP_ALLOCATE|[27]|Bytes:18
17:00:01.0 (77915718)|HEAP_ALLOCATE|[27]|Bytes:13
17:00:01.0 (77921714)|VARIABLE_ASSIGNMENT|[27]|ConstantsEstafetaService.HTTP_CLIENT_SECRET|"client_secret"
17:00:01.0 (77924768)|STATEMENT_EXECUTE|[28]
17:00:01.0 (77926277)|HEAP_ALLOCATE|[28]|Bytes:17
17:00:01.0 (77932462)|HEAP_ALLOCATE|[28]|Bytes:12
17:00:01.0 (77937890)|VARIABLE_ASSIGNMENT|[28]|ConstantsEstafetaService.HTTP_CONTENT_TYPE|"Content-Type"
17:00:01.0 (77940917)|STATEMENT_EXECUTE|[29]
17:00:01.0 (77942657)|HEAP_ALLOCATE|[29]|Bytes:19
17:00:01.0 (77949343)|HEAP_ALLOCATE|[29]|Bytes:33
17:00:01.0 (77957752)|VARIABLE_ASSIGNMENT|[29]|ConstantsEstafetaService.HTTP_APP_URLENCODED|"application/x-www-fo (13 more) ..."
17:00:01.0 (77960910)|STATEMENT_EXECUTE|[30]
17:00:01.0 (77962610)|HEAP_ALLOCATE|[30]|Bytes:11
17:00:01.0 (77969214)|HEAP_ALLOCATE|[30]|Bytes:6
17:00:01.0 (77974935)|VARIABLE_ASSIGNMENT|[30]|ConstantsEstafetaService.HTTP_ACCEPT|"accept"
17:00:01.0 (77977964)|STATEMENT_EXECUTE|[31]
17:00:01.0 (77979560)|HEAP_ALLOCATE|[31]|Bytes:13
17:00:01.0 (77987782)|HEAP_ALLOCATE|[31]|Bytes:16
17:00:01.0 (77992420)|VARIABLE_ASSIGNMENT|[31]|ConstantsEstafetaService.HTTP_APP_JSON|"application/json"
17:00:01.0 (77994404)|STATEMENT_EXECUTE|[32]
17:00:01.0 (77995362)|HEAP_ALLOCATE|[32]|Bytes:11
17:00:01.0 (78000126)|HEAP_ALLOCATE|[32]|Bytes:6
17:00:01.0 (78004224)|VARIABLE_ASSIGNMENT|[32]|ConstantsEstafetaService.HTTP_APIKEY|"apikey"
17:00:01.0 (78006406)|STATEMENT_EXECUTE|[33]
17:00:01.0 (78007317)|HEAP_ALLOCATE|[33]|Bytes:18
17:00:01.0 (78011754)|HEAP_ALLOCATE|[33]|Bytes:13
17:00:01.0 (78015357)|VARIABLE_ASSIGNMENT|[33]|ConstantsEstafetaService.HTTP_AUTHORIZATION|"Authorization"
17:00:01.0 (78017548)|STATEMENT_EXECUTE|[34]
17:00:01.0 (78018541)|HEAP_ALLOCATE|[34]|Bytes:11
17:00:01.0 (78023021)|HEAP_ALLOCATE|[34]|Bytes:6
17:00:01.0 (78026466)|VARIABLE_ASSIGNMENT|[34]|ConstantsEstafetaService.HTTP_BEARER|"Bearer"
17:00:01.0 (78028200)|STATEMENT_EXECUTE|[38]
17:00:01.0 (78029146)|HEAP_ALLOCATE|[38]|Bytes:26
17:00:01.0 (78033705)|HEAP_ALLOCATE|[38]|Bytes:91
17:00:01.0 (78037821)|VARIABLE_ASSIGNMENT|[38]|ConstantsEstafetaService.ESTAFETA_ENDPOINT_TOKEN_V2|"https://emexternalid (71 more) ..."
17:00:01.0 (78039980)|STATEMENT_EXECUTE|[39]
17:00:01.0 (78040922)|HEAP_ALLOCATE|[39]|Bytes:16
17:00:01.0 (78045096)|HEAP_ALLOCATE|[39]|Bytes:51
17:00:01.0 (78050459)|VARIABLE_ASSIGNMENT|[39]|ConstantsEstafetaService.HTTP_SCOPE_VALOR|"api://9f9e709b-74ed- (31 more) ..."
17:00:01.0 (78052386)|STATEMENT_EXECUTE|[47]
17:00:01.0 (78053305)|HEAP_ALLOCATE|[47]|Bytes:39
17:00:01.0 (78057275)|HEAP_ALLOCATE|[47]|Bytes:82
17:00:01.0 (78061144)|VARIABLE_ASSIGNMENT|[47]|ConstantsEstafetaService.ESTAFETA_ENDPOINT_TRACKINGI_ITEM_STATUS|"https://apimwstracki (62 more) ..."
17:00:01.0 (78072996)|METHOD_EXIT|[11]|ConstantsEstafetaService
17:00:01.0 (78098690)|METHOD_ENTRY|[148]|01pDK000007Q9UR|EstafetaService.headersToken()
17:00:01.0 (78135933)|STATEMENT_EXECUTE|[19]
17:00:01.0 (78136864)|STATEMENT_EXECUTE|[21]
17:00:01.0 (78153442)|HEAP_ALLOCATE|[21]|Bytes:4
17:00:01.0 (78206947)|VARIABLE_SCOPE_BEGIN|[21]|mapHeaders|Map<String,String>|true|false
17:00:01.0 (78233876)|VARIABLE_ASSIGNMENT|[21]|mapHeaders|{"Content-Type":"application/x-www-fo (13 more) ..."}|0x7d9bbdc7
17:00:01.0 (78237096)|STATEMENT_EXECUTE|[23]
17:00:01.0 (78241379)|METHOD_EXIT|[148]|01pDK000007Q9UR|EstafetaService.headersToken()
17:00:01.0 (78324694)|METHOD_ENTRY|[148]|01pDK000007Q9UR|EstafetaService.bodyToken(String, String)
17:00:01.0 (78331750)|VARIABLE_SCOPE_BEGIN|[34]|clientId|String|false|false
17:00:01.0 (78339551)|VARIABLE_ASSIGNMENT|[34]|clientId|"l71718b52bdb34493cb2 (14 more) ..."
17:00:01.0 (78342931)|VARIABLE_SCOPE_BEGIN|[34]|clientSecret|String|false|false
17:00:01.0 (78350072)|VARIABLE_ASSIGNMENT|[34]|clientSecret|"928c4f5631ca4a31b85e (12 more) ..."
17:00:01.0 (78355422)|STATEMENT_EXECUTE|[34]
17:00:01.0 (78356563)|STATEMENT_EXECUTE|[36]
17:00:01.0 (78360770)|HEAP_ALLOCATE|[36]|Bytes:1
17:00:01.0 (78365516)|HEAP_ALLOCATE|[37]|Bytes:1
17:00:01.0 (78387291)|HEAP_ALLOCATE|[36]|Bytes:36
17:00:01.0 (78394318)|HEAP_ALLOCATE|[36]|Bytes:53
17:00:01.0 (78402583)|HEAP_ALLOCATE|[36]|Bytes:46
17:00:01.0 (78406172)|HEAP_ALLOCATE|[36]|Bytes:135
17:00:01.0 (78409294)|VARIABLE_SCOPE_BEGIN|[36]|body|String|false|false
17:00:01.0 (78417036)|VARIABLE_ASSIGNMENT|[36]|body|"grant_type=client_cr (115 more) ..."
17:00:01.0 (78420481)|STATEMENT_EXECUTE|[41]
17:00:01.0 (78424414)|METHOD_EXIT|[148]|01pDK000007Q9UR|EstafetaService.bodyToken(String, String)
17:00:01.0 (78456771)|METHOD_ENTRY|[148]|01pDK000007Q9UQ|ClientRest.makeRequest(String, String, Map<String,String>, String)
17:00:01.0 (78462311)|VARIABLE_SCOPE_BEGIN|[70]|this|ClientRest|true|false
17:00:01.0 (78502412)|VARIABLE_ASSIGNMENT|[70]|this|{"microservicio":"0x6b0c2a26"}|0x1697157c
17:00:01.0 (78507295)|VARIABLE_SCOPE_BEGIN|[70]|endPoint|String|false|false
17:00:01.0 (78514753)|VARIABLE_ASSIGNMENT|[70]|endPoint|"https://api.estafeta (24 more) ..."
17:00:01.0 (78518038)|VARIABLE_SCOPE_BEGIN|[70]|method|String|false|false
17:00:01.0 (78524425)|VARIABLE_ASSIGNMENT|[70]|method|"POST"
17:00:01.0 (78527461)|VARIABLE_SCOPE_BEGIN|[70]|mapHeaders|Map<String,String>|true|false
17:00:01.0 (78538118)|VARIABLE_ASSIGNMENT|[70]|mapHeaders|{"Content-Type":"application/x-www-fo (13 more) ..."}|0x7d9bbdc7
17:00:01.0 (78541823)|VARIABLE_SCOPE_BEGIN|[70]|body|String|false|false
17:00:01.0 (78548035)|VARIABLE_ASSIGNMENT|[70]|body|"grant_type=client_cr (115 more) ..."
17:00:01.0 (78553913)|STATEMENT_EXECUTE|[70]
17:00:01.0 (78555355)|STATEMENT_EXECUTE|[72]
17:00:01.0 (78587054)|VARIABLE_SCOPE_BEGIN|[72]|request|System.HttpRequest|true|false
17:00:01.0 (78646779)|VARIABLE_ASSIGNMENT|[72]|request|"System.HttpRequest[Endpoint=null, Method=null]"|0x48aafd84
17:00:01.0 (78652784)|STATEMENT_EXECUTE|[74]
17:00:01.0 (78709280)|STATEMENT_EXECUTE|[75]
17:00:01.0 (78721593)|STATEMENT_EXECUTE|[76]
17:00:01.0 (78725735)|HEAP_ALLOCATE|[76]|Bytes:12
17:00:01.0 (78770403)|HEAP_ALLOCATE|[76]|Bytes:6
17:00:01.0 (78845492)|HEAP_ALLOCATE|[78]|Bytes:4
17:00:01.0 (78908497)|HEAP_ALLOCATE|[78]|Bytes:20
17:00:01.0 (78926577)|HEAP_ALLOCATE|[78]|Bytes:4
17:00:01.0 (78955118)|HEAP_ALLOCATE|[78]|Bytes:5
17:00:01.0 (78969655)|VARIABLE_SCOPE_BEGIN|[78]|key|String|false|false
17:00:01.0 (78980465)|VARIABLE_ASSIGNMENT|[78]|key|"Content-Type"
17:00:01.0 (78985138)|STATEMENT_EXECUTE|[78]
17:00:01.0 (78986540)|STATEMENT_EXECUTE|[80]
17:00:01.0 (79030678)|HEAP_ALLOCATE|[78]|Bytes:5
17:00:01.0 (79041871)|VARIABLE_ASSIGNMENT|[78]|key|null
17:00:01.0 (79070131)|STATEMENT_EXECUTE|[83]
17:00:01.0 (79071421)|STATEMENT_EXECUTE|[85]
17:00:01.0 (79111861)|STATEMENT_EXECUTE|[88]
17:00:01.0 (79119119)|METHOD_EXIT|[148]|01pDK000007Q9UQ|ClientRest.makeRequest(String, String, Map<String,String>, String)
17:00:01.0 (79125422)|VARIABLE_SCOPE_BEGIN|[148]|request|System.HttpRequest|true|false
17:00:01.0 (79165631)|VARIABLE_ASSIGNMENT|[148]|request|"System.HttpRequest[Endpoint=https://api.estafeta.com/auth/oauth/v2/token, Method=POST]"|0x48aafd84
17:00:01.0 (79169934)|STATEMENT_EXECUTE|[150]
17:00:01.0 (79181326)|METHOD_ENTRY|[150]|01pDK000007Q9UQ|ClientRest.callWebService(System.HttpRequest)
17:00:01.0 (79192973)|VARIABLE_SCOPE_BEGIN|[26]|this|ClientRest|true|false
17:00:01.0 (79215158)|VARIABLE_ASSIGNMENT|[26]|this|{"microservicio":"0x6b0c2a26"}|0x1697157c
17:00:01.0 (79218145)|VARIABLE_SCOPE_BEGIN|[26]|request|System.HttpRequest|true|false
17:00:01.0 (79232419)|VARIABLE_ASSIGNMENT|[26]|request|"System.HttpRequest[Endpoint=https://api.estafeta.com/auth/oauth/v2/token, Method=POST]"|0x48aafd84
17:00:01.0 (79237397)|STATEMENT_EXECUTE|[26]
17:00:01.0 (79238425)|STATEMENT_EXECUTE|[28]
17:00:01.0 (79246737)|HEAP_ALLOCATE|[28]|Bytes:4
17:00:01.0 (79253952)|VARIABLE_SCOPE_BEGIN|[28]|mapResult|Map<String,ANY>|true|false
17:00:01.0 (79263792)|VARIABLE_ASSIGNMENT|[28]|mapResult|{}|0x5e143841
17:00:01.0 (79266344)|STATEMENT_EXECUTE|[29]
17:00:01.0 (79269616)|VARIABLE_SCOPE_BEGIN|[29]|success|Boolean|false|false
17:00:01.0 (79274810)|HEAP_ALLOCATE|[29]|Bytes:5
17:00:01.0 (79278198)|VARIABLE_ASSIGNMENT|[29]|success|false
17:00:01.0 (79280153)|STATEMENT_EXECUTE|[31]
17:00:01.0 (79283834)|VARIABLE_SCOPE_BEGIN|[31]|response|System.HttpResponse|true|false
17:00:01.0 (79288265)|VARIABLE_ASSIGNMENT|[31]|response|null|
17:00:01.0 (79290367)|STATEMENT_EXECUTE|[33]
17:00:01.0 (79291185)|STATEMENT_EXECUTE|[33]
17:00:01.0 (79292830)|STATEMENT_EXECUTE|[35]
17:00:01.0 (79295447)|VARIABLE_SCOPE_BEGIN|[35]|i|Integer|false|false
17:00:01.0 (79299298)|HEAP_ALLOCATE|[35]|Bytes:4
17:00:01.0 (79302470)|VARIABLE_ASSIGNMENT|[35]|i|0
17:00:01.0 (79308054)|STATEMENT_EXECUTE|[35]
17:00:01.0 (79309068)|STATEMENT_EXECUTE|[37]
17:00:01.0 (79314598)|METHOD_ENTRY|[37]|01pDK000007Q9UQ|ClientRest.makeResponse(System.HttpRequest)
17:00:01.0 (79320437)|VARIABLE_SCOPE_BEGIN|[97]|this|ClientRest|true|false
17:00:01.0 (79327935)|VARIABLE_ASSIGNMENT|[97]|this|{"microservicio":"0x6b0c2a26"}|0x1697157c
17:00:01.0 (79330467)|VARIABLE_SCOPE_BEGIN|[97]|request|System.HttpRequest|true|false
17:00:01.0 (79340190)|VARIABLE_ASSIGNMENT|[97]|request|"System.HttpRequest[Endpoint=https://api.estafeta.com/auth/oauth/v2/token, Method=POST]"|0x48aafd84
17:00:01.0 (79343740)|STATEMENT_EXECUTE|[97]
17:00:01.0 (79344596)|STATEMENT_EXECUTE|[99]
17:00:01.0 (79355274)|VARIABLE_SCOPE_BEGIN|[99]|http|System.Http|true|false
17:00:01.0 (79374591)|VARIABLE_ASSIGNMENT|[99]|http|"System.Http[]"|0x78ba115
17:00:01.0 (79377721)|STATEMENT_EXECUTE|[101]
17:00:01.0 (79450005)|CALLOUT_REQUEST|[101]|System.HttpRequest[Endpoint=https://api.estafeta.com/auth/oauth/v2/token, Method=POST]
17:00:01.0 (521671369)|HEAP_ALLOCATE|[EXTERNAL]|Bytes:774
17:00:01.0 (523305804)|CALLOUT_RESPONSE|[101]|System.HttpResponse[Status=OK, StatusCode=200]
17:00:01.0 (523331312)|HEAP_ALLOCATE|[101]|Bytes:138
17:00:01.0 (523366615)|METHOD_EXIT|[37]|01pDK000007Q9UQ|ClientRest.makeResponse(System.HttpRequest)
17:00:01.0 (523431136)|VARIABLE_ASSIGNMENT|[37]|response|"System.HttpResponse[Status=OK, StatusCode=200]"|0x17a6ed6d
17:00:01.0 (523497802)|STATEMENT_EXECUTE|[39]
17:00:01.0 (523499446)|STATEMENT_EXECUTE|[41]
17:00:01.0 (523503035)|HEAP_ALLOCATE|[41]|Bytes:12
17:00:01.0 (523528244)|HEAP_ALLOCATE|[41]|Bytes:132
17:00:01.0 (523555753)|HEAP_ALLOCATE|[EXTERNAL]|Bytes:-4
17:00:01.0 (523562925)|STATEMENT_EXECUTE|[42]
17:00:01.0 (523568833)|HEAP_ALLOCATE|[42]|Bytes:5
17:00:01.0 (523576942)|VARIABLE_ASSIGNMENT|[42]|success|true
17:00:01.0 (523579479)|STATEMENT_EXECUTE|[43]
17:00:01.0 (523582644)|STATEMENT_EXECUTE|[55]
17:00:01.0 (523584224)|HEAP_ALLOCATE|[55]|Bytes:8
17:00:01.0 (523637553)|HEAP_ALLOCATE|[EXTERNAL]|Bytes:-4
17:00:01.0 (523643877)|STATEMENT_EXECUTE|[56]
17:00:01.0 (523645913)|HEAP_ALLOCATE|[56]|Bytes:7
17:00:01.0 (523661129)|HEAP_ALLOCATE|[56]|Bytes:5
17:00:01.0 (523665298)|HEAP_ALLOCATE|[EXTERNAL]|Bytes:-4
17:00:01.0 (523670079)|STATEMENT_EXECUTE|[58]
17:00:01.0 (523677093)|METHOD_EXIT|[150]|01pDK000007Q9UQ|ClientRest.callWebService(System.HttpRequest)
17:00:01.0 (523705759)|VARIABLE_ASSIGNMENT|[150]|mapResult|{"responseBody":"{\r\n  \"access_token\": (112 more) ...","success":true}|0x5e143841
17:00:01.0 (523710344)|STATEMENT_EXECUTE|[152]
17:00:01.0 (523715504)|METHOD_EXIT|[70]|01pDK000007Q9UR|EstafetaService.oauthToken()
17:00:01.0 (523722273)|VARIABLE_SCOPE_BEGIN|[70]|mapToken|Map<String,ANY>|true|false
17:00:01.0 (523732439)|VARIABLE_ASSIGNMENT|[70]|mapToken|{"responseBody":"{\r\n  \"access_token\": (112 more) ...","success":true}|0x5e143841
17:00:01.0 (523783735)|STATEMENT_EXECUTE|[72]
17:00:01.0 (523784982)|STATEMENT_EXECUTE|[74]
17:00:01.0 (523806605)|HEAP_ALLOCATE|[74]|Bytes:132
17:00:01.0 (564897483)|HEAP_ALLOCATE|[74]|Bytes:2
17:00:01.0 (564953518)|METHOD_ENTRY|[11]|01pDK000007Q9US|OauthEstafetaJSON.OauthEstafetaJSON()
17:00:01.0 (564962788)|STATEMENT_EXECUTE|[11]
17:00:01.0 (564973799)|STATEMENT_EXECUTE|[11]
17:00:01.0 (564981348)|METHOD_EXIT|[11]|OauthEstafetaJSON
17:00:01.0 (565013271)|METHOD_ENTRY|[74]|01pDK000007Q9US|OauthEstafetaJSON.parse(String)
17:00:01.0 (565029028)|VARIABLE_SCOPE_BEGIN|[18]|json|String|false|false
17:00:01.0 (565055100)|VARIABLE_ASSIGNMENT|[18]|json|"{\r\n  \"access_token\": (112 more) ..."
17:00:01.0 (565062142)|STATEMENT_EXECUTE|[18]
17:00:01.0 (565063368)|STATEMENT_EXECUTE|[20]
17:00:01.0 (565068632)|HEAP_ALLOCATE|[20]|Bytes:17
17:00:01.0 (565214028)|HEAP_ALLOCATE|[20]|Bytes:33
17:00:01.0 (565224356)|SYSTEM_METHOD_ENTRY|[1]|Type.Type()
17:00:01.0 (565226982)|STATEMENT_EXECUTE|[1]
17:00:01.0 (565235062)|SYSTEM_METHOD_EXIT|[1]|Type
17:00:01.0 (565242089)|HEAP_ALLOCATE|[20]|Bytes:8
17:00:01.0 (565263875)|HEAP_ALLOCATE|[20]|Bytes:8
17:00:01.0 (565268295)|VARIABLE_SCOPE_BEGIN|[4]|this|System.Type|true|false
17:00:01.0 (565305758)|VARIABLE_ASSIGNMENT|[4]|this|{}|0x6af564
17:00:01.0 (565310201)|VARIABLE_SCOPE_BEGIN|[4]|apextype|java:common.apex.runtime.ApexObjectType|true|false
17:00:01.0 (565371161)|VARIABLE_ASSIGNMENT|[4]|apextype|"OauthEstafetaJSON"|0x5b927290
17:00:01.0 (565420290)|HEAP_ALLOCATE|[20]|Bytes:8
17:00:01.0 (565456567)|HEAP_ALLOCATE|[20]|Bytes:24
17:00:01.0 (565463432)|SYSTEM_METHOD_ENTRY|[1]|JSON.JSON()
17:00:01.0 (565466030)|STATEMENT_EXECUTE|[1]
17:00:01.0 (565471418)|SYSTEM_METHOD_EXIT|[1]|JSON
17:00:01.0 (565485993)|METHOD_ENTRY|[20]||System.JSON.deserialize(String, System.Type)
17:00:01.0 (565828156)|METHOD_EXIT|[20]||System.JSON.deserialize(String, System.Type)
17:00:01.0 (565838843)|METHOD_EXIT|[74]|01pDK000007Q9US|OauthEstafetaJSON.parse(String)
17:00:01.0 (565844326)|VARIABLE_SCOPE_BEGIN|[74]|responseOauth|OauthEstafetaJSON|true|false
17:00:01.0 (565887382)|VARIABLE_ASSIGNMENT|[74]|responseOauth|{"access_token":"6efd6b3c-3a1f-424e-8 (16 more) ...","expires_in":86400,"scope":"execute","token_type":"Bearer"}|0x6865c087
17:00:01.0 (565895153)|STATEMENT_EXECUTE|[77]
17:00:01.0 (565974632)|HEAP_ALLOCATE|[EXTERNAL]|Bytes:32
17:00:01.0 (565988359)|HEAP_ALLOCATE|[77]|Bytes:186
17:00:01.0 (566014387)|METHOD_ENTRY|[77]|01pDK000007Q9UR|EstafetaService.custShipmentTrackingList(String, List<String>)
17:00:01.0 (566022650)|VARIABLE_SCOPE_BEGIN|[237]|accessToken|String|false|false
17:00:01.0 (566031299)|VARIABLE_ASSIGNMENT|[237]|accessToken|"6efd6b3c-3a1f-424e-8 (16 more) ..."
17:00:01.0 (566034938)|VARIABLE_SCOPE_BEGIN|[237]|lstWayBills|List<String>|true|false
17:00:01.0 (566048245)|VARIABLE_ASSIGNMENT|[237]|lstWayBills|"List of size 7 too large to display"|0x2e1b60b0
17:00:01.0 (566055150)|STATEMENT_EXECUTE|[237]
17:00:01.0 (566056556)|STATEMENT_EXECUTE|[239]
17:00:01.0 (566060780)|VARIABLE_SCOPE_BEGIN|[239]|mapResult|Map<String,ANY>|true|false
17:00:01.0 (566068428)|VARIABLE_ASSIGNMENT|[239]|mapResult|null|
17:00:01.0 (566071714)|STATEMENT_EXECUTE|[241]
17:00:01.0 (566078494)|HEAP_ALLOCATE|[241]|Bytes:8
17:00:01.0 (566091959)|CONSTRUCTOR_ENTRY|[241]|01pDK000007Q9UQ|<init>(String)|ClientRest
17:00:01.0 (566109680)|VARIABLE_SCOPE_BEGIN|[15]|this|ClientRest|true|false
17:00:01.0 (566128337)|VARIABLE_ASSIGNMENT|[15]|this|{}|0x66d58111
17:00:01.0 (566132525)|VARIABLE_SCOPE_BEGIN|[15]|record|String|false|false
17:00:01.0 (566139822)|VARIABLE_ASSIGNMENT|[15]|record|"EstafetaCustShipment (8 more) ..."
17:00:01.0 (566144151)|STATEMENT_EXECUTE|[11]
17:00:01.0 (566145350)|STATEMENT_EXECUTE|[13]
17:00:01.0 (566160921)|STATEMENT_EXECUTE|[15]
17:00:01.0 (566162286)|STATEMENT_EXECUTE|[17]
17:00:01.0 (566447480)|VARIABLE_ASSIGNMENT|[17]|this.microservicio|{"Authenticated_UserID__c":"y6xoXlLjl8BeizUIRBFH","Label":"EstafetaCustShipment (8 more) ...","MasterLabel":"EstafetaCustShipment (8 more) ...","Language":"es","Client_ID__c":"l71718b52bdb34493cb2 (14 more) ...","DeveloperName":"EstafetaCustShipment (8 more) ...","Provision_Key__c":"WSCTrakingUser_pro","Client_Secret__c":"928c4f5631ca4a31b85e (12 more) ...","IsProtected":false,"Section__c":"500","SystemModstamp":"2023-02-07T16:41:16.000Z","ManageableState":"U","QualifiedApiName":"EstafetaCustShipment (8 more) ...","Id":"m08DK000000D4g1"}|0x66d58111
17:00:01.0 (566466983)|CONSTRUCTOR_EXIT|[241]|01pDK000007Q9UQ|<init>(String)|ClientRest
17:00:01.0 (566473386)|VARIABLE_SCOPE_BEGIN|[241]|client|ClientRest|true|false
17:00:01.0 (566495758)|VARIABLE_ASSIGNMENT|[241]|client|{"microservicio":"0x207214b4"}|0x66d58111
17:00:01.0 (566501016)|STATEMENT_EXECUTE|[243]
17:00:01.0 (566540093)|METHOD_ENTRY|[243]|01pDK000007Q9UR|EstafetaService.headersCustShipmentTracking(String, String)
17:00:01.0 (566561259)|VARIABLE_SCOPE_BEGIN|[71]|clientId|String|false|false
17:00:01.0 (566569514)|VARIABLE_ASSIGNMENT|[71]|clientId|"l71718b52bdb34493cb2 (14 more) ..."
17:00:01.0 (566572561)|VARIABLE_SCOPE_BEGIN|[71]|accessToken|String|false|false
17:00:01.0 (566579179)|VARIABLE_ASSIGNMENT|[71]|accessToken|"6efd6b3c-3a1f-424e-8 (16 more) ..."
17:00:01.0 (566585117)|STATEMENT_EXECUTE|[71]
17:00:01.0 (566586706)|STATEMENT_EXECUTE|[73]
17:00:01.0 (566601894)|HEAP_ALLOCATE|[73]|Bytes:4
17:00:01.0 (566671552)|HEAP_ALLOCATE|[76]|Bytes:1
17:00:01.0 (566684838)|HEAP_ALLOCATE|[76]|Bytes:43
17:00:01.0 (566692741)|VARIABLE_SCOPE_BEGIN|[73]|mapHeaders|Map<String,String>|true|false
17:00:01.0 (566721216)|VARIABLE_ASSIGNMENT|[73]|mapHeaders|{"accept":"application/json","Content-Type":"application/json","apikey":"l71718b52bdb34493cb2 (14 more) ...","Authorization":"Bearer 6efd6b3c-3a1f (23 more) ..."}|0x475fc777
17:00:01.0 (566726599)|STATEMENT_EXECUTE|[78]
17:00:01.0 (566731611)|METHOD_EXIT|[243]|01pDK000007Q9UR|EstafetaService.headersCustShipmentTracking(String, String)
17:00:01.0 (566808931)|METHOD_ENTRY|[244]|01pDK000007Q9UR|EstafetaService.bodyCustShipmentTrackingList(String, String, String, List<String>)
17:00:01.0 (566822890)|VARIABLE_SCOPE_BEGIN|[91]|suscriberId|String|false|false
17:00:01.0 (566830033)|VARIABLE_ASSIGNMENT|[91]|suscriberId|"500"
17:00:01.0 (566833121)|VARIABLE_SCOPE_BEGIN|[91]|login|String|false|false
17:00:01.0 (566839618)|VARIABLE_ASSIGNMENT|[91]|login|"WSCTrakingUser_pro"
17:00:01.0 (566842673)|VARIABLE_SCOPE_BEGIN|[91]|password|String|false|false
17:00:01.0 (566848955)|VARIABLE_ASSIGNMENT|[91]|password|"y6xoXlLjl8BeizUIRBFH"
17:00:01.0 (566852540)|VARIABLE_SCOPE_BEGIN|[91]|lstWayBills|List<String>|true|false
17:00:01.0 (566864961)|VARIABLE_ASSIGNMENT|[91]|lstWayBills|"List of size 7 too large to display"|0x2e1b60b0
17:00:01.0 (566871800)|STATEMENT_EXECUTE|[91]
17:00:01.0 (566873279)|STATEMENT_EXECUTE|[93]
17:00:01.0 (566876166)|HEAP_ALLOCATE|[93]|Bytes:16
17:00:01.0 (566879975)|HEAP_ALLOCATE|[93]|Bytes:11
17:00:01.0 (566882989)|HEAP_ALLOCATE|[93]|Bytes:14
17:00:01.0 (566892182)|HEAP_ALLOCATE|[93]|Bytes:82
17:00:01.0 (566895616)|HEAP_ALLOCATE|[93]|Bytes:24
17:00:01.0 (566901019)|HEAP_ALLOCATE|[94]|Bytes:32
17:00:01.0 (566905332)|HEAP_ALLOCATE|[94]|Bytes:24
17:00:01.0 (566914881)|HEAP_ALLOCATE|[93]|Bytes:82
17:00:01.0 (566921691)|HEAP_ALLOCATE|[93]|Bytes:164
17:00:01.0 (566924842)|VARIABLE_SCOPE_BEGIN|[93]|body|String|false|false
17:00:01.0 (566933307)|VARIABLE_ASSIGNMENT|[93]|body|"{\"suscriberId\":\"500\" (144 more) ..."
17:00:01.0 (566938340)|STATEMENT_EXECUTE|[96]
17:00:01.0 (566941430)|VARIABLE_SCOPE_BEGIN|[96]|i|Integer|false|false
17:00:01.0 (566947623)|HEAP_ALLOCATE|[96]|Bytes:4
17:00:01.0 (566953395)|VARIABLE_ASSIGNMENT|[96]|i|0
17:00:01.0 (566981025)|STATEMENT_EXECUTE|[96]
17:00:01.0 (566982723)|STATEMENT_EXECUTE|[98]
17:00:01.0 (566986989)|HEAP_ALLOCATE|[98]|Bytes:1
17:00:01.0 (566998174)|HEAP_ALLOCATE|[98]|Bytes:22
17:00:01.0 (567007083)|HEAP_ALLOCATE|[98]|Bytes:24
17:00:01.0 (567011560)|HEAP_ALLOCATE|[98]|Bytes:188
17:00:01.0 (567017386)|VARIABLE_ASSIGNMENT|[98]|body|"{\"suscriberId\":\"500\" (168 more) ..."
17:00:01.0 (567021649)|HEAP_ALLOCATE|[96]|Bytes:4
17:00:01.0 (567025543)|VARIABLE_ASSIGNMENT|[96]|i|1
17:00:01.0 (567034318)|STATEMENT_EXECUTE|[96]
17:00:01.0 (567035574)|STATEMENT_EXECUTE|[98]
17:00:01.0 (567037430)|HEAP_ALLOCATE|[98]|Bytes:1
17:00:01.0 (567041107)|HEAP_ALLOCATE|[98]|Bytes:22
17:00:01.0 (567044412)|HEAP_ALLOCATE|[98]|Bytes:25
17:00:01.0 (567047253)|HEAP_ALLOCATE|[98]|Bytes:213
17:00:01.0 (567051999)|VARIABLE_ASSIGNMENT|[98]|body|"{\"suscriberId\":\"500\" (193 more) ..."
17:00:01.0 (567055762)|HEAP_ALLOCATE|[96]|Bytes:4
17:00:01.0 (567059327)|VARIABLE_ASSIGNMENT|[96]|i|2
17:00:01.0 (567066728)|STATEMENT_EXECUTE|[96]
17:00:01.0 (567067851)|STATEMENT_EXECUTE|[98]
17:00:01.0 (567070373)|HEAP_ALLOCATE|[98]|Bytes:22
17:00:01.0 (567073548)|HEAP_ALLOCATE|[98]|Bytes:25
17:00:01.0 (567076262)|HEAP_ALLOCATE|[98]|Bytes:238
17:00:01.0 (567080813)|VARIABLE_ASSIGNMENT|[98]|body|"{\"suscriberId\":\"500\" (218 more) ..."
17:00:01.0 (567083612)|HEAP_ALLOCATE|[96]|Bytes:4
17:00:01.0 (567086958)|VARIABLE_ASSIGNMENT|[96]|i|3
17:00:01.0 (567093845)|STATEMENT_EXECUTE|[96]
17:00:01.0 (567095074)|STATEMENT_EXECUTE|[98]
17:00:01.0 (567097870)|HEAP_ALLOCATE|[98]|Bytes:22
17:00:01.0 (567101200)|HEAP_ALLOCATE|[98]|Bytes:25
17:00:01.0 (567103838)|HEAP_ALLOCATE|[98]|Bytes:263
17:00:01.0 (567108212)|VARIABLE_ASSIGNMENT|[98]|body|"{\"suscriberId\":\"500\" (243 more) ..."
17:00:01.0 (567110906)|HEAP_ALLOCATE|[96]|Bytes:4
17:00:01.0 (567114433)|VARIABLE_ASSIGNMENT|[96]|i|4
17:00:01.0 (567120852)|STATEMENT_EXECUTE|[96]
17:00:01.0 (567122080)|STATEMENT_EXECUTE|[98]
17:00:01.0 (567124492)|HEAP_ALLOCATE|[98]|Bytes:22
17:00:01.0 (567128090)|HEAP_ALLOCATE|[98]|Bytes:25
17:00:01.0 (567131205)|HEAP_ALLOCATE|[98]|Bytes:288
17:00:01.0 (567136135)|VARIABLE_ASSIGNMENT|[98]|body|"{\"suscriberId\":\"500\" (268 more) ..."
17:00:01.0 (567138960)|HEAP_ALLOCATE|[96]|Bytes:4
17:00:01.0 (567142309)|VARIABLE_ASSIGNMENT|[96]|i|5
17:00:01.0 (567149047)|STATEMENT_EXECUTE|[96]
17:00:01.0 (567150540)|STATEMENT_EXECUTE|[98]
17:00:01.0 (567152975)|HEAP_ALLOCATE|[98]|Bytes:22
17:00:01.0 (567156440)|HEAP_ALLOCATE|[98]|Bytes:25
17:00:01.0 (567159162)|HEAP_ALLOCATE|[98]|Bytes:313
17:00:01.0 (567164103)|VARIABLE_ASSIGNMENT|[98]|body|"{\"suscriberId\":\"500\" (293 more) ..."
17:00:01.0 (567166745)|HEAP_ALLOCATE|[96]|Bytes:4
17:00:01.0 (567170141)|VARIABLE_ASSIGNMENT|[96]|i|6
17:00:01.0 (567176540)|STATEMENT_EXECUTE|[96]
17:00:01.0 (567177836)|STATEMENT_EXECUTE|[98]
17:00:01.0 (567180262)|HEAP_ALLOCATE|[98]|Bytes:22
17:00:01.0 (567183410)|HEAP_ALLOCATE|[98]|Bytes:25
17:00:01.0 (567186187)|HEAP_ALLOCATE|[98]|Bytes:338
17:00:01.0 (567190828)|VARIABLE_ASSIGNMENT|[98]|body|"{\"suscriberId\":\"500\" (318 more) ..."
17:00:01.0 (567193613)|HEAP_ALLOCATE|[96]|Bytes:4
17:00:01.0 (567197280)|VARIABLE_ASSIGNMENT|[96]|i|7
17:00:01.0 (567205682)|STATEMENT_EXECUTE|[101]
17:00:01.0 (567207877)|HEAP_ALLOCATE|[101]|Bytes:82
17:00:01.0 (567214153)|HEAP_ALLOCATE|[102]|Bytes:42
17:00:01.0 (567218398)|HEAP_ALLOCATE|[103]|Bytes:234
17:00:01.0 (567223392)|HEAP_ALLOCATE|[101]|Bytes:370
17:00:01.0 (567226847)|HEAP_ALLOCATE|[101]|Bytes:708
17:00:01.0 (567231638)|VARIABLE_ASSIGNMENT|[101]|body|"{\"suscriberId\":\"500\" (688 more) ..."
17:00:01.0 (567235145)|STATEMENT_EXECUTE|[106]
17:00:01.0 (567241235)|METHOD_EXIT|[244]|01pDK000007Q9UR|EstafetaService.bodyCustShipmentTrackingList(String, String, String, List<String>)
17:00:01.0 (567257953)|METHOD_ENTRY|[243]|01pDK000007Q9UQ|ClientRest.makeRequest(String, String, Map<String,String>, String)
17:00:01.0 (567263440)|VARIABLE_SCOPE_BEGIN|[70]|this|ClientRest|true|false
17:00:01.0 (567294090)|VARIABLE_ASSIGNMENT|[70]|this|{"microservicio":"0x207214b4"}|0x66d58111
17:00:01.0 (567298565)|VARIABLE_SCOPE_BEGIN|[70]|endPoint|String|false|false
17:00:01.0 (567306149)|VARIABLE_ASSIGNMENT|[70]|endPoint|"https://csrest.estaf (44 more) ..."
17:00:01.0 (567309597)|VARIABLE_SCOPE_BEGIN|[70]|method|String|false|false
17:00:01.0 (567315622)|VARIABLE_ASSIGNMENT|[70]|method|"POST"
17:00:01.0 (567319087)|VARIABLE_SCOPE_BEGIN|[70]|mapHeaders|Map<String,String>|true|false
17:00:01.0 (567335908)|VARIABLE_ASSIGNMENT|[70]|mapHeaders|{"accept":"application/json","Content-Type":"application/json","apikey":"l71718b52bdb34493cb2 (14 more) ...","Authorization":"Bearer 6efd6b3c-3a1f (23 more) ..."}|0x475fc777
17:00:01.0 (567341347)|VARIABLE_SCOPE_BEGIN|[70]|body|String|false|false
17:00:01.0 (567347498)|VARIABLE_ASSIGNMENT|[70]|body|"{\"suscriberId\":\"500\" (688 more) ..."
17:00:01.0 (567353330)|STATEMENT_EXECUTE|[70]
17:00:01.0 (567355197)|STATEMENT_EXECUTE|[72]
17:00:01.0 (567373810)|VARIABLE_SCOPE_BEGIN|[72]|request|System.HttpRequest|true|false
17:00:01.0 (567424254)|VARIABLE_ASSIGNMENT|[72]|request|"System.HttpRequest[Endpoint=null, Method=null]"|0xcaff9ff
17:00:01.0 (567428112)|STATEMENT_EXECUTE|[74]
17:00:01.0 (567444185)|STATEMENT_EXECUTE|[75]
17:00:01.0 (567450408)|STATEMENT_EXECUTE|[76]
17:00:01.0 (567492333)|HEAP_ALLOCATE|[76]|Bytes:6
17:00:01.0 (567533728)|HEAP_ALLOCATE|[78]|Bytes:4
17:00:01.0 (567572978)|HEAP_ALLOCATE|[78]|Bytes:57
17:00:01.0 (567616877)|HEAP_ALLOCATE|[78]|Bytes:16
17:00:01.0 (567642629)|HEAP_ALLOCATE|[78]|Bytes:5
17:00:01.0 (567656023)|VARIABLE_SCOPE_BEGIN|[78]|key|String|false|false
17:00:01.0 (567663493)|VARIABLE_ASSIGNMENT|[78]|key|"accept"
17:00:01.0 (567666943)|STATEMENT_EXECUTE|[78]
17:00:01.0 (567668128)|STATEMENT_EXECUTE|[80]
17:00:01.0 (567690955)|HEAP_ALLOCATE|[78]|Bytes:5
17:00:01.0 (567696728)|VARIABLE_SCOPE_BEGIN|[78]|key|String|false|false
17:00:01.0 (567702710)|VARIABLE_ASSIGNMENT|[78]|key|"Content-Type"
17:00:01.0 (567705809)|STATEMENT_EXECUTE|[78]
17:00:01.0 (567706916)|STATEMENT_EXECUTE|[80]
17:00:01.0 (567719498)|HEAP_ALLOCATE|[78]|Bytes:5
17:00:01.0 (567724636)|VARIABLE_SCOPE_BEGIN|[78]|key|String|false|false
17:00:01.0 (567730014)|VARIABLE_ASSIGNMENT|[78]|key|"apikey"
17:00:01.0 (567732983)|STATEMENT_EXECUTE|[78]
17:00:01.0 (567734349)|STATEMENT_EXECUTE|[80]
17:00:01.0 (567745635)|HEAP_ALLOCATE|[78]|Bytes:5
17:00:01.0 (567751159)|VARIABLE_SCOPE_BEGIN|[78]|key|String|false|false
17:00:01.0 (567757059)|VARIABLE_ASSIGNMENT|[78]|key|"Authorization"
17:00:01.0 (567759914)|STATEMENT_EXECUTE|[78]
17:00:01.0 (567761068)|STATEMENT_EXECUTE|[80]
17:00:01.0 (567771296)|HEAP_ALLOCATE|[78]|Bytes:5
17:00:01.0 (567778507)|VARIABLE_ASSIGNMENT|[78]|key|null
17:00:01.0 (567798153)|STATEMENT_EXECUTE|[83]
17:00:01.0 (567799691)|STATEMENT_EXECUTE|[85]
17:00:01.0 (567842528)|STATEMENT_EXECUTE|[88]
17:00:01.0 (567850524)|METHOD_EXIT|[243]|01pDK000007Q9UQ|ClientRest.makeRequest(String, String, Map<String,String>, String)
17:00:01.0 (567856114)|VARIABLE_SCOPE_BEGIN|[243]|request|System.HttpRequest|true|false
17:00:01.0 (567898779)|VARIABLE_ASSIGNMENT|[243]|request|"System.HttpRequest[Endpoint=https://csrest.estafeta.com/v2/CustShipmentTracking/ExecuteQuery, Method=POST]"|0xcaff9ff
17:00:01.0 (567904019)|STATEMENT_EXECUTE|[246]
17:00:01.0 (567916007)|METHOD_ENTRY|[246]|01pDK000007Q9UQ|ClientRest.callWebService(System.HttpRequest)
17:00:01.0 (567932872)|VARIABLE_SCOPE_BEGIN|[26]|this|ClientRest|true|false
17:00:01.0 (567960912)|VARIABLE_ASSIGNMENT|[26]|this|{"microservicio":"0x207214b4"}|0x66d58111
17:00:01.0 (567965232)|VARIABLE_SCOPE_BEGIN|[26]|request|System.HttpRequest|true|false
17:00:01.0 (567987516)|VARIABLE_ASSIGNMENT|[26]|request|"System.HttpRequest[Endpoint=https://csrest.estafeta.com/v2/CustShipmentTracking/ExecuteQuery, Method=POST]"|0xcaff9ff
17:00:01.0 (567993783)|STATEMENT_EXECUTE|[26]
17:00:01.0 (567995139)|STATEMENT_EXECUTE|[28]
17:00:01.0 (568006452)|HEAP_ALLOCATE|[28]|Bytes:4
17:00:01.0 (568014647)|VARIABLE_SCOPE_BEGIN|[28]|mapResult|Map<String,ANY>|true|false
17:00:01.0 (568026563)|VARIABLE_ASSIGNMENT|[28]|mapResult|{}|0x2b0fec0
17:00:01.0 (568030723)|STATEMENT_EXECUTE|[29]
17:00:01.0 (568033353)|VARIABLE_SCOPE_BEGIN|[29]|success|Boolean|false|false
17:00:01.0 (568040222)|HEAP_ALLOCATE|[29]|Bytes:5
17:00:01.0 (568045187)|VARIABLE_ASSIGNMENT|[29]|success|false
17:00:01.0 (568048710)|STATEMENT_EXECUTE|[31]
17:00:01.0 (568051638)|VARIABLE_SCOPE_BEGIN|[31]|response|System.HttpResponse|true|false
17:00:01.0 (568057929)|VARIABLE_ASSIGNMENT|[31]|response|null|
17:00:01.0 (568060973)|STATEMENT_EXECUTE|[33]
17:00:01.0 (568062494)|STATEMENT_EXECUTE|[33]
17:00:01.0 (568064699)|STATEMENT_EXECUTE|[35]
17:00:01.0 (568067152)|VARIABLE_SCOPE_BEGIN|[35]|i|Integer|false|false
17:00:01.0 (568071913)|HEAP_ALLOCATE|[35]|Bytes:4
17:00:01.0 (568075952)|VARIABLE_ASSIGNMENT|[35]|i|0
17:00:01.0 (568082264)|STATEMENT_EXECUTE|[35]
17:00:01.0 (568083764)|STATEMENT_EXECUTE|[37]
17:00:01.0 (568089806)|METHOD_ENTRY|[37]|01pDK000007Q9UQ|ClientRest.makeResponse(System.HttpRequest)
17:00:01.0 (568094201)|VARIABLE_SCOPE_BEGIN|[97]|this|ClientRest|true|false
17:00:01.0 (568108152)|VARIABLE_ASSIGNMENT|[97]|this|{"microservicio":"0x207214b4"}|0x66d58111
17:00:01.0 (568112419)|VARIABLE_SCOPE_BEGIN|[97]|request|System.HttpRequest|true|false
17:00:01.0 (568130040)|VARIABLE_ASSIGNMENT|[97]|request|"System.HttpRequest[Endpoint=https://csrest.estafeta.com/v2/CustShipmentTracking/ExecuteQuery, Method=POST]"|0xcaff9ff
17:00:01.0 (568136218)|STATEMENT_EXECUTE|[97]
17:00:01.0 (568137580)|STATEMENT_EXECUTE|[99]
17:00:01.0 (568150638)|VARIABLE_SCOPE_BEGIN|[99]|http|System.Http|true|false
17:00:01.0 (568178036)|VARIABLE_ASSIGNMENT|[99]|http|"System.Http[]"|0x35ca2859
17:00:01.0 (568183429)|STATEMENT_EXECUTE|[101]
17:00:01.0 (568253797)|CALLOUT_REQUEST|[101]|System.HttpRequest[Endpoint=https://csrest.estafeta.com/v2/CustShipmentTracking/ExecuteQuery, Method=POST]
17:00:03.292 (2292957373)|HEAP_ALLOCATE|[EXTERNAL]|Bytes:599
17:00:03.292 (2294698209)|CALLOUT_RESPONSE|[101]|System.HttpResponse[Status=OK, StatusCode=200]
17:00:03.292 (2294729039)|HEAP_ALLOCATE|[101]|Bytes:147
17:00:03.292 (2294764842)|METHOD_EXIT|[37]|01pDK000007Q9UQ|ClientRest.makeResponse(System.HttpRequest)
17:00:03.292 (2294824512)|VARIABLE_ASSIGNMENT|[37]|response|"System.HttpResponse[Status=OK, StatusCode=200]"|0x6ac10ab3
17:00:03.292 (2294860905)|STATEMENT_EXECUTE|[39]
17:00:03.292 (2294862880)|STATEMENT_EXECUTE|[41]
17:00:03.292 (2294888896)|HEAP_ALLOCATE|[41]|Bytes:141
17:00:03.292 (2294914637)|HEAP_ALLOCATE|[EXTERNAL]|Bytes:-4
17:00:03.292 (2294922757)|STATEMENT_EXECUTE|[42]
17:00:03.292 (2294932972)|HEAP_ALLOCATE|[42]|Bytes:5
17:00:03.292 (2294941945)|VARIABLE_ASSIGNMENT|[42]|success|true
17:00:03.292 (2294945672)|STATEMENT_EXECUTE|[43]
17:00:03.292 (2294952026)|STATEMENT_EXECUTE|[55]
17:00:03.292 (2294960178)|HEAP_ALLOCATE|[EXTERNAL]|Bytes:-4
17:00:03.292 (2294964675)|STATEMENT_EXECUTE|[56]
17:00:03.292 (2294969289)|HEAP_ALLOCATE|[56]|Bytes:5
17:00:03.292 (2294973331)|HEAP_ALLOCATE|[EXTERNAL]|Bytes:-4
17:00:03.292 (2294977600)|STATEMENT_EXECUTE|[58]
17:00:03.292 (2294982833)|METHOD_EXIT|[246]|01pDK000007Q9UQ|ClientRest.callWebService(System.HttpRequest)
17:00:03.292 (2295006193)|VARIABLE_ASSIGNMENT|[246]|mapResult|{"responseBody":"{\"ExecuteQueryRespon (121 more) ...","success":true}|0x2b0fec0
17:00:03.292 (2295011821)|STATEMENT_EXECUTE|[248]
17:00:03.292 (2295017633)|METHOD_EXIT|[77]|01pDK000007Q9UR|EstafetaService.custShipmentTrackingList(String, List<String>)
17:00:03.292 (2295024163)|VARIABLE_SCOPE_BEGIN|[77]|mapWaybill|Map<String,ANY>|true|false
17:00:03.292 (2295033890)|VARIABLE_ASSIGNMENT|[77]|mapWaybill|{"responseBody":"{\"ExecuteQueryRespon (121 more) ...","success":true}|0x2b0fec0
17:00:03.292 (2295038898)|STATEMENT_EXECUTE|[79]
17:00:03.292 (2295133608)|HEAP_ALLOCATE|[79]|Bytes:141
17:00:03.292 (2295142896)|VARIABLE_SCOPE_BEGIN|[79]|strResponseWayBill|String|false|false
17:00:03.292 (2295150868)|VARIABLE_ASSIGNMENT|[79]|strResponseWayBill|"{\"ExecuteQueryRespon (121 more) ..."
17:00:03.292 (2295182275)|HEAP_ALLOCATE|[81]|Bytes:30
17:00:03.292 (2295206141)|STATEMENT_EXECUTE|[189]
17:00:03.292 (2295214671)|HEAP_ALLOCATE|[192]|Bytes:10
17:00:03.292 (2295233578)|STATEMENT_EXECUTE|[192]
17:00:03.292 (2295235318)|STATEMENT_EXECUTE|[194]
17:00:03.292 (2295256156)|HEAP_ALLOCATE|[194]|Bytes:4
17:00:03.292 (2295265543)|HEAP_ALLOCATE|[194]|Bytes:20
17:00:03.292 (2295289616)|HEAP_ALLOCATE|[194]|Bytes:1
17:00:03.292 (2295292674)|HEAP_ALLOCATE|[194]|Bytes:5
17:00:03.292 (2295310926)|HEAP_ALLOCATE|[194]|Bytes:9
17:00:03.292 (2295330668)|HEAP_ALLOCATE|[EXTERNAL]|Bytes:-4
17:00:03.292 (2295358833)|CODE_UNIT_FINISHED|BatchUpdateCasesEmboce
17:00:03.292 (2295368591)|EXECUTION_FINISHED
