66.0 APEX_CODE,FINEST;APEX_PROFILING,INFO;CALLOUT,INFO;DATA_ACCESS,INFO;DB,INFO;NBA,INFO;SYSTEM,DEBUG;VALIDATION,INFO;VISUALFORCE,INFO;WAVE,INFO;WORKFLOW,INFO
11:47:15.0 (198609)|USER_INFO|[EXTERNAL]|0050v0000034lag|albeltransa@falabella.com.mx.admin.uat|(GMT-06:00) Central Standard Time (America/Mexico_City)|GMT-06:00
11:47:15.0 (265509)|EXECUTION_STARTED
11:47:15.0 (275871)|CODE_UNIT_STARTED|[EXTERNAL]|apex://CasosControllerExtension/ACTION$obtenerCasosCerrados
11:47:15.0 (1416948)|CODE_UNIT_STARTED|[EXTERNAL]|01p0v000003PcLg|CasosControllerExtension.obtenerCasosCerrados()
11:47:15.0 (1574485)|VARIABLE_SCOPE_BEGIN|[21]|CasosControllerExtension.QUEUE_CREDITO_FRAUDES|String|false|true
11:47:15.0 (1617827)|VARIABLE_SCOPE_BEGIN|[20]|CasosControllerExtension.RT_FIGITAL|String|false|true
11:47:15.0 (1622856)|VARIABLE_SCOPE_BEGIN|[19]|CasosControllerExtension.RT_RIESGOS|String|false|true
11:47:15.0 (1628111)|VARIABLE_SCOPE_BEGIN|[17]|CasosControllerExtension.ST_ASIGNADA|String|false|true
11:47:15.0 (1633248)|VARIABLE_SCOPE_BEGIN|[15]|CasosControllerExtension.ST_AUTORIZADA|String|false|true
11:47:15.0 (1638549)|VARIABLE_SCOPE_BEGIN|[18]|CasosControllerExtension.ST_CERRADO|String|false|true
11:47:15.0 (1644300)|VARIABLE_SCOPE_BEGIN|[16]|CasosControllerExtension.ST_NUEVO|String|false|true
11:47:15.0 (1890106)|HEAP_ALLOCATE|[95]|Bytes:3
11:47:15.0 (1940131)|HEAP_ALLOCATE|[100]|Bytes:152
11:47:15.0 (1959304)|HEAP_ALLOCATE|[417]|Bytes:408
11:47:15.0 (1980220)|HEAP_ALLOCATE|[430]|Bytes:408
11:47:15.0 (2011424)|HEAP_ALLOCATE|[317]|Bytes:6
11:47:15.0 (2044141)|HEAP_ALLOCATE|[EXTERNAL]|Bytes:11
11:47:15.0 (2060347)|METHOD_ENTRY|[13]|01p0v000003PcLg|CasosControllerExtension.CasosControllerExtension()
11:47:15.0 (2067082)|STATEMENT_EXECUTE|[13]
11:47:15.0 (2073111)|STATEMENT_EXECUTE|[13]
11:47:15.0 (2105123)|HEAP_ALLOCATE|[68]|Bytes:5
11:47:15.0 (2134374)|HEAP_ALLOCATE|[74]|Bytes:5
11:47:15.0 (2141115)|HEAP_ALLOCATE|[82]|Bytes:7
11:47:15.0 (2196963)|HEAP_ALLOCATE|[15]|Bytes:5
11:47:15.0 (2201404)|STATEMENT_EXECUTE|[15]
11:47:15.0 (2203511)|HEAP_ALLOCATE|[15]|Bytes:12
11:47:15.0 (2271511)|VARIABLE_ASSIGNMENT|[15]|CasosControllerExtension.ST_AUTORIZADA|"Autorización"
11:47:15.0 (2277425)|STATEMENT_EXECUTE|[16]
11:47:15.0 (2279450)|HEAP_ALLOCATE|[16]|Bytes:3
11:47:15.0 (2285473)|VARIABLE_ASSIGNMENT|[16]|CasosControllerExtension.ST_NUEVO|"New"
11:47:15.0 (2288774)|STATEMENT_EXECUTE|[17]
11:47:15.0 (2290378)|HEAP_ALLOCATE|[17]|Bytes:8
11:47:15.0 (2295535)|VARIABLE_ASSIGNMENT|[17]|CasosControllerExtension.ST_ASIGNADA|"Asignada"
11:47:15.0 (2298520)|STATEMENT_EXECUTE|[18]
11:47:15.0 (2299771)|HEAP_ALLOCATE|[18]|Bytes:7
11:47:15.0 (2304697)|VARIABLE_ASSIGNMENT|[18]|CasosControllerExtension.ST_CERRADO|"Cerrado"
11:47:15.0 (2307701)|STATEMENT_EXECUTE|[19]
11:47:15.0 (2309431)|HEAP_ALLOCATE|[19]|Bytes:19
11:47:15.0 (2314836)|VARIABLE_ASSIGNMENT|[19]|CasosControllerExtension.RT_RIESGOS|"Riesgos_Originaci_n"
11:47:15.0 (2318153)|STATEMENT_EXECUTE|[20]
11:47:15.0 (2319753)|HEAP_ALLOCATE|[20]|Bytes:18
11:47:15.0 (2324653)|VARIABLE_ASSIGNMENT|[20]|CasosControllerExtension.RT_FIGITAL|"BackOffice_Figital"
11:47:15.0 (2327770)|STATEMENT_EXECUTE|[21]
11:47:15.0 (2329387)|HEAP_ALLOCATE|[21]|Bytes:26
11:47:15.0 (2336475)|VARIABLE_ASSIGNMENT|[21]|CasosControllerExtension.QUEUE_CREDITO_FRAUDES|"BackOffice Credito/F (6 more) ..."
11:47:15.0 (2348226)|METHOD_EXIT|[13]|CasosControllerExtension
11:47:15.0 (2363477)|HEAP_ALLOCATE|[94]|Bytes:5
11:47:15.0 (2366802)|STATEMENT_EXECUTE|[92]
11:47:15.0 (2368098)|STATEMENT_EXECUTE|[94]
11:47:15.0 (2369723)|HEAP_ALLOCATE|[94]|Bytes:4
11:47:15.0 (2579324)|HEAP_ALLOCATE|[94]|Bytes:4
11:47:15.0 (4759726)|HEAP_ALLOCATE|[94]|Bytes:412
11:47:15.0 (4878001)|HEAP_ALLOCATE|[94]|Bytes:4
11:47:15.0 (4895679)|HEAP_ALLOCATE|[94]|Bytes:18
11:47:15.0 (4902152)|VARIABLE_SCOPE_BEGIN|[94]|idRecordTypeCredito|String|false|false
11:47:15.0 (4923664)|VARIABLE_ASSIGNMENT|[94]|idRecordTypeCredito|"0120v000000fwTjAAI"
11:47:15.0 (4929125)|STATEMENT_EXECUTE|[95]
11:47:15.0 (5058869)|HEAP_ALLOCATE|[95]|Bytes:4
11:47:15.0 (6999764)|HEAP_ALLOCATE|[95]|Bytes:412
11:47:15.0 (7071741)|HEAP_ALLOCATE|[95]|Bytes:4
11:47:15.0 (7081083)|HEAP_ALLOCATE|[95]|Bytes:18
11:47:15.0 (7086648)|VARIABLE_SCOPE_BEGIN|[95]|idRecordTypeFigital|String|false|false
11:47:15.0 (7103993)|VARIABLE_ASSIGNMENT|[95]|idRecordTypeFigital|"0120v000000pcRFAAY"
11:47:15.0 (7108856)|STATEMENT_EXECUTE|[97]
11:47:15.0 (7112856)|HEAP_ALLOCATE|[97]|Bytes:151
11:47:15.0 (7126560)|HEAP_ALLOCATE|[97]|Bytes:4
11:47:15.0 (7136828)|HEAP_ALLOCATE|[97]|Bytes:7
11:47:15.0 (7148603)|HEAP_ALLOCATE|[97]|Bytes:7
11:47:15.0 (7153704)|HEAP_ALLOCATE|[97]|Bytes:7
11:47:15.0 (8055828)|SOQL_EXECUTE_BEGIN|[97]|Aggregations:0|SELECT Id, CreatedDate, ClosedDate FROM Case WHERE (Status = :tmpVar1 AND CreatedDate = TODAY AND (RecordTypeId = :tmpVar2 OR RecordTypeId = :tmpVar3))
11:47:15.0 (28525480)|SOQL_EXECUTE_END|[97]|Rows:0
11:47:15.0 (28558898)|HEAP_ALLOCATE|[97]|Bytes:4
11:47:15.0 (28571518)|HEAP_ALLOCATE|[97]|Bytes:0
11:47:15.0 (28609149)|HEAP_ALLOCATE|[97]|Bytes:4
11:47:15.0 (28627902)|VARIABLE_SCOPE_BEGIN|[97]|listaCasosCerrados|List<Case>|true|false
11:47:15.0 (28652747)|VARIABLE_ASSIGNMENT|[97]|listaCasosCerrados|[]|0x1a47b9f
11:47:15.0 (28657607)|STATEMENT_EXECUTE|[99]
11:47:15.28 (28706839)|CUMULATIVE_LIMIT_USAGE
11:47:15.28 (28706839)|LIMIT_USAGE_FOR_NS|(default)|
  Number of SOQL queries: 1 out of 100
  Number of query rows: 0 out of 50000
  Number of SOSL queries: 0 out of 20
  Number of DML statements: 0 out of 150
  Number of Publish Immediate DML: 0 out of 150
  Number of DML rows: 0 out of 10000
  Maximum CPU time: 0 out of 10000
  Maximum heap size: 0 out of 6000000
  Number of callouts: 0 out of 100
  Number of Email Invocations: 0 out of 10
  Number of future calls: 0 out of 50
  Number of queueable jobs added to the queue: 0 out of 50
  Number of Mobile Apex push calls: 0 out of 10

11:47:15.28 (28706839)|CUMULATIVE_LIMIT_USAGE_END

11:47:15.0 (28729488)|CODE_UNIT_FINISHED|CasosControllerExtension.obtenerCasosCerrados()
11:47:15.0 (28907808)|CODE_UNIT_FINISHED|apex://CasosControllerExtension/ACTION$obtenerCasosCerrados
11:47:15.0 (28912466)|EXECUTION_FINISHED
