52.0 APEX_CODE,FINEST;APEX_PROFILING,INFO;CALLOUT,INFO;DATA_ACCESS,INFO;DB,INFO;NBA,INFO;SYSTEM,DEBUG;VALIDATION,INFO;VISUALFORCE,INFO;WAVE,INFO;WORKFLOW,INFO
18:33:01.0 (269809)|USER_INFO|[EXTERNAL]|0051N000008bAK9|contingenciafalabella@falabella.com.mx|(GMT-06:00) Central Standard Time (America/Mexico_City)|GMT-06:00
18:33:01.0 (373084)|EXECUTION_STARTED
18:33:01.0 (406092)|CODE_UNIT_STARTED|[EXTERNAL]|01p3l00000EBsec|BatchUpdateCaseGestorBO
18:33:01.0 (2473505)|HEAP_ALLOCATE|[95]|Bytes:3
18:33:01.0 (2584464)|HEAP_ALLOCATE|[100]|Bytes:152
18:33:01.0 (2600336)|HEAP_ALLOCATE|[417]|Bytes:408
18:33:01.0 (2611499)|HEAP_ALLOCATE|[430]|Bytes:408
18:33:01.0 (2631497)|HEAP_ALLOCATE|[317]|Bytes:6
18:33:01.0 (4489188)|HEAP_ALLOCATE|[EXTERNAL]|Bytes:98
18:33:01.0 (30111811)|HEAP_ALLOCATE|[EXTERNAL]|Bytes:11
18:33:01.0 (30166445)|SYSTEM_METHOD_ENTRY|[15]|BatchableContextImpl.BatchableContextImpl()
18:33:01.0 (30188441)|STATEMENT_EXECUTE|[15]
18:33:01.0 (30210687)|SYSTEM_METHOD_EXIT|[15]|BatchableContextImpl
18:33:01.0 (30217730)|HEAP_ALLOCATE|[EXTERNAL]|Bytes:12
18:33:01.0 (30221782)|HEAP_ALLOCATE|[EXTERNAL]|Bytes:4
18:33:01.0 (30237575)|VARIABLE_SCOPE_BEGIN|[31]|this|Database.BatchableContextImpl|true|false
18:33:01.0 (30335081)|VARIABLE_ASSIGNMENT|[31]|this|{}|0x6bccc91e
18:33:01.0 (30339544)|VARIABLE_SCOPE_BEGIN|[31]|jobId|Id|false|false
18:33:01.0 (30447083)|VARIABLE_ASSIGNMENT|[31]|jobId|"707RQ00001vVuBCYA0"
18:33:01.0 (30450282)|VARIABLE_SCOPE_BEGIN|[31]|childJobId|Id|false|false
18:33:01.0 (30455955)|VARIABLE_ASSIGNMENT|[31]|childJobId|null
18:33:01.0 (33978035)|HEAP_ALLOCATE|[EXTERNAL]|Bytes:99
18:33:01.0 (33997172)|HEAP_ALLOCATE|[EXTERNAL]|Bytes:12
18:33:01.0 (34017354)|METHOD_ENTRY|[11]|01p3l00000EBsec|BatchUpdateCaseGestorBO.BatchUpdateCaseGestorBO()
18:33:01.0 (34028593)|STATEMENT_EXECUTE|[11]
18:33:01.0 (34036436)|STATEMENT_EXECUTE|[11]
18:33:01.0 (34043005)|METHOD_EXIT|[11]|BatchUpdateCaseGestorBO
18:33:01.0 (34049070)|HEAP_ALLOCATE|[EXTERNAL]|Bytes:20
18:33:01.0 (34051297)|HEAP_ALLOCATE|[EXTERNAL]|Bytes:12
18:33:01.0 (34056914)|VARIABLE_SCOPE_BEGIN|[33]|this|BatchUpdateCaseGestorBO|true|false
18:33:01.0 (34119056)|VARIABLE_ASSIGNMENT|[33]|this|{"idQueueFraudesCredito":"00G3l000004HYBREA4","intCallMSAttempts":3,"lstRecordTypesBO":"0x4d6dc2b4","lstRequestsWithError":"0x5d77348a"}|0x2a580a44
18:33:01.0 (34123798)|VARIABLE_SCOPE_BEGIN|[33]|BC|Database.BatchableContext|true|false
18:33:01.0 (34176924)|VARIABLE_ASSIGNMENT|[33]|BC|{"jobId":"707RQ00001vVuBCYA0"}|0x6bccc91e
18:33:01.0 (34184939)|STATEMENT_EXECUTE|[33]
18:33:01.0 (34186111)|STATEMENT_EXECUTE|[35]
18:33:01.0 (34189344)|HEAP_ALLOCATE|[35]|Bytes:217
18:33:01.0 (34212013)|HEAP_ALLOCATE|[35]|Bytes:4
18:33:01.0 (34227679)|HEAP_ALLOCATE|[35]|Bytes:7
18:33:01.0 (34245963)|HEAP_ALLOCATE|[35]|Bytes:7
18:33:01.0 (34249785)|HEAP_ALLOCATE|[35]|Bytes:7
18:33:01.0 (34287283)|HEAP_ALLOCATE|[68]|Bytes:5
18:33:01.0 (34311336)|HEAP_ALLOCATE|[74]|Bytes:5
18:33:01.0 (34318546)|HEAP_ALLOCATE|[82]|Bytes:7
18:33:01.0 (35923615)|SOQL_EXECUTE_BEGIN|[35]|Aggregations:0|SELECT ID_Solicitud__c, Solicitud_Repetida__c, Total_a_Condonar__c FROM Case WHERE (OwnerId = :tmpVar1 AND RecordTypeId IN :tmpVar2 AND (Actualizaci_n_de_domicilio_en_SAT__c = FALSE OR Total_a_Condonar__c < :tmpVar3))
18:33:01.0 (85642265)|SOQL_EXECUTE_END|[35]|Rows:3
18:33:01.0 (85872830)|HEAP_ALLOCATE|[35]|Bytes:20
18:33:01.127 (127562423)|CUMULATIVE_LIMIT_USAGE
18:33:01.127 (127562423)|LIMIT_USAGE_FOR_NS|(default)|
  Number of SOQL queries: 0 out of 200
  Number of query rows: 0 out of 50000
  Number of SOSL queries: 0 out of 20
  Number of DML statements: 0 out of 150
  Number of Publish Immediate DML: 0 out of 150
  Number of DML rows: 0 out of 10000
  Maximum CPU time: 0 out of 60000
  Maximum heap size: 0 out of 12000000
  Number of callouts: 0 out of 0
  Number of Email Invocations: 0 out of 10
  Number of future calls: 0 out of 0
  Number of queueable jobs added to the queue: 0 out of 1
  Number of Mobile Apex push calls: 0 out of 10

18:33:01.127 (127562423)|CUMULATIVE_LIMIT_USAGE_END

18:33:01.0 (127707616)|CODE_UNIT_FINISHED|BatchUpdateCaseGestorBO
18:33:01.0 (127735031)|EXECUTION_FINISHED
