52.0 APEX_CODE,FINEST;APEX_PROFILING,INFO;CALLOUT,INFO;DATA_ACCESS,INFO;DB,INFO;NBA,INFO;SYSTEM,DEBUG;VALIDATION,INFO;VISUALFORCE,INFO;WAVE,INFO;WORKFLOW,INFO
18:30:00.0 (356892)|USER_INFO|[EXTERNAL]|0051N000008bAK9|contingenciafalabella@falabella.com.mx|(GMT-06:00) Central Standard Time (America/Mexico_City)|GMT-06:00
18:30:00.0 (464052)|EXECUTION_STARTED
18:30:00.0 (500080)|CODE_UNIT_STARTED|[EXTERNAL]|01p3l00000EBsek|BatchUpdateCaseGestorBOk min30
18:30:00.0 (14661289)|HEAP_ALLOCATE|[95]|Bytes:3
18:30:00.0 (14783957)|HEAP_ALLOCATE|[100]|Bytes:152
18:30:00.0 (14798269)|HEAP_ALLOCATE|[417]|Bytes:408
18:30:00.0 (14809529)|HEAP_ALLOCATE|[430]|Bytes:408
18:30:00.0 (14830957)|HEAP_ALLOCATE|[317]|Bytes:6
18:30:00.0 (14892918)|HEAP_ALLOCATE|[EXTERNAL]|Bytes:3
18:30:00.0 (14938962)|SYSTEM_METHOD_ENTRY|[1]|SchedulableContextImpl.SchedulableContextImpl()
18:30:00.0 (14960664)|STATEMENT_EXECUTE|[1]
18:30:00.0 (14995908)|SYSTEM_METHOD_EXIT|[1]|SchedulableContextImpl
18:30:00.0 (15001584)|HEAP_ALLOCATE|[EXTERNAL]|Bytes:8
18:30:00.0 (15004413)|HEAP_ALLOCATE|[EXTERNAL]|Bytes:4
18:30:00.0 (15016379)|VARIABLE_SCOPE_BEGIN|[4]|this|System.SchedulableContextImpl|true|false
18:30:00.0 (15168421)|VARIABLE_ASSIGNMENT|[4]|this|{}|0x65ff5398
18:30:00.0 (15177047)|VARIABLE_SCOPE_BEGIN|[4]|triggerId|Id|false|false
18:30:00.0 (15292809)|VARIABLE_ASSIGNMENT|[4]|triggerId|"08e3l000048VPUgAAO"
18:30:00.0 (18551834)|HEAP_ALLOCATE|[EXTERNAL]|Bytes:2
18:30:00.0 (18600635)|METHOD_ENTRY|[11]|01p3l00000EBsek|ScheduleBatchUpdateCaseGestorBO.ScheduleBatchUpdateCaseGestorBO()
18:30:00.0 (18641341)|STATEMENT_EXECUTE|[11]
18:30:00.0 (18651695)|STATEMENT_EXECUTE|[11]
18:30:00.0 (18661049)|METHOD_EXIT|[11]|ScheduleBatchUpdateCaseGestorBO
18:30:00.0 (18673059)|HEAP_ALLOCATE|[EXTERNAL]|Bytes:4
18:30:00.0 (18676892)|HEAP_ALLOCATE|[EXTERNAL]|Bytes:8
18:30:00.0 (18717328)|VARIABLE_SCOPE_BEGIN|[13]|this|ScheduleBatchUpdateCaseGestorBO|true|false
18:30:00.0 (18756778)|VARIABLE_ASSIGNMENT|[13]|this|{}|0x271ae3a6
18:30:00.0 (18763689)|VARIABLE_SCOPE_BEGIN|[13]|SC|System.SchedulableContext|true|false
18:30:00.0 (18860254)|VARIABLE_ASSIGNMENT|[13]|SC|{"triggerId":"08e3l000048VPUgAAO"}|0x65ff5398
18:30:00.0 (18876164)|STATEMENT_EXECUTE|[13]
18:30:00.0 (18878009)|STATEMENT_EXECUTE|[15]
18:30:00.0 (22522407)|HEAP_ALLOCATE|[15]|Bytes:99
18:30:00.0 (22539142)|HEAP_ALLOCATE|[15]|Bytes:12
18:30:00.0 (22589445)|METHOD_ENTRY|[11]|01p3l00000EBsec|BatchUpdateCaseGestorBO.BatchUpdateCaseGestorBO()
18:30:00.0 (22604293)|STATEMENT_EXECUTE|[11]
18:30:00.0 (22624281)|STATEMENT_EXECUTE|[11]
18:30:00.0 (22636128)|METHOD_EXIT|[11]|BatchUpdateCaseGestorBO
18:30:00.0 (22681689)|HEAP_ALLOCATE|[15]|Bytes:20
18:30:00.0 (22798693)|CONSTRUCTOR_ENTRY|[15]|01p3l00000EBsec|<init>()|BatchUpdateCaseGestorBO
18:30:00.0 (22907018)|VARIABLE_SCOPE_BEGIN|[22]|this|BatchUpdateCaseGestorBO|true|false
18:30:00.0 (22962411)|VARIABLE_ASSIGNMENT|[22]|this|{}|0x264416c8
18:30:00.0 (22972459)|STATEMENT_EXECUTE|[11]
18:30:00.0 (22974097)|STATEMENT_EXECUTE|[13]
18:30:00.0 (22975731)|STATEMENT_EXECUTE|[14]
18:30:00.0 (22977038)|STATEMENT_EXECUTE|[17]
18:30:00.0 (23120523)|VARIABLE_SCOPE_BEGIN|[34]|Constants.APPROVAL_PROCESS_BO_UPDATE_MOBILE|String|false|true
18:30:00.0 (23130191)|VARIABLE_SCOPE_BEGIN|[63]|Constants.BATCH_BACKOFFICE_EMAIL_ADDRESS|String|false|true
18:30:00.0 (23149323)|VARIABLE_SCOPE_BEGIN|[64]|Constants.BATCH_BACKOFFICE_NUMBER_ATTEMPTS|String|false|true
18:30:00.0 (23153962)|VARIABLE_SCOPE_BEGIN|[33]|Constants.CUSTOM_NOTIFICATION_BO|String|false|true
18:30:00.0 (23158708)|VARIABLE_SCOPE_BEGIN|[19]|Constants.EMBOCE_CENTRALIZADO_VALIDACION_DIAS_SUBCATEGORIAS|String|false|true
18:30:00.0 (23163202)|VARIABLE_SCOPE_BEGIN|[15]|Constants.EMBOCE_CENTRALIZADO_VALOR_CREACION_DE_CASOS|String|false|true
18:30:00.0 (23167737)|VARIABLE_SCOPE_BEGIN|[85]|Constants.ESTAFETA_ENDPOINT_CUSTSHIPMENTTRACKING|String|false|true
18:30:00.0 (23172008)|VARIABLE_SCOPE_BEGIN|[84]|Constants.ESTAFETA_ENDPOINT_TOKEN|String|false|true
18:30:00.0 (23176389)|VARIABLE_SCOPE_BEGIN|[88]|Constants.ESTAFETA_FILTERTYPE|String|false|true
18:30:00.0 (23181099)|VARIABLE_SCOPE_BEGIN|[89]|Constants.ESTAFETA_HISTORYTYPE|String|false|true
18:30:00.0 (23185760)|VARIABLE_SCOPE_BEGIN|[86]|Constants.ESTAFETA_SEARCHTYPE|String|false|true
18:30:00.0 (23194924)|VARIABLE_SCOPE_BEGIN|[87]|Constants.ESTAFETA_WAYBILLTYPE|String|false|true
18:30:00.0 (23199733)|VARIABLE_SCOPE_BEGIN|[76]|Constants.HTTP_ACCEPT|String|false|true
18:30:00.0 (23204639)|VARIABLE_SCOPE_BEGIN|[78]|Constants.HTTP_APIKEY|String|false|true
18:30:00.0 (23209521)|VARIABLE_SCOPE_BEGIN|[77]|Constants.HTTP_APP_JSON|String|false|true
18:30:00.0 (23214202)|VARIABLE_SCOPE_BEGIN|[75]|Constants.HTTP_APP_URLENCODED|String|false|true
18:30:00.0 (23219146)|VARIABLE_SCOPE_BEGIN|[79]|Constants.HTTP_AUTHORIZATION|String|false|true
18:30:00.0 (23224724)|VARIABLE_SCOPE_BEGIN|[80]|Constants.HTTP_BEARER|String|false|true
18:30:00.0 (23229866)|VARIABLE_SCOPE_BEGIN|[69]|Constants.HTTP_CLIENT_CREDENTIALS|String|false|true
18:30:00.0 (23238903)|VARIABLE_SCOPE_BEGIN|[72]|Constants.HTTP_CLIENT_ID|String|false|true
18:30:00.0 (23244415)|VARIABLE_SCOPE_BEGIN|[73]|Constants.HTTP_CLIENT_SECRET|String|false|true
18:30:00.0 (23249803)|VARIABLE_SCOPE_BEGIN|[74]|Constants.HTTP_CONTENT_TYPE|String|false|true
18:30:00.0 (23255592)|VARIABLE_SCOPE_BEGIN|[71]|Constants.HTTP_EXECUTE|String|false|true
18:30:00.0 (23261091)|VARIABLE_SCOPE_BEGIN|[68]|Constants.HTTP_GRANT_TYPE|String|false|true
18:30:00.0 (23266904)|VARIABLE_SCOPE_BEGIN|[67]|Constants.HTTP_METHOD_POST|String|false|true
18:30:00.0 (23273432)|VARIABLE_SCOPE_BEGIN|[70]|Constants.HTTP_SCOPE|String|false|true
18:30:00.0 (23279354)|VARIABLE_SCOPE_BEGIN|[81]|Constants.HTTP_TIMEOUT|String|false|true
18:30:00.0 (23286634)|VARIABLE_SCOPE_BEGIN|[41]|Constants.MAP_MONTHS|Map<Integer,String>|true|true
18:30:00.0 (23292870)|VARIABLE_SCOPE_BEGIN|[57]|Constants.MS_INCODE_DASHBOARD_URL|String|false|true
18:30:00.0 (23299210)|VARIABLE_SCOPE_BEGIN|[38]|Constants.MS_SENDNOTIFICATION_CODIGO_AREA_MX|String|false|true
18:30:00.0 (23305612)|VARIABLE_SCOPE_BEGIN|[39]|Constants.MS_SENDNOTIFICATION_FIGITAL_SMS_APROBADO_1|String|false|true
18:30:00.0 (23312004)|VARIABLE_SCOPE_BEGIN|[40]|Constants.MS_SENDNOTIFICATION_FIGITAL_SMS_RECHAZO|String|false|true
18:30:00.0 (23318330)|VARIABLE_SCOPE_BEGIN|[37]|Constants.MS_SENDNOTIFICATION_TIPO_SMS|String|false|true
18:30:00.0 (23325420)|VARIABLE_SCOPE_BEGIN|[28]|Constants.PATH_CAN_TIT_MOTIVOS_DE_RETENCION_PERMITIDOS_N_VECES|String|false|true
18:30:00.0 (23365998)|VARIABLE_SCOPE_BEGIN|[21]|Constants.QUEUE_BACK_OFFICE_CASE_CALL_CENTER|String|false|true
18:30:00.0 (23373840)|VARIABLE_SCOPE_BEGIN|[32]|Constants.QUEUE_BO_COORDINADORES_APPROVAL_NOTIFICATION|String|false|true
18:30:00.0 (23382750)|VARIABLE_SCOPE_BEGIN|[24]|Constants.REGLA_DOCUMENTACION_ARCHINO_NO_VALIDO|String|false|true
18:30:00.0 (23390130)|VARIABLE_SCOPE_BEGIN|[23]|Constants.REGLA_DOCUMENTACION_ARCHIVOS_PERMITIDOS|String|false|true
18:30:00.0 (23397260)|VARIABLE_SCOPE_BEGIN|[22]|Constants.REGLA_DOCUMENTACION_MENSAJE_ERROR|String|false|true
18:30:00.0 (23404435)|VARIABLE_SCOPE_BEGIN|[60]|Constants.REPORTE_BACKOFFICE_PAGINATION_NUMBER_OF_RECORDS|String|false|true
18:30:00.0 (23411300)|VARIABLE_SCOPE_BEGIN|[20]|Constants.RETENCION_TITULAR_QUEUE_ACLARACIONES|String|false|true
18:30:00.0 (23433699)|METHOD_ENTRY|[12]|01p3l00000EBqyn|Constants.Constants()
18:30:00.0 (23439179)|STATEMENT_EXECUTE|[12]
18:30:00.0 (23451885)|STATEMENT_EXECUTE|[12]
18:30:00.0 (23453485)|STATEMENT_EXECUTE|[15]
18:30:00.0 (23460983)|HEAP_ALLOCATE|[15]|Bytes:43
18:30:00.0 (23499856)|HEAP_ALLOCATE|[68]|Bytes:5
18:30:00.0 (23549763)|HEAP_ALLOCATE|[74]|Bytes:5
18:30:00.0 (23554955)|HEAP_ALLOCATE|[82]|Bytes:7
18:30:00.0 (25650829)|HEAP_ALLOCATE|[15]|Bytes:3
18:30:00.0 (25755361)|VARIABLE_ASSIGNMENT|[15]|Constants.EMBOCE_CENTRALIZADO_VALOR_CREACION_DE_CASOS|"014"
18:30:00.0 (25767753)|STATEMENT_EXECUTE|[19]
18:30:00.0 (25771898)|HEAP_ALLOCATE|[19]|Bytes:49
18:30:00.0 (25796085)|HEAP_ALLOCATE|[19]|Bytes:1
18:30:00.0 (25804262)|VARIABLE_ASSIGNMENT|[19]|Constants.EMBOCE_CENTRALIZADO_VALIDACION_DIAS_SUBCATEGORIAS|"0"
18:30:00.0 (25807256)|STATEMENT_EXECUTE|[20]
18:30:00.0 (25809078)|HEAP_ALLOCATE|[20]|Bytes:36
18:30:00.0 (25814247)|HEAP_ALLOCATE|[20]|Bytes:18
18:30:00.0 (25826890)|VARIABLE_ASSIGNMENT|[20]|Constants.RETENCION_TITULAR_QUEUE_ACLARACIONES|"Aclaraciones_Corto"
18:30:00.0 (25849076)|STATEMENT_EXECUTE|[21]
18:30:00.0 (25850885)|HEAP_ALLOCATE|[21]|Bytes:34
18:30:00.0 (25857170)|HEAP_ALLOCATE|[21]|Bytes:19
18:30:00.0 (25864675)|VARIABLE_ASSIGNMENT|[21]|Constants.QUEUE_BACK_OFFICE_CASE_CALL_CENTER|"Atenci_n_BackOffice"
18:30:00.0 (25867201)|STATEMENT_EXECUTE|[22]
18:30:00.0 (25868263)|HEAP_ALLOCATE|[22]|Bytes:33
18:30:00.0 (25872615)|HEAP_ALLOCATE|[22]|Bytes:36
18:30:00.0 (25879964)|VARIABLE_ASSIGNMENT|[22]|Constants.REGLA_DOCUMENTACION_MENSAJE_ERROR|"Es necesario anexar  (16 more) ..."
18:30:00.0 (25882448)|STATEMENT_EXECUTE|[23]
18:30:00.0 (25883673)|HEAP_ALLOCATE|[23]|Bytes:39
18:30:00.0 (25890197)|HEAP_ALLOCATE|[23]|Bytes:4
18:30:00.0 (25897904)|VARIABLE_ASSIGNMENT|[23]|Constants.REGLA_DOCUMENTACION_ARCHIVOS_PERMITIDOS|"null"
18:30:00.0 (25902755)|STATEMENT_EXECUTE|[24]
18:30:00.0 (25904176)|HEAP_ALLOCATE|[24]|Bytes:37
18:30:00.0 (25909711)|HEAP_ALLOCATE|[24]|Bytes:39
18:30:00.0 (25915527)|VARIABLE_ASSIGNMENT|[24]|Constants.REGLA_DOCUMENTACION_ARCHINO_NO_VALIDO|"Es necesario anexar  (19 more) ..."
18:30:00.0 (25918386)|STATEMENT_EXECUTE|[28]
18:30:00.0 (25919675)|HEAP_ALLOCATE|[28]|Bytes:52
18:30:00.0 (25923996)|HEAP_ALLOCATE|[28]|Bytes:28
18:30:00.0 (25929915)|VARIABLE_ASSIGNMENT|[28]|Constants.PATH_CAN_TIT_MOTIVOS_DE_RETENCION_PERMITIDOS_N_VECES|"Asesoría producto;Be (8 more) ..."
18:30:00.0 (25933030)|STATEMENT_EXECUTE|[32]
18:30:00.0 (25934172)|HEAP_ALLOCATE|[32]|Bytes:44
18:30:00.0 (25939103)|HEAP_ALLOCATE|[32]|Bytes:21
18:30:00.0 (25944545)|VARIABLE_ASSIGNMENT|[32]|Constants.QUEUE_BO_COORDINADORES_APPROVAL_NOTIFICATION|"Riesgos_Coordinadore (1 more) ..."
18:30:00.0 (25946984)|STATEMENT_EXECUTE|[33]
18:30:00.0 (25948043)|HEAP_ALLOCATE|[33]|Bytes:22
18:30:00.0 (25952447)|HEAP_ALLOCATE|[33]|Bytes:26
18:30:00.0 (25957482)|VARIABLE_ASSIGNMENT|[33]|Constants.CUSTOM_NOTIFICATION_BO|"Aprobacion_de_Cupo_R (6 more) ..."
18:30:00.0 (25960034)|STATEMENT_EXECUTE|[34]
18:30:00.0 (25961232)|HEAP_ALLOCATE|[34]|Bytes:33
18:30:00.0 (25966437)|HEAP_ALLOCATE|[34]|Bytes:16
18:30:00.0 (25972797)|VARIABLE_ASSIGNMENT|[34]|Constants.APPROVAL_PROCESS_BO_UPDATE_MOBILE|"BO_Update_Mobile"
18:30:00.0 (25976610)|STATEMENT_EXECUTE|[37]
18:30:00.0 (25978364)|HEAP_ALLOCATE|[37]|Bytes:28
18:30:00.0 (25985199)|HEAP_ALLOCATE|[37]|Bytes:3
18:30:00.0 (25992381)|VARIABLE_ASSIGNMENT|[37]|Constants.MS_SENDNOTIFICATION_TIPO_SMS|"SMS"
18:30:00.0 (25995955)|STATEMENT_EXECUTE|[38]
18:30:00.0 (25997680)|HEAP_ALLOCATE|[38]|Bytes:34
18:30:00.0 (26004737)|HEAP_ALLOCATE|[38]|Bytes:3
18:30:00.0 (26013086)|VARIABLE_ASSIGNMENT|[38]|Constants.MS_SENDNOTIFICATION_CODIGO_AREA_MX|"521"
18:30:00.0 (26016705)|STATEMENT_EXECUTE|[39]
18:30:00.0 (26018312)|HEAP_ALLOCATE|[39]|Bytes:42
18:30:00.0 (26025285)|HEAP_ALLOCATE|[39]|Bytes:135
18:30:00.0 (26033915)|VARIABLE_ASSIGNMENT|[39]|Constants.MS_SENDNOTIFICATION_FIGITAL_SMS_APROBADO_1|"¡FELICIDADES! Tu TDC (115 more) ..."
18:30:00.0 (26038414)|STATEMENT_EXECUTE|[40]
18:30:00.0 (26040275)|HEAP_ALLOCATE|[40]|Bytes:39
18:30:00.0 (26047450)|HEAP_ALLOCATE|[40]|Bytes:158
18:30:00.0 (26056076)|VARIABLE_ASSIGNMENT|[40]|Constants.MS_SENDNOTIFICATION_FIGITAL_SMS_RECHAZO|"Lo sentimos, tu TDC  (138 more) ..."
18:30:00.0 (26060126)|STATEMENT_EXECUTE|[41]
18:30:00.0 (26087045)|HEAP_ALLOCATE|[41]|Bytes:4
18:30:00.0 (26103235)|HEAP_ALLOCATE|[42]|Bytes:3
18:30:00.0 (26186243)|HEAP_ALLOCATE|[41]|Bytes:4
18:30:00.0 (26203276)|HEAP_ALLOCATE|[43]|Bytes:3
18:30:00.0 (26207582)|HEAP_ALLOCATE|[41]|Bytes:4
18:30:00.0 (26212304)|HEAP_ALLOCATE|[44]|Bytes:3
18:30:00.0 (26216884)|HEAP_ALLOCATE|[41]|Bytes:4
18:30:00.0 (26220609)|HEAP_ALLOCATE|[45]|Bytes:3
18:30:00.0 (26223463)|HEAP_ALLOCATE|[41]|Bytes:4
18:30:00.0 (26227165)|HEAP_ALLOCATE|[46]|Bytes:3
18:30:00.0 (26230079)|HEAP_ALLOCATE|[41]|Bytes:4
18:30:00.0 (26233331)|HEAP_ALLOCATE|[47]|Bytes:3
18:30:00.0 (26236066)|HEAP_ALLOCATE|[41]|Bytes:4
18:30:00.0 (26239218)|HEAP_ALLOCATE|[48]|Bytes:3
18:30:00.0 (26241985)|HEAP_ALLOCATE|[41]|Bytes:4
18:30:00.0 (26246061)|HEAP_ALLOCATE|[49]|Bytes:3
18:30:00.0 (26250269)|HEAP_ALLOCATE|[41]|Bytes:4
18:30:00.0 (26255048)|HEAP_ALLOCATE|[50]|Bytes:3
18:30:00.0 (26259829)|HEAP_ALLOCATE|[41]|Bytes:4
18:30:00.0 (26265366)|HEAP_ALLOCATE|[51]|Bytes:3
18:30:00.0 (26268711)|HEAP_ALLOCATE|[41]|Bytes:4
18:30:00.0 (26271720)|HEAP_ALLOCATE|[52]|Bytes:3
18:30:00.0 (26275382)|HEAP_ALLOCATE|[41]|Bytes:4
18:30:00.0 (26279752)|HEAP_ALLOCATE|[53]|Bytes:3
18:30:00.0 (26284049)|HEAP_ALLOCATE|[41]|Bytes:4
18:30:00.0 (26309981)|VARIABLE_ASSIGNMENT|[41]|Constants.MAP_MONTHS|"Map of size 12 too large to display"|0x25761cf8
18:30:00.0 (26314532)|STATEMENT_EXECUTE|[57]
18:30:00.0 (26315977)|HEAP_ALLOCATE|[57]|Bytes:23
18:30:00.0 (26330236)|HEAP_ALLOCATE|[57]|Bytes:54
18:30:00.0 (26337586)|VARIABLE_ASSIGNMENT|[57]|Constants.MS_INCODE_DASHBOARD_URL|"https://dashboard.in (34 more) ..."
18:30:00.0 (26340141)|STATEMENT_EXECUTE|[60]
18:30:00.0 (26341484)|HEAP_ALLOCATE|[60]|Bytes:47
18:30:00.0 (26346747)|HEAP_ALLOCATE|[60]|Bytes:2
18:30:00.0 (26355807)|VARIABLE_ASSIGNMENT|[60]|Constants.REPORTE_BACKOFFICE_PAGINATION_NUMBER_OF_RECORDS|"50"
18:30:00.0 (26358198)|STATEMENT_EXECUTE|[63]
18:30:00.0 (26359410)|HEAP_ALLOCATE|[63]|Bytes:30
18:30:00.0 (26363953)|HEAP_ALLOCATE|[63]|Bytes:437
18:30:00.0 (26368983)|VARIABLE_ASSIGNMENT|[63]|Constants.BATCH_BACKOFFICE_EMAIL_ADDRESS|"jorodriguezca@falabe (417 more) ..."
18:30:00.0 (26375808)|STATEMENT_EXECUTE|[64]
18:30:00.0 (26376933)|HEAP_ALLOCATE|[64]|Bytes:32
18:30:00.0 (26381399)|HEAP_ALLOCATE|[64]|Bytes:1
18:30:00.0 (26385959)|VARIABLE_ASSIGNMENT|[64]|Constants.BATCH_BACKOFFICE_NUMBER_ATTEMPTS|"3"
18:30:00.0 (26388277)|STATEMENT_EXECUTE|[67]
18:30:00.0 (26389306)|HEAP_ALLOCATE|[67]|Bytes:16
18:30:00.0 (26394051)|HEAP_ALLOCATE|[67]|Bytes:4
18:30:00.0 (26398871)|VARIABLE_ASSIGNMENT|[67]|Constants.HTTP_METHOD_POST|"POST"
18:30:00.0 (26401151)|STATEMENT_EXECUTE|[68]
18:30:00.0 (26402282)|HEAP_ALLOCATE|[68]|Bytes:15
18:30:00.0 (26406797)|HEAP_ALLOCATE|[68]|Bytes:10
18:30:00.0 (26411573)|VARIABLE_ASSIGNMENT|[68]|Constants.HTTP_GRANT_TYPE|"grant_type"
18:30:00.0 (26413906)|STATEMENT_EXECUTE|[69]
18:30:00.0 (26414937)|HEAP_ALLOCATE|[69]|Bytes:23
18:30:00.0 (26419512)|HEAP_ALLOCATE|[69]|Bytes:18
18:30:00.0 (26424381)|VARIABLE_ASSIGNMENT|[69]|Constants.HTTP_CLIENT_CREDENTIALS|"client_credentials"
18:30:00.0 (26426725)|STATEMENT_EXECUTE|[70]
18:30:00.0 (26427780)|HEAP_ALLOCATE|[70]|Bytes:10
18:30:00.0 (26432224)|HEAP_ALLOCATE|[70]|Bytes:5
18:30:00.0 (26436860)|VARIABLE_ASSIGNMENT|[70]|Constants.HTTP_SCOPE|"scope"
18:30:00.0 (26439176)|STATEMENT_EXECUTE|[71]
18:30:00.0 (26440326)|HEAP_ALLOCATE|[71]|Bytes:12
18:30:00.0 (26444627)|HEAP_ALLOCATE|[71]|Bytes:7
18:30:00.0 (26449044)|VARIABLE_ASSIGNMENT|[71]|Constants.HTTP_EXECUTE|"execute"
18:30:00.0 (26451343)|STATEMENT_EXECUTE|[72]
18:30:00.0 (26452399)|HEAP_ALLOCATE|[72]|Bytes:14
18:30:00.0 (26456703)|HEAP_ALLOCATE|[72]|Bytes:9
18:30:00.0 (26461230)|VARIABLE_ASSIGNMENT|[72]|Constants.HTTP_CLIENT_ID|"client_id"
18:30:00.0 (26463596)|STATEMENT_EXECUTE|[73]
18:30:00.0 (26464586)|HEAP_ALLOCATE|[73]|Bytes:18
18:30:00.0 (26468990)|HEAP_ALLOCATE|[73]|Bytes:13
18:30:00.0 (26473626)|VARIABLE_ASSIGNMENT|[73]|Constants.HTTP_CLIENT_SECRET|"client_secret"
18:30:00.0 (26476034)|STATEMENT_EXECUTE|[74]
18:30:00.0 (26477020)|HEAP_ALLOCATE|[74]|Bytes:17
18:30:00.0 (26482178)|HEAP_ALLOCATE|[74]|Bytes:12
18:30:00.0 (26486841)|VARIABLE_ASSIGNMENT|[74]|Constants.HTTP_CONTENT_TYPE|"Content-Type"
18:30:00.0 (26489141)|STATEMENT_EXECUTE|[75]
18:30:00.0 (26490230)|HEAP_ALLOCATE|[75]|Bytes:19
18:30:00.0 (26494630)|HEAP_ALLOCATE|[75]|Bytes:33
18:30:00.0 (26499789)|VARIABLE_ASSIGNMENT|[75]|Constants.HTTP_APP_URLENCODED|"application/x-www-fo (13 more) ..."
18:30:00.0 (26502032)|STATEMENT_EXECUTE|[76]
18:30:00.0 (26503275)|HEAP_ALLOCATE|[76]|Bytes:11
18:30:00.0 (26507426)|HEAP_ALLOCATE|[76]|Bytes:6
18:30:00.0 (26511729)|VARIABLE_ASSIGNMENT|[76]|Constants.HTTP_ACCEPT|"accept"
18:30:00.0 (26514325)|STATEMENT_EXECUTE|[77]
18:30:00.0 (26515710)|HEAP_ALLOCATE|[77]|Bytes:13
18:30:00.0 (26519617)|HEAP_ALLOCATE|[77]|Bytes:16
18:30:00.0 (26524227)|VARIABLE_ASSIGNMENT|[77]|Constants.HTTP_APP_JSON|"application/json"
18:30:00.0 (26526579)|STATEMENT_EXECUTE|[78]
18:30:00.0 (26527626)|HEAP_ALLOCATE|[78]|Bytes:11
18:30:00.0 (26531809)|HEAP_ALLOCATE|[78]|Bytes:6
18:30:00.0 (26536180)|VARIABLE_ASSIGNMENT|[78]|Constants.HTTP_APIKEY|"apikey"
18:30:00.0 (26538494)|STATEMENT_EXECUTE|[79]
18:30:00.0 (26539469)|HEAP_ALLOCATE|[79]|Bytes:18
18:30:00.0 (26543620)|HEAP_ALLOCATE|[79]|Bytes:13
18:30:00.0 (26548131)|VARIABLE_ASSIGNMENT|[79]|Constants.HTTP_AUTHORIZATION|"Authorization"
18:30:00.0 (26550316)|STATEMENT_EXECUTE|[80]
18:30:00.0 (26551291)|HEAP_ALLOCATE|[80]|Bytes:11
18:30:00.0 (26555565)|HEAP_ALLOCATE|[80]|Bytes:6
18:30:00.0 (26560035)|VARIABLE_ASSIGNMENT|[80]|Constants.HTTP_BEARER|"Bearer"
18:30:00.0 (26562306)|STATEMENT_EXECUTE|[81]
18:30:00.0 (26563371)|HEAP_ALLOCATE|[81]|Bytes:12
18:30:00.0 (26567600)|HEAP_ALLOCATE|[81]|Bytes:6
18:30:00.0 (26572481)|VARIABLE_ASSIGNMENT|[81]|Constants.HTTP_TIMEOUT|"120000"
18:30:00.0 (26574620)|STATEMENT_EXECUTE|[84]
18:30:00.0 (26575579)|HEAP_ALLOCATE|[84]|Bytes:23
18:30:00.0 (26579786)|HEAP_ALLOCATE|[84]|Bytes:44
18:30:00.0 (26584476)|VARIABLE_ASSIGNMENT|[84]|Constants.ESTAFETA_ENDPOINT_TOKEN|"https://api.estafeta (24 more) ..."
18:30:00.0 (26587815)|STATEMENT_EXECUTE|[85]
18:30:00.0 (26589241)|HEAP_ALLOCATE|[85]|Bytes:38
18:30:00.0 (26595947)|HEAP_ALLOCATE|[85]|Bytes:64
18:30:00.0 (26602829)|VARIABLE_ASSIGNMENT|[85]|Constants.ESTAFETA_ENDPOINT_CUSTSHIPMENTTRACKING|"https://csrest.estaf (44 more) ..."
18:30:00.0 (26606465)|STATEMENT_EXECUTE|[86]
18:30:00.0 (26608076)|HEAP_ALLOCATE|[86]|Bytes:19
18:30:00.0 (26614161)|HEAP_ALLOCATE|[86]|Bytes:1
18:30:00.0 (26621636)|VARIABLE_ASSIGNMENT|[86]|Constants.ESTAFETA_SEARCHTYPE|"L"
18:30:00.0 (26624856)|STATEMENT_EXECUTE|[87]
18:30:00.0 (26626743)|HEAP_ALLOCATE|[87]|Bytes:20
18:30:00.0 (26633724)|HEAP_ALLOCATE|[87]|Bytes:1
18:30:00.0 (26640481)|VARIABLE_ASSIGNMENT|[87]|Constants.ESTAFETA_WAYBILLTYPE|"G"
18:30:00.0 (26644061)|STATEMENT_EXECUTE|[88]
18:30:00.0 (26645582)|HEAP_ALLOCATE|[88]|Bytes:19
18:30:00.0 (26652039)|HEAP_ALLOCATE|[88]|Bytes:9
18:30:00.0 (26658661)|VARIABLE_ASSIGNMENT|[88]|Constants.ESTAFETA_FILTERTYPE|"DELIVERED"
18:30:00.0 (26662044)|STATEMENT_EXECUTE|[89]
18:30:00.0 (26663620)|HEAP_ALLOCATE|[89]|Bytes:20
18:30:00.0 (26669848)|HEAP_ALLOCATE|[89]|Bytes:3
18:30:00.0 (26676158)|VARIABLE_ASSIGNMENT|[89]|Constants.ESTAFETA_HISTORYTYPE|"ALL"
18:30:00.0 (26695503)|METHOD_EXIT|[12]|Constants
18:30:00.0 (26786010)|HEAP_ALLOCATE|[17]|Bytes:4
18:30:00.0 (26800597)|VARIABLE_ASSIGNMENT|[17]|this.intCallMSAttempts|3|0x264416c8
18:30:00.0 (26806987)|STATEMENT_EXECUTE|[20]
18:30:00.0 (26830240)|STATEMENT_EXECUTE|[22]
18:30:00.0 (26831356)|STATEMENT_EXECUTE|[24]
18:30:00.0 (26833161)|HEAP_ALLOCATE|[24]|Bytes:92
18:30:00.0 (26848053)|HEAP_ALLOCATE|[24]|Bytes:4
18:30:00.0 (27407170)|SOQL_EXECUTE_BEGIN|[24]|Aggregations:0|SELECT Id FROM Group WHERE (Type = 'Queue' AND DeveloperName = 'BackOffice_Credito_Fraudes')
18:30:00.0 (33766156)|SOQL_EXECUTE_END|[24]|Rows:1
18:30:00.0 (33803553)|HEAP_ALLOCATE|[24]|Bytes:8
18:30:00.0 (33820596)|HEAP_ALLOCATE|[24]|Bytes:29
18:30:00.0 (33894605)|HEAP_ALLOCATE|[24]|Bytes:8
18:30:00.0 (33909408)|HEAP_ALLOCATE|[24]|Bytes:31
18:30:00.0 (33967471)|HEAP_ALLOCATE|[24]|Bytes:8
18:30:00.0 (34013857)|HEAP_ALLOCATE|[24]|Bytes:18
18:30:00.0 (34037989)|VARIABLE_ASSIGNMENT|[24]|this.idQueueFraudesCredito|"00G3l000004HYBREA4"|0x264416c8
18:30:00.0 (34050719)|STATEMENT_EXECUTE|[25]
18:30:00.0 (34052829)|HEAP_ALLOCATE|[25]|Bytes:4
18:30:00.0 (34513541)|HEAP_ALLOCATE|[25]|Bytes:4
18:30:00.0 (38380203)|HEAP_ALLOCATE|[25]|Bytes:408
18:30:00.0 (38421883)|HEAP_ALLOCATE|[25]|Bytes:19
18:30:00.0 (38487599)|HEAP_ALLOCATE|[25]|Bytes:4
18:30:00.0 (38496187)|HEAP_ALLOCATE|[25]|Bytes:18
18:30:00.0 (38500718)|VARIABLE_SCOPE_BEGIN|[25]|idRecordTypeCredito|String|false|false
18:30:00.0 (38517814)|VARIABLE_ASSIGNMENT|[25]|idRecordTypeCredito|"0123l000001M9F8AAK"
18:30:00.0 (38528891)|STATEMENT_EXECUTE|[26]
18:30:00.0 (38608267)|HEAP_ALLOCATE|[26]|Bytes:4
18:30:00.0 (39943201)|HEAP_ALLOCATE|[26]|Bytes:408
18:30:00.0 (39958863)|HEAP_ALLOCATE|[26]|Bytes:18
18:30:00.0 (39990466)|HEAP_ALLOCATE|[26]|Bytes:4
18:30:00.0 (39999300)|HEAP_ALLOCATE|[26]|Bytes:18
18:30:00.0 (40004060)|VARIABLE_SCOPE_BEGIN|[26]|idRecordTypeFigital|String|false|false
18:30:00.0 (40019576)|VARIABLE_ASSIGNMENT|[26]|idRecordTypeFigital|"0123l0000019LkKAAU"
18:30:00.0 (40029596)|STATEMENT_EXECUTE|[28]
18:30:00.0 (40041430)|HEAP_ALLOCATE|[28]|Bytes:4
18:30:00.0 (40152947)|HEAP_ALLOCATE|[EXTERNAL]|Bytes:12
18:30:00.0 (40175339)|VARIABLE_ASSIGNMENT|[28]|this.lstRecordTypesBO|["0123l000001M9F8AAK","0123l0000019LkKAAU"]|0x264416c8
18:30:00.0 (40181046)|STATEMENT_EXECUTE|[30]
18:30:00.0 (40185557)|HEAP_ALLOCATE|[30]|Bytes:4
18:30:00.0 (40211936)|HEAP_ALLOCATE|[EXTERNAL]|Bytes:4
18:30:00.0 (40221447)|VARIABLE_ASSIGNMENT|[30]|this.lstRequestsWithError|[]|0x264416c8
18:30:00.0 (40239856)|CONSTRUCTOR_EXIT|[15]|01p3l00000EBsec|<init>()|BatchUpdateCaseGestorBO
18:30:00.0 (40245609)|VARIABLE_SCOPE_BEGIN|[15]|batchApex|BatchUpdateCaseGestorBO|true|false
18:30:00.0 (40294251)|VARIABLE_ASSIGNMENT|[15]|batchApex|{"idQueueFraudesCredito":"00G3l000004HYBREA4","intCallMSAttempts":3,"lstRecordTypesBO":"0x68f9952c","lstRequestsWithError":"0x475adfc3"}|0x264416c8
18:30:00.0 (40303283)|STATEMENT_EXECUTE|[16]
18:30:00.119 (119904617)|CUMULATIVE_LIMIT_USAGE
18:30:00.119 (119904617)|LIMIT_USAGE_FOR_NS|(default)|
  Number of SOQL queries: 1 out of 100
  Number of query rows: 1 out of 50000
  Number of SOSL queries: 0 out of 20
  Number of DML statements: 0 out of 150
  Number of Publish Immediate DML: 0 out of 150
  Number of DML rows: 0 out of 10000
  Maximum CPU time: 0 out of 10000
  Maximum heap size: 0 out of 6000000
  Number of callouts: 0 out of 100
  Number of Email Invocations: 0 out of 10
  Number of future calls: 0 out of 50
  Number of queueable jobs added to the queue: 0 out of 50
  Number of Mobile Apex push calls: 0 out of 10

18:30:00.119 (119904617)|CUMULATIVE_LIMIT_USAGE_END

18:30:00.0 (120020491)|CODE_UNIT_FINISHED|BatchUpdateCaseGestorBOk min30
18:30:00.0 (120043689)|EXECUTION_FINISHED
