66.0 APEX_CODE,FINEST;APEX_PROFILING,INFO;CALLOUT,INFO;DATA_ACCESS,INFO;DB,INFO;NBA,INFO;SYSTEM,DEBUG;VALIDATION,INFO;VISUALFORCE,INFO;WAVE,INFO;WORKFLOW,INFO
17:48:12.0 (222653)|USER_INFO|[EXTERNAL]|0051N000008bAK9|contingenciafalabella@falabella.com.mx|(GMT-06:00) Central Standard Time (America/Mexico_City)|GMT-06:00
17:48:12.0 (314651)|EXECUTION_STARTED
17:48:12.0 (336571)|CODE_UNIT_STARTED|[EXTERNAL]|apex://ExpedientesFalabella/ACTION$getDocumentBlobStorage
17:48:12.0 (1458887)|CODE_UNIT_STARTED|[EXTERNAL]|01p3l000005r3c4|ExpedientesFalabella.getDocumentBlobStorage(String, String, String)
17:48:12.0 (1644378)|HEAP_ALLOCATE|[95]|Bytes:3
17:48:12.0 (1718182)|HEAP_ALLOCATE|[100]|Bytes:152
17:48:12.0 (1731430)|HEAP_ALLOCATE|[417]|Bytes:408
17:48:12.0 (1742110)|HEAP_ALLOCATE|[430]|Bytes:408
17:48:12.0 (1762256)|HEAP_ALLOCATE|[317]|Bytes:6
17:48:12.0 (1809727)|HEAP_ALLOCATE|[EXTERNAL]|Bytes:20
17:48:12.0 (1812740)|HEAP_ALLOCATE|[EXTERNAL]|Bytes:11
17:48:12.0 (1862533)|METHOD_ENTRY|[12]|01p3l000005r3c4|ExpedientesFalabella.ExpedientesFalabella()
17:48:12.0 (1878018)|STATEMENT_EXECUTE|[12]
17:48:12.0 (1925110)|STATEMENT_EXECUTE|[12]
17:48:12.0 (1931538)|METHOD_EXIT|[12]|ExpedientesFalabella
17:48:12.0 (1935598)|HEAP_ALLOCATE|[EXTERNAL]|Bytes:9
17:48:12.0 (1937488)|HEAP_ALLOCATE|[EXTERNAL]|Bytes:14
17:48:12.0 (1938828)|HEAP_ALLOCATE|[EXTERNAL]|Bytes:11
17:48:12.0 (1943678)|VARIABLE_SCOPE_BEGIN|[91]|idSolicitud|String|false|false
17:48:12.0 (1981926)|VARIABLE_ASSIGNMENT|[91]|idSolicitud|"309495430"
17:48:12.0 (1984989)|VARIABLE_SCOPE_BEGIN|[91]|link|String|false|false
17:48:12.0 (1989233)|VARIABLE_ASSIGNMENT|[91]|link|"-GafeteReverso"
17:48:12.0 (1991358)|VARIABLE_SCOPE_BEGIN|[91]|microServicio|String|false|false
17:48:12.0 (1995369)|VARIABLE_ASSIGNMENT|[91]|microServicio|"BlobStorage"
17:48:12.0 (2002435)|STATEMENT_EXECUTE|[91]
17:48:12.0 (2004278)|STATEMENT_EXECUTE|[93]
17:48:12.0 (2063047)|VARIABLE_SCOPE_BEGIN|[18]|MicroServicioModalImagenesBO.ENDPOINTBLOBSTORAGE|String|false|true
17:48:12.0 (2067076)|VARIABLE_SCOPE_BEGIN|[19]|MicroServicioModalImagenesBO.ENDPOINTWISTONDATA|String|false|true
17:48:12.0 (2069882)|VARIABLE_SCOPE_BEGIN|[20]|MicroServicioModalImagenesBO.MICROSBLOBSTORAGE|String|false|true
17:48:12.0 (2072778)|VARIABLE_SCOPE_BEGIN|[21]|MicroServicioModalImagenesBO.MICROSWISTONDATA|String|false|true
17:48:12.0 (2075573)|VARIABLE_SCOPE_BEGIN|[17]|MicroServicioModalImagenesBO.POST|String|false|true
17:48:12.0 (2082973)|HEAP_ALLOCATE|[93]|Bytes:20
17:48:12.0 (2086723)|HEAP_ALLOCATE|[93]|Bytes:48
17:48:12.0 (2088487)|HEAP_ALLOCATE|[93]|Bytes:24
17:48:12.0 (2098873)|VARIABLE_ASSIGNMENT|[93]|MicroServicioModalImagenesBO.ENDPOINTBLOBSTORAGE|"onboarding/file/down (4 more) ..."
17:48:12.0 (2101116)|HEAP_ALLOCATE|[93]|Bytes:25
17:48:12.0 (2104770)|VARIABLE_ASSIGNMENT|[93]|MicroServicioModalImagenesBO.ENDPOINTWISTONDATA|"integracion/file/dow (5 more) ..."
17:48:12.0 (2106772)|HEAP_ALLOCATE|[93]|Bytes:27
17:48:12.0 (2110888)|VARIABLE_ASSIGNMENT|[93]|MicroServicioModalImagenesBO.MICROSBLOBSTORAGE|"MicroServicioImgBlob (7 more) ..."
17:48:12.0 (2112840)|HEAP_ALLOCATE|[93]|Bytes:26
17:48:12.0 (2116168)|VARIABLE_ASSIGNMENT|[93]|MicroServicioModalImagenesBO.MICROSWISTONDATA|"MicroServicioImgWist (6 more) ..."
17:48:12.0 (2118234)|HEAP_ALLOCATE|[93]|Bytes:4
17:48:12.0 (2121358)|VARIABLE_ASSIGNMENT|[93]|MicroServicioModalImagenesBO.POST|"POST"
17:48:12.0 (2152483)|METHOD_ENTRY|[14]|01p3l000005qhVh|MicroServicioModalImagenesBO.MicroServicioModalImagenesBO()
17:48:12.0 (2156367)|STATEMENT_EXECUTE|[14]
17:48:12.0 (2159968)|STATEMENT_EXECUTE|[14]
17:48:12.0 (2168585)|METHOD_EXIT|[14]|MicroServicioModalImagenesBO
17:48:12.0 (2181553)|METHOD_ENTRY|[93]|01p3l000005qhVh|MicroServicioModalImagenesBO.descargarImagen(String, String, String)
17:48:12.0 (2204198)|VARIABLE_SCOPE_BEGIN|[106]|idSolicitud|String|false|false
17:48:12.0 (2208920)|VARIABLE_ASSIGNMENT|[106]|idSolicitud|"309495430"
17:48:12.0 (2211238)|VARIABLE_SCOPE_BEGIN|[106]|link|String|false|false
17:48:12.0 (2214913)|VARIABLE_ASSIGNMENT|[106]|link|"-GafeteReverso"
17:48:12.0 (2217200)|VARIABLE_SCOPE_BEGIN|[106]|microServicio|String|false|false
17:48:12.0 (2220874)|VARIABLE_ASSIGNMENT|[106]|microServicio|"BlobStorage"
17:48:12.0 (2225115)|STATEMENT_EXECUTE|[106]
17:48:12.0 (2226512)|STATEMENT_EXECUTE|[108]
17:48:12.0 (2251748)|HEAP_ALLOCATE|[108]|Bytes:4
17:48:12.0 (2274901)|VARIABLE_SCOPE_BEGIN|[108]|result|Map<String,ANY>|true|false
17:48:12.0 (2292109)|VARIABLE_ASSIGNMENT|[108]|result|{}|0x50d09cae
17:48:12.0 (2295894)|STATEMENT_EXECUTE|[109]
17:48:12.0 (2307488)|HEAP_ALLOCATE|[68]|Bytes:5
17:48:12.0 (2326107)|HEAP_ALLOCATE|[74]|Bytes:5
17:48:12.0 (2331163)|HEAP_ALLOCATE|[82]|Bytes:7
17:48:12.0 (2338057)|VARIABLE_SCOPE_BEGIN|[109]|success|Boolean|false|false
17:48:12.0 (2514914)|HEAP_ALLOCATE|[109]|Bytes:5
17:48:12.0 (2521774)|VARIABLE_ASSIGNMENT|[109]|success|false
17:48:12.0 (2525348)|STATEMENT_EXECUTE|[110]
17:48:12.0 (2527338)|VARIABLE_SCOPE_BEGIN|[110]|base64_Img|String|false|false
17:48:12.0 (2532160)|VARIABLE_ASSIGNMENT|[110]|base64_Img|null
17:48:12.0 (2534588)|STATEMENT_EXECUTE|[112]
17:48:12.0 (2536177)|HEAP_ALLOCATE|[112]|Bytes:14
17:48:12.0 (2549133)|HEAP_ALLOCATE|[112]|Bytes:23
17:48:12.0 (2596270)|USER_DEBUG|[112]|DEBUG|idSolicitud:  309495430
17:48:12.0 (2603987)|STATEMENT_EXECUTE|[113]
17:48:12.0 (2605333)|HEAP_ALLOCATE|[113]|Bytes:7
17:48:12.0 (2608408)|HEAP_ALLOCATE|[113]|Bytes:21
17:48:12.0 (2615035)|USER_DEBUG|[113]|DEBUG|link:  -GafeteReverso
17:48:12.0 (2619421)|STATEMENT_EXECUTE|[114]
17:48:12.0 (2620653)|HEAP_ALLOCATE|[114]|Bytes:16
17:48:12.0 (2623148)|HEAP_ALLOCATE|[114]|Bytes:27
17:48:12.0 (2628323)|USER_DEBUG|[114]|DEBUG|microServicio:  BlobStorage
17:48:12.0 (2632384)|STATEMENT_EXECUTE|[116]
17:48:12.0 (2644421)|HEAP_ALLOCATE|[116]|Bytes:4
17:48:12.0 (2654688)|VARIABLE_SCOPE_BEGIN|[116]|params|Map<String,Map<String,String>>|true|false
17:48:12.0 (2662563)|VARIABLE_ASSIGNMENT|[116]|params|{}|0x3415a473
17:48:12.0 (2665536)|STATEMENT_EXECUTE|[118]
17:48:12.0 (2667943)|HEAP_ALLOCATE|[118]|Bytes:8
17:48:12.0 (2679073)|CONSTRUCTOR_ENTRY|[118]|01p3l000005qhVh|<init>()|MicroServicioModalImagenesBO
17:48:12.0 (2712670)|VARIABLE_SCOPE_BEGIN|[14]|this|MicroServicioModalImagenesBO|true|false
17:48:12.0 (2743041)|VARIABLE_ASSIGNMENT|[14]|this|{}|0x7b1471ed
17:48:12.0 (2748983)|HEAP_ALLOCATE|[EXTERNAL]|Bytes:6
17:48:12.0 (4244398)|STATEMENT_EXECUTE|[14]
17:48:12.0 (4248438)|STATEMENT_EXECUTE|[16]
17:48:12.0 (4260168)|CONSTRUCTOR_EXIT|[118]|01p3l000005qhVh|<init>()|MicroServicioModalImagenesBO
17:48:12.0 (4269679)|VARIABLE_SCOPE_BEGIN|[118]|msDescargarImg|MicroServicioModalImagenesBO|true|false
17:48:12.0 (4299043)|VARIABLE_ASSIGNMENT|[118]|msDescargarImg|{}|0x7b1471ed
17:48:12.0 (4305618)|HEAP_ALLOCATE|[120]|Bytes:11
17:48:12.0 (4329223)|STATEMENT_EXECUTE|[120]
17:48:12.0 (4330651)|STATEMENT_EXECUTE|[122]
17:48:12.0 (4332479)|HEAP_ALLOCATE|[122]|Bytes:4
17:48:12.0 (4348032)|HEAP_ALLOCATE|[122]|Bytes:4
17:48:12.0 (4404136)|HEAP_ALLOCATE|[EXTERNAL]|Bytes:-4
17:48:12.0 (4410753)|STATEMENT_EXECUTE|[123]
17:48:12.0 (4429343)|HEAP_ALLOCATE|[123]|Bytes:12
17:48:12.0 (4436493)|HEAP_ALLOCATE|[123]|Bytes:23
17:48:12.0 (4442241)|HEAP_ALLOCATE|[EXTERNAL]|Bytes:-4
17:48:12.0 (4445913)|STATEMENT_EXECUTE|[125]
17:48:12.0 (4457796)|METHOD_ENTRY|[125]|01p3l000005qhVh|MicroServicioModalImagenesBO.MicroServicioBlobStorage()
17:48:12.0 (4465233)|VARIABLE_SCOPE_BEGIN|[26]|this|MicroServicioModalImagenesBO|true|false
17:48:12.0 (4475908)|VARIABLE_ASSIGNMENT|[26]|this|{}|0x7b1471ed
17:48:12.0 (4481334)|STATEMENT_EXECUTE|[26]
17:48:12.0 (4482583)|STATEMENT_EXECUTE|[28]
17:48:12.0 (4558113)|HEAP_ALLOCATE|[28]|Bytes:61
17:48:12.0 (4562611)|HEAP_ALLOCATE|[28]|Bytes:27
17:48:12.0 (4581066)|METHOD_ENTRY|[12]|01p1N00000EREqf|ClienteMicroServicios.ClienteMicroServicios()
17:48:12.0 (4586348)|STATEMENT_EXECUTE|[12]
17:48:12.0 (4591125)|STATEMENT_EXECUTE|[12]
17:48:12.0 (4596058)|METHOD_EXIT|[12]|ClienteMicroServicios
17:48:12.0 (4600894)|HEAP_ALLOCATE|[28]|Bytes:124
17:48:12.0 (4609298)|CONSTRUCTOR_ENTRY|[28]|01p1N00000EREqf|<init>()|ClienteMicroServicios
17:48:12.0 (4623752)|VARIABLE_SCOPE_BEGIN|[54]|this|ClienteMicroServicios|true|false
17:48:12.0 (4641713)|VARIABLE_ASSIGNMENT|[54]|this|{}|0x50d30cca
17:48:12.0 (4645733)|STATEMENT_EXECUTE|[12]
17:48:12.0 (4647051)|STATEMENT_EXECUTE|[14]
17:48:12.0 (4649040)|HEAP_ALLOCATE|[14]|Bytes:23
17:48:12.0 (4661442)|VARIABLE_ASSIGNMENT|[14]|this.BASE_URL|"https://cmr-mx-busin (3 more) ..."|0x50d30cca
17:48:12.0 (4664574)|STATEMENT_EXECUTE|[15]
17:48:12.0 (4665943)|HEAP_ALLOCATE|[15]|Bytes:23
17:48:12.0 (4670716)|VARIABLE_ASSIGNMENT|[15]|this.URI|".fif.tech/api/busine (3 more) ..."|0x50d30cca
17:48:12.0 (4673444)|STATEMENT_EXECUTE|[17]
17:48:12.0 (4674830)|HEAP_ALLOCATE|[17]|Bytes:7
17:48:12.0 (4678530)|VARIABLE_ASSIGNMENT|[17]|this.BACKEND|"backend"|0x50d30cca
17:48:12.0 (4681236)|STATEMENT_EXECUTE|[19]
17:48:12.0 (4682740)|HEAP_ALLOCATE|[19]|Bytes:16
17:48:12.0 (4686358)|VARIABLE_ASSIGNMENT|[19]|this.APP_JSON|"application/json"|0x50d30cca
17:48:12.0 (4688948)|STATEMENT_EXECUTE|[20]
17:48:12.0 (4690045)|HEAP_ALLOCATE|[20]|Bytes:12
17:48:12.0 (4693817)|VARIABLE_ASSIGNMENT|[20]|this.CONT_TYPE|"Content-Type"|0x50d30cca
17:48:12.0 (4696782)|STATEMENT_EXECUTE|[21]
17:48:12.0 (4701640)|HEAP_ALLOCATE|[21]|Bytes:4
17:48:12.0 (4707780)|VARIABLE_ASSIGNMENT|[21]|this.TIME_OUT|120000|0x50d30cca
17:48:12.0 (4710630)|STATEMENT_EXECUTE|[22]
17:48:12.0 (4711864)|HEAP_ALLOCATE|[22]|Bytes:8
17:48:12.0 (4715345)|VARIABLE_ASSIGNMENT|[22]|this.endpoint|"products"|0x50d30cca
17:48:12.0 (4718368)|STATEMENT_EXECUTE|[23]
17:48:12.0 (4719411)|HEAP_ALLOCATE|[23]|Bytes:4
17:48:12.0 (4723022)|VARIABLE_ASSIGNMENT|[23]|this.method|"POST"|0x50d30cca
17:48:12.0 (4725770)|STATEMENT_EXECUTE|[24]
17:48:12.0 (4726770)|HEAP_ALLOCATE|[24]|Bytes:2
17:48:12.0 (4730370)|VARIABLE_ASSIGNMENT|[24]|this.version|"v1"|0x50d30cca
17:48:12.0 (4733212)|STATEMENT_EXECUTE|[25]
17:48:12.0 (4734551)|HEAP_ALLOCATE|[25]|Bytes:14
17:48:12.0 (4738115)|VARIABLE_ASSIGNMENT|[25]|this.MDW_CS_CHANNEL|"mdw-cs-channel"|0x50d30cca
17:48:12.0 (4740723)|STATEMENT_EXECUTE|[26]
17:48:12.0 (4741953)|HEAP_ALLOCATE|[26]|Bytes:15
17:48:12.0 (4745421)|VARIABLE_ASSIGNMENT|[26]|this.MDW_CS_COMMERCE|"mdw-cs-commerce"|0x50d30cca
17:48:12.0 (4748203)|STATEMENT_EXECUTE|[27]
17:48:12.0 (4749563)|HEAP_ALLOCATE|[27]|Bytes:14
17:48:12.0 (4753020)|VARIABLE_ASSIGNMENT|[27]|this.MDW_CS_COUNTRY|"mdw-cs-country"|0x50d30cca
17:48:12.0 (4755725)|STATEMENT_EXECUTE|[28]
17:48:12.0 (4756656)|HEAP_ALLOCATE|[28]|Bytes:11
17:48:12.0 (4761473)|VARIABLE_ASSIGNMENT|[28]|this.MDW_CS_DATE|"mdw-cs-date"|0x50d30cca
17:48:12.0 (4764273)|STATEMENT_EXECUTE|[29]
17:48:12.0 (4765349)|HEAP_ALLOCATE|[29]|Bytes:11
17:48:12.0 (4768668)|VARIABLE_ASSIGNMENT|[29]|this.MDW_CS_HOUR|"mdw-cs-hour"|0x50d30cca
17:48:12.0 (4771503)|STATEMENT_EXECUTE|[30]
17:48:12.0 (4772793)|STATEMENT_EXECUTE|[31]
17:48:12.0 (4774343)|HEAP_ALLOCATE|[31]|Bytes:7
17:48:12.0 (4777901)|VARIABLE_ASSIGNMENT|[31]|this.microServicio|"default"|0x50d30cca
17:48:12.0 (4780760)|STATEMENT_EXECUTE|[34]
17:48:12.0 (4782033)|HEAP_ALLOCATE|[34]|Bytes:10
17:48:12.0 (4785625)|VARIABLE_ASSIGNMENT|[34]|this.GRANT_TYPE|"grant_type"|0x50d30cca
17:48:12.0 (4788384)|STATEMENT_EXECUTE|[35]
17:48:12.0 (4789510)|HEAP_ALLOCATE|[35]|Bytes:8
17:48:12.0 (4793163)|VARIABLE_ASSIGNMENT|[35]|this.PASSWORD|"password"|0x50d30cca
17:48:12.0 (4795862)|STATEMENT_EXECUTE|[36]
17:48:12.0 (4797283)|HEAP_ALLOCATE|[36]|Bytes:9
17:48:12.0 (4800715)|VARIABLE_ASSIGNMENT|[36]|this.CLIENT_ID|"client_id"|0x50d30cca
17:48:12.0 (4803628)|STATEMENT_EXECUTE|[37]
17:48:12.0 (4804717)|HEAP_ALLOCATE|[37]|Bytes:13
17:48:12.0 (4807943)|VARIABLE_ASSIGNMENT|[37]|this.CLIENT_SECRET|"client_secret"|0x50d30cca
17:48:12.0 (4810496)|STATEMENT_EXECUTE|[38]
17:48:12.0 (4811589)|HEAP_ALLOCATE|[38]|Bytes:13
17:48:12.0 (4815437)|VARIABLE_ASSIGNMENT|[38]|this.PROVISION_KEY|"provision_key"|0x50d30cca
17:48:12.0 (4818043)|STATEMENT_EXECUTE|[39]
17:48:12.0 (4819108)|HEAP_ALLOCATE|[39]|Bytes:20
17:48:12.0 (4822464)|VARIABLE_ASSIGNMENT|[39]|this.AUTHENTICATED_USERID|"authenticated_userid"|0x50d30cca
17:48:12.0 (4825246)|STATEMENT_EXECUTE|[40]
17:48:12.0 (4826198)|HEAP_ALLOCATE|[40]|Bytes:12
17:48:12.0 (4829613)|VARIABLE_ASSIGNMENT|[40]|this.AT|"access_token"|0x50d30cca
17:48:12.0 (4832352)|STATEMENT_EXECUTE|[42]
17:48:12.0 (4833408)|HEAP_ALLOCATE|[42]|Bytes:13
17:48:12.0 (4836843)|VARIABLE_ASSIGNMENT|[42]|this.AUTH|"Authorization"|0x50d30cca
17:48:12.0 (4839550)|STATEMENT_EXECUTE|[43]
17:48:12.0 (4840715)|HEAP_ALLOCATE|[43]|Bytes:6
17:48:12.0 (4844023)|VARIABLE_ASSIGNMENT|[43]|this.BEARER|"Bearer"|0x50d30cca
17:48:12.0 (4846596)|STATEMENT_EXECUTE|[44]
17:48:12.0 (4847846)|HEAP_ALLOCATE|[44]|Bytes:12
17:48:12.0 (4851430)|VARIABLE_ASSIGNMENT|[44]|this.OAUTH|"oauth2/token"|0x50d30cca
17:48:12.0 (4860655)|STATEMENT_EXECUTE|[47]
17:48:12.0 (4861735)|HEAP_ALLOCATE|[47]|Bytes:8
17:48:12.0 (4865328)|VARIABLE_ASSIGNMENT|[47]|this.SECCTION|"secction"|0x50d30cca
17:48:12.0 (4868188)|STATEMENT_EXECUTE|[48]
17:48:12.0 (4869422)|HEAP_ALLOCATE|[48]|Bytes:10
17:48:12.0 (4872547)|VARIABLE_ASSIGNMENT|[48]|this.APIVERSION|"apiversion"|0x50d30cca
17:48:12.0 (4875122)|STATEMENT_EXECUTE|[49]
17:48:12.0 (4876398)|HEAP_ALLOCATE|[49]|Bytes:5
17:48:12.0 (4879953)|VARIABLE_ASSIGNMENT|[49]|this.SCORETOKEN|"token"|0x50d30cca
17:48:12.0 (4882659)|STATEMENT_EXECUTE|[52]
17:48:12.0 (4885673)|VARIABLE_ASSIGNMENT|[52]|this.access_token|""|0x50d30cca
17:48:12.0 (4897626)|STATEMENT_EXECUTE|[54]
17:48:12.0 (4898878)|STATEMENT_EXECUTE|[55]
17:48:12.0 (4912286)|METHOD_ENTRY|[55]|01p1N00000EREqf|ClienteMicroServicios.setMicroServicio(String)
17:48:12.0 (4919548)|VARIABLE_SCOPE_BEGIN|[74]|this|ClienteMicroServicios|true|false
17:48:12.0 (4947911)|VARIABLE_ASSIGNMENT|[74]|this|{"access_token":"","APIVERSION":"apiversion","APP_JSON":"application/json","AT":"access_token","AUTH":"Authorization","AUTHENTICATED_USERID":"authenticated_userid","BACKEND":"backend","BASE_URL":"https://cmr-mx-busin (3 more) ...","BEARER":"Bearer","CLIENT_ID":"client_id","CLIENT_SECRET":"client_secret","CONT_TYPE":"Content-Type","endpoint":"products","GRANT_TYPE":"grant_type","MDW_CS_CHANNEL":"mdw-cs-channel","MDW_CS_COMMERCE":"mdw-cs-commerce","MDW_CS_COUNTRY":"mdw-cs-country","MDW_CS_DATE":"mdw-cs-date","MDW_CS_HOUR":"mdw-cs-hour","method":"POST","microServicio":"default","OAUTH":"oauth2/token","PASSWORD":"password","PROVISION_KEY":"provision_key","SCORETOKEN":"token","SECCTION":"secction","TIME_OUT":120000,"URI":".fif.tech/api/busine (3 more) ...","version":"v1"}|0x50d30cca
17:48:12.0 (4955451)|VARIABLE_SCOPE_BEGIN|[74]|microServicio|String|false|false
17:48:12.0 (4959315)|VARIABLE_ASSIGNMENT|[74]|microServicio|"default"
17:48:12.0 (4963064)|STATEMENT_EXECUTE|[74]
17:48:12.0 (4964240)|STATEMENT_EXECUTE|[76]
17:48:12.0 (4968143)|VARIABLE_ASSIGNMENT|[76]|this.microServicio|"default"|0x50d30cca
17:48:12.0 (4970988)|STATEMENT_EXECUTE|[77]
17:48:12.0 (4972511)|HEAP_ALLOCATE|[77]|Bytes:226
17:48:12.0 (4980760)|HEAP_ALLOCATE|[77]|Bytes:4
17:48:12.0 (4984789)|HEAP_ALLOCATE|[77]|Bytes:7
17:48:12.0 (5599635)|SOQL_EXECUTE_BEGIN|[77]|Aggregations:0|SELECT Ambiente__c, Channel__c, Commerce__c, Country__c, Client_ID__c, Client_Secret__c, Provision_Key__c, Authenticated_UserID__c, Section__c, Apiversion__c FROM Configuracion_Microservicio__mdt WHERE Label = :tmpVar1 LIMIT 1
17:48:12.0 (11872877)|SOQL_EXECUTE_END|[77]|Rows:1
17:48:12.0 (11903935)|HEAP_ALLOCATE|[77]|Bytes:8
17:48:12.0 (11920576)|HEAP_ALLOCATE|[77]|Bytes:260
17:48:12.0 (12025922)|HEAP_ALLOCATE|[77]|Bytes:8
17:48:12.0 (12041180)|HEAP_ALLOCATE|[77]|Bytes:58
17:48:12.0 (12097570)|HEAP_ALLOCATE|[77]|Bytes:36
17:48:12.0 (12192070)|VARIABLE_ASSIGNMENT|[77]|this.cm|{"Country__c":"MX","Client_Secret__c":"OTM5ZTgxMzIwNzI2ZGNl (12 more) ...","Authenticated_UserID__c":"0","Client_ID__c":"MTI3ZjBjNmE3NTg1ZTVm (12 more) ...","Id":"m071N000000CbDpQAK","Channel__c":"Web","Provision_Key__c":"MjU2NjIwMTFjYmJkZjJk (12 more) ...","Commerce__c":"CMR"}|0x50d30cca
17:48:12.0 (12203668)|METHOD_EXIT|[55]|01p1N00000EREqf|ClienteMicroServicios.setMicroServicio(String)
17:48:12.0 (12218135)|CONSTRUCTOR_EXIT|[28]|01p1N00000EREqf|<init>()|ClienteMicroServicios
17:48:12.0 (12225290)|VARIABLE_ASSIGNMENT|[28]|this.cliente|0x50d30cca|0x7b1471ed
17:48:12.0 (12237191)|STATEMENT_EXECUTE|[29]
17:48:12.0 (12257085)|METHOD_ENTRY|[29]|01p1N00000EREqf|ClienteMicroServicios.setMethod(String)
17:48:12.0 (12278143)|VARIABLE_SCOPE_BEGIN|[64]|this|ClienteMicroServicios|true|false
17:48:12.0 (12336382)|VARIABLE_ASSIGNMENT|[64]|this|{"access_token":"","APIVERSION":"apiversion","APP_JSON":"application/json","AT":"access_token","AUTH":"Authorization","AUTHENTICATED_USERID":"authenticated_userid","BACKEND":"backend","BASE_URL":"https://cmr-mx-busin (3 more) ...","BEARER":"Bearer","CLIENT_ID":"client_id","CLIENT_SECRET":"client_secret","cm":"0x6a33efdf","CONT_TYPE":"Content-Type","endpoint":"products","GRANT_TYPE":"grant_type","MDW_CS_CHANNEL":"mdw-cs-channel","MDW_CS_COMMERCE":"mdw-cs-commerce","MDW_CS_COUNTRY":"mdw-cs-country","MDW_CS_DATE":"mdw-cs-date","MDW_CS_HOUR":"mdw-cs-hour","method":"POST","microServicio":"default","OAUTH":"oauth2/token","PASSWORD":"password","PROVISION_KEY":"provision_key","SCORETOKEN":"token","SECCTION":"secction","TIME_OUT":120000,"URI":".fif.tech/api/busine (3 more) ...","version":"v1"}|0x50d30cca
17:48:12.0 (12343512)|VARIABLE_SCOPE_BEGIN|[64]|method|String|false|false
17:48:12.0 (12347823)|VARIABLE_ASSIGNMENT|[64]|method|"POST"
17:48:12.0 (12352975)|STATEMENT_EXECUTE|[64]
17:48:12.0 (12354400)|STATEMENT_EXECUTE|[66]
17:48:12.0 (12358265)|VARIABLE_ASSIGNMENT|[66]|this.method|"POST"|0x50d30cca
17:48:12.0 (12362018)|METHOD_EXIT|[29]|01p1N00000EREqf|ClienteMicroServicios.setMethod(String)
17:48:12.0 (12365164)|STATEMENT_EXECUTE|[30]
17:48:12.0 (12370758)|METHOD_ENTRY|[30]|01p1N00000EREqf|ClienteMicroServicios.setEndpoint(String)
17:48:12.0 (12376108)|VARIABLE_SCOPE_BEGIN|[59]|this|ClienteMicroServicios|true|false
17:48:12.0 (12397404)|VARIABLE_ASSIGNMENT|[59]|this|{"access_token":"","APIVERSION":"apiversion","APP_JSON":"application/json","AT":"access_token","AUTH":"Authorization","AUTHENTICATED_USERID":"authenticated_userid","BACKEND":"backend","BASE_URL":"https://cmr-mx-busin (3 more) ...","BEARER":"Bearer","CLIENT_ID":"client_id","CLIENT_SECRET":"client_secret","cm":"0x6a33efdf","CONT_TYPE":"Content-Type","endpoint":"products","GRANT_TYPE":"grant_type","MDW_CS_CHANNEL":"mdw-cs-channel","MDW_CS_COMMERCE":"mdw-cs-commerce","MDW_CS_COUNTRY":"mdw-cs-country","MDW_CS_DATE":"mdw-cs-date","MDW_CS_HOUR":"mdw-cs-hour","method":"POST","microServicio":"default","OAUTH":"oauth2/token","PASSWORD":"password","PROVISION_KEY":"provision_key","SCORETOKEN":"token","SECCTION":"secction","TIME_OUT":120000,"URI":".fif.tech/api/busine (3 more) ...","version":"v1"}|0x50d30cca
17:48:12.0 (12404330)|VARIABLE_SCOPE_BEGIN|[59]|endpoint|String|false|false
17:48:12.0 (12408565)|VARIABLE_ASSIGNMENT|[59]|endpoint|"onboarding/file/down (4 more) ..."
17:48:12.0 (12411810)|STATEMENT_EXECUTE|[59]
17:48:12.0 (12413147)|STATEMENT_EXECUTE|[61]
17:48:12.0 (12416640)|VARIABLE_ASSIGNMENT|[61]|this.endpoint|"onboarding/file/down (4 more) ..."|0x50d30cca
17:48:12.0 (12419837)|METHOD_EXIT|[30]|01p1N00000EREqf|ClienteMicroServicios.setEndpoint(String)
17:48:12.0 (12422997)|STATEMENT_EXECUTE|[31]
17:48:12.0 (12426813)|METHOD_ENTRY|[31]|01p1N00000EREqf|ClienteMicroServicios.setMicroServicio(String)
17:48:12.0 (12431468)|VARIABLE_SCOPE_BEGIN|[74]|this|ClienteMicroServicios|true|false
17:48:12.0 (12449986)|VARIABLE_ASSIGNMENT|[74]|this|{"access_token":"","APIVERSION":"apiversion","APP_JSON":"application/json","AT":"access_token","AUTH":"Authorization","AUTHENTICATED_USERID":"authenticated_userid","BACKEND":"backend","BASE_URL":"https://cmr-mx-busin (3 more) ...","BEARER":"Bearer","CLIENT_ID":"client_id","CLIENT_SECRET":"client_secret","cm":"0x6a33efdf","CONT_TYPE":"Content-Type","endpoint":"onboarding/file/down (4 more) ...","GRANT_TYPE":"grant_type","MDW_CS_CHANNEL":"mdw-cs-channel","MDW_CS_COMMERCE":"mdw-cs-commerce","MDW_CS_COUNTRY":"mdw-cs-country","MDW_CS_DATE":"mdw-cs-date","MDW_CS_HOUR":"mdw-cs-hour","method":"POST","microServicio":"default","OAUTH":"oauth2/token","PASSWORD":"password","PROVISION_KEY":"provision_key","SCORETOKEN":"token","SECCTION":"secction","TIME_OUT":120000,"URI":".fif.tech/api/busine (3 more) ...","version":"v1"}|0x50d30cca
17:48:12.0 (12456630)|VARIABLE_SCOPE_BEGIN|[74]|microServicio|String|false|false
17:48:12.0 (12460884)|VARIABLE_ASSIGNMENT|[74]|microServicio|"MicroServicioImgBlob (7 more) ..."
17:48:12.0 (12464028)|STATEMENT_EXECUTE|[74]
17:48:12.0 (12465380)|STATEMENT_EXECUTE|[76]
17:48:12.0 (12468768)|VARIABLE_ASSIGNMENT|[76]|this.microServicio|"MicroServicioImgBlob (7 more) ..."|0x50d30cca
17:48:12.0 (12471694)|STATEMENT_EXECUTE|[77]
17:48:12.0 (12483245)|HEAP_ALLOCATE|[77]|Bytes:4
17:48:12.0 (12786167)|SOQL_EXECUTE_BEGIN|[77]|Aggregations:0|SELECT Ambiente__c, Channel__c, Commerce__c, Country__c, Client_ID__c, Client_Secret__c, Provision_Key__c, Authenticated_UserID__c, Section__c, Apiversion__c FROM Configuracion_Microservicio__mdt WHERE Label = :tmpVar1 LIMIT 1
17:48:12.0 (14678235)|SOQL_EXECUTE_END|[77]|Rows:1
17:48:12.0 (14706136)|HEAP_ALLOCATE|[77]|Bytes:8
17:48:12.0 (14721350)|HEAP_ALLOCATE|[77]|Bytes:260
17:48:12.0 (14757553)|HEAP_ALLOCATE|[77]|Bytes:8
17:48:12.0 (14783368)|HEAP_ALLOCATE|[77]|Bytes:36
17:48:12.0 (14864825)|VARIABLE_ASSIGNMENT|[77]|this.cm|{"Country__c":"MX","Client_Secret__c":"OTM5ZTgxMzIwNzI2ZGNl (12 more) ...","Authenticated_UserID__c":"0","Client_ID__c":"MTI3ZjBjNmE3NTg1ZTVm (12 more) ...","Id":"m073l000000g14sAAA","Channel__c":"Web","Provision_Key__c":"MzYyYmVjYjFkOGI4YzZm (12 more) ...","Commerce__c":"CMR"}|0x50d30cca
17:48:12.0 (14875933)|METHOD_EXIT|[31]|01p1N00000EREqf|ClienteMicroServicios.setMicroServicio(String)
17:48:12.0 (14889468)|STATEMENT_EXECUTE|[32]
17:48:12.0 (14905929)|METHOD_ENTRY|[32]|01p1N00000EREqf|ClienteMicroServicios.generarToken()
17:48:12.0 (14925198)|VARIABLE_SCOPE_BEGIN|[83]|this|ClienteMicroServicios|true|false
17:48:12.0 (14981096)|VARIABLE_ASSIGNMENT|[83]|this|{"access_token":"","APIVERSION":"apiversion","APP_JSON":"application/json","AT":"access_token","AUTH":"Authorization","AUTHENTICATED_USERID":"authenticated_userid","BACKEND":"backend","BASE_URL":"https://cmr-mx-busin (3 more) ...","BEARER":"Bearer","CLIENT_ID":"client_id","CLIENT_SECRET":"client_secret","cm":"0x3cfa76e9","CONT_TYPE":"Content-Type","endpoint":"onboarding/file/down (4 more) ...","GRANT_TYPE":"grant_type","MDW_CS_CHANNEL":"mdw-cs-channel","MDW_CS_COMMERCE":"mdw-cs-commerce","MDW_CS_COUNTRY":"mdw-cs-country","MDW_CS_DATE":"mdw-cs-date","MDW_CS_HOUR":"mdw-cs-hour","method":"POST","microServicio":"MicroServicioImgBlob (7 more) ...","OAUTH":"oauth2/token","PASSWORD":"password","PROVISION_KEY":"provision_key","SCORETOKEN":"token","SECCTION":"secction","TIME_OUT":120000,"URI":".fif.tech/api/busine (3 more) ...","version":"v1"}|0x50d30cca
17:48:12.0 (14992468)|STATEMENT_EXECUTE|[83]
17:48:12.0 (14993806)|STATEMENT_EXECUTE|[86]
17:48:12.0 (15007246)|HEAP_ALLOCATE|[86]|Bytes:4
17:48:12.0 (15093082)|VARIABLE_SCOPE_BEGIN|[86]|params|Map<String,String>|true|false
17:48:12.0 (15111648)|VARIABLE_ASSIGNMENT|[86]|params|{"grant_type":"password","client_id":"MTI3ZjBjNmE3NTg1ZTVm (12 more) ...","client_secret":"OTM5ZTgxMzIwNzI2ZGNl (12 more) ...","provision_key":"MzYyYmVjYjFkOGI4YzZm (12 more) ...","authenticated_userid":"0"}|0x285657e5
17:48:12.0 (15116506)|STATEMENT_EXECUTE|[92]
17:48:12.0 (15122877)|METHOD_ENTRY|[92]|01p1N00000EREqf|ClienteMicroServicios.obtenerURLENDPOINT()
17:48:12.0 (15129093)|VARIABLE_SCOPE_BEGIN|[115]|this|ClienteMicroServicios|true|false
17:48:12.0 (15155022)|VARIABLE_ASSIGNMENT|[115]|this|{"access_token":"","APIVERSION":"apiversion","APP_JSON":"application/json","AT":"access_token","AUTH":"Authorization","AUTHENTICATED_USERID":"authenticated_userid","BACKEND":"backend","BASE_URL":"https://cmr-mx-busin (3 more) ...","BEARER":"Bearer","CLIENT_ID":"client_id","CLIENT_SECRET":"client_secret","cm":"0x3cfa76e9","CONT_TYPE":"Content-Type","endpoint":"onboarding/file/down (4 more) ...","GRANT_TYPE":"grant_type","MDW_CS_CHANNEL":"mdw-cs-channel","MDW_CS_COMMERCE":"mdw-cs-commerce","MDW_CS_COUNTRY":"mdw-cs-country","MDW_CS_DATE":"mdw-cs-date","MDW_CS_HOUR":"mdw-cs-hour","method":"POST","microServicio":"MicroServicioImgBlob (7 more) ...","OAUTH":"oauth2/token","PASSWORD":"password","PROVISION_KEY":"provision_key","SCORETOKEN":"token","SECCTION":"secction","TIME_OUT":120000,"URI":".fif.tech/api/busine (3 more) ...","version":"v1"}|0x50d30cca
17:48:12.0 (15163621)|STATEMENT_EXECUTE|[115]
17:48:12.0 (15164907)|STATEMENT_EXECUTE|[117]
17:48:12.0 (15167563)|VARIABLE_SCOPE_BEGIN|[117]|url|String|false|false
17:48:12.0 (15172765)|VARIABLE_ASSIGNMENT|[117]|url|""
17:48:12.0 (15175155)|STATEMENT_EXECUTE|[118]
17:48:12.0 (15177409)|HEAP_ALLOCATE|[118]|Bytes:1
17:48:12.0 (15188768)|HEAP_ALLOCATE|[118]|Bytes:5
17:48:12.0 (15191390)|VARIABLE_SCOPE_BEGIN|[118]|Enviroment|String|false|false
17:48:12.0 (15195385)|VARIABLE_ASSIGNMENT|[118]|Enviroment|"-null"
17:48:12.0 (15199370)|STATEMENT_EXECUTE|[124]
17:48:12.0 (15200519)|STATEMENT_EXECUTE|[126]
17:48:12.0 (15202642)|HEAP_ALLOCATE|[126]|Bytes:1
17:48:12.0 (15213395)|HEAP_ALLOCATE|[126]|Bytes:57
17:48:12.0 (15216278)|HEAP_ALLOCATE|[126]|Bytes:81
17:48:12.0 (15219868)|VARIABLE_ASSIGNMENT|[126]|url|"https://cmr-mx-busin (61 more) ..."
17:48:12.0 (15222500)|STATEMENT_EXECUTE|[129]
17:48:12.0 (15225382)|METHOD_EXIT|[92]|01p1N00000EREqf|ClienteMicroServicios.obtenerURLENDPOINT()
17:48:12.0 (15230769)|HEAP_ALLOCATE|[92]|Bytes:94
17:48:12.0 (15232780)|VARIABLE_SCOPE_BEGIN|[92]|url|String|false|false
17:48:12.0 (15236918)|VARIABLE_ASSIGNMENT|[92]|url|"https://cmr-mx-busin (74 more) ..."
17:48:12.0 (15239230)|STATEMENT_EXECUTE|[94]
17:48:12.0 (15243663)|METHOD_ENTRY|[94]|01p1N00000EREqf|ClienteMicroServicios.crearRequest(Map<String,String>)
17:48:12.0 (15249070)|VARIABLE_SCOPE_BEGIN|[132]|this|ClienteMicroServicios|true|false
17:48:12.0 (15269478)|VARIABLE_ASSIGNMENT|[132]|this|{"access_token":"","APIVERSION":"apiversion","APP_JSON":"application/json","AT":"access_token","AUTH":"Authorization","AUTHENTICATED_USERID":"authenticated_userid","BACKEND":"backend","BASE_URL":"https://cmr-mx-busin (3 more) ...","BEARER":"Bearer","CLIENT_ID":"client_id","CLIENT_SECRET":"client_secret","cm":"0x3cfa76e9","CONT_TYPE":"Content-Type","endpoint":"onboarding/file/down (4 more) ...","GRANT_TYPE":"grant_type","MDW_CS_CHANNEL":"mdw-cs-channel","MDW_CS_COMMERCE":"mdw-cs-commerce","MDW_CS_COUNTRY":"mdw-cs-country","MDW_CS_DATE":"mdw-cs-date","MDW_CS_HOUR":"mdw-cs-hour","method":"POST","microServicio":"MicroServicioImgBlob (7 more) ...","OAUTH":"oauth2/token","PASSWORD":"password","PROVISION_KEY":"provision_key","SCORETOKEN":"token","SECCTION":"secction","TIME_OUT":120000,"URI":".fif.tech/api/busine (3 more) ...","version":"v1"}|0x50d30cca
17:48:12.0 (15276808)|VARIABLE_SCOPE_BEGIN|[132]|params|Map<String,String>|true|false
17:48:12.0 (15284227)|VARIABLE_ASSIGNMENT|[132]|params|{"grant_type":"password","client_id":"MTI3ZjBjNmE3NTg1ZTVm (12 more) ...","client_secret":"OTM5ZTgxMzIwNzI2ZGNl (12 more) ...","provision_key":"MzYyYmVjYjFkOGI4YzZm (12 more) ...","authenticated_userid":"0"}|0x285657e5
17:48:12.0 (15288768)|STATEMENT_EXECUTE|[132]
17:48:12.0 (15290069)|STATEMENT_EXECUTE|[134]
17:48:12.0 (15334316)|VARIABLE_SCOPE_BEGIN|[134]|http|System.Http|true|false
17:48:12.0 (15496433)|VARIABLE_ASSIGNMENT|[134]|http|"System.Http[]"|0x15bb2c38
17:48:12.0 (15502257)|STATEMENT_EXECUTE|[135]
17:48:12.0 (15523450)|VARIABLE_SCOPE_BEGIN|[135]|req|System.HttpRequest|true|false
17:48:12.0 (15556785)|VARIABLE_ASSIGNMENT|[135]|req|"System.HttpRequest[Endpoint=null, Method=null]"|0x9c92947
17:48:12.0 (15560377)|STATEMENT_EXECUTE|[136]
17:48:12.0 (15605622)|HEAP_ALLOCATE|[136]|Bytes:24
17:48:12.0 (15625317)|SYSTEM_METHOD_ENTRY|[1]|JSON.JSON()
17:48:12.0 (15630506)|STATEMENT_EXECUTE|[1]
17:48:12.0 (15639708)|SYSTEM_METHOD_EXIT|[1]|JSON
17:48:12.0 (15649599)|METHOD_ENTRY|[136]||System.JSON.serialize(Object)
17:48:12.0 (16054108)|METHOD_EXIT|[136]||System.JSON.serialize(Object)
17:48:12.0 (16115518)|STATEMENT_EXECUTE|[138]
17:48:12.0 (16124088)|METHOD_ENTRY|[138]|01p1N00000EREqf|ClienteMicroServicios.crearRequest_v1_v2(System.HttpRequest)
17:48:12.0 (16133018)|VARIABLE_SCOPE_BEGIN|[181]|this|ClienteMicroServicios|true|false
17:48:12.0 (16175462)|VARIABLE_ASSIGNMENT|[181]|this|{"access_token":"","APIVERSION":"apiversion","APP_JSON":"application/json","AT":"access_token","AUTH":"Authorization","AUTHENTICATED_USERID":"authenticated_userid","BACKEND":"backend","BASE_URL":"https://cmr-mx-busin (3 more) ...","BEARER":"Bearer","CLIENT_ID":"client_id","CLIENT_SECRET":"client_secret","cm":"0x3cfa76e9","CONT_TYPE":"Content-Type","endpoint":"onboarding/file/down (4 more) ...","GRANT_TYPE":"grant_type","MDW_CS_CHANNEL":"mdw-cs-channel","MDW_CS_COMMERCE":"mdw-cs-commerce","MDW_CS_COUNTRY":"mdw-cs-country","MDW_CS_DATE":"mdw-cs-date","MDW_CS_HOUR":"mdw-cs-hour","method":"POST","microServicio":"MicroServicioImgBlob (7 more) ...","OAUTH":"oauth2/token","PASSWORD":"password","PROVISION_KEY":"provision_key","SCORETOKEN":"token","SECCTION":"secction","TIME_OUT":120000,"URI":".fif.tech/api/busine (3 more) ...","version":"v1"}|0x50d30cca
17:48:12.0 (16182913)|VARIABLE_SCOPE_BEGIN|[181]|req|System.HttpRequest|true|false
17:48:12.0 (16231055)|VARIABLE_ASSIGNMENT|[181]|req|"System.HttpRequest[Endpoint=null, Method=null]"|0x9c92947
17:48:12.0 (16236431)|STATEMENT_EXECUTE|[181]
17:48:12.0 (16237653)|STATEMENT_EXECUTE|[183]
17:48:12.0 (16243139)|METHOD_ENTRY|[183]|01p1N00000EREqf|ClienteMicroServicios.obtenerURLENDPOINT()
17:48:12.0 (16250643)|VARIABLE_SCOPE_BEGIN|[115]|this|ClienteMicroServicios|true|false
17:48:12.0 (16272729)|VARIABLE_ASSIGNMENT|[115]|this|{"access_token":"","APIVERSION":"apiversion","APP_JSON":"application/json","AT":"access_token","AUTH":"Authorization","AUTHENTICATED_USERID":"authenticated_userid","BACKEND":"backend","BASE_URL":"https://cmr-mx-busin (3 more) ...","BEARER":"Bearer","CLIENT_ID":"client_id","CLIENT_SECRET":"client_secret","cm":"0x3cfa76e9","CONT_TYPE":"Content-Type","endpoint":"onboarding/file/down (4 more) ...","GRANT_TYPE":"grant_type","MDW_CS_CHANNEL":"mdw-cs-channel","MDW_CS_COMMERCE":"mdw-cs-commerce","MDW_CS_COUNTRY":"mdw-cs-country","MDW_CS_DATE":"mdw-cs-date","MDW_CS_HOUR":"mdw-cs-hour","method":"POST","microServicio":"MicroServicioImgBlob (7 more) ...","OAUTH":"oauth2/token","PASSWORD":"password","PROVISION_KEY":"provision_key","SCORETOKEN":"token","SECCTION":"secction","TIME_OUT":120000,"URI":".fif.tech/api/busine (3 more) ...","version":"v1"}|0x50d30cca
17:48:12.0 (16280742)|STATEMENT_EXECUTE|[115]
17:48:12.0 (16281918)|STATEMENT_EXECUTE|[117]
17:48:12.0 (16284464)|VARIABLE_SCOPE_BEGIN|[117]|url|String|false|false
17:48:12.0 (16289425)|VARIABLE_ASSIGNMENT|[117]|url|""
17:48:12.0 (16291625)|STATEMENT_EXECUTE|[118]
17:48:12.0 (16301193)|HEAP_ALLOCATE|[118]|Bytes:5
17:48:12.0 (16304540)|VARIABLE_SCOPE_BEGIN|[118]|Enviroment|String|false|false
17:48:12.0 (16308662)|VARIABLE_ASSIGNMENT|[118]|Enviroment|"-null"
17:48:12.0 (16312556)|STATEMENT_EXECUTE|[124]
17:48:12.0 (16313683)|STATEMENT_EXECUTE|[126]
17:48:12.0 (16317443)|HEAP_ALLOCATE|[126]|Bytes:57
17:48:12.0 (16320075)|HEAP_ALLOCATE|[126]|Bytes:81
17:48:12.0 (16323534)|VARIABLE_ASSIGNMENT|[126]|url|"https://cmr-mx-busin (61 more) ..."
17:48:12.0 (16326020)|STATEMENT_EXECUTE|[129]
17:48:12.0 (16328016)|METHOD_EXIT|[183]|01p1N00000EREqf|ClienteMicroServicios.obtenerURLENDPOINT()
17:48:12.0 (16330379)|VARIABLE_SCOPE_BEGIN|[183]|url|String|false|false
17:48:12.0 (16334392)|VARIABLE_ASSIGNMENT|[183]|url|"https://cmr-mx-busin (61 more) ..."
17:48:12.0 (16336825)|STATEMENT_EXECUTE|[185]
17:48:12.0 (16364335)|VARIABLE_SCOPE_BEGIN|[185]|strChannel|String|false|false
17:48:12.0 (16368558)|VARIABLE_ASSIGNMENT|[185]|strChannel|"Web"
17:48:12.0 (16370953)|STATEMENT_EXECUTE|[186]
17:48:12.0 (16376101)|VARIABLE_SCOPE_BEGIN|[186]|strCommerce|String|false|false
17:48:12.0 (16380313)|VARIABLE_ASSIGNMENT|[186]|strCommerce|"CMR"
17:48:12.0 (16382918)|STATEMENT_EXECUTE|[187]
17:48:12.0 (16387107)|VARIABLE_SCOPE_BEGIN|[187]|strCountry|String|false|false
17:48:12.0 (16391314)|VARIABLE_ASSIGNMENT|[187]|strCountry|"MX"
17:48:12.0 (16393888)|STATEMENT_EXECUTE|[189]
17:48:12.0 (16435963)|STATEMENT_EXECUTE|[190]
17:48:12.0 (16446835)|STATEMENT_EXECUTE|[191]
17:48:12.0 (16460808)|STATEMENT_EXECUTE|[192]
17:48:12.0 (16477503)|STATEMENT_EXECUTE|[193]
17:48:12.0 (16486656)|STATEMENT_EXECUTE|[194]
17:48:12.0 (16494496)|STATEMENT_EXECUTE|[195]
17:48:12.0 (16536919)|STATEMENT_EXECUTE|[197]
17:48:12.0 (16538433)|STATEMENT_EXECUTE|[202]
17:48:12.0 (16543600)|METHOD_ENTRY|[202]|01p1N00000EREqf|ClienteMicroServicios.imprimirRequest(System.HttpRequest)
17:48:12.0 (16549083)|VARIABLE_SCOPE_BEGIN|[215]|this|ClienteMicroServicios|true|false
17:48:12.0 (16573311)|VARIABLE_ASSIGNMENT|[215]|this|{"access_token":"","APIVERSION":"apiversion","APP_JSON":"application/json","AT":"access_token","AUTH":"Authorization","AUTHENTICATED_USERID":"authenticated_userid","BACKEND":"backend","BASE_URL":"https://cmr-mx-busin (3 more) ...","BEARER":"Bearer","CLIENT_ID":"client_id","CLIENT_SECRET":"client_secret","cm":"0x3cfa76e9","CONT_TYPE":"Content-Type","endpoint":"onboarding/file/down (4 more) ...","GRANT_TYPE":"grant_type","MDW_CS_CHANNEL":"mdw-cs-channel","MDW_CS_COMMERCE":"mdw-cs-commerce","MDW_CS_COUNTRY":"mdw-cs-country","MDW_CS_DATE":"mdw-cs-date","MDW_CS_HOUR":"mdw-cs-hour","method":"POST","microServicio":"MicroServicioImgBlob (7 more) ...","OAUTH":"oauth2/token","PASSWORD":"password","PROVISION_KEY":"provision_key","SCORETOKEN":"token","SECCTION":"secction","TIME_OUT":120000,"URI":".fif.tech/api/busine (3 more) ...","version":"v1"}|0x50d30cca
17:48:12.0 (16580108)|VARIABLE_SCOPE_BEGIN|[215]|req|System.HttpRequest|true|false
17:48:12.0 (16615455)|VARIABLE_ASSIGNMENT|[215]|req|"System.HttpRequest[Endpoint=https://cmr-mx-business.fif.tech/api/business/v1/backend/onboarding/file/download, Method=POST]"|0x9c92947
17:48:12.0 (16620468)|STATEMENT_EXECUTE|[215]
17:48:12.0 (16621688)|STATEMENT_EXECUTE|[217]
17:48:12.0 (16623778)|HEAP_ALLOCATE|[217]|Bytes:5
17:48:12.0 (16642935)|HEAP_ALLOCATE|[217]|Bytes:123
17:48:12.0 (16648968)|HEAP_ALLOCATE|[217]|Bytes:128
17:48:12.0 (16664955)|USER_DEBUG|[217]|DEBUG|REQ: System.HttpRequest[Endpoint=https://cmr-mx-business.fif.tech/api/business/v1/backend/onboarding/file/download, Method=POST]
17:48:12.0 (16670941)|STATEMENT_EXECUTE|[218]
17:48:12.0 (16672443)|HEAP_ALLOCATE|[218]|Bytes:30
17:48:12.0 (16685672)|HEAP_ALLOCATE|[218]|Bytes:16
17:48:12.0 (16689604)|HEAP_ALLOCATE|[218]|Bytes:46
17:48:12.0 (16693978)|USER_DEBUG|[218]|DEBUG|req.getHeader(Content-Type):  application/json
17:48:12.0 (16697900)|STATEMENT_EXECUTE|[219]
17:48:12.0 (16699110)|HEAP_ALLOCATE|[219]|Bytes:32
17:48:12.0 (16706672)|HEAP_ALLOCATE|[219]|Bytes:3
17:48:12.0 (16710160)|HEAP_ALLOCATE|[219]|Bytes:35
17:48:12.0 (16714497)|USER_DEBUG|[219]|DEBUG|req.getHeader(mdw-cs-channel):  Web
17:48:12.0 (16718088)|STATEMENT_EXECUTE|[220]
17:48:12.0 (16719175)|HEAP_ALLOCATE|[220]|Bytes:33
17:48:12.0 (16726766)|HEAP_ALLOCATE|[220]|Bytes:3
17:48:12.0 (16730103)|HEAP_ALLOCATE|[220]|Bytes:36
17:48:12.0 (16734195)|USER_DEBUG|[220]|DEBUG|req.getHeader(mdw-cs-commerce):  CMR
17:48:12.0 (16738057)|STATEMENT_EXECUTE|[221]
17:48:12.0 (16739264)|HEAP_ALLOCATE|[221]|Bytes:32
17:48:12.0 (16746155)|HEAP_ALLOCATE|[221]|Bytes:2
17:48:12.0 (16749302)|HEAP_ALLOCATE|[221]|Bytes:34
17:48:12.0 (16753281)|USER_DEBUG|[221]|DEBUG|req.getHeader(mdw-cs-country):  MX
17:48:12.0 (16757110)|STATEMENT_EXECUTE|[222]
17:48:12.0 (16758107)|HEAP_ALLOCATE|[222]|Bytes:16
17:48:12.0 (16779416)|HEAP_ALLOCATE|[222]|Bytes:201
17:48:12.0 (16782940)|HEAP_ALLOCATE|[222]|Bytes:217
17:48:12.0 (16786790)|USER_DEBUG|[222]|DEBUG|req.getBody():  {"authenticated_userid":"0","provision_key":"MzYyYmVjYjFkOGI4YzZmNWJkMTE4ZmE5","client_secret":"OTM5ZTgxMzIwNzI2ZGNlYmFhNzU0ZmY2","client_id":"MTI3ZjBjNmE3NTg1ZTVmOTY2NzYwYzQy","grant_type":"password"}
17:48:12.0 (16792300)|METHOD_EXIT|[202]|01p1N00000EREqf|ClienteMicroServicios.imprimirRequest(System.HttpRequest)
17:48:12.0 (16795093)|STATEMENT_EXECUTE|[204]
17:48:12.0 (16797438)|METHOD_EXIT|[138]|01p1N00000EREqf|ClienteMicroServicios.crearRequest_v1_v2(System.HttpRequest)
17:48:12.0 (16800448)|METHOD_EXIT|[94]|01p1N00000EREqf|ClienteMicroServicios.crearRequest(Map<String,String>)
17:48:12.0 (16803481)|VARIABLE_SCOPE_BEGIN|[94]|req|System.HttpRequest|true|false
17:48:12.0 (16828626)|VARIABLE_ASSIGNMENT|[94]|req|"System.HttpRequest[Endpoint=https://cmr-mx-business.fif.tech/api/business/v1/backend/onboarding/file/download, Method=POST]"|0x9c92947
17:48:12.0 (16832730)|STATEMENT_EXECUTE|[95]
17:48:12.0 (16836878)|VARIABLE_SCOPE_BEGIN|[95]|res|System.HttpResponse|true|false
17:48:12.0 (16841666)|VARIABLE_ASSIGNMENT|[95]|res|null|
17:48:12.0 (16843939)|STATEMENT_EXECUTE|[97]
17:48:12.0 (16887104)|HEAP_ALLOCATE|[98]|Bytes:118
17:48:12.0 (16899224)|SYSTEM_METHOD_ENTRY|[1]|Test.Test()
17:48:12.0 (16903199)|STATEMENT_EXECUTE|[1]
17:48:12.0 (16910278)|SYSTEM_METHOD_EXIT|[1]|Test
17:48:12.0 (16917818)|METHOD_ENTRY|[98]||System.Test.isRunningTest()
17:48:12.0 (16934388)|METHOD_EXIT|[98]||System.Test.isRunningTest()
17:48:12.0 (16939169)|STATEMENT_EXECUTE|[98]
17:48:12.0 (16940527)|STATEMENT_EXECUTE|[99]
17:48:12.0 (16945370)|METHOD_ENTRY|[99]|01p1N00000EREqf|ClienteMicroServicios.enviarRequest(System.HttpRequest)
17:48:12.0 (16949859)|VARIABLE_SCOPE_BEGIN|[225]|this|ClienteMicroServicios|true|false
17:48:12.0 (16976845)|VARIABLE_ASSIGNMENT|[225]|this|{"access_token":"","APIVERSION":"apiversion","APP_JSON":"application/json","AT":"access_token","AUTH":"Authorization","AUTHENTICATED_USERID":"authenticated_userid","BACKEND":"backend","BASE_URL":"https://cmr-mx-busin (3 more) ...","BEARER":"Bearer","CLIENT_ID":"client_id","CLIENT_SECRET":"client_secret","cm":"0x3cfa76e9","CONT_TYPE":"Content-Type","endpoint":"onboarding/file/down (4 more) ...","GRANT_TYPE":"grant_type","MDW_CS_CHANNEL":"mdw-cs-channel","MDW_CS_COMMERCE":"mdw-cs-commerce","MDW_CS_COUNTRY":"mdw-cs-country","MDW_CS_DATE":"mdw-cs-date","MDW_CS_HOUR":"mdw-cs-hour","method":"POST","microServicio":"MicroServicioImgBlob (7 more) ...","OAUTH":"oauth2/token","PASSWORD":"password","PROVISION_KEY":"provision_key","SCORETOKEN":"token","SECCTION":"secction","TIME_OUT":120000,"URI":".fif.tech/api/busine (3 more) ...","version":"v1"}|0x50d30cca
17:48:12.0 (16984216)|VARIABLE_SCOPE_BEGIN|[225]|req|System.HttpRequest|true|false
17:48:12.0 (17009718)|VARIABLE_ASSIGNMENT|[225]|req|"System.HttpRequest[Endpoint=https://cmr-mx-business.fif.tech/api/business/v1/backend/onboarding/file/download/oauth2/token, Method=POST]"|0x9c92947
17:48:12.0 (17015419)|STATEMENT_EXECUTE|[225]
17:48:12.0 (17016845)|STATEMENT_EXECUTE|[227]
17:48:12.0 (17027078)|VARIABLE_SCOPE_BEGIN|[227]|http|System.Http|true|false
17:48:12.0 (17049018)|VARIABLE_ASSIGNMENT|[227]|http|"System.Http[]"|0x300ef8b9
17:48:12.0 (17060249)|STATEMENT_EXECUTE|[228]
17:48:12.0 (17354139)|CALLOUT_REQUEST|[228]|System.HttpRequest[Endpoint=https://cmr-mx-business.fif.tech/api/business/v1/backend/onboarding/file/download/oauth2/token, Method=POST]
17:48:12.0 (146011795)|HEAP_ALLOCATE|[EXTERNAL]|Bytes:990
17:48:12.0 (147149480)|CALLOUT_RESPONSE|[228]|System.HttpResponse[Status=OK, StatusCode=200]
17:48:12.0 (147177882)|HEAP_ALLOCATE|[228]|Bytes:146
17:48:12.0 (147243005)|METHOD_EXIT|[99]|01p1N00000EREqf|ClienteMicroServicios.enviarRequest(System.HttpRequest)
17:48:12.0 (147328551)|VARIABLE_ASSIGNMENT|[99]|res|"System.HttpResponse[Status=OK, StatusCode=200]"|0x5cdcea38
17:48:12.0 (147353503)|STATEMENT_EXECUTE|[108]
17:48:12.0 (147469111)|HEAP_ALLOCATE|[108]|Bytes:140
17:48:12.0 (147620308)|HEAP_ALLOCATE|[108]|Bytes:5
17:48:12.0 (147624937)|HEAP_ALLOCATE|[108]|Bytes:2
17:48:12.0 (147659125)|METHOD_ENTRY|[5]|01p1N00000DyZdR|oAuthJSON.oAuthJSON()
17:48:12.0 (147667884)|STATEMENT_EXECUTE|[5]
17:48:12.0 (147678945)|STATEMENT_EXECUTE|[5]
17:48:12.0 (147680431)|STATEMENT_EXECUTE|[7]
17:48:12.0 (147691312)|METHOD_EXIT|[5]|oAuthJSON
17:48:12.0 (147705970)|METHOD_ENTRY|[108]|01p1N00000DyZdR|oAuthJSON.parse(String)
17:48:12.0 (147715348)|VARIABLE_SCOPE_BEGIN|[15]|json|String|false|false
17:48:12.0 (147728773)|VARIABLE_ASSIGNMENT|[15]|json|"{\"token_type\":\"beare (120 more) ..."
17:48:12.0 (147734558)|STATEMENT_EXECUTE|[15]
17:48:12.0 (147735926)|STATEMENT_EXECUTE|[16]
17:48:12.0 (147738888)|HEAP_ALLOCATE|[16]|Bytes:15
17:48:12.0 (147865243)|HEAP_ALLOCATE|[16]|Bytes:33
17:48:12.0 (147874069)|SYSTEM_METHOD_ENTRY|[1]|Type.Type()
17:48:12.0 (147877376)|STATEMENT_EXECUTE|[1]
17:48:12.0 (147890206)|SYSTEM_METHOD_EXIT|[1]|Type
17:48:12.0 (147897192)|HEAP_ALLOCATE|[16]|Bytes:8
17:48:12.0 (147916850)|HEAP_ALLOCATE|[16]|Bytes:8
17:48:12.0 (147920358)|VARIABLE_SCOPE_BEGIN|[4]|this|System.Type|true|false
17:48:12.0 (147955418)|VARIABLE_ASSIGNMENT|[4]|this|{}|0x7d53f781
17:48:12.0 (147959067)|VARIABLE_SCOPE_BEGIN|[4]|apextype|java:common.apex.runtime.ApexObjectType|true|false
17:48:12.0 (148019205)|VARIABLE_ASSIGNMENT|[4]|apextype|"oAuthJSON.oAuth"|0x172fbfc9
17:48:12.0 (148062901)|HEAP_ALLOCATE|[16]|Bytes:8
17:48:12.0 (148075893)|METHOD_ENTRY|[16]||System.JSON.deserialize(String, System.Type)
17:48:12.0 (148290541)|METHOD_EXIT|[16]||System.JSON.deserialize(String, System.Type)
17:48:12.0 (148299184)|METHOD_EXIT|[108]|01p1N00000DyZdR|oAuthJSON.parse(String)
17:48:12.0 (148302400)|VARIABLE_SCOPE_BEGIN|[108]|result|oAuthJSON.oAuth|true|false
17:48:12.0 (148331010)|VARIABLE_ASSIGNMENT|[108]|result|{"access_token":"hAVv0RSf2Kxm1tak1tlj (12 more) ...","expires_in":60,"refresh_token":"OPpgONpRQcFlqI8kuSp6 (12 more) ...","token_type":"bearer"}|0x7cda9d98
17:48:12.0 (148339808)|STATEMENT_EXECUTE|[110]
17:48:12.0 (148342035)|HEAP_ALLOCATE|[110]|Bytes:10
17:48:12.0 (148398285)|HEAP_ALLOCATE|[110]|Bytes:140
17:48:12.0 (148410988)|HEAP_ALLOCATE|[110]|Bytes:150
17:48:12.0 (148450754)|USER_DEBUG|[110]|DEBUG|res token {"token_type":"bearer","access_token":"hAVv0RSf2Kxm1tak1tljGfNILGIL9PKH","refresh_token":"OPpgONpRQcFlqI8kuSp60kh9LLN4Ew6O","expires_in":60}
17:48:12.0 (148457598)|STATEMENT_EXECUTE|[112]
17:48:12.0 (148466721)|VARIABLE_ASSIGNMENT|[112]|this.access_token|"hAVv0RSf2Kxm1tak1tlj (12 more) ..."|0x50d30cca
17:48:12.0 (148472356)|METHOD_EXIT|[32]|01p1N00000EREqf|ClienteMicroServicios.generarToken()
17:48:12.0 (148476928)|METHOD_EXIT|[125]|01p3l000005qhVh|MicroServicioModalImagenesBO.MicroServicioBlobStorage()
17:48:12.0 (148480817)|STATEMENT_EXECUTE|[126]
17:48:12.0 (148557498)|VARIABLE_SCOPE_BEGIN|[126]|blobStorage|BlobStorageJSON|true|false
17:48:12.0 (148563993)|VARIABLE_ASSIGNMENT|[126]|blobStorage|null|
17:48:12.0 (148567080)|STATEMENT_EXECUTE|[128]
17:48:12.0 (148568305)|STATEMENT_EXECUTE|[128]
17:48:12.0 (148569584)|STATEMENT_EXECUTE|[130]
17:48:12.0 (148580628)|METHOD_ENTRY|[130]|01p3l000005qhVh|MicroServicioModalImagenesBO.descargarImagenMS(Map<String,Map<String,String>>)
17:48:12.0 (148592273)|VARIABLE_SCOPE_BEGIN|[53]|this|MicroServicioModalImagenesBO|true|false
17:48:12.0 (148606807)|VARIABLE_ASSIGNMENT|[53]|this|{"cliente":"0x50d30cca"}|0x7b1471ed
17:48:12.0 (148721228)|VARIABLE_SCOPE_BEGIN|[53]|params|Map<String,Map<String,String>>|true|false
17:48:12.0 (148737293)|VARIABLE_ASSIGNMENT|[53]|params|{"blob":{"base64TextId":"309495430-GafeteReve (3 more) ..."}}|0x3415a473
17:48:12.0 (148743685)|STATEMENT_EXECUTE|[53]
17:48:12.0 (148745232)|STATEMENT_EXECUTE|[55]
17:48:12.0 (148967099)|HEAP_ALLOCATE|[55]|Bytes:1280
17:48:12.0 (149043807)|HEAP_ALLOCATE|[55]|Bytes:1280
17:48:12.0 (149051465)|HEAP_ALLOCATE|[55]|Bytes:1
17:48:12.0 (149072841)|HEAP_ALLOCATE|[55]|Bytes:28
17:48:12.0 (149077704)|VARIABLE_SCOPE_BEGIN|[55]|currentClassName|String|false|false
17:48:12.0 (149086053)|VARIABLE_ASSIGNMENT|[55]|currentClassName|"MicroServicioModalIm (8 more) ..."
17:48:12.0 (149090416)|STATEMENT_EXECUTE|[56]
17:48:12.0 (149093612)|VARIABLE_SCOPE_BEGIN|[56]|res|System.HttpResponse|true|false
17:48:12.0 (149099070)|VARIABLE_ASSIGNMENT|[56]|res|null|
17:48:12.0 (149101609)|STATEMENT_EXECUTE|[57]
17:48:12.0 (149114471)|METHOD_ENTRY|[57]|01p1N00000EREqf|ClienteMicroServicios.crearRequest_v2(Map<String,Map<String,String>>)
17:48:12.0 (149125030)|VARIABLE_SCOPE_BEGIN|[141]|this|ClienteMicroServicios|true|false
17:48:12.0 (149164640)|VARIABLE_ASSIGNMENT|[141]|this|{"access_token":"hAVv0RSf2Kxm1tak1tlj (12 more) ...","APIVERSION":"apiversion","APP_JSON":"application/json","AT":"access_token","AUTH":"Authorization","AUTHENTICATED_USERID":"authenticated_userid","BACKEND":"backend","BASE_URL":"https://cmr-mx-busin (3 more) ...","BEARER":"Bearer","CLIENT_ID":"client_id","CLIENT_SECRET":"client_secret","cm":"0x3cfa76e9","CONT_TYPE":"Content-Type","endpoint":"onboarding/file/down (4 more) ...","GRANT_TYPE":"grant_type","MDW_CS_CHANNEL":"mdw-cs-channel","MDW_CS_COMMERCE":"mdw-cs-commerce","MDW_CS_COUNTRY":"mdw-cs-country","MDW_CS_DATE":"mdw-cs-date","MDW_CS_HOUR":"mdw-cs-hour","method":"POST","microServicio":"MicroServicioImgBlob (7 more) ...","OAUTH":"oauth2/token","PASSWORD":"password","PROVISION_KEY":"provision_key","SCORETOKEN":"token","SECCTION":"secction","TIME_OUT":120000,"URI":".fif.tech/api/busine (3 more) ...","version":"v1"}|0x50d30cca
17:48:12.0 (149172265)|VARIABLE_SCOPE_BEGIN|[141]|params|Map<String,Map<String,String>>|true|false
17:48:12.0 (149182220)|VARIABLE_ASSIGNMENT|[141]|params|{"blob":{"base64TextId":"309495430-GafeteReve (3 more) ..."}}|0x3415a473
17:48:12.0 (149186840)|STATEMENT_EXECUTE|[141]
17:48:12.0 (149188373)|STATEMENT_EXECUTE|[143]
17:48:12.0 (149215223)|VARIABLE_SCOPE_BEGIN|[143]|http|System.Http|true|false
17:48:12.0 (149293538)|VARIABLE_ASSIGNMENT|[143]|http|"System.Http[]"|0x6f76903e
17:48:12.0 (149300649)|STATEMENT_EXECUTE|[144]
17:48:12.0 (149315109)|VARIABLE_SCOPE_BEGIN|[144]|req|System.HttpRequest|true|false
17:48:12.0 (149355150)|VARIABLE_ASSIGNMENT|[144]|req|"System.HttpRequest[Endpoint=null, Method=null]"|0x54c02ac2
17:48:12.0 (149360917)|STATEMENT_EXECUTE|[145]
17:48:12.0 (149369215)|METHOD_ENTRY|[145]||System.JSON.serialize(Object)
17:48:12.0 (150119580)|METHOD_EXIT|[145]||System.JSON.serialize(Object)
17:48:12.0 (150184179)|STATEMENT_EXECUTE|[147]
17:48:12.0 (150196888)|METHOD_ENTRY|[147]|01p1N00000EREqf|ClienteMicroServicios.crearRequest_v1_v2(System.HttpRequest)
17:48:12.0 (150208565)|VARIABLE_SCOPE_BEGIN|[181]|this|ClienteMicroServicios|true|false
17:48:12.0 (150272863)|VARIABLE_ASSIGNMENT|[181]|this|{"access_token":"hAVv0RSf2Kxm1tak1tlj (12 more) ...","APIVERSION":"apiversion","APP_JSON":"application/json","AT":"access_token","AUTH":"Authorization","AUTHENTICATED_USERID":"authenticated_userid","BACKEND":"backend","BASE_URL":"https://cmr-mx-busin (3 more) ...","BEARER":"Bearer","CLIENT_ID":"client_id","CLIENT_SECRET":"client_secret","cm":"0x3cfa76e9","CONT_TYPE":"Content-Type","endpoint":"onboarding/file/down (4 more) ...","GRANT_TYPE":"grant_type","MDW_CS_CHANNEL":"mdw-cs-channel","MDW_CS_COMMERCE":"mdw-cs-commerce","MDW_CS_COUNTRY":"mdw-cs-country","MDW_CS_DATE":"mdw-cs-date","MDW_CS_HOUR":"mdw-cs-hour","method":"POST","microServicio":"MicroServicioImgBlob (7 more) ...","OAUTH":"oauth2/token","PASSWORD":"password","PROVISION_KEY":"provision_key","SCORETOKEN":"token","SECCTION":"secction","TIME_OUT":120000,"URI":".fif.tech/api/busine (3 more) ...","version":"v1"}|0x50d30cca
17:48:12.0 (150281338)|VARIABLE_SCOPE_BEGIN|[181]|req|System.HttpRequest|true|false
17:48:12.0 (150341358)|VARIABLE_ASSIGNMENT|[181]|req|"System.HttpRequest[Endpoint=null, Method=null]"|0x54c02ac2
17:48:12.0 (150350578)|STATEMENT_EXECUTE|[181]
17:48:12.0 (150352321)|STATEMENT_EXECUTE|[183]
17:48:12.0 (150358183)|METHOD_ENTRY|[183]|01p1N00000EREqf|ClienteMicroServicios.obtenerURLENDPOINT()
17:48:12.0 (150363978)|VARIABLE_SCOPE_BEGIN|[115]|this|ClienteMicroServicios|true|false
17:48:12.0 (150402655)|VARIABLE_ASSIGNMENT|[115]|this|{"access_token":"hAVv0RSf2Kxm1tak1tlj (12 more) ...","APIVERSION":"apiversion","APP_JSON":"application/json","AT":"access_token","AUTH":"Authorization","AUTHENTICATED_USERID":"authenticated_userid","BACKEND":"backend","BASE_URL":"https://cmr-mx-busin (3 more) ...","BEARER":"Bearer","CLIENT_ID":"client_id","CLIENT_SECRET":"client_secret","cm":"0x3cfa76e9","CONT_TYPE":"Content-Type","endpoint":"onboarding/file/down (4 more) ...","GRANT_TYPE":"grant_type","MDW_CS_CHANNEL":"mdw-cs-channel","MDW_CS_COMMERCE":"mdw-cs-commerce","MDW_CS_COUNTRY":"mdw-cs-country","MDW_CS_DATE":"mdw-cs-date","MDW_CS_HOUR":"mdw-cs-hour","method":"POST","microServicio":"MicroServicioImgBlob (7 more) ...","OAUTH":"oauth2/token","PASSWORD":"password","PROVISION_KEY":"provision_key","SCORETOKEN":"token","SECCTION":"secction","TIME_OUT":120000,"URI":".fif.tech/api/busine (3 more) ...","version":"v1"}|0x50d30cca
17:48:12.0 (150416163)|STATEMENT_EXECUTE|[115]
17:48:12.0 (150417891)|STATEMENT_EXECUTE|[117]
17:48:12.0 (150422053)|VARIABLE_SCOPE_BEGIN|[117]|url|String|false|false
17:48:12.0 (150429154)|VARIABLE_ASSIGNMENT|[117]|url|""
17:48:12.0 (150431519)|STATEMENT_EXECUTE|[118]
17:48:12.0 (150450026)|HEAP_ALLOCATE|[118]|Bytes:5
17:48:12.0 (150456064)|VARIABLE_SCOPE_BEGIN|[118]|Enviroment|String|false|false
17:48:12.0 (150462098)|VARIABLE_ASSIGNMENT|[118]|Enviroment|"-null"
17:48:12.0 (150468165)|STATEMENT_EXECUTE|[124]
17:48:12.0 (150469925)|STATEMENT_EXECUTE|[126]
17:48:12.0 (150477656)|HEAP_ALLOCATE|[126]|Bytes:57
17:48:12.0 (150481053)|HEAP_ALLOCATE|[126]|Bytes:81
17:48:12.0 (150484666)|VARIABLE_ASSIGNMENT|[126]|url|"https://cmr-mx-busin (61 more) ..."
17:48:12.0 (150487249)|STATEMENT_EXECUTE|[129]
17:48:12.0 (150489917)|METHOD_EXIT|[183]|01p1N00000EREqf|ClienteMicroServicios.obtenerURLENDPOINT()
17:48:12.0 (150492730)|VARIABLE_SCOPE_BEGIN|[183]|url|String|false|false
17:48:12.0 (150496978)|VARIABLE_ASSIGNMENT|[183]|url|"https://cmr-mx-busin (61 more) ..."
17:48:12.0 (150499520)|STATEMENT_EXECUTE|[185]
17:48:12.0 (150506517)|VARIABLE_SCOPE_BEGIN|[185]|strChannel|String|false|false
17:48:12.0 (150510260)|VARIABLE_ASSIGNMENT|[185]|strChannel|"Web"
17:48:12.0 (150512453)|STATEMENT_EXECUTE|[186]
17:48:12.0 (150514543)|VARIABLE_SCOPE_BEGIN|[186]|strCommerce|String|false|false
17:48:12.0 (150518768)|VARIABLE_ASSIGNMENT|[186]|strCommerce|"CMR"
17:48:12.0 (150521136)|STATEMENT_EXECUTE|[187]
17:48:12.0 (150523610)|VARIABLE_SCOPE_BEGIN|[187]|strCountry|String|false|false
17:48:12.0 (150527954)|VARIABLE_ASSIGNMENT|[187]|strCountry|"MX"
17:48:12.0 (150530548)|STATEMENT_EXECUTE|[189]
17:48:12.0 (150540937)|STATEMENT_EXECUTE|[190]
17:48:12.0 (150548246)|STATEMENT_EXECUTE|[191]
17:48:12.0 (150556992)|STATEMENT_EXECUTE|[192]
17:48:12.0 (150571459)|STATEMENT_EXECUTE|[193]
17:48:12.0 (150578350)|STATEMENT_EXECUTE|[194]
17:48:12.0 (150582925)|STATEMENT_EXECUTE|[195]
17:48:12.0 (150602268)|STATEMENT_EXECUTE|[197]
17:48:12.0 (150603455)|STATEMENT_EXECUTE|[199]
17:48:12.0 (150606420)|HEAP_ALLOCATE|[199]|Bytes:1
17:48:12.0 (150613724)|HEAP_ALLOCATE|[199]|Bytes:39
17:48:12.0 (150699508)|STATEMENT_EXECUTE|[202]
17:48:12.0 (150703594)|METHOD_ENTRY|[202]|01p1N00000EREqf|ClienteMicroServicios.imprimirRequest(System.HttpRequest)
17:48:12.0 (150706863)|VARIABLE_SCOPE_BEGIN|[215]|this|ClienteMicroServicios|true|false
17:48:12.0 (150736395)|VARIABLE_ASSIGNMENT|[215]|this|{"access_token":"hAVv0RSf2Kxm1tak1tlj (12 more) ...","APIVERSION":"apiversion","APP_JSON":"application/json","AT":"access_token","AUTH":"Authorization","AUTHENTICATED_USERID":"authenticated_userid","BACKEND":"backend","BASE_URL":"https://cmr-mx-busin (3 more) ...","BEARER":"Bearer","CLIENT_ID":"client_id","CLIENT_SECRET":"client_secret","cm":"0x3cfa76e9","CONT_TYPE":"Content-Type","endpoint":"onboarding/file/down (4 more) ...","GRANT_TYPE":"grant_type","MDW_CS_CHANNEL":"mdw-cs-channel","MDW_CS_COMMERCE":"mdw-cs-commerce","MDW_CS_COUNTRY":"mdw-cs-country","MDW_CS_DATE":"mdw-cs-date","MDW_CS_HOUR":"mdw-cs-hour","method":"POST","microServicio":"MicroServicioImgBlob (7 more) ...","OAUTH":"oauth2/token","PASSWORD":"password","PROVISION_KEY":"provision_key","SCORETOKEN":"token","SECCTION":"secction","TIME_OUT":120000,"URI":".fif.tech/api/busine (3 more) ...","version":"v1"}|0x50d30cca
17:48:12.0 (150744263)|VARIABLE_SCOPE_BEGIN|[215]|req|System.HttpRequest|true|false
17:48:12.0 (150792553)|VARIABLE_ASSIGNMENT|[215]|req|"System.HttpRequest[Endpoint=https://cmr-mx-business.fif.tech/api/business/v1/backend/onboarding/file/download, Method=POST]"|0x54c02ac2
17:48:12.0 (150797953)|STATEMENT_EXECUTE|[215]
17:48:12.0 (150799208)|STATEMENT_EXECUTE|[217]
17:48:12.0 (150809258)|HEAP_ALLOCATE|[217]|Bytes:123
17:48:12.0 (150814825)|HEAP_ALLOCATE|[217]|Bytes:128
17:48:12.0 (150829300)|USER_DEBUG|[217]|DEBUG|REQ: System.HttpRequest[Endpoint=https://cmr-mx-business.fif.tech/api/business/v1/backend/onboarding/file/download, Method=POST]
17:48:12.0 (150835510)|STATEMENT_EXECUTE|[218]
17:48:12.0 (150843173)|HEAP_ALLOCATE|[218]|Bytes:16
17:48:12.0 (150846699)|HEAP_ALLOCATE|[218]|Bytes:46
17:48:12.0 (150850929)|USER_DEBUG|[218]|DEBUG|req.getHeader(Content-Type):  application/json
17:48:12.0 (150854763)|STATEMENT_EXECUTE|[219]
17:48:12.0 (150858843)|HEAP_ALLOCATE|[219]|Bytes:3
17:48:12.0 (150861955)|HEAP_ALLOCATE|[219]|Bytes:35
17:48:12.0 (150865651)|USER_DEBUG|[219]|DEBUG|req.getHeader(mdw-cs-channel):  Web
17:48:12.0 (150869048)|STATEMENT_EXECUTE|[220]
17:48:12.0 (150872962)|HEAP_ALLOCATE|[220]|Bytes:3
17:48:12.0 (150876110)|HEAP_ALLOCATE|[220]|Bytes:36
17:48:12.0 (150880107)|USER_DEBUG|[220]|DEBUG|req.getHeader(mdw-cs-commerce):  CMR
17:48:12.0 (150883982)|STATEMENT_EXECUTE|[221]
17:48:12.0 (150887463)|HEAP_ALLOCATE|[221]|Bytes:2
17:48:12.0 (150890533)|HEAP_ALLOCATE|[221]|Bytes:34
17:48:12.0 (150894563)|USER_DEBUG|[221]|DEBUG|req.getHeader(mdw-cs-country):  MX
17:48:12.0 (150898297)|STATEMENT_EXECUTE|[222]
17:48:12.0 (150908400)|HEAP_ALLOCATE|[222]|Bytes:51
17:48:12.0 (150911638)|HEAP_ALLOCATE|[222]|Bytes:67
17:48:12.0 (150915044)|USER_DEBUG|[222]|DEBUG|req.getBody():  {"blob":{"base64TextId":"309495430-GafeteReverso"}}
17:48:12.0 (150920446)|METHOD_EXIT|[202]|01p1N00000EREqf|ClienteMicroServicios.imprimirRequest(System.HttpRequest)
17:48:12.0 (150923271)|STATEMENT_EXECUTE|[204]
17:48:12.0 (150925182)|METHOD_EXIT|[147]|01p1N00000EREqf|ClienteMicroServicios.crearRequest_v1_v2(System.HttpRequest)
17:48:12.0 (150929771)|METHOD_EXIT|[57]|01p1N00000EREqf|ClienteMicroServicios.crearRequest_v2(Map<String,Map<String,String>>)
17:48:12.0 (150933223)|VARIABLE_SCOPE_BEGIN|[57]|req|System.HttpRequest|true|false
17:48:12.0 (150957716)|VARIABLE_ASSIGNMENT|[57]|req|"System.HttpRequest[Endpoint=https://cmr-mx-business.fif.tech/api/business/v1/backend/onboarding/file/download, Method=POST]"|0x54c02ac2
17:48:12.0 (150961935)|STATEMENT_EXECUTE|[58]
17:48:12.0 (150964851)|VARIABLE_SCOPE_BEGIN|[58]|isSuccess|Boolean|false|false
17:48:12.0 (150972707)|HEAP_ALLOCATE|[58]|Bytes:5
17:48:12.0 (150977760)|VARIABLE_ASSIGNMENT|[58]|isSuccess|false
17:48:12.0 (150980713)|STATEMENT_EXECUTE|[59]
17:48:12.0 (150982732)|VARIABLE_SCOPE_BEGIN|[59]|result|String|false|false
17:48:12.0 (150986924)|VARIABLE_ASSIGNMENT|[59]|result|null
17:48:12.0 (150989618)|STATEMENT_EXECUTE|[61]
17:48:12.0 (150991550)|HEAP_ALLOCATE|[61]|Bytes:22
17:48:12.0 (151017178)|HEAP_ALLOCATE|[61]|Bytes:123
17:48:12.0 (151024218)|HEAP_ALLOCATE|[61]|Bytes:145
17:48:12.0 (151030636)|USER_DEBUG|[61]|DEBUG|descargarImagenMS req System.HttpRequest[Endpoint=https://cmr-mx-business.fif.tech/api/business/v1/backend/onboarding/file/download, Method=POST]
17:48:12.0 (151035149)|STATEMENT_EXECUTE|[63]
17:48:12.0 (151036373)|STATEMENT_EXECUTE|[63]
17:48:12.0 (151044280)|STATEMENT_EXECUTE|[65]
17:48:12.0 (151046278)|VARIABLE_SCOPE_BEGIN|[65]|i|Integer|false|false
17:48:12.0 (151050525)|HEAP_ALLOCATE|[65]|Bytes:4
17:48:12.0 (151053891)|VARIABLE_ASSIGNMENT|[65]|i|0
17:48:12.0 (151059746)|STATEMENT_EXECUTE|[65]
17:48:12.0 (151061057)|STATEMENT_EXECUTE|[67]
17:48:12.0 (151071347)|METHOD_ENTRY|[67]|01p1N00000EREqf|ClienteMicroServicios.enviarRequest(System.HttpRequest)
17:48:12.0 (151078799)|VARIABLE_SCOPE_BEGIN|[225]|this|ClienteMicroServicios|true|false
17:48:12.0 (151117222)|VARIABLE_ASSIGNMENT|[225]|this|{"access_token":"hAVv0RSf2Kxm1tak1tlj (12 more) ...","APIVERSION":"apiversion","APP_JSON":"application/json","AT":"access_token","AUTH":"Authorization","AUTHENTICATED_USERID":"authenticated_userid","BACKEND":"backend","BASE_URL":"https://cmr-mx-busin (3 more) ...","BEARER":"Bearer","CLIENT_ID":"client_id","CLIENT_SECRET":"client_secret","cm":"0x3cfa76e9","CONT_TYPE":"Content-Type","endpoint":"onboarding/file/down (4 more) ...","GRANT_TYPE":"grant_type","MDW_CS_CHANNEL":"mdw-cs-channel","MDW_CS_COMMERCE":"mdw-cs-commerce","MDW_CS_COUNTRY":"mdw-cs-country","MDW_CS_DATE":"mdw-cs-date","MDW_CS_HOUR":"mdw-cs-hour","method":"POST","microServicio":"MicroServicioImgBlob (7 more) ...","OAUTH":"oauth2/token","PASSWORD":"password","PROVISION_KEY":"provision_key","SCORETOKEN":"token","SECCTION":"secction","TIME_OUT":120000,"URI":".fif.tech/api/busine (3 more) ...","version":"v1"}|0x50d30cca
17:48:12.0 (151128732)|VARIABLE_SCOPE_BEGIN|[225]|req|System.HttpRequest|true|false
17:48:12.0 (151157602)|VARIABLE_ASSIGNMENT|[225]|req|"System.HttpRequest[Endpoint=https://cmr-mx-business.fif.tech/api/business/v1/backend/onboarding/file/download, Method=POST]"|0x54c02ac2
17:48:12.0 (151163389)|STATEMENT_EXECUTE|[225]
17:48:12.0 (151164750)|STATEMENT_EXECUTE|[227]
17:48:12.0 (151174266)|VARIABLE_SCOPE_BEGIN|[227]|http|System.Http|true|false
17:48:12.0 (151198253)|VARIABLE_ASSIGNMENT|[227]|http|"System.Http[]"|0x457fc9ac
17:48:12.0 (151201576)|STATEMENT_EXECUTE|[228]
17:48:12.0 (151237272)|CALLOUT_REQUEST|[228]|System.HttpRequest[Endpoint=https://cmr-mx-business.fif.tech/api/business/v1/backend/onboarding/file/download, Method=POST]
17:48:12.0 (440001174)|HEAP_ALLOCATE|[EXTERNAL]|Bytes:1323
17:48:12.0 (440916036)|CALLOUT_RESPONSE|[228]|System.HttpResponse[Status=Internal Server Error, StatusCode=500]
17:48:12.0 (440953549)|HEAP_ALLOCATE|[228]|Bytes:68
17:48:12.0 (441001664)|METHOD_EXIT|[67]|01p1N00000EREqf|ClienteMicroServicios.enviarRequest(System.HttpRequest)
17:48:12.0 (441073836)|VARIABLE_ASSIGNMENT|[67]|res|"System.HttpResponse[Status=Internal Server Error, StatusCode=500]"|0x4eede67c
17:48:12.0 (441158774)|STATEMENT_EXECUTE|[69]
17:48:12.0 (441163062)|HEAP_ALLOCATE|[65]|Bytes:4
17:48:12.0 (441179314)|VARIABLE_ASSIGNMENT|[65]|i|1
17:48:12.0 (441187312)|STATEMENT_EXECUTE|[65]
17:48:12.0 (441188524)|STATEMENT_EXECUTE|[67]
17:48:12.0 (441198269)|METHOD_ENTRY|[67]|01p1N00000EREqf|ClienteMicroServicios.enviarRequest(System.HttpRequest)
17:48:12.0 (441205479)|VARIABLE_SCOPE_BEGIN|[225]|this|ClienteMicroServicios|true|false
17:48:12.0 (441290672)|VARIABLE_ASSIGNMENT|[225]|this|{"access_token":"hAVv0RSf2Kxm1tak1tlj (12 more) ...","APIVERSION":"apiversion","APP_JSON":"application/json","AT":"access_token","AUTH":"Authorization","AUTHENTICATED_USERID":"authenticated_userid","BACKEND":"backend","BASE_URL":"https://cmr-mx-busin (3 more) ...","BEARER":"Bearer","CLIENT_ID":"client_id","CLIENT_SECRET":"client_secret","cm":"0x3cfa76e9","CONT_TYPE":"Content-Type","endpoint":"onboarding/file/down (4 more) ...","GRANT_TYPE":"grant_type","MDW_CS_CHANNEL":"mdw-cs-channel","MDW_CS_COMMERCE":"mdw-cs-commerce","MDW_CS_COUNTRY":"mdw-cs-country","MDW_CS_DATE":"mdw-cs-date","MDW_CS_HOUR":"mdw-cs-hour","method":"POST","microServicio":"MicroServicioImgBlob (7 more) ...","OAUTH":"oauth2/token","PASSWORD":"password","PROVISION_KEY":"provision_key","SCORETOKEN":"token","SECCTION":"secction","TIME_OUT":120000,"URI":".fif.tech/api/busine (3 more) ...","version":"v1"}|0x50d30cca
17:48:12.0 (441298818)|VARIABLE_SCOPE_BEGIN|[225]|req|System.HttpRequest|true|false
17:48:12.0 (441332521)|VARIABLE_ASSIGNMENT|[225]|req|"System.HttpRequest[Endpoint=https://cmr-mx-business.fif.tech/api/business/v1/backend/onboarding/file/download, Method=POST]"|0x54c02ac2
17:48:12.0 (441339511)|STATEMENT_EXECUTE|[225]
17:48:12.0 (441340879)|STATEMENT_EXECUTE|[227]
17:48:12.0 (441354441)|VARIABLE_SCOPE_BEGIN|[227]|http|System.Http|true|false
17:48:12.0 (441382745)|VARIABLE_ASSIGNMENT|[227]|http|"System.Http[]"|0x30540597
17:48:12.0 (441386437)|STATEMENT_EXECUTE|[228]
17:48:12.0 (441424762)|CALLOUT_REQUEST|[228]|System.HttpRequest[Endpoint=https://cmr-mx-business.fif.tech/api/business/v1/backend/onboarding/file/download, Method=POST]
17:48:12.0 (935530883)|HEAP_ALLOCATE|[EXTERNAL]|Bytes:1323
17:48:12.0 (937559644)|CALLOUT_RESPONSE|[228]|System.HttpResponse[Status=Internal Server Error, StatusCode=500]
17:48:12.0 (937589421)|HEAP_ALLOCATE|[228]|Bytes:68
17:48:12.0 (937648315)|METHOD_EXIT|[67]|01p1N00000EREqf|ClienteMicroServicios.enviarRequest(System.HttpRequest)
17:48:12.0 (937758312)|VARIABLE_ASSIGNMENT|[67]|res|"System.HttpResponse[Status=Internal Server Error, StatusCode=500]"|0x26753a75
17:48:12.0 (937808635)|STATEMENT_EXECUTE|[69]
17:48:12.0 (937814971)|HEAP_ALLOCATE|[65]|Bytes:4
17:48:12.0 (937861865)|VARIABLE_ASSIGNMENT|[65]|i|2
17:48:12.0 (937874312)|STATEMENT_EXECUTE|[65]
17:48:12.0 (937877253)|STATEMENT_EXECUTE|[67]
17:48:12.0 (937890253)|METHOD_ENTRY|[67]|01p1N00000EREqf|ClienteMicroServicios.enviarRequest(System.HttpRequest)
17:48:12.0 (937900340)|VARIABLE_SCOPE_BEGIN|[225]|this|ClienteMicroServicios|true|false
17:48:12.0 (938003607)|VARIABLE_ASSIGNMENT|[225]|this|{"access_token":"hAVv0RSf2Kxm1tak1tlj (12 more) ...","APIVERSION":"apiversion","APP_JSON":"application/json","AT":"access_token","AUTH":"Authorization","AUTHENTICATED_USERID":"authenticated_userid","BACKEND":"backend","BASE_URL":"https://cmr-mx-busin (3 more) ...","BEARER":"Bearer","CLIENT_ID":"client_id","CLIENT_SECRET":"client_secret","cm":"0x3cfa76e9","CONT_TYPE":"Content-Type","endpoint":"onboarding/file/down (4 more) ...","GRANT_TYPE":"grant_type","MDW_CS_CHANNEL":"mdw-cs-channel","MDW_CS_COMMERCE":"mdw-cs-commerce","MDW_CS_COUNTRY":"mdw-cs-country","MDW_CS_DATE":"mdw-cs-date","MDW_CS_HOUR":"mdw-cs-hour","method":"POST","microServicio":"MicroServicioImgBlob (7 more) ...","OAUTH":"oauth2/token","PASSWORD":"password","PROVISION_KEY":"provision_key","SCORETOKEN":"token","SECCTION":"secction","TIME_OUT":120000,"URI":".fif.tech/api/busine (3 more) ...","version":"v1"}|0x50d30cca
17:48:12.0 (938017245)|VARIABLE_SCOPE_BEGIN|[225]|req|System.HttpRequest|true|false
17:48:12.0 (938087455)|VARIABLE_ASSIGNMENT|[225]|req|"System.HttpRequest[Endpoint=https://cmr-mx-business.fif.tech/api/business/v1/backend/onboarding/file/download, Method=POST]"|0x54c02ac2
17:48:12.0 (938099309)|STATEMENT_EXECUTE|[225]
17:48:12.0 (938101599)|STATEMENT_EXECUTE|[227]
17:48:12.0 (938119303)|VARIABLE_SCOPE_BEGIN|[227]|http|System.Http|true|false
17:48:12.0 (938165251)|VARIABLE_ASSIGNMENT|[227]|http|"System.Http[]"|0x3e9952a2
17:48:12.0 (938172655)|STATEMENT_EXECUTE|[228]
17:48:12.0 (938545537)|CALLOUT_REQUEST|[228]|System.HttpRequest[Endpoint=https://cmr-mx-business.fif.tech/api/business/v1/backend/onboarding/file/download, Method=POST]
17:48:13.119 (1119771612)|HEAP_ALLOCATE|[EXTERNAL]|Bytes:1323
17:48:13.119 (1120693144)|CALLOUT_RESPONSE|[228]|System.HttpResponse[Status=Internal Server Error, StatusCode=500]
17:48:13.119 (1120718211)|HEAP_ALLOCATE|[228]|Bytes:68
17:48:13.119 (1120747985)|METHOD_EXIT|[67]|01p1N00000EREqf|ClienteMicroServicios.enviarRequest(System.HttpRequest)
17:48:13.119 (1120818584)|VARIABLE_ASSIGNMENT|[67]|res|"System.HttpResponse[Status=Internal Server Error, StatusCode=500]"|0x74b2baea
17:48:13.119 (1120858637)|STATEMENT_EXECUTE|[69]
17:48:13.119 (1120864504)|HEAP_ALLOCATE|[65]|Bytes:4
17:48:13.119 (1120874702)|VARIABLE_ASSIGNMENT|[65]|i|3
17:48:13.119 (1120881529)|STATEMENT_EXECUTE|[76]
17:48:13.119 (1120885848)|HEAP_ALLOCATE|[76]|Bytes:4
17:48:13.119 (1120945284)|HEAP_ALLOCATE|[76]|Bytes:43
17:48:13.119 (1120964844)|HEAP_ALLOCATE|[76]|Bytes:47
17:48:13.119 (1120991737)|USER_DEBUG|[76]|DEBUG|res {"code":"error","message":"internal error"}
17:48:13.119 (1121003309)|STATEMENT_EXECUTE|[82]
17:48:13.119 (1121006153)|STATEMENT_EXECUTE|[84]
17:48:13.119 (1121049949)|HEAP_ALLOCATE|[84]|Bytes:3
17:48:13.119 (1121071256)|METHOD_ENTRY|[84]|01p1N00000EREqf|ClienteMicroServicios.logError(String, String)
17:48:13.119 (1121078658)|VARIABLE_SCOPE_BEGIN|[231]|this|ClienteMicroServicios|true|false
17:48:13.119 (1121163649)|VARIABLE_ASSIGNMENT|[231]|this|{"access_token":"hAVv0RSf2Kxm1tak1tlj (12 more) ...","APIVERSION":"apiversion","APP_JSON":"application/json","AT":"access_token","AUTH":"Authorization","AUTHENTICATED_USERID":"authenticated_userid","BACKEND":"backend","BASE_URL":"https://cmr-mx-busin (3 more) ...","BEARER":"Bearer","CLIENT_ID":"client_id","CLIENT_SECRET":"client_secret","cm":"0x3cfa76e9","CONT_TYPE":"Content-Type","endpoint":"onboarding/file/down (4 more) ...","GRANT_TYPE":"grant_type","MDW_CS_CHANNEL":"mdw-cs-channel","MDW_CS_COMMERCE":"mdw-cs-commerce","MDW_CS_COUNTRY":"mdw-cs-country","MDW_CS_DATE":"mdw-cs-date","MDW_CS_HOUR":"mdw-cs-hour","method":"POST","microServicio":"MicroServicioImgBlob (7 more) ...","OAUTH":"oauth2/token","PASSWORD":"password","PROVISION_KEY":"provision_key","SCORETOKEN":"token","SECCTION":"secction","TIME_OUT":120000,"URI":".fif.tech/api/busine (3 more) ...","version":"v1"}|0x50d30cca
17:48:13.119 (1121171278)|VARIABLE_SCOPE_BEGIN|[231]|apexClass|String|false|false
17:48:13.119 (1121176274)|VARIABLE_ASSIGNMENT|[231]|apexClass|"MicroServicioModalIm (8 more) ..."
17:48:13.119 (1121178607)|VARIABLE_SCOPE_BEGIN|[231]|message|String|false|false
17:48:13.119 (1121182359)|VARIABLE_ASSIGNMENT|[231]|message|"500"
17:48:13.119 (1121189554)|STATEMENT_EXECUTE|[231]
17:48:13.119 (1121190839)|STATEMENT_EXECUTE|[233]
17:48:13.119 (1121277882)|HEAP_ALLOCATE|[233]|Bytes:4
17:48:13.119 (1121551209)|VARIABLE_ASSIGNMENT|[233]|this.ApexClass__c|"MicroServicioModalIm (8 more) ..."|0x32ce643e
17:48:13.119 (1121578569)|VARIABLE_ASSIGNMENT|[233]|this.Message__c|"500"|0x32ce643e
17:48:13.119 (1121609275)|VARIABLE_SCOPE_BEGIN|[233]|el|Error_Log__c|true|false
17:48:13.119 (1121623892)|VARIABLE_ASSIGNMENT|[233]|el|{"ApexClass__c":"MicroServicioModalIm (8 more) ...","Message__c":"500"}|0x32ce643e
17:48:13.119 (1121631423)|STATEMENT_EXECUTE|[234]
17:48:13.119 (1121659975)|HEAP_ALLOCATE|[234]|Bytes:8
17:48:13.119 (1121695389)|DML_BEGIN|[234]|Op:Insert|Type:Error_Log__c|Rows:1
17:48:13.119 (1121765384)|HEAP_ALLOCATE|[EXTERNAL]|Bytes:8
17:48:13.119 (1143390633)|DML_END|[234]
17:48:13.119 (1143539394)|METHOD_EXIT|[84]|01p1N00000EREqf|ClienteMicroServicios.logError(String, String)
17:48:13.119 (1143570827)|STATEMENT_EXECUTE|[93]
17:48:13.119 (1143578024)|METHOD_EXIT|[130]|01p3l000005qhVh|MicroServicioModalImagenesBO.descargarImagenMS(Map<String,Map<String,String>>)
17:48:13.119 (1143597661)|HEAP_ALLOCATE|[130]|Bytes:7
17:48:13.119 (1143609114)|HEAP_ALLOCATE|[130]|Bytes:2
17:48:13.119 (1143655140)|METHOD_ENTRY|[1]|01p3l00000EBdkE|BlobStorageJSON.BlobStorageJSON()
17:48:13.119 (1143663427)|STATEMENT_EXECUTE|[1]
17:48:13.119 (1143669865)|STATEMENT_EXECUTE|[1]
17:48:13.119 (1143671624)|STATEMENT_EXECUTE|[6]
17:48:13.119 (1143682066)|METHOD_EXIT|[1]|BlobStorageJSON
17:48:13.119 (1143696482)|METHOD_ENTRY|[130]|01p3l00000EBdkE|BlobStorageJSON.parse(String)
17:48:13.119 (1143703285)|VARIABLE_SCOPE_BEGIN|[11]|json|String|false|false
17:48:13.119 (1143719775)|VARIABLE_ASSIGNMENT|[11]|json|null
17:48:13.119 (1143726058)|STATEMENT_EXECUTE|[11]
17:48:13.119 (1143727224)|STATEMENT_EXECUTE|[12]
17:48:13.119 (1143729887)|HEAP_ALLOCATE|[12]|Bytes:15
17:48:13.119 (1143825479)|HEAP_ALLOCATE|[12]|Bytes:8
17:48:13.119 (1143835739)|HEAP_ALLOCATE|[12]|Bytes:8
17:48:13.119 (1143838409)|VARIABLE_SCOPE_BEGIN|[4]|this|System.Type|true|false
17:48:13.119 (1143868792)|VARIABLE_ASSIGNMENT|[4]|this|{}|0x510ac6a6
17:48:13.119 (1143871751)|VARIABLE_SCOPE_BEGIN|[4]|apextype|java:common.apex.runtime.ApexObjectType|true|false
17:48:13.119 (1143948572)|VARIABLE_ASSIGNMENT|[4]|apextype|"BlobStorageJSON"|0x55507baa
17:48:13.119 (1144000022)|HEAP_ALLOCATE|[12]|Bytes:8
17:48:13.119 (1144007974)|METHOD_ENTRY|[12]||System.JSON.deserialize(String, System.Type)
17:48:13.119 (1144160014)|METHOD_EXIT|[12]||System.JSON.deserialize(String, System.Type)
17:48:13.119 (1144164549)|METHOD_EXIT|[130]|01p3l00000EBdkE|BlobStorageJSON.parse(String)
17:48:13.119 (1144190064)|VARIABLE_SCOPE_BEGIN|[132]|ex|Exception|true|false
17:48:13.119 (1144227349)|VARIABLE_ASSIGNMENT|[132]|ex|"common.apex.runtime.impl.ExecutionException: null input to JSON parser"|0xf6e4d0
17:48:13.119 (1144235670)|STATEMENT_EXECUTE|[132]
17:48:13.119 (1144237322)|STATEMENT_EXECUTE|[134]
17:48:13.119 (1144239828)|HEAP_ALLOCATE|[134]|Bytes:8
17:48:13.119 (1144268764)|HEAP_ALLOCATE|[134]|Bytes:25
17:48:13.119 (1144274472)|HEAP_ALLOCATE|[134]|Bytes:10
17:48:13.119 (1144284241)|HEAP_ALLOCATE|[134]|Bytes:8
17:48:13.119 (1144300919)|HEAP_ALLOCATE|[134]|Bytes:2
17:48:13.119 (1144312309)|HEAP_ALLOCATE|[134]|Bytes:45
17:48:13.119 (1144326910)|USER_DEBUG|[134]|DEBUG|ERROR:  null input to JSON parser  LINEA:  15
17:48:13.119 (1144333627)|STATEMENT_EXECUTE|[138]
17:48:13.119 (1144335544)|STATEMENT_EXECUTE|[169]
17:48:13.119 (1144337531)|HEAP_ALLOCATE|[169]|Bytes:7
17:48:13.119 (1144368834)|HEAP_ALLOCATE|[169]|Bytes:5
17:48:13.119 (1144376218)|HEAP_ALLOCATE|[EXTERNAL]|Bytes:-4
17:48:13.119 (1144393009)|STATEMENT_EXECUTE|[170]
17:48:13.119 (1144394234)|HEAP_ALLOCATE|[170]|Bytes:10
17:48:13.119 (1144405726)|HEAP_ALLOCATE|[EXTERNAL]|Bytes:-4
17:48:13.119 (1144415879)|STATEMENT_EXECUTE|[171]
17:48:13.119 (1144419627)|METHOD_EXIT|[93]|01p3l000005qhVh|MicroServicioModalImagenesBO.descargarImagen(String, String, String)
17:48:13.150 (1150312339)|CUMULATIVE_LIMIT_USAGE
17:48:13.150 (1150312339)|LIMIT_USAGE_FOR_NS|(default)|
  Number of SOQL queries: 0 out of 100
  Number of query rows: 2 out of 50000
  Number of SOSL queries: 0 out of 20
  Number of DML statements: 1 out of 150
  Number of Publish Immediate DML: 0 out of 150
  Number of DML rows: 1 out of 10000
  Maximum CPU time: 29 out of 10000
  Maximum heap size: 0 out of 6000000
  Number of callouts: 4 out of 100
  Number of Email Invocations: 0 out of 10
  Number of future calls: 0 out of 50
  Number of queueable jobs added to the queue: 0 out of 50
  Number of Mobile Apex push calls: 0 out of 10

17:48:13.150 (1150312339)|CUMULATIVE_LIMIT_USAGE_END

17:48:13.119 (1150444158)|CODE_UNIT_FINISHED|ExpedientesFalabella.getDocumentBlobStorage(String, String, String)
17:48:13.119 (1150699010)|CODE_UNIT_FINISHED|apex://ExpedientesFalabella/ACTION$getDocumentBlobStorage
17:48:13.119 (1150710562)|EXECUTION_FINISHED
