66.0 APEX_CODE,FINEST;APEX_PROFILING,INFO;CALLOUT,INFO;DATA_ACCESS,INFO;DB,INFO;NBA,INFO;SYSTEM,DEBUG;VALIDATION,INFO;VISUALFORCE,INFO;WAVE,INFO;WORKFLOW,INFO
11:57:29.0 (149066)|USER_INFO|[EXTERNAL]|0050v0000034lag|albeltransa@falabella.com.mx.admin.uat|(GMT-06:00) Central Standard Time (America/Mexico_City)|GMT-06:00
11:57:29.0 (185911)|EXECUTION_STARTED
11:57:29.0 (194180)|CODE_UNIT_STARTED|[EXTERNAL]|apex://CasosControllerExtension/ACTION$obtenerCasosToday
11:57:29.0 (1761245)|CODE_UNIT_STARTED|[EXTERNAL]|01p0v000003PcLg|CasosControllerExtension.obtenerCasosToday()
11:57:29.0 (1876849)|VARIABLE_SCOPE_BEGIN|[21]|CasosControllerExtension.QUEUE_CREDITO_FRAUDES|String|false|true
11:57:29.0 (1911959)|VARIABLE_SCOPE_BEGIN|[20]|CasosControllerExtension.RT_FIGITAL|String|false|true
11:57:29.0 (1915106)|VARIABLE_SCOPE_BEGIN|[19]|CasosControllerExtension.RT_RIESGOS|String|false|true
11:57:29.0 (1917931)|VARIABLE_SCOPE_BEGIN|[17]|CasosControllerExtension.ST_ASIGNADA|String|false|true
11:57:29.0 (1920706)|VARIABLE_SCOPE_BEGIN|[15]|CasosControllerExtension.ST_AUTORIZADA|String|false|true
11:57:29.0 (1923596)|VARIABLE_SCOPE_BEGIN|[18]|CasosControllerExtension.ST_CERRADO|String|false|true
11:57:29.0 (1926485)|VARIABLE_SCOPE_BEGIN|[16]|CasosControllerExtension.ST_NUEVO|String|false|true
11:57:29.0 (2140174)|HEAP_ALLOCATE|[95]|Bytes:3
11:57:29.0 (2217745)|HEAP_ALLOCATE|[100]|Bytes:152
11:57:29.0 (2239558)|HEAP_ALLOCATE|[417]|Bytes:408
11:57:29.0 (2251363)|HEAP_ALLOCATE|[430]|Bytes:408
11:57:29.0 (2273446)|HEAP_ALLOCATE|[317]|Bytes:6
11:57:29.0 (2284296)|HEAP_ALLOCATE|[EXTERNAL]|Bytes:11
11:57:29.0 (2301288)|METHOD_ENTRY|[13]|01p0v000003PcLg|CasosControllerExtension.CasosControllerExtension()
11:57:29.0 (2305786)|STATEMENT_EXECUTE|[13]
11:57:29.0 (2311088)|STATEMENT_EXECUTE|[13]
11:57:29.0 (2328164)|HEAP_ALLOCATE|[68]|Bytes:5
11:57:29.0 (2350093)|HEAP_ALLOCATE|[74]|Bytes:5
11:57:29.0 (2354901)|HEAP_ALLOCATE|[82]|Bytes:7
11:57:29.0 (2376377)|HEAP_ALLOCATE|[15]|Bytes:5
11:57:29.0 (2379314)|STATEMENT_EXECUTE|[15]
11:57:29.0 (2381284)|HEAP_ALLOCATE|[15]|Bytes:12
11:57:29.0 (2434693)|VARIABLE_ASSIGNMENT|[15]|CasosControllerExtension.ST_AUTORIZADA|"Autorización"
11:57:29.0 (2438897)|STATEMENT_EXECUTE|[16]
11:57:29.0 (2440191)|HEAP_ALLOCATE|[16]|Bytes:3
11:57:29.0 (2444170)|VARIABLE_ASSIGNMENT|[16]|CasosControllerExtension.ST_NUEVO|"New"
11:57:29.0 (2446259)|STATEMENT_EXECUTE|[17]
11:57:29.0 (2447175)|HEAP_ALLOCATE|[17]|Bytes:8
11:57:29.0 (2450657)|VARIABLE_ASSIGNMENT|[17]|CasosControllerExtension.ST_ASIGNADA|"Asignada"
11:57:29.0 (2452530)|STATEMENT_EXECUTE|[18]
11:57:29.0 (2453739)|HEAP_ALLOCATE|[18]|Bytes:7
11:57:29.0 (2457356)|VARIABLE_ASSIGNMENT|[18]|CasosControllerExtension.ST_CERRADO|"Cerrado"
11:57:29.0 (2459147)|STATEMENT_EXECUTE|[19]
11:57:29.0 (2460294)|HEAP_ALLOCATE|[19]|Bytes:19
11:57:29.0 (2463777)|VARIABLE_ASSIGNMENT|[19]|CasosControllerExtension.RT_RIESGOS|"Riesgos_Originaci_n"
11:57:29.0 (2465763)|STATEMENT_EXECUTE|[20]
11:57:29.0 (2466906)|HEAP_ALLOCATE|[20]|Bytes:18
11:57:29.0 (2470084)|VARIABLE_ASSIGNMENT|[20]|CasosControllerExtension.RT_FIGITAL|"BackOffice_Figital"
11:57:29.0 (2471898)|STATEMENT_EXECUTE|[21]
11:57:29.0 (2473067)|HEAP_ALLOCATE|[21]|Bytes:26
11:57:29.0 (2478356)|VARIABLE_ASSIGNMENT|[21]|CasosControllerExtension.QUEUE_CREDITO_FRAUDES|"BackOffice Credito/F (6 more) ..."
11:57:29.0 (2487460)|METHOD_EXIT|[13]|CasosControllerExtension
11:57:29.0 (2497955)|HEAP_ALLOCATE|[78]|Bytes:5
11:57:29.0 (2500196)|STATEMENT_EXECUTE|[76]
11:57:29.0 (2501037)|STATEMENT_EXECUTE|[78]
11:57:29.0 (2502328)|HEAP_ALLOCATE|[78]|Bytes:4
11:57:29.0 (2637562)|HEAP_ALLOCATE|[78]|Bytes:4
11:57:29.0 (3836653)|HEAP_ALLOCATE|[78]|Bytes:412
11:57:29.0 (3935341)|HEAP_ALLOCATE|[78]|Bytes:4
11:57:29.0 (3950256)|HEAP_ALLOCATE|[78]|Bytes:18
11:57:29.0 (3954481)|VARIABLE_SCOPE_BEGIN|[78]|idRecordTypeCredito|String|false|false
11:57:29.0 (3968841)|VARIABLE_ASSIGNMENT|[78]|idRecordTypeCredito|"0120v000000fwTjAAI"
11:57:29.0 (3971942)|STATEMENT_EXECUTE|[79]
11:57:29.0 (4049931)|HEAP_ALLOCATE|[79]|Bytes:4
11:57:29.0 (5096665)|HEAP_ALLOCATE|[79]|Bytes:412
11:57:29.0 (5147759)|HEAP_ALLOCATE|[79]|Bytes:4
11:57:29.0 (5160103)|HEAP_ALLOCATE|[79]|Bytes:18
11:57:29.0 (5164557)|VARIABLE_SCOPE_BEGIN|[79]|idRecordTypeFigital|String|false|false
11:57:29.0 (5176679)|VARIABLE_ASSIGNMENT|[79]|idRecordTypeFigital|"0120v000000pcRFAAY"
11:57:29.0 (5179762)|STATEMENT_EXECUTE|[81]
11:57:29.0 (5183229)|HEAP_ALLOCATE|[81]|Bytes:196
11:57:29.0 (5196020)|HEAP_ALLOCATE|[81]|Bytes:4
11:57:29.0 (5205160)|HEAP_ALLOCATE|[81]|Bytes:7
11:57:29.0 (5214158)|HEAP_ALLOCATE|[81]|Bytes:7
11:57:29.0 (5218195)|HEAP_ALLOCATE|[81]|Bytes:7
11:57:29.0 (5232669)|HEAP_ALLOCATE|[81]|Bytes:7
11:57:29.0 (5236680)|HEAP_ALLOCATE|[81]|Bytes:7
11:57:29.0 (5240220)|HEAP_ALLOCATE|[81]|Bytes:7
11:57:29.0 (5804260)|SOQL_EXECUTE_BEGIN|[81]|Aggregations:0|SELECT COUNT() FROM Case WHERE ((Status = :tmpVar1 OR Status = :tmpVar2 OR Status = :tmpVar3 OR Status = :tmpVar4) AND CreatedDate = TODAY AND (RecordTypeId = :tmpVar5 OR RecordTypeId = :tmpVar6))
11:57:29.0 (15543012)|SOQL_EXECUTE_END|[81]|Rows:1
11:57:29.0 (15592385)|HEAP_ALLOCATE|[81]|Bytes:4
11:57:29.0 (15612567)|VARIABLE_SCOPE_BEGIN|[81]|total|Integer|false|false
11:57:29.0 (15619565)|HEAP_ALLOCATE|[81]|Bytes:4
11:57:29.0 (15638398)|VARIABLE_ASSIGNMENT|[81]|total|1
11:57:29.0 (15642597)|STATEMENT_EXECUTE|[83]
11:57:29.0 (15645598)|HEAP_ALLOCATE|[83]|Bytes:4
11:57:29.0 (15654706)|HEAP_ALLOCATE|[83]|Bytes:4
11:57:29.15 (15736592)|CUMULATIVE_LIMIT_USAGE
11:57:29.15 (15736592)|LIMIT_USAGE_FOR_NS|(default)|
  Number of SOQL queries: 1 out of 100
  Number of query rows: 1 out of 50000
  Number of SOSL queries: 0 out of 20
  Number of DML statements: 0 out of 150
  Number of Publish Immediate DML: 0 out of 150
  Number of DML rows: 0 out of 10000
  Maximum CPU time: 0 out of 10000
  Maximum heap size: 0 out of 6000000
  Number of callouts: 0 out of 100
  Number of Email Invocations: 0 out of 10
  Number of future calls: 0 out of 50
  Number of queueable jobs added to the queue: 0 out of 50
  Number of Mobile Apex push calls: 0 out of 10

11:57:29.15 (15736592)|CUMULATIVE_LIMIT_USAGE_END

11:57:29.0 (15763809)|CODE_UNIT_FINISHED|CasosControllerExtension.obtenerCasosToday()
11:57:29.0 (15982873)|CODE_UNIT_FINISHED|apex://CasosControllerExtension/ACTION$obtenerCasosToday
11:57:29.0 (15989452)|EXECUTION_FINISHED
