66.0 APEX_CODE,FINEST;APEX_PROFILING,INFO;CALLOUT,INFO;DATA_ACCESS,INFO;DB,INFO;NBA,INFO;SYSTEM,DEBUG;VALIDATION,INFO;VISUALFORCE,INFO;WAVE,INFO;WORKFLOW,INFO
11:59:21.1 (1057759)|USER_INFO|[EXTERNAL]|0050v0000034lag|albeltransa@falabella.com.mx.admin.uat|(GMT-06:00) Central Standard Time (America/Mexico_City)|GMT-06:00
11:59:21.1 (1106311)|EXECUTION_STARTED
11:59:21.1 (1114751)|CODE_UNIT_STARTED|[EXTERNAL]|apex://CasosControllerExtension/ACTION$obtenerCasos
11:59:21.1 (4703606)|CODE_UNIT_STARTED|[EXTERNAL]|01p0v000003PcLg|CasosControllerExtension.obtenerCasos()
11:59:21.1 (6218851)|VARIABLE_SCOPE_BEGIN|[21]|CasosControllerExtension.QUEUE_CREDITO_FRAUDES|String|false|true
11:59:21.1 (6278964)|VARIABLE_SCOPE_BEGIN|[20]|CasosControllerExtension.RT_FIGITAL|String|false|true
11:59:21.1 (6283309)|VARIABLE_SCOPE_BEGIN|[19]|CasosControllerExtension.RT_RIESGOS|String|false|true
11:59:21.1 (6287323)|VARIABLE_SCOPE_BEGIN|[17]|CasosControllerExtension.ST_ASIGNADA|String|false|true
11:59:21.1 (6290709)|VARIABLE_SCOPE_BEGIN|[15]|CasosControllerExtension.ST_AUTORIZADA|String|false|true
11:59:21.1 (6294130)|VARIABLE_SCOPE_BEGIN|[18]|CasosControllerExtension.ST_CERRADO|String|false|true
11:59:21.1 (6297648)|VARIABLE_SCOPE_BEGIN|[16]|CasosControllerExtension.ST_NUEVO|String|false|true
11:59:21.1 (6435561)|HEAP_ALLOCATE|[95]|Bytes:3
11:59:21.1 (6483108)|HEAP_ALLOCATE|[100]|Bytes:152
11:59:21.1 (6499959)|HEAP_ALLOCATE|[417]|Bytes:408
11:59:21.1 (6513476)|HEAP_ALLOCATE|[430]|Bytes:408
11:59:21.1 (6534539)|HEAP_ALLOCATE|[317]|Bytes:6
11:59:21.1 (6545077)|HEAP_ALLOCATE|[EXTERNAL]|Bytes:11
11:59:21.1 (6560396)|METHOD_ENTRY|[13]|01p0v000003PcLg|CasosControllerExtension.CasosControllerExtension()
11:59:21.1 (6564744)|STATEMENT_EXECUTE|[13]
11:59:21.1 (6570530)|STATEMENT_EXECUTE|[13]
11:59:21.1 (6589159)|HEAP_ALLOCATE|[68]|Bytes:5
11:59:21.1 (6612913)|HEAP_ALLOCATE|[74]|Bytes:5
11:59:21.1 (6618286)|HEAP_ALLOCATE|[82]|Bytes:7
11:59:21.1 (6821515)|HEAP_ALLOCATE|[15]|Bytes:5
11:59:21.1 (6825409)|STATEMENT_EXECUTE|[15]
11:59:21.1 (6827411)|HEAP_ALLOCATE|[15]|Bytes:12
11:59:21.1 (6878365)|VARIABLE_ASSIGNMENT|[15]|CasosControllerExtension.ST_AUTORIZADA|"Autorización"
11:59:21.1 (6883397)|STATEMENT_EXECUTE|[16]
11:59:21.1 (6884402)|HEAP_ALLOCATE|[16]|Bytes:3
11:59:21.1 (6889767)|VARIABLE_ASSIGNMENT|[16]|CasosControllerExtension.ST_NUEVO|"New"
11:59:21.1 (6892607)|STATEMENT_EXECUTE|[17]
11:59:21.1 (6893848)|HEAP_ALLOCATE|[17]|Bytes:8
11:59:21.1 (6897745)|VARIABLE_ASSIGNMENT|[17]|CasosControllerExtension.ST_ASIGNADA|"Asignada"
11:59:21.1 (6900035)|STATEMENT_EXECUTE|[18]
11:59:21.1 (6901275)|HEAP_ALLOCATE|[18]|Bytes:7
11:59:21.1 (6905022)|VARIABLE_ASSIGNMENT|[18]|CasosControllerExtension.ST_CERRADO|"Cerrado"
11:59:21.1 (6907897)|STATEMENT_EXECUTE|[19]
11:59:21.1 (6909612)|HEAP_ALLOCATE|[19]|Bytes:19
11:59:21.1 (6913254)|VARIABLE_ASSIGNMENT|[19]|CasosControllerExtension.RT_RIESGOS|"Riesgos_Originaci_n"
11:59:21.1 (6915658)|STATEMENT_EXECUTE|[20]
11:59:21.1 (6916610)|HEAP_ALLOCATE|[20]|Bytes:18
11:59:21.1 (6920273)|VARIABLE_ASSIGNMENT|[20]|CasosControllerExtension.RT_FIGITAL|"BackOffice_Figital"
11:59:21.1 (6922283)|STATEMENT_EXECUTE|[21]
11:59:21.1 (6923377)|HEAP_ALLOCATE|[21]|Bytes:26
11:59:21.1 (6929297)|VARIABLE_ASSIGNMENT|[21]|CasosControllerExtension.QUEUE_CREDITO_FRAUDES|"BackOffice Credito/F (6 more) ..."
11:59:21.1 (6940487)|METHOD_EXIT|[13]|CasosControllerExtension
11:59:21.1 (6952807)|HEAP_ALLOCATE|[43]|Bytes:5
11:59:21.1 (6955782)|STATEMENT_EXECUTE|[41]
11:59:21.1 (6956632)|STATEMENT_EXECUTE|[43]
11:59:21.1 (6971147)|HEAP_ALLOCATE|[43]|Bytes:4
11:59:21.1 (6983290)|VARIABLE_SCOPE_BEGIN|[43]|mapResult|Map<String,ANY>|true|false
11:59:21.1 (7002625)|VARIABLE_ASSIGNMENT|[43]|mapResult|{}|0x27bbaf50
11:59:21.1 (7006772)|STATEMENT_EXECUTE|[45]
11:59:21.1 (7016185)|METHOD_ENTRY|[45]|01p0v000003PcLg|CasosControllerExtension.getProfileName()
11:59:21.1 (7044267)|HEAP_ALLOCATE|[29]|Bytes:5
11:59:21.1 (7046807)|STATEMENT_EXECUTE|[27]
11:59:21.1 (7048024)|STATEMENT_EXECUTE|[29]
11:59:21.1 (7099532)|HEAP_ALLOCATE|[29]|Bytes:105
11:59:21.1 (7112849)|SYSTEM_METHOD_ENTRY|[1]|UserInfo.UserInfo()
11:59:21.1 (7114677)|STATEMENT_EXECUTE|[1]
11:59:21.1 (7119727)|SYSTEM_METHOD_EXIT|[1]|UserInfo
11:59:21.1 (7137712)|METHOD_ENTRY|[29]||System.UserInfo.getProfileId()
11:59:21.1 (9667172)|METHOD_EXIT|[29]||System.UserInfo.getProfileId()
11:59:21.1 (9711537)|HEAP_ALLOCATE|[29]|Bytes:4
11:59:21.1 (9725171)|VARIABLE_SCOPE_BEGIN|[29]|profileId|Id|false|false
11:59:21.1 (9952588)|VARIABLE_ASSIGNMENT|[29]|profileId|"00e1N000001u1HIQAY"
11:59:21.1 (9960664)|STATEMENT_EXECUTE|[30]
11:59:21.1 (9967094)|HEAP_ALLOCATE|[30]|Bytes:48
11:59:21.1 (9987685)|HEAP_ALLOCATE|[30]|Bytes:4
11:59:21.1 (9997015)|HEAP_ALLOCATE|[30]|Bytes:7
11:59:21.1 (15084738)|SOQL_EXECUTE_BEGIN|[30]|Aggregations:0|SELECT Id, Name FROM Profile WHERE Id = :tmpVar1
11:59:21.1 (21211761)|SOQL_EXECUTE_END|[30]|Rows:1
11:59:21.1 (21248031)|HEAP_ALLOCATE|[30]|Bytes:8
11:59:21.1 (21268233)|HEAP_ALLOCATE|[30]|Bytes:57
11:59:21.1 (21430417)|HEAP_ALLOCATE|[30]|Bytes:8
11:59:21.1 (21454097)|HEAP_ALLOCATE|[30]|Bytes:33
11:59:21.1 (21546462)|HEAP_ALLOCATE|[30]|Bytes:12
11:59:21.1 (21595837)|VARIABLE_SCOPE_BEGIN|[30]|profileName|String|false|false
11:59:21.1 (21627772)|VARIABLE_ASSIGNMENT|[30]|profileName|"System Administrator"
11:59:21.1 (21633908)|STATEMENT_EXECUTE|[32]
11:59:21.1 (21658924)|METHOD_EXIT|[45]|01p0v000003PcLg|CasosControllerExtension.getProfileName()
11:59:21.1 (21667409)|VARIABLE_SCOPE_BEGIN|[45]|profileName|String|false|false
11:59:21.1 (21675152)|VARIABLE_ASSIGNMENT|[45]|profileName|"System Administrator"
11:59:21.1 (21678445)|STATEMENT_EXECUTE|[47]
11:59:21.1 (21680743)|HEAP_ALLOCATE|[47]|Bytes:4
11:59:21.1 (22253829)|HEAP_ALLOCATE|[47]|Bytes:4
11:59:21.1 (24507480)|HEAP_ALLOCATE|[47]|Bytes:412
11:59:21.1 (24630071)|HEAP_ALLOCATE|[47]|Bytes:4
11:59:21.1 (24650691)|HEAP_ALLOCATE|[47]|Bytes:18
11:59:21.1 (24657609)|VARIABLE_SCOPE_BEGIN|[47]|idRecordTypeCredito|String|false|false
11:59:21.1 (24680886)|VARIABLE_ASSIGNMENT|[47]|idRecordTypeCredito|"0120v000000fwTjAAI"
11:59:21.1 (24686136)|STATEMENT_EXECUTE|[48]
11:59:21.1 (24778506)|HEAP_ALLOCATE|[48]|Bytes:4
11:59:21.1 (25820252)|HEAP_ALLOCATE|[48]|Bytes:412
11:59:21.1 (25872319)|HEAP_ALLOCATE|[48]|Bytes:4
11:59:21.1 (25880314)|HEAP_ALLOCATE|[48]|Bytes:18
11:59:21.1 (25884695)|VARIABLE_SCOPE_BEGIN|[48]|idRecordTypeFigital|String|false|false
11:59:21.1 (25900143)|VARIABLE_ASSIGNMENT|[48]|idRecordTypeFigital|"0120v000000pcRFAAY"
11:59:21.1 (25903309)|STATEMENT_EXECUTE|[50]
11:59:21.1 (25906707)|HEAP_ALLOCATE|[50]|Bytes:737
11:59:21.1 (25916607)|HEAP_ALLOCATE|[50]|Bytes:4
11:59:21.1 (25932109)|HEAP_ALLOCATE|[50]|Bytes:7
11:59:21.1 (25936787)|HEAP_ALLOCATE|[50]|Bytes:7
11:59:21.1 (25940512)|HEAP_ALLOCATE|[50]|Bytes:7
11:59:21.1 (25943789)|HEAP_ALLOCATE|[50]|Bytes:7
11:59:21.1 (25946904)|HEAP_ALLOCATE|[50]|Bytes:7
11:59:21.1 (32969894)|SOQL_EXECUTE_BEGIN|[50]|Aggregations:0|SELECT Id, CaseNumber, ID_Solicitud__c, Nombre_s__c, Primer_Apellido__c, Segundo_Apellido__c, CreatedDate, Status, Tiempo_en_Proceso__c, OwnerId, Owner.Name, Fecha_y_hora_de_solicitud_en_an_lisis__c, Tiempo_en_An_lisis__c, Solicitud_Repetida__c, Solicitud_de_cancelaci_n__c, C_digo_Postal_Direcci_n_Otros__c, Validar_Movimientos__c, Publicidad__c, Bloqueo_de_Tarjeta_por_Cancelaci_n__c, Canal_origen__c, Fecha_y_hora_de_solicitud_en_Nuevo__c FROM Case WHERE ((Status = :tmpVar1 OR Status = :tmpVar2 OR Status = :tmpVar3) AND (RecordTypeId = :tmpVar4 OR RecordTypeId = :tmpVar5) AND Owner.Name != :tmpVar6 AND OcultarBO__c != TRUE) ORDER BY RecordType.DeveloperName DESC NULLS FIRST, Fecha_y_hora_de_solicitud_en_Nuevo__c DESC NULLS FIRST
11:59:21.1 (109529028)|SOQL_EXECUTE_END|[50]|Rows:701
11:59:21.1 (109581559)|HEAP_ALLOCATE|[50]|Bytes:2808
11:59:21.1 (111680739)|HEAP_ALLOCATE|[50]|Bytes:429678
11:59:21.1 (111794915)|HEAP_ALLOCATE|[50]|Bytes:2808
11:59:21.1 (111818704)|VARIABLE_SCOPE_BEGIN|[50]|listaCasos|List<Case>|true|false
11:59:21.1 (111846775)|VARIABLE_ASSIGNMENT|[50]|listaCasos|"List of size 701 too large to display"|0x4139f55d
11:59:21.1 (111852282)|STATEMENT_EXECUTE|[61]
11:59:21.1 (111856901)|HEAP_ALLOCATE|[61]|Bytes:95
11:59:21.1 (111872828)|HEAP_ALLOCATE|[61]|Bytes:4
11:59:21.1 (113584175)|SOQL_EXECUTE_BEGIN|[61]|Aggregations:0|SELECT MasterLabel, Canal_Origen__c, Segundos__c, Semaforo__c FROM Semaforo_Riesgos_Inicio__mdt
11:59:21.1 (123446170)|SOQL_EXECUTE_END|[61]|Rows:6
11:59:21.1 (123487974)|HEAP_ALLOCATE|[61]|Bytes:28
11:59:21.1 (123530379)|HEAP_ALLOCATE|[61]|Bytes:871
11:59:21.1 (123624810)|HEAP_ALLOCATE|[61]|Bytes:28
11:59:21.1 (123651377)|VARIABLE_SCOPE_BEGIN|[61]|lstSemaforoRiesgos|List<Semaforo_Riesgos_Inicio__mdt>|true|false
11:59:21.1 (123685467)|VARIABLE_ASSIGNMENT|[61]|lstSemaforoRiesgos|"List of size 6 too large to display"|0x26ade1c9
11:59:21.1 (123693110)|STATEMENT_EXECUTE|[63]
11:59:21.1 (123699169)|HEAP_ALLOCATE|[63]|Bytes:10
11:59:21.1 (123777498)|HEAP_ALLOCATE|[EXTERNAL]|Bytes:-4
11:59:21.1 (123787165)|STATEMENT_EXECUTE|[64]
11:59:21.1 (123789095)|HEAP_ALLOCATE|[64]|Bytes:11
11:59:21.1 (123801898)|HEAP_ALLOCATE|[EXTERNAL]|Bytes:-4
11:59:21.1 (123805168)|STATEMENT_EXECUTE|[65]
11:59:21.1 (123806492)|HEAP_ALLOCATE|[65]|Bytes:18
11:59:21.1 (123814052)|HEAP_ALLOCATE|[EXTERNAL]|Bytes:-4
11:59:21.1 (123817183)|STATEMENT_EXECUTE|[67]
11:59:21.123 (123885000)|CUMULATIVE_LIMIT_USAGE
11:59:21.123 (123885000)|LIMIT_USAGE_FOR_NS|(default)|
  Number of SOQL queries: 2 out of 100
  Number of query rows: 708 out of 50000
  Number of SOSL queries: 0 out of 20
  Number of DML statements: 0 out of 150
  Number of Publish Immediate DML: 0 out of 150
  Number of DML rows: 0 out of 10000
  Maximum CPU time: 0 out of 10000
  Maximum heap size: 0 out of 6000000
  Number of callouts: 0 out of 100
  Number of Email Invocations: 0 out of 10
  Number of future calls: 0 out of 50
  Number of queueable jobs added to the queue: 0 out of 50
  Number of Mobile Apex push calls: 0 out of 10

11:59:21.123 (123885000)|CUMULATIVE_LIMIT_USAGE_END

11:59:21.1 (123919350)|CODE_UNIT_FINISHED|CasosControllerExtension.obtenerCasos()
11:59:21.1 (140280619)|CODE_UNIT_FINISHED|apex://CasosControllerExtension/ACTION$obtenerCasos
11:59:21.1 (140302770)|EXECUTION_FINISHED
