67.0 APEX_CODE,FINEST;APEX_PROFILING,INFO;CALLOUT,INFO;DATA_ACCESS,INFO;DB,INFO;NBA,INFO;SYSTEM,DEBUG;VALIDATION,INFO;VISUALFORCE,INFO;WAVE,INFO;WORKFLOW,INFO
13:11:23.0 (555573)|USER_INFO|[EXTERNAL]|005Qg000002VBqt|jlandav@falabella.com.mx|(GMT-06:00) Central Standard Time (America/Mexico_City)|GMT-06:00
13:11:23.0 (712396)|EXECUTION_STARTED
13:11:23.0 (754837)|CODE_UNIT_STARTED|[EXTERNAL]|apex://CasosControllerExtension/ACTION$obtenerCasos
13:11:23.0 (2501054)|CODE_UNIT_STARTED|[EXTERNAL]|01p3l000005qcOV|CasosControllerExtension.obtenerCasos()
13:11:23.0 (3863759)|VARIABLE_SCOPE_BEGIN|[21]|CasosControllerExtension.QUEUE_CREDITO_FRAUDES|String|false|true
13:11:23.0 (3956041)|VARIABLE_SCOPE_BEGIN|[20]|CasosControllerExtension.RT_FIGITAL|String|false|true
13:11:23.0 (3963882)|VARIABLE_SCOPE_BEGIN|[19]|CasosControllerExtension.RT_RIESGOS|String|false|true
13:11:23.0 (3969681)|VARIABLE_SCOPE_BEGIN|[17]|CasosControllerExtension.ST_ASIGNADA|String|false|true
13:11:23.0 (3974988)|VARIABLE_SCOPE_BEGIN|[15]|CasosControllerExtension.ST_AUTORIZADA|String|false|true
13:11:23.0 (3980262)|VARIABLE_SCOPE_BEGIN|[18]|CasosControllerExtension.ST_CERRADO|String|false|true
13:11:23.0 (3985419)|VARIABLE_SCOPE_BEGIN|[16]|CasosControllerExtension.ST_NUEVO|String|false|true
13:11:23.0 (4173252)|HEAP_ALLOCATE|[95]|Bytes:3
13:11:23.0 (4272260)|HEAP_ALLOCATE|[100]|Bytes:152
13:11:23.0 (4292702)|HEAP_ALLOCATE|[417]|Bytes:408
13:11:23.0 (4305669)|HEAP_ALLOCATE|[430]|Bytes:408
13:11:23.0 (4325823)|HEAP_ALLOCATE|[317]|Bytes:6
13:11:23.0 (4340692)|HEAP_ALLOCATE|[EXTERNAL]|Bytes:11
13:11:23.0 (4371217)|METHOD_ENTRY|[13]|01p3l000005qcOV|CasosControllerExtension.CasosControllerExtension()
13:11:23.0 (4388086)|STATEMENT_EXECUTE|[13]
13:11:23.0 (4399568)|STATEMENT_EXECUTE|[13]
13:11:23.0 (4425827)|HEAP_ALLOCATE|[68]|Bytes:5
13:11:23.0 (4470998)|HEAP_ALLOCATE|[74]|Bytes:5
13:11:23.0 (4476569)|HEAP_ALLOCATE|[82]|Bytes:7
13:11:23.0 (4752658)|HEAP_ALLOCATE|[15]|Bytes:5
13:11:23.0 (4762007)|STATEMENT_EXECUTE|[15]
13:11:23.0 (4765317)|HEAP_ALLOCATE|[15]|Bytes:12
13:11:23.0 (4875322)|VARIABLE_ASSIGNMENT|[15]|CasosControllerExtension.ST_AUTORIZADA|"Autorización"
13:11:23.0 (4919055)|STATEMENT_EXECUTE|[16]
13:11:23.0 (4922776)|HEAP_ALLOCATE|[16]|Bytes:3
13:11:23.0 (4934177)|VARIABLE_ASSIGNMENT|[16]|CasosControllerExtension.ST_NUEVO|"New"
13:11:23.0 (4937784)|STATEMENT_EXECUTE|[17]
13:11:23.0 (4939744)|HEAP_ALLOCATE|[17]|Bytes:8
13:11:23.0 (4946510)|VARIABLE_ASSIGNMENT|[17]|CasosControllerExtension.ST_ASIGNADA|"Asignada"
13:11:23.0 (4950509)|STATEMENT_EXECUTE|[18]
13:11:23.0 (4952694)|HEAP_ALLOCATE|[18]|Bytes:7
13:11:23.0 (4958522)|VARIABLE_ASSIGNMENT|[18]|CasosControllerExtension.ST_CERRADO|"Cerrado"
13:11:23.0 (4961474)|STATEMENT_EXECUTE|[19]
13:11:23.0 (4963559)|HEAP_ALLOCATE|[19]|Bytes:19
13:11:23.0 (4969243)|VARIABLE_ASSIGNMENT|[19]|CasosControllerExtension.RT_RIESGOS|"Riesgos_Originaci_n"
13:11:23.0 (4972959)|STATEMENT_EXECUTE|[20]
13:11:23.0 (4974780)|HEAP_ALLOCATE|[20]|Bytes:18
13:11:23.0 (4980868)|VARIABLE_ASSIGNMENT|[20]|CasosControllerExtension.RT_FIGITAL|"BackOffice_Figital"
13:11:23.0 (4984217)|STATEMENT_EXECUTE|[21]
13:11:23.0 (4985857)|HEAP_ALLOCATE|[21]|Bytes:26
13:11:23.0 (4993303)|VARIABLE_ASSIGNMENT|[21]|CasosControllerExtension.QUEUE_CREDITO_FRAUDES|"BackOffice Credito/F (6 more) ..."
13:11:23.0 (5030334)|METHOD_EXIT|[13]|CasosControllerExtension
13:11:23.0 (5063201)|HEAP_ALLOCATE|[43]|Bytes:5
13:11:23.0 (5066203)|STATEMENT_EXECUTE|[41]
13:11:23.0 (5067070)|STATEMENT_EXECUTE|[43]
13:11:23.0 (5089949)|HEAP_ALLOCATE|[43]|Bytes:4
13:11:23.0 (5109935)|VARIABLE_SCOPE_BEGIN|[43]|mapResult|Map<String,ANY>|true|false
13:11:23.0 (5145655)|VARIABLE_ASSIGNMENT|[43]|mapResult|{}|0x5d730d32
13:11:23.0 (5149532)|STATEMENT_EXECUTE|[45]
13:11:23.0 (5169020)|METHOD_ENTRY|[45]|01p3l000005qcOV|CasosControllerExtension.getProfileName()
13:11:23.0 (5203601)|HEAP_ALLOCATE|[29]|Bytes:5
13:11:23.0 (5205989)|STATEMENT_EXECUTE|[27]
13:11:23.0 (5207090)|STATEMENT_EXECUTE|[29]
13:11:23.0 (5260621)|HEAP_ALLOCATE|[29]|Bytes:105
13:11:23.0 (5273021)|SYSTEM_METHOD_ENTRY|[1]|UserInfo.UserInfo()
13:11:23.0 (5275922)|STATEMENT_EXECUTE|[1]
13:11:23.0 (5284784)|SYSTEM_METHOD_EXIT|[1]|UserInfo
13:11:23.0 (5295650)|METHOD_ENTRY|[29]||System.UserInfo.getProfileId()
13:11:23.0 (8829563)|METHOD_EXIT|[29]||System.UserInfo.getProfileId()
13:11:23.0 (8892973)|HEAP_ALLOCATE|[29]|Bytes:4
13:11:23.0 (8910306)|VARIABLE_SCOPE_BEGIN|[29]|profileId|Id|false|false
13:11:23.0 (9220937)|VARIABLE_ASSIGNMENT|[29]|profileId|"00e1N000001u1HIQAY"
13:11:23.0 (9234204)|STATEMENT_EXECUTE|[30]
13:11:23.0 (9243567)|HEAP_ALLOCATE|[30]|Bytes:48
13:11:23.0 (9278467)|HEAP_ALLOCATE|[30]|Bytes:4
13:11:23.0 (9293372)|HEAP_ALLOCATE|[30]|Bytes:7
13:11:23.0 (12984181)|SOQL_EXECUTE_BEGIN|[30]|Aggregations:0|SELECT Id, Name FROM Profile WHERE Id = :tmpVar1
13:11:23.0 (22192427)|SOQL_EXECUTE_END|[30]|Rows:1
13:11:23.0 (22230498)|HEAP_ALLOCATE|[30]|Bytes:8
13:11:23.0 (22252663)|HEAP_ALLOCATE|[30]|Bytes:57
13:11:23.0 (22404279)|HEAP_ALLOCATE|[30]|Bytes:8
13:11:23.0 (22422385)|HEAP_ALLOCATE|[30]|Bytes:33
13:11:23.0 (22507478)|HEAP_ALLOCATE|[30]|Bytes:12
13:11:23.0 (22554439)|VARIABLE_SCOPE_BEGIN|[30]|profileName|String|false|false
13:11:23.0 (22579661)|VARIABLE_ASSIGNMENT|[30]|profileName|"System Administrator"
13:11:23.0 (22584514)|STATEMENT_EXECUTE|[32]
13:11:23.0 (22605603)|METHOD_EXIT|[45]|01p3l000005qcOV|CasosControllerExtension.getProfileName()
13:11:23.0 (22614483)|VARIABLE_SCOPE_BEGIN|[45]|profileName|String|false|false
13:11:23.0 (22621745)|VARIABLE_ASSIGNMENT|[45]|profileName|"System Administrator"
13:11:23.0 (22625163)|STATEMENT_EXECUTE|[47]
13:11:23.0 (22627692)|HEAP_ALLOCATE|[47]|Bytes:4
13:11:23.0 (23243698)|HEAP_ALLOCATE|[47]|Bytes:4
13:11:23.0 (25849623)|HEAP_ALLOCATE|[47]|Bytes:408
13:11:23.0 (25954892)|HEAP_ALLOCATE|[47]|Bytes:4
13:11:23.0 (25972198)|HEAP_ALLOCATE|[47]|Bytes:18
13:11:23.0 (25978450)|VARIABLE_SCOPE_BEGIN|[47]|idRecordTypeCredito|String|false|false
13:11:23.0 (25996731)|VARIABLE_ASSIGNMENT|[47]|idRecordTypeCredito|"0123l000001M9F8AAK"
13:11:23.0 (26001023)|STATEMENT_EXECUTE|[48]
13:11:23.0 (26109166)|HEAP_ALLOCATE|[48]|Bytes:4
13:11:23.0 (27172390)|HEAP_ALLOCATE|[48]|Bytes:408
13:11:23.0 (27229851)|HEAP_ALLOCATE|[48]|Bytes:4
13:11:23.0 (27239785)|HEAP_ALLOCATE|[48]|Bytes:18
13:11:23.0 (27246853)|VARIABLE_SCOPE_BEGIN|[48]|idRecordTypeFigital|String|false|false
13:11:23.0 (27263788)|VARIABLE_ASSIGNMENT|[48]|idRecordTypeFigital|"0123l0000019LkKAAU"
13:11:23.0 (27268714)|STATEMENT_EXECUTE|[50]
13:11:23.0 (27271731)|HEAP_ALLOCATE|[50]|Bytes:737
13:11:23.0 (27287380)|HEAP_ALLOCATE|[50]|Bytes:4
13:11:23.0 (27304905)|HEAP_ALLOCATE|[50]|Bytes:7
13:11:23.0 (27310993)|HEAP_ALLOCATE|[50]|Bytes:7
13:11:23.0 (27316204)|HEAP_ALLOCATE|[50]|Bytes:7
13:11:23.0 (27320971)|HEAP_ALLOCATE|[50]|Bytes:7
13:11:23.0 (27326207)|HEAP_ALLOCATE|[50]|Bytes:7
13:11:23.0 (29443712)|SOQL_EXECUTE_BEGIN|[50]|Aggregations:0|SELECT Id, CaseNumber, ID_Solicitud__c, Nombre_s__c, Primer_Apellido__c, Segundo_Apellido__c, CreatedDate, Status, Tiempo_en_Proceso__c, OwnerId, Owner.Name, Fecha_y_hora_de_solicitud_en_an_lisis__c, Tiempo_en_An_lisis__c, Solicitud_Repetida__c, Solicitud_de_cancelaci_n__c, C_digo_Postal_Direcci_n_Otros__c, Validar_Movimientos__c, Publicidad__c, Bloqueo_de_Tarjeta_por_Cancelaci_n__c, Canal_origen__c, Fecha_y_hora_de_solicitud_en_Nuevo__c FROM Case WHERE ((Status = :tmpVar1 OR Status = :tmpVar2 OR Status = :tmpVar3) AND (RecordTypeId = :tmpVar4 OR RecordTypeId = :tmpVar5) AND Owner.Name != :tmpVar6 AND OcultarBO__c != TRUE) ORDER BY RecordType.DeveloperName DESC NULLS FIRST, Fecha_y_hora_de_solicitud_en_Nuevo__c DESC NULLS FIRST
13:11:23.0 (97961368)|SOQL_EXECUTE_END|[50]|Rows:289
13:11:23.0 (97998304)|HEAP_ALLOCATE|[50]|Bytes:1160
13:11:23.0 (98923390)|HEAP_ALLOCATE|[50]|Bytes:173888
13:11:23.0 (99051380)|HEAP_ALLOCATE|[50]|Bytes:1160
13:11:23.0 (99075704)|VARIABLE_SCOPE_BEGIN|[50]|listaCasos|List<Case>|true|false
13:11:23.0 (99106584)|VARIABLE_ASSIGNMENT|[50]|listaCasos|"List of size 289 too large to display"|0x61017c3d
13:11:23.0 (99110955)|STATEMENT_EXECUTE|[61]
13:11:23.0 (99116341)|HEAP_ALLOCATE|[61]|Bytes:95
13:11:23.0 (99133065)|HEAP_ALLOCATE|[61]|Bytes:4
13:11:23.0 (99761487)|SOQL_EXECUTE_BEGIN|[61]|Aggregations:0|SELECT MasterLabel, Canal_Origen__c, Segundos__c, Semaforo__c FROM Semaforo_Riesgos_Inicio__mdt
13:11:23.0 (106698525)|SOQL_EXECUTE_END|[61]|Rows:6
13:11:23.0 (106734646)|HEAP_ALLOCATE|[61]|Bytes:28
13:11:23.0 (106771912)|HEAP_ALLOCATE|[61]|Bytes:871
13:11:23.0 (106871103)|HEAP_ALLOCATE|[61]|Bytes:28
13:11:23.0 (106895599)|VARIABLE_SCOPE_BEGIN|[61]|lstSemaforoRiesgos|List<Semaforo_Riesgos_Inicio__mdt>|true|false
13:11:23.0 (106928519)|VARIABLE_ASSIGNMENT|[61]|lstSemaforoRiesgos|"List of size 6 too large to display"|0x26459b98
13:11:23.0 (106934508)|STATEMENT_EXECUTE|[63]
13:11:23.0 (106940415)|HEAP_ALLOCATE|[63]|Bytes:10
13:11:23.0 (107040800)|HEAP_ALLOCATE|[EXTERNAL]|Bytes:-4
13:11:23.0 (107053392)|STATEMENT_EXECUTE|[64]
13:11:23.0 (107056244)|HEAP_ALLOCATE|[64]|Bytes:11
13:11:23.0 (107075613)|HEAP_ALLOCATE|[EXTERNAL]|Bytes:-4
13:11:23.0 (107080510)|STATEMENT_EXECUTE|[65]
13:11:23.0 (107082079)|HEAP_ALLOCATE|[65]|Bytes:18
13:11:23.0 (107094742)|HEAP_ALLOCATE|[EXTERNAL]|Bytes:-4
13:11:23.0 (107099801)|STATEMENT_EXECUTE|[67]
13:11:23.107 (107191878)|CUMULATIVE_LIMIT_USAGE
13:11:23.107 (107191878)|LIMIT_USAGE_FOR_NS|(default)|
  Number of SOQL queries: 2 out of 100
  Number of query rows: 296 out of 50000
  Number of SOSL queries: 0 out of 20
  Number of DML statements: 0 out of 150
  Number of Publish Immediate DML: 0 out of 150
  Number of DML rows: 0 out of 10000
  Maximum CPU time: 0 out of 10000
  Maximum heap size: 0 out of 6000000
  Number of callouts: 0 out of 100
  Number of Email Invocations: 0 out of 10
  Number of future calls: 0 out of 50
  Number of queueable jobs added to the queue: 0 out of 50
  Number of Mobile Apex push calls: 0 out of 10

13:11:23.107 (107191878)|CUMULATIVE_LIMIT_USAGE_END

13:11:23.0 (107317219)|CODE_UNIT_FINISHED|CasosControllerExtension.obtenerCasos()
13:11:23.0 (111860370)|CODE_UNIT_FINISHED|apex://CasosControllerExtension/ACTION$obtenerCasos
13:11:23.0 (111892550)|EXECUTION_FINISHED
