67.0 APEX_CODE,FINEST;APEX_PROFILING,INFO;CALLOUT,INFO;DATA_ACCESS,INFO;DB,INFO;NBA,INFO;SYSTEM,DEBUG;VALIDATION,INFO;VISUALFORCE,INFO;WAVE,INFO;WORKFLOW,INFO
12:21:24.0 (246006)|USER_INFO|[EXTERNAL]|0051N000005gvau|etrevinofalabella@izeicg.com.uat|(GMT-06:00) Central Standard Time (America/Mexico_City)|GMT-06:00
12:21:24.0 (277378)|EXECUTION_STARTED
12:21:24.0 (285912)|CODE_UNIT_STARTED|[EXTERNAL]|apex://SessionController/ACTION$getSessionId
12:21:24.0 (3619722)|CODE_UNIT_STARTED|[EXTERNAL]|01p1N000005gzam|SessionController.getSessionId()
12:21:24.0 (3871424)|HEAP_ALLOCATE|[95]|Bytes:3
12:21:24.0 (3944551)|HEAP_ALLOCATE|[100]|Bytes:152
12:21:24.0 (3959118)|HEAP_ALLOCATE|[417]|Bytes:408
12:21:24.0 (3970324)|HEAP_ALLOCATE|[430]|Bytes:408
12:21:24.0 (3989889)|HEAP_ALLOCATE|[317]|Bytes:6
12:21:24.0 (3999359)|HEAP_ALLOCATE|[EXTERNAL]|Bytes:1
12:21:24.0 (4009101)|METHOD_ENTRY|[1]|01p1N000005gzam|SessionController.SessionController()
12:21:24.0 (4016188)|STATEMENT_EXECUTE|[1]
12:21:24.0 (4021679)|STATEMENT_EXECUTE|[1]
12:21:24.0 (4024582)|METHOD_EXIT|[1]|SessionController
12:21:24.0 (4031805)|STATEMENT_EXECUTE|[4]
12:21:24.0 (4033054)|STATEMENT_EXECUTE|[5]
12:21:24.0 (4054417)|HEAP_ALLOCATE|[5]|Bytes:105
12:21:24.0 (4064104)|SYSTEM_METHOD_ENTRY|[1]|UserInfo.UserInfo()
12:21:24.0 (4065864)|STATEMENT_EXECUTE|[1]
12:21:24.0 (4069796)|SYSTEM_METHOD_EXIT|[1]|UserInfo
12:21:24.0 (4082230)|METHOD_ENTRY|[5]||System.UserInfo.getSessionId()
12:21:24.0 (8783558)|METHOD_EXIT|[5]||System.UserInfo.getSessionId()
12:21:24.8 (8847768)|CUMULATIVE_LIMIT_USAGE
12:21:24.8 (8847768)|LIMIT_USAGE_FOR_NS|(default)|
  Number of SOQL queries: 0 out of 100
  Number of query rows: 0 out of 50000
  Number of SOSL queries: 0 out of 20
  Number of DML statements: 0 out of 150
  Number of Publish Immediate DML: 0 out of 150
  Number of DML rows: 0 out of 10000
  Maximum CPU time: 0 out of 10000
  Maximum heap size: 0 out of 6000000
  Number of callouts: 0 out of 100
  Number of Email Invocations: 0 out of 10
  Number of future calls: 0 out of 50
  Number of queueable jobs added to the queue: 0 out of 50
  Number of Mobile Apex push calls: 0 out of 10

12:21:24.8 (8847768)|CUMULATIVE_LIMIT_USAGE_END

12:21:24.0 (8875060)|CODE_UNIT_FINISHED|SessionController.getSessionId()
12:21:24.0 (9096141)|CODE_UNIT_FINISHED|apex://SessionController/ACTION$getSessionId
12:21:24.0 (9102746)|EXECUTION_FINISHED
