67.0 APEX_CODE,FINEST;APEX_PROFILING,INFO;CALLOUT,INFO;DATA_ACCESS,INFO;DB,INFO;NBA,INFO;SYSTEM,DEBUG;VALIDATION,INFO;VISUALFORCE,INFO;WAVE,INFO;WORKFLOW,INFO
13:07:17.0 (330137)|USER_INFO|[EXTERNAL]|005Qg000002VBqt|jlandav@falabella.com.mx|(GMT-06:00) Central Standard Time (America/Mexico_City)|GMT-06:00
13:07:17.0 (433183)|EXECUTION_STARTED
13:07:17.0 (460522)|CODE_UNIT_STARTED|[EXTERNAL]|apex://CasosControllerExtension/ACTION$obtenerCasosCerrados
13:07:17.0 (1719158)|CODE_UNIT_STARTED|[EXTERNAL]|01p3l000005qcOV|CasosControllerExtension.obtenerCasosCerrados()
13:07:17.0 (1834984)|VARIABLE_SCOPE_BEGIN|[21]|CasosControllerExtension.QUEUE_CREDITO_FRAUDES|String|false|true
13:07:17.0 (1875694)|VARIABLE_SCOPE_BEGIN|[20]|CasosControllerExtension.RT_FIGITAL|String|false|true
13:07:17.0 (1885219)|VARIABLE_SCOPE_BEGIN|[19]|CasosControllerExtension.RT_RIESGOS|String|false|true
13:07:17.0 (1889690)|VARIABLE_SCOPE_BEGIN|[17]|CasosControllerExtension.ST_ASIGNADA|String|false|true
13:07:17.0 (1892496)|VARIABLE_SCOPE_BEGIN|[15]|CasosControllerExtension.ST_AUTORIZADA|String|false|true
13:07:17.0 (1895414)|VARIABLE_SCOPE_BEGIN|[18]|CasosControllerExtension.ST_CERRADO|String|false|true
13:07:17.0 (1898474)|VARIABLE_SCOPE_BEGIN|[16]|CasosControllerExtension.ST_NUEVO|String|false|true
13:07:17.0 (2126511)|HEAP_ALLOCATE|[95]|Bytes:3
13:07:17.0 (2169777)|HEAP_ALLOCATE|[100]|Bytes:152
13:07:17.0 (2182854)|HEAP_ALLOCATE|[417]|Bytes:408
13:07:17.0 (2193526)|HEAP_ALLOCATE|[430]|Bytes:408
13:07:17.0 (2214268)|HEAP_ALLOCATE|[317]|Bytes:6
13:07:17.0 (2226647)|HEAP_ALLOCATE|[EXTERNAL]|Bytes:11
13:07:17.0 (2249668)|METHOD_ENTRY|[13]|01p3l000005qcOV|CasosControllerExtension.CasosControllerExtension()
13:07:17.0 (2256069)|STATEMENT_EXECUTE|[13]
13:07:17.0 (2261895)|STATEMENT_EXECUTE|[13]
13:07:17.0 (2285553)|HEAP_ALLOCATE|[68]|Bytes:5
13:07:17.0 (2313049)|HEAP_ALLOCATE|[74]|Bytes:5
13:07:17.0 (2319565)|HEAP_ALLOCATE|[82]|Bytes:7
13:07:17.0 (2341807)|HEAP_ALLOCATE|[15]|Bytes:5
13:07:17.0 (2346032)|STATEMENT_EXECUTE|[15]
13:07:17.0 (2348414)|HEAP_ALLOCATE|[15]|Bytes:12
13:07:17.0 (2419544)|VARIABLE_ASSIGNMENT|[15]|CasosControllerExtension.ST_AUTORIZADA|"Autorización"
13:07:17.0 (2425482)|STATEMENT_EXECUTE|[16]
13:07:17.0 (2427478)|HEAP_ALLOCATE|[16]|Bytes:3
13:07:17.0 (2435879)|VARIABLE_ASSIGNMENT|[16]|CasosControllerExtension.ST_NUEVO|"New"
13:07:17.0 (2439171)|STATEMENT_EXECUTE|[17]
13:07:17.0 (2440637)|HEAP_ALLOCATE|[17]|Bytes:8
13:07:17.0 (2445659)|VARIABLE_ASSIGNMENT|[17]|CasosControllerExtension.ST_ASIGNADA|"Asignada"
13:07:17.0 (2448414)|STATEMENT_EXECUTE|[18]
13:07:17.0 (2449639)|HEAP_ALLOCATE|[18]|Bytes:7
13:07:17.0 (2454577)|VARIABLE_ASSIGNMENT|[18]|CasosControllerExtension.ST_CERRADO|"Cerrado"
13:07:17.0 (2457317)|STATEMENT_EXECUTE|[19]
13:07:17.0 (2458864)|HEAP_ALLOCATE|[19]|Bytes:19
13:07:17.0 (2464414)|VARIABLE_ASSIGNMENT|[19]|CasosControllerExtension.RT_RIESGOS|"Riesgos_Originaci_n"
13:07:17.0 (2467738)|STATEMENT_EXECUTE|[20]
13:07:17.0 (2468936)|HEAP_ALLOCATE|[20]|Bytes:18
13:07:17.0 (2474171)|VARIABLE_ASSIGNMENT|[20]|CasosControllerExtension.RT_FIGITAL|"BackOffice_Figital"
13:07:17.0 (2476856)|STATEMENT_EXECUTE|[21]
13:07:17.0 (2478102)|HEAP_ALLOCATE|[21]|Bytes:26
13:07:17.0 (2484439)|VARIABLE_ASSIGNMENT|[21]|CasosControllerExtension.QUEUE_CREDITO_FRAUDES|"BackOffice Credito/F (6 more) ..."
13:07:17.0 (2504332)|METHOD_EXIT|[13]|CasosControllerExtension
13:07:17.0 (2523413)|HEAP_ALLOCATE|[94]|Bytes:5
13:07:17.0 (2526650)|STATEMENT_EXECUTE|[92]
13:07:17.0 (2527846)|STATEMENT_EXECUTE|[94]
13:07:17.0 (2529721)|HEAP_ALLOCATE|[94]|Bytes:4
13:07:17.0 (2717110)|HEAP_ALLOCATE|[94]|Bytes:4
13:07:17.0 (4312397)|HEAP_ALLOCATE|[94]|Bytes:408
13:07:17.0 (4413610)|HEAP_ALLOCATE|[94]|Bytes:4
13:07:17.0 (4432296)|HEAP_ALLOCATE|[94]|Bytes:18
13:07:17.0 (4437368)|VARIABLE_SCOPE_BEGIN|[94]|idRecordTypeCredito|String|false|false
13:07:17.0 (4453902)|VARIABLE_ASSIGNMENT|[94]|idRecordTypeCredito|"0123l000001M9F8AAK"
13:07:17.0 (4456899)|STATEMENT_EXECUTE|[95]
13:07:17.0 (4551635)|HEAP_ALLOCATE|[95]|Bytes:4
13:07:17.0 (5485325)|HEAP_ALLOCATE|[95]|Bytes:408
13:07:17.0 (5539559)|HEAP_ALLOCATE|[95]|Bytes:4
13:07:17.0 (5550975)|HEAP_ALLOCATE|[95]|Bytes:18
13:07:17.0 (5557058)|VARIABLE_SCOPE_BEGIN|[95]|idRecordTypeFigital|String|false|false
13:07:17.0 (5573809)|VARIABLE_ASSIGNMENT|[95]|idRecordTypeFigital|"0123l0000019LkKAAU"
13:07:17.0 (5577971)|STATEMENT_EXECUTE|[97]
13:07:17.0 (5582548)|HEAP_ALLOCATE|[97]|Bytes:151
13:07:17.0 (5600113)|HEAP_ALLOCATE|[97]|Bytes:4
13:07:17.0 (5614260)|HEAP_ALLOCATE|[97]|Bytes:7
13:07:17.0 (5627919)|HEAP_ALLOCATE|[97]|Bytes:7
13:07:17.0 (5633097)|HEAP_ALLOCATE|[97]|Bytes:7
13:07:17.0 (6465218)|SOQL_EXECUTE_BEGIN|[97]|Aggregations:0|SELECT Id, CreatedDate, ClosedDate FROM Case WHERE (Status = :tmpVar1 AND CreatedDate = TODAY AND (RecordTypeId = :tmpVar2 OR RecordTypeId = :tmpVar3))
13:07:17.0 (22930784)|SOQL_EXECUTE_END|[97]|Rows:30
13:07:17.0 (22974638)|HEAP_ALLOCATE|[97]|Bytes:124
13:07:17.0 (23026362)|HEAP_ALLOCATE|[97]|Bytes:1980
13:07:17.0 (23072432)|HEAP_ALLOCATE|[97]|Bytes:124
13:07:17.0 (23094207)|VARIABLE_SCOPE_BEGIN|[97]|listaCasosCerrados|List<Case>|true|false
13:07:17.0 (23123381)|VARIABLE_ASSIGNMENT|[97]|listaCasosCerrados|"List of size 30 too large to display"|0x557a9a7e
13:07:17.0 (23129299)|STATEMENT_EXECUTE|[99]
13:07:17.23 (23213548)|CUMULATIVE_LIMIT_USAGE
13:07:17.23 (23213548)|LIMIT_USAGE_FOR_NS|(default)|
  Number of SOQL queries: 1 out of 100
  Number of query rows: 30 out of 50000
  Number of SOSL queries: 0 out of 20
  Number of DML statements: 0 out of 150
  Number of Publish Immediate DML: 0 out of 150
  Number of DML rows: 0 out of 10000
  Maximum CPU time: 0 out of 10000
  Maximum heap size: 0 out of 6000000
  Number of callouts: 0 out of 100
  Number of Email Invocations: 0 out of 10
  Number of future calls: 0 out of 50
  Number of queueable jobs added to the queue: 0 out of 50
  Number of Mobile Apex push calls: 0 out of 10

13:07:17.23 (23213548)|CUMULATIVE_LIMIT_USAGE_END

13:07:17.0 (23317181)|CODE_UNIT_FINISHED|CasosControllerExtension.obtenerCasosCerrados()
13:07:17.0 (23754368)|CODE_UNIT_FINISHED|apex://CasosControllerExtension/ACTION$obtenerCasosCerrados
13:07:17.0 (23769368)|EXECUTION_FINISHED
