67.0 APEX_CODE,FINEST;APEX_PROFILING,INFO;CALLOUT,INFO;DATA_ACCESS,INFO;DB,INFO;NBA,INFO;SYSTEM,DEBUG;VALIDATION,INFO;VISUALFORCE,INFO;WAVE,INFO;WORKFLOW,INFO
13:07:17.0 (438709)|USER_INFO|[EXTERNAL]|005Qg000002VBqt|jlandav@falabella.com.mx|(GMT-06:00) Central Standard Time (America/Mexico_City)|GMT-06:00
13:07:17.0 (554349)|EXECUTION_STARTED
13:07:17.0 (592454)|CODE_UNIT_STARTED|[EXTERNAL]|apex://CasosControllerExtension/ACTION$obtenerCasos
13:07:17.0 (4028360)|CODE_UNIT_STARTED|[EXTERNAL]|01p3l000005qcOV|CasosControllerExtension.obtenerCasos()
13:07:17.0 (5404873)|VARIABLE_SCOPE_BEGIN|[21]|CasosControllerExtension.QUEUE_CREDITO_FRAUDES|String|false|true
13:07:17.0 (5484730)|VARIABLE_SCOPE_BEGIN|[20]|CasosControllerExtension.RT_FIGITAL|String|false|true
13:07:17.0 (5491162)|VARIABLE_SCOPE_BEGIN|[19]|CasosControllerExtension.RT_RIESGOS|String|false|true
13:07:17.0 (5496853)|VARIABLE_SCOPE_BEGIN|[17]|CasosControllerExtension.ST_ASIGNADA|String|false|true
13:07:17.0 (5502468)|VARIABLE_SCOPE_BEGIN|[15]|CasosControllerExtension.ST_AUTORIZADA|String|false|true
13:07:17.0 (5507648)|VARIABLE_SCOPE_BEGIN|[18]|CasosControllerExtension.ST_CERRADO|String|false|true
13:07:17.0 (5512263)|VARIABLE_SCOPE_BEGIN|[16]|CasosControllerExtension.ST_NUEVO|String|false|true
13:07:17.0 (5741552)|HEAP_ALLOCATE|[95]|Bytes:3
13:07:17.0 (5820766)|HEAP_ALLOCATE|[100]|Bytes:152
13:07:17.0 (5839262)|HEAP_ALLOCATE|[417]|Bytes:408
13:07:17.0 (5855318)|HEAP_ALLOCATE|[430]|Bytes:408
13:07:17.0 (5888288)|HEAP_ALLOCATE|[317]|Bytes:6
13:07:17.0 (5907913)|HEAP_ALLOCATE|[EXTERNAL]|Bytes:11
13:07:17.0 (5947530)|METHOD_ENTRY|[13]|01p3l000005qcOV|CasosControllerExtension.CasosControllerExtension()
13:07:17.0 (5963373)|STATEMENT_EXECUTE|[13]
13:07:17.0 (5973932)|STATEMENT_EXECUTE|[13]
13:07:17.0 (5999537)|HEAP_ALLOCATE|[68]|Bytes:5
13:07:17.0 (6033885)|HEAP_ALLOCATE|[74]|Bytes:5
13:07:17.0 (6039617)|HEAP_ALLOCATE|[82]|Bytes:7
13:07:17.0 (6212232)|HEAP_ALLOCATE|[15]|Bytes:5
13:07:17.0 (6217245)|STATEMENT_EXECUTE|[15]
13:07:17.0 (6220002)|HEAP_ALLOCATE|[15]|Bytes:12
13:07:17.0 (6295693)|VARIABLE_ASSIGNMENT|[15]|CasosControllerExtension.ST_AUTORIZADA|"Autorización"
13:07:17.0 (6299432)|STATEMENT_EXECUTE|[16]
13:07:17.0 (6300838)|HEAP_ALLOCATE|[16]|Bytes:3
13:07:17.0 (6306246)|VARIABLE_ASSIGNMENT|[16]|CasosControllerExtension.ST_NUEVO|"New"
13:07:17.0 (6308410)|STATEMENT_EXECUTE|[17]
13:07:17.0 (6309762)|HEAP_ALLOCATE|[17]|Bytes:8
13:07:17.0 (6313572)|VARIABLE_ASSIGNMENT|[17]|CasosControllerExtension.ST_ASIGNADA|"Asignada"
13:07:17.0 (6315560)|STATEMENT_EXECUTE|[18]
13:07:17.0 (6316693)|HEAP_ALLOCATE|[18]|Bytes:7
13:07:17.0 (6320499)|VARIABLE_ASSIGNMENT|[18]|CasosControllerExtension.ST_CERRADO|"Cerrado"
13:07:17.0 (6322344)|STATEMENT_EXECUTE|[19]
13:07:17.0 (6323461)|HEAP_ALLOCATE|[19]|Bytes:19
13:07:17.0 (6327080)|VARIABLE_ASSIGNMENT|[19]|CasosControllerExtension.RT_RIESGOS|"Riesgos_Originaci_n"
13:07:17.0 (6329364)|STATEMENT_EXECUTE|[20]
13:07:17.0 (6330313)|HEAP_ALLOCATE|[20]|Bytes:18
13:07:17.0 (6333876)|VARIABLE_ASSIGNMENT|[20]|CasosControllerExtension.RT_FIGITAL|"BackOffice_Figital"
13:07:17.0 (6335856)|STATEMENT_EXECUTE|[21]
13:07:17.0 (6336734)|HEAP_ALLOCATE|[21]|Bytes:26
13:07:17.0 (6342061)|VARIABLE_ASSIGNMENT|[21]|CasosControllerExtension.QUEUE_CREDITO_FRAUDES|"BackOffice Credito/F (6 more) ..."
13:07:17.0 (6360041)|METHOD_EXIT|[13]|CasosControllerExtension
13:07:17.0 (6372971)|HEAP_ALLOCATE|[43]|Bytes:5
13:07:17.0 (6375036)|STATEMENT_EXECUTE|[41]
13:07:17.0 (6375898)|STATEMENT_EXECUTE|[43]
13:07:17.0 (6391673)|HEAP_ALLOCATE|[43]|Bytes:4
13:07:17.0 (6404901)|VARIABLE_SCOPE_BEGIN|[43]|mapResult|Map<String,ANY>|true|false
13:07:17.0 (6450612)|VARIABLE_ASSIGNMENT|[43]|mapResult|{}|0x63700923
13:07:17.0 (6455470)|STATEMENT_EXECUTE|[45]
13:07:17.0 (6471982)|METHOD_ENTRY|[45]|01p3l000005qcOV|CasosControllerExtension.getProfileName()
13:07:17.0 (6506155)|HEAP_ALLOCATE|[29]|Bytes:5
13:07:17.0 (6509226)|STATEMENT_EXECUTE|[27]
13:07:17.0 (6510408)|STATEMENT_EXECUTE|[29]
13:07:17.0 (6557001)|HEAP_ALLOCATE|[29]|Bytes:105
13:07:17.0 (6569959)|SYSTEM_METHOD_ENTRY|[1]|UserInfo.UserInfo()
13:07:17.0 (6573173)|STATEMENT_EXECUTE|[1]
13:07:17.0 (6580368)|SYSTEM_METHOD_EXIT|[1]|UserInfo
13:07:17.0 (6593126)|METHOD_ENTRY|[29]||System.UserInfo.getProfileId()
13:07:17.0 (9252857)|METHOD_EXIT|[29]||System.UserInfo.getProfileId()
13:07:17.0 (9293677)|HEAP_ALLOCATE|[29]|Bytes:4
13:07:17.0 (9304020)|VARIABLE_SCOPE_BEGIN|[29]|profileId|Id|false|false
13:07:17.0 (9493031)|VARIABLE_ASSIGNMENT|[29]|profileId|"00e1N000001u1HIQAY"
13:07:17.0 (9497432)|STATEMENT_EXECUTE|[30]
13:07:17.0 (9501726)|HEAP_ALLOCATE|[30]|Bytes:48
13:07:17.0 (9520846)|HEAP_ALLOCATE|[30]|Bytes:4
13:07:17.0 (9529809)|HEAP_ALLOCATE|[30]|Bytes:7
13:07:17.0 (11800297)|SOQL_EXECUTE_BEGIN|[30]|Aggregations:0|SELECT Id, Name FROM Profile WHERE Id = :tmpVar1
13:07:17.0 (17372748)|SOQL_EXECUTE_END|[30]|Rows:1
13:07:17.0 (17413208)|HEAP_ALLOCATE|[30]|Bytes:8
13:07:17.0 (17433079)|HEAP_ALLOCATE|[30]|Bytes:57
13:07:17.0 (17544233)|HEAP_ALLOCATE|[30]|Bytes:8
13:07:17.0 (17584174)|HEAP_ALLOCATE|[30]|Bytes:33
13:07:17.0 (17650416)|HEAP_ALLOCATE|[30]|Bytes:12
13:07:17.0 (17691557)|VARIABLE_SCOPE_BEGIN|[30]|profileName|String|false|false
13:07:17.0 (17709981)|VARIABLE_ASSIGNMENT|[30]|profileName|"System Administrator"
13:07:17.0 (17713251)|STATEMENT_EXECUTE|[32]
13:07:17.0 (17730616)|METHOD_EXIT|[45]|01p3l000005qcOV|CasosControllerExtension.getProfileName()
13:07:17.0 (17735231)|VARIABLE_SCOPE_BEGIN|[45]|profileName|String|false|false
13:07:17.0 (17739202)|VARIABLE_ASSIGNMENT|[45]|profileName|"System Administrator"
13:07:17.0 (17741069)|STATEMENT_EXECUTE|[47]
13:07:17.0 (17742776)|HEAP_ALLOCATE|[47]|Bytes:4
13:07:17.0 (18160428)|HEAP_ALLOCATE|[47]|Bytes:4
13:07:17.0 (20072332)|HEAP_ALLOCATE|[47]|Bytes:408
13:07:17.0 (20154284)|HEAP_ALLOCATE|[47]|Bytes:4
13:07:17.0 (20168418)|HEAP_ALLOCATE|[47]|Bytes:18
13:07:17.0 (20172253)|VARIABLE_SCOPE_BEGIN|[47]|idRecordTypeCredito|String|false|false
13:07:17.0 (20185658)|VARIABLE_ASSIGNMENT|[47]|idRecordTypeCredito|"0123l000001M9F8AAK"
13:07:17.0 (20188837)|STATEMENT_EXECUTE|[48]
13:07:17.0 (20272648)|HEAP_ALLOCATE|[48]|Bytes:4
13:07:17.0 (21052841)|HEAP_ALLOCATE|[48]|Bytes:408
13:07:17.0 (21073942)|HEAP_ALLOCATE|[48]|Bytes:4
13:07:17.0 (21078515)|HEAP_ALLOCATE|[48]|Bytes:18
13:07:17.0 (21081637)|VARIABLE_SCOPE_BEGIN|[48]|idRecordTypeFigital|String|false|false
13:07:17.0 (21090044)|VARIABLE_ASSIGNMENT|[48]|idRecordTypeFigital|"0123l0000019LkKAAU"
13:07:17.0 (21092180)|STATEMENT_EXECUTE|[50]
13:07:17.0 (21094532)|HEAP_ALLOCATE|[50]|Bytes:737
13:07:17.0 (21104265)|HEAP_ALLOCATE|[50]|Bytes:4
13:07:17.0 (21117700)|HEAP_ALLOCATE|[50]|Bytes:7
13:07:17.0 (21122624)|HEAP_ALLOCATE|[50]|Bytes:7
13:07:17.0 (21126141)|HEAP_ALLOCATE|[50]|Bytes:7
13:07:17.0 (21129128)|HEAP_ALLOCATE|[50]|Bytes:7
13:07:17.0 (21131877)|HEAP_ALLOCATE|[50]|Bytes:7
13:07:17.0 (22992594)|SOQL_EXECUTE_BEGIN|[50]|Aggregations:0|SELECT Id, CaseNumber, ID_Solicitud__c, Nombre_s__c, Primer_Apellido__c, Segundo_Apellido__c, CreatedDate, Status, Tiempo_en_Proceso__c, OwnerId, Owner.Name, Fecha_y_hora_de_solicitud_en_an_lisis__c, Tiempo_en_An_lisis__c, Solicitud_Repetida__c, Solicitud_de_cancelaci_n__c, C_digo_Postal_Direcci_n_Otros__c, Validar_Movimientos__c, Publicidad__c, Bloqueo_de_Tarjeta_por_Cancelaci_n__c, Canal_origen__c, Fecha_y_hora_de_solicitud_en_Nuevo__c FROM Case WHERE ((Status = :tmpVar1 OR Status = :tmpVar2 OR Status = :tmpVar3) AND (RecordTypeId = :tmpVar4 OR RecordTypeId = :tmpVar5) AND Owner.Name != :tmpVar6 AND OcultarBO__c != TRUE) ORDER BY RecordType.DeveloperName DESC NULLS FIRST, Fecha_y_hora_de_solicitud_en_Nuevo__c DESC NULLS FIRST
13:07:17.0 (91352570)|SOQL_EXECUTE_END|[50]|Rows:290
13:07:17.0 (91416498)|HEAP_ALLOCATE|[50]|Bytes:1164
13:07:17.0 (92471969)|HEAP_ALLOCATE|[50]|Bytes:174559
13:07:17.0 (92593635)|HEAP_ALLOCATE|[50]|Bytes:1164
13:07:17.0 (92619935)|VARIABLE_SCOPE_BEGIN|[50]|listaCasos|List<Case>|true|false
13:07:17.0 (92649618)|VARIABLE_ASSIGNMENT|[50]|listaCasos|"List of size 290 too large to display"|0x775adf45
13:07:17.0 (92655746)|STATEMENT_EXECUTE|[61]
13:07:17.0 (92659940)|HEAP_ALLOCATE|[61]|Bytes:95
13:07:17.0 (92674885)|HEAP_ALLOCATE|[61]|Bytes:4
13:07:17.0 (94318113)|SOQL_EXECUTE_BEGIN|[61]|Aggregations:0|SELECT MasterLabel, Canal_Origen__c, Segundos__c, Semaforo__c FROM Semaforo_Riesgos_Inicio__mdt
13:07:17.0 (102131135)|SOQL_EXECUTE_END|[61]|Rows:6
13:07:17.0 (102163837)|HEAP_ALLOCATE|[61]|Bytes:28
13:07:17.0 (102192388)|HEAP_ALLOCATE|[61]|Bytes:871
13:07:17.0 (102274144)|HEAP_ALLOCATE|[61]|Bytes:28
13:07:17.0 (102295940)|VARIABLE_SCOPE_BEGIN|[61]|lstSemaforoRiesgos|List<Semaforo_Riesgos_Inicio__mdt>|true|false
13:07:17.0 (102322655)|VARIABLE_ASSIGNMENT|[61]|lstSemaforoRiesgos|"List of size 6 too large to display"|0x3bc4323e
13:07:17.0 (102327005)|STATEMENT_EXECUTE|[63]
13:07:17.0 (102331781)|HEAP_ALLOCATE|[63]|Bytes:10
13:07:17.0 (102407415)|HEAP_ALLOCATE|[EXTERNAL]|Bytes:-4
13:07:17.0 (102414389)|STATEMENT_EXECUTE|[64]
13:07:17.0 (102415987)|HEAP_ALLOCATE|[64]|Bytes:11
13:07:17.0 (102427384)|HEAP_ALLOCATE|[EXTERNAL]|Bytes:-4
13:07:17.0 (102430402)|STATEMENT_EXECUTE|[65]
13:07:17.0 (102431380)|HEAP_ALLOCATE|[65]|Bytes:18
13:07:17.0 (102439027)|HEAP_ALLOCATE|[EXTERNAL]|Bytes:-4
13:07:17.0 (102441584)|STATEMENT_EXECUTE|[67]
13:07:17.102 (102515176)|CUMULATIVE_LIMIT_USAGE
13:07:17.102 (102515176)|LIMIT_USAGE_FOR_NS|(default)|
  Number of SOQL queries: 2 out of 100
  Number of query rows: 297 out of 50000
  Number of SOSL queries: 0 out of 20
  Number of DML statements: 0 out of 150
  Number of Publish Immediate DML: 0 out of 150
  Number of DML rows: 0 out of 10000
  Maximum CPU time: 0 out of 10000
  Maximum heap size: 0 out of 6000000
  Number of callouts: 0 out of 100
  Number of Email Invocations: 0 out of 10
  Number of future calls: 0 out of 50
  Number of queueable jobs added to the queue: 0 out of 50
  Number of Mobile Apex push calls: 0 out of 10

13:07:17.102 (102515176)|CUMULATIVE_LIMIT_USAGE_END

13:07:17.0 (102618909)|CODE_UNIT_FINISHED|CasosControllerExtension.obtenerCasos()
13:07:17.0 (105534152)|CODE_UNIT_FINISHED|apex://CasosControllerExtension/ACTION$obtenerCasos
13:07:17.0 (105555257)|EXECUTION_FINISHED
