52.0 APEX_CODE,FINEST;APEX_PROFILING,INFO;CALLOUT,INFO;DATA_ACCESS,INFO;DB,INFO;NBA,INFO;SYSTEM,DEBUG;VALIDATION,INFO;VISUALFORCE,INFO;WAVE,INFO;WORKFLOW,INFO
18:06:01.0 (305969)|USER_INFO|[EXTERNAL]|0051N000008bAK9|contingenciafalabella@falabella.com.mx|(GMT-06:00) Central Standard Time (America/Mexico_City)|GMT-06:00
18:06:01.0 (404207)|EXECUTION_STARTED
18:06:01.0 (440836)|CODE_UNIT_STARTED|[EXTERNAL]|01p3l00000EBsec|BatchUpdateCaseGestorBO
18:06:01.0 (3630950)|HEAP_ALLOCATE|[95]|Bytes:3
18:06:01.0 (3757677)|HEAP_ALLOCATE|[100]|Bytes:152
18:06:01.0 (3775337)|HEAP_ALLOCATE|[417]|Bytes:408
18:06:01.0 (3789723)|HEAP_ALLOCATE|[430]|Bytes:408
18:06:01.0 (3819922)|HEAP_ALLOCATE|[317]|Bytes:6
18:06:01.0 (6786025)|HEAP_ALLOCATE|[EXTERNAL]|Bytes:98
18:06:01.0 (11283063)|HEAP_ALLOCATE|[EXTERNAL]|Bytes:11
18:06:01.0 (11339041)|SYSTEM_METHOD_ENTRY|[15]|BatchableContextImpl.BatchableContextImpl()
18:06:01.0 (11359143)|STATEMENT_EXECUTE|[15]
18:06:01.0 (11380181)|SYSTEM_METHOD_EXIT|[15]|BatchableContextImpl
18:06:01.0 (11386633)|HEAP_ALLOCATE|[EXTERNAL]|Bytes:12
18:06:01.0 (11391441)|HEAP_ALLOCATE|[EXTERNAL]|Bytes:4
18:06:01.0 (11393853)|HEAP_ALLOCATE|[EXTERNAL]|Bytes:4
18:06:01.0 (11415374)|VARIABLE_SCOPE_BEGIN|[31]|this|Database.BatchableContextImpl|true|false
18:06:01.0 (11541928)|VARIABLE_ASSIGNMENT|[31]|this|{}|0x3c62cd50
18:06:01.0 (11549175)|VARIABLE_SCOPE_BEGIN|[31]|jobId|Id|false|false
18:06:01.0 (11675445)|VARIABLE_ASSIGNMENT|[31]|jobId|"707RQ00001vVis4YAC"
18:06:01.0 (11681435)|VARIABLE_SCOPE_BEGIN|[31]|childJobId|Id|false|false
18:06:01.0 (11702572)|VARIABLE_ASSIGNMENT|[31]|childJobId|"707RQ00001vVk0lYAC"
18:06:01.0 (24311887)|HEAP_ALLOCATE|[EXTERNAL]|Bytes:16
18:06:03.815 (2815433157)|CUMULATIVE_LIMIT_USAGE
18:06:03.815 (2815433157)|LIMIT_USAGE_FOR_NS|(default)|
  Number of SOQL queries: 0 out of 200
  Number of query rows: 0 out of 50000
  Number of SOSL queries: 0 out of 20
  Number of DML statements: 0 out of 150
  Number of Publish Immediate DML: 0 out of 150
  Number of DML rows: 0 out of 10000
  Maximum CPU time: 0 out of 60000
  Maximum heap size: 0 out of 12000000
  Number of callouts: 0 out of 0
  Number of Email Invocations: 0 out of 10
  Number of future calls: 0 out of 0
  Number of queueable jobs added to the queue: 0 out of 1
  Number of Mobile Apex push calls: 0 out of 10

18:06:03.815 (2815433157)|CUMULATIVE_LIMIT_USAGE_END

18:06:03.815 (2815609355)|CODE_UNIT_FINISHED|BatchUpdateCaseGestorBO
18:06:03.815 (2815641237)|EXECUTION_FINISHED
