52.0 APEX_CODE,FINEST;APEX_PROFILING,INFO;CALLOUT,INFO;DATA_ACCESS,INFO;DB,INFO;NBA,INFO;SYSTEM,DEBUG;VALIDATION,INFO;VISUALFORCE,INFO;WAVE,INFO;WORKFLOW,INFO
18:09:00.0 (355264)|USER_INFO|[EXTERNAL]|0051N000008bAK9|contingenciafalabella@falabella.com.mx|(GMT-06:00) Central Standard Time (America/Mexico_City)|GMT-06:00
18:09:00.0 (512162)|EXECUTION_STARTED
18:09:00.0 (552066)|CODE_UNIT_STARTED|[EXTERNAL]|01p3l00000EBsec|BatchUpdateCaseGestorBO
18:09:00.0 (2570353)|HEAP_ALLOCATE|[95]|Bytes:3
18:09:00.0 (2703046)|HEAP_ALLOCATE|[100]|Bytes:152
18:09:00.0 (2721020)|HEAP_ALLOCATE|[417]|Bytes:408
18:09:00.0 (2732906)|HEAP_ALLOCATE|[430]|Bytes:408
18:09:00.0 (2757156)|HEAP_ALLOCATE|[317]|Bytes:6
18:09:00.0 (4721796)|HEAP_ALLOCATE|[EXTERNAL]|Bytes:98
18:09:00.0 (31929292)|HEAP_ALLOCATE|[EXTERNAL]|Bytes:11
18:09:00.0 (31979148)|SYSTEM_METHOD_ENTRY|[15]|BatchableContextImpl.BatchableContextImpl()
18:09:00.0 (32001454)|STATEMENT_EXECUTE|[15]
18:09:00.0 (32020835)|SYSTEM_METHOD_EXIT|[15]|BatchableContextImpl
18:09:00.0 (32026503)|HEAP_ALLOCATE|[EXTERNAL]|Bytes:12
18:09:00.0 (32029879)|HEAP_ALLOCATE|[EXTERNAL]|Bytes:4
18:09:00.0 (32045992)|VARIABLE_SCOPE_BEGIN|[31]|this|Database.BatchableContextImpl|true|false
18:09:00.0 (32128874)|VARIABLE_ASSIGNMENT|[31]|this|{}|0x20727948
18:09:00.0 (32133245)|VARIABLE_SCOPE_BEGIN|[31]|jobId|Id|false|false
18:09:00.0 (32239037)|VARIABLE_ASSIGNMENT|[31]|jobId|"707RQ00001vVcw4YAC"
18:09:00.0 (32242410)|VARIABLE_SCOPE_BEGIN|[31]|childJobId|Id|false|false
18:09:00.0 (32248605)|VARIABLE_ASSIGNMENT|[31]|childJobId|null
18:09:00.0 (35736112)|HEAP_ALLOCATE|[EXTERNAL]|Bytes:99
18:09:00.0 (35753905)|HEAP_ALLOCATE|[EXTERNAL]|Bytes:12
18:09:00.0 (35774007)|METHOD_ENTRY|[11]|01p3l00000EBsec|BatchUpdateCaseGestorBO.BatchUpdateCaseGestorBO()
18:09:00.0 (35785816)|STATEMENT_EXECUTE|[11]
18:09:00.0 (35793366)|STATEMENT_EXECUTE|[11]
18:09:00.0 (35798348)|METHOD_EXIT|[11]|BatchUpdateCaseGestorBO
18:09:00.0 (35803340)|HEAP_ALLOCATE|[EXTERNAL]|Bytes:20
18:09:00.0 (35805388)|HEAP_ALLOCATE|[EXTERNAL]|Bytes:12
18:09:00.0 (35815258)|VARIABLE_SCOPE_BEGIN|[33]|this|BatchUpdateCaseGestorBO|true|false
18:09:00.0 (35874307)|VARIABLE_ASSIGNMENT|[33]|this|{"idQueueFraudesCredito":"00G3l000004HYBREA4","intCallMSAttempts":3,"lstRecordTypesBO":"0x2cbf98b0","lstRequestsWithError":"0x55612c9b"}|0x43a68b66
18:09:00.0 (35879139)|VARIABLE_SCOPE_BEGIN|[33]|BC|Database.BatchableContext|true|false
18:09:00.0 (35933151)|VARIABLE_ASSIGNMENT|[33]|BC|{"jobId":"707RQ00001vVcw4YAC"}|0x20727948
18:09:00.0 (35940752)|STATEMENT_EXECUTE|[33]
18:09:00.0 (35941842)|STATEMENT_EXECUTE|[35]
18:09:00.0 (35944872)|HEAP_ALLOCATE|[35]|Bytes:217
18:09:00.0 (35965395)|HEAP_ALLOCATE|[35]|Bytes:4
18:09:00.0 (35979370)|HEAP_ALLOCATE|[35]|Bytes:7
18:09:00.0 (35995819)|HEAP_ALLOCATE|[35]|Bytes:7
18:09:00.0 (35999571)|HEAP_ALLOCATE|[35]|Bytes:7
18:09:00.0 (36036009)|HEAP_ALLOCATE|[68]|Bytes:5
18:09:00.0 (36055584)|HEAP_ALLOCATE|[74]|Bytes:5
18:09:00.0 (36060824)|HEAP_ALLOCATE|[82]|Bytes:7
18:09:00.0 (37651362)|SOQL_EXECUTE_BEGIN|[35]|Aggregations:0|SELECT ID_Solicitud__c, Solicitud_Repetida__c, Total_a_Condonar__c FROM Case WHERE (OwnerId = :tmpVar1 AND RecordTypeId IN :tmpVar2 AND (Actualizaci_n_de_domicilio_en_SAT__c = FALSE OR Total_a_Condonar__c < :tmpVar3))
18:09:00.0 (76351210)|SOQL_EXECUTE_END|[35]|Rows:3
18:09:00.0 (76611901)|HEAP_ALLOCATE|[35]|Bytes:20
18:09:00.124 (124863432)|CUMULATIVE_LIMIT_USAGE
18:09:00.124 (124863432)|LIMIT_USAGE_FOR_NS|(default)|
  Number of SOQL queries: 0 out of 200
  Number of query rows: 0 out of 50000
  Number of SOSL queries: 0 out of 20
  Number of DML statements: 0 out of 150
  Number of Publish Immediate DML: 0 out of 150
  Number of DML rows: 0 out of 10000
  Maximum CPU time: 0 out of 60000
  Maximum heap size: 0 out of 12000000
  Number of callouts: 0 out of 0
  Number of Email Invocations: 0 out of 10
  Number of future calls: 0 out of 0
  Number of queueable jobs added to the queue: 0 out of 1
  Number of Mobile Apex push calls: 0 out of 10

18:09:00.124 (124863432)|CUMULATIVE_LIMIT_USAGE_END

18:09:00.0 (125019765)|CODE_UNIT_FINISHED|BatchUpdateCaseGestorBO
18:09:00.0 (125055382)|EXECUTION_FINISHED
