52.0 APEX_CODE,FINEST;APEX_PROFILING,INFO;CALLOUT,INFO;DATA_ACCESS,INFO;DB,INFO;NBA,INFO;SYSTEM,DEBUG;VALIDATION,INFO;VISUALFORCE,INFO;WAVE,INFO;WORKFLOW,INFO
18:33:02.0 (239769)|USER_INFO|[EXTERNAL]|0051N000008bAK9|contingenciafalabella@falabella.com.mx|(GMT-06:00) Central Standard Time (America/Mexico_City)|GMT-06:00
18:33:02.0 (327672)|EXECUTION_STARTED
18:33:02.0 (389322)|CODE_UNIT_STARTED|[EXTERNAL]|01p3l00000EBsec|BatchUpdateCaseGestorBO
18:33:02.0 (3334866)|HEAP_ALLOCATE|[95]|Bytes:3
18:33:02.0 (3443412)|HEAP_ALLOCATE|[100]|Bytes:152
18:33:02.0 (3456445)|HEAP_ALLOCATE|[417]|Bytes:408
18:33:02.0 (3466755)|HEAP_ALLOCATE|[430]|Bytes:408
18:33:02.0 (3487158)|HEAP_ALLOCATE|[317]|Bytes:6
18:33:02.0 (6768036)|HEAP_ALLOCATE|[EXTERNAL]|Bytes:98
18:33:02.0 (10700416)|HEAP_ALLOCATE|[EXTERNAL]|Bytes:11
18:33:02.0 (10750633)|SYSTEM_METHOD_ENTRY|[15]|BatchableContextImpl.BatchableContextImpl()
18:33:02.0 (10770154)|STATEMENT_EXECUTE|[15]
18:33:02.0 (10840574)|SYSTEM_METHOD_EXIT|[15]|BatchableContextImpl
18:33:02.0 (10848323)|HEAP_ALLOCATE|[EXTERNAL]|Bytes:12
18:33:02.0 (10852920)|HEAP_ALLOCATE|[EXTERNAL]|Bytes:4
18:33:02.0 (10855364)|HEAP_ALLOCATE|[EXTERNAL]|Bytes:4
18:33:02.0 (10879705)|VARIABLE_SCOPE_BEGIN|[31]|this|Database.BatchableContextImpl|true|false
18:33:02.0 (10979542)|VARIABLE_ASSIGNMENT|[31]|this|{}|0x55b7719a
18:33:02.0 (10985146)|VARIABLE_SCOPE_BEGIN|[31]|jobId|Id|false|false
18:33:02.0 (11101864)|VARIABLE_ASSIGNMENT|[31]|jobId|"707RQ00001vVuBCYA0"
18:33:02.0 (11107298)|VARIABLE_SCOPE_BEGIN|[31]|childJobId|Id|false|false
18:33:02.0 (11123281)|VARIABLE_ASSIGNMENT|[31]|childJobId|"707RQ00001vVpYJYA0"
18:33:02.0 (23295685)|HEAP_ALLOCATE|[EXTERNAL]|Bytes:16
18:33:04.331 (2331790786)|CUMULATIVE_LIMIT_USAGE
18:33:04.331 (2331790786)|LIMIT_USAGE_FOR_NS|(default)|
  Number of SOQL queries: 0 out of 200
  Number of query rows: 0 out of 50000
  Number of SOSL queries: 0 out of 20
  Number of DML statements: 0 out of 150
  Number of Publish Immediate DML: 0 out of 150
  Number of DML rows: 0 out of 10000
  Maximum CPU time: 0 out of 60000
  Maximum heap size: 0 out of 12000000
  Number of callouts: 0 out of 0
  Number of Email Invocations: 0 out of 10
  Number of future calls: 0 out of 0
  Number of queueable jobs added to the queue: 0 out of 1
  Number of Mobile Apex push calls: 0 out of 10

18:33:04.331 (2331790786)|CUMULATIVE_LIMIT_USAGE_END

18:33:04.331 (2331908744)|CODE_UNIT_FINISHED|BatchUpdateCaseGestorBO
18:33:04.331 (2331933544)|EXECUTION_FINISHED
