66.0 APEX_CODE,FINEST;APEX_PROFILING,INFO;CALLOUT,INFO;DATA_ACCESS,INFO;DB,INFO;NBA,INFO;SYSTEM,DEBUG;VALIDATION,INFO;VISUALFORCE,INFO;WAVE,INFO;WORKFLOW,INFO
11:55:15.1 (1475417)|USER_INFO|[EXTERNAL]|0050v0000034lag|albeltransa@falabella.com.mx.admin.uat|(GMT-06:00) Central Standard Time (America/Mexico_City)|GMT-06:00
11:55:15.1 (1534918)|EXECUTION_STARTED
11:55:15.1 (1556761)|CODE_UNIT_STARTED|[EXTERNAL]|apex://CasosControllerExtension/ACTION$obtenerCasos
11:55:15.1 (4408193)|CODE_UNIT_STARTED|[EXTERNAL]|01p0v000003PcLg|CasosControllerExtension.obtenerCasos()
11:55:15.1 (4663706)|VARIABLE_SCOPE_BEGIN|[21]|CasosControllerExtension.QUEUE_CREDITO_FRAUDES|String|false|true
11:55:15.1 (4720273)|VARIABLE_SCOPE_BEGIN|[20]|CasosControllerExtension.RT_FIGITAL|String|false|true
11:55:15.1 (4726601)|VARIABLE_SCOPE_BEGIN|[19]|CasosControllerExtension.RT_RIESGOS|String|false|true
11:55:15.1 (4731291)|VARIABLE_SCOPE_BEGIN|[17]|CasosControllerExtension.ST_ASIGNADA|String|false|true
11:55:15.1 (4736172)|VARIABLE_SCOPE_BEGIN|[15]|CasosControllerExtension.ST_AUTORIZADA|String|false|true
11:55:15.1 (4741488)|VARIABLE_SCOPE_BEGIN|[18]|CasosControllerExtension.ST_CERRADO|String|false|true
11:55:15.1 (4746736)|VARIABLE_SCOPE_BEGIN|[16]|CasosControllerExtension.ST_NUEVO|String|false|true
11:55:15.1 (4900505)|HEAP_ALLOCATE|[95]|Bytes:3
11:55:15.1 (4950242)|HEAP_ALLOCATE|[100]|Bytes:152
11:55:15.1 (4963431)|HEAP_ALLOCATE|[417]|Bytes:408
11:55:15.1 (4973961)|HEAP_ALLOCATE|[430]|Bytes:408
11:55:15.1 (4992807)|HEAP_ALLOCATE|[317]|Bytes:6
11:55:15.1 (5003102)|HEAP_ALLOCATE|[EXTERNAL]|Bytes:11
11:55:15.1 (5027665)|METHOD_ENTRY|[13]|01p0v000003PcLg|CasosControllerExtension.CasosControllerExtension()
11:55:15.1 (5040897)|STATEMENT_EXECUTE|[13]
11:55:15.1 (5083794)|STATEMENT_EXECUTE|[13]
11:55:15.1 (5100517)|HEAP_ALLOCATE|[68]|Bytes:5
11:55:15.1 (5128289)|HEAP_ALLOCATE|[74]|Bytes:5
11:55:15.1 (5133300)|HEAP_ALLOCATE|[82]|Bytes:7
11:55:15.1 (5289513)|HEAP_ALLOCATE|[15]|Bytes:5
11:55:15.1 (5294295)|STATEMENT_EXECUTE|[15]
11:55:15.1 (5296528)|HEAP_ALLOCATE|[15]|Bytes:12
11:55:15.1 (5369472)|VARIABLE_ASSIGNMENT|[15]|CasosControllerExtension.ST_AUTORIZADA|"Autorización"
11:55:15.1 (5373287)|STATEMENT_EXECUTE|[16]
11:55:15.1 (5374634)|HEAP_ALLOCATE|[16]|Bytes:3
11:55:15.1 (5379287)|VARIABLE_ASSIGNMENT|[16]|CasosControllerExtension.ST_NUEVO|"New"
11:55:15.1 (5381341)|STATEMENT_EXECUTE|[17]
11:55:15.1 (5382389)|HEAP_ALLOCATE|[17]|Bytes:8
11:55:15.1 (5386100)|VARIABLE_ASSIGNMENT|[17]|CasosControllerExtension.ST_ASIGNADA|"Asignada"
11:55:15.1 (5387988)|STATEMENT_EXECUTE|[18]
11:55:15.1 (5389183)|HEAP_ALLOCATE|[18]|Bytes:7
11:55:15.1 (5392655)|VARIABLE_ASSIGNMENT|[18]|CasosControllerExtension.ST_CERRADO|"Cerrado"
11:55:15.1 (5394537)|STATEMENT_EXECUTE|[19]
11:55:15.1 (5395859)|HEAP_ALLOCATE|[19]|Bytes:19
11:55:15.1 (5399589)|VARIABLE_ASSIGNMENT|[19]|CasosControllerExtension.RT_RIESGOS|"Riesgos_Originaci_n"
11:55:15.1 (5401584)|STATEMENT_EXECUTE|[20]
11:55:15.1 (5402724)|HEAP_ALLOCATE|[20]|Bytes:18
11:55:15.1 (5406194)|VARIABLE_ASSIGNMENT|[20]|CasosControllerExtension.RT_FIGITAL|"BackOffice_Figital"
11:55:15.1 (5408091)|STATEMENT_EXECUTE|[21]
11:55:15.1 (5409049)|HEAP_ALLOCATE|[21]|Bytes:26
11:55:15.1 (5413821)|VARIABLE_ASSIGNMENT|[21]|CasosControllerExtension.QUEUE_CREDITO_FRAUDES|"BackOffice Credito/F (6 more) ..."
11:55:15.1 (5425628)|METHOD_EXIT|[13]|CasosControllerExtension
11:55:15.1 (5542797)|HEAP_ALLOCATE|[43]|Bytes:5
11:55:15.1 (5545298)|STATEMENT_EXECUTE|[41]
11:55:15.1 (5546149)|STATEMENT_EXECUTE|[43]
11:55:15.1 (5556378)|HEAP_ALLOCATE|[43]|Bytes:4
11:55:15.1 (5569659)|VARIABLE_SCOPE_BEGIN|[43]|mapResult|Map<String,ANY>|true|false
11:55:15.1 (5592750)|VARIABLE_ASSIGNMENT|[43]|mapResult|{}|0x56812310
11:55:15.1 (5595675)|STATEMENT_EXECUTE|[45]
11:55:15.1 (5613885)|METHOD_ENTRY|[45]|01p0v000003PcLg|CasosControllerExtension.getProfileName()
11:55:15.1 (5642180)|HEAP_ALLOCATE|[29]|Bytes:5
11:55:15.1 (5644275)|STATEMENT_EXECUTE|[27]
11:55:15.1 (5645193)|STATEMENT_EXECUTE|[29]
11:55:15.1 (5682242)|HEAP_ALLOCATE|[29]|Bytes:105
11:55:15.1 (5688295)|SYSTEM_METHOD_ENTRY|[1]|UserInfo.UserInfo()
11:55:15.1 (5690371)|STATEMENT_EXECUTE|[1]
11:55:15.1 (5695708)|SYSTEM_METHOD_EXIT|[1]|UserInfo
11:55:15.1 (5701210)|METHOD_ENTRY|[29]||System.UserInfo.getProfileId()
11:55:15.1 (7682447)|METHOD_EXIT|[29]||System.UserInfo.getProfileId()
11:55:15.1 (7721646)|HEAP_ALLOCATE|[29]|Bytes:4
11:55:15.1 (7730871)|VARIABLE_SCOPE_BEGIN|[29]|profileId|Id|false|false
11:55:15.1 (7894520)|VARIABLE_ASSIGNMENT|[29]|profileId|"00e1N000001u1HIQAY"
11:55:15.1 (7899749)|STATEMENT_EXECUTE|[30]
11:55:15.1 (7903646)|HEAP_ALLOCATE|[30]|Bytes:48
11:55:15.1 (7917721)|HEAP_ALLOCATE|[30]|Bytes:4
11:55:15.1 (7924358)|HEAP_ALLOCATE|[30]|Bytes:7
11:55:15.1 (10465752)|SOQL_EXECUTE_BEGIN|[30]|Aggregations:0|SELECT Id, Name FROM Profile WHERE Id = :tmpVar1
11:55:15.1 (14886791)|SOQL_EXECUTE_END|[30]|Rows:1
11:55:15.1 (14915655)|HEAP_ALLOCATE|[30]|Bytes:8
11:55:15.1 (14933172)|HEAP_ALLOCATE|[30]|Bytes:57
11:55:15.1 (15058205)|HEAP_ALLOCATE|[30]|Bytes:8
11:55:15.1 (15076272)|HEAP_ALLOCATE|[30]|Bytes:33
11:55:15.1 (15151444)|HEAP_ALLOCATE|[30]|Bytes:12
11:55:15.1 (15195873)|VARIABLE_SCOPE_BEGIN|[30]|profileName|String|false|false
11:55:15.1 (15216529)|VARIABLE_ASSIGNMENT|[30]|profileName|"System Administrator"
11:55:15.1 (15220525)|STATEMENT_EXECUTE|[32]
11:55:15.1 (15233918)|METHOD_EXIT|[45]|01p0v000003PcLg|CasosControllerExtension.getProfileName()
11:55:15.1 (15239001)|VARIABLE_SCOPE_BEGIN|[45]|profileName|String|false|false
11:55:15.1 (15243338)|VARIABLE_ASSIGNMENT|[45]|profileName|"System Administrator"
11:55:15.1 (15245386)|STATEMENT_EXECUTE|[47]
11:55:15.1 (15247011)|HEAP_ALLOCATE|[47]|Bytes:4
11:55:15.1 (15663251)|HEAP_ALLOCATE|[47]|Bytes:4
11:55:15.1 (16657556)|HEAP_ALLOCATE|[47]|Bytes:412
11:55:15.1 (16751992)|HEAP_ALLOCATE|[47]|Bytes:4
11:55:15.1 (16768007)|HEAP_ALLOCATE|[47]|Bytes:18
11:55:15.1 (16771623)|VARIABLE_SCOPE_BEGIN|[47]|idRecordTypeCredito|String|false|false
11:55:15.1 (16785871)|VARIABLE_ASSIGNMENT|[47]|idRecordTypeCredito|"0120v000000fwTjAAI"
11:55:15.1 (16788834)|STATEMENT_EXECUTE|[48]
11:55:15.1 (16852659)|HEAP_ALLOCATE|[48]|Bytes:4
11:55:15.1 (17841001)|HEAP_ALLOCATE|[48]|Bytes:412
11:55:15.1 (17876373)|HEAP_ALLOCATE|[48]|Bytes:4
11:55:15.1 (17882929)|HEAP_ALLOCATE|[48]|Bytes:18
11:55:15.1 (17886042)|VARIABLE_SCOPE_BEGIN|[48]|idRecordTypeFigital|String|false|false
11:55:15.1 (17898013)|VARIABLE_ASSIGNMENT|[48]|idRecordTypeFigital|"0120v000000pcRFAAY"
11:55:15.1 (17900804)|STATEMENT_EXECUTE|[50]
11:55:15.1 (17904083)|HEAP_ALLOCATE|[50]|Bytes:737
11:55:15.1 (17915143)|HEAP_ALLOCATE|[50]|Bytes:4
11:55:15.1 (17929247)|HEAP_ALLOCATE|[50]|Bytes:7
11:55:15.1 (17934061)|HEAP_ALLOCATE|[50]|Bytes:7
11:55:15.1 (17938106)|HEAP_ALLOCATE|[50]|Bytes:7
11:55:15.1 (17941392)|HEAP_ALLOCATE|[50]|Bytes:7
11:55:15.1 (17944640)|HEAP_ALLOCATE|[50]|Bytes:7
11:55:15.1 (20372833)|SOQL_EXECUTE_BEGIN|[50]|Aggregations:0|SELECT Id, CaseNumber, ID_Solicitud__c, Nombre_s__c, Primer_Apellido__c, Segundo_Apellido__c, CreatedDate, Status, Tiempo_en_Proceso__c, OwnerId, Owner.Name, Fecha_y_hora_de_solicitud_en_an_lisis__c, Tiempo_en_An_lisis__c, Solicitud_Repetida__c, Solicitud_de_cancelaci_n__c, C_digo_Postal_Direcci_n_Otros__c, Validar_Movimientos__c, Publicidad__c, Bloqueo_de_Tarjeta_por_Cancelaci_n__c, Canal_origen__c, Fecha_y_hora_de_solicitud_en_Nuevo__c FROM Case WHERE ((Status = :tmpVar1 OR Status = :tmpVar2 OR Status = :tmpVar3) AND (RecordTypeId = :tmpVar4 OR RecordTypeId = :tmpVar5) AND Owner.Name != :tmpVar6 AND OcultarBO__c != TRUE) ORDER BY RecordType.DeveloperName DESC NULLS FIRST, Fecha_y_hora_de_solicitud_en_Nuevo__c DESC NULLS FIRST
11:55:15.1 (95948130)|SOQL_EXECUTE_END|[50]|Rows:701
11:55:15.1 (95983042)|HEAP_ALLOCATE|[50]|Bytes:2808
11:55:15.1 (98538744)|HEAP_ALLOCATE|[50]|Bytes:429670
11:55:15.1 (98690654)|HEAP_ALLOCATE|[50]|Bytes:2808
11:55:15.1 (98715996)|VARIABLE_SCOPE_BEGIN|[50]|listaCasos|List<Case>|true|false
11:55:15.1 (98746991)|VARIABLE_ASSIGNMENT|[50]|listaCasos|"List of size 701 too large to display"|0x2cdcff38
11:55:15.1 (98754667)|STATEMENT_EXECUTE|[61]
11:55:15.1 (98759866)|HEAP_ALLOCATE|[61]|Bytes:95
11:55:15.1 (98774732)|HEAP_ALLOCATE|[61]|Bytes:4
11:55:15.1 (100706349)|SOQL_EXECUTE_BEGIN|[61]|Aggregations:0|SELECT MasterLabel, Canal_Origen__c, Segundos__c, Semaforo__c FROM Semaforo_Riesgos_Inicio__mdt
11:55:15.1 (109936239)|SOQL_EXECUTE_END|[61]|Rows:6
11:55:15.1 (109963054)|HEAP_ALLOCATE|[61]|Bytes:28
11:55:15.1 (109994329)|HEAP_ALLOCATE|[61]|Bytes:871
11:55:15.1 (110073952)|HEAP_ALLOCATE|[61]|Bytes:28
11:55:15.1 (110095089)|VARIABLE_SCOPE_BEGIN|[61]|lstSemaforoRiesgos|List<Semaforo_Riesgos_Inicio__mdt>|true|false
11:55:15.1 (110119660)|VARIABLE_ASSIGNMENT|[61]|lstSemaforoRiesgos|"List of size 6 too large to display"|0x13dd1f51
11:55:15.1 (110124909)|STATEMENT_EXECUTE|[63]
11:55:15.1 (110129231)|HEAP_ALLOCATE|[63]|Bytes:10
11:55:15.1 (110202000)|HEAP_ALLOCATE|[EXTERNAL]|Bytes:-4
11:55:15.1 (110209178)|STATEMENT_EXECUTE|[64]
11:55:15.1 (110210740)|HEAP_ALLOCATE|[64]|Bytes:11
11:55:15.1 (110222620)|HEAP_ALLOCATE|[EXTERNAL]|Bytes:-4
11:55:15.1 (110225900)|STATEMENT_EXECUTE|[65]
11:55:15.1 (110226938)|HEAP_ALLOCATE|[65]|Bytes:18
11:55:15.1 (110235643)|HEAP_ALLOCATE|[EXTERNAL]|Bytes:-4
11:55:15.1 (110239629)|STATEMENT_EXECUTE|[67]
11:55:15.110 (110312599)|CUMULATIVE_LIMIT_USAGE
11:55:15.110 (110312599)|LIMIT_USAGE_FOR_NS|(default)|
  Number of SOQL queries: 2 out of 100
  Number of query rows: 708 out of 50000
  Number of SOSL queries: 0 out of 20
  Number of DML statements: 0 out of 150
  Number of Publish Immediate DML: 0 out of 150
  Number of DML rows: 0 out of 10000
  Maximum CPU time: 0 out of 10000
  Maximum heap size: 0 out of 6000000
  Number of callouts: 0 out of 100
  Number of Email Invocations: 0 out of 10
  Number of future calls: 0 out of 50
  Number of queueable jobs added to the queue: 0 out of 50
  Number of Mobile Apex push calls: 0 out of 10

11:55:15.110 (110312599)|CUMULATIVE_LIMIT_USAGE_END

11:55:15.1 (110376157)|CODE_UNIT_FINISHED|CasosControllerExtension.obtenerCasos()
11:55:15.1 (125409839)|CODE_UNIT_FINISHED|apex://CasosControllerExtension/ACTION$obtenerCasos
11:55:15.1 (125434216)|EXECUTION_FINISHED
