52.0 APEX_CODE,FINEST;APEX_PROFILING,INFO;CALLOUT,INFO;DATA_ACCESS,INFO;DB,INFO;NBA,INFO;SYSTEM,DEBUG;VALIDATION,INFO;VISUALFORCE,INFO;WAVE,INFO;WORKFLOW,INFO
18:30:07.0 (414948)|USER_INFO|[EXTERNAL]|0051N000008bAK9|contingenciafalabella@falabella.com.mx|(GMT-06:00) Central Standard Time (America/Mexico_City)|GMT-06:00
18:30:07.0 (504309)|EXECUTION_STARTED
18:30:07.0 (537626)|CODE_UNIT_STARTED|[EXTERNAL]|01p3l00000EBsec|BatchUpdateCaseGestorBO
18:30:07.0 (1777862)|HEAP_ALLOCATE|[95]|Bytes:3
18:30:07.0 (1884847)|HEAP_ALLOCATE|[100]|Bytes:152
18:30:07.0 (1902013)|HEAP_ALLOCATE|[417]|Bytes:408
18:30:07.0 (1917971)|HEAP_ALLOCATE|[430]|Bytes:408
18:30:07.0 (1943531)|HEAP_ALLOCATE|[317]|Bytes:6
18:30:07.0 (3304725)|HEAP_ALLOCATE|[EXTERNAL]|Bytes:98
18:30:07.0 (3723472)|HEAP_ALLOCATE|[EXTERNAL]|Bytes:11
18:30:07.0 (3753477)|SYSTEM_METHOD_ENTRY|[15]|BatchableContextImpl.BatchableContextImpl()
18:30:07.0 (3770806)|STATEMENT_EXECUTE|[15]
18:30:07.0 (3786997)|SYSTEM_METHOD_EXIT|[15]|BatchableContextImpl
18:30:07.0 (3791310)|HEAP_ALLOCATE|[EXTERNAL]|Bytes:12
18:30:07.0 (3794816)|HEAP_ALLOCATE|[EXTERNAL]|Bytes:4
18:30:07.0 (3807362)|VARIABLE_SCOPE_BEGIN|[31]|this|Database.BatchableContextImpl|true|false
18:30:07.0 (3915305)|VARIABLE_ASSIGNMENT|[31]|this|{}|0x655ead3a
18:30:07.0 (3919337)|VARIABLE_SCOPE_BEGIN|[31]|jobId|Id|false|false
18:30:07.0 (3999659)|VARIABLE_ASSIGNMENT|[31]|jobId|"707RQ00001vVqr7YAC"
18:30:07.0 (4003522)|VARIABLE_SCOPE_BEGIN|[31]|childJobId|Id|false|false
18:30:07.0 (4011815)|VARIABLE_ASSIGNMENT|[31]|childJobId|null
18:30:07.0 (19497147)|HEAP_ALLOCATE|[EXTERNAL]|Bytes:99
18:30:07.0 (19516114)|HEAP_ALLOCATE|[EXTERNAL]|Bytes:12
18:30:07.0 (19532312)|METHOD_ENTRY|[11]|01p3l00000EBsec|BatchUpdateCaseGestorBO.BatchUpdateCaseGestorBO()
18:30:07.0 (19540253)|STATEMENT_EXECUTE|[11]
18:30:07.0 (19548686)|STATEMENT_EXECUTE|[11]
18:30:07.0 (19553823)|METHOD_EXIT|[11]|BatchUpdateCaseGestorBO
18:30:07.0 (19557559)|HEAP_ALLOCATE|[EXTERNAL]|Bytes:20
18:30:07.0 (19560409)|HEAP_ALLOCATE|[EXTERNAL]|Bytes:12
18:30:07.0 (19570901)|VARIABLE_SCOPE_BEGIN|[108]|this|BatchUpdateCaseGestorBO|true|false
18:30:07.0 (19629100)|VARIABLE_ASSIGNMENT|[108]|this|{"idQueueFraudesCredito":"00G3l000004HYBREA4","intCallMSAttempts":3,"lstRecordTypesBO":"0x69d591d9","lstRequestsWithError":"0x3ab59bdd"}|0x287f566c
18:30:07.0 (19633586)|VARIABLE_SCOPE_BEGIN|[108]|BC|Database.BatchableContext|true|false
18:30:07.0 (19702694)|VARIABLE_ASSIGNMENT|[108]|BC|{"jobId":"707RQ00001vVqr7YAC"}|0x655ead3a
18:30:07.0 (19711019)|STATEMENT_EXECUTE|[108]
18:30:07.0 (19770026)|STATEMENT_EXECUTE|[111]
18:30:07.38 (38086876)|CUMULATIVE_LIMIT_USAGE
18:30:07.38 (38086876)|LIMIT_USAGE_FOR_NS|(default)|
  Number of SOQL queries: 0 out of 200
  Number of query rows: 0 out of 50000
  Number of SOSL queries: 0 out of 20
  Number of DML statements: 0 out of 150
  Number of Publish Immediate DML: 0 out of 150
  Number of DML rows: 0 out of 10000
  Maximum CPU time: 0 out of 60000
  Maximum heap size: 0 out of 12000000
  Number of callouts: 0 out of 0
  Number of Email Invocations: 0 out of 10
  Number of future calls: 0 out of 0
  Number of queueable jobs added to the queue: 0 out of 1
  Number of Mobile Apex push calls: 0 out of 10

18:30:07.38 (38086876)|CUMULATIVE_LIMIT_USAGE_END

18:30:07.0 (38204228)|CODE_UNIT_FINISHED|BatchUpdateCaseGestorBO
18:30:07.0 (38225583)|EXECUTION_FINISHED
