66.0 APEX_CODE,FINEST;APEX_PROFILING,INFO;CALLOUT,INFO;DATA_ACCESS,INFO;DB,INFO;NBA,INFO;SYSTEM,DEBUG;VALIDATION,INFO;VISUALFORCE,INFO;WAVE,INFO;WORKFLOW,INFO
14:50:37.0 (179279)|USER_INFO|[EXTERNAL]|0051N000005gvau|etrevinofalabella@izeicg.com.uat|(GMT-06:00) Central Standard Time (America/Mexico_City)|GMT-06:00
14:50:37.0 (218931)|EXECUTION_STARTED
14:50:37.0 (228314)|CODE_UNIT_STARTED|[EXTERNAL]|apex://SendOTPController/ACTION$getCustomerByCaseId
14:50:37.0 (3279239)|CODE_UNIT_STARTED|[EXTERNAL]|01p1N000005h4aa|SendOTPController.getCustomerByCaseId(String)
14:50:37.0 (3457269)|HEAP_ALLOCATE|[95]|Bytes:3
14:50:37.0 (3574002)|HEAP_ALLOCATE|[100]|Bytes:152
14:50:37.0 (3587281)|HEAP_ALLOCATE|[417]|Bytes:408
14:50:37.0 (3598538)|HEAP_ALLOCATE|[430]|Bytes:408
14:50:37.0 (3622078)|HEAP_ALLOCATE|[317]|Bytes:6
14:50:37.0 (3674168)|HEAP_ALLOCATE|[EXTERNAL]|Bytes:21
14:50:37.0 (3677628)|HEAP_ALLOCATE|[EXTERNAL]|Bytes:55
14:50:37.0 (3686690)|METHOD_ENTRY|[1]|01p1N000005h4aa|SendOTPController.SendOTPController()
14:50:37.0 (3692078)|STATEMENT_EXECUTE|[1]
14:50:37.0 (3698823)|STATEMENT_EXECUTE|[1]
14:50:37.0 (3702593)|METHOD_EXIT|[1]|SendOTPController
14:50:37.0 (3706265)|HEAP_ALLOCATE|[EXTERNAL]|Bytes:18
14:50:37.0 (3712330)|VARIABLE_SCOPE_BEGIN|[4]|caseId|String|false|false
14:50:37.0 (3816358)|VARIABLE_ASSIGNMENT|[4]|caseId|"5000v000003xMk9AAE"
14:50:37.0 (3827518)|STATEMENT_EXECUTE|[4]
14:50:37.0 (3830891)|STATEMENT_EXECUTE|[7]
14:50:37.0 (3832664)|STATEMENT_EXECUTE|[11]
14:50:37.0 (3834861)|HEAP_ALLOCATE|[11]|Bytes:46
14:50:37.0 (3865980)|HEAP_ALLOCATE|[11]|Bytes:4
14:50:37.0 (3877858)|HEAP_ALLOCATE|[11]|Bytes:7
14:50:37.0 (3913623)|HEAP_ALLOCATE|[68]|Bytes:5
14:50:37.0 (3936230)|HEAP_ALLOCATE|[74]|Bytes:5
14:50:37.0 (3940762)|HEAP_ALLOCATE|[82]|Bytes:7
14:50:37.0 (5580314)|SOQL_EXECUTE_BEGIN|[11]|Aggregations:0|SELECT AccountId FROM Case WHERE Id = :tmpVar1
14:50:37.0 (11400632)|SOQL_EXECUTE_END|[11]|Rows:1
14:50:37.0 (11435874)|HEAP_ALLOCATE|[11]|Bytes:8
14:50:37.0 (11460528)|HEAP_ALLOCATE|[11]|Bytes:60
14:50:37.0 (11646863)|HEAP_ALLOCATE|[11]|Bytes:8
14:50:37.0 (11671296)|HEAP_ALLOCATE|[11]|Bytes:30
14:50:37.0 (11758964)|HEAP_ALLOCATE|[11]|Bytes:12
14:50:37.0 (11766227)|VARIABLE_SCOPE_BEGIN|[11]|c|Case|true|false
14:50:37.0 (11853740)|VARIABLE_ASSIGNMENT|[11]|c|{"AccountId":"0010v00000KlWodAAF","Id":"5000v000003xMk9AAE"}|0x2386a931
14:50:37.0 (11860530)|STATEMENT_EXECUTE|[14]
14:50:37.0 (11862822)|HEAP_ALLOCATE|[14]|Bytes:178
14:50:37.0 (11878732)|HEAP_ALLOCATE|[14]|Bytes:4
14:50:37.0 (13850617)|SOQL_EXECUTE_BEGIN|[14]|Aggregations:1|SELECT Id, Name, Fecha_de_nacimiento1__c, PersonMobilePhone, Oficina__c, PersonContactId, CURP__c, (SELECT N_mero_de_tarjeta__c FROM Tarjetas__r) FROM Account WHERE Id = :tmpVar1
14:50:37.0 (25252739)|SOQL_EXECUTE_END|[14]|Rows:1
14:50:37.0 (25304882)|HEAP_ALLOCATE|[14]|Bytes:8
14:50:37.0 (25336887)|HEAP_ALLOCATE|[14]|Bytes:318
14:50:37.0 (25471223)|HEAP_ALLOCATE|[14]|Bytes:8
14:50:37.0 (25501535)|HEAP_ALLOCATE|[14]|Bytes:33
14:50:37.0 (25599186)|HEAP_ALLOCATE|[14]|Bytes:36
14:50:37.0 (25607863)|VARIABLE_SCOPE_BEGIN|[14]|acc|Account|true|false
14:50:37.0 (26048887)|VARIABLE_ASSIGNMENT|[14]|acc|{"Oficina__c":"1","Tarjetas__r":[{"Account__c":"0010v00000KlWodAAF","N_mero_de_tarjeta__c":"627180******6134","Id":"a010v000003LuSHAA0"}],"CURP__c":"FERM900101MASRDI09","Fecha_de_nacimiento1__c":"1990-01-01T00:00:00.000Z","PersonContactId":"0030v00000Em6HNAAZ","PersonMobilePhone":"8126878636","Id":"0010v00000KlWodAAF","Name":"Gonzalo Rios RODRIGU (2 more) ..."}|0x2f058f61
14:50:37.0 (26064032)|STATEMENT_EXECUTE|[18]
14:50:37.26 (26123845)|CUMULATIVE_LIMIT_USAGE
14:50:37.26 (26123845)|LIMIT_USAGE_FOR_NS|(default)|
  Number of SOQL queries: 2 out of 100
  Number of query rows: 3 out of 50000
  Number of SOSL queries: 0 out of 20
  Number of DML statements: 0 out of 150
  Number of Publish Immediate DML: 0 out of 150
  Number of DML rows: 0 out of 10000
  Maximum CPU time: 0 out of 10000
  Maximum heap size: 0 out of 6000000
  Number of callouts: 0 out of 100
  Number of Email Invocations: 0 out of 10
  Number of future calls: 0 out of 50
  Number of queueable jobs added to the queue: 0 out of 50
  Number of Mobile Apex push calls: 0 out of 10

14:50:37.26 (26123845)|CUMULATIVE_LIMIT_USAGE_END

14:50:37.0 (26151740)|CODE_UNIT_FINISHED|SendOTPController.getCustomerByCaseId(String)
14:50:37.0 (26395379)|CODE_UNIT_FINISHED|apex://SendOTPController/ACTION$getCustomerByCaseId
14:50:37.0 (26399768)|EXECUTION_FINISHED
