66.0 APEX_CODE,FINEST;APEX_PROFILING,INFO;CALLOUT,INFO;DATA_ACCESS,INFO;DB,INFO;NBA,INFO;SYSTEM,DEBUG;VALIDATION,INFO;VISUALFORCE,INFO;WAVE,INFO;WORKFLOW,INFO
11:22:01.0 (172605)|USER_INFO|[EXTERNAL]|0050v0000034lag|albeltransa@falabella.com.mx.admin.uat|(GMT-06:00) Central Standard Time (America/Mexico_City)|GMT-06:00
11:22:01.0 (208875)|EXECUTION_STARTED
11:22:01.0 (241156)|CODE_UNIT_STARTED|[EXTERNAL]|apex://AuthenticateCampaniasController/ACTION$obtenerCampaignsCliente
11:22:01.0 (3510611)|CODE_UNIT_STARTED|[EXTERNAL]|01p0v000003MXir|AuthenticateCampaniasController.obtenerCampaignsCliente(String)
11:22:01.0 (3844528)|HEAP_ALLOCATE|[95]|Bytes:3
11:22:01.0 (3920216)|HEAP_ALLOCATE|[100]|Bytes:152
11:22:01.0 (3933578)|HEAP_ALLOCATE|[417]|Bytes:408
11:22:01.0 (3943761)|HEAP_ALLOCATE|[430]|Bytes:408
11:22:01.0 (3962544)|HEAP_ALLOCATE|[317]|Bytes:6
11:22:01.0 (3972019)|HEAP_ALLOCATE|[EXTERNAL]|Bytes:5
11:22:01.0 (3975392)|HEAP_ALLOCATE|[EXTERNAL]|Bytes:5
11:22:01.0 (3984455)|METHOD_ENTRY|[12]|01p0v000003MXir|AuthenticateCampaniasController.AuthenticateCampaniasController()
11:22:01.0 (3988843)|STATEMENT_EXECUTE|[12]
11:22:01.0 (3994521)|STATEMENT_EXECUTE|[12]
11:22:01.0 (3997573)|METHOD_EXIT|[12]|AuthenticateCampaniasController
11:22:01.0 (4001439)|HEAP_ALLOCATE|[EXTERNAL]|Bytes:15
11:22:01.0 (4009127)|VARIABLE_SCOPE_BEGIN|[21]|personId|String|false|false
11:22:01.0 (4052578)|VARIABLE_ASSIGNMENT|[21]|personId|"0030v00000H4dHR"
11:22:01.0 (4059978)|STATEMENT_EXECUTE|[21]
11:22:01.0 (4060729)|STATEMENT_EXECUTE|[23]
11:22:01.0 (4062454)|HEAP_ALLOCATE|[23]|Bytes:73
11:22:01.0 (4079276)|HEAP_ALLOCATE|[23]|Bytes:4
11:22:01.0 (4087784)|HEAP_ALLOCATE|[23]|Bytes:7
11:22:01.0 (4089746)|HEAP_ALLOCATE|[24]|Bytes:26
11:22:01.0 (4116531)|HEAP_ALLOCATE|[68]|Bytes:5
11:22:01.0 (4135703)|HEAP_ALLOCATE|[74]|Bytes:5
11:22:01.0 (4140662)|HEAP_ALLOCATE|[82]|Bytes:7
11:22:01.0 (5527337)|SOQL_EXECUTE_BEGIN|[23]|Aggregations:0|SELECT Limite__c FROM Limites__mdt WHERE DeveloperName = :tmpVar1 LIMIT 1
11:22:01.0 (11430539)|SOQL_EXECUTE_END|[23]|Rows:1
11:22:01.0 (11463356)|HEAP_ALLOCATE|[23]|Bytes:8
11:22:01.0 (11489836)|HEAP_ALLOCATE|[23]|Bytes:78
11:22:01.0 (11598145)|HEAP_ALLOCATE|[23]|Bytes:8
11:22:01.0 (11618845)|HEAP_ALLOCATE|[23]|Bytes:38
11:22:01.0 (11703077)|HEAP_ALLOCATE|[23]|Bytes:12
11:22:01.0 (11714891)|VARIABLE_SCOPE_BEGIN|[23]|maxCampaign|Limites__mdt|true|false
11:22:01.0 (11811232)|VARIABLE_ASSIGNMENT|[23]|maxCampaign|{"Limite__c":10.0,"Id":"m0C0v00000092GqEAI"}|0x14a08dba
11:22:01.0 (11822404)|STATEMENT_EXECUTE|[26]
11:22:01.0 (12197374)|VARIABLE_SCOPE_BEGIN|[26]|limitCampaign|Integer|false|false
11:22:01.0 (12205322)|HEAP_ALLOCATE|[26]|Bytes:4
11:22:01.0 (12246624)|VARIABLE_ASSIGNMENT|[26]|limitCampaign|10
11:22:01.0 (12254283)|STATEMENT_EXECUTE|[27]
11:22:01.0 (12262955)|HEAP_ALLOCATE|[27]|Bytes:341
11:22:01.0 (12288402)|HEAP_ALLOCATE|[27]|Bytes:4
11:22:01.0 (12325212)|HEAP_ALLOCATE|[27]|Bytes:7
11:22:01.0 (12392685)|HEAP_ALLOCATE|[31]|Bytes:4
11:22:01.0 (12428202)|HEAP_ALLOCATE|[27]|Bytes:7
11:22:01.0 (12456309)|HEAP_ALLOCATE|[32]|Bytes:4
11:22:01.0 (12472953)|HEAP_ALLOCATE|[27]|Bytes:7
11:22:01.0 (12477986)|HEAP_ALLOCATE|[27]|Bytes:4
11:22:01.0 (17002075)|SOQL_EXECUTE_BEGIN|[27]|Aggregations:0|SELECT Campaign.Name, Campaign.Id, Campaign.StartDate, Campaign.EndDate, Campaign.Description, Campaign.Tipo_Campa_a__c, Status FROM CampaignMember WHERE (LeadOrContactId = :tmpVar1 AND Campaign.IsActive = TRUE AND Campaign.StartDate <= :tmpVar2 AND Campaign.EndDate >= :tmpVar3) ORDER BY Campaign.Prioridad__c ASC NULLS FIRST LIMIT :tmpVar4
11:22:01.0 (32263883)|SOQL_EXECUTE_END|[27]|Rows:0
11:22:01.0 (32321769)|HEAP_ALLOCATE|[27]|Bytes:4
11:22:01.0 (32337105)|HEAP_ALLOCATE|[27]|Bytes:0
11:22:01.0 (32411132)|HEAP_ALLOCATE|[27]|Bytes:4
11:22:01.0 (32433623)|VARIABLE_SCOPE_BEGIN|[27]|result|List<CampaignMember>|true|false
11:22:01.0 (32463890)|VARIABLE_ASSIGNMENT|[27]|result|[]|0x7f507b67
11:22:01.0 (32470678)|STATEMENT_EXECUTE|[36]
11:22:01.32 (32537829)|CUMULATIVE_LIMIT_USAGE
11:22:01.32 (32537829)|LIMIT_USAGE_FOR_NS|(default)|
  Number of SOQL queries: 1 out of 100
  Number of query rows: 1 out of 50000
  Number of SOSL queries: 0 out of 20
  Number of DML statements: 0 out of 150
  Number of Publish Immediate DML: 0 out of 150
  Number of DML rows: 0 out of 10000
  Maximum CPU time: 0 out of 10000
  Maximum heap size: 0 out of 6000000
  Number of callouts: 0 out of 100
  Number of Email Invocations: 0 out of 10
  Number of future calls: 0 out of 50
  Number of queueable jobs added to the queue: 0 out of 50
  Number of Mobile Apex push calls: 0 out of 10

11:22:01.32 (32537829)|CUMULATIVE_LIMIT_USAGE_END

11:22:01.0 (32563538)|CODE_UNIT_FINISHED|AuthenticateCampaniasController.obtenerCampaignsCliente(String)
11:22:01.0 (32805977)|CODE_UNIT_FINISHED|apex://AuthenticateCampaniasController/ACTION$obtenerCampaignsCliente
11:22:01.0 (32811344)|EXECUTION_FINISHED
