52.0 APEX_CODE,FINEST;APEX_PROFILING,INFO;CALLOUT,INFO;DATA_ACCESS,INFO;DB,INFO;NBA,INFO;SYSTEM,DEBUG;VALIDATION,INFO;VISUALFORCE,INFO;WAVE,INFO;WORKFLOW,INFO
17:54:00.0 (314255)|USER_INFO|[EXTERNAL]|0051N000008bAK9|contingenciafalabella@falabella.com.mx|(GMT-06:00) Central Standard Time (America/Mexico_City)|GMT-06:00
17:54:00.0 (414339)|EXECUTION_STARTED
17:54:00.0 (445521)|CODE_UNIT_STARTED|[EXTERNAL]|01p3l00000EBsek|BatchUpdateCaseGestorBOs min54
17:54:00.0 (7004217)|HEAP_ALLOCATE|[95]|Bytes:3
17:54:00.0 (7116517)|HEAP_ALLOCATE|[100]|Bytes:152
17:54:00.0 (7131782)|HEAP_ALLOCATE|[417]|Bytes:408
17:54:00.0 (7142625)|HEAP_ALLOCATE|[430]|Bytes:408
17:54:00.0 (7161931)|HEAP_ALLOCATE|[317]|Bytes:6
17:54:00.0 (7175636)|HEAP_ALLOCATE|[EXTERNAL]|Bytes:3
17:54:00.0 (7270629)|SYSTEM_METHOD_ENTRY|[1]|SchedulableContextImpl.SchedulableContextImpl()
17:54:00.0 (7290693)|STATEMENT_EXECUTE|[1]
17:54:00.0 (7313568)|SYSTEM_METHOD_EXIT|[1]|SchedulableContextImpl
17:54:00.0 (7319270)|HEAP_ALLOCATE|[EXTERNAL]|Bytes:8
17:54:00.0 (7322149)|HEAP_ALLOCATE|[EXTERNAL]|Bytes:4
17:54:00.0 (7338118)|VARIABLE_SCOPE_BEGIN|[4]|this|System.SchedulableContextImpl|true|false
17:54:00.0 (7450373)|VARIABLE_ASSIGNMENT|[4]|this|{}|0xd44a9ab
17:54:00.0 (7453881)|VARIABLE_SCOPE_BEGIN|[4]|triggerId|Id|false|false
17:54:00.0 (7558523)|VARIABLE_ASSIGNMENT|[4]|triggerId|"08e3l000048VPUoAAO"
17:54:00.0 (8630309)|HEAP_ALLOCATE|[EXTERNAL]|Bytes:2
17:54:00.0 (8653489)|METHOD_ENTRY|[11]|01p3l00000EBsek|ScheduleBatchUpdateCaseGestorBO.ScheduleBatchUpdateCaseGestorBO()
17:54:00.0 (8665849)|STATEMENT_EXECUTE|[11]
17:54:00.0 (8671838)|STATEMENT_EXECUTE|[11]
17:54:00.0 (8675833)|METHOD_EXIT|[11]|ScheduleBatchUpdateCaseGestorBO
17:54:00.0 (8683338)|HEAP_ALLOCATE|[EXTERNAL]|Bytes:4
17:54:00.0 (8685296)|HEAP_ALLOCATE|[EXTERNAL]|Bytes:8
17:54:00.0 (8693213)|VARIABLE_SCOPE_BEGIN|[13]|this|ScheduleBatchUpdateCaseGestorBO|true|false
17:54:00.0 (8713087)|VARIABLE_ASSIGNMENT|[13]|this|{}|0x8b991ea
17:54:00.0 (8716231)|VARIABLE_SCOPE_BEGIN|[13]|SC|System.SchedulableContext|true|false
17:54:00.0 (8767902)|VARIABLE_ASSIGNMENT|[13]|SC|{"triggerId":"08e3l000048VPUoAAO"}|0xd44a9ab
17:54:00.0 (8775399)|STATEMENT_EXECUTE|[13]
17:54:00.0 (8776602)|STATEMENT_EXECUTE|[15]
17:54:00.0 (8882117)|HEAP_ALLOCATE|[15]|Bytes:99
17:54:00.0 (8886899)|HEAP_ALLOCATE|[15]|Bytes:12
17:54:00.0 (8956833)|METHOD_ENTRY|[11]|01p3l00000EBsec|BatchUpdateCaseGestorBO.BatchUpdateCaseGestorBO()
17:54:00.0 (8964769)|STATEMENT_EXECUTE|[11]
17:54:00.0 (8967764)|STATEMENT_EXECUTE|[11]
17:54:00.0 (8971187)|METHOD_EXIT|[11]|BatchUpdateCaseGestorBO
17:54:00.0 (8976957)|HEAP_ALLOCATE|[15]|Bytes:20
17:54:00.0 (9073477)|CONSTRUCTOR_ENTRY|[15]|01p3l00000EBsec|<init>()|BatchUpdateCaseGestorBO
17:54:00.0 (9159176)|VARIABLE_SCOPE_BEGIN|[22]|this|BatchUpdateCaseGestorBO|true|false
17:54:00.0 (9191439)|VARIABLE_ASSIGNMENT|[22]|this|{}|0x3957fc41
17:54:00.0 (9200404)|STATEMENT_EXECUTE|[11]
17:54:00.0 (9202003)|STATEMENT_EXECUTE|[13]
17:54:00.0 (9204007)|STATEMENT_EXECUTE|[14]
17:54:00.0 (9205641)|STATEMENT_EXECUTE|[17]
17:54:00.0 (9329920)|VARIABLE_SCOPE_BEGIN|[34]|Constants.APPROVAL_PROCESS_BO_UPDATE_MOBILE|String|false|true
17:54:00.0 (9342625)|VARIABLE_SCOPE_BEGIN|[63]|Constants.BATCH_BACKOFFICE_EMAIL_ADDRESS|String|false|true
17:54:00.0 (9346535)|VARIABLE_SCOPE_BEGIN|[64]|Constants.BATCH_BACKOFFICE_NUMBER_ATTEMPTS|String|false|true
17:54:00.0 (9350318)|VARIABLE_SCOPE_BEGIN|[33]|Constants.CUSTOM_NOTIFICATION_BO|String|false|true
17:54:00.0 (9354044)|VARIABLE_SCOPE_BEGIN|[19]|Constants.EMBOCE_CENTRALIZADO_VALIDACION_DIAS_SUBCATEGORIAS|String|false|true
17:54:00.0 (9357685)|VARIABLE_SCOPE_BEGIN|[15]|Constants.EMBOCE_CENTRALIZADO_VALOR_CREACION_DE_CASOS|String|false|true
17:54:00.0 (9361328)|VARIABLE_SCOPE_BEGIN|[85]|Constants.ESTAFETA_ENDPOINT_CUSTSHIPMENTTRACKING|String|false|true
17:54:00.0 (9365216)|VARIABLE_SCOPE_BEGIN|[84]|Constants.ESTAFETA_ENDPOINT_TOKEN|String|false|true
17:54:00.0 (9368845)|VARIABLE_SCOPE_BEGIN|[88]|Constants.ESTAFETA_FILTERTYPE|String|false|true
17:54:00.0 (9372815)|VARIABLE_SCOPE_BEGIN|[89]|Constants.ESTAFETA_HISTORYTYPE|String|false|true
17:54:00.0 (9376755)|VARIABLE_SCOPE_BEGIN|[86]|Constants.ESTAFETA_SEARCHTYPE|String|false|true
17:54:00.0 (9380428)|VARIABLE_SCOPE_BEGIN|[87]|Constants.ESTAFETA_WAYBILLTYPE|String|false|true
17:54:00.0 (9384211)|VARIABLE_SCOPE_BEGIN|[76]|Constants.HTTP_ACCEPT|String|false|true
17:54:00.0 (9387849)|VARIABLE_SCOPE_BEGIN|[78]|Constants.HTTP_APIKEY|String|false|true
17:54:00.0 (9391658)|VARIABLE_SCOPE_BEGIN|[77]|Constants.HTTP_APP_JSON|String|false|true
17:54:00.0 (9395499)|VARIABLE_SCOPE_BEGIN|[75]|Constants.HTTP_APP_URLENCODED|String|false|true
17:54:00.0 (9691768)|VARIABLE_SCOPE_BEGIN|[79]|Constants.HTTP_AUTHORIZATION|String|false|true
17:54:00.0 (9695877)|VARIABLE_SCOPE_BEGIN|[80]|Constants.HTTP_BEARER|String|false|true
17:54:00.0 (9699641)|VARIABLE_SCOPE_BEGIN|[69]|Constants.HTTP_CLIENT_CREDENTIALS|String|false|true
17:54:00.0 (9703660)|VARIABLE_SCOPE_BEGIN|[72]|Constants.HTTP_CLIENT_ID|String|false|true
17:54:00.0 (9707737)|VARIABLE_SCOPE_BEGIN|[73]|Constants.HTTP_CLIENT_SECRET|String|false|true
17:54:00.0 (9711560)|VARIABLE_SCOPE_BEGIN|[74]|Constants.HTTP_CONTENT_TYPE|String|false|true
17:54:00.0 (9720496)|VARIABLE_SCOPE_BEGIN|[71]|Constants.HTTP_EXECUTE|String|false|true
17:54:00.0 (9724697)|VARIABLE_SCOPE_BEGIN|[68]|Constants.HTTP_GRANT_TYPE|String|false|true
17:54:00.0 (9728782)|VARIABLE_SCOPE_BEGIN|[67]|Constants.HTTP_METHOD_POST|String|false|true
17:54:00.0 (9732840)|VARIABLE_SCOPE_BEGIN|[70]|Constants.HTTP_SCOPE|String|false|true
17:54:00.0 (9736950)|VARIABLE_SCOPE_BEGIN|[81]|Constants.HTTP_TIMEOUT|String|false|true
17:54:00.0 (9747975)|VARIABLE_SCOPE_BEGIN|[41]|Constants.MAP_MONTHS|Map<Integer,String>|true|true
17:54:00.0 (9752277)|VARIABLE_SCOPE_BEGIN|[57]|Constants.MS_INCODE_DASHBOARD_URL|String|false|true
17:54:00.0 (9756493)|VARIABLE_SCOPE_BEGIN|[38]|Constants.MS_SENDNOTIFICATION_CODIGO_AREA_MX|String|false|true
17:54:00.0 (9760662)|VARIABLE_SCOPE_BEGIN|[39]|Constants.MS_SENDNOTIFICATION_FIGITAL_SMS_APROBADO_1|String|false|true
17:54:00.0 (9765058)|VARIABLE_SCOPE_BEGIN|[40]|Constants.MS_SENDNOTIFICATION_FIGITAL_SMS_RECHAZO|String|false|true
17:54:00.0 (9769247)|VARIABLE_SCOPE_BEGIN|[37]|Constants.MS_SENDNOTIFICATION_TIPO_SMS|String|false|true
17:54:00.0 (9773429)|VARIABLE_SCOPE_BEGIN|[28]|Constants.PATH_CAN_TIT_MOTIVOS_DE_RETENCION_PERMITIDOS_N_VECES|String|false|true
17:54:00.0 (9777890)|VARIABLE_SCOPE_BEGIN|[21]|Constants.QUEUE_BACK_OFFICE_CASE_CALL_CENTER|String|false|true
17:54:00.0 (9782286)|VARIABLE_SCOPE_BEGIN|[32]|Constants.QUEUE_BO_COORDINADORES_APPROVAL_NOTIFICATION|String|false|true
17:54:00.0 (9786742)|VARIABLE_SCOPE_BEGIN|[24]|Constants.REGLA_DOCUMENTACION_ARCHINO_NO_VALIDO|String|false|true
17:54:00.0 (9791419)|VARIABLE_SCOPE_BEGIN|[23]|Constants.REGLA_DOCUMENTACION_ARCHIVOS_PERMITIDOS|String|false|true
17:54:00.0 (9795734)|VARIABLE_SCOPE_BEGIN|[22]|Constants.REGLA_DOCUMENTACION_MENSAJE_ERROR|String|false|true
17:54:00.0 (9800007)|VARIABLE_SCOPE_BEGIN|[60]|Constants.REPORTE_BACKOFFICE_PAGINATION_NUMBER_OF_RECORDS|String|false|true
17:54:00.0 (9804454)|VARIABLE_SCOPE_BEGIN|[20]|Constants.RETENCION_TITULAR_QUEUE_ACLARACIONES|String|false|true
17:54:00.0 (9827320)|METHOD_ENTRY|[12]|01p3l00000EBqyn|Constants.Constants()
17:54:00.0 (9833265)|STATEMENT_EXECUTE|[12]
17:54:00.0 (9837287)|STATEMENT_EXECUTE|[12]
17:54:00.0 (9838507)|STATEMENT_EXECUTE|[15]
17:54:00.0 (9843063)|HEAP_ALLOCATE|[15]|Bytes:43
17:54:00.0 (9864392)|HEAP_ALLOCATE|[68]|Bytes:5
17:54:00.0 (9887507)|HEAP_ALLOCATE|[74]|Bytes:5
17:54:00.0 (9892222)|HEAP_ALLOCATE|[82]|Bytes:7
17:54:00.0 (13748621)|HEAP_ALLOCATE|[15]|Bytes:3
17:54:00.0 (13821987)|VARIABLE_ASSIGNMENT|[15]|Constants.EMBOCE_CENTRALIZADO_VALOR_CREACION_DE_CASOS|"014"
17:54:00.0 (13834725)|STATEMENT_EXECUTE|[19]
17:54:00.0 (13838449)|HEAP_ALLOCATE|[19]|Bytes:49
17:54:00.0 (13868043)|HEAP_ALLOCATE|[19]|Bytes:1
17:54:00.0 (13884700)|VARIABLE_ASSIGNMENT|[19]|Constants.EMBOCE_CENTRALIZADO_VALIDACION_DIAS_SUBCATEGORIAS|"0"
17:54:00.0 (13891967)|STATEMENT_EXECUTE|[20]
17:54:00.0 (13894887)|HEAP_ALLOCATE|[20]|Bytes:36
17:54:00.0 (13911352)|HEAP_ALLOCATE|[20]|Bytes:18
17:54:00.0 (13940266)|VARIABLE_ASSIGNMENT|[20]|Constants.RETENCION_TITULAR_QUEUE_ACLARACIONES|"Aclaraciones_Corto"
17:54:00.0 (13945732)|STATEMENT_EXECUTE|[21]
17:54:00.0 (13948123)|HEAP_ALLOCATE|[21]|Bytes:34
17:54:00.0 (13959226)|HEAP_ALLOCATE|[21]|Bytes:19
17:54:00.0 (13971717)|VARIABLE_ASSIGNMENT|[21]|Constants.QUEUE_BACK_OFFICE_CASE_CALL_CENTER|"Atenci_n_BackOffice"
17:54:00.0 (13975357)|STATEMENT_EXECUTE|[22]
17:54:00.0 (13977065)|HEAP_ALLOCATE|[22]|Bytes:33
17:54:00.0 (13984396)|HEAP_ALLOCATE|[22]|Bytes:36
17:54:00.0 (13998384)|VARIABLE_ASSIGNMENT|[22]|Constants.REGLA_DOCUMENTACION_MENSAJE_ERROR|"Es necesario anexar  (16 more) ..."
17:54:00.0 (14006686)|STATEMENT_EXECUTE|[23]
17:54:00.0 (14010755)|HEAP_ALLOCATE|[23]|Bytes:39
17:54:00.0 (14029088)|HEAP_ALLOCATE|[23]|Bytes:4
17:54:00.0 (14042063)|VARIABLE_ASSIGNMENT|[23]|Constants.REGLA_DOCUMENTACION_ARCHIVOS_PERMITIDOS|"null"
17:54:00.0 (14047918)|STATEMENT_EXECUTE|[24]
17:54:00.0 (14050682)|HEAP_ALLOCATE|[24]|Bytes:37
17:54:00.0 (14067188)|HEAP_ALLOCATE|[24]|Bytes:39
17:54:00.0 (14083987)|VARIABLE_ASSIGNMENT|[24]|Constants.REGLA_DOCUMENTACION_ARCHINO_NO_VALIDO|"Es necesario anexar  (19 more) ..."
17:54:00.0 (14089316)|STATEMENT_EXECUTE|[28]
17:54:00.0 (14091271)|HEAP_ALLOCATE|[28]|Bytes:52
17:54:00.0 (14100905)|HEAP_ALLOCATE|[28]|Bytes:28
17:54:00.0 (14110602)|VARIABLE_ASSIGNMENT|[28]|Constants.PATH_CAN_TIT_MOTIVOS_DE_RETENCION_PERMITIDOS_N_VECES|"Asesoría producto;Be (8 more) ..."
17:54:00.0 (14115217)|STATEMENT_EXECUTE|[32]
17:54:00.0 (14116796)|HEAP_ALLOCATE|[32]|Bytes:44
17:54:00.0 (14123842)|HEAP_ALLOCATE|[32]|Bytes:21
17:54:00.0 (14132386)|VARIABLE_ASSIGNMENT|[32]|Constants.QUEUE_BO_COORDINADORES_APPROVAL_NOTIFICATION|"Riesgos_Coordinadore (1 more) ..."
17:54:00.0 (14135797)|STATEMENT_EXECUTE|[33]
17:54:00.0 (14137417)|HEAP_ALLOCATE|[33]|Bytes:22
17:54:00.0 (14144207)|HEAP_ALLOCATE|[33]|Bytes:26
17:54:00.0 (14151601)|VARIABLE_ASSIGNMENT|[33]|Constants.CUSTOM_NOTIFICATION_BO|"Aprobacion_de_Cupo_R (6 more) ..."
17:54:00.0 (14155349)|STATEMENT_EXECUTE|[34]
17:54:00.0 (14157005)|HEAP_ALLOCATE|[34]|Bytes:33
17:54:00.0 (14163641)|HEAP_ALLOCATE|[34]|Bytes:16
17:54:00.0 (14170407)|VARIABLE_ASSIGNMENT|[34]|Constants.APPROVAL_PROCESS_BO_UPDATE_MOBILE|"BO_Update_Mobile"
17:54:00.0 (14174779)|STATEMENT_EXECUTE|[37]
17:54:00.0 (14196718)|HEAP_ALLOCATE|[37]|Bytes:28
17:54:00.0 (14204264)|HEAP_ALLOCATE|[37]|Bytes:3
17:54:00.0 (14212321)|VARIABLE_ASSIGNMENT|[37]|Constants.MS_SENDNOTIFICATION_TIPO_SMS|"SMS"
17:54:00.0 (14215233)|STATEMENT_EXECUTE|[38]
17:54:00.0 (14216638)|HEAP_ALLOCATE|[38]|Bytes:34
17:54:00.0 (14221371)|HEAP_ALLOCATE|[38]|Bytes:3
17:54:00.0 (14226263)|VARIABLE_ASSIGNMENT|[38]|Constants.MS_SENDNOTIFICATION_CODIGO_AREA_MX|"521"
17:54:00.0 (14228649)|STATEMENT_EXECUTE|[39]
17:54:00.0 (14229760)|HEAP_ALLOCATE|[39]|Bytes:42
17:54:00.0 (14234203)|HEAP_ALLOCATE|[39]|Bytes:135
17:54:00.0 (14240462)|VARIABLE_ASSIGNMENT|[39]|Constants.MS_SENDNOTIFICATION_FIGITAL_SMS_APROBADO_1|"¡FELICIDADES! Tu TDC (115 more) ..."
17:54:00.0 (14243276)|STATEMENT_EXECUTE|[40]
17:54:00.0 (14244553)|HEAP_ALLOCATE|[40]|Bytes:39
17:54:00.0 (14248672)|HEAP_ALLOCATE|[40]|Bytes:158
17:54:00.0 (14254402)|VARIABLE_ASSIGNMENT|[40]|Constants.MS_SENDNOTIFICATION_FIGITAL_SMS_RECHAZO|"Lo sentimos, tu TDC  (138 more) ..."
17:54:00.0 (14256858)|STATEMENT_EXECUTE|[41]
17:54:00.0 (14274196)|HEAP_ALLOCATE|[41]|Bytes:4
17:54:00.0 (14288699)|HEAP_ALLOCATE|[42]|Bytes:3
17:54:00.0 (14409025)|HEAP_ALLOCATE|[41]|Bytes:4
17:54:00.0 (14425847)|HEAP_ALLOCATE|[43]|Bytes:3
17:54:00.0 (14430803)|HEAP_ALLOCATE|[41]|Bytes:4
17:54:00.0 (14434858)|HEAP_ALLOCATE|[44]|Bytes:3
17:54:00.0 (14607384)|HEAP_ALLOCATE|[41]|Bytes:4
17:54:00.0 (14613609)|HEAP_ALLOCATE|[45]|Bytes:3
17:54:00.0 (14617042)|HEAP_ALLOCATE|[41]|Bytes:4
17:54:00.0 (14620794)|HEAP_ALLOCATE|[46]|Bytes:3
17:54:00.0 (14623971)|HEAP_ALLOCATE|[41]|Bytes:4
17:54:00.0 (14627272)|HEAP_ALLOCATE|[47]|Bytes:3
17:54:00.0 (14630183)|HEAP_ALLOCATE|[41]|Bytes:4
17:54:00.0 (14632944)|HEAP_ALLOCATE|[48]|Bytes:3
17:54:00.0 (14636062)|HEAP_ALLOCATE|[41]|Bytes:4
17:54:00.0 (14639110)|HEAP_ALLOCATE|[49]|Bytes:3
17:54:00.0 (14642182)|HEAP_ALLOCATE|[41]|Bytes:4
17:54:00.0 (14644969)|HEAP_ALLOCATE|[50]|Bytes:3
17:54:00.0 (14647990)|HEAP_ALLOCATE|[41]|Bytes:4
17:54:00.0 (14650920)|HEAP_ALLOCATE|[51]|Bytes:3
17:54:00.0 (14653893)|HEAP_ALLOCATE|[41]|Bytes:4
17:54:00.0 (14656646)|HEAP_ALLOCATE|[52]|Bytes:3
17:54:00.0 (14659472)|HEAP_ALLOCATE|[41]|Bytes:4
17:54:00.0 (14662267)|HEAP_ALLOCATE|[53]|Bytes:3
17:54:00.0 (14665273)|HEAP_ALLOCATE|[41]|Bytes:4
17:54:00.0 (14694800)|VARIABLE_ASSIGNMENT|[41]|Constants.MAP_MONTHS|"Map of size 12 too large to display"|0x61459371
17:54:00.0 (14699806)|STATEMENT_EXECUTE|[57]
17:54:00.0 (14701197)|HEAP_ALLOCATE|[57]|Bytes:23
17:54:00.0 (14719342)|HEAP_ALLOCATE|[57]|Bytes:54
17:54:00.0 (14727434)|VARIABLE_ASSIGNMENT|[57]|Constants.MS_INCODE_DASHBOARD_URL|"https://dashboard.in (34 more) ..."
17:54:00.0 (14730005)|STATEMENT_EXECUTE|[60]
17:54:00.0 (14731120)|HEAP_ALLOCATE|[60]|Bytes:47
17:54:00.0 (14736606)|HEAP_ALLOCATE|[60]|Bytes:2
17:54:00.0 (14745600)|VARIABLE_ASSIGNMENT|[60]|Constants.REPORTE_BACKOFFICE_PAGINATION_NUMBER_OF_RECORDS|"50"
17:54:00.0 (14748155)|STATEMENT_EXECUTE|[63]
17:54:00.0 (14749465)|HEAP_ALLOCATE|[63]|Bytes:30
17:54:00.0 (14754506)|HEAP_ALLOCATE|[63]|Bytes:437
17:54:00.0 (14759820)|VARIABLE_ASSIGNMENT|[63]|Constants.BATCH_BACKOFFICE_EMAIL_ADDRESS|"jorodriguezca@falabe (417 more) ..."
17:54:00.0 (14762125)|STATEMENT_EXECUTE|[64]
17:54:00.0 (14763146)|HEAP_ALLOCATE|[64]|Bytes:32
17:54:00.0 (14767565)|HEAP_ALLOCATE|[64]|Bytes:1
17:54:00.0 (14771936)|VARIABLE_ASSIGNMENT|[64]|Constants.BATCH_BACKOFFICE_NUMBER_ATTEMPTS|"3"
17:54:00.0 (14778120)|STATEMENT_EXECUTE|[67]
17:54:00.0 (14779218)|HEAP_ALLOCATE|[67]|Bytes:16
17:54:00.0 (14784051)|HEAP_ALLOCATE|[67]|Bytes:4
17:54:00.0 (14789015)|VARIABLE_ASSIGNMENT|[67]|Constants.HTTP_METHOD_POST|"POST"
17:54:00.0 (14791534)|STATEMENT_EXECUTE|[68]
17:54:00.0 (14792633)|HEAP_ALLOCATE|[68]|Bytes:15
17:54:00.0 (14796993)|HEAP_ALLOCATE|[68]|Bytes:10
17:54:00.0 (14801951)|VARIABLE_ASSIGNMENT|[68]|Constants.HTTP_GRANT_TYPE|"grant_type"
17:54:00.0 (14804523)|STATEMENT_EXECUTE|[69]
17:54:00.0 (14805701)|HEAP_ALLOCATE|[69]|Bytes:23
17:54:00.0 (14810205)|HEAP_ALLOCATE|[69]|Bytes:18
17:54:00.0 (14815234)|VARIABLE_ASSIGNMENT|[69]|Constants.HTTP_CLIENT_CREDENTIALS|"client_credentials"
17:54:00.0 (14820164)|STATEMENT_EXECUTE|[70]
17:54:00.0 (14821329)|HEAP_ALLOCATE|[70]|Bytes:10
17:54:00.0 (14826275)|HEAP_ALLOCATE|[70]|Bytes:5
17:54:00.0 (14831504)|VARIABLE_ASSIGNMENT|[70]|Constants.HTTP_SCOPE|"scope"
17:54:00.0 (14833972)|STATEMENT_EXECUTE|[71]
17:54:00.0 (14835126)|HEAP_ALLOCATE|[71]|Bytes:12
17:54:00.0 (14839975)|HEAP_ALLOCATE|[71]|Bytes:7
17:54:00.0 (14844690)|VARIABLE_ASSIGNMENT|[71]|Constants.HTTP_EXECUTE|"execute"
17:54:00.0 (14847059)|STATEMENT_EXECUTE|[72]
17:54:00.0 (14848153)|HEAP_ALLOCATE|[72]|Bytes:14
17:54:00.0 (14853202)|HEAP_ALLOCATE|[72]|Bytes:9
17:54:00.0 (14857838)|VARIABLE_ASSIGNMENT|[72]|Constants.HTTP_CLIENT_ID|"client_id"
17:54:00.0 (14860163)|STATEMENT_EXECUTE|[73]
17:54:00.0 (14861462)|HEAP_ALLOCATE|[73]|Bytes:18
17:54:00.0 (14865948)|HEAP_ALLOCATE|[73]|Bytes:13
17:54:00.0 (14870585)|VARIABLE_ASSIGNMENT|[73]|Constants.HTTP_CLIENT_SECRET|"client_secret"
17:54:00.0 (14873040)|STATEMENT_EXECUTE|[74]
17:54:00.0 (14874160)|HEAP_ALLOCATE|[74]|Bytes:17
17:54:00.0 (14879900)|HEAP_ALLOCATE|[74]|Bytes:12
17:54:00.0 (14884660)|VARIABLE_ASSIGNMENT|[74]|Constants.HTTP_CONTENT_TYPE|"Content-Type"
17:54:00.0 (14887123)|STATEMENT_EXECUTE|[75]
17:54:00.0 (14888168)|HEAP_ALLOCATE|[75]|Bytes:19
17:54:00.0 (14892203)|HEAP_ALLOCATE|[75]|Bytes:33
17:54:00.0 (14897365)|VARIABLE_ASSIGNMENT|[75]|Constants.HTTP_APP_URLENCODED|"application/x-www-fo (13 more) ..."
17:54:00.0 (14899796)|STATEMENT_EXECUTE|[76]
17:54:00.0 (14901115)|HEAP_ALLOCATE|[76]|Bytes:11
17:54:00.0 (14905258)|HEAP_ALLOCATE|[76]|Bytes:6
17:54:00.0 (14909618)|VARIABLE_ASSIGNMENT|[76]|Constants.HTTP_ACCEPT|"accept"
17:54:00.0 (14911818)|STATEMENT_EXECUTE|[77]
17:54:00.0 (14912893)|HEAP_ALLOCATE|[77]|Bytes:13
17:54:00.0 (14917645)|HEAP_ALLOCATE|[77]|Bytes:16
17:54:00.0 (14922303)|VARIABLE_ASSIGNMENT|[77]|Constants.HTTP_APP_JSON|"application/json"
17:54:00.0 (14924693)|STATEMENT_EXECUTE|[78]
17:54:00.0 (14925925)|HEAP_ALLOCATE|[78]|Bytes:11
17:54:00.0 (14930430)|HEAP_ALLOCATE|[78]|Bytes:6
17:54:00.0 (14935019)|VARIABLE_ASSIGNMENT|[78]|Constants.HTTP_APIKEY|"apikey"
17:54:00.0 (14945820)|STATEMENT_EXECUTE|[79]
17:54:00.0 (14946891)|HEAP_ALLOCATE|[79]|Bytes:18
17:54:00.0 (14951258)|HEAP_ALLOCATE|[79]|Bytes:13
17:54:00.0 (14956163)|VARIABLE_ASSIGNMENT|[79]|Constants.HTTP_AUTHORIZATION|"Authorization"
17:54:00.0 (14958461)|STATEMENT_EXECUTE|[80]
17:54:00.0 (14959564)|HEAP_ALLOCATE|[80]|Bytes:11
17:54:00.0 (14963500)|HEAP_ALLOCATE|[80]|Bytes:6
17:54:00.0 (14968038)|VARIABLE_ASSIGNMENT|[80]|Constants.HTTP_BEARER|"Bearer"
17:54:00.0 (14970255)|STATEMENT_EXECUTE|[81]
17:54:00.0 (14971451)|HEAP_ALLOCATE|[81]|Bytes:12
17:54:00.0 (14975549)|HEAP_ALLOCATE|[81]|Bytes:6
17:54:00.0 (14980222)|VARIABLE_ASSIGNMENT|[81]|Constants.HTTP_TIMEOUT|"120000"
17:54:00.0 (14982820)|STATEMENT_EXECUTE|[84]
17:54:00.0 (14983749)|HEAP_ALLOCATE|[84]|Bytes:23
17:54:00.0 (14988023)|HEAP_ALLOCATE|[84]|Bytes:44
17:54:00.0 (14992864)|VARIABLE_ASSIGNMENT|[84]|Constants.ESTAFETA_ENDPOINT_TOKEN|"https://api.estafeta (24 more) ..."
17:54:00.0 (15003201)|STATEMENT_EXECUTE|[85]
17:54:00.0 (15005283)|HEAP_ALLOCATE|[85]|Bytes:38
17:54:00.0 (15009552)|HEAP_ALLOCATE|[85]|Bytes:64
17:54:00.0 (15014426)|VARIABLE_ASSIGNMENT|[85]|Constants.ESTAFETA_ENDPOINT_CUSTSHIPMENTTRACKING|"https://csrest.estaf (44 more) ..."
17:54:00.0 (15017216)|STATEMENT_EXECUTE|[86]
17:54:00.0 (15018373)|HEAP_ALLOCATE|[86]|Bytes:19
17:54:00.0 (15022762)|HEAP_ALLOCATE|[86]|Bytes:1
17:54:00.0 (15027123)|VARIABLE_ASSIGNMENT|[86]|Constants.ESTAFETA_SEARCHTYPE|"L"
17:54:00.0 (15029516)|STATEMENT_EXECUTE|[87]
17:54:00.0 (15030710)|HEAP_ALLOCATE|[87]|Bytes:20
17:54:00.0 (15034793)|HEAP_ALLOCATE|[87]|Bytes:1
17:54:00.0 (15039158)|VARIABLE_ASSIGNMENT|[87]|Constants.ESTAFETA_WAYBILLTYPE|"G"
17:54:00.0 (15041466)|STATEMENT_EXECUTE|[88]
17:54:00.0 (15042484)|HEAP_ALLOCATE|[88]|Bytes:19
17:54:00.0 (15046802)|HEAP_ALLOCATE|[88]|Bytes:9
17:54:00.0 (15051065)|VARIABLE_ASSIGNMENT|[88]|Constants.ESTAFETA_FILTERTYPE|"DELIVERED"
17:54:00.0 (15053276)|STATEMENT_EXECUTE|[89]
17:54:00.0 (15054309)|HEAP_ALLOCATE|[89]|Bytes:20
17:54:00.0 (15058601)|HEAP_ALLOCATE|[89]|Bytes:3
17:54:00.0 (15062836)|VARIABLE_ASSIGNMENT|[89]|Constants.ESTAFETA_HISTORYTYPE|"ALL"
17:54:00.0 (15104965)|METHOD_EXIT|[12]|Constants
17:54:00.0 (15172415)|HEAP_ALLOCATE|[17]|Bytes:4
17:54:00.0 (15184839)|VARIABLE_ASSIGNMENT|[17]|this.intCallMSAttempts|3|0x3957fc41
17:54:00.0 (15188692)|STATEMENT_EXECUTE|[20]
17:54:00.0 (15208344)|STATEMENT_EXECUTE|[22]
17:54:00.0 (15209527)|STATEMENT_EXECUTE|[24]
17:54:00.0 (15211047)|HEAP_ALLOCATE|[24]|Bytes:92
17:54:00.0 (15224836)|HEAP_ALLOCATE|[24]|Bytes:4
17:54:00.0 (15690573)|SOQL_EXECUTE_BEGIN|[24]|Aggregations:0|SELECT Id FROM Group WHERE (Type = 'Queue' AND DeveloperName = 'BackOffice_Credito_Fraudes')
17:54:00.0 (22787925)|SOQL_EXECUTE_END|[24]|Rows:1
17:54:00.0 (22831482)|HEAP_ALLOCATE|[24]|Bytes:8
17:54:00.0 (22850209)|HEAP_ALLOCATE|[24]|Bytes:29
17:54:00.0 (22975127)|HEAP_ALLOCATE|[24]|Bytes:8
17:54:00.0 (22994540)|HEAP_ALLOCATE|[24]|Bytes:31
17:54:00.0 (23062634)|HEAP_ALLOCATE|[24]|Bytes:8
17:54:00.0 (23116021)|HEAP_ALLOCATE|[24]|Bytes:18
17:54:00.0 (23143729)|VARIABLE_ASSIGNMENT|[24]|this.idQueueFraudesCredito|"00G3l000004HYBREA4"|0x3957fc41
17:54:00.0 (23155810)|STATEMENT_EXECUTE|[25]
17:54:00.0 (23158436)|HEAP_ALLOCATE|[25]|Bytes:4
17:54:00.0 (23620426)|HEAP_ALLOCATE|[25]|Bytes:4
17:54:00.0 (25917234)|HEAP_ALLOCATE|[25]|Bytes:408
17:54:00.0 (25958123)|HEAP_ALLOCATE|[25]|Bytes:19
17:54:00.0 (26032382)|HEAP_ALLOCATE|[25]|Bytes:4
17:54:00.0 (26040128)|HEAP_ALLOCATE|[25]|Bytes:18
17:54:00.0 (26044839)|VARIABLE_SCOPE_BEGIN|[25]|idRecordTypeCredito|String|false|false
17:54:00.0 (26067319)|VARIABLE_ASSIGNMENT|[25]|idRecordTypeCredito|"0123l000001M9F8AAK"
17:54:00.0 (26079450)|STATEMENT_EXECUTE|[26]
17:54:00.0 (26154468)|HEAP_ALLOCATE|[26]|Bytes:4
17:54:00.0 (27068444)|HEAP_ALLOCATE|[26]|Bytes:408
17:54:00.0 (27077477)|HEAP_ALLOCATE|[26]|Bytes:18
17:54:00.0 (27109835)|HEAP_ALLOCATE|[26]|Bytes:4
17:54:00.0 (27117924)|HEAP_ALLOCATE|[26]|Bytes:18
17:54:00.0 (27122884)|VARIABLE_SCOPE_BEGIN|[26]|idRecordTypeFigital|String|false|false
17:54:00.0 (27140939)|VARIABLE_ASSIGNMENT|[26]|idRecordTypeFigital|"0123l0000019LkKAAU"
17:54:00.0 (27150555)|STATEMENT_EXECUTE|[28]
17:54:00.0 (27168853)|HEAP_ALLOCATE|[28]|Bytes:4
17:54:00.0 (27275577)|HEAP_ALLOCATE|[EXTERNAL]|Bytes:12
17:54:00.0 (27293734)|VARIABLE_ASSIGNMENT|[28]|this.lstRecordTypesBO|["0123l000001M9F8AAK","0123l0000019LkKAAU"]|0x3957fc41
17:54:00.0 (27298201)|STATEMENT_EXECUTE|[30]
17:54:00.0 (27301964)|HEAP_ALLOCATE|[30]|Bytes:4
17:54:00.0 (27320851)|HEAP_ALLOCATE|[EXTERNAL]|Bytes:4
17:54:00.0 (27324103)|VARIABLE_ASSIGNMENT|[30]|this.lstRequestsWithError|[]|0x3957fc41
17:54:00.0 (27339475)|CONSTRUCTOR_EXIT|[15]|01p3l00000EBsec|<init>()|BatchUpdateCaseGestorBO
17:54:00.0 (27346211)|VARIABLE_SCOPE_BEGIN|[15]|batchApex|BatchUpdateCaseGestorBO|true|false
17:54:00.0 (27396248)|VARIABLE_ASSIGNMENT|[15]|batchApex|{"idQueueFraudesCredito":"00G3l000004HYBREA4","intCallMSAttempts":3,"lstRecordTypesBO":"0x4b430e15","lstRequestsWithError":"0x1ccd11b4"}|0x3957fc41
17:54:00.0 (27404146)|STATEMENT_EXECUTE|[16]
17:54:00.62 (62535450)|CUMULATIVE_LIMIT_USAGE
17:54:00.62 (62535450)|LIMIT_USAGE_FOR_NS|(default)|
  Number of SOQL queries: 1 out of 100
  Number of query rows: 1 out of 50000
  Number of SOSL queries: 0 out of 20
  Number of DML statements: 0 out of 150
  Number of Publish Immediate DML: 0 out of 150
  Number of DML rows: 0 out of 10000
  Maximum CPU time: 0 out of 10000
  Maximum heap size: 0 out of 6000000
  Number of callouts: 0 out of 100
  Number of Email Invocations: 0 out of 10
  Number of future calls: 0 out of 50
  Number of queueable jobs added to the queue: 0 out of 50
  Number of Mobile Apex push calls: 0 out of 10

17:54:00.62 (62535450)|CUMULATIVE_LIMIT_USAGE_END

17:54:00.0 (62711491)|CODE_UNIT_FINISHED|BatchUpdateCaseGestorBOs min54
17:54:00.0 (62738000)|EXECUTION_FINISHED
