67.0 APEX_CODE,FINEST;APEX_PROFILING,INFO;CALLOUT,INFO;DATA_ACCESS,INFO;DB,INFO;NBA,INFO;SYSTEM,DEBUG;VALIDATION,INFO;VISUALFORCE,INFO;WAVE,INFO;WORKFLOW,INFO
13:04:53.0 (198747)|USER_INFO|[EXTERNAL]|005Qg000002VBqt|jlandav@falabella.com.mx|(GMT-06:00) Central Standard Time (America/Mexico_City)|GMT-06:00
13:04:53.0 (301772)|EXECUTION_STARTED
13:04:53.0 (313094)|CODE_UNIT_STARTED|[EXTERNAL]|apex://CasosControllerExtension/ACTION$obtenerCasosCerrados
13:04:53.0 (1407109)|CODE_UNIT_STARTED|[EXTERNAL]|01p3l000005qcOV|CasosControllerExtension.obtenerCasosCerrados()
13:04:53.0 (1547486)|HEAP_ALLOCATE|[95]|Bytes:3
13:04:53.0 (1619510)|HEAP_ALLOCATE|[100]|Bytes:152
13:04:53.0 (1633310)|HEAP_ALLOCATE|[417]|Bytes:408
13:04:53.0 (1644470)|HEAP_ALLOCATE|[430]|Bytes:408
13:04:53.0 (1662709)|HEAP_ALLOCATE|[317]|Bytes:6
13:04:53.0 (1678749)|VARIABLE_SCOPE_BEGIN|[21]|CasosControllerExtension.QUEUE_CREDITO_FRAUDES|String|false|true
13:04:53.0 (1683329)|VARIABLE_SCOPE_BEGIN|[20]|CasosControllerExtension.RT_FIGITAL|String|false|true
13:04:53.0 (1686070)|VARIABLE_SCOPE_BEGIN|[19]|CasosControllerExtension.RT_RIESGOS|String|false|true
13:04:53.0 (1688907)|VARIABLE_SCOPE_BEGIN|[17]|CasosControllerExtension.ST_ASIGNADA|String|false|true
13:04:53.0 (1691691)|VARIABLE_SCOPE_BEGIN|[15]|CasosControllerExtension.ST_AUTORIZADA|String|false|true
13:04:53.0 (1694587)|VARIABLE_SCOPE_BEGIN|[18]|CasosControllerExtension.ST_CERRADO|String|false|true
13:04:53.0 (1697480)|VARIABLE_SCOPE_BEGIN|[16]|CasosControllerExtension.ST_NUEVO|String|false|true
13:04:53.0 (1734141)|HEAP_ALLOCATE|[EXTERNAL]|Bytes:11
13:04:53.0 (1747087)|METHOD_ENTRY|[13]|01p3l000005qcOV|CasosControllerExtension.CasosControllerExtension()
13:04:53.0 (1750415)|STATEMENT_EXECUTE|[13]
13:04:53.0 (1754690)|STATEMENT_EXECUTE|[13]
13:04:53.0 (1772427)|HEAP_ALLOCATE|[68]|Bytes:5
13:04:53.0 (1793394)|HEAP_ALLOCATE|[74]|Bytes:5
13:04:53.0 (1798396)|HEAP_ALLOCATE|[82]|Bytes:7
13:04:53.0 (1815711)|HEAP_ALLOCATE|[15]|Bytes:5
13:04:53.0 (1818256)|STATEMENT_EXECUTE|[15]
13:04:53.0 (1819829)|HEAP_ALLOCATE|[15]|Bytes:12
13:04:53.0 (1860377)|VARIABLE_ASSIGNMENT|[15]|CasosControllerExtension.ST_AUTORIZADA|"Autorización"
13:04:53.0 (1863773)|STATEMENT_EXECUTE|[16]
13:04:53.0 (1865132)|HEAP_ALLOCATE|[16]|Bytes:3
13:04:53.0 (1869034)|VARIABLE_ASSIGNMENT|[16]|CasosControllerExtension.ST_NUEVO|"New"
13:04:53.0 (1870889)|STATEMENT_EXECUTE|[17]
13:04:53.0 (1872001)|HEAP_ALLOCATE|[17]|Bytes:8
13:04:53.0 (1875185)|VARIABLE_ASSIGNMENT|[17]|CasosControllerExtension.ST_ASIGNADA|"Asignada"
13:04:53.0 (1877249)|STATEMENT_EXECUTE|[18]
13:04:53.0 (1878296)|HEAP_ALLOCATE|[18]|Bytes:7
13:04:53.0 (1881419)|VARIABLE_ASSIGNMENT|[18]|CasosControllerExtension.ST_CERRADO|"Cerrado"
13:04:53.0 (1883267)|STATEMENT_EXECUTE|[19]
13:04:53.0 (1884571)|HEAP_ALLOCATE|[19]|Bytes:19
13:04:53.0 (1888192)|VARIABLE_ASSIGNMENT|[19]|CasosControllerExtension.RT_RIESGOS|"Riesgos_Originaci_n"
13:04:53.0 (1890179)|STATEMENT_EXECUTE|[20]
13:04:53.0 (1891426)|HEAP_ALLOCATE|[20]|Bytes:18
13:04:53.0 (1894693)|VARIABLE_ASSIGNMENT|[20]|CasosControllerExtension.RT_FIGITAL|"BackOffice_Figital"
13:04:53.0 (1896391)|STATEMENT_EXECUTE|[21]
13:04:53.0 (1897449)|HEAP_ALLOCATE|[21]|Bytes:26
13:04:53.0 (1902209)|VARIABLE_ASSIGNMENT|[21]|CasosControllerExtension.QUEUE_CREDITO_FRAUDES|"BackOffice Credito/F (6 more) ..."
13:04:53.0 (1912127)|METHOD_EXIT|[13]|CasosControllerExtension
13:04:53.0 (1921196)|HEAP_ALLOCATE|[94]|Bytes:5
13:04:53.0 (1923473)|STATEMENT_EXECUTE|[92]
13:04:53.0 (1924477)|STATEMENT_EXECUTE|[94]
13:04:53.0 (1925714)|HEAP_ALLOCATE|[94]|Bytes:4
13:04:53.0 (2043619)|HEAP_ALLOCATE|[94]|Bytes:4
13:04:53.0 (3062525)|HEAP_ALLOCATE|[94]|Bytes:408
13:04:53.0 (3125335)|HEAP_ALLOCATE|[94]|Bytes:4
13:04:53.0 (3138505)|HEAP_ALLOCATE|[94]|Bytes:18
13:04:53.0 (3142195)|VARIABLE_SCOPE_BEGIN|[94]|idRecordTypeCredito|String|false|false
13:04:53.0 (3153820)|VARIABLE_ASSIGNMENT|[94]|idRecordTypeCredito|"0123l000001M9F8AAK"
13:04:53.0 (3157300)|STATEMENT_EXECUTE|[95]
13:04:53.0 (3203569)|HEAP_ALLOCATE|[95]|Bytes:4
13:04:53.0 (4101680)|HEAP_ALLOCATE|[95]|Bytes:408
13:04:53.0 (4122381)|HEAP_ALLOCATE|[95]|Bytes:4
13:04:53.0 (4127343)|HEAP_ALLOCATE|[95]|Bytes:18
13:04:53.0 (4130008)|VARIABLE_SCOPE_BEGIN|[95]|idRecordTypeFigital|String|false|false
13:04:53.0 (4137887)|VARIABLE_ASSIGNMENT|[95]|idRecordTypeFigital|"0123l0000019LkKAAU"
13:04:53.0 (4140032)|STATEMENT_EXECUTE|[97]
13:04:53.0 (4141771)|HEAP_ALLOCATE|[97]|Bytes:151
13:04:53.0 (4152476)|HEAP_ALLOCATE|[97]|Bytes:4
13:04:53.0 (4160707)|HEAP_ALLOCATE|[97]|Bytes:7
13:04:53.0 (4169298)|HEAP_ALLOCATE|[97]|Bytes:7
13:04:53.0 (4172425)|HEAP_ALLOCATE|[97]|Bytes:7
13:04:53.0 (4722760)|SOQL_EXECUTE_BEGIN|[97]|Aggregations:0|SELECT Id, CreatedDate, ClosedDate FROM Case WHERE (Status = :tmpVar1 AND CreatedDate = TODAY AND (RecordTypeId = :tmpVar2 OR RecordTypeId = :tmpVar3))
13:04:53.0 (15574524)|SOQL_EXECUTE_END|[97]|Rows:30
13:04:53.0 (15603248)|HEAP_ALLOCATE|[97]|Bytes:124
13:04:53.0 (15639917)|HEAP_ALLOCATE|[97]|Bytes:1980
13:04:53.0 (15757419)|HEAP_ALLOCATE|[97]|Bytes:124
13:04:53.0 (15777691)|VARIABLE_SCOPE_BEGIN|[97]|listaCasosCerrados|List<Case>|true|false
13:04:53.0 (15800848)|VARIABLE_ASSIGNMENT|[97]|listaCasosCerrados|"List of size 30 too large to display"|0x1cd988c
13:04:53.0 (15805543)|STATEMENT_EXECUTE|[99]
13:04:53.15 (15887873)|CUMULATIVE_LIMIT_USAGE
13:04:53.15 (15887873)|LIMIT_USAGE_FOR_NS|(default)|
  Number of SOQL queries: 1 out of 100
  Number of query rows: 30 out of 50000
  Number of SOSL queries: 0 out of 20
  Number of DML statements: 0 out of 150
  Number of Publish Immediate DML: 0 out of 150
  Number of DML rows: 0 out of 10000
  Maximum CPU time: 0 out of 10000
  Maximum heap size: 0 out of 6000000
  Number of callouts: 0 out of 100
  Number of Email Invocations: 0 out of 10
  Number of future calls: 0 out of 50
  Number of queueable jobs added to the queue: 0 out of 50
  Number of Mobile Apex push calls: 0 out of 10

13:04:53.15 (15887873)|CUMULATIVE_LIMIT_USAGE_END

13:04:53.0 (15972040)|CODE_UNIT_FINISHED|CasosControllerExtension.obtenerCasosCerrados()
13:04:53.0 (16246254)|CODE_UNIT_FINISHED|apex://CasosControllerExtension/ACTION$obtenerCasosCerrados
13:04:53.0 (16288588)|EXECUTION_FINISHED
