67.0 APEX_CODE,FINEST;APEX_PROFILING,INFO;CALLOUT,INFO;DATA_ACCESS,INFO;DB,INFO;NBA,INFO;SYSTEM,DEBUG;VALIDATION,INFO;VISUALFORCE,INFO;WAVE,INFO;WORKFLOW,INFO
12:21:19.0 (199554)|USER_INFO|[EXTERNAL]|0051N000005gvau|etrevinofalabella@izeicg.com.uat|(GMT-06:00) Central Standard Time (America/Mexico_City)|GMT-06:00
12:21:19.0 (244032)|EXECUTION_STARTED
12:21:19.0 (256007)|CODE_UNIT_STARTED|[EXTERNAL]|apex://validateQuestionsController/ACTION$getValidateQuestionsTry
12:21:19.0 (2226071)|CODE_UNIT_STARTED|[EXTERNAL]|01p0v000003Gv5u|validateQuestionsController.getValidateQuestionsTry(String, String, String)
12:21:19.0 (2451467)|HEAP_ALLOCATE|[95]|Bytes:3
12:21:19.0 (2541158)|HEAP_ALLOCATE|[100]|Bytes:152
12:21:19.0 (2560021)|HEAP_ALLOCATE|[417]|Bytes:408
12:21:19.0 (2578151)|HEAP_ALLOCATE|[430]|Bytes:408
12:21:19.0 (2608507)|HEAP_ALLOCATE|[317]|Bytes:6
12:21:19.0 (2622830)|HEAP_ALLOCATE|[EXTERNAL]|Bytes:27
12:21:19.0 (2626960)|HEAP_ALLOCATE|[EXTERNAL]|Bytes:11
12:21:19.0 (2636347)|METHOD_ENTRY|[15]|01p0v000003Gv5u|validateQuestionsController.validateQuestionsController()
12:21:19.0 (2644181)|STATEMENT_EXECUTE|[15]
12:21:19.0 (2651461)|STATEMENT_EXECUTE|[15]
12:21:19.0 (2655270)|METHOD_EXIT|[15]|validateQuestionsController
12:21:19.0 (2659738)|HEAP_ALLOCATE|[EXTERNAL]|Bytes:17
12:21:19.0 (2662232)|HEAP_ALLOCATE|[EXTERNAL]|Bytes:20
12:21:19.0 (2664541)|HEAP_ALLOCATE|[EXTERNAL]|Bytes:19
12:21:19.0 (2675233)|VARIABLE_SCOPE_BEGIN|[25]|tipoDeIntento|String|false|false
12:21:19.0 (2737261)|VARIABLE_ASSIGNMENT|[25]|tipoDeIntento|"validateQuestions"
12:21:19.0 (2743934)|VARIABLE_SCOPE_BEGIN|[25]|rangoDiasVencimiento|String|false|false
12:21:19.0 (2750619)|VARIABLE_ASSIGNMENT|[25]|rangoDiasVencimiento|"rangoDiasVencimiento"
12:21:19.0 (2753933)|VARIABLE_SCOPE_BEGIN|[25]|rangoDiasUltimoPago|String|false|false
12:21:19.0 (2761863)|VARIABLE_ASSIGNMENT|[25]|rangoDiasUltimoPago|"rangoDiasUltimoPago"
12:21:19.0 (2772924)|STATEMENT_EXECUTE|[25]
12:21:19.0 (2774414)|STATEMENT_EXECUTE|[28]
12:21:19.0 (2789834)|HEAP_ALLOCATE|[28]|Bytes:4
12:21:19.0 (2802500)|VARIABLE_SCOPE_BEGIN|[28]|mapResult|Map<String,Integer>|true|false
12:21:19.0 (2830071)|VARIABLE_ASSIGNMENT|[28]|mapResult|{}|0x11105703
12:21:19.0 (2837469)|STATEMENT_EXECUTE|[30]
12:21:19.0 (2879010)|HEAP_ALLOCATE|[30]|Bytes:4
12:21:19.0 (2929329)|VARIABLE_SCOPE_BEGIN|[30]|listRegistros|List<String>|true|false
12:21:19.0 (2966540)|HEAP_ALLOCATE|[EXTERNAL]|Bytes:16
12:21:19.0 (2983086)|VARIABLE_ASSIGNMENT|[30]|listRegistros|["validateQuestions","rangoDiasVencimiento","rangoDiasUltimoPago"]|0x59c0d457
12:21:19.0 (2988693)|STATEMENT_EXECUTE|[32]
12:21:19.0 (2991362)|HEAP_ALLOCATE|[32]|Bytes:94
12:21:19.0 (3002915)|HEAP_ALLOCATE|[32]|Bytes:4
12:21:19.0 (3009882)|HEAP_ALLOCATE|[32]|Bytes:7
12:21:19.0 (3045313)|HEAP_ALLOCATE|[68]|Bytes:5
12:21:19.0 (3069427)|HEAP_ALLOCATE|[74]|Bytes:5
12:21:19.0 (3076020)|HEAP_ALLOCATE|[82]|Bytes:7
12:21:19.0 (4467517)|SOQL_EXECUTE_BEGIN|[32]|Aggregations:0|SELECT Intentos__c, MasterLabel FROM Intentos_de_Validacion__mdt WHERE MasterLabel IN :tmpVar1
12:21:19.0 (9987304)|SOQL_EXECUTE_END|[32]|Rows:3
12:21:19.0 (10019355)|HEAP_ALLOCATE|[32]|Bytes:16
12:21:19.0 (10042415)|HEAP_ALLOCATE|[32]|Bytes:341
12:21:19.0 (10127362)|HEAP_ALLOCATE|[32]|Bytes:16
12:21:19.0 (10146906)|VARIABLE_SCOPE_BEGIN|[32]|intentos|List<Intentos_de_Validacion__mdt>|true|false
12:21:19.0 (10271391)|VARIABLE_ASSIGNMENT|[32]|intentos|[{"MasterLabel":"rangoDiasUltimoPago","Intentos__c":3.0,"Id":"m0A0v0000001S55EAE"},{"MasterLabel":"rangoDiasVencimiento","Intentos__c":1.0,"Id":"m0A0v0000001S56EAE"},{"MasterLabel":"validateQuestions","Intentos__c":1.0,"Id":"m0A0v0000009kdiEAA"}]|0x498a81f8
12:21:19.0 (10701681)|HEAP_ALLOCATE|[37]|Bytes:5
12:21:19.0 (10752387)|HEAP_ALLOCATE|[37]|Bytes:16
12:21:19.0 (10763674)|VARIABLE_SCOPE_BEGIN|[37]|intVal|Intentos_de_Validacion__mdt|true|false
12:21:19.0 (10819056)|VARIABLE_ASSIGNMENT|[37]|intVal|{"MasterLabel":"rangoDiasUltimoPago","Intentos__c":3.0,"Id":"m0A0v0000001S55EAE"}|0x1e692afd
12:21:19.0 (10829423)|STATEMENT_EXECUTE|[37]
12:21:19.0 (10903756)|STATEMENT_EXECUTE|[47]
12:21:19.0 (10905661)|STATEMENT_EXECUTE|[49]
12:21:19.0 (11008442)|HEAP_ALLOCATE|[49]|Bytes:4
12:21:19.0 (11021225)|HEAP_ALLOCATE|[EXTERNAL]|Bytes:-4
12:21:19.0 (11035168)|HEAP_ALLOCATE|[37]|Bytes:5
12:21:19.0 (11046492)|HEAP_ALLOCATE|[37]|Bytes:16
12:21:19.0 (11052621)|VARIABLE_SCOPE_BEGIN|[37]|intVal|Intentos_de_Validacion__mdt|true|false
12:21:19.0 (11097064)|VARIABLE_ASSIGNMENT|[37]|intVal|{"MasterLabel":"rangoDiasVencimiento","Intentos__c":1.0,"Id":"m0A0v0000001S56EAE"}|0x70dcd1fb
12:21:19.0 (11103433)|STATEMENT_EXECUTE|[37]
12:21:19.0 (11116542)|STATEMENT_EXECUTE|[43]
12:21:19.0 (11118206)|STATEMENT_EXECUTE|[45]
12:21:19.0 (11146384)|HEAP_ALLOCATE|[45]|Bytes:4
12:21:19.0 (11150809)|HEAP_ALLOCATE|[EXTERNAL]|Bytes:-4
12:21:19.0 (11159575)|HEAP_ALLOCATE|[37]|Bytes:5
12:21:19.0 (11167000)|HEAP_ALLOCATE|[37]|Bytes:16
12:21:19.0 (11171200)|VARIABLE_SCOPE_BEGIN|[37]|intVal|Intentos_de_Validacion__mdt|true|false
12:21:19.0 (11202076)|VARIABLE_ASSIGNMENT|[37]|intVal|{"MasterLabel":"validateQuestions","Intentos__c":1.0,"Id":"m0A0v0000009kdiEAA"}|0x7cd0e1f4
12:21:19.0 (11207408)|STATEMENT_EXECUTE|[37]
12:21:19.0 (11213962)|STATEMENT_EXECUTE|[39]
12:21:19.0 (11215470)|STATEMENT_EXECUTE|[41]
12:21:19.0 (11237419)|HEAP_ALLOCATE|[41]|Bytes:4
12:21:19.0 (11240897)|HEAP_ALLOCATE|[EXTERNAL]|Bytes:-4
12:21:19.0 (11248507)|HEAP_ALLOCATE|[37]|Bytes:5
12:21:19.0 (11256688)|VARIABLE_ASSIGNMENT|[37]|intVal|null|
12:21:19.0 (11261560)|STATEMENT_EXECUTE|[54]
12:21:19.11 (11316485)|CUMULATIVE_LIMIT_USAGE
12:21:19.11 (11316485)|LIMIT_USAGE_FOR_NS|(default)|
  Number of SOQL queries: 0 out of 100
  Number of query rows: 3 out of 50000
  Number of SOSL queries: 0 out of 20
  Number of DML statements: 0 out of 150
  Number of Publish Immediate DML: 0 out of 150
  Number of DML rows: 0 out of 10000
  Maximum CPU time: 0 out of 10000
  Maximum heap size: 0 out of 6000000
  Number of callouts: 0 out of 100
  Number of Email Invocations: 0 out of 10
  Number of future calls: 0 out of 50
  Number of queueable jobs added to the queue: 0 out of 50
  Number of Mobile Apex push calls: 0 out of 10

12:21:19.11 (11316485)|CUMULATIVE_LIMIT_USAGE_END

12:21:19.0 (11344528)|CODE_UNIT_FINISHED|validateQuestionsController.getValidateQuestionsTry(String, String, String)
12:21:19.0 (11603812)|CODE_UNIT_FINISHED|apex://validateQuestionsController/ACTION$getValidateQuestionsTry
12:21:19.0 (11613398)|EXECUTION_FINISHED
