67.0 APEX_CODE,FINEST;APEX_PROFILING,INFO;CALLOUT,INFO;DATA_ACCESS,INFO;DB,INFO;NBA,INFO;SYSTEM,DEBUG;VALIDATION,INFO;VISUALFORCE,INFO;WAVE,INFO;WORKFLOW,INFO
13:09:02.0 (346793)|USER_INFO|[EXTERNAL]|005Qg000002VBqt|jlandav@falabella.com.mx|(GMT-06:00) Central Standard Time (America/Mexico_City)|GMT-06:00
13:09:02.0 (443329)|EXECUTION_STARTED
13:09:02.0 (471892)|CODE_UNIT_STARTED|[EXTERNAL]|apex://CasosControllerExtension/ACTION$obtenerCasos
13:09:02.0 (4099942)|CODE_UNIT_STARTED|[EXTERNAL]|01p3l000005qcOV|CasosControllerExtension.obtenerCasos()
13:09:02.0 (4993416)|VARIABLE_SCOPE_BEGIN|[21]|CasosControllerExtension.QUEUE_CREDITO_FRAUDES|String|false|true
13:09:02.0 (5053169)|VARIABLE_SCOPE_BEGIN|[20]|CasosControllerExtension.RT_FIGITAL|String|false|true
13:09:02.0 (5057981)|VARIABLE_SCOPE_BEGIN|[19]|CasosControllerExtension.RT_RIESGOS|String|false|true
13:09:02.0 (5061334)|VARIABLE_SCOPE_BEGIN|[17]|CasosControllerExtension.ST_ASIGNADA|String|false|true
13:09:02.0 (5064656)|VARIABLE_SCOPE_BEGIN|[15]|CasosControllerExtension.ST_AUTORIZADA|String|false|true
13:09:02.0 (5067801)|VARIABLE_SCOPE_BEGIN|[18]|CasosControllerExtension.ST_CERRADO|String|false|true
13:09:02.0 (5071209)|VARIABLE_SCOPE_BEGIN|[16]|CasosControllerExtension.ST_NUEVO|String|false|true
13:09:02.0 (5181096)|HEAP_ALLOCATE|[95]|Bytes:3
13:09:02.0 (5234376)|HEAP_ALLOCATE|[100]|Bytes:152
13:09:02.0 (5244084)|HEAP_ALLOCATE|[417]|Bytes:408
13:09:02.0 (5253903)|HEAP_ALLOCATE|[430]|Bytes:408
13:09:02.0 (5271103)|HEAP_ALLOCATE|[317]|Bytes:6
13:09:02.0 (5280786)|HEAP_ALLOCATE|[EXTERNAL]|Bytes:11
13:09:02.0 (5318008)|METHOD_ENTRY|[13]|01p3l000005qcOV|CasosControllerExtension.CasosControllerExtension()
13:09:02.0 (5331070)|STATEMENT_EXECUTE|[13]
13:09:02.0 (5340903)|STATEMENT_EXECUTE|[13]
13:09:02.0 (5360662)|HEAP_ALLOCATE|[68]|Bytes:5
13:09:02.0 (5395397)|HEAP_ALLOCATE|[74]|Bytes:5
13:09:02.0 (5400707)|HEAP_ALLOCATE|[82]|Bytes:7
13:09:02.0 (5620776)|HEAP_ALLOCATE|[15]|Bytes:5
13:09:02.0 (5628261)|STATEMENT_EXECUTE|[15]
13:09:02.0 (5629992)|HEAP_ALLOCATE|[15]|Bytes:12
13:09:02.0 (5705065)|VARIABLE_ASSIGNMENT|[15]|CasosControllerExtension.ST_AUTORIZADA|"Autorización"
13:09:02.0 (5708952)|STATEMENT_EXECUTE|[16]
13:09:02.0 (5710371)|HEAP_ALLOCATE|[16]|Bytes:3
13:09:02.0 (5715687)|VARIABLE_ASSIGNMENT|[16]|CasosControllerExtension.ST_NUEVO|"New"
13:09:02.0 (5717514)|STATEMENT_EXECUTE|[17]
13:09:02.0 (5718916)|HEAP_ALLOCATE|[17]|Bytes:8
13:09:02.0 (5722782)|VARIABLE_ASSIGNMENT|[17]|CasosControllerExtension.ST_ASIGNADA|"Asignada"
13:09:02.0 (5724752)|STATEMENT_EXECUTE|[18]
13:09:02.0 (5725944)|HEAP_ALLOCATE|[18]|Bytes:7
13:09:02.0 (5729817)|VARIABLE_ASSIGNMENT|[18]|CasosControllerExtension.ST_CERRADO|"Cerrado"
13:09:02.0 (5731684)|STATEMENT_EXECUTE|[19]
13:09:02.0 (5733139)|HEAP_ALLOCATE|[19]|Bytes:19
13:09:02.0 (5737130)|VARIABLE_ASSIGNMENT|[19]|CasosControllerExtension.RT_RIESGOS|"Riesgos_Originaci_n"
13:09:02.0 (5738902)|STATEMENT_EXECUTE|[20]
13:09:02.0 (5740089)|HEAP_ALLOCATE|[20]|Bytes:18
13:09:02.0 (5743797)|VARIABLE_ASSIGNMENT|[20]|CasosControllerExtension.RT_FIGITAL|"BackOffice_Figital"
13:09:02.0 (5745471)|STATEMENT_EXECUTE|[21]
13:09:02.0 (5746568)|HEAP_ALLOCATE|[21]|Bytes:26
13:09:02.0 (5751083)|VARIABLE_ASSIGNMENT|[21]|CasosControllerExtension.QUEUE_CREDITO_FRAUDES|"BackOffice Credito/F (6 more) ..."
13:09:02.0 (5771808)|METHOD_EXIT|[13]|CasosControllerExtension
13:09:02.0 (5784755)|HEAP_ALLOCATE|[43]|Bytes:5
13:09:02.0 (5786841)|STATEMENT_EXECUTE|[41]
13:09:02.0 (5787721)|STATEMENT_EXECUTE|[43]
13:09:02.0 (5800290)|HEAP_ALLOCATE|[43]|Bytes:4
13:09:02.0 (5813629)|VARIABLE_SCOPE_BEGIN|[43]|mapResult|Map<String,ANY>|true|false
13:09:02.0 (5839977)|VARIABLE_ASSIGNMENT|[43]|mapResult|{}|0x6b03c0d
13:09:02.0 (5844149)|STATEMENT_EXECUTE|[45]
13:09:02.0 (5858843)|METHOD_ENTRY|[45]|01p3l000005qcOV|CasosControllerExtension.getProfileName()
13:09:02.0 (5886017)|HEAP_ALLOCATE|[29]|Bytes:5
13:09:02.0 (5888383)|STATEMENT_EXECUTE|[27]
13:09:02.0 (5889446)|STATEMENT_EXECUTE|[29]
13:09:02.0 (5944648)|HEAP_ALLOCATE|[29]|Bytes:105
13:09:02.0 (5955241)|SYSTEM_METHOD_ENTRY|[1]|UserInfo.UserInfo()
13:09:02.0 (5958084)|STATEMENT_EXECUTE|[1]
13:09:02.0 (5967241)|SYSTEM_METHOD_EXIT|[1]|UserInfo
13:09:02.0 (5979914)|METHOD_ENTRY|[29]||System.UserInfo.getProfileId()
13:09:02.0 (7720599)|METHOD_EXIT|[29]||System.UserInfo.getProfileId()
13:09:02.0 (7744373)|HEAP_ALLOCATE|[29]|Bytes:4
13:09:02.0 (7751130)|VARIABLE_SCOPE_BEGIN|[29]|profileId|Id|false|false
13:09:02.0 (7935192)|VARIABLE_ASSIGNMENT|[29]|profileId|"00e1N000001u1HIQAY"
13:09:02.0 (7940665)|STATEMENT_EXECUTE|[30]
13:09:02.0 (7943030)|HEAP_ALLOCATE|[30]|Bytes:48
13:09:02.0 (7955950)|HEAP_ALLOCATE|[30]|Bytes:4
13:09:02.0 (7962939)|HEAP_ALLOCATE|[30]|Bytes:7
13:09:02.0 (10565461)|SOQL_EXECUTE_BEGIN|[30]|Aggregations:0|SELECT Id, Name FROM Profile WHERE Id = :tmpVar1
13:09:02.0 (16005045)|SOQL_EXECUTE_END|[30]|Rows:1
13:09:02.0 (16068835)|HEAP_ALLOCATE|[30]|Bytes:8
13:09:02.0 (16091435)|HEAP_ALLOCATE|[30]|Bytes:57
13:09:02.0 (16252509)|HEAP_ALLOCATE|[30]|Bytes:8
13:09:02.0 (16272411)|HEAP_ALLOCATE|[30]|Bytes:33
13:09:02.0 (16372381)|HEAP_ALLOCATE|[30]|Bytes:12
13:09:02.0 (16446887)|VARIABLE_SCOPE_BEGIN|[30]|profileName|String|false|false
13:09:02.0 (16490129)|VARIABLE_ASSIGNMENT|[30]|profileName|"System Administrator"
13:09:02.0 (16497245)|STATEMENT_EXECUTE|[32]
13:09:02.0 (16516941)|METHOD_EXIT|[45]|01p3l000005qcOV|CasosControllerExtension.getProfileName()
13:09:02.0 (16525839)|VARIABLE_SCOPE_BEGIN|[45]|profileName|String|false|false
13:09:02.0 (16539324)|VARIABLE_ASSIGNMENT|[45]|profileName|"System Administrator"
13:09:02.0 (16544613)|STATEMENT_EXECUTE|[47]
13:09:02.0 (16550616)|HEAP_ALLOCATE|[47]|Bytes:4
13:09:02.0 (16959042)|HEAP_ALLOCATE|[47]|Bytes:4
13:09:02.0 (18767830)|HEAP_ALLOCATE|[47]|Bytes:408
13:09:02.0 (18857586)|HEAP_ALLOCATE|[47]|Bytes:4
13:09:02.0 (18872197)|HEAP_ALLOCATE|[47]|Bytes:18
13:09:02.0 (18877094)|VARIABLE_SCOPE_BEGIN|[47]|idRecordTypeCredito|String|false|false
13:09:02.0 (18891591)|VARIABLE_ASSIGNMENT|[47]|idRecordTypeCredito|"0123l000001M9F8AAK"
13:09:02.0 (18895156)|STATEMENT_EXECUTE|[48]
13:09:02.0 (18966370)|HEAP_ALLOCATE|[48]|Bytes:4
13:09:02.0 (19842977)|HEAP_ALLOCATE|[48]|Bytes:408
13:09:02.0 (19863700)|HEAP_ALLOCATE|[48]|Bytes:4
13:09:02.0 (19868114)|HEAP_ALLOCATE|[48]|Bytes:18
13:09:02.0 (19871198)|VARIABLE_SCOPE_BEGIN|[48]|idRecordTypeFigital|String|false|false
13:09:02.0 (19879769)|VARIABLE_ASSIGNMENT|[48]|idRecordTypeFigital|"0123l0000019LkKAAU"
13:09:02.0 (19882059)|STATEMENT_EXECUTE|[50]
13:09:02.0 (19884731)|HEAP_ALLOCATE|[50]|Bytes:737
13:09:02.0 (19893054)|HEAP_ALLOCATE|[50]|Bytes:4
13:09:02.0 (19904249)|HEAP_ALLOCATE|[50]|Bytes:7
13:09:02.0 (19908249)|HEAP_ALLOCATE|[50]|Bytes:7
13:09:02.0 (19911832)|HEAP_ALLOCATE|[50]|Bytes:7
13:09:02.0 (19914872)|HEAP_ALLOCATE|[50]|Bytes:7
13:09:02.0 (19917514)|HEAP_ALLOCATE|[50]|Bytes:7
13:09:02.0 (21855555)|SOQL_EXECUTE_BEGIN|[50]|Aggregations:0|SELECT Id, CaseNumber, ID_Solicitud__c, Nombre_s__c, Primer_Apellido__c, Segundo_Apellido__c, CreatedDate, Status, Tiempo_en_Proceso__c, OwnerId, Owner.Name, Fecha_y_hora_de_solicitud_en_an_lisis__c, Tiempo_en_An_lisis__c, Solicitud_Repetida__c, Solicitud_de_cancelaci_n__c, C_digo_Postal_Direcci_n_Otros__c, Validar_Movimientos__c, Publicidad__c, Bloqueo_de_Tarjeta_por_Cancelaci_n__c, Canal_origen__c, Fecha_y_hora_de_solicitud_en_Nuevo__c FROM Case WHERE ((Status = :tmpVar1 OR Status = :tmpVar2 OR Status = :tmpVar3) AND (RecordTypeId = :tmpVar4 OR RecordTypeId = :tmpVar5) AND Owner.Name != :tmpVar6 AND OcultarBO__c != TRUE) ORDER BY RecordType.DeveloperName DESC NULLS FIRST, Fecha_y_hora_de_solicitud_en_Nuevo__c DESC NULLS FIRST
13:09:02.0 (79219553)|SOQL_EXECUTE_END|[50]|Rows:289
13:09:02.0 (79255963)|HEAP_ALLOCATE|[50]|Bytes:1160
13:09:02.0 (80159517)|HEAP_ALLOCATE|[50]|Bytes:173897
13:09:02.0 (80270587)|HEAP_ALLOCATE|[50]|Bytes:1160
13:09:02.0 (80293787)|VARIABLE_SCOPE_BEGIN|[50]|listaCasos|List<Case>|true|false
13:09:02.0 (80347480)|VARIABLE_ASSIGNMENT|[50]|listaCasos|"List of size 289 too large to display"|0x76eb75da
13:09:02.0 (80354357)|STATEMENT_EXECUTE|[61]
13:09:02.0 (80359230)|HEAP_ALLOCATE|[61]|Bytes:95
13:09:02.0 (80378463)|HEAP_ALLOCATE|[61]|Bytes:4
13:09:02.0 (82267584)|SOQL_EXECUTE_BEGIN|[61]|Aggregations:0|SELECT MasterLabel, Canal_Origen__c, Segundos__c, Semaforo__c FROM Semaforo_Riesgos_Inicio__mdt
13:09:02.0 (88338390)|SOQL_EXECUTE_END|[61]|Rows:6
13:09:02.0 (88372706)|HEAP_ALLOCATE|[61]|Bytes:28
13:09:02.0 (88400728)|HEAP_ALLOCATE|[61]|Bytes:871
13:09:02.0 (88490515)|HEAP_ALLOCATE|[61]|Bytes:28
13:09:02.0 (88514418)|VARIABLE_SCOPE_BEGIN|[61]|lstSemaforoRiesgos|List<Semaforo_Riesgos_Inicio__mdt>|true|false
13:09:02.0 (88545744)|VARIABLE_ASSIGNMENT|[61]|lstSemaforoRiesgos|"List of size 6 too large to display"|0x373fbaa5
13:09:02.0 (88550740)|STATEMENT_EXECUTE|[63]
13:09:02.0 (88554450)|HEAP_ALLOCATE|[63]|Bytes:10
13:09:02.0 (88703281)|HEAP_ALLOCATE|[EXTERNAL]|Bytes:-4
13:09:02.0 (88712166)|STATEMENT_EXECUTE|[64]
13:09:02.0 (88714008)|HEAP_ALLOCATE|[64]|Bytes:11
13:09:02.0 (88743006)|HEAP_ALLOCATE|[EXTERNAL]|Bytes:-4
13:09:02.0 (88746280)|STATEMENT_EXECUTE|[65]
13:09:02.0 (88747457)|HEAP_ALLOCATE|[65]|Bytes:18
13:09:02.0 (88754989)|HEAP_ALLOCATE|[EXTERNAL]|Bytes:-4
13:09:02.0 (88757841)|STATEMENT_EXECUTE|[67]
13:09:02.88 (88850561)|CUMULATIVE_LIMIT_USAGE
13:09:02.88 (88850561)|LIMIT_USAGE_FOR_NS|(default)|
  Number of SOQL queries: 2 out of 100
  Number of query rows: 296 out of 50000
  Number of SOSL queries: 0 out of 20
  Number of DML statements: 0 out of 150
  Number of Publish Immediate DML: 0 out of 150
  Number of DML rows: 0 out of 10000
  Maximum CPU time: 0 out of 10000
  Maximum heap size: 0 out of 6000000
  Number of callouts: 0 out of 100
  Number of Email Invocations: 0 out of 10
  Number of future calls: 0 out of 50
  Number of queueable jobs added to the queue: 0 out of 50
  Number of Mobile Apex push calls: 0 out of 10

13:09:02.88 (88850561)|CUMULATIVE_LIMIT_USAGE_END

13:09:02.0 (88978881)|CODE_UNIT_FINISHED|CasosControllerExtension.obtenerCasos()
13:09:02.0 (92875773)|CODE_UNIT_FINISHED|apex://CasosControllerExtension/ACTION$obtenerCasos
13:09:02.0 (92899063)|EXECUTION_FINISHED
