66.0 APEX_CODE,FINEST;APEX_PROFILING,INFO;CALLOUT,INFO;DATA_ACCESS,INFO;DB,INFO;NBA,INFO;SYSTEM,DEBUG;VALIDATION,INFO;VISUALFORCE,INFO;WAVE,INFO;WORKFLOW,INFO
14:52:07.0 (161291)|USER_INFO|[EXTERNAL]|0051N000005gvau|etrevinofalabella@izeicg.com.uat|(GMT-06:00) Central Standard Time (America/Mexico_City)|GMT-06:00
14:52:07.0 (233615)|EXECUTION_STARTED
14:52:07.0 (244151)|CODE_UNIT_STARTED|[EXTERNAL]|apex://SendOTPController/ACTION$obtenerConfiguracionServicio
14:52:07.0 (1467876)|CODE_UNIT_STARTED|[EXTERNAL]|01p1N000005h4aa|SendOTPController.obtenerConfiguracionServicio()
14:52:07.0 (1705655)|HEAP_ALLOCATE|[95]|Bytes:3
14:52:07.0 (1801429)|HEAP_ALLOCATE|[100]|Bytes:152
14:52:07.0 (1822261)|HEAP_ALLOCATE|[417]|Bytes:408
14:52:07.0 (1840623)|HEAP_ALLOCATE|[430]|Bytes:408
14:52:07.0 (1872128)|HEAP_ALLOCATE|[317]|Bytes:6
14:52:07.0 (1934313)|HEAP_ALLOCATE|[EXTERNAL]|Bytes:21
14:52:07.0 (1938758)|HEAP_ALLOCATE|[EXTERNAL]|Bytes:55
14:52:07.0 (1950026)|METHOD_ENTRY|[1]|01p1N000005h4aa|SendOTPController.SendOTPController()
14:52:07.0 (1958025)|STATEMENT_EXECUTE|[1]
14:52:07.0 (1966513)|STATEMENT_EXECUTE|[1]
14:52:07.0 (1970326)|METHOD_EXIT|[1]|SendOTPController
14:52:07.0 (1982023)|STATEMENT_EXECUTE|[23]
14:52:07.0 (1983783)|STATEMENT_EXECUTE|[25]
14:52:07.0 (2007248)|HEAP_ALLOCATE|[25]|Bytes:4
14:52:07.0 (2026316)|VARIABLE_SCOPE_BEGIN|[25]|result|Map<String,String>|true|false
14:52:07.0 (2099762)|VARIABLE_ASSIGNMENT|[25]|result|{}|0x405d8c94
14:52:07.0 (2105563)|STATEMENT_EXECUTE|[27]
14:52:07.0 (2108423)|HEAP_ALLOCATE|[27]|Bytes:54
14:52:07.0 (2120257)|HEAP_ALLOCATE|[27]|Bytes:4
14:52:07.0 (2151529)|HEAP_ALLOCATE|[68]|Bytes:5
14:52:07.0 (2180025)|HEAP_ALLOCATE|[74]|Bytes:5
14:52:07.0 (2186984)|HEAP_ALLOCATE|[82]|Bytes:7
14:52:07.0 (4078814)|SOQL_EXECUTE_BEGIN|[27]|Aggregations:0|SELECT Servicio__c FROM Configuracion_OTP__mdt LIMIT 1
14:52:07.0 (13779970)|SOQL_EXECUTE_END|[27]|Rows:1
14:52:07.0 (13813674)|HEAP_ALLOCATE|[27]|Bytes:8
14:52:07.0 (13831422)|HEAP_ALLOCATE|[27]|Bytes:57
14:52:07.0 (13958566)|HEAP_ALLOCATE|[27]|Bytes:8
14:52:07.0 (13979133)|HEAP_ALLOCATE|[27]|Bytes:48
14:52:07.0 (14050610)|HEAP_ALLOCATE|[27]|Bytes:12
14:52:07.0 (14058390)|VARIABLE_SCOPE_BEGIN|[27]|configuracionOTP|Configuracion_OTP__mdt|true|false
14:52:07.0 (14130234)|VARIABLE_ASSIGNMENT|[27]|configuracionOTP|{"Servicio__c":"Microservicio","Id":"m0B0v000000902rEAA"}|0x48dd06e0
14:52:07.0 (14137557)|STATEMENT_EXECUTE|[29]
14:52:07.0 (14165334)|VARIABLE_SCOPE_BEGIN|[29]|servicio|String|false|false
14:52:07.0 (14170740)|VARIABLE_ASSIGNMENT|[29]|servicio|"Microservicio"
14:52:07.0 (14172950)|STATEMENT_EXECUTE|[31]
14:52:07.0 (14174474)|HEAP_ALLOCATE|[31]|Bytes:11
14:52:07.0 (14193133)|HEAP_ALLOCATE|[31]|Bytes:24
14:52:07.0 (14240268)|USER_DEBUG|[31]|DEBUG|Servicio:  Microservicio
14:52:07.0 (14246505)|STATEMENT_EXECUTE|[33]
14:52:07.0 (14248106)|HEAP_ALLOCATE|[33]|Bytes:8
14:52:07.0 (14292230)|HEAP_ALLOCATE|[EXTERNAL]|Bytes:-4
14:52:07.0 (14297501)|STATEMENT_EXECUTE|[35]
14:52:07.14 (14346133)|CUMULATIVE_LIMIT_USAGE
14:52:07.14 (14346133)|LIMIT_USAGE_FOR_NS|(default)|
  Number of SOQL queries: 0 out of 100
  Number of query rows: 1 out of 50000
  Number of SOSL queries: 0 out of 20
  Number of DML statements: 0 out of 150
  Number of Publish Immediate DML: 0 out of 150
  Number of DML rows: 0 out of 10000
  Maximum CPU time: 0 out of 10000
  Maximum heap size: 0 out of 6000000
  Number of callouts: 0 out of 100
  Number of Email Invocations: 0 out of 10
  Number of future calls: 0 out of 50
  Number of queueable jobs added to the queue: 0 out of 50
  Number of Mobile Apex push calls: 0 out of 10

14:52:07.14 (14346133)|CUMULATIVE_LIMIT_USAGE_END

14:52:07.0 (14372341)|CODE_UNIT_FINISHED|SendOTPController.obtenerConfiguracionServicio()
14:52:07.0 (14560081)|CODE_UNIT_FINISHED|apex://SendOTPController/ACTION$obtenerConfiguracionServicio
14:52:07.0 (14565155)|EXECUTION_FINISHED
