52.0 APEX_CODE,FINEST;APEX_PROFILING,INFO;CALLOUT,INFO;DATA_ACCESS,INFO;DB,INFO;NBA,INFO;SYSTEM,DEBUG;VALIDATION,INFO;VISUALFORCE,INFO;WAVE,INFO;WORKFLOW,INFO
18:30:02.0 (261335)|USER_INFO|[EXTERNAL]|0051N000008bAK9|contingenciafalabella@falabella.com.mx|(GMT-06:00) Central Standard Time (America/Mexico_City)|GMT-06:00
18:30:02.0 (328637)|EXECUTION_STARTED
18:30:02.0 (363413)|CODE_UNIT_STARTED|[EXTERNAL]|01p3l00000EBsec|BatchUpdateCaseGestorBO
18:30:02.0 (2195505)|HEAP_ALLOCATE|[95]|Bytes:3
18:30:02.0 (2294077)|HEAP_ALLOCATE|[100]|Bytes:152
18:30:02.0 (2311713)|HEAP_ALLOCATE|[417]|Bytes:408
18:30:02.0 (2323792)|HEAP_ALLOCATE|[430]|Bytes:408
18:30:02.0 (2347341)|HEAP_ALLOCATE|[317]|Bytes:6
18:30:02.0 (4474123)|HEAP_ALLOCATE|[EXTERNAL]|Bytes:98
18:30:02.0 (30698481)|HEAP_ALLOCATE|[EXTERNAL]|Bytes:11
18:30:02.0 (30738900)|SYSTEM_METHOD_ENTRY|[15]|BatchableContextImpl.BatchableContextImpl()
18:30:02.0 (30754447)|STATEMENT_EXECUTE|[15]
18:30:02.0 (30777111)|SYSTEM_METHOD_EXIT|[15]|BatchableContextImpl
18:30:02.0 (30783932)|HEAP_ALLOCATE|[EXTERNAL]|Bytes:12
18:30:02.0 (30786869)|HEAP_ALLOCATE|[EXTERNAL]|Bytes:4
18:30:02.0 (30804357)|VARIABLE_SCOPE_BEGIN|[31]|this|Database.BatchableContextImpl|true|false
18:30:02.0 (30911158)|VARIABLE_ASSIGNMENT|[31]|this|{}|0x27038d62
18:30:02.0 (30918189)|VARIABLE_SCOPE_BEGIN|[31]|jobId|Id|false|false
18:30:02.0 (31051145)|VARIABLE_ASSIGNMENT|[31]|jobId|"707RQ00001vVqr7YAC"
18:30:02.0 (31057178)|VARIABLE_SCOPE_BEGIN|[31]|childJobId|Id|false|false
18:30:02.0 (31064991)|VARIABLE_ASSIGNMENT|[31]|childJobId|null
18:30:02.0 (34339002)|HEAP_ALLOCATE|[EXTERNAL]|Bytes:99
18:30:02.0 (34364624)|HEAP_ALLOCATE|[EXTERNAL]|Bytes:12
18:30:02.0 (34378774)|METHOD_ENTRY|[11]|01p3l00000EBsec|BatchUpdateCaseGestorBO.BatchUpdateCaseGestorBO()
18:30:02.0 (34420364)|STATEMENT_EXECUTE|[11]
18:30:02.0 (34437679)|STATEMENT_EXECUTE|[11]
18:30:02.0 (34444669)|METHOD_EXIT|[11]|BatchUpdateCaseGestorBO
18:30:02.0 (34452446)|HEAP_ALLOCATE|[EXTERNAL]|Bytes:20
18:30:02.0 (34456081)|HEAP_ALLOCATE|[EXTERNAL]|Bytes:12
18:30:02.0 (34464820)|VARIABLE_SCOPE_BEGIN|[33]|this|BatchUpdateCaseGestorBO|true|false
18:30:02.0 (34531295)|VARIABLE_ASSIGNMENT|[33]|this|{"idQueueFraudesCredito":"00G3l000004HYBREA4","intCallMSAttempts":3,"lstRecordTypesBO":"0x28590cca","lstRequestsWithError":"0x130afc3e"}|0x3d7cae80
18:30:02.0 (34537970)|VARIABLE_SCOPE_BEGIN|[33]|BC|Database.BatchableContext|true|false
18:30:02.0 (34626039)|VARIABLE_ASSIGNMENT|[33]|BC|{"jobId":"707RQ00001vVqr7YAC"}|0x27038d62
18:30:02.0 (34639145)|STATEMENT_EXECUTE|[33]
18:30:02.0 (34640696)|STATEMENT_EXECUTE|[35]
18:30:02.0 (34645321)|HEAP_ALLOCATE|[35]|Bytes:217
18:30:02.0 (34676983)|HEAP_ALLOCATE|[35]|Bytes:4
18:30:02.0 (34694843)|HEAP_ALLOCATE|[35]|Bytes:7
18:30:02.0 (34712228)|HEAP_ALLOCATE|[35]|Bytes:7
18:30:02.0 (34719023)|HEAP_ALLOCATE|[35]|Bytes:7
18:30:02.0 (34764315)|HEAP_ALLOCATE|[68]|Bytes:5
18:30:02.0 (34793773)|HEAP_ALLOCATE|[74]|Bytes:5
18:30:02.0 (34801277)|HEAP_ALLOCATE|[82]|Bytes:7
18:30:02.0 (37104795)|SOQL_EXECUTE_BEGIN|[35]|Aggregations:0|SELECT ID_Solicitud__c, Solicitud_Repetida__c, Total_a_Condonar__c FROM Case WHERE (OwnerId = :tmpVar1 AND RecordTypeId IN :tmpVar2 AND (Actualizaci_n_de_domicilio_en_SAT__c = FALSE OR Total_a_Condonar__c < :tmpVar3))
18:30:02.0 (89647153)|SOQL_EXECUTE_END|[35]|Rows:3
18:30:02.0 (89851484)|HEAP_ALLOCATE|[35]|Bytes:20
18:30:02.136 (136312805)|CUMULATIVE_LIMIT_USAGE
18:30:02.136 (136312805)|LIMIT_USAGE_FOR_NS|(default)|
  Number of SOQL queries: 0 out of 200
  Number of query rows: 0 out of 50000
  Number of SOSL queries: 0 out of 20
  Number of DML statements: 0 out of 150
  Number of Publish Immediate DML: 0 out of 150
  Number of DML rows: 0 out of 10000
  Maximum CPU time: 0 out of 60000
  Maximum heap size: 0 out of 12000000
  Number of callouts: 0 out of 0
  Number of Email Invocations: 0 out of 10
  Number of future calls: 0 out of 0
  Number of queueable jobs added to the queue: 0 out of 1
  Number of Mobile Apex push calls: 0 out of 10

18:30:02.136 (136312805)|CUMULATIVE_LIMIT_USAGE_END

18:30:02.0 (136444043)|CODE_UNIT_FINISHED|BatchUpdateCaseGestorBO
18:30:02.0 (136470586)|EXECUTION_FINISHED
