66.0 APEX_CODE,FINEST;APEX_PROFILING,INFO;CALLOUT,INFO;DATA_ACCESS,INFO;DB,INFO;NBA,INFO;SYSTEM,DEBUG;VALIDATION,INFO;VISUALFORCE,INFO;WAVE,INFO;WORKFLOW,INFO
17:48:06.0 (437303)|USER_INFO|[EXTERNAL]|0051N000008bAK9|contingenciafalabella@falabella.com.mx|(GMT-06:00) Central Standard Time (America/Mexico_City)|GMT-06:00
17:48:06.0 (557229)|EXECUTION_STARTED
17:48:06.0 (579543)|CODE_UNIT_STARTED|[EXTERNAL]|apex://ExpedientesFalabella/ACTION$getDocumentBlobStorage
17:48:06.0 (3362851)|CODE_UNIT_STARTED|[EXTERNAL]|01p3l000005r3c4|ExpedientesFalabella.getDocumentBlobStorage(String, String, String)
17:48:06.0 (3705942)|HEAP_ALLOCATE|[95]|Bytes:3
17:48:06.0 (3831794)|HEAP_ALLOCATE|[100]|Bytes:152
17:48:06.0 (3849031)|HEAP_ALLOCATE|[417]|Bytes:408
17:48:06.0 (3865522)|HEAP_ALLOCATE|[430]|Bytes:408
17:48:06.0 (3892941)|HEAP_ALLOCATE|[317]|Bytes:6
17:48:06.0 (3906024)|HEAP_ALLOCATE|[EXTERNAL]|Bytes:20
17:48:06.0 (3910059)|HEAP_ALLOCATE|[EXTERNAL]|Bytes:11
17:48:06.0 (3940278)|METHOD_ENTRY|[12]|01p3l000005r3c4|ExpedientesFalabella.ExpedientesFalabella()
17:48:06.0 (3971306)|STATEMENT_EXECUTE|[12]
17:48:06.0 (3987716)|STATEMENT_EXECUTE|[12]
17:48:06.0 (3994314)|METHOD_EXIT|[12]|ExpedientesFalabella
17:48:06.0 (3999181)|HEAP_ALLOCATE|[EXTERNAL]|Bytes:9
17:48:06.0 (4001729)|HEAP_ALLOCATE|[EXTERNAL]|Bytes:22
17:48:06.0 (4004809)|HEAP_ALLOCATE|[EXTERNAL]|Bytes:11
17:48:06.0 (4034274)|VARIABLE_SCOPE_BEGIN|[91]|idSolicitud|String|false|false
17:48:06.0 (4105801)|VARIABLE_ASSIGNMENT|[91]|idSolicitud|"309495430"
17:48:06.0 (4125507)|VARIABLE_SCOPE_BEGIN|[91]|link|String|false|false
17:48:06.0 (4134651)|VARIABLE_ASSIGNMENT|[91]|link|"-ComprobanteDomicili (2 more) ..."
17:48:06.0 (4137833)|VARIABLE_SCOPE_BEGIN|[91]|microServicio|String|false|false
17:48:06.0 (4144146)|VARIABLE_ASSIGNMENT|[91]|microServicio|"BlobStorage"
17:48:06.0 (4155394)|STATEMENT_EXECUTE|[91]
17:48:06.0 (4157183)|STATEMENT_EXECUTE|[93]
17:48:06.0 (7103526)|VARIABLE_SCOPE_BEGIN|[18]|MicroServicioModalImagenesBO.ENDPOINTBLOBSTORAGE|String|false|true
17:48:06.0 (7123882)|VARIABLE_SCOPE_BEGIN|[19]|MicroServicioModalImagenesBO.ENDPOINTWISTONDATA|String|false|true
17:48:06.0 (7129420)|VARIABLE_SCOPE_BEGIN|[20]|MicroServicioModalImagenesBO.MICROSBLOBSTORAGE|String|false|true
17:48:06.0 (7134774)|VARIABLE_SCOPE_BEGIN|[21]|MicroServicioModalImagenesBO.MICROSWISTONDATA|String|false|true
17:48:06.0 (7139880)|VARIABLE_SCOPE_BEGIN|[17]|MicroServicioModalImagenesBO.POST|String|false|true
17:48:06.0 (7161757)|HEAP_ALLOCATE|[93]|Bytes:20
17:48:06.0 (7176827)|HEAP_ALLOCATE|[93]|Bytes:48
17:48:06.0 (7180249)|HEAP_ALLOCATE|[93]|Bytes:24
17:48:06.0 (7263911)|VARIABLE_ASSIGNMENT|[93]|MicroServicioModalImagenesBO.ENDPOINTBLOBSTORAGE|"onboarding/file/down (4 more) ..."
17:48:06.0 (7272496)|HEAP_ALLOCATE|[93]|Bytes:25
17:48:06.0 (7280716)|VARIABLE_ASSIGNMENT|[93]|MicroServicioModalImagenesBO.ENDPOINTWISTONDATA|"integracion/file/dow (5 more) ..."
17:48:06.0 (7284047)|HEAP_ALLOCATE|[93]|Bytes:27
17:48:06.0 (7289454)|VARIABLE_ASSIGNMENT|[93]|MicroServicioModalImagenesBO.MICROSBLOBSTORAGE|"MicroServicioImgBlob (7 more) ..."
17:48:06.0 (7292356)|HEAP_ALLOCATE|[93]|Bytes:26
17:48:06.0 (7298117)|VARIABLE_ASSIGNMENT|[93]|MicroServicioModalImagenesBO.MICROSWISTONDATA|"MicroServicioImgWist (6 more) ..."
17:48:06.0 (7301164)|HEAP_ALLOCATE|[93]|Bytes:4
17:48:06.0 (7306274)|VARIABLE_ASSIGNMENT|[93]|MicroServicioModalImagenesBO.POST|"POST"
17:48:06.0 (7356644)|METHOD_ENTRY|[14]|01p3l000005qhVh|MicroServicioModalImagenesBO.MicroServicioModalImagenesBO()
17:48:06.0 (7375831)|STATEMENT_EXECUTE|[14]
17:48:06.0 (7389531)|STATEMENT_EXECUTE|[14]
17:48:06.0 (7398746)|METHOD_EXIT|[14]|MicroServicioModalImagenesBO
17:48:06.0 (7453048)|METHOD_ENTRY|[93]|01p3l000005qhVh|MicroServicioModalImagenesBO.descargarImagen(String, String, String)
17:48:06.0 (7499896)|VARIABLE_SCOPE_BEGIN|[106]|idSolicitud|String|false|false
17:48:06.0 (7510560)|VARIABLE_ASSIGNMENT|[106]|idSolicitud|"309495430"
17:48:06.0 (7513831)|VARIABLE_SCOPE_BEGIN|[106]|link|String|false|false
17:48:06.0 (7520874)|VARIABLE_ASSIGNMENT|[106]|link|"-ComprobanteDomicili (2 more) ..."
17:48:06.0 (7523583)|VARIABLE_SCOPE_BEGIN|[106]|microServicio|String|false|false
17:48:06.0 (7529656)|VARIABLE_ASSIGNMENT|[106]|microServicio|"BlobStorage"
17:48:06.0 (7537515)|STATEMENT_EXECUTE|[106]
17:48:06.0 (7539704)|STATEMENT_EXECUTE|[108]
17:48:06.0 (7561554)|HEAP_ALLOCATE|[108]|Bytes:4
17:48:06.0 (7579216)|VARIABLE_SCOPE_BEGIN|[108]|result|Map<String,ANY>|true|false
17:48:06.0 (7631724)|VARIABLE_ASSIGNMENT|[108]|result|{}|0x7d9b3cfb
17:48:06.0 (7638217)|STATEMENT_EXECUTE|[109]
17:48:06.0 (7661524)|HEAP_ALLOCATE|[68]|Bytes:5
17:48:06.0 (7691063)|HEAP_ALLOCATE|[74]|Bytes:5
17:48:06.0 (7700538)|HEAP_ALLOCATE|[82]|Bytes:7
17:48:06.0 (7716894)|VARIABLE_SCOPE_BEGIN|[109]|success|Boolean|false|false
17:48:06.0 (7925834)|HEAP_ALLOCATE|[109]|Bytes:5
17:48:06.0 (7936916)|VARIABLE_ASSIGNMENT|[109]|success|false
17:48:06.0 (7942569)|STATEMENT_EXECUTE|[110]
17:48:06.0 (7945647)|VARIABLE_SCOPE_BEGIN|[110]|base64_Img|String|false|false
17:48:06.0 (7953254)|VARIABLE_ASSIGNMENT|[110]|base64_Img|null
17:48:06.0 (7957229)|STATEMENT_EXECUTE|[112]
17:48:06.0 (7960219)|HEAP_ALLOCATE|[112]|Bytes:14
17:48:06.0 (7979110)|HEAP_ALLOCATE|[112]|Bytes:23
17:48:06.0 (8117784)|USER_DEBUG|[112]|DEBUG|idSolicitud:  309495430
17:48:06.0 (8136520)|STATEMENT_EXECUTE|[113]
17:48:06.0 (8138918)|HEAP_ALLOCATE|[113]|Bytes:7
17:48:06.0 (8145290)|HEAP_ALLOCATE|[113]|Bytes:29
17:48:06.0 (8159635)|USER_DEBUG|[113]|DEBUG|link:  -ComprobanteDomicilio2
17:48:06.0 (8166381)|STATEMENT_EXECUTE|[114]
17:48:06.0 (8168359)|HEAP_ALLOCATE|[114]|Bytes:16
17:48:06.0 (8172741)|HEAP_ALLOCATE|[114]|Bytes:27
17:48:06.0 (8181901)|USER_DEBUG|[114]|DEBUG|microServicio:  BlobStorage
17:48:06.0 (8198582)|STATEMENT_EXECUTE|[116]
17:48:06.0 (8219103)|HEAP_ALLOCATE|[116]|Bytes:4
17:48:06.0 (8228303)|VARIABLE_SCOPE_BEGIN|[116]|params|Map<String,Map<String,String>>|true|false
17:48:06.0 (8243229)|VARIABLE_ASSIGNMENT|[116]|params|{}|0x7dcc02fc
17:48:06.0 (8247797)|STATEMENT_EXECUTE|[118]
17:48:06.0 (8410599)|HEAP_ALLOCATE|[118]|Bytes:8
17:48:06.0 (8435614)|CONSTRUCTOR_ENTRY|[118]|01p3l000005qhVh|<init>()|MicroServicioModalImagenesBO
17:48:06.0 (8477257)|VARIABLE_SCOPE_BEGIN|[14]|this|MicroServicioModalImagenesBO|true|false
17:48:06.0 (8536056)|VARIABLE_ASSIGNMENT|[14]|this|{}|0x2184720f
17:48:06.0 (8542258)|HEAP_ALLOCATE|[EXTERNAL]|Bytes:6
17:48:06.0 (10087134)|STATEMENT_EXECUTE|[14]
17:48:06.0 (10090309)|STATEMENT_EXECUTE|[16]
17:48:06.0 (10105542)|CONSTRUCTOR_EXIT|[118]|01p3l000005qhVh|<init>()|MicroServicioModalImagenesBO
17:48:06.0 (10115114)|VARIABLE_SCOPE_BEGIN|[118]|msDescargarImg|MicroServicioModalImagenesBO|true|false
17:48:06.0 (10143241)|VARIABLE_ASSIGNMENT|[118]|msDescargarImg|{}|0x2184720f
17:48:06.0 (10149829)|HEAP_ALLOCATE|[120]|Bytes:11
17:48:06.0 (10173927)|STATEMENT_EXECUTE|[120]
17:48:06.0 (10175389)|STATEMENT_EXECUTE|[122]
17:48:06.0 (10177274)|HEAP_ALLOCATE|[122]|Bytes:4
17:48:06.0 (10195789)|HEAP_ALLOCATE|[122]|Bytes:4
17:48:06.0 (10253674)|HEAP_ALLOCATE|[EXTERNAL]|Bytes:-4
17:48:06.0 (10260739)|STATEMENT_EXECUTE|[123]
17:48:06.0 (10280971)|HEAP_ALLOCATE|[123]|Bytes:12
17:48:06.0 (10288410)|HEAP_ALLOCATE|[123]|Bytes:31
17:48:06.0 (10294268)|HEAP_ALLOCATE|[EXTERNAL]|Bytes:-4
17:48:06.0 (10297566)|STATEMENT_EXECUTE|[125]
17:48:06.0 (10313219)|METHOD_ENTRY|[125]|01p3l000005qhVh|MicroServicioModalImagenesBO.MicroServicioBlobStorage()
17:48:06.0 (10327551)|VARIABLE_SCOPE_BEGIN|[26]|this|MicroServicioModalImagenesBO|true|false
17:48:06.0 (10338395)|VARIABLE_ASSIGNMENT|[26]|this|{}|0x2184720f
17:48:06.0 (10343259)|STATEMENT_EXECUTE|[26]
17:48:06.0 (10344394)|STATEMENT_EXECUTE|[28]
17:48:06.0 (10348984)|HEAP_ALLOCATE|[28]|Bytes:61
17:48:06.0 (10355554)|HEAP_ALLOCATE|[28]|Bytes:27
17:48:06.0 (10373077)|METHOD_ENTRY|[12]|01p1N00000EREqf|ClienteMicroServicios.ClienteMicroServicios()
17:48:06.0 (10379036)|STATEMENT_EXECUTE|[12]
17:48:06.0 (10383981)|STATEMENT_EXECUTE|[12]
17:48:06.0 (10388565)|METHOD_EXIT|[12]|ClienteMicroServicios
17:48:06.0 (10392989)|HEAP_ALLOCATE|[28]|Bytes:124
17:48:06.0 (10400613)|CONSTRUCTOR_ENTRY|[28]|01p1N00000EREqf|<init>()|ClienteMicroServicios
17:48:06.0 (10421139)|VARIABLE_SCOPE_BEGIN|[54]|this|ClienteMicroServicios|true|false
17:48:06.0 (10620672)|VARIABLE_ASSIGNMENT|[54]|this|{}|0x4d83db13
17:48:06.0 (10626229)|STATEMENT_EXECUTE|[12]
17:48:06.0 (10627419)|STATEMENT_EXECUTE|[14]
17:48:06.0 (10629766)|HEAP_ALLOCATE|[14]|Bytes:23
17:48:06.0 (10649608)|VARIABLE_ASSIGNMENT|[14]|this.BASE_URL|"https://cmr-mx-busin (3 more) ..."|0x4d83db13
17:48:06.0 (10652926)|STATEMENT_EXECUTE|[15]
17:48:06.0 (10654239)|HEAP_ALLOCATE|[15]|Bytes:23
17:48:06.0 (10658854)|VARIABLE_ASSIGNMENT|[15]|this.URI|".fif.tech/api/busine (3 more) ..."|0x4d83db13
17:48:06.0 (10661634)|STATEMENT_EXECUTE|[17]
17:48:06.0 (10662966)|HEAP_ALLOCATE|[17]|Bytes:7
17:48:06.0 (10666225)|VARIABLE_ASSIGNMENT|[17]|this.BACKEND|"backend"|0x4d83db13
17:48:06.0 (10669099)|STATEMENT_EXECUTE|[19]
17:48:06.0 (10670544)|HEAP_ALLOCATE|[19]|Bytes:16
17:48:06.0 (10674054)|VARIABLE_ASSIGNMENT|[19]|this.APP_JSON|"application/json"|0x4d83db13
17:48:06.0 (10676684)|STATEMENT_EXECUTE|[20]
17:48:06.0 (10677629)|HEAP_ALLOCATE|[20]|Bytes:12
17:48:06.0 (10681131)|VARIABLE_ASSIGNMENT|[20]|this.CONT_TYPE|"Content-Type"|0x4d83db13
17:48:06.0 (10684098)|STATEMENT_EXECUTE|[21]
17:48:06.0 (10688099)|HEAP_ALLOCATE|[21]|Bytes:4
17:48:06.0 (10694091)|VARIABLE_ASSIGNMENT|[21]|this.TIME_OUT|120000|0x4d83db13
17:48:06.0 (10696895)|STATEMENT_EXECUTE|[22]
17:48:06.0 (10698173)|HEAP_ALLOCATE|[22]|Bytes:8
17:48:06.0 (10701494)|VARIABLE_ASSIGNMENT|[22]|this.endpoint|"products"|0x4d83db13
17:48:06.0 (10704369)|STATEMENT_EXECUTE|[23]
17:48:06.0 (10705394)|HEAP_ALLOCATE|[23]|Bytes:4
17:48:06.0 (10708796)|VARIABLE_ASSIGNMENT|[23]|this.method|"POST"|0x4d83db13
17:48:06.0 (10711600)|STATEMENT_EXECUTE|[24]
17:48:06.0 (10712584)|HEAP_ALLOCATE|[24]|Bytes:2
17:48:06.0 (10715968)|VARIABLE_ASSIGNMENT|[24]|this.version|"v1"|0x4d83db13
17:48:06.0 (10718826)|STATEMENT_EXECUTE|[25]
17:48:06.0 (10720096)|HEAP_ALLOCATE|[25]|Bytes:14
17:48:06.0 (10723726)|VARIABLE_ASSIGNMENT|[25]|this.MDW_CS_CHANNEL|"mdw-cs-channel"|0x4d83db13
17:48:06.0 (10726444)|STATEMENT_EXECUTE|[26]
17:48:06.0 (10727622)|HEAP_ALLOCATE|[26]|Bytes:15
17:48:06.0 (10730911)|VARIABLE_ASSIGNMENT|[26]|this.MDW_CS_COMMERCE|"mdw-cs-commerce"|0x4d83db13
17:48:06.0 (10733693)|STATEMENT_EXECUTE|[27]
17:48:06.0 (10734969)|HEAP_ALLOCATE|[27]|Bytes:14
17:48:06.0 (10738369)|VARIABLE_ASSIGNMENT|[27]|this.MDW_CS_COUNTRY|"mdw-cs-country"|0x4d83db13
17:48:06.0 (10740919)|STATEMENT_EXECUTE|[28]
17:48:06.0 (10741795)|HEAP_ALLOCATE|[28]|Bytes:11
17:48:06.0 (10746611)|VARIABLE_ASSIGNMENT|[28]|this.MDW_CS_DATE|"mdw-cs-date"|0x4d83db13
17:48:06.0 (10749314)|STATEMENT_EXECUTE|[29]
17:48:06.0 (10750359)|HEAP_ALLOCATE|[29]|Bytes:11
17:48:06.0 (10753803)|VARIABLE_ASSIGNMENT|[29]|this.MDW_CS_HOUR|"mdw-cs-hour"|0x4d83db13
17:48:06.0 (10756388)|STATEMENT_EXECUTE|[30]
17:48:06.0 (10757581)|STATEMENT_EXECUTE|[31]
17:48:06.0 (10758856)|HEAP_ALLOCATE|[31]|Bytes:7
17:48:06.0 (10762404)|VARIABLE_ASSIGNMENT|[31]|this.microServicio|"default"|0x4d83db13
17:48:06.0 (10765034)|STATEMENT_EXECUTE|[34]
17:48:06.0 (10766249)|HEAP_ALLOCATE|[34]|Bytes:10
17:48:06.0 (10769726)|VARIABLE_ASSIGNMENT|[34]|this.GRANT_TYPE|"grant_type"|0x4d83db13
17:48:06.0 (10772599)|STATEMENT_EXECUTE|[35]
17:48:06.0 (10773624)|HEAP_ALLOCATE|[35]|Bytes:8
17:48:06.0 (10777074)|VARIABLE_ASSIGNMENT|[35]|this.PASSWORD|"password"|0x4d83db13
17:48:06.0 (10779574)|STATEMENT_EXECUTE|[36]
17:48:06.0 (10780815)|HEAP_ALLOCATE|[36]|Bytes:9
17:48:06.0 (10813184)|VARIABLE_ASSIGNMENT|[36]|this.CLIENT_ID|"client_id"|0x4d83db13
17:48:06.0 (10817849)|STATEMENT_EXECUTE|[37]
17:48:06.0 (10819336)|HEAP_ALLOCATE|[37]|Bytes:13
17:48:06.0 (10824547)|VARIABLE_ASSIGNMENT|[37]|this.CLIENT_SECRET|"client_secret"|0x4d83db13
17:48:06.0 (10828352)|STATEMENT_EXECUTE|[38]
17:48:06.0 (10829892)|HEAP_ALLOCATE|[38]|Bytes:13
17:48:06.0 (10834645)|VARIABLE_ASSIGNMENT|[38]|this.PROVISION_KEY|"provision_key"|0x4d83db13
17:48:06.0 (10838524)|STATEMENT_EXECUTE|[39]
17:48:06.0 (10839865)|HEAP_ALLOCATE|[39]|Bytes:20
17:48:06.0 (10844474)|VARIABLE_ASSIGNMENT|[39]|this.AUTHENTICATED_USERID|"authenticated_userid"|0x4d83db13
17:48:06.0 (10848866)|STATEMENT_EXECUTE|[40]
17:48:06.0 (10850742)|HEAP_ALLOCATE|[40]|Bytes:12
17:48:06.0 (10856234)|VARIABLE_ASSIGNMENT|[40]|this.AT|"access_token"|0x4d83db13
17:48:06.0 (10860449)|STATEMENT_EXECUTE|[42]
17:48:06.0 (10861732)|HEAP_ALLOCATE|[42]|Bytes:13
17:48:06.0 (10866462)|VARIABLE_ASSIGNMENT|[42]|this.AUTH|"Authorization"|0x4d83db13
17:48:06.0 (10870415)|STATEMENT_EXECUTE|[43]
17:48:06.0 (10871711)|HEAP_ALLOCATE|[43]|Bytes:6
17:48:06.0 (10876191)|VARIABLE_ASSIGNMENT|[43]|this.BEARER|"Bearer"|0x4d83db13
17:48:06.0 (10880010)|STATEMENT_EXECUTE|[44]
17:48:06.0 (10881912)|HEAP_ALLOCATE|[44]|Bytes:12
17:48:06.0 (10887014)|VARIABLE_ASSIGNMENT|[44]|this.OAUTH|"oauth2/token"|0x4d83db13
17:48:06.0 (10890551)|STATEMENT_EXECUTE|[47]
17:48:06.0 (10891754)|HEAP_ALLOCATE|[47]|Bytes:8
17:48:06.0 (10897454)|VARIABLE_ASSIGNMENT|[47]|this.SECCTION|"secction"|0x4d83db13
17:48:06.0 (10901343)|STATEMENT_EXECUTE|[48]
17:48:06.0 (10903149)|HEAP_ALLOCATE|[48]|Bytes:10
17:48:06.0 (10907479)|VARIABLE_ASSIGNMENT|[48]|this.APIVERSION|"apiversion"|0x4d83db13
17:48:06.0 (10911261)|STATEMENT_EXECUTE|[49]
17:48:06.0 (10912836)|HEAP_ALLOCATE|[49]|Bytes:5
17:48:06.0 (10917619)|VARIABLE_ASSIGNMENT|[49]|this.SCORETOKEN|"token"|0x4d83db13
17:48:06.0 (10921195)|STATEMENT_EXECUTE|[52]
17:48:06.0 (10925681)|VARIABLE_ASSIGNMENT|[52]|this.access_token|""|0x4d83db13
17:48:06.0 (10945554)|STATEMENT_EXECUTE|[54]
17:48:06.0 (10947175)|STATEMENT_EXECUTE|[55]
17:48:06.0 (10968227)|METHOD_ENTRY|[55]|01p1N00000EREqf|ClienteMicroServicios.setMicroServicio(String)
17:48:06.0 (10991073)|VARIABLE_SCOPE_BEGIN|[74]|this|ClienteMicroServicios|true|false
17:48:06.0 (11040071)|VARIABLE_ASSIGNMENT|[74]|this|{"access_token":"","APIVERSION":"apiversion","APP_JSON":"application/json","AT":"access_token","AUTH":"Authorization","AUTHENTICATED_USERID":"authenticated_userid","BACKEND":"backend","BASE_URL":"https://cmr-mx-busin (3 more) ...","BEARER":"Bearer","CLIENT_ID":"client_id","CLIENT_SECRET":"client_secret","CONT_TYPE":"Content-Type","endpoint":"products","GRANT_TYPE":"grant_type","MDW_CS_CHANNEL":"mdw-cs-channel","MDW_CS_COMMERCE":"mdw-cs-commerce","MDW_CS_COUNTRY":"mdw-cs-country","MDW_CS_DATE":"mdw-cs-date","MDW_CS_HOUR":"mdw-cs-hour","method":"POST","microServicio":"default","OAUTH":"oauth2/token","PASSWORD":"password","PROVISION_KEY":"provision_key","SCORETOKEN":"token","SECCTION":"secction","TIME_OUT":120000,"URI":".fif.tech/api/busine (3 more) ...","version":"v1"}|0x4d83db13
17:48:06.0 (11075369)|VARIABLE_SCOPE_BEGIN|[74]|microServicio|String|false|false
17:48:06.0 (11081459)|VARIABLE_ASSIGNMENT|[74]|microServicio|"default"
17:48:06.0 (11087794)|STATEMENT_EXECUTE|[74]
17:48:06.0 (11089489)|STATEMENT_EXECUTE|[76]
17:48:06.0 (11096180)|VARIABLE_ASSIGNMENT|[76]|this.microServicio|"default"|0x4d83db13
17:48:06.0 (11099985)|STATEMENT_EXECUTE|[77]
17:48:06.0 (11101904)|HEAP_ALLOCATE|[77]|Bytes:226
17:48:06.0 (11115793)|HEAP_ALLOCATE|[77]|Bytes:4
17:48:06.0 (11122814)|HEAP_ALLOCATE|[77]|Bytes:7
17:48:06.0 (11857614)|SOQL_EXECUTE_BEGIN|[77]|Aggregations:0|SELECT Ambiente__c, Channel__c, Commerce__c, Country__c, Client_ID__c, Client_Secret__c, Provision_Key__c, Authenticated_UserID__c, Section__c, Apiversion__c FROM Configuracion_Microservicio__mdt WHERE Label = :tmpVar1 LIMIT 1
17:48:06.0 (18651254)|SOQL_EXECUTE_END|[77]|Rows:1
17:48:06.0 (18686304)|HEAP_ALLOCATE|[77]|Bytes:8
17:48:06.0 (18706696)|HEAP_ALLOCATE|[77]|Bytes:260
17:48:06.0 (18814381)|HEAP_ALLOCATE|[77]|Bytes:8
17:48:06.0 (18831648)|HEAP_ALLOCATE|[77]|Bytes:58
17:48:06.0 (18885748)|HEAP_ALLOCATE|[77]|Bytes:36
17:48:06.0 (19008529)|VARIABLE_ASSIGNMENT|[77]|this.cm|{"Country__c":"MX","Client_Secret__c":"OTM5ZTgxMzIwNzI2ZGNl (12 more) ...","Authenticated_UserID__c":"0","Client_ID__c":"MTI3ZjBjNmE3NTg1ZTVm (12 more) ...","Id":"m071N000000CbDpQAK","Channel__c":"Web","Provision_Key__c":"MjU2NjIwMTFjYmJkZjJk (12 more) ...","Commerce__c":"CMR"}|0x4d83db13
17:48:06.0 (19021306)|METHOD_EXIT|[55]|01p1N00000EREqf|ClienteMicroServicios.setMicroServicio(String)
17:48:06.0 (19044265)|CONSTRUCTOR_EXIT|[28]|01p1N00000EREqf|<init>()|ClienteMicroServicios
17:48:06.0 (19055161)|VARIABLE_ASSIGNMENT|[28]|this.cliente|0x4d83db13|0x2184720f
17:48:06.0 (19068809)|STATEMENT_EXECUTE|[29]
17:48:06.0 (19094464)|METHOD_ENTRY|[29]|01p1N00000EREqf|ClienteMicroServicios.setMethod(String)
17:48:06.0 (19129224)|VARIABLE_SCOPE_BEGIN|[64]|this|ClienteMicroServicios|true|false
17:48:06.0 (19195014)|VARIABLE_ASSIGNMENT|[64]|this|{"access_token":"","APIVERSION":"apiversion","APP_JSON":"application/json","AT":"access_token","AUTH":"Authorization","AUTHENTICATED_USERID":"authenticated_userid","BACKEND":"backend","BASE_URL":"https://cmr-mx-busin (3 more) ...","BEARER":"Bearer","CLIENT_ID":"client_id","CLIENT_SECRET":"client_secret","cm":"0x3b33426a","CONT_TYPE":"Content-Type","endpoint":"products","GRANT_TYPE":"grant_type","MDW_CS_CHANNEL":"mdw-cs-channel","MDW_CS_COMMERCE":"mdw-cs-commerce","MDW_CS_COUNTRY":"mdw-cs-country","MDW_CS_DATE":"mdw-cs-date","MDW_CS_HOUR":"mdw-cs-hour","method":"POST","microServicio":"default","OAUTH":"oauth2/token","PASSWORD":"password","PROVISION_KEY":"provision_key","SCORETOKEN":"token","SECCTION":"secction","TIME_OUT":120000,"URI":".fif.tech/api/busine (3 more) ...","version":"v1"}|0x4d83db13
17:48:06.0 (19202609)|VARIABLE_SCOPE_BEGIN|[64]|method|String|false|false
17:48:06.0 (19206805)|VARIABLE_ASSIGNMENT|[64]|method|"POST"
17:48:06.0 (19212837)|STATEMENT_EXECUTE|[64]
17:48:06.0 (19214074)|STATEMENT_EXECUTE|[66]
17:48:06.0 (19217922)|VARIABLE_ASSIGNMENT|[66]|this.method|"POST"|0x4d83db13
17:48:06.0 (19221788)|METHOD_EXIT|[29]|01p1N00000EREqf|ClienteMicroServicios.setMethod(String)
17:48:06.0 (19225034)|STATEMENT_EXECUTE|[30]
17:48:06.0 (19231568)|METHOD_ENTRY|[30]|01p1N00000EREqf|ClienteMicroServicios.setEndpoint(String)
17:48:06.0 (19239601)|VARIABLE_SCOPE_BEGIN|[59]|this|ClienteMicroServicios|true|false
17:48:06.0 (19261572)|VARIABLE_ASSIGNMENT|[59]|this|{"access_token":"","APIVERSION":"apiversion","APP_JSON":"application/json","AT":"access_token","AUTH":"Authorization","AUTHENTICATED_USERID":"authenticated_userid","BACKEND":"backend","BASE_URL":"https://cmr-mx-busin (3 more) ...","BEARER":"Bearer","CLIENT_ID":"client_id","CLIENT_SECRET":"client_secret","cm":"0x3b33426a","CONT_TYPE":"Content-Type","endpoint":"products","GRANT_TYPE":"grant_type","MDW_CS_CHANNEL":"mdw-cs-channel","MDW_CS_COMMERCE":"mdw-cs-commerce","MDW_CS_COUNTRY":"mdw-cs-country","MDW_CS_DATE":"mdw-cs-date","MDW_CS_HOUR":"mdw-cs-hour","method":"POST","microServicio":"default","OAUTH":"oauth2/token","PASSWORD":"password","PROVISION_KEY":"provision_key","SCORETOKEN":"token","SECCTION":"secction","TIME_OUT":120000,"URI":".fif.tech/api/busine (3 more) ...","version":"v1"}|0x4d83db13
17:48:06.0 (19268176)|VARIABLE_SCOPE_BEGIN|[59]|endpoint|String|false|false
17:48:06.0 (19272571)|VARIABLE_ASSIGNMENT|[59]|endpoint|"onboarding/file/down (4 more) ..."
17:48:06.0 (19276229)|STATEMENT_EXECUTE|[59]
17:48:06.0 (19277606)|STATEMENT_EXECUTE|[61]
17:48:06.0 (19281094)|VARIABLE_ASSIGNMENT|[61]|this.endpoint|"onboarding/file/down (4 more) ..."|0x4d83db13
17:48:06.0 (19284477)|METHOD_EXIT|[30]|01p1N00000EREqf|ClienteMicroServicios.setEndpoint(String)
17:48:06.0 (19287361)|STATEMENT_EXECUTE|[31]
17:48:06.0 (19290934)|METHOD_ENTRY|[31]|01p1N00000EREqf|ClienteMicroServicios.setMicroServicio(String)
17:48:06.0 (19295711)|VARIABLE_SCOPE_BEGIN|[74]|this|ClienteMicroServicios|true|false
17:48:06.0 (19314439)|VARIABLE_ASSIGNMENT|[74]|this|{"access_token":"","APIVERSION":"apiversion","APP_JSON":"application/json","AT":"access_token","AUTH":"Authorization","AUTHENTICATED_USERID":"authenticated_userid","BACKEND":"backend","BASE_URL":"https://cmr-mx-busin (3 more) ...","BEARER":"Bearer","CLIENT_ID":"client_id","CLIENT_SECRET":"client_secret","cm":"0x3b33426a","CONT_TYPE":"Content-Type","endpoint":"onboarding/file/down (4 more) ...","GRANT_TYPE":"grant_type","MDW_CS_CHANNEL":"mdw-cs-channel","MDW_CS_COMMERCE":"mdw-cs-commerce","MDW_CS_COUNTRY":"mdw-cs-country","MDW_CS_DATE":"mdw-cs-date","MDW_CS_HOUR":"mdw-cs-hour","method":"POST","microServicio":"default","OAUTH":"oauth2/token","PASSWORD":"password","PROVISION_KEY":"provision_key","SCORETOKEN":"token","SECCTION":"secction","TIME_OUT":120000,"URI":".fif.tech/api/busine (3 more) ...","version":"v1"}|0x4d83db13
17:48:06.0 (19320942)|VARIABLE_SCOPE_BEGIN|[74]|microServicio|String|false|false
17:48:06.0 (19325059)|VARIABLE_ASSIGNMENT|[74]|microServicio|"MicroServicioImgBlob (7 more) ..."
17:48:06.0 (19328472)|STATEMENT_EXECUTE|[74]
17:48:06.0 (19329638)|STATEMENT_EXECUTE|[76]
17:48:06.0 (19332864)|VARIABLE_ASSIGNMENT|[76]|this.microServicio|"MicroServicioImgBlob (7 more) ..."|0x4d83db13
17:48:06.0 (19335719)|STATEMENT_EXECUTE|[77]
17:48:06.0 (19346715)|HEAP_ALLOCATE|[77]|Bytes:4
17:48:06.0 (19662072)|SOQL_EXECUTE_BEGIN|[77]|Aggregations:0|SELECT Ambiente__c, Channel__c, Commerce__c, Country__c, Client_ID__c, Client_Secret__c, Provision_Key__c, Authenticated_UserID__c, Section__c, Apiversion__c FROM Configuracion_Microservicio__mdt WHERE Label = :tmpVar1 LIMIT 1
17:48:06.0 (21735634)|SOQL_EXECUTE_END|[77]|Rows:1
17:48:06.0 (21764108)|HEAP_ALLOCATE|[77]|Bytes:8
17:48:06.0 (21780004)|HEAP_ALLOCATE|[77]|Bytes:260
17:48:06.0 (21817016)|HEAP_ALLOCATE|[77]|Bytes:8
17:48:06.0 (21843061)|HEAP_ALLOCATE|[77]|Bytes:36
17:48:06.0 (21920954)|VARIABLE_ASSIGNMENT|[77]|this.cm|{"Country__c":"MX","Client_Secret__c":"OTM5ZTgxMzIwNzI2ZGNl (12 more) ...","Authenticated_UserID__c":"0","Client_ID__c":"MTI3ZjBjNmE3NTg1ZTVm (12 more) ...","Id":"m073l000000g14sAAA","Channel__c":"Web","Provision_Key__c":"MzYyYmVjYjFkOGI4YzZm (12 more) ...","Commerce__c":"CMR"}|0x4d83db13
17:48:06.0 (21931634)|METHOD_EXIT|[31]|01p1N00000EREqf|ClienteMicroServicios.setMicroServicio(String)
17:48:06.0 (21944241)|STATEMENT_EXECUTE|[32]
17:48:06.0 (21961929)|METHOD_ENTRY|[32]|01p1N00000EREqf|ClienteMicroServicios.generarToken()
17:48:06.0 (21991267)|VARIABLE_SCOPE_BEGIN|[83]|this|ClienteMicroServicios|true|false
17:48:06.0 (22042819)|VARIABLE_ASSIGNMENT|[83]|this|{"access_token":"","APIVERSION":"apiversion","APP_JSON":"application/json","AT":"access_token","AUTH":"Authorization","AUTHENTICATED_USERID":"authenticated_userid","BACKEND":"backend","BASE_URL":"https://cmr-mx-busin (3 more) ...","BEARER":"Bearer","CLIENT_ID":"client_id","CLIENT_SECRET":"client_secret","cm":"0x6d4344c0","CONT_TYPE":"Content-Type","endpoint":"onboarding/file/down (4 more) ...","GRANT_TYPE":"grant_type","MDW_CS_CHANNEL":"mdw-cs-channel","MDW_CS_COMMERCE":"mdw-cs-commerce","MDW_CS_COUNTRY":"mdw-cs-country","MDW_CS_DATE":"mdw-cs-date","MDW_CS_HOUR":"mdw-cs-hour","method":"POST","microServicio":"MicroServicioImgBlob (7 more) ...","OAUTH":"oauth2/token","PASSWORD":"password","PROVISION_KEY":"provision_key","SCORETOKEN":"token","SECCTION":"secction","TIME_OUT":120000,"URI":".fif.tech/api/busine (3 more) ...","version":"v1"}|0x4d83db13
17:48:06.0 (22053764)|STATEMENT_EXECUTE|[83]
17:48:06.0 (22054998)|STATEMENT_EXECUTE|[86]
17:48:06.0 (22066102)|HEAP_ALLOCATE|[86]|Bytes:4
17:48:06.0 (22144556)|VARIABLE_SCOPE_BEGIN|[86]|params|Map<String,String>|true|false
17:48:06.0 (22162709)|VARIABLE_ASSIGNMENT|[86]|params|{"grant_type":"password","client_id":"MTI3ZjBjNmE3NTg1ZTVm (12 more) ...","client_secret":"OTM5ZTgxMzIwNzI2ZGNl (12 more) ...","provision_key":"MzYyYmVjYjFkOGI4YzZm (12 more) ...","authenticated_userid":"0"}|0x15092cc1
17:48:06.0 (22167029)|STATEMENT_EXECUTE|[92]
17:48:06.0 (22172909)|METHOD_ENTRY|[92]|01p1N00000EREqf|ClienteMicroServicios.obtenerURLENDPOINT()
17:48:06.0 (22180574)|VARIABLE_SCOPE_BEGIN|[115]|this|ClienteMicroServicios|true|false
17:48:06.0 (22205322)|VARIABLE_ASSIGNMENT|[115]|this|{"access_token":"","APIVERSION":"apiversion","APP_JSON":"application/json","AT":"access_token","AUTH":"Authorization","AUTHENTICATED_USERID":"authenticated_userid","BACKEND":"backend","BASE_URL":"https://cmr-mx-busin (3 more) ...","BEARER":"Bearer","CLIENT_ID":"client_id","CLIENT_SECRET":"client_secret","cm":"0x6d4344c0","CONT_TYPE":"Content-Type","endpoint":"onboarding/file/down (4 more) ...","GRANT_TYPE":"grant_type","MDW_CS_CHANNEL":"mdw-cs-channel","MDW_CS_COMMERCE":"mdw-cs-commerce","MDW_CS_COUNTRY":"mdw-cs-country","MDW_CS_DATE":"mdw-cs-date","MDW_CS_HOUR":"mdw-cs-hour","method":"POST","microServicio":"MicroServicioImgBlob (7 more) ...","OAUTH":"oauth2/token","PASSWORD":"password","PROVISION_KEY":"provision_key","SCORETOKEN":"token","SECCTION":"secction","TIME_OUT":120000,"URI":".fif.tech/api/busine (3 more) ...","version":"v1"}|0x4d83db13
17:48:06.0 (22213948)|STATEMENT_EXECUTE|[115]
17:48:06.0 (22215070)|STATEMENT_EXECUTE|[117]
17:48:06.0 (22216963)|VARIABLE_SCOPE_BEGIN|[117]|url|String|false|false
17:48:06.0 (22221704)|VARIABLE_ASSIGNMENT|[117]|url|""
17:48:06.0 (22224056)|STATEMENT_EXECUTE|[118]
17:48:06.0 (22225911)|HEAP_ALLOCATE|[118]|Bytes:1
17:48:06.0 (22239134)|HEAP_ALLOCATE|[118]|Bytes:5
17:48:06.0 (22241706)|VARIABLE_SCOPE_BEGIN|[118]|Enviroment|String|false|false
17:48:06.0 (22245609)|VARIABLE_ASSIGNMENT|[118]|Enviroment|"-null"
17:48:06.0 (22249289)|STATEMENT_EXECUTE|[124]
17:48:06.0 (22250442)|STATEMENT_EXECUTE|[126]
17:48:06.0 (22252514)|HEAP_ALLOCATE|[126]|Bytes:1
17:48:06.0 (22265197)|HEAP_ALLOCATE|[126]|Bytes:57
17:48:06.0 (22267989)|HEAP_ALLOCATE|[126]|Bytes:81
17:48:06.0 (22271585)|VARIABLE_ASSIGNMENT|[126]|url|"https://cmr-mx-busin (61 more) ..."
17:48:06.0 (22274189)|STATEMENT_EXECUTE|[129]
17:48:06.0 (22277009)|METHOD_EXIT|[92]|01p1N00000EREqf|ClienteMicroServicios.obtenerURLENDPOINT()
17:48:06.0 (22282839)|HEAP_ALLOCATE|[92]|Bytes:94
17:48:06.0 (22285179)|VARIABLE_SCOPE_BEGIN|[92]|url|String|false|false
17:48:06.0 (22289726)|VARIABLE_ASSIGNMENT|[92]|url|"https://cmr-mx-busin (74 more) ..."
17:48:06.0 (22293576)|STATEMENT_EXECUTE|[94]
17:48:06.0 (22299892)|METHOD_ENTRY|[94]|01p1N00000EREqf|ClienteMicroServicios.crearRequest(Map<String,String>)
17:48:06.0 (22312175)|VARIABLE_SCOPE_BEGIN|[132]|this|ClienteMicroServicios|true|false
17:48:06.0 (22342061)|VARIABLE_ASSIGNMENT|[132]|this|{"access_token":"","APIVERSION":"apiversion","APP_JSON":"application/json","AT":"access_token","AUTH":"Authorization","AUTHENTICATED_USERID":"authenticated_userid","BACKEND":"backend","BASE_URL":"https://cmr-mx-busin (3 more) ...","BEARER":"Bearer","CLIENT_ID":"client_id","CLIENT_SECRET":"client_secret","cm":"0x6d4344c0","CONT_TYPE":"Content-Type","endpoint":"onboarding/file/down (4 more) ...","GRANT_TYPE":"grant_type","MDW_CS_CHANNEL":"mdw-cs-channel","MDW_CS_COMMERCE":"mdw-cs-commerce","MDW_CS_COUNTRY":"mdw-cs-country","MDW_CS_DATE":"mdw-cs-date","MDW_CS_HOUR":"mdw-cs-hour","method":"POST","microServicio":"MicroServicioImgBlob (7 more) ...","OAUTH":"oauth2/token","PASSWORD":"password","PROVISION_KEY":"provision_key","SCORETOKEN":"token","SECCTION":"secction","TIME_OUT":120000,"URI":".fif.tech/api/busine (3 more) ...","version":"v1"}|0x4d83db13
17:48:06.0 (22367224)|VARIABLE_SCOPE_BEGIN|[132]|params|Map<String,String>|true|false
17:48:06.0 (22375728)|VARIABLE_ASSIGNMENT|[132]|params|{"grant_type":"password","client_id":"MTI3ZjBjNmE3NTg1ZTVm (12 more) ...","client_secret":"OTM5ZTgxMzIwNzI2ZGNl (12 more) ...","provision_key":"MzYyYmVjYjFkOGI4YzZm (12 more) ...","authenticated_userid":"0"}|0x15092cc1
17:48:06.0 (22382219)|STATEMENT_EXECUTE|[132]
17:48:06.0 (22383547)|STATEMENT_EXECUTE|[134]
17:48:06.0 (22404621)|VARIABLE_SCOPE_BEGIN|[134]|http|System.Http|true|false
17:48:06.0 (22571123)|VARIABLE_ASSIGNMENT|[134]|http|"System.Http[]"|0x33968ca0
17:48:06.0 (22575977)|STATEMENT_EXECUTE|[135]
17:48:06.0 (22584645)|VARIABLE_SCOPE_BEGIN|[135]|req|System.HttpRequest|true|false
17:48:06.0 (22616382)|VARIABLE_ASSIGNMENT|[135]|req|"System.HttpRequest[Endpoint=null, Method=null]"|0xd83272c
17:48:06.0 (22620958)|STATEMENT_EXECUTE|[136]
17:48:06.0 (22672514)|HEAP_ALLOCATE|[136]|Bytes:24
17:48:06.0 (22693700)|SYSTEM_METHOD_ENTRY|[1]|JSON.JSON()
17:48:06.0 (22698732)|STATEMENT_EXECUTE|[1]
17:48:06.0 (22708977)|SYSTEM_METHOD_EXIT|[1]|JSON
17:48:06.0 (22743891)|METHOD_ENTRY|[136]||System.JSON.serialize(Object)
17:48:06.0 (23580431)|METHOD_EXIT|[136]||System.JSON.serialize(Object)
17:48:06.0 (23682109)|STATEMENT_EXECUTE|[138]
17:48:06.0 (23698714)|METHOD_ENTRY|[138]|01p1N00000EREqf|ClienteMicroServicios.crearRequest_v1_v2(System.HttpRequest)
17:48:06.0 (23716999)|VARIABLE_SCOPE_BEGIN|[181]|this|ClienteMicroServicios|true|false
17:48:06.0 (23784048)|VARIABLE_ASSIGNMENT|[181]|this|{"access_token":"","APIVERSION":"apiversion","APP_JSON":"application/json","AT":"access_token","AUTH":"Authorization","AUTHENTICATED_USERID":"authenticated_userid","BACKEND":"backend","BASE_URL":"https://cmr-mx-busin (3 more) ...","BEARER":"Bearer","CLIENT_ID":"client_id","CLIENT_SECRET":"client_secret","cm":"0x6d4344c0","CONT_TYPE":"Content-Type","endpoint":"onboarding/file/down (4 more) ...","GRANT_TYPE":"grant_type","MDW_CS_CHANNEL":"mdw-cs-channel","MDW_CS_COMMERCE":"mdw-cs-commerce","MDW_CS_COUNTRY":"mdw-cs-country","MDW_CS_DATE":"mdw-cs-date","MDW_CS_HOUR":"mdw-cs-hour","method":"POST","microServicio":"MicroServicioImgBlob (7 more) ...","OAUTH":"oauth2/token","PASSWORD":"password","PROVISION_KEY":"provision_key","SCORETOKEN":"token","SECCTION":"secction","TIME_OUT":120000,"URI":".fif.tech/api/busine (3 more) ...","version":"v1"}|0x4d83db13
17:48:06.0 (23797856)|VARIABLE_SCOPE_BEGIN|[181]|req|System.HttpRequest|true|false
17:48:06.0 (23882353)|VARIABLE_ASSIGNMENT|[181]|req|"System.HttpRequest[Endpoint=null, Method=null]"|0xd83272c
17:48:06.0 (23892971)|STATEMENT_EXECUTE|[181]
17:48:06.0 (23900228)|STATEMENT_EXECUTE|[183]
17:48:06.0 (23909491)|METHOD_ENTRY|[183]|01p1N00000EREqf|ClienteMicroServicios.obtenerURLENDPOINT()
17:48:06.0 (23922048)|VARIABLE_SCOPE_BEGIN|[115]|this|ClienteMicroServicios|true|false
17:48:06.0 (23963488)|VARIABLE_ASSIGNMENT|[115]|this|{"access_token":"","APIVERSION":"apiversion","APP_JSON":"application/json","AT":"access_token","AUTH":"Authorization","AUTHENTICATED_USERID":"authenticated_userid","BACKEND":"backend","BASE_URL":"https://cmr-mx-busin (3 more) ...","BEARER":"Bearer","CLIENT_ID":"client_id","CLIENT_SECRET":"client_secret","cm":"0x6d4344c0","CONT_TYPE":"Content-Type","endpoint":"onboarding/file/down (4 more) ...","GRANT_TYPE":"grant_type","MDW_CS_CHANNEL":"mdw-cs-channel","MDW_CS_COMMERCE":"mdw-cs-commerce","MDW_CS_COUNTRY":"mdw-cs-country","MDW_CS_DATE":"mdw-cs-date","MDW_CS_HOUR":"mdw-cs-hour","method":"POST","microServicio":"MicroServicioImgBlob (7 more) ...","OAUTH":"oauth2/token","PASSWORD":"password","PROVISION_KEY":"provision_key","SCORETOKEN":"token","SECCTION":"secction","TIME_OUT":120000,"URI":".fif.tech/api/busine (3 more) ...","version":"v1"}|0x4d83db13
17:48:06.0 (23977264)|STATEMENT_EXECUTE|[115]
17:48:06.0 (23978932)|STATEMENT_EXECUTE|[117]
17:48:06.0 (23982469)|VARIABLE_SCOPE_BEGIN|[117]|url|String|false|false
17:48:06.0 (23990220)|VARIABLE_ASSIGNMENT|[117]|url|""
17:48:06.0 (23993824)|STATEMENT_EXECUTE|[118]
17:48:06.0 (24010199)|HEAP_ALLOCATE|[118]|Bytes:5
17:48:06.0 (24016969)|VARIABLE_SCOPE_BEGIN|[118]|Enviroment|String|false|false
17:48:06.0 (24023494)|VARIABLE_ASSIGNMENT|[118]|Enviroment|"-null"
17:48:06.0 (24029041)|STATEMENT_EXECUTE|[124]
17:48:06.0 (24030590)|STATEMENT_EXECUTE|[126]
17:48:06.0 (24035874)|HEAP_ALLOCATE|[126]|Bytes:57
17:48:06.0 (24040200)|HEAP_ALLOCATE|[126]|Bytes:81
17:48:06.0 (24044954)|VARIABLE_ASSIGNMENT|[126]|url|"https://cmr-mx-busin (61 more) ..."
17:48:06.0 (24048522)|STATEMENT_EXECUTE|[129]
17:48:06.0 (24052261)|METHOD_EXIT|[183]|01p1N00000EREqf|ClienteMicroServicios.obtenerURLENDPOINT()
17:48:06.0 (24056394)|VARIABLE_SCOPE_BEGIN|[183]|url|String|false|false
17:48:06.0 (24063187)|VARIABLE_ASSIGNMENT|[183]|url|"https://cmr-mx-busin (61 more) ..."
17:48:06.0 (24066816)|STATEMENT_EXECUTE|[185]
17:48:06.0 (24106529)|VARIABLE_SCOPE_BEGIN|[185]|strChannel|String|false|false
17:48:06.0 (24113044)|VARIABLE_ASSIGNMENT|[185]|strChannel|"Web"
17:48:06.0 (24116641)|STATEMENT_EXECUTE|[186]
17:48:06.0 (24124433)|VARIABLE_SCOPE_BEGIN|[186]|strCommerce|String|false|false
17:48:06.0 (24131056)|VARIABLE_ASSIGNMENT|[186]|strCommerce|"CMR"
17:48:06.0 (24134573)|STATEMENT_EXECUTE|[187]
17:48:06.0 (24140704)|VARIABLE_SCOPE_BEGIN|[187]|strCountry|String|false|false
17:48:06.0 (24147353)|VARIABLE_ASSIGNMENT|[187]|strCountry|"MX"
17:48:06.0 (24150849)|STATEMENT_EXECUTE|[189]
17:48:06.0 (24198009)|STATEMENT_EXECUTE|[190]
17:48:06.0 (24213157)|STATEMENT_EXECUTE|[191]
17:48:06.0 (24231166)|STATEMENT_EXECUTE|[192]
17:48:06.0 (24275929)|STATEMENT_EXECUTE|[193]
17:48:06.0 (24289276)|STATEMENT_EXECUTE|[194]
17:48:06.0 (24300172)|STATEMENT_EXECUTE|[195]
17:48:06.0 (24405432)|STATEMENT_EXECUTE|[197]
17:48:06.0 (24408464)|STATEMENT_EXECUTE|[202]
17:48:06.0 (24423046)|METHOD_ENTRY|[202]|01p1N00000EREqf|ClienteMicroServicios.imprimirRequest(System.HttpRequest)
17:48:06.0 (24442484)|VARIABLE_SCOPE_BEGIN|[215]|this|ClienteMicroServicios|true|false
17:48:06.0 (24512774)|VARIABLE_ASSIGNMENT|[215]|this|{"access_token":"","APIVERSION":"apiversion","APP_JSON":"application/json","AT":"access_token","AUTH":"Authorization","AUTHENTICATED_USERID":"authenticated_userid","BACKEND":"backend","BASE_URL":"https://cmr-mx-busin (3 more) ...","BEARER":"Bearer","CLIENT_ID":"client_id","CLIENT_SECRET":"client_secret","cm":"0x6d4344c0","CONT_TYPE":"Content-Type","endpoint":"onboarding/file/down (4 more) ...","GRANT_TYPE":"grant_type","MDW_CS_CHANNEL":"mdw-cs-channel","MDW_CS_COMMERCE":"mdw-cs-commerce","MDW_CS_COUNTRY":"mdw-cs-country","MDW_CS_DATE":"mdw-cs-date","MDW_CS_HOUR":"mdw-cs-hour","method":"POST","microServicio":"MicroServicioImgBlob (7 more) ...","OAUTH":"oauth2/token","PASSWORD":"password","PROVISION_KEY":"provision_key","SCORETOKEN":"token","SECCTION":"secction","TIME_OUT":120000,"URI":".fif.tech/api/busine (3 more) ...","version":"v1"}|0x4d83db13
17:48:06.0 (24523768)|VARIABLE_SCOPE_BEGIN|[215]|req|System.HttpRequest|true|false
17:48:06.0 (24606214)|VARIABLE_ASSIGNMENT|[215]|req|"System.HttpRequest[Endpoint=https://cmr-mx-business.fif.tech/api/business/v1/backend/onboarding/file/download, Method=POST]"|0xd83272c
17:48:06.0 (24614748)|STATEMENT_EXECUTE|[215]
17:48:06.0 (24616431)|STATEMENT_EXECUTE|[217]
17:48:06.0 (24620390)|HEAP_ALLOCATE|[217]|Bytes:5
17:48:06.0 (24657611)|HEAP_ALLOCATE|[217]|Bytes:123
17:48:06.0 (24672697)|HEAP_ALLOCATE|[217]|Bytes:128
17:48:06.0 (24697894)|USER_DEBUG|[217]|DEBUG|REQ: System.HttpRequest[Endpoint=https://cmr-mx-business.fif.tech/api/business/v1/backend/onboarding/file/download, Method=POST]
17:48:06.0 (24709387)|STATEMENT_EXECUTE|[218]
17:48:06.0 (24721226)|HEAP_ALLOCATE|[218]|Bytes:30
17:48:06.0 (24750320)|HEAP_ALLOCATE|[218]|Bytes:16
17:48:06.0 (24758029)|HEAP_ALLOCATE|[218]|Bytes:46
17:48:06.0 (24768116)|USER_DEBUG|[218]|DEBUG|req.getHeader(Content-Type):  application/json
17:48:06.0 (24775732)|STATEMENT_EXECUTE|[219]
17:48:06.0 (24778235)|HEAP_ALLOCATE|[219]|Bytes:32
17:48:06.0 (24792203)|HEAP_ALLOCATE|[219]|Bytes:3
17:48:06.0 (24798869)|HEAP_ALLOCATE|[219]|Bytes:35
17:48:06.0 (24806924)|USER_DEBUG|[219]|DEBUG|req.getHeader(mdw-cs-channel):  Web
17:48:06.0 (24814051)|STATEMENT_EXECUTE|[220]
17:48:06.0 (24816123)|HEAP_ALLOCATE|[220]|Bytes:33
17:48:06.0 (24829127)|HEAP_ALLOCATE|[220]|Bytes:3
17:48:06.0 (24834474)|HEAP_ALLOCATE|[220]|Bytes:36
17:48:06.0 (24839554)|USER_DEBUG|[220]|DEBUG|req.getHeader(mdw-cs-commerce):  CMR
17:48:06.0 (24844362)|STATEMENT_EXECUTE|[221]
17:48:06.0 (24846074)|HEAP_ALLOCATE|[221]|Bytes:32
17:48:06.0 (24855583)|HEAP_ALLOCATE|[221]|Bytes:2
17:48:06.0 (24860324)|HEAP_ALLOCATE|[221]|Bytes:34
17:48:06.0 (24866929)|USER_DEBUG|[221]|DEBUG|req.getHeader(mdw-cs-country):  MX
17:48:06.0 (24872881)|STATEMENT_EXECUTE|[222]
17:48:06.0 (24874591)|HEAP_ALLOCATE|[222]|Bytes:16
17:48:06.0 (24901166)|HEAP_ALLOCATE|[222]|Bytes:201
17:48:06.0 (24906909)|HEAP_ALLOCATE|[222]|Bytes:217
17:48:06.0 (24912854)|USER_DEBUG|[222]|DEBUG|req.getBody():  {"authenticated_userid":"0","provision_key":"MzYyYmVjYjFkOGI4YzZmNWJkMTE4ZmE5","client_secret":"OTM5ZTgxMzIwNzI2ZGNlYmFhNzU0ZmY2","client_id":"MTI3ZjBjNmE3NTg1ZTVmOTY2NzYwYzQy","grant_type":"password"}
17:48:06.0 (24921744)|METHOD_EXIT|[202]|01p1N00000EREqf|ClienteMicroServicios.imprimirRequest(System.HttpRequest)
17:48:06.0 (24926154)|STATEMENT_EXECUTE|[204]
17:48:06.0 (24929650)|METHOD_EXIT|[138]|01p1N00000EREqf|ClienteMicroServicios.crearRequest_v1_v2(System.HttpRequest)
17:48:06.0 (24934068)|METHOD_EXIT|[94]|01p1N00000EREqf|ClienteMicroServicios.crearRequest(Map<String,String>)
17:48:06.0 (24938616)|VARIABLE_SCOPE_BEGIN|[94]|req|System.HttpRequest|true|false
17:48:06.0 (25003467)|VARIABLE_ASSIGNMENT|[94]|req|"System.HttpRequest[Endpoint=https://cmr-mx-business.fif.tech/api/business/v1/backend/onboarding/file/download, Method=POST]"|0xd83272c
17:48:06.0 (25011667)|STATEMENT_EXECUTE|[95]
17:48:06.0 (25017919)|VARIABLE_SCOPE_BEGIN|[95]|res|System.HttpResponse|true|false
17:48:06.0 (25025781)|VARIABLE_ASSIGNMENT|[95]|res|null|
17:48:06.0 (25028819)|STATEMENT_EXECUTE|[97]
17:48:06.0 (25092737)|HEAP_ALLOCATE|[98]|Bytes:118
17:48:06.0 (25111067)|SYSTEM_METHOD_ENTRY|[1]|Test.Test()
17:48:06.0 (25117170)|STATEMENT_EXECUTE|[1]
17:48:06.0 (25128605)|SYSTEM_METHOD_EXIT|[1]|Test
17:48:06.0 (25140694)|METHOD_ENTRY|[98]||System.Test.isRunningTest()
17:48:06.0 (25169711)|METHOD_EXIT|[98]||System.Test.isRunningTest()
17:48:06.0 (25177319)|STATEMENT_EXECUTE|[98]
17:48:06.0 (25179389)|STATEMENT_EXECUTE|[99]
17:48:06.0 (25193299)|METHOD_ENTRY|[99]|01p1N00000EREqf|ClienteMicroServicios.enviarRequest(System.HttpRequest)
17:48:06.0 (25202536)|VARIABLE_SCOPE_BEGIN|[225]|this|ClienteMicroServicios|true|false
17:48:06.0 (25269315)|VARIABLE_ASSIGNMENT|[225]|this|{"access_token":"","APIVERSION":"apiversion","APP_JSON":"application/json","AT":"access_token","AUTH":"Authorization","AUTHENTICATED_USERID":"authenticated_userid","BACKEND":"backend","BASE_URL":"https://cmr-mx-busin (3 more) ...","BEARER":"Bearer","CLIENT_ID":"client_id","CLIENT_SECRET":"client_secret","cm":"0x6d4344c0","CONT_TYPE":"Content-Type","endpoint":"onboarding/file/down (4 more) ...","GRANT_TYPE":"grant_type","MDW_CS_CHANNEL":"mdw-cs-channel","MDW_CS_COMMERCE":"mdw-cs-commerce","MDW_CS_COUNTRY":"mdw-cs-country","MDW_CS_DATE":"mdw-cs-date","MDW_CS_HOUR":"mdw-cs-hour","method":"POST","microServicio":"MicroServicioImgBlob (7 more) ...","OAUTH":"oauth2/token","PASSWORD":"password","PROVISION_KEY":"provision_key","SCORETOKEN":"token","SECCTION":"secction","TIME_OUT":120000,"URI":".fif.tech/api/busine (3 more) ...","version":"v1"}|0x4d83db13
17:48:06.0 (25281859)|VARIABLE_SCOPE_BEGIN|[225]|req|System.HttpRequest|true|false
17:48:06.0 (25344253)|VARIABLE_ASSIGNMENT|[225]|req|"System.HttpRequest[Endpoint=https://cmr-mx-business.fif.tech/api/business/v1/backend/onboarding/file/download/oauth2/token, Method=POST]"|0xd83272c
17:48:06.0 (25352615)|STATEMENT_EXECUTE|[225]
17:48:06.0 (25354231)|STATEMENT_EXECUTE|[227]
17:48:06.0 (25369756)|VARIABLE_SCOPE_BEGIN|[227]|http|System.Http|true|false
17:48:06.0 (25409444)|VARIABLE_ASSIGNMENT|[227]|http|"System.Http[]"|0x21562857
17:48:06.0 (25415231)|STATEMENT_EXECUTE|[228]
17:48:06.0 (25501739)|CALLOUT_REQUEST|[228]|System.HttpRequest[Endpoint=https://cmr-mx-business.fif.tech/api/business/v1/backend/onboarding/file/download/oauth2/token, Method=POST]
17:48:06.0 (186569195)|HEAP_ALLOCATE|[EXTERNAL]|Bytes:990
17:48:06.0 (187477695)|CALLOUT_RESPONSE|[228]|System.HttpResponse[Status=OK, StatusCode=200]
17:48:06.0 (187503440)|HEAP_ALLOCATE|[228]|Bytes:146
17:48:06.0 (187534545)|METHOD_EXIT|[99]|01p1N00000EREqf|ClienteMicroServicios.enviarRequest(System.HttpRequest)
17:48:06.0 (187605858)|VARIABLE_ASSIGNMENT|[99]|res|"System.HttpResponse[Status=OK, StatusCode=200]"|0x4a1dd15c
17:48:06.0 (187627285)|STATEMENT_EXECUTE|[108]
17:48:06.0 (187697559)|HEAP_ALLOCATE|[108]|Bytes:140
17:48:06.0 (187807270)|HEAP_ALLOCATE|[108]|Bytes:5
17:48:06.0 (187811624)|HEAP_ALLOCATE|[108]|Bytes:2
17:48:06.0 (187838016)|METHOD_ENTRY|[5]|01p1N00000DyZdR|oAuthJSON.oAuthJSON()
17:48:06.0 (187844365)|STATEMENT_EXECUTE|[5]
17:48:06.0 (187851522)|STATEMENT_EXECUTE|[5]
17:48:06.0 (187852775)|STATEMENT_EXECUTE|[7]
17:48:06.0 (187859392)|METHOD_EXIT|[5]|oAuthJSON
17:48:06.0 (187890007)|METHOD_ENTRY|[108]|01p1N00000DyZdR|oAuthJSON.parse(String)
17:48:06.0 (187897034)|VARIABLE_SCOPE_BEGIN|[15]|json|String|false|false
17:48:06.0 (187908215)|VARIABLE_ASSIGNMENT|[15]|json|"{\"token_type\":\"beare (120 more) ..."
17:48:06.0 (187914422)|STATEMENT_EXECUTE|[15]
17:48:06.0 (187915645)|STATEMENT_EXECUTE|[16]
17:48:06.0 (187918386)|HEAP_ALLOCATE|[16]|Bytes:15
17:48:06.0 (188048750)|HEAP_ALLOCATE|[16]|Bytes:33
17:48:06.0 (188058725)|SYSTEM_METHOD_ENTRY|[1]|Type.Type()
17:48:06.0 (188061750)|STATEMENT_EXECUTE|[1]
17:48:06.0 (188067420)|SYSTEM_METHOD_EXIT|[1]|Type
17:48:06.0 (188074100)|HEAP_ALLOCATE|[16]|Bytes:8
17:48:06.0 (188089970)|HEAP_ALLOCATE|[16]|Bytes:8
17:48:06.0 (188092585)|VARIABLE_SCOPE_BEGIN|[4]|this|System.Type|true|false
17:48:06.0 (188120825)|VARIABLE_ASSIGNMENT|[4]|this|{}|0x7ef81c32
17:48:06.0 (188123602)|VARIABLE_SCOPE_BEGIN|[4]|apextype|java:common.apex.runtime.ApexObjectType|true|false
17:48:06.0 (188173245)|VARIABLE_ASSIGNMENT|[4]|apextype|"oAuthJSON.oAuth"|0x172fbfc9
17:48:06.0 (188205079)|HEAP_ALLOCATE|[16]|Bytes:8
17:48:06.0 (188216782)|METHOD_ENTRY|[16]||System.JSON.deserialize(String, System.Type)
17:48:06.0 (188458249)|METHOD_EXIT|[16]||System.JSON.deserialize(String, System.Type)
17:48:06.0 (188465407)|METHOD_EXIT|[108]|01p1N00000DyZdR|oAuthJSON.parse(String)
17:48:06.0 (188468245)|VARIABLE_SCOPE_BEGIN|[108]|result|oAuthJSON.oAuth|true|false
17:48:06.0 (188496838)|VARIABLE_ASSIGNMENT|[108]|result|{"access_token":"ByL5r8VRhQ61p9icwqK1 (12 more) ...","expires_in":60,"refresh_token":"gdUknRiLnPKjhacmA167 (12 more) ...","token_type":"bearer"}|0x339c0b41
17:48:06.0 (188504496)|STATEMENT_EXECUTE|[110]
17:48:06.0 (188506295)|HEAP_ALLOCATE|[110]|Bytes:10
17:48:06.0 (188539955)|HEAP_ALLOCATE|[110]|Bytes:140
17:48:06.0 (188553072)|HEAP_ALLOCATE|[110]|Bytes:150
17:48:06.0 (188569287)|USER_DEBUG|[110]|DEBUG|res token {"token_type":"bearer","access_token":"ByL5r8VRhQ61p9icwqK1BH3vCCRAGDUS","refresh_token":"gdUknRiLnPKjhacmA167Ol7TIjpZNBKu","expires_in":60}
17:48:06.0 (188575744)|STATEMENT_EXECUTE|[112]
17:48:06.0 (188582875)|VARIABLE_ASSIGNMENT|[112]|this.access_token|"ByL5r8VRhQ61p9icwqK1 (12 more) ..."|0x4d83db13
17:48:06.0 (188587092)|METHOD_EXIT|[32]|01p1N00000EREqf|ClienteMicroServicios.generarToken()
17:48:06.0 (188591235)|METHOD_EXIT|[125]|01p3l000005qhVh|MicroServicioModalImagenesBO.MicroServicioBlobStorage()
17:48:06.0 (188594712)|STATEMENT_EXECUTE|[126]
17:48:06.0 (191281527)|VARIABLE_SCOPE_BEGIN|[126]|blobStorage|BlobStorageJSON|true|false
17:48:06.0 (191303568)|VARIABLE_ASSIGNMENT|[126]|blobStorage|null|
17:48:06.0 (191315585)|STATEMENT_EXECUTE|[128]
17:48:06.0 (191317053)|STATEMENT_EXECUTE|[128]
17:48:06.0 (191318243)|STATEMENT_EXECUTE|[130]
17:48:06.0 (191341767)|METHOD_ENTRY|[130]|01p3l000005qhVh|MicroServicioModalImagenesBO.descargarImagenMS(Map<String,Map<String,String>>)
17:48:06.0 (191364517)|VARIABLE_SCOPE_BEGIN|[53]|this|MicroServicioModalImagenesBO|true|false
17:48:06.0 (191394260)|VARIABLE_ASSIGNMENT|[53]|this|{"cliente":"0x4d83db13"}|0x2184720f
17:48:06.0 (191398510)|VARIABLE_SCOPE_BEGIN|[53]|params|Map<String,Map<String,String>>|true|false
17:48:06.0 (191412385)|VARIABLE_ASSIGNMENT|[53]|params|{"blob":{"base64TextId":"309495430-Comprobant (11 more) ..."}}|0x7dcc02fc
17:48:06.0 (191418690)|STATEMENT_EXECUTE|[53]
17:48:06.0 (191420208)|STATEMENT_EXECUTE|[55]
17:48:06.0 (191614395)|HEAP_ALLOCATE|[55]|Bytes:1280
17:48:06.0 (191676345)|HEAP_ALLOCATE|[55]|Bytes:1280
17:48:06.0 (191682362)|HEAP_ALLOCATE|[55]|Bytes:1
17:48:06.0 (191700995)|HEAP_ALLOCATE|[55]|Bytes:28
17:48:06.0 (191705493)|VARIABLE_SCOPE_BEGIN|[55]|currentClassName|String|false|false
17:48:06.0 (191712844)|VARIABLE_ASSIGNMENT|[55]|currentClassName|"MicroServicioModalIm (8 more) ..."
17:48:06.0 (191716657)|STATEMENT_EXECUTE|[56]
17:48:06.0 (191719690)|VARIABLE_SCOPE_BEGIN|[56]|res|System.HttpResponse|true|false
17:48:06.0 (191724661)|VARIABLE_ASSIGNMENT|[56]|res|null|
17:48:06.0 (191727161)|STATEMENT_EXECUTE|[57]
17:48:06.0 (191740042)|METHOD_ENTRY|[57]|01p1N00000EREqf|ClienteMicroServicios.crearRequest_v2(Map<String,Map<String,String>>)
17:48:06.0 (191749700)|VARIABLE_SCOPE_BEGIN|[141]|this|ClienteMicroServicios|true|false
17:48:06.0 (191787414)|VARIABLE_ASSIGNMENT|[141]|this|{"access_token":"ByL5r8VRhQ61p9icwqK1 (12 more) ...","APIVERSION":"apiversion","APP_JSON":"application/json","AT":"access_token","AUTH":"Authorization","AUTHENTICATED_USERID":"authenticated_userid","BACKEND":"backend","BASE_URL":"https://cmr-mx-busin (3 more) ...","BEARER":"Bearer","CLIENT_ID":"client_id","CLIENT_SECRET":"client_secret","cm":"0x6d4344c0","CONT_TYPE":"Content-Type","endpoint":"onboarding/file/down (4 more) ...","GRANT_TYPE":"grant_type","MDW_CS_CHANNEL":"mdw-cs-channel","MDW_CS_COMMERCE":"mdw-cs-commerce","MDW_CS_COUNTRY":"mdw-cs-country","MDW_CS_DATE":"mdw-cs-date","MDW_CS_HOUR":"mdw-cs-hour","method":"POST","microServicio":"MicroServicioImgBlob (7 more) ...","OAUTH":"oauth2/token","PASSWORD":"password","PROVISION_KEY":"provision_key","SCORETOKEN":"token","SECCTION":"secction","TIME_OUT":120000,"URI":".fif.tech/api/busine (3 more) ...","version":"v1"}|0x4d83db13
17:48:06.0 (191795255)|VARIABLE_SCOPE_BEGIN|[141]|params|Map<String,Map<String,String>>|true|false
17:48:06.0 (191802363)|VARIABLE_ASSIGNMENT|[141]|params|{"blob":{"base64TextId":"309495430-Comprobant (11 more) ..."}}|0x7dcc02fc
17:48:06.0 (191807200)|STATEMENT_EXECUTE|[141]
17:48:06.0 (191808539)|STATEMENT_EXECUTE|[143]
17:48:06.0 (191826805)|VARIABLE_SCOPE_BEGIN|[143]|http|System.Http|true|false
17:48:06.0 (191900625)|VARIABLE_ASSIGNMENT|[143]|http|"System.Http[]"|0x6161e7c3
17:48:06.0 (191904937)|STATEMENT_EXECUTE|[144]
17:48:06.0 (191911332)|VARIABLE_SCOPE_BEGIN|[144]|req|System.HttpRequest|true|false
17:48:06.0 (191934490)|VARIABLE_ASSIGNMENT|[144]|req|"System.HttpRequest[Endpoint=null, Method=null]"|0x32f42ead
17:48:06.0 (191937898)|STATEMENT_EXECUTE|[145]
17:48:06.0 (191943368)|METHOD_ENTRY|[145]||System.JSON.serialize(Object)
17:48:06.0 (192350109)|METHOD_EXIT|[145]||System.JSON.serialize(Object)
17:48:06.0 (192407955)|STATEMENT_EXECUTE|[147]
17:48:06.0 (192417591)|METHOD_ENTRY|[147]|01p1N00000EREqf|ClienteMicroServicios.crearRequest_v1_v2(System.HttpRequest)
17:48:06.0 (192426987)|VARIABLE_SCOPE_BEGIN|[181]|this|ClienteMicroServicios|true|false
17:48:06.0 (192475112)|VARIABLE_ASSIGNMENT|[181]|this|{"access_token":"ByL5r8VRhQ61p9icwqK1 (12 more) ...","APIVERSION":"apiversion","APP_JSON":"application/json","AT":"access_token","AUTH":"Authorization","AUTHENTICATED_USERID":"authenticated_userid","BACKEND":"backend","BASE_URL":"https://cmr-mx-busin (3 more) ...","BEARER":"Bearer","CLIENT_ID":"client_id","CLIENT_SECRET":"client_secret","cm":"0x6d4344c0","CONT_TYPE":"Content-Type","endpoint":"onboarding/file/down (4 more) ...","GRANT_TYPE":"grant_type","MDW_CS_CHANNEL":"mdw-cs-channel","MDW_CS_COMMERCE":"mdw-cs-commerce","MDW_CS_COUNTRY":"mdw-cs-country","MDW_CS_DATE":"mdw-cs-date","MDW_CS_HOUR":"mdw-cs-hour","method":"POST","microServicio":"MicroServicioImgBlob (7 more) ...","OAUTH":"oauth2/token","PASSWORD":"password","PROVISION_KEY":"provision_key","SCORETOKEN":"token","SECCTION":"secction","TIME_OUT":120000,"URI":".fif.tech/api/busine (3 more) ...","version":"v1"}|0x4d83db13
17:48:06.0 (192483279)|VARIABLE_SCOPE_BEGIN|[181]|req|System.HttpRequest|true|false
17:48:06.0 (192534901)|VARIABLE_ASSIGNMENT|[181]|req|"System.HttpRequest[Endpoint=null, Method=null]"|0x32f42ead
17:48:06.0 (192549785)|STATEMENT_EXECUTE|[181]
17:48:06.0 (192551095)|STATEMENT_EXECUTE|[183]
17:48:06.0 (192554765)|METHOD_ENTRY|[183]|01p1N00000EREqf|ClienteMicroServicios.obtenerURLENDPOINT()
17:48:06.0 (192558165)|VARIABLE_SCOPE_BEGIN|[115]|this|ClienteMicroServicios|true|false
17:48:06.0 (192582722)|VARIABLE_ASSIGNMENT|[115]|this|{"access_token":"ByL5r8VRhQ61p9icwqK1 (12 more) ...","APIVERSION":"apiversion","APP_JSON":"application/json","AT":"access_token","AUTH":"Authorization","AUTHENTICATED_USERID":"authenticated_userid","BACKEND":"backend","BASE_URL":"https://cmr-mx-busin (3 more) ...","BEARER":"Bearer","CLIENT_ID":"client_id","CLIENT_SECRET":"client_secret","cm":"0x6d4344c0","CONT_TYPE":"Content-Type","endpoint":"onboarding/file/down (4 more) ...","GRANT_TYPE":"grant_type","MDW_CS_CHANNEL":"mdw-cs-channel","MDW_CS_COMMERCE":"mdw-cs-commerce","MDW_CS_COUNTRY":"mdw-cs-country","MDW_CS_DATE":"mdw-cs-date","MDW_CS_HOUR":"mdw-cs-hour","method":"POST","microServicio":"MicroServicioImgBlob (7 more) ...","OAUTH":"oauth2/token","PASSWORD":"password","PROVISION_KEY":"provision_key","SCORETOKEN":"token","SECCTION":"secction","TIME_OUT":120000,"URI":".fif.tech/api/busine (3 more) ...","version":"v1"}|0x4d83db13
17:48:06.0 (192591195)|STATEMENT_EXECUTE|[115]
17:48:06.0 (192592360)|STATEMENT_EXECUTE|[117]
17:48:06.0 (192595184)|VARIABLE_SCOPE_BEGIN|[117]|url|String|false|false
17:48:06.0 (192600320)|VARIABLE_ASSIGNMENT|[117]|url|""
17:48:06.0 (192602635)|STATEMENT_EXECUTE|[118]
17:48:06.0 (192615606)|HEAP_ALLOCATE|[118]|Bytes:5
17:48:06.0 (192619699)|VARIABLE_SCOPE_BEGIN|[118]|Enviroment|String|false|false
17:48:06.0 (192623930)|VARIABLE_ASSIGNMENT|[118]|Enviroment|"-null"
17:48:06.0 (192627992)|STATEMENT_EXECUTE|[124]
17:48:06.0 (192629047)|STATEMENT_EXECUTE|[126]
17:48:06.0 (192634847)|HEAP_ALLOCATE|[126]|Bytes:57
17:48:06.0 (192637569)|HEAP_ALLOCATE|[126]|Bytes:81
17:48:06.0 (192640974)|VARIABLE_ASSIGNMENT|[126]|url|"https://cmr-mx-busin (61 more) ..."
17:48:06.0 (192643382)|STATEMENT_EXECUTE|[129]
17:48:06.0 (192645513)|METHOD_EXIT|[183]|01p1N00000EREqf|ClienteMicroServicios.obtenerURLENDPOINT()
17:48:06.0 (192647830)|VARIABLE_SCOPE_BEGIN|[183]|url|String|false|false
17:48:06.0 (192652083)|VARIABLE_ASSIGNMENT|[183]|url|"https://cmr-mx-busin (61 more) ..."
17:48:06.0 (192654325)|STATEMENT_EXECUTE|[185]
17:48:06.0 (192659961)|VARIABLE_SCOPE_BEGIN|[185]|strChannel|String|false|false
17:48:06.0 (192663967)|VARIABLE_ASSIGNMENT|[185]|strChannel|"Web"
17:48:06.0 (192666207)|STATEMENT_EXECUTE|[186]
17:48:06.0 (192668550)|VARIABLE_SCOPE_BEGIN|[186]|strCommerce|String|false|false
17:48:06.0 (192672837)|VARIABLE_ASSIGNMENT|[186]|strCommerce|"CMR"
17:48:06.0 (192675185)|STATEMENT_EXECUTE|[187]
17:48:06.0 (192677751)|VARIABLE_SCOPE_BEGIN|[187]|strCountry|String|false|false
17:48:06.0 (192681952)|VARIABLE_ASSIGNMENT|[187]|strCountry|"MX"
17:48:06.0 (192684119)|STATEMENT_EXECUTE|[189]
17:48:06.0 (192692490)|STATEMENT_EXECUTE|[190]
17:48:06.0 (192698055)|STATEMENT_EXECUTE|[191]
17:48:06.0 (192704747)|STATEMENT_EXECUTE|[192]
17:48:06.0 (192727672)|STATEMENT_EXECUTE|[193]
17:48:06.0 (192733052)|STATEMENT_EXECUTE|[194]
17:48:06.0 (192737470)|STATEMENT_EXECUTE|[195]
17:48:06.0 (192753823)|STATEMENT_EXECUTE|[197]
17:48:06.0 (192754930)|STATEMENT_EXECUTE|[199]
17:48:06.0 (192757373)|HEAP_ALLOCATE|[199]|Bytes:1
17:48:06.0 (192764017)|HEAP_ALLOCATE|[199]|Bytes:39
17:48:06.0 (192787361)|STATEMENT_EXECUTE|[202]
17:48:06.0 (192791280)|METHOD_ENTRY|[202]|01p1N00000EREqf|ClienteMicroServicios.imprimirRequest(System.HttpRequest)
17:48:06.0 (192794607)|VARIABLE_SCOPE_BEGIN|[215]|this|ClienteMicroServicios|true|false
17:48:06.0 (192818384)|VARIABLE_ASSIGNMENT|[215]|this|{"access_token":"ByL5r8VRhQ61p9icwqK1 (12 more) ...","APIVERSION":"apiversion","APP_JSON":"application/json","AT":"access_token","AUTH":"Authorization","AUTHENTICATED_USERID":"authenticated_userid","BACKEND":"backend","BASE_URL":"https://cmr-mx-busin (3 more) ...","BEARER":"Bearer","CLIENT_ID":"client_id","CLIENT_SECRET":"client_secret","cm":"0x6d4344c0","CONT_TYPE":"Content-Type","endpoint":"onboarding/file/down (4 more) ...","GRANT_TYPE":"grant_type","MDW_CS_CHANNEL":"mdw-cs-channel","MDW_CS_COMMERCE":"mdw-cs-commerce","MDW_CS_COUNTRY":"mdw-cs-country","MDW_CS_DATE":"mdw-cs-date","MDW_CS_HOUR":"mdw-cs-hour","method":"POST","microServicio":"MicroServicioImgBlob (7 more) ...","OAUTH":"oauth2/token","PASSWORD":"password","PROVISION_KEY":"provision_key","SCORETOKEN":"token","SECCTION":"secction","TIME_OUT":120000,"URI":".fif.tech/api/busine (3 more) ...","version":"v1"}|0x4d83db13
17:48:06.0 (192825310)|VARIABLE_SCOPE_BEGIN|[215]|req|System.HttpRequest|true|false
17:48:06.0 (192856285)|VARIABLE_ASSIGNMENT|[215]|req|"System.HttpRequest[Endpoint=https://cmr-mx-business.fif.tech/api/business/v1/backend/onboarding/file/download, Method=POST]"|0x32f42ead
17:48:06.0 (192861173)|STATEMENT_EXECUTE|[215]
17:48:06.0 (192862259)|STATEMENT_EXECUTE|[217]
17:48:06.0 (192870681)|HEAP_ALLOCATE|[217]|Bytes:123
17:48:06.0 (192875572)|HEAP_ALLOCATE|[217]|Bytes:128
17:48:06.0 (192888922)|USER_DEBUG|[217]|DEBUG|REQ: System.HttpRequest[Endpoint=https://cmr-mx-business.fif.tech/api/business/v1/backend/onboarding/file/download, Method=POST]
17:48:06.0 (192894752)|STATEMENT_EXECUTE|[218]
17:48:06.0 (192901615)|HEAP_ALLOCATE|[218]|Bytes:16
17:48:06.0 (192905022)|HEAP_ALLOCATE|[218]|Bytes:46
17:48:06.0 (192908981)|USER_DEBUG|[218]|DEBUG|req.getHeader(Content-Type):  application/json
17:48:06.0 (192912282)|STATEMENT_EXECUTE|[219]
17:48:06.0 (192916125)|HEAP_ALLOCATE|[219]|Bytes:3
17:48:06.0 (192919358)|HEAP_ALLOCATE|[219]|Bytes:35
17:48:06.0 (192922892)|USER_DEBUG|[219]|DEBUG|req.getHeader(mdw-cs-channel):  Web
17:48:06.0 (192926197)|STATEMENT_EXECUTE|[220]
17:48:06.0 (192929810)|HEAP_ALLOCATE|[220]|Bytes:3
17:48:06.0 (192932839)|HEAP_ALLOCATE|[220]|Bytes:36
17:48:06.0 (192936150)|USER_DEBUG|[220]|DEBUG|req.getHeader(mdw-cs-commerce):  CMR
17:48:06.0 (192939512)|STATEMENT_EXECUTE|[221]
17:48:06.0 (192942926)|HEAP_ALLOCATE|[221]|Bytes:2
17:48:06.0 (192946006)|HEAP_ALLOCATE|[221]|Bytes:34
17:48:06.0 (192949129)|USER_DEBUG|[221]|DEBUG|req.getHeader(mdw-cs-country):  MX
17:48:06.0 (192952605)|STATEMENT_EXECUTE|[222]
17:48:06.0 (192963153)|HEAP_ALLOCATE|[222]|Bytes:59
17:48:06.0 (192966052)|HEAP_ALLOCATE|[222]|Bytes:75
17:48:06.0 (192969215)|USER_DEBUG|[222]|DEBUG|req.getBody():  {"blob":{"base64TextId":"309495430-ComprobanteDomicilio2"}}
17:48:06.0 (192973765)|METHOD_EXIT|[202]|01p1N00000EREqf|ClienteMicroServicios.imprimirRequest(System.HttpRequest)
17:48:06.0 (192976432)|STATEMENT_EXECUTE|[204]
17:48:06.0 (192978590)|METHOD_EXIT|[147]|01p1N00000EREqf|ClienteMicroServicios.crearRequest_v1_v2(System.HttpRequest)
17:48:06.0 (192982800)|METHOD_EXIT|[57]|01p1N00000EREqf|ClienteMicroServicios.crearRequest_v2(Map<String,Map<String,String>>)
17:48:06.0 (192985917)|VARIABLE_SCOPE_BEGIN|[57]|req|System.HttpRequest|true|false
17:48:06.0 (193007589)|VARIABLE_ASSIGNMENT|[57]|req|"System.HttpRequest[Endpoint=https://cmr-mx-business.fif.tech/api/business/v1/backend/onboarding/file/download, Method=POST]"|0x32f42ead
17:48:06.0 (193012297)|STATEMENT_EXECUTE|[58]
17:48:06.0 (193014765)|VARIABLE_SCOPE_BEGIN|[58]|isSuccess|Boolean|false|false
17:48:06.0 (193020407)|HEAP_ALLOCATE|[58]|Bytes:5
17:48:06.0 (193024110)|VARIABLE_ASSIGNMENT|[58]|isSuccess|false
17:48:06.0 (193026520)|STATEMENT_EXECUTE|[59]
17:48:06.0 (193028005)|VARIABLE_SCOPE_BEGIN|[59]|result|String|false|false
17:48:06.0 (193032015)|VARIABLE_ASSIGNMENT|[59]|result|null
17:48:06.0 (193034263)|STATEMENT_EXECUTE|[61]
17:48:06.0 (193036119)|HEAP_ALLOCATE|[61]|Bytes:22
17:48:06.0 (193057690)|HEAP_ALLOCATE|[61]|Bytes:123
17:48:06.0 (193063250)|HEAP_ALLOCATE|[61]|Bytes:145
17:48:06.0 (193069465)|USER_DEBUG|[61]|DEBUG|descargarImagenMS req System.HttpRequest[Endpoint=https://cmr-mx-business.fif.tech/api/business/v1/backend/onboarding/file/download, Method=POST]
17:48:06.0 (193073845)|STATEMENT_EXECUTE|[63]
17:48:06.0 (193074980)|STATEMENT_EXECUTE|[63]
17:48:06.0 (193077853)|STATEMENT_EXECUTE|[65]
17:48:06.0 (193079360)|VARIABLE_SCOPE_BEGIN|[65]|i|Integer|false|false
17:48:06.0 (193084231)|HEAP_ALLOCATE|[65]|Bytes:4
17:48:06.0 (193087393)|VARIABLE_ASSIGNMENT|[65]|i|0
17:48:06.0 (193092988)|STATEMENT_EXECUTE|[65]
17:48:06.0 (193094095)|STATEMENT_EXECUTE|[67]
17:48:06.0 (193103743)|METHOD_ENTRY|[67]|01p1N00000EREqf|ClienteMicroServicios.enviarRequest(System.HttpRequest)
17:48:06.0 (193109141)|VARIABLE_SCOPE_BEGIN|[225]|this|ClienteMicroServicios|true|false
17:48:06.0 (193133852)|VARIABLE_ASSIGNMENT|[225]|this|{"access_token":"ByL5r8VRhQ61p9icwqK1 (12 more) ...","APIVERSION":"apiversion","APP_JSON":"application/json","AT":"access_token","AUTH":"Authorization","AUTHENTICATED_USERID":"authenticated_userid","BACKEND":"backend","BASE_URL":"https://cmr-mx-busin (3 more) ...","BEARER":"Bearer","CLIENT_ID":"client_id","CLIENT_SECRET":"client_secret","cm":"0x6d4344c0","CONT_TYPE":"Content-Type","endpoint":"onboarding/file/down (4 more) ...","GRANT_TYPE":"grant_type","MDW_CS_CHANNEL":"mdw-cs-channel","MDW_CS_COMMERCE":"mdw-cs-commerce","MDW_CS_COUNTRY":"mdw-cs-country","MDW_CS_DATE":"mdw-cs-date","MDW_CS_HOUR":"mdw-cs-hour","method":"POST","microServicio":"MicroServicioImgBlob (7 more) ...","OAUTH":"oauth2/token","PASSWORD":"password","PROVISION_KEY":"provision_key","SCORETOKEN":"token","SECCTION":"secction","TIME_OUT":120000,"URI":".fif.tech/api/busine (3 more) ...","version":"v1"}|0x4d83db13
17:48:06.0 (193140875)|VARIABLE_SCOPE_BEGIN|[225]|req|System.HttpRequest|true|false
17:48:06.0 (193162760)|VARIABLE_ASSIGNMENT|[225]|req|"System.HttpRequest[Endpoint=https://cmr-mx-business.fif.tech/api/business/v1/backend/onboarding/file/download, Method=POST]"|0x32f42ead
17:48:06.0 (193167205)|STATEMENT_EXECUTE|[225]
17:48:06.0 (193168589)|STATEMENT_EXECUTE|[227]
17:48:06.0 (193176174)|VARIABLE_SCOPE_BEGIN|[227]|http|System.Http|true|false
17:48:06.0 (193199805)|VARIABLE_ASSIGNMENT|[227]|http|"System.Http[]"|0x4dea7b51
17:48:06.0 (193203189)|STATEMENT_EXECUTE|[228]
17:48:06.0 (193234051)|CALLOUT_REQUEST|[228]|System.HttpRequest[Endpoint=https://cmr-mx-business.fif.tech/api/business/v1/backend/onboarding/file/download, Method=POST]
17:48:06.0 (513290059)|HEAP_ALLOCATE|[EXTERNAL]|Bytes:1323
17:48:06.0 (514063730)|CALLOUT_RESPONSE|[228]|System.HttpResponse[Status=Internal Server Error, StatusCode=500]
17:48:06.0 (514092297)|HEAP_ALLOCATE|[228]|Bytes:68
17:48:06.0 (514124237)|METHOD_EXIT|[67]|01p1N00000EREqf|ClienteMicroServicios.enviarRequest(System.HttpRequest)
17:48:06.0 (514194851)|VARIABLE_ASSIGNMENT|[67]|res|"System.HttpResponse[Status=Internal Server Error, StatusCode=500]"|0x7c2d4171
17:48:06.0 (514276260)|STATEMENT_EXECUTE|[69]
17:48:06.0 (514280930)|HEAP_ALLOCATE|[65]|Bytes:4
17:48:06.0 (514291375)|VARIABLE_ASSIGNMENT|[65]|i|1
17:48:06.0 (514298695)|STATEMENT_EXECUTE|[65]
17:48:06.0 (514299867)|STATEMENT_EXECUTE|[67]
17:48:06.0 (514310354)|METHOD_ENTRY|[67]|01p1N00000EREqf|ClienteMicroServicios.enviarRequest(System.HttpRequest)
17:48:06.0 (514317425)|VARIABLE_SCOPE_BEGIN|[225]|this|ClienteMicroServicios|true|false
17:48:06.0 (514403750)|VARIABLE_ASSIGNMENT|[225]|this|{"access_token":"ByL5r8VRhQ61p9icwqK1 (12 more) ...","APIVERSION":"apiversion","APP_JSON":"application/json","AT":"access_token","AUTH":"Authorization","AUTHENTICATED_USERID":"authenticated_userid","BACKEND":"backend","BASE_URL":"https://cmr-mx-busin (3 more) ...","BEARER":"Bearer","CLIENT_ID":"client_id","CLIENT_SECRET":"client_secret","cm":"0x6d4344c0","CONT_TYPE":"Content-Type","endpoint":"onboarding/file/down (4 more) ...","GRANT_TYPE":"grant_type","MDW_CS_CHANNEL":"mdw-cs-channel","MDW_CS_COMMERCE":"mdw-cs-commerce","MDW_CS_COUNTRY":"mdw-cs-country","MDW_CS_DATE":"mdw-cs-date","MDW_CS_HOUR":"mdw-cs-hour","method":"POST","microServicio":"MicroServicioImgBlob (7 more) ...","OAUTH":"oauth2/token","PASSWORD":"password","PROVISION_KEY":"provision_key","SCORETOKEN":"token","SECCTION":"secction","TIME_OUT":120000,"URI":".fif.tech/api/busine (3 more) ...","version":"v1"}|0x4d83db13
17:48:06.0 (514412192)|VARIABLE_SCOPE_BEGIN|[225]|req|System.HttpRequest|true|false
17:48:06.0 (514444601)|VARIABLE_ASSIGNMENT|[225]|req|"System.HttpRequest[Endpoint=https://cmr-mx-business.fif.tech/api/business/v1/backend/onboarding/file/download, Method=POST]"|0x32f42ead
17:48:06.0 (514451915)|STATEMENT_EXECUTE|[225]
17:48:06.0 (514453330)|STATEMENT_EXECUTE|[227]
17:48:06.0 (514466982)|VARIABLE_SCOPE_BEGIN|[227]|http|System.Http|true|false
17:48:06.0 (514494046)|VARIABLE_ASSIGNMENT|[227]|http|"System.Http[]"|0x57af4b54
17:48:06.0 (514497540)|STATEMENT_EXECUTE|[228]
17:48:06.0 (514535791)|CALLOUT_REQUEST|[228]|System.HttpRequest[Endpoint=https://cmr-mx-business.fif.tech/api/business/v1/backend/onboarding/file/download, Method=POST]
17:48:06.0 (798675840)|HEAP_ALLOCATE|[EXTERNAL]|Bytes:1323
17:48:06.0 (799798547)|CALLOUT_RESPONSE|[228]|System.HttpResponse[Status=Internal Server Error, StatusCode=500]
17:48:06.0 (799833451)|HEAP_ALLOCATE|[228]|Bytes:68
17:48:06.0 (799901736)|METHOD_EXIT|[67]|01p1N00000EREqf|ClienteMicroServicios.enviarRequest(System.HttpRequest)
17:48:06.0 (799996520)|VARIABLE_ASSIGNMENT|[67]|res|"System.HttpResponse[Status=Internal Server Error, StatusCode=500]"|0x7c24b79a
17:48:06.0 (800040199)|STATEMENT_EXECUTE|[69]
17:48:06.0 (800046549)|HEAP_ALLOCATE|[65]|Bytes:4
17:48:06.0 (800058596)|VARIABLE_ASSIGNMENT|[65]|i|2
17:48:06.0 (800065358)|STATEMENT_EXECUTE|[65]
17:48:06.0 (800066851)|STATEMENT_EXECUTE|[67]
17:48:06.0 (800077440)|METHOD_ENTRY|[67]|01p1N00000EREqf|ClienteMicroServicios.enviarRequest(System.HttpRequest)
17:48:06.0 (800084808)|VARIABLE_SCOPE_BEGIN|[225]|this|ClienteMicroServicios|true|false
17:48:06.0 (800174358)|VARIABLE_ASSIGNMENT|[225]|this|{"access_token":"ByL5r8VRhQ61p9icwqK1 (12 more) ...","APIVERSION":"apiversion","APP_JSON":"application/json","AT":"access_token","AUTH":"Authorization","AUTHENTICATED_USERID":"authenticated_userid","BACKEND":"backend","BASE_URL":"https://cmr-mx-busin (3 more) ...","BEARER":"Bearer","CLIENT_ID":"client_id","CLIENT_SECRET":"client_secret","cm":"0x6d4344c0","CONT_TYPE":"Content-Type","endpoint":"onboarding/file/down (4 more) ...","GRANT_TYPE":"grant_type","MDW_CS_CHANNEL":"mdw-cs-channel","MDW_CS_COMMERCE":"mdw-cs-commerce","MDW_CS_COUNTRY":"mdw-cs-country","MDW_CS_DATE":"mdw-cs-date","MDW_CS_HOUR":"mdw-cs-hour","method":"POST","microServicio":"MicroServicioImgBlob (7 more) ...","OAUTH":"oauth2/token","PASSWORD":"password","PROVISION_KEY":"provision_key","SCORETOKEN":"token","SECCTION":"secction","TIME_OUT":120000,"URI":".fif.tech/api/busine (3 more) ...","version":"v1"}|0x4d83db13
17:48:06.0 (800182308)|VARIABLE_SCOPE_BEGIN|[225]|req|System.HttpRequest|true|false
17:48:06.0 (800215378)|VARIABLE_ASSIGNMENT|[225]|req|"System.HttpRequest[Endpoint=https://cmr-mx-business.fif.tech/api/business/v1/backend/onboarding/file/download, Method=POST]"|0x32f42ead
17:48:06.0 (800222672)|STATEMENT_EXECUTE|[225]
17:48:06.0 (800223924)|STATEMENT_EXECUTE|[227]
17:48:06.0 (800237360)|VARIABLE_SCOPE_BEGIN|[227]|http|System.Http|true|false
17:48:06.0 (800265094)|VARIABLE_ASSIGNMENT|[227]|http|"System.Http[]"|0x2cfe50ed
17:48:06.0 (800268616)|STATEMENT_EXECUTE|[228]
17:48:06.0 (800335582)|CALLOUT_REQUEST|[228]|System.HttpRequest[Endpoint=https://cmr-mx-business.fif.tech/api/business/v1/backend/onboarding/file/download, Method=POST]
17:48:07.81 (1081441242)|HEAP_ALLOCATE|[EXTERNAL]|Bytes:1323
17:48:07.81 (1082241980)|CALLOUT_RESPONSE|[228]|System.HttpResponse[Status=Internal Server Error, StatusCode=500]
17:48:07.81 (1082265037)|HEAP_ALLOCATE|[228]|Bytes:68
17:48:07.81 (1082296147)|METHOD_EXIT|[67]|01p1N00000EREqf|ClienteMicroServicios.enviarRequest(System.HttpRequest)
17:48:07.81 (1082383613)|VARIABLE_ASSIGNMENT|[67]|res|"System.HttpResponse[Status=Internal Server Error, StatusCode=500]"|0x21fbe18a
17:48:07.81 (1082425768)|STATEMENT_EXECUTE|[69]
17:48:07.81 (1082430927)|HEAP_ALLOCATE|[65]|Bytes:4
17:48:07.81 (1082441798)|VARIABLE_ASSIGNMENT|[65]|i|3
17:48:07.81 (1082449485)|STATEMENT_EXECUTE|[76]
17:48:07.81 (1082453311)|HEAP_ALLOCATE|[76]|Bytes:4
17:48:07.81 (1082509560)|HEAP_ALLOCATE|[76]|Bytes:43
17:48:07.81 (1082523284)|HEAP_ALLOCATE|[76]|Bytes:47
17:48:07.81 (1082546907)|USER_DEBUG|[76]|DEBUG|res {"code":"error","message":"internal error"}
17:48:07.81 (1082554462)|STATEMENT_EXECUTE|[82]
17:48:07.81 (1082555787)|STATEMENT_EXECUTE|[84]
17:48:07.81 (1082595257)|HEAP_ALLOCATE|[84]|Bytes:3
17:48:07.81 (1082622554)|METHOD_ENTRY|[84]|01p1N00000EREqf|ClienteMicroServicios.logError(String, String)
17:48:07.81 (1082630271)|VARIABLE_SCOPE_BEGIN|[231]|this|ClienteMicroServicios|true|false
17:48:07.81 (1082712742)|VARIABLE_ASSIGNMENT|[231]|this|{"access_token":"ByL5r8VRhQ61p9icwqK1 (12 more) ...","APIVERSION":"apiversion","APP_JSON":"application/json","AT":"access_token","AUTH":"Authorization","AUTHENTICATED_USERID":"authenticated_userid","BACKEND":"backend","BASE_URL":"https://cmr-mx-busin (3 more) ...","BEARER":"Bearer","CLIENT_ID":"client_id","CLIENT_SECRET":"client_secret","cm":"0x6d4344c0","CONT_TYPE":"Content-Type","endpoint":"onboarding/file/down (4 more) ...","GRANT_TYPE":"grant_type","MDW_CS_CHANNEL":"mdw-cs-channel","MDW_CS_COMMERCE":"mdw-cs-commerce","MDW_CS_COUNTRY":"mdw-cs-country","MDW_CS_DATE":"mdw-cs-date","MDW_CS_HOUR":"mdw-cs-hour","method":"POST","microServicio":"MicroServicioImgBlob (7 more) ...","OAUTH":"oauth2/token","PASSWORD":"password","PROVISION_KEY":"provision_key","SCORETOKEN":"token","SECCTION":"secction","TIME_OUT":120000,"URI":".fif.tech/api/busine (3 more) ...","version":"v1"}|0x4d83db13
17:48:07.81 (1082721538)|VARIABLE_SCOPE_BEGIN|[231]|apexClass|String|false|false
17:48:07.81 (1082726636)|VARIABLE_ASSIGNMENT|[231]|apexClass|"MicroServicioModalIm (8 more) ..."
17:48:07.81 (1082728802)|VARIABLE_SCOPE_BEGIN|[231]|message|String|false|false
17:48:07.81 (1082732856)|VARIABLE_ASSIGNMENT|[231]|message|"500"
17:48:07.81 (1082739095)|STATEMENT_EXECUTE|[231]
17:48:07.81 (1082740270)|STATEMENT_EXECUTE|[233]
17:48:07.81 (1082814495)|HEAP_ALLOCATE|[233]|Bytes:4
17:48:07.81 (1083815639)|VARIABLE_ASSIGNMENT|[233]|this.ApexClass__c|"MicroServicioModalIm (8 more) ..."|0x3ab20b62
17:48:07.81 (1083839871)|VARIABLE_ASSIGNMENT|[233]|this.Message__c|"500"|0x3ab20b62
17:48:07.81 (1083871843)|VARIABLE_SCOPE_BEGIN|[233]|el|Error_Log__c|true|false
17:48:07.81 (1083892375)|VARIABLE_ASSIGNMENT|[233]|el|{"ApexClass__c":"MicroServicioModalIm (8 more) ...","Message__c":"500"}|0x3ab20b62
17:48:07.81 (1083906724)|STATEMENT_EXECUTE|[234]
17:48:07.81 (1083940662)|HEAP_ALLOCATE|[234]|Bytes:8
17:48:07.81 (1083972556)|DML_BEGIN|[234]|Op:Insert|Type:Error_Log__c|Rows:1
17:48:07.81 (1084007278)|HEAP_ALLOCATE|[EXTERNAL]|Bytes:8
17:48:07.81 (1111855873)|DML_END|[234]
17:48:07.81 (1112018660)|METHOD_EXIT|[84]|01p1N00000EREqf|ClienteMicroServicios.logError(String, String)
17:48:07.81 (1112048420)|STATEMENT_EXECUTE|[93]
17:48:07.81 (1112055885)|METHOD_EXIT|[130]|01p3l000005qhVh|MicroServicioModalImagenesBO.descargarImagenMS(Map<String,Map<String,String>>)
17:48:07.81 (1112072349)|HEAP_ALLOCATE|[130]|Bytes:7
17:48:07.81 (1112082993)|HEAP_ALLOCATE|[130]|Bytes:2
17:48:07.81 (1112121492)|METHOD_ENTRY|[1]|01p3l00000EBdkE|BlobStorageJSON.BlobStorageJSON()
17:48:07.81 (1112127807)|STATEMENT_EXECUTE|[1]
17:48:07.81 (1112136439)|STATEMENT_EXECUTE|[1]
17:48:07.81 (1112138228)|STATEMENT_EXECUTE|[6]
17:48:07.81 (1112144287)|METHOD_EXIT|[1]|BlobStorageJSON
17:48:07.81 (1112193775)|METHOD_ENTRY|[130]|01p3l00000EBdkE|BlobStorageJSON.parse(String)
17:48:07.81 (1112201947)|VARIABLE_SCOPE_BEGIN|[11]|json|String|false|false
17:48:07.81 (1112218162)|VARIABLE_ASSIGNMENT|[11]|json|null
17:48:07.81 (1112223740)|STATEMENT_EXECUTE|[11]
17:48:07.81 (1112225114)|STATEMENT_EXECUTE|[12]
17:48:07.81 (1112228142)|HEAP_ALLOCATE|[12]|Bytes:15
17:48:07.81 (1112330264)|HEAP_ALLOCATE|[12]|Bytes:8
17:48:07.81 (1112340247)|HEAP_ALLOCATE|[12]|Bytes:8
17:48:07.81 (1112343107)|VARIABLE_SCOPE_BEGIN|[4]|this|System.Type|true|false
17:48:07.81 (1112379536)|VARIABLE_ASSIGNMENT|[4]|this|{}|0x77225f83
17:48:07.81 (1112382522)|VARIABLE_SCOPE_BEGIN|[4]|apextype|java:common.apex.runtime.ApexObjectType|true|false
17:48:07.81 (1112484942)|VARIABLE_ASSIGNMENT|[4]|apextype|"BlobStorageJSON"|0x55507baa
17:48:07.81 (1112515942)|HEAP_ALLOCATE|[12]|Bytes:8
17:48:07.81 (1112525272)|METHOD_ENTRY|[12]||System.JSON.deserialize(String, System.Type)
17:48:07.81 (1112704637)|METHOD_EXIT|[12]||System.JSON.deserialize(String, System.Type)
17:48:07.81 (1112708357)|METHOD_EXIT|[130]|01p3l00000EBdkE|BlobStorageJSON.parse(String)
17:48:07.81 (1112741222)|VARIABLE_SCOPE_BEGIN|[132]|ex|Exception|true|false
17:48:07.81 (1112776602)|VARIABLE_ASSIGNMENT|[132]|ex|"common.apex.runtime.impl.ExecutionException: null input to JSON parser"|0x48efa0a9
17:48:07.81 (1112784872)|STATEMENT_EXECUTE|[132]
17:48:07.81 (1112786557)|STATEMENT_EXECUTE|[134]
17:48:07.81 (1112789775)|HEAP_ALLOCATE|[134]|Bytes:8
17:48:07.81 (1112818771)|HEAP_ALLOCATE|[134]|Bytes:25
17:48:07.81 (1112824610)|HEAP_ALLOCATE|[134]|Bytes:10
17:48:07.81 (1112833884)|HEAP_ALLOCATE|[134]|Bytes:8
17:48:07.81 (1112847987)|HEAP_ALLOCATE|[134]|Bytes:2
17:48:07.81 (1112859389)|HEAP_ALLOCATE|[134]|Bytes:45
17:48:07.81 (1112873442)|USER_DEBUG|[134]|DEBUG|ERROR:  null input to JSON parser  LINEA:  15
17:48:07.81 (1112879756)|STATEMENT_EXECUTE|[138]
17:48:07.81 (1112881807)|STATEMENT_EXECUTE|[169]
17:48:07.81 (1112883469)|HEAP_ALLOCATE|[169]|Bytes:7
17:48:07.81 (1112912312)|HEAP_ALLOCATE|[169]|Bytes:5
17:48:07.81 (1112919238)|HEAP_ALLOCATE|[EXTERNAL]|Bytes:-4
17:48:07.81 (1112924887)|STATEMENT_EXECUTE|[170]
17:48:07.81 (1112926210)|HEAP_ALLOCATE|[170]|Bytes:10
17:48:07.81 (1112934867)|HEAP_ALLOCATE|[EXTERNAL]|Bytes:-4
17:48:07.81 (1112938257)|STATEMENT_EXECUTE|[171]
17:48:07.81 (1112941642)|METHOD_EXIT|[93]|01p3l000005qhVh|MicroServicioModalImagenesBO.descargarImagen(String, String, String)
17:48:07.121 (1121899172)|CUMULATIVE_LIMIT_USAGE
17:48:07.121 (1121899172)|LIMIT_USAGE_FOR_NS|(default)|
  Number of SOQL queries: 0 out of 100
  Number of query rows: 2 out of 50000
  Number of SOSL queries: 0 out of 20
  Number of DML statements: 1 out of 150
  Number of Publish Immediate DML: 0 out of 150
  Number of DML rows: 1 out of 10000
  Maximum CPU time: 31 out of 10000
  Maximum heap size: 0 out of 6000000
  Number of callouts: 4 out of 100
  Number of Email Invocations: 0 out of 10
  Number of future calls: 0 out of 50
  Number of queueable jobs added to the queue: 0 out of 50
  Number of Mobile Apex push calls: 0 out of 10

17:48:07.121 (1121899172)|CUMULATIVE_LIMIT_USAGE_END

17:48:07.81 (1122011774)|CODE_UNIT_FINISHED|ExpedientesFalabella.getDocumentBlobStorage(String, String, String)
17:48:07.81 (1122207022)|CODE_UNIT_FINISHED|apex://ExpedientesFalabella/ACTION$getDocumentBlobStorage
17:48:07.81 (1122217615)|EXECUTION_FINISHED
