67.0 APEX_CODE,FINEST;APEX_PROFILING,INFO;CALLOUT,INFO;DATA_ACCESS,INFO;DB,INFO;NBA,INFO;SYSTEM,DEBUG;VALIDATION,INFO;VISUALFORCE,INFO;WAVE,INFO;WORKFLOW,INFO
13:04:53.0 (268570)|USER_INFO|[EXTERNAL]|005Qg000002VBqt|jlandav@falabella.com.mx|(GMT-06:00) Central Standard Time (America/Mexico_City)|GMT-06:00
13:04:53.0 (350929)|EXECUTION_STARTED
13:04:53.0 (365634)|CODE_UNIT_STARTED|[EXTERNAL]|apex://CasosControllerExtension/ACTION$obtenerCasosToday
13:04:53.0 (1731359)|CODE_UNIT_STARTED|[EXTERNAL]|01p3l000005qcOV|CasosControllerExtension.obtenerCasosToday()
13:04:53.0 (1947126)|HEAP_ALLOCATE|[95]|Bytes:3
13:04:53.0 (2050647)|HEAP_ALLOCATE|[100]|Bytes:152
13:04:53.0 (2072683)|HEAP_ALLOCATE|[417]|Bytes:408
13:04:53.0 (2092768)|HEAP_ALLOCATE|[430]|Bytes:408
13:04:53.0 (2125758)|HEAP_ALLOCATE|[317]|Bytes:6
13:04:53.0 (2152238)|VARIABLE_SCOPE_BEGIN|[21]|CasosControllerExtension.QUEUE_CREDITO_FRAUDES|String|false|true
13:04:53.0 (2159640)|VARIABLE_SCOPE_BEGIN|[20]|CasosControllerExtension.RT_FIGITAL|String|false|true
13:04:53.0 (2164843)|VARIABLE_SCOPE_BEGIN|[19]|CasosControllerExtension.RT_RIESGOS|String|false|true
13:04:53.0 (2170253)|VARIABLE_SCOPE_BEGIN|[17]|CasosControllerExtension.ST_ASIGNADA|String|false|true
13:04:53.0 (2175381)|VARIABLE_SCOPE_BEGIN|[15]|CasosControllerExtension.ST_AUTORIZADA|String|false|true
13:04:53.0 (2180325)|VARIABLE_SCOPE_BEGIN|[18]|CasosControllerExtension.ST_CERRADO|String|false|true
13:04:53.0 (2185493)|VARIABLE_SCOPE_BEGIN|[16]|CasosControllerExtension.ST_NUEVO|String|false|true
13:04:53.0 (2379199)|HEAP_ALLOCATE|[EXTERNAL]|Bytes:11
13:04:53.0 (2397792)|METHOD_ENTRY|[13]|01p3l000005qcOV|CasosControllerExtension.CasosControllerExtension()
13:04:53.0 (2403937)|STATEMENT_EXECUTE|[13]
13:04:53.0 (2409182)|STATEMENT_EXECUTE|[13]
13:04:53.0 (2433392)|HEAP_ALLOCATE|[68]|Bytes:5
13:04:53.0 (2466587)|HEAP_ALLOCATE|[74]|Bytes:5
13:04:53.0 (2474444)|HEAP_ALLOCATE|[82]|Bytes:7
13:04:53.0 (2502992)|HEAP_ALLOCATE|[15]|Bytes:5
13:04:53.0 (2507666)|STATEMENT_EXECUTE|[15]
13:04:53.0 (2510184)|HEAP_ALLOCATE|[15]|Bytes:12
13:04:53.0 (2576407)|VARIABLE_ASSIGNMENT|[15]|CasosControllerExtension.ST_AUTORIZADA|"Autorización"
13:04:53.0 (2582454)|STATEMENT_EXECUTE|[16]
13:04:53.0 (2584647)|HEAP_ALLOCATE|[16]|Bytes:3
13:04:53.0 (2591448)|VARIABLE_ASSIGNMENT|[16]|CasosControllerExtension.ST_NUEVO|"New"
13:04:53.0 (2594680)|STATEMENT_EXECUTE|[17]
13:04:53.0 (2596371)|HEAP_ALLOCATE|[17]|Bytes:8
13:04:53.0 (2601598)|VARIABLE_ASSIGNMENT|[17]|CasosControllerExtension.ST_ASIGNADA|"Asignada"
13:04:53.0 (2605081)|STATEMENT_EXECUTE|[18]
13:04:53.0 (2606820)|HEAP_ALLOCATE|[18]|Bytes:7
13:04:53.0 (2612124)|VARIABLE_ASSIGNMENT|[18]|CasosControllerExtension.ST_CERRADO|"Cerrado"
13:04:53.0 (2615557)|STATEMENT_EXECUTE|[19]
13:04:53.0 (2617901)|HEAP_ALLOCATE|[19]|Bytes:19
13:04:53.0 (2623544)|VARIABLE_ASSIGNMENT|[19]|CasosControllerExtension.RT_RIESGOS|"Riesgos_Originaci_n"
13:04:53.0 (2627102)|STATEMENT_EXECUTE|[20]
13:04:53.0 (2629116)|HEAP_ALLOCATE|[20]|Bytes:18
13:04:53.0 (2634373)|VARIABLE_ASSIGNMENT|[20]|CasosControllerExtension.RT_FIGITAL|"BackOffice_Figital"
13:04:53.0 (2637490)|STATEMENT_EXECUTE|[21]
13:04:53.0 (2639217)|HEAP_ALLOCATE|[21]|Bytes:26
13:04:53.0 (2645991)|VARIABLE_ASSIGNMENT|[21]|CasosControllerExtension.QUEUE_CREDITO_FRAUDES|"BackOffice Credito/F (6 more) ..."
13:04:53.0 (2660783)|METHOD_EXIT|[13]|CasosControllerExtension
13:04:53.0 (2675436)|HEAP_ALLOCATE|[78]|Bytes:5
13:04:53.0 (2679337)|STATEMENT_EXECUTE|[76]
13:04:53.0 (2680881)|STATEMENT_EXECUTE|[78]
13:04:53.0 (2683016)|HEAP_ALLOCATE|[78]|Bytes:4
13:04:53.0 (2858326)|HEAP_ALLOCATE|[78]|Bytes:4
13:04:53.0 (4476681)|HEAP_ALLOCATE|[78]|Bytes:408
13:04:53.0 (4575685)|HEAP_ALLOCATE|[78]|Bytes:4
13:04:53.0 (4594657)|HEAP_ALLOCATE|[78]|Bytes:18
13:04:53.0 (4601255)|VARIABLE_SCOPE_BEGIN|[78]|idRecordTypeCredito|String|false|false
13:04:53.0 (4619923)|VARIABLE_ASSIGNMENT|[78]|idRecordTypeCredito|"0123l000001M9F8AAK"
13:04:53.0 (4625297)|STATEMENT_EXECUTE|[79]
13:04:53.0 (4700254)|HEAP_ALLOCATE|[79]|Bytes:4
13:04:53.0 (6317879)|HEAP_ALLOCATE|[79]|Bytes:408
13:04:53.0 (6376326)|HEAP_ALLOCATE|[79]|Bytes:4
13:04:53.0 (6385864)|HEAP_ALLOCATE|[79]|Bytes:18
13:04:53.0 (6391961)|VARIABLE_SCOPE_BEGIN|[79]|idRecordTypeFigital|String|false|false
13:04:53.0 (6408523)|VARIABLE_ASSIGNMENT|[79]|idRecordTypeFigital|"0123l0000019LkKAAU"
13:04:53.0 (6413410)|STATEMENT_EXECUTE|[81]
13:04:53.0 (6416863)|HEAP_ALLOCATE|[81]|Bytes:196
13:04:53.0 (6436108)|HEAP_ALLOCATE|[81]|Bytes:4
13:04:53.0 (6448320)|HEAP_ALLOCATE|[81]|Bytes:7
13:04:53.0 (6460845)|HEAP_ALLOCATE|[81]|Bytes:7
13:04:53.0 (6466039)|HEAP_ALLOCATE|[81]|Bytes:7
13:04:53.0 (6470747)|HEAP_ALLOCATE|[81]|Bytes:7
13:04:53.0 (6476133)|HEAP_ALLOCATE|[81]|Bytes:7
13:04:53.0 (6481548)|HEAP_ALLOCATE|[81]|Bytes:7
13:04:53.0 (7158620)|SOQL_EXECUTE_BEGIN|[81]|Aggregations:0|SELECT COUNT() FROM Case WHERE ((Status = :tmpVar1 OR Status = :tmpVar2 OR Status = :tmpVar3 OR Status = :tmpVar4) AND CreatedDate = TODAY AND (RecordTypeId = :tmpVar5 OR RecordTypeId = :tmpVar6))
13:04:53.0 (20664975)|SOQL_EXECUTE_END|[81]|Rows:129
13:04:53.0 (20721728)|HEAP_ALLOCATE|[81]|Bytes:4
13:04:53.0 (20748984)|VARIABLE_SCOPE_BEGIN|[81]|total|Integer|false|false
13:04:53.0 (20757368)|HEAP_ALLOCATE|[81]|Bytes:4
13:04:53.0 (20777769)|VARIABLE_ASSIGNMENT|[81]|total|129
13:04:53.0 (20783625)|STATEMENT_EXECUTE|[83]
13:04:53.0 (20785863)|HEAP_ALLOCATE|[83]|Bytes:4
13:04:53.0 (20794495)|HEAP_ALLOCATE|[83]|Bytes:4
13:04:53.20 (20872097)|CUMULATIVE_LIMIT_USAGE
13:04:53.20 (20872097)|LIMIT_USAGE_FOR_NS|(default)|
  Number of SOQL queries: 1 out of 100
  Number of query rows: 1 out of 50000
  Number of SOSL queries: 0 out of 20
  Number of DML statements: 0 out of 150
  Number of Publish Immediate DML: 0 out of 150
  Number of DML rows: 0 out of 10000
  Maximum CPU time: 0 out of 10000
  Maximum heap size: 0 out of 6000000
  Number of callouts: 0 out of 100
  Number of Email Invocations: 0 out of 10
  Number of future calls: 0 out of 50
  Number of queueable jobs added to the queue: 0 out of 50
  Number of Mobile Apex push calls: 0 out of 10

13:04:53.20 (20872097)|CUMULATIVE_LIMIT_USAGE_END

13:04:53.0 (20968969)|CODE_UNIT_FINISHED|CasosControllerExtension.obtenerCasosToday()
13:04:53.0 (21209535)|CODE_UNIT_FINISHED|apex://CasosControllerExtension/ACTION$obtenerCasosToday
13:04:53.0 (21222718)|EXECUTION_FINISHED
