66.0 APEX_CODE,FINEST;APEX_PROFILING,INFO;CALLOUT,INFO;DATA_ACCESS,INFO;DB,INFO;NBA,INFO;SYSTEM,DEBUG;VALIDATION,INFO;VISUALFORCE,INFO;WAVE,INFO;WORKFLOW,INFO
11:51:16.0 (139208)|USER_INFO|[EXTERNAL]|0050v0000034lag|albeltransa@falabella.com.mx.admin.uat|(GMT-06:00) Central Standard Time (America/Mexico_City)|GMT-06:00
11:51:16.0 (197802)|EXECUTION_STARTED
11:51:16.0 (211667)|CODE_UNIT_STARTED|[EXTERNAL]|apex://CasosControllerExtension/ACTION$obtenerCasosToday
11:51:16.0 (1835649)|CODE_UNIT_STARTED|[EXTERNAL]|01p0v000003PcLg|CasosControllerExtension.obtenerCasosToday()
11:51:16.0 (1946268)|VARIABLE_SCOPE_BEGIN|[21]|CasosControllerExtension.QUEUE_CREDITO_FRAUDES|String|false|true
11:51:16.0 (1981141)|VARIABLE_SCOPE_BEGIN|[20]|CasosControllerExtension.RT_FIGITAL|String|false|true
11:51:16.0 (1984609)|VARIABLE_SCOPE_BEGIN|[19]|CasosControllerExtension.RT_RIESGOS|String|false|true
11:51:16.0 (1987469)|VARIABLE_SCOPE_BEGIN|[17]|CasosControllerExtension.ST_ASIGNADA|String|false|true
11:51:16.0 (1990334)|VARIABLE_SCOPE_BEGIN|[15]|CasosControllerExtension.ST_AUTORIZADA|String|false|true
11:51:16.0 (1993735)|VARIABLE_SCOPE_BEGIN|[18]|CasosControllerExtension.ST_CERRADO|String|false|true
11:51:16.0 (1996783)|VARIABLE_SCOPE_BEGIN|[16]|CasosControllerExtension.ST_NUEVO|String|false|true
11:51:16.0 (2128582)|HEAP_ALLOCATE|[95]|Bytes:3
11:51:16.0 (2176519)|HEAP_ALLOCATE|[100]|Bytes:152
11:51:16.0 (2193991)|HEAP_ALLOCATE|[417]|Bytes:408
11:51:16.0 (2206911)|HEAP_ALLOCATE|[430]|Bytes:408
11:51:16.0 (2225261)|HEAP_ALLOCATE|[317]|Bytes:6
11:51:16.0 (2235389)|HEAP_ALLOCATE|[EXTERNAL]|Bytes:11
11:51:16.0 (2246759)|METHOD_ENTRY|[13]|01p0v000003PcLg|CasosControllerExtension.CasosControllerExtension()
11:51:16.0 (2251002)|STATEMENT_EXECUTE|[13]
11:51:16.0 (2256457)|STATEMENT_EXECUTE|[13]
11:51:16.0 (2276312)|HEAP_ALLOCATE|[68]|Bytes:5
11:51:16.0 (2300059)|HEAP_ALLOCATE|[74]|Bytes:5
11:51:16.0 (2304569)|HEAP_ALLOCATE|[82]|Bytes:7
11:51:16.0 (2326993)|HEAP_ALLOCATE|[15]|Bytes:5
11:51:16.0 (2329876)|STATEMENT_EXECUTE|[15]
11:51:16.0 (2332019)|HEAP_ALLOCATE|[15]|Bytes:12
11:51:16.0 (2382837)|VARIABLE_ASSIGNMENT|[15]|CasosControllerExtension.ST_AUTORIZADA|"Autorización"
11:51:16.0 (2387026)|STATEMENT_EXECUTE|[16]
11:51:16.0 (2388309)|HEAP_ALLOCATE|[16]|Bytes:3
11:51:16.0 (2391703)|VARIABLE_ASSIGNMENT|[16]|CasosControllerExtension.ST_NUEVO|"New"
11:51:16.0 (2393828)|STATEMENT_EXECUTE|[17]
11:51:16.0 (2394900)|HEAP_ALLOCATE|[17]|Bytes:8
11:51:16.0 (2398224)|VARIABLE_ASSIGNMENT|[17]|CasosControllerExtension.ST_ASIGNADA|"Asignada"
11:51:16.0 (2400467)|STATEMENT_EXECUTE|[18]
11:51:16.0 (2401462)|HEAP_ALLOCATE|[18]|Bytes:7
11:51:16.0 (2404565)|VARIABLE_ASSIGNMENT|[18]|CasosControllerExtension.ST_CERRADO|"Cerrado"
11:51:16.0 (2406239)|STATEMENT_EXECUTE|[19]
11:51:16.0 (2407513)|HEAP_ALLOCATE|[19]|Bytes:19
11:51:16.0 (2410957)|VARIABLE_ASSIGNMENT|[19]|CasosControllerExtension.RT_RIESGOS|"Riesgos_Originaci_n"
11:51:16.0 (2413099)|STATEMENT_EXECUTE|[20]
11:51:16.0 (2414273)|HEAP_ALLOCATE|[20]|Bytes:18
11:51:16.0 (2417238)|VARIABLE_ASSIGNMENT|[20]|CasosControllerExtension.RT_FIGITAL|"BackOffice_Figital"
11:51:16.0 (2419379)|STATEMENT_EXECUTE|[21]
11:51:16.0 (2420400)|HEAP_ALLOCATE|[21]|Bytes:26
11:51:16.0 (2424837)|VARIABLE_ASSIGNMENT|[21]|CasosControllerExtension.QUEUE_CREDITO_FRAUDES|"BackOffice Credito/F (6 more) ..."
11:51:16.0 (2434959)|METHOD_EXIT|[13]|CasosControllerExtension
11:51:16.0 (2444745)|HEAP_ALLOCATE|[78]|Bytes:5
11:51:16.0 (2446871)|STATEMENT_EXECUTE|[76]
11:51:16.0 (2447738)|STATEMENT_EXECUTE|[78]
11:51:16.0 (2448923)|HEAP_ALLOCATE|[78]|Bytes:4
11:51:16.0 (2594182)|HEAP_ALLOCATE|[78]|Bytes:4
11:51:16.0 (3675046)|HEAP_ALLOCATE|[78]|Bytes:412
11:51:16.0 (3756589)|HEAP_ALLOCATE|[78]|Bytes:4
11:51:16.0 (3772442)|HEAP_ALLOCATE|[78]|Bytes:18
11:51:16.0 (3778289)|VARIABLE_SCOPE_BEGIN|[78]|idRecordTypeCredito|String|false|false
11:51:16.0 (3793924)|VARIABLE_ASSIGNMENT|[78]|idRecordTypeCredito|"0120v000000fwTjAAI"
11:51:16.0 (3797348)|STATEMENT_EXECUTE|[79]
11:51:16.0 (3861592)|HEAP_ALLOCATE|[79]|Bytes:4
11:51:16.0 (4759137)|HEAP_ALLOCATE|[79]|Bytes:412
11:51:16.0 (4783102)|HEAP_ALLOCATE|[79]|Bytes:4
11:51:16.0 (4788447)|HEAP_ALLOCATE|[79]|Bytes:18
11:51:16.0 (4792631)|VARIABLE_SCOPE_BEGIN|[79]|idRecordTypeFigital|String|false|false
11:51:16.0 (4802677)|VARIABLE_ASSIGNMENT|[79]|idRecordTypeFigital|"0120v000000pcRFAAY"
11:51:16.0 (4805797)|STATEMENT_EXECUTE|[81]
11:51:16.0 (4808072)|HEAP_ALLOCATE|[81]|Bytes:196
11:51:16.0 (4820834)|HEAP_ALLOCATE|[81]|Bytes:4
11:51:16.0 (4829680)|HEAP_ALLOCATE|[81]|Bytes:7
11:51:16.0 (4839842)|HEAP_ALLOCATE|[81]|Bytes:7
11:51:16.0 (4843902)|HEAP_ALLOCATE|[81]|Bytes:7
11:51:16.0 (4847082)|HEAP_ALLOCATE|[81]|Bytes:7
11:51:16.0 (4850125)|HEAP_ALLOCATE|[81]|Bytes:7
11:51:16.0 (4852891)|HEAP_ALLOCATE|[81]|Bytes:7
11:51:16.0 (5442500)|SOQL_EXECUTE_BEGIN|[81]|Aggregations:0|SELECT COUNT() FROM Case WHERE ((Status = :tmpVar1 OR Status = :tmpVar2 OR Status = :tmpVar3 OR Status = :tmpVar4) AND CreatedDate = TODAY AND (RecordTypeId = :tmpVar5 OR RecordTypeId = :tmpVar6))
11:51:16.0 (16210345)|SOQL_EXECUTE_END|[81]|Rows:1
11:51:16.0 (16290234)|HEAP_ALLOCATE|[81]|Bytes:4
11:51:16.0 (16319547)|VARIABLE_SCOPE_BEGIN|[81]|total|Integer|false|false
11:51:16.0 (16326431)|HEAP_ALLOCATE|[81]|Bytes:4
11:51:16.0 (16345129)|VARIABLE_ASSIGNMENT|[81]|total|1
11:51:16.0 (16348894)|STATEMENT_EXECUTE|[83]
11:51:16.0 (16351064)|HEAP_ALLOCATE|[83]|Bytes:4
11:51:16.0 (16360422)|HEAP_ALLOCATE|[83]|Bytes:4
11:51:16.16 (16421267)|CUMULATIVE_LIMIT_USAGE
11:51:16.16 (16421267)|LIMIT_USAGE_FOR_NS|(default)|
  Number of SOQL queries: 1 out of 100
  Number of query rows: 1 out of 50000
  Number of SOSL queries: 0 out of 20
  Number of DML statements: 0 out of 150
  Number of Publish Immediate DML: 0 out of 150
  Number of DML rows: 0 out of 10000
  Maximum CPU time: 0 out of 10000
  Maximum heap size: 0 out of 6000000
  Number of callouts: 0 out of 100
  Number of Email Invocations: 0 out of 10
  Number of future calls: 0 out of 50
  Number of queueable jobs added to the queue: 0 out of 50
  Number of Mobile Apex push calls: 0 out of 10

11:51:16.16 (16421267)|CUMULATIVE_LIMIT_USAGE_END

11:51:16.0 (16444921)|CODE_UNIT_FINISHED|CasosControllerExtension.obtenerCasosToday()
11:51:16.0 (16644696)|CODE_UNIT_FINISHED|apex://CasosControllerExtension/ACTION$obtenerCasosToday
11:51:16.0 (16649917)|EXECUTION_FINISHED
