66.0 APEX_CODE,FINEST;APEX_PROFILING,INFO;CALLOUT,INFO;DATA_ACCESS,INFO;DB,INFO;NBA,INFO;SYSTEM,DEBUG;VALIDATION,INFO;VISUALFORCE,INFO;WAVE,INFO;WORKFLOW,INFO
12:05:55.1 (1383103)|USER_INFO|[EXTERNAL]|0050v0000034lag|albeltransa@falabella.com.mx.admin.uat|(GMT-06:00) Central Standard Time (America/Mexico_City)|GMT-06:00
12:05:55.1 (1461846)|EXECUTION_STARTED
12:05:55.1 (1495398)|CODE_UNIT_STARTED|[EXTERNAL]|apex://CasosControllerExtension/ACTION$obtenerCasos
12:05:55.1 (5373096)|CODE_UNIT_STARTED|[EXTERNAL]|01p0v000003PcLg|CasosControllerExtension.obtenerCasos()
12:05:55.1 (8192780)|VARIABLE_SCOPE_BEGIN|[21]|CasosControllerExtension.QUEUE_CREDITO_FRAUDES|String|false|true
12:05:55.1 (8256565)|VARIABLE_SCOPE_BEGIN|[20]|CasosControllerExtension.RT_FIGITAL|String|false|true
12:05:55.1 (8261111)|VARIABLE_SCOPE_BEGIN|[19]|CasosControllerExtension.RT_RIESGOS|String|false|true
12:05:55.1 (8264328)|VARIABLE_SCOPE_BEGIN|[17]|CasosControllerExtension.ST_ASIGNADA|String|false|true
12:05:55.1 (8267570)|VARIABLE_SCOPE_BEGIN|[15]|CasosControllerExtension.ST_AUTORIZADA|String|false|true
12:05:55.1 (8271201)|VARIABLE_SCOPE_BEGIN|[18]|CasosControllerExtension.ST_CERRADO|String|false|true
12:05:55.1 (8274932)|VARIABLE_SCOPE_BEGIN|[16]|CasosControllerExtension.ST_NUEVO|String|false|true
12:05:55.1 (8479400)|HEAP_ALLOCATE|[95]|Bytes:3
12:05:55.1 (8546054)|HEAP_ALLOCATE|[100]|Bytes:152
12:05:55.1 (8563384)|HEAP_ALLOCATE|[417]|Bytes:408
12:05:55.1 (8587382)|HEAP_ALLOCATE|[430]|Bytes:408
12:05:55.1 (8621733)|HEAP_ALLOCATE|[317]|Bytes:6
12:05:55.1 (8637084)|HEAP_ALLOCATE|[EXTERNAL]|Bytes:11
12:05:55.1 (8672439)|METHOD_ENTRY|[13]|01p0v000003PcLg|CasosControllerExtension.CasosControllerExtension()
12:05:55.1 (8688931)|STATEMENT_EXECUTE|[13]
12:05:55.1 (8699890)|STATEMENT_EXECUTE|[13]
12:05:55.1 (8724706)|HEAP_ALLOCATE|[68]|Bytes:5
12:05:55.1 (8761801)|HEAP_ALLOCATE|[74]|Bytes:5
12:05:55.1 (8769086)|HEAP_ALLOCATE|[82]|Bytes:7
12:05:55.1 (9261426)|HEAP_ALLOCATE|[15]|Bytes:5
12:05:55.1 (9270837)|STATEMENT_EXECUTE|[15]
12:05:55.1 (9275028)|HEAP_ALLOCATE|[15]|Bytes:12
12:05:55.1 (9381304)|VARIABLE_ASSIGNMENT|[15]|CasosControllerExtension.ST_AUTORIZADA|"Autorización"
12:05:55.1 (9387640)|STATEMENT_EXECUTE|[16]
12:05:55.1 (9389384)|HEAP_ALLOCATE|[16]|Bytes:3
12:05:55.1 (9396370)|VARIABLE_ASSIGNMENT|[16]|CasosControllerExtension.ST_NUEVO|"New"
12:05:55.1 (9400223)|STATEMENT_EXECUTE|[17]
12:05:55.1 (9401987)|HEAP_ALLOCATE|[17]|Bytes:8
12:05:55.1 (9407691)|VARIABLE_ASSIGNMENT|[17]|CasosControllerExtension.ST_ASIGNADA|"Asignada"
12:05:55.1 (9411073)|STATEMENT_EXECUTE|[18]
12:05:55.1 (9412532)|HEAP_ALLOCATE|[18]|Bytes:7
12:05:55.1 (9417612)|VARIABLE_ASSIGNMENT|[18]|CasosControllerExtension.ST_CERRADO|"Cerrado"
12:05:55.1 (9420717)|STATEMENT_EXECUTE|[19]
12:05:55.1 (9422644)|HEAP_ALLOCATE|[19]|Bytes:19
12:05:55.1 (9428149)|VARIABLE_ASSIGNMENT|[19]|CasosControllerExtension.RT_RIESGOS|"Riesgos_Originaci_n"
12:05:55.1 (9431489)|STATEMENT_EXECUTE|[20]
12:05:55.1 (9432951)|HEAP_ALLOCATE|[20]|Bytes:18
12:05:55.1 (9437892)|VARIABLE_ASSIGNMENT|[20]|CasosControllerExtension.RT_FIGITAL|"BackOffice_Figital"
12:05:55.1 (9441199)|STATEMENT_EXECUTE|[21]
12:05:55.1 (9442642)|HEAP_ALLOCATE|[21]|Bytes:26
12:05:55.1 (9450303)|VARIABLE_ASSIGNMENT|[21]|CasosControllerExtension.QUEUE_CREDITO_FRAUDES|"BackOffice Credito/F (6 more) ..."
12:05:55.1 (9471126)|METHOD_EXIT|[13]|CasosControllerExtension
12:05:55.1 (9489114)|HEAP_ALLOCATE|[43]|Bytes:5
12:05:55.1 (9492254)|STATEMENT_EXECUTE|[41]
12:05:55.1 (9493689)|STATEMENT_EXECUTE|[43]
12:05:55.1 (9513458)|HEAP_ALLOCATE|[43]|Bytes:4
12:05:55.1 (9529720)|VARIABLE_SCOPE_BEGIN|[43]|mapResult|Map<String,ANY>|true|false
12:05:55.1 (9562278)|VARIABLE_ASSIGNMENT|[43]|mapResult|{}|0x2b666b49
12:05:55.1 (9566897)|STATEMENT_EXECUTE|[45]
12:05:55.1 (9590574)|METHOD_ENTRY|[45]|01p0v000003PcLg|CasosControllerExtension.getProfileName()
12:05:55.1 (9632058)|HEAP_ALLOCATE|[29]|Bytes:5
12:05:55.1 (9635696)|STATEMENT_EXECUTE|[27]
12:05:55.1 (9637053)|STATEMENT_EXECUTE|[29]
12:05:55.1 (9686068)|HEAP_ALLOCATE|[29]|Bytes:105
12:05:55.1 (9701598)|SYSTEM_METHOD_ENTRY|[1]|UserInfo.UserInfo()
12:05:55.1 (9704323)|STATEMENT_EXECUTE|[1]
12:05:55.1 (9712565)|SYSTEM_METHOD_EXIT|[1]|UserInfo
12:05:55.1 (9721088)|METHOD_ENTRY|[29]||System.UserInfo.getProfileId()
12:05:55.1 (12686205)|METHOD_EXIT|[29]||System.UserInfo.getProfileId()
12:05:55.1 (12733493)|HEAP_ALLOCATE|[29]|Bytes:4
12:05:55.1 (12746042)|VARIABLE_SCOPE_BEGIN|[29]|profileId|Id|false|false
12:05:55.1 (13016438)|VARIABLE_ASSIGNMENT|[29]|profileId|"00e1N000001u1HIQAY"
12:05:55.1 (13025248)|STATEMENT_EXECUTE|[30]
12:05:55.1 (13030460)|HEAP_ALLOCATE|[30]|Bytes:48
12:05:55.1 (13067123)|HEAP_ALLOCATE|[30]|Bytes:4
12:05:55.1 (13077798)|HEAP_ALLOCATE|[30]|Bytes:7
12:05:55.1 (17697910)|SOQL_EXECUTE_BEGIN|[30]|Aggregations:0|SELECT Id, Name FROM Profile WHERE Id = :tmpVar1
12:05:55.1 (25493805)|SOQL_EXECUTE_END|[30]|Rows:1
12:05:55.1 (25535558)|HEAP_ALLOCATE|[30]|Bytes:8
12:05:55.1 (25557653)|HEAP_ALLOCATE|[30]|Bytes:57
12:05:55.1 (25716008)|HEAP_ALLOCATE|[30]|Bytes:8
12:05:55.1 (25740706)|HEAP_ALLOCATE|[30]|Bytes:33
12:05:55.1 (25868114)|HEAP_ALLOCATE|[30]|Bytes:12
12:05:55.1 (25925653)|VARIABLE_SCOPE_BEGIN|[30]|profileName|String|false|false
12:05:55.1 (25953225)|VARIABLE_ASSIGNMENT|[30]|profileName|"System Administrator"
12:05:55.1 (25959052)|STATEMENT_EXECUTE|[32]
12:05:55.1 (25978291)|METHOD_EXIT|[45]|01p0v000003PcLg|CasosControllerExtension.getProfileName()
12:05:55.1 (25986038)|VARIABLE_SCOPE_BEGIN|[45]|profileName|String|false|false
12:05:55.1 (25993645)|VARIABLE_ASSIGNMENT|[45]|profileName|"System Administrator"
12:05:55.1 (25997069)|STATEMENT_EXECUTE|[47]
12:05:55.1 (25999432)|HEAP_ALLOCATE|[47]|Bytes:4
12:05:55.1 (26678651)|HEAP_ALLOCATE|[47]|Bytes:4
12:05:55.1 (29340096)|HEAP_ALLOCATE|[47]|Bytes:412
12:05:55.1 (29486146)|HEAP_ALLOCATE|[47]|Bytes:4
12:05:55.1 (29506896)|HEAP_ALLOCATE|[47]|Bytes:18
12:05:55.1 (29516848)|VARIABLE_SCOPE_BEGIN|[47]|idRecordTypeCredito|String|false|false
12:05:55.1 (29538969)|VARIABLE_ASSIGNMENT|[47]|idRecordTypeCredito|"0120v000000fwTjAAI"
12:05:55.1 (29545093)|STATEMENT_EXECUTE|[48]
12:05:55.1 (29650252)|HEAP_ALLOCATE|[48]|Bytes:4
12:05:55.1 (31137113)|HEAP_ALLOCATE|[48]|Bytes:412
12:05:55.1 (31196316)|HEAP_ALLOCATE|[48]|Bytes:4
12:05:55.1 (31205259)|HEAP_ALLOCATE|[48]|Bytes:18
12:05:55.1 (31210596)|VARIABLE_SCOPE_BEGIN|[48]|idRecordTypeFigital|String|false|false
12:05:55.1 (31230966)|VARIABLE_ASSIGNMENT|[48]|idRecordTypeFigital|"0120v000000pcRFAAY"
12:05:55.1 (31234679)|STATEMENT_EXECUTE|[50]
12:05:55.1 (31238367)|HEAP_ALLOCATE|[50]|Bytes:737
12:05:55.1 (31251035)|HEAP_ALLOCATE|[50]|Bytes:4
12:05:55.1 (31266186)|HEAP_ALLOCATE|[50]|Bytes:7
12:05:55.1 (31270655)|HEAP_ALLOCATE|[50]|Bytes:7
12:05:55.1 (31274346)|HEAP_ALLOCATE|[50]|Bytes:7
12:05:55.1 (31277515)|HEAP_ALLOCATE|[50]|Bytes:7
12:05:55.1 (31280419)|HEAP_ALLOCATE|[50]|Bytes:7
12:05:55.1 (37808921)|SOQL_EXECUTE_BEGIN|[50]|Aggregations:0|SELECT Id, CaseNumber, ID_Solicitud__c, Nombre_s__c, Primer_Apellido__c, Segundo_Apellido__c, CreatedDate, Status, Tiempo_en_Proceso__c, OwnerId, Owner.Name, Fecha_y_hora_de_solicitud_en_an_lisis__c, Tiempo_en_An_lisis__c, Solicitud_Repetida__c, Solicitud_de_cancelaci_n__c, C_digo_Postal_Direcci_n_Otros__c, Validar_Movimientos__c, Publicidad__c, Bloqueo_de_Tarjeta_por_Cancelaci_n__c, Canal_origen__c, Fecha_y_hora_de_solicitud_en_Nuevo__c FROM Case WHERE ((Status = :tmpVar1 OR Status = :tmpVar2 OR Status = :tmpVar3) AND (RecordTypeId = :tmpVar4 OR RecordTypeId = :tmpVar5) AND Owner.Name != :tmpVar6 AND OcultarBO__c != TRUE) ORDER BY RecordType.DeveloperName DESC NULLS FIRST, Fecha_y_hora_de_solicitud_en_Nuevo__c DESC NULLS FIRST
12:05:55.1 (144957930)|SOQL_EXECUTE_END|[50]|Rows:701
12:05:55.1 (145007802)|HEAP_ALLOCATE|[50]|Bytes:2808
12:05:55.1 (147398046)|HEAP_ALLOCATE|[50]|Bytes:429624
12:05:55.1 (147536087)|HEAP_ALLOCATE|[50]|Bytes:2808
12:05:55.1 (147564346)|VARIABLE_SCOPE_BEGIN|[50]|listaCasos|List<Case>|true|false
12:05:55.1 (147602514)|VARIABLE_ASSIGNMENT|[50]|listaCasos|"List of size 701 too large to display"|0x71edad7c
12:05:55.1 (147607981)|STATEMENT_EXECUTE|[61]
12:05:55.1 (147614812)|HEAP_ALLOCATE|[61]|Bytes:95
12:05:55.1 (147631772)|HEAP_ALLOCATE|[61]|Bytes:4
12:05:55.1 (149469688)|SOQL_EXECUTE_BEGIN|[61]|Aggregations:0|SELECT MasterLabel, Canal_Origen__c, Segundos__c, Semaforo__c FROM Semaforo_Riesgos_Inicio__mdt
12:05:55.1 (158657810)|SOQL_EXECUTE_END|[61]|Rows:6
12:05:55.1 (158691132)|HEAP_ALLOCATE|[61]|Bytes:28
12:05:55.1 (158725345)|HEAP_ALLOCATE|[61]|Bytes:871
12:05:55.1 (158811971)|HEAP_ALLOCATE|[61]|Bytes:28
12:05:55.1 (158837264)|VARIABLE_SCOPE_BEGIN|[61]|lstSemaforoRiesgos|List<Semaforo_Riesgos_Inicio__mdt>|true|false
12:05:55.1 (158863922)|VARIABLE_ASSIGNMENT|[61]|lstSemaforoRiesgos|"List of size 6 too large to display"|0x5e70ed42
12:05:55.1 (158870343)|STATEMENT_EXECUTE|[63]
12:05:55.1 (158875761)|HEAP_ALLOCATE|[63]|Bytes:10
12:05:55.1 (158992716)|HEAP_ALLOCATE|[EXTERNAL]|Bytes:-4
12:05:55.1 (159003738)|STATEMENT_EXECUTE|[64]
12:05:55.1 (159007241)|HEAP_ALLOCATE|[64]|Bytes:11
12:05:55.1 (159026796)|HEAP_ALLOCATE|[EXTERNAL]|Bytes:-4
12:05:55.1 (159031911)|STATEMENT_EXECUTE|[65]
12:05:55.1 (159033456)|HEAP_ALLOCATE|[65]|Bytes:18
12:05:55.1 (159042405)|HEAP_ALLOCATE|[EXTERNAL]|Bytes:-4
12:05:55.1 (159072666)|STATEMENT_EXECUTE|[67]
12:05:55.159 (159191151)|CUMULATIVE_LIMIT_USAGE
12:05:55.159 (159191151)|LIMIT_USAGE_FOR_NS|(default)|
  Number of SOQL queries: 2 out of 100
  Number of query rows: 708 out of 50000
  Number of SOSL queries: 0 out of 20
  Number of DML statements: 0 out of 150
  Number of Publish Immediate DML: 0 out of 150
  Number of DML rows: 0 out of 10000
  Maximum CPU time: 0 out of 10000
  Maximum heap size: 0 out of 6000000
  Number of callouts: 0 out of 100
  Number of Email Invocations: 0 out of 10
  Number of future calls: 0 out of 50
  Number of queueable jobs added to the queue: 0 out of 50
  Number of Mobile Apex push calls: 0 out of 10

12:05:55.159 (159191151)|CUMULATIVE_LIMIT_USAGE_END

12:05:55.1 (159266160)|CODE_UNIT_FINISHED|CasosControllerExtension.obtenerCasos()
12:05:55.1 (173752356)|CODE_UNIT_FINISHED|apex://CasosControllerExtension/ACTION$obtenerCasos
12:05:55.1 (173775056)|EXECUTION_FINISHED
