67.0 APEX_CODE,FINEST;APEX_PROFILING,INFO;CALLOUT,INFO;DATA_ACCESS,INFO;DB,INFO;NBA,INFO;SYSTEM,DEBUG;VALIDATION,INFO;VISUALFORCE,INFO;WAVE,INFO;WORKFLOW,INFO
13:14:33.0 (530036)|USER_INFO|[EXTERNAL]|005Qg000002VBqt|jlandav@falabella.com.mx|(GMT-06:00) Central Standard Time (America/Mexico_City)|GMT-06:00
13:14:33.0 (706296)|EXECUTION_STARTED
13:14:33.0 (740383)|CODE_UNIT_STARTED|[EXTERNAL]|apex://CasosRiesgosCustomButtons/ACTION$getCaseInfo
13:14:33.0 (3938191)|CODE_UNIT_STARTED|[EXTERNAL]|01p3l00000EBsee|CasosRiesgosCustomButtons.getCaseInfo(String)
13:14:33.0 (4481926)|HEAP_ALLOCATE|[95]|Bytes:3
13:14:33.0 (4659510)|HEAP_ALLOCATE|[100]|Bytes:152
13:14:33.0 (4683142)|HEAP_ALLOCATE|[417]|Bytes:408
13:14:33.0 (4701311)|HEAP_ALLOCATE|[430]|Bytes:408
13:14:33.0 (4737990)|HEAP_ALLOCATE|[317]|Bytes:6
13:14:33.0 (4753346)|HEAP_ALLOCATE|[EXTERNAL]|Bytes:2
13:14:33.0 (4788844)|METHOD_ENTRY|[11]|01p3l00000EBsee|CasosRiesgosCustomButtons.CasosRiesgosCustomButtons()
13:14:33.0 (4807162)|STATEMENT_EXECUTE|[11]
13:14:33.0 (4816825)|STATEMENT_EXECUTE|[11]
13:14:33.0 (4829165)|METHOD_EXIT|[11]|CasosRiesgosCustomButtons
13:14:33.0 (4835638)|HEAP_ALLOCATE|[EXTERNAL]|Bytes:18
13:14:33.0 (4869562)|VARIABLE_SCOPE_BEGIN|[20]|recordId|String|false|false
13:14:33.0 (4981495)|VARIABLE_ASSIGNMENT|[20]|recordId|"500RQ00000snebaYAA"
13:14:33.0 (4992829)|STATEMENT_EXECUTE|[20]
13:14:33.0 (4994324)|STATEMENT_EXECUTE|[22]
13:14:33.0 (5023619)|HEAP_ALLOCATE|[22]|Bytes:4
13:14:33.0 (5057833)|VARIABLE_SCOPE_BEGIN|[22]|mapResult|Map<String,ANY>|true|false
13:14:33.0 (5095432)|VARIABLE_ASSIGNMENT|[22]|mapResult|{}|0x332f12b8
13:14:33.0 (5099964)|STATEMENT_EXECUTE|[23]
13:14:33.0 (5131171)|HEAP_ALLOCATE|[68]|Bytes:5
13:14:33.0 (5176673)|HEAP_ALLOCATE|[74]|Bytes:5
13:14:33.0 (5186874)|HEAP_ALLOCATE|[82]|Bytes:7
13:14:33.0 (5197740)|VARIABLE_SCOPE_BEGIN|[23]|success|Boolean|false|false
13:14:33.0 (5437879)|HEAP_ALLOCATE|[23]|Bytes:5
13:14:33.0 (5446269)|VARIABLE_ASSIGNMENT|[23]|success|false
13:14:33.0 (5450115)|STATEMENT_EXECUTE|[25]
13:14:33.0 (5452517)|HEAP_ALLOCATE|[25]|Bytes:155
13:14:33.0 (5478327)|HEAP_ALLOCATE|[25]|Bytes:4
13:14:33.0 (5484802)|HEAP_ALLOCATE|[25]|Bytes:7
13:14:33.0 (7695769)|SOQL_EXECUTE_BEGIN|[25]|Aggregations:0|SELECT Solicitud_de_cancelaci_n__c, Comentarios__c, C_digo_Postal_Direcci_n_Otros__c FROM Case WHERE (Id = :tmpVar1 AND Solicitud_de_cancelaci_n__c = TRUE)
13:14:33.0 (21033132)|SOQL_EXECUTE_END|[25]|Rows:0
13:14:33.0 (21097451)|HEAP_ALLOCATE|[25]|Bytes:4
13:14:33.0 (21124319)|HEAP_ALLOCATE|[25]|Bytes:0
13:14:33.0 (21391468)|HEAP_ALLOCATE|[25]|Bytes:4
13:14:33.0 (21427601)|VARIABLE_SCOPE_BEGIN|[25]|lstCase|List<Case>|true|false
13:14:33.0 (21469823)|VARIABLE_ASSIGNMENT|[25]|lstCase|[]|0xaccfc54
13:14:33.0 (21647762)|STATEMENT_EXECUTE|[30]
13:14:33.0 (21650879)|STATEMENT_EXECUTE|[37]
13:14:33.0 (21657704)|HEAP_ALLOCATE|[37]|Bytes:7
13:14:33.0 (21739667)|HEAP_ALLOCATE|[37]|Bytes:5
13:14:33.0 (21755444)|HEAP_ALLOCATE|[EXTERNAL]|Bytes:-4
13:14:33.0 (21763855)|STATEMENT_EXECUTE|[39]
13:14:33.21 (21880644)|CUMULATIVE_LIMIT_USAGE
13:14:33.21 (21880644)|LIMIT_USAGE_FOR_NS|(default)|
  Number of SOQL queries: 1 out of 100
  Number of query rows: 0 out of 50000
  Number of SOSL queries: 0 out of 20
  Number of DML statements: 0 out of 150
  Number of Publish Immediate DML: 0 out of 150
  Number of DML rows: 0 out of 10000
  Maximum CPU time: 0 out of 10000
  Maximum heap size: 0 out of 6000000
  Number of callouts: 0 out of 100
  Number of Email Invocations: 0 out of 10
  Number of future calls: 0 out of 50
  Number of queueable jobs added to the queue: 0 out of 50
  Number of Mobile Apex push calls: 0 out of 10

13:14:33.21 (21880644)|CUMULATIVE_LIMIT_USAGE_END

13:14:33.0 (22038836)|CODE_UNIT_FINISHED|CasosRiesgosCustomButtons.getCaseInfo(String)
13:14:33.0 (22390575)|CODE_UNIT_FINISHED|apex://CasosRiesgosCustomButtons/ACTION$getCaseInfo
13:14:33.0 (22407089)|EXECUTION_FINISHED
