52.0 APEX_CODE,FINEST;APEX_PROFILING,INFO;CALLOUT,INFO;DATA_ACCESS,INFO;DB,INFO;NBA,INFO;SYSTEM,DEBUG;VALIDATION,INFO;VISUALFORCE,INFO;WAVE,INFO;WORKFLOW,INFO
10:18:01.0 (346773)|USER_INFO|[EXTERNAL]|0051N000008bAK9|contingenciafalabella@falabella.com.mx|(GMT-06:00) Central Standard Time (America/Mexico_City)|GMT-06:00
10:18:01.0 (453630)|EXECUTION_STARTED
10:18:01.0 (488115)|CODE_UNIT_STARTED|[EXTERNAL]|01p3l00000EBsec|BatchUpdateCaseGestorBO
10:18:01.0 (2678113)|HEAP_ALLOCATE|[95]|Bytes:3
10:18:01.0 (2845446)|HEAP_ALLOCATE|[100]|Bytes:152
10:18:01.0 (2868127)|HEAP_ALLOCATE|[417]|Bytes:408
10:18:01.0 (2896133)|HEAP_ALLOCATE|[430]|Bytes:408
10:18:01.0 (2937487)|HEAP_ALLOCATE|[317]|Bytes:6
10:18:01.0 (5457365)|HEAP_ALLOCATE|[EXTERNAL]|Bytes:98
10:18:01.0 (9418515)|HEAP_ALLOCATE|[EXTERNAL]|Bytes:11
10:18:01.0 (9463709)|SYSTEM_METHOD_ENTRY|[15]|BatchableContextImpl.BatchableContextImpl()
10:18:01.0 (9486032)|STATEMENT_EXECUTE|[15]
10:18:01.0 (9509403)|SYSTEM_METHOD_EXIT|[15]|BatchableContextImpl
10:18:01.0 (9516654)|HEAP_ALLOCATE|[EXTERNAL]|Bytes:12
10:18:01.0 (9520848)|HEAP_ALLOCATE|[EXTERNAL]|Bytes:4
10:18:01.0 (9522990)|HEAP_ALLOCATE|[EXTERNAL]|Bytes:4
10:18:01.0 (9539241)|VARIABLE_SCOPE_BEGIN|[31]|this|Database.BatchableContextImpl|true|false
10:18:01.0 (9742474)|VARIABLE_ASSIGNMENT|[31]|this|{}|0xab5fe78
10:18:01.0 (9751636)|VARIABLE_SCOPE_BEGIN|[31]|jobId|Id|false|false
10:18:01.0 (9929092)|VARIABLE_ASSIGNMENT|[31]|jobId|"707RQ00002CRoYcYAL"
10:18:01.0 (9934996)|VARIABLE_SCOPE_BEGIN|[31]|childJobId|Id|false|false
10:18:01.0 (9962338)|VARIABLE_ASSIGNMENT|[31]|childJobId|"707RQ00002CSJUQYA5"
10:18:01.0 (23761006)|HEAP_ALLOCATE|[EXTERNAL]|Bytes:16
10:18:02.875 (1875608867)|CUMULATIVE_LIMIT_USAGE
10:18:02.875 (1875608867)|LIMIT_USAGE_FOR_NS|(default)|
  Number of SOQL queries: 0 out of 200
  Number of query rows: 0 out of 50000
  Number of SOSL queries: 0 out of 20
  Number of DML statements: 0 out of 150
  Number of Publish Immediate DML: 0 out of 150
  Number of DML rows: 0 out of 10000
  Maximum CPU time: 0 out of 60000
  Maximum heap size: 0 out of 12000000
  Number of callouts: 0 out of 0
  Number of Email Invocations: 0 out of 10
  Number of future calls: 0 out of 0
  Number of queueable jobs added to the queue: 0 out of 1
  Number of Mobile Apex push calls: 0 out of 10

10:18:02.875 (1875608867)|CUMULATIVE_LIMIT_USAGE_END

10:18:02.875 (1875821172)|CODE_UNIT_FINISHED|BatchUpdateCaseGestorBO
10:18:02.875 (1875847477)|EXECUTION_FINISHED
