56.0 APEX_CODE,FINEST;APEX_PROFILING,INFO;CALLOUT,INFO;DATA_ACCESS,INFO;DB,INFO;NBA,INFO;SYSTEM,DEBUG;VALIDATION,INFO;VISUALFORCE,INFO;WAVE,INFO;WORKFLOW,INFO
11:30:00.0 (215523)|USER_INFO|[EXTERNAL]|0051N000005gvau|etrevinofalabella@izeicg.com.uat|(GMT-06:00) Central Standard Time (America/Mexico_City)|GMT-06:00
11:30:00.0 (258810)|EXECUTION_STARTED
11:30:00.0 (268549)|CODE_UNIT_STARTED|[EXTERNAL]|01pDK00000AKh3n|BatchUpdateCasesEmboce
11:30:00.0 (1524796)|HEAP_ALLOCATE|[95]|Bytes:3
11:30:00.0 (1609449)|HEAP_ALLOCATE|[100]|Bytes:152
11:30:00.0 (1624646)|HEAP_ALLOCATE|[417]|Bytes:408
11:30:00.0 (1641481)|HEAP_ALLOCATE|[430]|Bytes:408
11:30:00.0 (1668356)|HEAP_ALLOCATE|[317]|Bytes:6
11:30:00.0 (2139367)|HEAP_ALLOCATE|[EXTERNAL]|Bytes:82
11:30:00.0 (18326546)|HEAP_ALLOCATE|[EXTERNAL]|Bytes:11
11:30:00.0 (18358132)|SYSTEM_METHOD_ENTRY|[15]|BatchableContextImpl.BatchableContextImpl()
11:30:00.0 (18365860)|STATEMENT_EXECUTE|[15]
11:30:00.0 (18379087)|SYSTEM_METHOD_EXIT|[15]|BatchableContextImpl
11:30:00.0 (18384390)|HEAP_ALLOCATE|[EXTERNAL]|Bytes:12
11:30:00.0 (18387537)|HEAP_ALLOCATE|[EXTERNAL]|Bytes:4
11:30:00.0 (18393127)|VARIABLE_SCOPE_BEGIN|[31]|this|Database.BatchableContextImpl|true|false
11:30:00.0 (18473202)|VARIABLE_ASSIGNMENT|[31]|this|{}|0x634c16de
11:30:00.0 (18478855)|VARIABLE_SCOPE_BEGIN|[31]|jobId|Id|false|false
11:30:00.0 (18573921)|VARIABLE_ASSIGNMENT|[31]|jobId|"707Rt00001wUbi5IAC"
11:30:00.0 (18578044)|VARIABLE_SCOPE_BEGIN|[31]|childJobId|Id|false|false
11:30:00.0 (18585795)|VARIABLE_ASSIGNMENT|[31]|childJobId|null
11:30:00.0 (20500694)|HEAP_ALLOCATE|[EXTERNAL]|Bytes:99
11:30:00.0 (20518833)|HEAP_ALLOCATE|[EXTERNAL]|Bytes:12
11:30:00.0 (20527797)|METHOD_ENTRY|[11]|01pDK00000AKh3n|BatchUpdateCasesEmboce.BatchUpdateCasesEmboce()
11:30:00.0 (20533561)|STATEMENT_EXECUTE|[11]
11:30:00.0 (20537909)|STATEMENT_EXECUTE|[11]
11:30:00.0 (20540327)|METHOD_EXIT|[11]|BatchUpdateCasesEmboce
11:30:00.0 (20542996)|HEAP_ALLOCATE|[EXTERNAL]|Bytes:24
11:30:00.0 (20544728)|HEAP_ALLOCATE|[EXTERNAL]|Bytes:12
11:30:00.0 (20548994)|VARIABLE_SCOPE_BEGIN|[40]|this|BatchUpdateCasesEmboce|true|false
11:30:00.0 (20594690)|VARIABLE_ASSIGNMENT|[40]|this|{"estatus":"CONFIRMADO","lstReturns":"0x5c63cb97","lstStatusCanceledCases":"0xcf5d227","lstStatusClosedCases":"0x5bf5b7ec","mapErrors":"0x50389b48"}|0x3d8f70ed
11:30:00.0 (20599133)|VARIABLE_SCOPE_BEGIN|[40]|BC|Database.BatchableContext|true|false
11:30:00.0 (20650259)|VARIABLE_ASSIGNMENT|[40]|BC|{"jobId":"707Rt00001wUbi5IAC"}|0x634c16de
11:30:00.0 (20657281)|STATEMENT_EXECUTE|[40]
11:30:00.0 (20658594)|STATEMENT_EXECUTE|[42]
11:30:00.0 (20661022)|HEAP_ALLOCATE|[42]|Bytes:4
11:30:00.0 (20677265)|HEAP_ALLOCATE|[68]|Bytes:5
11:30:00.0 (20693353)|HEAP_ALLOCATE|[74]|Bytes:5
11:30:00.0 (20698410)|HEAP_ALLOCATE|[82]|Bytes:7
11:30:00.0 (24427054)|HEAP_ALLOCATE|[42]|Bytes:4
11:30:00.0 (27993664)|HEAP_ALLOCATE|[42]|Bytes:412
11:30:00.0 (28019404)|HEAP_ALLOCATE|[42]|Bytes:19
11:30:00.0 (28108805)|HEAP_ALLOCATE|[42]|Bytes:4
11:30:00.0 (28129244)|HEAP_ALLOCATE|[42]|Bytes:18
11:30:00.0 (28137109)|VARIABLE_SCOPE_BEGIN|[42]|caseIdEmboce|String|false|false
11:30:00.0 (28164779)|VARIABLE_ASSIGNMENT|[42]|caseIdEmboce|"0120v000000pCYrAAM"
11:30:00.0 (28172119)|STATEMENT_EXECUTE|[44]
11:30:00.0 (28174896)|HEAP_ALLOCATE|[44]|Bytes:256
11:30:00.0 (28198719)|HEAP_ALLOCATE|[44]|Bytes:4
11:30:00.0 (28209356)|HEAP_ALLOCATE|[44]|Bytes:7
11:30:00.0 (28220133)|HEAP_ALLOCATE|[44]|Bytes:7
11:30:00.0 (33838589)|SOQL_EXECUTE_BEGIN|[44]|Aggregations:0|SELECT Estatus_final_de_tarjeta__c, Num_Folio_a_Consultar__c, Status FROM Case WHERE (RecordTypeId = :tmpVar1 AND Estatus_final_de_tarjeta__c != :tmpVar2 AND Num_Folio_a_Consultar__c LIKE '______________________' AND Status NOT IN ('Cerrado', 'Cancelado'))
11:30:00.0 (88972271)|SOQL_EXECUTE_END|[44]|Rows:7
11:30:00.0 (89066151)|HEAP_ALLOCATE|[44]|Bytes:20
11:30:00.124 (124215278)|CUMULATIVE_LIMIT_USAGE
11:30:00.124 (124215278)|LIMIT_USAGE_FOR_NS|(default)|
  Number of SOQL queries: 0 out of 200
  Number of query rows: 0 out of 50000
  Number of SOSL queries: 0 out of 20
  Number of DML statements: 0 out of 150
  Number of Publish Immediate DML: 0 out of 150
  Number of DML rows: 0 out of 10000
  Maximum CPU time: 0 out of 60000
  Maximum heap size: 0 out of 12000000
  Number of callouts: 0 out of 0
  Number of Email Invocations: 0 out of 10
  Number of future calls: 0 out of 0
  Number of queueable jobs added to the queue: 0 out of 1
  Number of Mobile Apex push calls: 0 out of 10

11:30:00.124 (124215278)|CUMULATIVE_LIMIT_USAGE_END

11:30:00.0 (124271762)|CODE_UNIT_FINISHED|BatchUpdateCasesEmboce
11:30:00.0 (124291202)|EXECUTION_FINISHED
