56.0 APEX_CODE,FINEST;APEX_PROFILING,INFO;CALLOUT,INFO;DATA_ACCESS,INFO;DB,INFO;NBA,INFO;SYSTEM,DEBUG;VALIDATION,INFO;VISUALFORCE,INFO;WAVE,INFO;WORKFLOW,INFO
17:00:01.0 (695530)|USER_INFO|[EXTERNAL]|0051N000005gvau|etrevinofalabella@izeicg.com.uat|(GMT-06:00) Central Standard Time (America/Mexico_City)|GMT-06:00
17:00:01.0 (780976)|EXECUTION_STARTED
17:00:01.0 (805491)|CODE_UNIT_STARTED|[EXTERNAL]|01pDK00000AKh3n|BatchUpdateCasesEmboce
17:00:01.0 (2113788)|HEAP_ALLOCATE|[95]|Bytes:3
17:00:01.0 (2202421)|HEAP_ALLOCATE|[100]|Bytes:152
17:00:01.0 (2215232)|HEAP_ALLOCATE|[417]|Bytes:408
17:00:01.0 (2226146)|HEAP_ALLOCATE|[430]|Bytes:408
17:00:01.0 (2244825)|HEAP_ALLOCATE|[317]|Bytes:6
17:00:01.0 (3742660)|HEAP_ALLOCATE|[EXTERNAL]|Bytes:82
17:00:01.0 (31524293)|HEAP_ALLOCATE|[EXTERNAL]|Bytes:11
17:00:01.0 (31562884)|SYSTEM_METHOD_ENTRY|[15]|BatchableContextImpl.BatchableContextImpl()
17:00:01.0 (31586018)|STATEMENT_EXECUTE|[15]
17:00:01.0 (31600860)|SYSTEM_METHOD_EXIT|[15]|BatchableContextImpl
17:00:01.0 (31606265)|HEAP_ALLOCATE|[EXTERNAL]|Bytes:12
17:00:01.0 (31609482)|HEAP_ALLOCATE|[EXTERNAL]|Bytes:4
17:00:01.0 (31621976)|VARIABLE_SCOPE_BEGIN|[31]|this|Database.BatchableContextImpl|true|false
17:00:01.0 (31754906)|VARIABLE_ASSIGNMENT|[31]|this|{}|0x1c5b3e49
17:00:01.0 (31760343)|VARIABLE_SCOPE_BEGIN|[31]|jobId|Id|false|false
17:00:01.0 (31882284)|VARIABLE_ASSIGNMENT|[31]|jobId|"707Rt000024QqsWIAS"
17:00:01.0 (31886066)|VARIABLE_SCOPE_BEGIN|[31]|childJobId|Id|false|false
17:00:01.0 (31906474)|VARIABLE_ASSIGNMENT|[31]|childJobId|null
17:00:01.0 (34965233)|HEAP_ALLOCATE|[EXTERNAL]|Bytes:99
17:00:01.0 (34981015)|HEAP_ALLOCATE|[EXTERNAL]|Bytes:12
17:00:01.0 (34989840)|METHOD_ENTRY|[11]|01pDK00000AKh3n|BatchUpdateCasesEmboce.BatchUpdateCasesEmboce()
17:00:01.0 (35002270)|STATEMENT_EXECUTE|[11]
17:00:01.0 (35007027)|STATEMENT_EXECUTE|[11]
17:00:01.0 (35010137)|METHOD_EXIT|[11]|BatchUpdateCasesEmboce
17:00:01.0 (35013611)|HEAP_ALLOCATE|[EXTERNAL]|Bytes:24
17:00:01.0 (35015366)|HEAP_ALLOCATE|[EXTERNAL]|Bytes:12
17:00:01.0 (35019915)|VARIABLE_SCOPE_BEGIN|[40]|this|BatchUpdateCasesEmboce|true|false
17:00:01.0 (35079534)|VARIABLE_ASSIGNMENT|[40]|this|{"estatus":"CONFIRMADO","lstReturns":"0x3fadf10b","lstStatusCanceledCases":"0x1a9146cd","lstStatusClosedCases":"0x7c36de8b","mapErrors":"0x7196cad1"}|0x227d28d0
17:00:01.0 (35085785)|VARIABLE_SCOPE_BEGIN|[40]|BC|Database.BatchableContext|true|false
17:00:01.0 (35156691)|VARIABLE_ASSIGNMENT|[40]|BC|{"jobId":"707Rt000024QqsWIAS"}|0x1c5b3e49
17:00:01.0 (35167069)|STATEMENT_EXECUTE|[40]
17:00:01.0 (35168795)|STATEMENT_EXECUTE|[42]
17:00:01.0 (35171963)|HEAP_ALLOCATE|[42]|Bytes:4
17:00:01.0 (35193326)|HEAP_ALLOCATE|[68]|Bytes:5
17:00:01.0 (35217569)|HEAP_ALLOCATE|[74]|Bytes:5
17:00:01.0 (35224771)|HEAP_ALLOCATE|[82]|Bytes:7
17:00:01.0 (38537522)|HEAP_ALLOCATE|[42]|Bytes:4
17:00:01.0 (41652453)|HEAP_ALLOCATE|[42]|Bytes:412
17:00:01.0 (41671175)|HEAP_ALLOCATE|[42]|Bytes:19
17:00:01.0 (41743431)|HEAP_ALLOCATE|[42]|Bytes:4
17:00:01.0 (41757559)|HEAP_ALLOCATE|[42]|Bytes:18
17:00:01.0 (41761956)|VARIABLE_SCOPE_BEGIN|[42]|caseIdEmboce|String|false|false
17:00:01.0 (41783142)|VARIABLE_ASSIGNMENT|[42]|caseIdEmboce|"0120v000000pCYrAAM"
17:00:01.0 (41795872)|STATEMENT_EXECUTE|[44]
17:00:01.0 (41798160)|HEAP_ALLOCATE|[44]|Bytes:256
17:00:01.0 (41808647)|HEAP_ALLOCATE|[44]|Bytes:4
17:00:01.0 (41816362)|HEAP_ALLOCATE|[44]|Bytes:7
17:00:01.0 (41824442)|HEAP_ALLOCATE|[44]|Bytes:7
17:00:01.0 (49050344)|SOQL_EXECUTE_BEGIN|[44]|Aggregations:0|SELECT Estatus_final_de_tarjeta__c, Num_Folio_a_Consultar__c, Status FROM Case WHERE (RecordTypeId = :tmpVar1 AND Estatus_final_de_tarjeta__c != :tmpVar2 AND Num_Folio_a_Consultar__c LIKE '______________________' AND Status NOT IN ('Cerrado', 'Cancelado'))
17:00:01.0 (103032972)|SOQL_EXECUTE_END|[44]|Rows:7
17:00:01.0 (103096609)|HEAP_ALLOCATE|[44]|Bytes:20
17:00:01.142 (142198057)|CUMULATIVE_LIMIT_USAGE
17:00:01.142 (142198057)|LIMIT_USAGE_FOR_NS|(default)|
  Number of SOQL queries: 0 out of 200
  Number of query rows: 0 out of 50000
  Number of SOSL queries: 0 out of 20
  Number of DML statements: 0 out of 150
  Number of Publish Immediate DML: 0 out of 150
  Number of DML rows: 0 out of 10000
  Maximum CPU time: 0 out of 60000
  Maximum heap size: 0 out of 12000000
  Number of callouts: 0 out of 0
  Number of Email Invocations: 0 out of 10
  Number of future calls: 0 out of 0
  Number of queueable jobs added to the queue: 0 out of 1
  Number of Mobile Apex push calls: 0 out of 10

17:00:01.142 (142198057)|CUMULATIVE_LIMIT_USAGE_END

17:00:01.0 (142258665)|CODE_UNIT_FINISHED|BatchUpdateCasesEmboce
17:00:01.0 (142274850)|EXECUTION_FINISHED
