66.0 APEX_CODE,FINEST;APEX_PROFILING,INFO;CALLOUT,INFO;DATA_ACCESS,INFO;DB,INFO;NBA,INFO;SYSTEM,DEBUG;VALIDATION,INFO;VISUALFORCE,INFO;WAVE,INFO;WORKFLOW,INFO
11:54:52.1 (1295872)|USER_INFO|[EXTERNAL]|0050v0000034lag|albeltransa@falabella.com.mx.admin.uat|(GMT-06:00) Central Standard Time (America/Mexico_City)|GMT-06:00
11:54:52.1 (1335843)|EXECUTION_STARTED
11:54:52.1 (1344216)|CODE_UNIT_STARTED|[EXTERNAL]|apex://CasosRiesgosCustomButtons/ACTION$getCaseInfo
11:54:52.1 (6377265)|CODE_UNIT_STARTED|[EXTERNAL]|01p0v000003i3RN|CasosRiesgosCustomButtons.getCaseInfo(String)
11:54:52.1 (8768678)|HEAP_ALLOCATE|[95]|Bytes:3
11:54:52.1 (8846920)|HEAP_ALLOCATE|[100]|Bytes:152
11:54:52.1 (8864697)|HEAP_ALLOCATE|[417]|Bytes:408
11:54:52.1 (8880410)|HEAP_ALLOCATE|[430]|Bytes:408
11:54:52.1 (8907995)|HEAP_ALLOCATE|[317]|Bytes:6
11:54:52.1 (8918433)|HEAP_ALLOCATE|[EXTERNAL]|Bytes:2
11:54:52.1 (8929664)|METHOD_ENTRY|[11]|01p0v000003i3RN|CasosRiesgosCustomButtons.CasosRiesgosCustomButtons()
11:54:52.1 (8933871)|STATEMENT_EXECUTE|[11]
11:54:52.1 (8938739)|STATEMENT_EXECUTE|[11]
11:54:52.1 (8941819)|METHOD_EXIT|[11]|CasosRiesgosCustomButtons
11:54:52.1 (8944223)|HEAP_ALLOCATE|[EXTERNAL]|Bytes:18
11:54:52.1 (8950853)|VARIABLE_SCOPE_BEGIN|[20]|recordId|String|false|false
11:54:52.1 (8998588)|VARIABLE_ASSIGNMENT|[20]|recordId|"500Rt000001jmyPIAQ"
11:54:52.1 (9004975)|STATEMENT_EXECUTE|[20]
11:54:52.1 (9006373)|STATEMENT_EXECUTE|[22]
11:54:52.1 (9016197)|HEAP_ALLOCATE|[22]|Bytes:4
11:54:52.1 (9024888)|VARIABLE_SCOPE_BEGIN|[22]|mapResult|Map<String,ANY>|true|false
11:54:52.1 (9040014)|VARIABLE_ASSIGNMENT|[22]|mapResult|{}|0x1ba352f4
11:54:52.1 (9042682)|STATEMENT_EXECUTE|[23]
11:54:52.1 (9057024)|HEAP_ALLOCATE|[68]|Bytes:5
11:54:52.1 (9073920)|HEAP_ALLOCATE|[74]|Bytes:5
11:54:52.1 (9079417)|HEAP_ALLOCATE|[82]|Bytes:7
11:54:52.1 (9084824)|VARIABLE_SCOPE_BEGIN|[23]|success|Boolean|false|false
11:54:52.1 (9095996)|HEAP_ALLOCATE|[23]|Bytes:5
11:54:52.1 (9099942)|VARIABLE_ASSIGNMENT|[23]|success|false
11:54:52.1 (9101993)|STATEMENT_EXECUTE|[25]
11:54:52.1 (9103469)|HEAP_ALLOCATE|[25]|Bytes:155
11:54:52.1 (9107653)|HEAP_ALLOCATE|[25]|Bytes:4
11:54:52.1 (9110340)|HEAP_ALLOCATE|[25]|Bytes:7
11:54:52.1 (14494708)|SOQL_EXECUTE_BEGIN|[25]|Aggregations:0|SELECT Solicitud_de_cancelaci_n__c, Comentarios__c, C_digo_Postal_Direcci_n_Otros__c FROM Case WHERE (Id = :tmpVar1 AND Solicitud_de_cancelaci_n__c = TRUE)
11:54:52.1 (24163631)|SOQL_EXECUTE_END|[25]|Rows:0
11:54:52.1 (24196202)|HEAP_ALLOCATE|[25]|Bytes:4
11:54:52.1 (24210137)|HEAP_ALLOCATE|[25]|Bytes:0
11:54:52.1 (24320459)|HEAP_ALLOCATE|[25]|Bytes:4
11:54:52.1 (24337767)|VARIABLE_SCOPE_BEGIN|[25]|lstCase|List<Case>|true|false
11:54:52.1 (24359735)|VARIABLE_ASSIGNMENT|[25]|lstCase|[]|0x4926607
11:54:52.1 (24445426)|STATEMENT_EXECUTE|[30]
11:54:52.1 (24447117)|STATEMENT_EXECUTE|[37]
11:54:52.1 (24450435)|HEAP_ALLOCATE|[37]|Bytes:7
11:54:52.1 (24482745)|HEAP_ALLOCATE|[37]|Bytes:5
11:54:52.1 (24490156)|HEAP_ALLOCATE|[EXTERNAL]|Bytes:-4
11:54:52.1 (24494716)|STATEMENT_EXECUTE|[39]
11:54:52.24 (24548043)|CUMULATIVE_LIMIT_USAGE
11:54:52.24 (24548043)|LIMIT_USAGE_FOR_NS|(default)|
  Number of SOQL queries: 1 out of 100
  Number of query rows: 0 out of 50000
  Number of SOSL queries: 0 out of 20
  Number of DML statements: 0 out of 150
  Number of Publish Immediate DML: 0 out of 150
  Number of DML rows: 0 out of 10000
  Maximum CPU time: 0 out of 10000
  Maximum heap size: 0 out of 6000000
  Number of callouts: 0 out of 100
  Number of Email Invocations: 0 out of 10
  Number of future calls: 0 out of 50
  Number of queueable jobs added to the queue: 0 out of 50
  Number of Mobile Apex push calls: 0 out of 10

11:54:52.24 (24548043)|CUMULATIVE_LIMIT_USAGE_END

11:54:52.1 (24578972)|CODE_UNIT_FINISHED|CasosRiesgosCustomButtons.getCaseInfo(String)
11:54:52.1 (24815976)|CODE_UNIT_FINISHED|apex://CasosRiesgosCustomButtons/ACTION$getCaseInfo
11:54:52.1 (24824337)|EXECUTION_FINISHED
