67.0 APEX_CODE,FINEST;APEX_PROFILING,INFO;CALLOUT,INFO;DATA_ACCESS,INFO;DB,INFO;NBA,INFO;SYSTEM,DEBUG;VALIDATION,INFO;VISUALFORCE,INFO;WAVE,INFO;WORKFLOW,INFO
12:21:24.0 (196832)|USER_INFO|[EXTERNAL]|0051N000005gvau|etrevinofalabella@izeicg.com.uat|(GMT-06:00) Central Standard Time (America/Mexico_City)|GMT-06:00
12:21:24.0 (233532)|EXECUTION_STARTED
12:21:24.0 (242957)|CODE_UNIT_STARTED|[EXTERNAL]|apex://validateQuestionsController/ACTION$getValidateQuestionsTry
12:21:24.0 (2929603)|CODE_UNIT_STARTED|[EXTERNAL]|01p0v000003Gv5u|validateQuestionsController.getValidateQuestionsTry(String, String, String)
12:21:24.0 (3142798)|HEAP_ALLOCATE|[95]|Bytes:3
12:21:24.0 (3220997)|HEAP_ALLOCATE|[100]|Bytes:152
12:21:24.0 (3235802)|HEAP_ALLOCATE|[417]|Bytes:408
12:21:24.0 (3246778)|HEAP_ALLOCATE|[430]|Bytes:408
12:21:24.0 (3266595)|HEAP_ALLOCATE|[317]|Bytes:6
12:21:24.0 (3276318)|HEAP_ALLOCATE|[EXTERNAL]|Bytes:27
12:21:24.0 (3279833)|HEAP_ALLOCATE|[EXTERNAL]|Bytes:11
12:21:24.0 (3287075)|METHOD_ENTRY|[15]|01p0v000003Gv5u|validateQuestionsController.validateQuestionsController()
12:21:24.0 (3291967)|STATEMENT_EXECUTE|[15]
12:21:24.0 (3297729)|STATEMENT_EXECUTE|[15]
12:21:24.0 (3300130)|METHOD_EXIT|[15]|validateQuestionsController
12:21:24.0 (3303221)|HEAP_ALLOCATE|[EXTERNAL]|Bytes:17
12:21:24.0 (3304925)|HEAP_ALLOCATE|[EXTERNAL]|Bytes:20
12:21:24.0 (3306225)|HEAP_ALLOCATE|[EXTERNAL]|Bytes:19
12:21:24.0 (3314963)|VARIABLE_SCOPE_BEGIN|[25]|tipoDeIntento|String|false|false
12:21:24.0 (3364766)|VARIABLE_ASSIGNMENT|[25]|tipoDeIntento|"validateQuestions"
12:21:24.0 (3367766)|VARIABLE_SCOPE_BEGIN|[25]|rangoDiasVencimiento|String|false|false
12:21:24.0 (3371782)|VARIABLE_ASSIGNMENT|[25]|rangoDiasVencimiento|"rangoDiasVencimiento"
12:21:24.0 (3373675)|VARIABLE_SCOPE_BEGIN|[25]|rangoDiasUltimoPago|String|false|false
12:21:24.0 (3377631)|VARIABLE_ASSIGNMENT|[25]|rangoDiasUltimoPago|"rangoDiasUltimoPago"
12:21:24.0 (3384062)|STATEMENT_EXECUTE|[25]
12:21:24.0 (3385010)|STATEMENT_EXECUTE|[28]
12:21:24.0 (3396375)|HEAP_ALLOCATE|[28]|Bytes:4
12:21:24.0 (3406727)|VARIABLE_SCOPE_BEGIN|[28]|mapResult|Map<String,Integer>|true|false
12:21:24.0 (3424370)|VARIABLE_ASSIGNMENT|[28]|mapResult|{}|0x7b9f9441
12:21:24.0 (3426834)|STATEMENT_EXECUTE|[30]
12:21:24.0 (3454357)|HEAP_ALLOCATE|[30]|Bytes:4
12:21:24.0 (3494711)|VARIABLE_SCOPE_BEGIN|[30]|listRegistros|List<String>|true|false
12:21:24.0 (3523660)|HEAP_ALLOCATE|[EXTERNAL]|Bytes:16
12:21:24.0 (3534869)|VARIABLE_ASSIGNMENT|[30]|listRegistros|["validateQuestions","rangoDiasVencimiento","rangoDiasUltimoPago"]|0x7e2f8f8
12:21:24.0 (3537978)|STATEMENT_EXECUTE|[32]
12:21:24.0 (3539615)|HEAP_ALLOCATE|[32]|Bytes:94
12:21:24.0 (3546077)|HEAP_ALLOCATE|[32]|Bytes:4
12:21:24.0 (3550057)|HEAP_ALLOCATE|[32]|Bytes:7
12:21:24.0 (3575048)|HEAP_ALLOCATE|[68]|Bytes:5
12:21:24.0 (3593712)|HEAP_ALLOCATE|[74]|Bytes:5
12:21:24.0 (3598545)|HEAP_ALLOCATE|[82]|Bytes:7
12:21:24.0 (5808606)|SOQL_EXECUTE_BEGIN|[32]|Aggregations:0|SELECT Intentos__c, MasterLabel FROM Intentos_de_Validacion__mdt WHERE MasterLabel IN :tmpVar1
12:21:24.0 (12539229)|SOQL_EXECUTE_END|[32]|Rows:3
12:21:24.0 (12570441)|HEAP_ALLOCATE|[32]|Bytes:16
12:21:24.0 (12592434)|HEAP_ALLOCATE|[32]|Bytes:341
12:21:24.0 (12666429)|HEAP_ALLOCATE|[32]|Bytes:16
12:21:24.0 (12685200)|VARIABLE_SCOPE_BEGIN|[32]|intentos|List<Intentos_de_Validacion__mdt>|true|false
12:21:24.0 (12819126)|VARIABLE_ASSIGNMENT|[32]|intentos|[{"MasterLabel":"rangoDiasUltimoPago","Intentos__c":3.0,"Id":"m0A0v0000001S55EAE"},{"MasterLabel":"rangoDiasVencimiento","Intentos__c":1.0,"Id":"m0A0v0000001S56EAE"},{"MasterLabel":"validateQuestions","Intentos__c":1.0,"Id":"m0A0v0000009kdiEAA"}]|0x67a3c521
12:21:24.0 (13222218)|HEAP_ALLOCATE|[37]|Bytes:5
12:21:24.0 (13269521)|HEAP_ALLOCATE|[37]|Bytes:16
12:21:24.0 (13277559)|VARIABLE_SCOPE_BEGIN|[37]|intVal|Intentos_de_Validacion__mdt|true|false
12:21:24.0 (13320565)|VARIABLE_ASSIGNMENT|[37]|intVal|{"MasterLabel":"rangoDiasUltimoPago","Intentos__c":3.0,"Id":"m0A0v0000001S55EAE"}|0x62c3be42
12:21:24.0 (13337749)|STATEMENT_EXECUTE|[37]
12:21:24.0 (13422327)|STATEMENT_EXECUTE|[47]
12:21:24.0 (13423552)|STATEMENT_EXECUTE|[49]
12:21:24.0 (13523254)|HEAP_ALLOCATE|[49]|Bytes:4
12:21:24.0 (13532640)|HEAP_ALLOCATE|[EXTERNAL]|Bytes:-4
12:21:24.0 (13542833)|HEAP_ALLOCATE|[37]|Bytes:5
12:21:24.0 (13549968)|HEAP_ALLOCATE|[37]|Bytes:16
12:21:24.0 (13553431)|VARIABLE_SCOPE_BEGIN|[37]|intVal|Intentos_de_Validacion__mdt|true|false
12:21:24.0 (13581344)|VARIABLE_ASSIGNMENT|[37]|intVal|{"MasterLabel":"rangoDiasVencimiento","Intentos__c":1.0,"Id":"m0A0v0000001S56EAE"}|0x6cc66f44
12:21:24.0 (13584736)|STATEMENT_EXECUTE|[37]
12:21:24.0 (13595157)|STATEMENT_EXECUTE|[43]
12:21:24.0 (13596510)|STATEMENT_EXECUTE|[45]
12:21:24.0 (13638294)|HEAP_ALLOCATE|[45]|Bytes:4
12:21:24.0 (13643481)|HEAP_ALLOCATE|[EXTERNAL]|Bytes:-4
12:21:24.0 (13654863)|HEAP_ALLOCATE|[37]|Bytes:5
12:21:24.0 (13661754)|HEAP_ALLOCATE|[37]|Bytes:16
12:21:24.0 (13665329)|VARIABLE_SCOPE_BEGIN|[37]|intVal|Intentos_de_Validacion__mdt|true|false
12:21:24.0 (13711356)|VARIABLE_ASSIGNMENT|[37]|intVal|{"MasterLabel":"validateQuestions","Intentos__c":1.0,"Id":"m0A0v0000009kdiEAA"}|0x703cbe2e
12:21:24.0 (13716646)|STATEMENT_EXECUTE|[37]
12:21:24.0 (13723756)|STATEMENT_EXECUTE|[39]
12:21:24.0 (13725296)|STATEMENT_EXECUTE|[41]
12:21:24.0 (13748468)|HEAP_ALLOCATE|[41]|Bytes:4
12:21:24.0 (13752031)|HEAP_ALLOCATE|[EXTERNAL]|Bytes:-4
12:21:24.0 (13759859)|HEAP_ALLOCATE|[37]|Bytes:5
12:21:24.0 (13768147)|VARIABLE_ASSIGNMENT|[37]|intVal|null|
12:21:24.0 (13772617)|STATEMENT_EXECUTE|[54]
12:21:24.13 (13845610)|CUMULATIVE_LIMIT_USAGE
12:21:24.13 (13845610)|LIMIT_USAGE_FOR_NS|(default)|
  Number of SOQL queries: 0 out of 100
  Number of query rows: 3 out of 50000
  Number of SOSL queries: 0 out of 20
  Number of DML statements: 0 out of 150
  Number of Publish Immediate DML: 0 out of 150
  Number of DML rows: 0 out of 10000
  Maximum CPU time: 0 out of 10000
  Maximum heap size: 0 out of 6000000
  Number of callouts: 0 out of 100
  Number of Email Invocations: 0 out of 10
  Number of future calls: 0 out of 50
  Number of queueable jobs added to the queue: 0 out of 50
  Number of Mobile Apex push calls: 0 out of 10

12:21:24.13 (13845610)|CUMULATIVE_LIMIT_USAGE_END

12:21:24.0 (13875111)|CODE_UNIT_FINISHED|validateQuestionsController.getValidateQuestionsTry(String, String, String)
12:21:24.0 (14172718)|CODE_UNIT_FINISHED|apex://validateQuestionsController/ACTION$getValidateQuestionsTry
12:21:24.0 (14180312)|EXECUTION_FINISHED
