66.0 APEX_CODE,FINEST;APEX_PROFILING,INFO;CALLOUT,INFO;DATA_ACCESS,INFO;DB,INFO;NBA,INFO;SYSTEM,DEBUG;VALIDATION,INFO;VISUALFORCE,INFO;WAVE,INFO;WORKFLOW,INFO
14:50:37.0 (171945)|USER_INFO|[EXTERNAL]|0051N000005gvau|etrevinofalabella@izeicg.com.uat|(GMT-06:00) Central Standard Time (America/Mexico_City)|GMT-06:00
14:50:37.0 (208236)|EXECUTION_STARTED
14:50:37.0 (215889)|CODE_UNIT_STARTED|[EXTERNAL]|apex://validateQuestionsController/ACTION$getUserProfile
14:50:37.0 (2782572)|CODE_UNIT_STARTED|[EXTERNAL]|01p0v000003Gv5u|validateQuestionsController.getUserProfile()
14:50:37.0 (3003467)|HEAP_ALLOCATE|[95]|Bytes:3
14:50:37.0 (3074970)|HEAP_ALLOCATE|[100]|Bytes:152
14:50:37.0 (3087264)|HEAP_ALLOCATE|[417]|Bytes:408
14:50:37.0 (3098648)|HEAP_ALLOCATE|[430]|Bytes:408
14:50:37.0 (3118478)|HEAP_ALLOCATE|[317]|Bytes:6
14:50:37.0 (3162271)|HEAP_ALLOCATE|[EXTERNAL]|Bytes:27
14:50:37.0 (3165186)|HEAP_ALLOCATE|[EXTERNAL]|Bytes:11
14:50:37.0 (3172201)|METHOD_ENTRY|[15]|01p0v000003Gv5u|validateQuestionsController.validateQuestionsController()
14:50:37.0 (3178156)|STATEMENT_EXECUTE|[15]
14:50:37.0 (3184917)|STATEMENT_EXECUTE|[15]
14:50:37.0 (3187404)|METHOD_EXIT|[15]|validateQuestionsController
14:50:37.0 (3196251)|STATEMENT_EXECUTE|[155]
14:50:37.0 (3197303)|STATEMENT_EXECUTE|[156]
14:50:37.0 (3255666)|VARIABLE_SCOPE_BEGIN|[156]|UserProfile|Profile|true|false
14:50:37.0 (3283902)|VARIABLE_ASSIGNMENT|[156]|UserProfile|null|
14:50:37.0 (3286817)|STATEMENT_EXECUTE|[157]
14:50:37.0 (3287680)|STATEMENT_EXECUTE|[157]
14:50:37.0 (3288478)|STATEMENT_EXECUTE|[158]
14:50:37.0 (3307954)|HEAP_ALLOCATE|[158]|Bytes:105
14:50:37.0 (3319586)|SYSTEM_METHOD_ENTRY|[1]|UserInfo.UserInfo()
14:50:37.0 (3321328)|STATEMENT_EXECUTE|[1]
14:50:37.0 (3326016)|SYSTEM_METHOD_EXIT|[1]|UserInfo
14:50:37.0 (3334694)|METHOD_ENTRY|[158]||System.UserInfo.getProfileId()
14:50:37.0 (5667660)|METHOD_EXIT|[158]||System.UserInfo.getProfileId()
14:50:37.0 (5685966)|HEAP_ALLOCATE|[158]|Bytes:4
14:50:37.0 (5691565)|VARIABLE_SCOPE_BEGIN|[158]|profileId|Id|false|false
14:50:37.0 (5851800)|VARIABLE_ASSIGNMENT|[158]|profileId|"00e1N000001u1HIQAY"
14:50:37.0 (5857421)|STATEMENT_EXECUTE|[159]
14:50:37.0 (5859781)|HEAP_ALLOCATE|[159]|Bytes:52
14:50:37.0 (5873423)|HEAP_ALLOCATE|[159]|Bytes:4
14:50:37.0 (5881013)|HEAP_ALLOCATE|[159]|Bytes:7
14:50:37.0 (7703297)|SOQL_EXECUTE_BEGIN|[159]|Aggregations:0|SELECT Name FROM Profile WHERE Id = :tmpVar1 LIMIT 1
14:50:37.0 (10252205)|SOQL_EXECUTE_END|[159]|Rows:1
14:50:37.0 (10277035)|HEAP_ALLOCATE|[159]|Bytes:8
14:50:37.0 (10290654)|HEAP_ALLOCATE|[159]|Bytes:57
14:50:37.0 (10363537)|HEAP_ALLOCATE|[159]|Bytes:8
14:50:37.0 (10375943)|HEAP_ALLOCATE|[159]|Bytes:33
14:50:37.0 (10418303)|HEAP_ALLOCATE|[159]|Bytes:12
14:50:37.0 (10479930)|VARIABLE_ASSIGNMENT|[159]|UserProfile|{"Name":"System Administrator","Id":"00e1N000001u1HIQAY"}|0x656852b9
14:50:37.0 (10487111)|STATEMENT_EXECUTE|[163]
14:50:37.10 (10546684)|CUMULATIVE_LIMIT_USAGE
14:50:37.10 (10546684)|LIMIT_USAGE_FOR_NS|(default)|
  Number of SOQL queries: 1 out of 100
  Number of query rows: 1 out of 50000
  Number of SOSL queries: 0 out of 20
  Number of DML statements: 0 out of 150
  Number of Publish Immediate DML: 0 out of 150
  Number of DML rows: 0 out of 10000
  Maximum CPU time: 0 out of 10000
  Maximum heap size: 0 out of 6000000
  Number of callouts: 0 out of 100
  Number of Email Invocations: 0 out of 10
  Number of future calls: 0 out of 50
  Number of queueable jobs added to the queue: 0 out of 50
  Number of Mobile Apex push calls: 0 out of 10

14:50:37.10 (10546684)|CUMULATIVE_LIMIT_USAGE_END

14:50:37.0 (10568755)|CODE_UNIT_FINISHED|validateQuestionsController.getUserProfile()
14:50:37.0 (10733924)|CODE_UNIT_FINISHED|apex://validateQuestionsController/ACTION$getUserProfile
14:50:37.0 (10738306)|EXECUTION_FINISHED
