67.0 APEX_CODE,FINEST;APEX_PROFILING,INFO;CALLOUT,INFO;DATA_ACCESS,INFO;DB,INFO;NBA,INFO;SYSTEM,DEBUG;VALIDATION,INFO;VISUALFORCE,INFO;WAVE,INFO;WORKFLOW,INFO
17:42:05.0 (172225)|USER_INFO|[EXTERNAL]|0050v0000034lag|albeltransa@falabella.com.mx.admin.uat|(GMT-06:00) Central Standard Time (America/Mexico_City)|GMT-06:00
17:42:05.0 (209678)|EXECUTION_STARTED
17:42:05.0 (218425)|CODE_UNIT_STARTED|[EXTERNAL]|apex://AuthenticateCustomerController/ACTION$getCaseRecordTypesByName
17:42:05.0 (1656766)|CODE_UNIT_STARTED|[EXTERNAL]|01p1N00000DazLB|AuthenticateCustomerController.getCaseRecordTypesByName()
17:42:05.0 (1763027)|VARIABLE_SCOPE_BEGIN|[19]|AuthenticateCustomerController.BE|String|false|true
17:42:05.0 (1950720)|HEAP_ALLOCATE|[95]|Bytes:3
17:42:05.0 (1997260)|HEAP_ALLOCATE|[100]|Bytes:152
17:42:05.0 (2011678)|HEAP_ALLOCATE|[417]|Bytes:408
17:42:05.0 (2023558)|HEAP_ALLOCATE|[430]|Bytes:408
17:42:05.0 (2043578)|HEAP_ALLOCATE|[317]|Bytes:6
17:42:05.0 (2053435)|HEAP_ALLOCATE|[EXTERNAL]|Bytes:13
17:42:05.0 (2056594)|HEAP_ALLOCATE|[EXTERNAL]|Bytes:70
17:42:05.0 (2058406)|HEAP_ALLOCATE|[EXTERNAL]|Bytes:88
17:42:05.0 (2060773)|HEAP_ALLOCATE|[EXTERNAL]|Bytes:2
17:42:05.0 (2108437)|VARIABLE_ASSIGNMENT|[EXTERNAL]|AuthenticateCustomerController.BE|"BE"
17:42:05.0 (2117532)|METHOD_ENTRY|[17]|01p1N00000DazLB|AuthenticateCustomerController.AuthenticateCustomerController()
17:42:05.0 (2122041)|STATEMENT_EXECUTE|[17]
17:42:05.0 (2127446)|STATEMENT_EXECUTE|[17]
17:42:05.0 (2148323)|HEAP_ALLOCATE|[68]|Bytes:5
17:42:05.0 (2172864)|HEAP_ALLOCATE|[74]|Bytes:5
17:42:05.0 (2177511)|HEAP_ALLOCATE|[82]|Bytes:7
17:42:05.0 (2199998)|HEAP_ALLOCATE|[EXTERNAL]|Bytes:5
17:42:05.0 (2202577)|STATEMENT_EXECUTE|[21]
17:42:05.0 (2211155)|METHOD_EXIT|[17]|AuthenticateCustomerController
17:42:05.0 (2222826)|HEAP_ALLOCATE|[271]|Bytes:5
17:42:05.0 (2225934)|STATEMENT_EXECUTE|[269]
17:42:05.0 (2227249)|STATEMENT_EXECUTE|[271]
17:42:05.0 (2246282)|HEAP_ALLOCATE|[271]|Bytes:4
17:42:05.0 (2260859)|VARIABLE_SCOPE_BEGIN|[271]|result|Map<String,String>|true|false
17:42:05.0 (2289961)|VARIABLE_ASSIGNMENT|[271]|result|{}|0x4fc4cdf4
17:42:05.0 (2294239)|STATEMENT_EXECUTE|[273]
17:42:05.0 (2296254)|HEAP_ALLOCATE|[273]|Bytes:4
17:42:05.0 (3797876)|HEAP_ALLOCATE|[273]|Bytes:4
17:42:05.0 (3826982)|VARIABLE_SCOPE_BEGIN|[273]|d|Schema.DescribeSObjectResult|true|false
17:42:05.0 (4129296)|VARIABLE_ASSIGNMENT|[273]|d|"common.api.soap.wsdl.DescribeSObjectResult@acbc221"|0x5bbac33d
17:42:05.0 (4138263)|STATEMENT_EXECUTE|[274]
17:42:05.0 (19619324)|HEAP_ALLOCATE|[274]|Bytes:412
17:42:05.0 (19650224)|VARIABLE_SCOPE_BEGIN|[274]|rtMapByName|Map<String,Schema.RecordTypeInfo>|true|false
17:42:05.0 (19681579)|VARIABLE_ASSIGNMENT|[274]|rtMapByName|"Map of size 102 too large to display"|0x7ae63389
17:42:05.0 (19732282)|HEAP_ALLOCATE|[276]|Bytes:4
17:42:05.0 (19857037)|HEAP_ALLOCATE|[276]|Bytes:2582
17:42:05.0 (19878465)|HEAP_ALLOCATE|[276]|Bytes:408
17:42:05.0 (19925075)|HEAP_ALLOCATE|[276]|Bytes:5
17:42:05.0 (19944247)|VARIABLE_SCOPE_BEGIN|[276]|key|String|false|false
17:42:05.0 (19954161)|VARIABLE_ASSIGNMENT|[276]|key|"APP"
17:42:05.0 (19958729)|STATEMENT_EXECUTE|[276]
17:42:05.0 (19959861)|STATEMENT_EXECUTE|[278]
17:42:05.0 (20000454)|VARIABLE_SCOPE_BEGIN|[278]|info|Schema.RecordTypeInfo|true|false
17:42:05.0 (20122630)|VARIABLE_ASSIGNMENT|[278]|info|"common.api.soap.wsdl.RecordTypeInfo@f219f932"|0x41fe5597
17:42:05.0 (20128091)|STATEMENT_EXECUTE|[279]
17:42:05.0 (20155967)|HEAP_ALLOCATE|[279]|Bytes:4
17:42:05.0 (20214913)|HEAP_ALLOCATE|[EXTERNAL]|Bytes:-4
17:42:05.0 (20232791)|HEAP_ALLOCATE|[276]|Bytes:5
17:42:05.0 (20243677)|VARIABLE_SCOPE_BEGIN|[276]|key|String|false|false
17:42:05.0 (20253231)|VARIABLE_ASSIGNMENT|[276]|key|"Abono de Puntos"
17:42:05.0 (20256577)|STATEMENT_EXECUTE|[276]
17:42:05.0 (20257566)|STATEMENT_EXECUTE|[278]
17:42:05.0 (20268537)|VARIABLE_SCOPE_BEGIN|[278]|info|Schema.RecordTypeInfo|true|false
17:42:05.0 (20334053)|VARIABLE_ASSIGNMENT|[278]|info|"common.api.soap.wsdl.RecordTypeInfo@bae8d6e2"|0x556cfda9
17:42:05.0 (20339507)|STATEMENT_EXECUTE|[279]
17:42:05.0 (20346271)|HEAP_ALLOCATE|[279]|Bytes:4
17:42:05.0 (20361227)|HEAP_ALLOCATE|[EXTERNAL]|Bytes:-4
17:42:05.0 (20371146)|HEAP_ALLOCATE|[276]|Bytes:5
17:42:05.0 (20379577)|VARIABLE_SCOPE_BEGIN|[276]|key|String|false|false
17:42:05.0 (20386259)|VARIABLE_ASSIGNMENT|[276]|key|"Abono de Puntos (Mód (4 more) ..."
17:42:05.0 (20389563)|STATEMENT_EXECUTE|[276]
17:42:05.0 (20390361)|STATEMENT_EXECUTE|[278]
17:42:05.0 (20397487)|VARIABLE_SCOPE_BEGIN|[278]|info|Schema.RecordTypeInfo|true|false
17:42:05.0 (20427310)|VARIABLE_ASSIGNMENT|[278]|info|"common.api.soap.wsdl.RecordTypeInfo@a9df86c5"|0x1e5de6f6
17:42:05.0 (20430347)|STATEMENT_EXECUTE|[279]
17:42:05.0 (20433334)|HEAP_ALLOCATE|[279]|Bytes:4
17:42:05.0 (20440809)|HEAP_ALLOCATE|[EXTERNAL]|Bytes:-4
17:42:05.0 (20446767)|HEAP_ALLOCATE|[276]|Bytes:5
17:42:05.0 (20451305)|VARIABLE_SCOPE_BEGIN|[276]|key|String|false|false
17:42:05.0 (20456650)|VARIABLE_ASSIGNMENT|[276]|key|"Activación de NIP"
17:42:05.0 (20468209)|STATEMENT_EXECUTE|[276]
17:42:05.0 (20469885)|STATEMENT_EXECUTE|[278]
17:42:05.0 (20475205)|VARIABLE_SCOPE_BEGIN|[278]|info|Schema.RecordTypeInfo|true|false
17:42:05.0 (20496862)|VARIABLE_ASSIGNMENT|[278]|info|"common.api.soap.wsdl.RecordTypeInfo@5e312afc"|0x2c813752
17:42:05.0 (20499595)|STATEMENT_EXECUTE|[279]
17:42:05.0 (20502198)|HEAP_ALLOCATE|[279]|Bytes:4
17:42:05.0 (20508412)|HEAP_ALLOCATE|[EXTERNAL]|Bytes:-4
17:42:05.0 (20516609)|HEAP_ALLOCATE|[276]|Bytes:5
17:42:05.0 (20523315)|VARIABLE_SCOPE_BEGIN|[276]|key|String|false|false
17:42:05.0 (20530188)|VARIABLE_ASSIGNMENT|[276]|key|"Activación de Tarjet (1 more) ..."
17:42:05.0 (20532409)|STATEMENT_EXECUTE|[276]
17:42:05.0 (20533184)|STATEMENT_EXECUTE|[278]
17:42:05.0 (20537837)|VARIABLE_SCOPE_BEGIN|[278]|info|Schema.RecordTypeInfo|true|false
17:42:05.0 (20556739)|VARIABLE_ASSIGNMENT|[278]|info|"common.api.soap.wsdl.RecordTypeInfo@d9f39a17"|0x1f608db8
17:42:05.0 (20559628)|STATEMENT_EXECUTE|[279]
17:42:05.0 (20561881)|HEAP_ALLOCATE|[279]|Bytes:4
17:42:05.0 (20567385)|HEAP_ALLOCATE|[EXTERNAL]|Bytes:-4
17:42:05.0 (20572692)|HEAP_ALLOCATE|[276]|Bytes:5
17:42:05.0 (20576560)|VARIABLE_SCOPE_BEGIN|[276]|key|String|false|false
17:42:05.0 (20581298)|VARIABLE_ASSIGNMENT|[276]|key|"Actualización Buró"
17:42:05.0 (20583590)|STATEMENT_EXECUTE|[276]
17:42:05.0 (20584321)|STATEMENT_EXECUTE|[278]
17:42:05.0 (20588573)|VARIABLE_SCOPE_BEGIN|[278]|info|Schema.RecordTypeInfo|true|false
17:42:05.0 (20606203)|VARIABLE_ASSIGNMENT|[278]|info|"common.api.soap.wsdl.RecordTypeInfo@7b9f67bd"|0x2d53aa48
17:42:05.0 (20608854)|STATEMENT_EXECUTE|[279]
17:42:05.0 (20610915)|HEAP_ALLOCATE|[279]|Bytes:4
17:42:05.0 (20616039)|HEAP_ALLOCATE|[EXTERNAL]|Bytes:-4
17:42:05.0 (20621227)|HEAP_ALLOCATE|[276]|Bytes:5
17:42:05.0 (20625048)|VARIABLE_SCOPE_BEGIN|[276]|key|String|false|false
17:42:05.0 (20629728)|VARIABLE_ASSIGNMENT|[276]|key|"Actualización Correo (9 more) ..."
17:42:05.0 (20632055)|STATEMENT_EXECUTE|[276]
17:42:05.0 (20632935)|STATEMENT_EXECUTE|[278]
17:42:05.0 (20637133)|VARIABLE_SCOPE_BEGIN|[278]|info|Schema.RecordTypeInfo|true|false
17:42:05.0 (20654759)|VARIABLE_ASSIGNMENT|[278]|info|"common.api.soap.wsdl.RecordTypeInfo@aeecf39c"|0x5c489342
17:42:05.0 (20657364)|STATEMENT_EXECUTE|[279]
17:42:05.0 (20659353)|HEAP_ALLOCATE|[279]|Bytes:4
17:42:05.0 (20664518)|HEAP_ALLOCATE|[EXTERNAL]|Bytes:-4
17:42:05.0 (20669530)|HEAP_ALLOCATE|[276]|Bytes:5
17:42:05.0 (20673337)|VARIABLE_SCOPE_BEGIN|[276]|key|String|false|false
17:42:05.0 (20678148)|VARIABLE_ASSIGNMENT|[276]|key|"Actualización Domici (12 more) ..."
17:42:05.0 (20680342)|STATEMENT_EXECUTE|[276]
17:42:05.0 (20681465)|STATEMENT_EXECUTE|[278]
17:42:05.0 (20687570)|VARIABLE_SCOPE_BEGIN|[278]|info|Schema.RecordTypeInfo|true|false
17:42:05.0 (20710969)|VARIABLE_ASSIGNMENT|[278]|info|"common.api.soap.wsdl.RecordTypeInfo@d5441330"|0x7956043e
17:42:05.0 (20713858)|STATEMENT_EXECUTE|[279]
17:42:05.0 (20716541)|HEAP_ALLOCATE|[279]|Bytes:4
17:42:05.0 (20725404)|HEAP_ALLOCATE|[EXTERNAL]|Bytes:-4
17:42:05.0 (20730953)|HEAP_ALLOCATE|[276]|Bytes:5
17:42:05.0 (20734836)|VARIABLE_SCOPE_BEGIN|[276]|key|String|false|false
17:42:05.0 (20739785)|VARIABLE_ASSIGNMENT|[276]|key|"Actualización Nom, R (6 more) ..."
17:42:05.0 (20741840)|STATEMENT_EXECUTE|[276]
17:42:05.0 (20742651)|STATEMENT_EXECUTE|[278]
17:42:05.0 (20746885)|VARIABLE_SCOPE_BEGIN|[278]|info|Schema.RecordTypeInfo|true|false
17:42:05.0 (20765027)|VARIABLE_ASSIGNMENT|[278]|info|"common.api.soap.wsdl.RecordTypeInfo@56e7171e"|0x62c04be1
17:42:05.0 (20767733)|STATEMENT_EXECUTE|[279]
17:42:05.0 (20769810)|HEAP_ALLOCATE|[279]|Bytes:4
17:42:05.0 (20775311)|HEAP_ALLOCATE|[EXTERNAL]|Bytes:-4
17:42:05.0 (20780381)|HEAP_ALLOCATE|[276]|Bytes:5
17:42:05.0 (20784333)|VARIABLE_SCOPE_BEGIN|[276]|key|String|false|false
17:42:05.0 (20789058)|VARIABLE_ASSIGNMENT|[276]|key|"Actualización SORIBA (1 more) ..."
17:42:05.0 (20791081)|STATEMENT_EXECUTE|[276]
17:42:05.0 (20791883)|STATEMENT_EXECUTE|[278]
17:42:05.0 (20795738)|VARIABLE_SCOPE_BEGIN|[278]|info|Schema.RecordTypeInfo|true|false
17:42:05.0 (20843609)|VARIABLE_ASSIGNMENT|[278]|info|"common.api.soap.wsdl.RecordTypeInfo@1da61f93"|0x5271bc1b
17:42:05.0 (20846819)|STATEMENT_EXECUTE|[279]
17:42:05.0 (20849786)|HEAP_ALLOCATE|[279]|Bytes:4
17:42:05.0 (20856020)|HEAP_ALLOCATE|[EXTERNAL]|Bytes:-4
17:42:05.0 (20861367)|HEAP_ALLOCATE|[276]|Bytes:5
17:42:05.0 (20865364)|VARIABLE_SCOPE_BEGIN|[276]|key|String|false|false
17:42:05.0 (20870200)|VARIABLE_ASSIGNMENT|[276]|key|"Actualización de CUR (1 more) ..."
17:42:05.0 (20872171)|STATEMENT_EXECUTE|[276]
17:42:05.0 (20872921)|STATEMENT_EXECUTE|[278]
17:42:05.0 (20877310)|VARIABLE_SCOPE_BEGIN|[278]|info|Schema.RecordTypeInfo|true|false
17:42:05.0 (20896905)|VARIABLE_ASSIGNMENT|[278]|info|"common.api.soap.wsdl.RecordTypeInfo@ad5dbd7c"|0x4abbe794
17:42:05.0 (20899361)|STATEMENT_EXECUTE|[279]
17:42:05.0 (20901351)|HEAP_ALLOCATE|[279]|Bytes:4
17:42:05.0 (20906601)|HEAP_ALLOCATE|[EXTERNAL]|Bytes:-4
17:42:05.0 (20911833)|HEAP_ALLOCATE|[276]|Bytes:5
17:42:05.0 (20915579)|VARIABLE_SCOPE_BEGIN|[276]|key|String|false|false
17:42:05.0 (20920141)|VARIABLE_ASSIGNMENT|[276]|key|"Actualización de Cel (5 more) ..."
17:42:05.0 (20922331)|STATEMENT_EXECUTE|[276]
17:42:05.0 (20923061)|STATEMENT_EXECUTE|[278]
17:42:05.0 (20927138)|VARIABLE_SCOPE_BEGIN|[278]|info|Schema.RecordTypeInfo|true|false
17:42:05.0 (20951037)|VARIABLE_ASSIGNMENT|[278]|info|"common.api.soap.wsdl.RecordTypeInfo@76d75e63"|0x3056d09
17:42:05.0 (20953762)|STATEMENT_EXECUTE|[279]
17:42:05.0 (20955937)|HEAP_ALLOCATE|[279]|Bytes:4
17:42:05.0 (20961242)|HEAP_ALLOCATE|[EXTERNAL]|Bytes:-4
17:42:05.0 (20966480)|HEAP_ALLOCATE|[276]|Bytes:5
17:42:05.0 (20970232)|VARIABLE_SCOPE_BEGIN|[276]|key|String|false|false
17:42:05.0 (20974993)|VARIABLE_ASSIGNMENT|[276]|key|"Actualización de Cel (4 more) ..."
17:42:05.0 (20976961)|STATEMENT_EXECUTE|[276]
17:42:05.0 (20977679)|STATEMENT_EXECUTE|[278]
17:42:05.0 (20981901)|VARIABLE_SCOPE_BEGIN|[278]|info|Schema.RecordTypeInfo|true|false
17:42:05.0 (21000130)|VARIABLE_ASSIGNMENT|[278]|info|"common.api.soap.wsdl.RecordTypeInfo@64a8cf3b"|0x637aa1cb
17:42:05.0 (21003321)|STATEMENT_EXECUTE|[279]
17:42:05.0 (21005433)|HEAP_ALLOCATE|[279]|Bytes:4
17:42:05.0 (21011060)|HEAP_ALLOCATE|[EXTERNAL]|Bytes:-4
17:42:05.0 (21016003)|HEAP_ALLOCATE|[276]|Bytes:5
17:42:05.0 (21019815)|VARIABLE_SCOPE_BEGIN|[276]|key|String|false|false
17:42:05.0 (21024359)|VARIABLE_ASSIGNMENT|[276]|key|"Actualización de Cor (3 more) ..."
17:42:05.0 (21026367)|STATEMENT_EXECUTE|[276]
17:42:05.0 (21027123)|STATEMENT_EXECUTE|[278]
17:42:05.0 (21031555)|VARIABLE_SCOPE_BEGIN|[278]|info|Schema.RecordTypeInfo|true|false
17:42:05.0 (21049862)|VARIABLE_ASSIGNMENT|[278]|info|"common.api.soap.wsdl.RecordTypeInfo@66178782"|0x3c3458db
17:42:05.0 (21052285)|STATEMENT_EXECUTE|[279]
17:42:05.0 (21054179)|HEAP_ALLOCATE|[279]|Bytes:4
17:42:05.0 (21059269)|HEAP_ALLOCATE|[EXTERNAL]|Bytes:-4
17:42:05.0 (21064194)|HEAP_ALLOCATE|[276]|Bytes:5
17:42:05.0 (21067891)|VARIABLE_SCOPE_BEGIN|[276]|key|String|false|false
17:42:05.0 (21072388)|VARIABLE_ASSIGNMENT|[276]|key|"Actualización de Dom (6 more) ..."
17:42:05.0 (21074342)|STATEMENT_EXECUTE|[276]
17:42:05.0 (21075081)|STATEMENT_EXECUTE|[278]
17:42:05.0 (21079075)|VARIABLE_SCOPE_BEGIN|[278]|info|Schema.RecordTypeInfo|true|false
17:42:05.0 (21096821)|VARIABLE_ASSIGNMENT|[278]|info|"common.api.soap.wsdl.RecordTypeInfo@19cbc967"|0x29268f8e
17:42:05.0 (21099246)|STATEMENT_EXECUTE|[279]
17:42:05.0 (21101300)|HEAP_ALLOCATE|[279]|Bytes:4
17:42:05.0 (21106265)|HEAP_ALLOCATE|[EXTERNAL]|Bytes:-4
17:42:05.0 (21111252)|HEAP_ALLOCATE|[276]|Bytes:5
17:42:05.0 (21114985)|VARIABLE_SCOPE_BEGIN|[276]|key|String|false|false
17:42:05.0 (21119576)|VARIABLE_ASSIGNMENT|[276]|key|"Actualización de Tel (10 more) ..."
17:42:05.0 (21121611)|STATEMENT_EXECUTE|[276]
17:42:05.0 (21122340)|STATEMENT_EXECUTE|[278]
17:42:05.0 (21126462)|VARIABLE_SCOPE_BEGIN|[278]|info|Schema.RecordTypeInfo|true|false
17:42:05.0 (21144547)|VARIABLE_ASSIGNMENT|[278]|info|"common.api.soap.wsdl.RecordTypeInfo@767cd3c0"|0x1e3c286
17:42:05.0 (21147076)|STATEMENT_EXECUTE|[279]
17:42:05.0 (21149172)|HEAP_ALLOCATE|[279]|Bytes:4
17:42:05.0 (21154216)|HEAP_ALLOCATE|[EXTERNAL]|Bytes:-4
17:42:05.0 (21159062)|HEAP_ALLOCATE|[276]|Bytes:5
17:42:05.0 (21162789)|VARIABLE_SCOPE_BEGIN|[276]|key|String|false|false
17:42:05.0 (21167177)|VARIABLE_ASSIGNMENT|[276]|key|"Alta Cliente"
17:42:05.0 (21169042)|STATEMENT_EXECUTE|[276]
17:42:05.0 (21169774)|STATEMENT_EXECUTE|[278]
17:42:05.0 (21173780)|VARIABLE_SCOPE_BEGIN|[278]|info|Schema.RecordTypeInfo|true|false
17:42:05.0 (21191281)|VARIABLE_ASSIGNMENT|[278]|info|"common.api.soap.wsdl.RecordTypeInfo@80a41a04"|0x37215f88
17:42:05.0 (21193713)|STATEMENT_EXECUTE|[279]
17:42:05.0 (21195675)|HEAP_ALLOCATE|[279]|Bytes:4
17:42:05.0 (21200660)|HEAP_ALLOCATE|[EXTERNAL]|Bytes:-4
17:42:05.0 (21205587)|HEAP_ALLOCATE|[276]|Bytes:5
17:42:05.0 (21209263)|VARIABLE_SCOPE_BEGIN|[276]|key|String|false|false
17:42:05.0 (21214004)|VARIABLE_ASSIGNMENT|[276]|key|"Audiencia CONDUSEF"
17:42:05.0 (21215818)|STATEMENT_EXECUTE|[276]
17:42:05.0 (21216622)|STATEMENT_EXECUTE|[278]
17:42:05.0 (21220481)|VARIABLE_SCOPE_BEGIN|[278]|info|Schema.RecordTypeInfo|true|false
17:42:05.0 (21237697)|VARIABLE_ASSIGNMENT|[278]|info|"common.api.soap.wsdl.RecordTypeInfo@ee8898d7"|0x29cd2b37
17:42:05.0 (21240155)|STATEMENT_EXECUTE|[279]
17:42:05.0 (21242179)|HEAP_ALLOCATE|[279]|Bytes:4
17:42:05.0 (21247159)|HEAP_ALLOCATE|[EXTERNAL]|Bytes:-4
17:42:05.0 (21252133)|HEAP_ALLOCATE|[276]|Bytes:5
17:42:05.0 (21255794)|VARIABLE_SCOPE_BEGIN|[276]|key|String|false|false
17:42:05.0 (21260739)|VARIABLE_ASSIGNMENT|[276]|key|"Aumento de Línea de  (7 more) ..."
17:42:05.0 (21262839)|STATEMENT_EXECUTE|[276]
17:42:05.0 (21263564)|STATEMENT_EXECUTE|[278]
17:42:05.0 (21267590)|VARIABLE_SCOPE_BEGIN|[278]|info|Schema.RecordTypeInfo|true|false
17:42:05.0 (21284381)|VARIABLE_ASSIGNMENT|[278]|info|"common.api.soap.wsdl.RecordTypeInfo@b67992fe"|0x348a8b7f
17:42:05.0 (21286745)|STATEMENT_EXECUTE|[279]
17:42:05.0 (21288704)|HEAP_ALLOCATE|[279]|Bytes:4
17:42:05.0 (21295455)|HEAP_ALLOCATE|[EXTERNAL]|Bytes:-4
17:42:05.0 (21302716)|HEAP_ALLOCATE|[276]|Bytes:5
17:42:05.0 (21308380)|VARIABLE_SCOPE_BEGIN|[276]|key|String|false|false
17:42:05.0 (21314762)|VARIABLE_ASSIGNMENT|[276]|key|"BackOffice Figital"
17:42:05.0 (21317429)|STATEMENT_EXECUTE|[276]
17:42:05.0 (21318401)|STATEMENT_EXECUTE|[278]
17:42:05.0 (21325005)|VARIABLE_SCOPE_BEGIN|[278]|info|Schema.RecordTypeInfo|true|false
17:42:05.0 (21354942)|VARIABLE_ASSIGNMENT|[278]|info|"common.api.soap.wsdl.RecordTypeInfo@e1ed000"|0x2be2889a
17:42:05.0 (21359819)|STATEMENT_EXECUTE|[279]
17:42:05.0 (21364028)|HEAP_ALLOCATE|[279]|Bytes:4
17:42:05.0 (21373579)|HEAP_ALLOCATE|[EXTERNAL]|Bytes:-4
17:42:05.0 (21381386)|HEAP_ALLOCATE|[276]|Bytes:5
17:42:05.0 (21387528)|VARIABLE_SCOPE_BEGIN|[276]|key|String|false|false
17:42:05.0 (21394093)|VARIABLE_ASSIGNMENT|[276]|key|"BackOffice Fraudes"
17:42:05.0 (21397056)|STATEMENT_EXECUTE|[276]
17:42:05.0 (21398091)|STATEMENT_EXECUTE|[278]
17:42:05.0 (21404603)|VARIABLE_SCOPE_BEGIN|[278]|info|Schema.RecordTypeInfo|true|false
17:42:05.0 (21434077)|VARIABLE_ASSIGNMENT|[278]|info|"common.api.soap.wsdl.RecordTypeInfo@a750b4b9"|0x16025f71
17:42:05.0 (21438238)|STATEMENT_EXECUTE|[279]
17:42:05.0 (21442104)|HEAP_ALLOCATE|[279]|Bytes:4
17:42:05.0 (21451067)|HEAP_ALLOCATE|[EXTERNAL]|Bytes:-4
17:42:05.0 (21459287)|HEAP_ALLOCATE|[276]|Bytes:5
17:42:05.0 (21465688)|VARIABLE_SCOPE_BEGIN|[276]|key|String|false|false
17:42:05.0 (21472418)|VARIABLE_ASSIGNMENT|[276]|key|"Bloqueo Seguridad"
17:42:05.0 (21474939)|STATEMENT_EXECUTE|[276]
17:42:05.0 (21475953)|STATEMENT_EXECUTE|[278]
17:42:05.0 (21482567)|VARIABLE_SCOPE_BEGIN|[278]|info|Schema.RecordTypeInfo|true|false
17:42:05.0 (21505142)|VARIABLE_ASSIGNMENT|[278]|info|"common.api.soap.wsdl.RecordTypeInfo@1ad47a66"|0x56d64a15
17:42:05.0 (21508135)|STATEMENT_EXECUTE|[279]
17:42:05.0 (21510603)|HEAP_ALLOCATE|[279]|Bytes:4
17:42:05.0 (21516464)|HEAP_ALLOCATE|[EXTERNAL]|Bytes:-4
17:42:05.0 (21521906)|HEAP_ALLOCATE|[276]|Bytes:5
17:42:05.0 (21525802)|VARIABLE_SCOPE_BEGIN|[276]|key|String|false|false
17:42:05.0 (21530486)|VARIABLE_ASSIGNMENT|[276]|key|"CVV Dinámico"
17:42:05.0 (21533060)|STATEMENT_EXECUTE|[276]
17:42:05.0 (21533809)|STATEMENT_EXECUTE|[278]
17:42:05.0 (21537828)|VARIABLE_SCOPE_BEGIN|[278]|info|Schema.RecordTypeInfo|true|false
17:42:05.0 (21556561)|VARIABLE_ASSIGNMENT|[278]|info|"common.api.soap.wsdl.RecordTypeInfo@5ce747f8"|0x3667f2c3
17:42:05.0 (21560534)|STATEMENT_EXECUTE|[279]
17:42:05.0 (21563552)|HEAP_ALLOCATE|[279]|Bytes:4
17:42:05.0 (21570584)|HEAP_ALLOCATE|[EXTERNAL]|Bytes:-4
17:42:05.0 (21575722)|HEAP_ALLOCATE|[276]|Bytes:5
17:42:05.0 (21579637)|VARIABLE_SCOPE_BEGIN|[276]|key|String|false|false
17:42:05.0 (21584934)|VARIABLE_ASSIGNMENT|[276]|key|"Cambio de MC a Priva (2 more) ..."
17:42:05.0 (21586719)|STATEMENT_EXECUTE|[276]
17:42:05.0 (21587455)|STATEMENT_EXECUTE|[278]
17:42:05.0 (21591677)|VARIABLE_SCOPE_BEGIN|[278]|info|Schema.RecordTypeInfo|true|false
17:42:05.0 (21610140)|VARIABLE_ASSIGNMENT|[278]|info|"common.api.soap.wsdl.RecordTypeInfo@a6d8a80b"|0x97e1acd
17:42:05.0 (21612752)|STATEMENT_EXECUTE|[279]
17:42:05.0 (21614984)|HEAP_ALLOCATE|[279]|Bytes:4
17:42:05.0 (21620262)|HEAP_ALLOCATE|[EXTERNAL]|Bytes:-4
17:42:05.0 (21625032)|HEAP_ALLOCATE|[276]|Bytes:5
17:42:05.0 (21628661)|VARIABLE_SCOPE_BEGIN|[276]|key|String|false|false
17:42:05.0 (21633236)|VARIABLE_ASSIGNMENT|[276]|key|"Cambio de Medio Enví (1 more) ..."
17:42:05.0 (21635543)|STATEMENT_EXECUTE|[276]
17:42:05.0 (21636289)|STATEMENT_EXECUTE|[278]
17:42:05.0 (21640688)|VARIABLE_SCOPE_BEGIN|[278]|info|Schema.RecordTypeInfo|true|false
17:42:05.0 (21678144)|VARIABLE_ASSIGNMENT|[278]|info|"common.api.soap.wsdl.RecordTypeInfo@be215376"|0xd033544
17:42:05.0 (21680827)|STATEMENT_EXECUTE|[279]
17:42:05.0 (21682819)|HEAP_ALLOCATE|[279]|Bytes:4
17:42:05.0 (21689414)|HEAP_ALLOCATE|[EXTERNAL]|Bytes:-4
17:42:05.0 (21694366)|HEAP_ALLOCATE|[276]|Bytes:5
17:42:05.0 (21698112)|VARIABLE_SCOPE_BEGIN|[276]|key|String|false|false
17:42:05.0 (21702710)|VARIABLE_ASSIGNMENT|[276]|key|"Campañas Outbound"
17:42:05.0 (21704958)|STATEMENT_EXECUTE|[276]
17:42:05.0 (21705685)|STATEMENT_EXECUTE|[278]
17:42:05.0 (21709615)|VARIABLE_SCOPE_BEGIN|[278]|info|Schema.RecordTypeInfo|true|false
17:42:05.0 (21727657)|VARIABLE_ASSIGNMENT|[278]|info|"common.api.soap.wsdl.RecordTypeInfo@6d4e485f"|0x69e14013
17:42:05.0 (21730350)|STATEMENT_EXECUTE|[279]
17:42:05.0 (21732322)|HEAP_ALLOCATE|[279]|Bytes:4
17:42:05.0 (21737355)|HEAP_ALLOCATE|[EXTERNAL]|Bytes:-4
17:42:05.0 (21741929)|HEAP_ALLOCATE|[276]|Bytes:5
17:42:05.0 (21745557)|VARIABLE_SCOPE_BEGIN|[276]|key|String|false|false
17:42:05.0 (21749970)|VARIABLE_ASSIGNMENT|[276]|key|"Campos Regulatorios"
17:42:05.0 (21751843)|STATEMENT_EXECUTE|[276]
17:42:05.0 (21752569)|STATEMENT_EXECUTE|[278]
17:42:05.0 (21756526)|VARIABLE_SCOPE_BEGIN|[278]|info|Schema.RecordTypeInfo|true|false
17:42:05.0 (21773910)|VARIABLE_ASSIGNMENT|[278]|info|"common.api.soap.wsdl.RecordTypeInfo@36673986"|0x60994606
17:42:05.0 (21776574)|STATEMENT_EXECUTE|[279]
17:42:05.0 (21778557)|HEAP_ALLOCATE|[279]|Bytes:4
17:42:05.0 (21783550)|HEAP_ALLOCATE|[EXTERNAL]|Bytes:-4
17:42:05.0 (21790404)|HEAP_ALLOCATE|[276]|Bytes:5
17:42:05.0 (21795700)|VARIABLE_SCOPE_BEGIN|[276]|key|String|false|false
17:42:05.0 (21800639)|VARIABLE_ASSIGNMENT|[276]|key|"Cancelación Adiciona (1 more) ..."
17:42:05.0 (21803152)|STATEMENT_EXECUTE|[276]
17:42:05.0 (21803874)|STATEMENT_EXECUTE|[278]
17:42:05.0 (21807805)|VARIABLE_SCOPE_BEGIN|[278]|info|Schema.RecordTypeInfo|true|false
17:42:05.0 (21826393)|VARIABLE_ASSIGNMENT|[278]|info|"common.api.soap.wsdl.RecordTypeInfo@a287f482"|0x19c890aa
17:42:05.0 (21830058)|STATEMENT_EXECUTE|[279]
17:42:05.0 (21833300)|HEAP_ALLOCATE|[279]|Bytes:4
17:42:05.0 (21841505)|HEAP_ALLOCATE|[EXTERNAL]|Bytes:-4
17:42:05.0 (21848760)|HEAP_ALLOCATE|[276]|Bytes:5
17:42:05.0 (21854817)|VARIABLE_SCOPE_BEGIN|[276]|key|String|false|false
17:42:05.0 (21860969)|VARIABLE_ASSIGNMENT|[276]|key|"Cancelación de Adici (13 more) ..."
17:42:05.0 (21864326)|STATEMENT_EXECUTE|[276]
17:42:05.0 (21865812)|STATEMENT_EXECUTE|[278]
17:42:05.0 (21870212)|VARIABLE_SCOPE_BEGIN|[278]|info|Schema.RecordTypeInfo|true|false
17:42:05.0 (21889357)|VARIABLE_ASSIGNMENT|[278]|info|"common.api.soap.wsdl.RecordTypeInfo@9677e4f6"|0xdf53fc2
17:42:05.0 (21891850)|STATEMENT_EXECUTE|[279]
17:42:05.0 (21893972)|HEAP_ALLOCATE|[279]|Bytes:4
17:42:05.0 (21899227)|HEAP_ALLOCATE|[EXTERNAL]|Bytes:-4
17:42:05.0 (21904554)|HEAP_ALLOCATE|[276]|Bytes:5
17:42:05.0 (21908339)|VARIABLE_SCOPE_BEGIN|[276]|key|String|false|false
17:42:05.0 (21912932)|VARIABLE_ASSIGNMENT|[276]|key|"Cancelación de Tarje (20 more) ..."
17:42:05.0 (21915165)|STATEMENT_EXECUTE|[276]
17:42:05.0 (21915893)|STATEMENT_EXECUTE|[278]
17:42:05.0 (21919764)|VARIABLE_SCOPE_BEGIN|[278]|info|Schema.RecordTypeInfo|true|false
17:42:05.0 (21944581)|VARIABLE_ASSIGNMENT|[278]|info|"common.api.soap.wsdl.RecordTypeInfo@41ee2a4a"|0x6ef707b7
17:42:05.0 (21947552)|STATEMENT_EXECUTE|[279]
17:42:05.0 (21949761)|HEAP_ALLOCATE|[279]|Bytes:4
17:42:05.0 (21955441)|HEAP_ALLOCATE|[EXTERNAL]|Bytes:-4
17:42:05.0 (21960620)|HEAP_ALLOCATE|[276]|Bytes:5
17:42:05.0 (21964751)|VARIABLE_SCOPE_BEGIN|[276]|key|String|false|false
17:42:05.0 (21969508)|VARIABLE_ASSIGNMENT|[276]|key|"Cancelación de Titul (2 more) ..."
17:42:05.0 (21971638)|STATEMENT_EXECUTE|[276]
17:42:05.0 (21972376)|STATEMENT_EXECUTE|[278]
17:42:05.0 (21976473)|VARIABLE_SCOPE_BEGIN|[278]|info|Schema.RecordTypeInfo|true|false
17:42:05.0 (21994593)|VARIABLE_ASSIGNMENT|[278]|info|"common.api.soap.wsdl.RecordTypeInfo@f3aa61a5"|0x44f4c519
17:42:05.0 (21997218)|STATEMENT_EXECUTE|[279]
17:42:05.0 (21999134)|HEAP_ALLOCATE|[279]|Bytes:4
17:42:05.0 (22004108)|HEAP_ALLOCATE|[EXTERNAL]|Bytes:-4
17:42:05.0 (22009931)|HEAP_ALLOCATE|[276]|Bytes:5
17:42:05.0 (22013778)|VARIABLE_SCOPE_BEGIN|[276]|key|String|false|false
17:42:05.0 (22019080)|VARIABLE_ASSIGNMENT|[276]|key|"Cancelación por fall (30 more) ..."
17:42:05.0 (22022304)|STATEMENT_EXECUTE|[276]
17:42:05.0 (22023475)|STATEMENT_EXECUTE|[278]
17:42:05.0 (22029198)|VARIABLE_SCOPE_BEGIN|[278]|info|Schema.RecordTypeInfo|true|false
17:42:05.0 (22047823)|VARIABLE_ASSIGNMENT|[278]|info|"common.api.soap.wsdl.RecordTypeInfo@c2aa1923"|0x196440ed
17:42:05.0 (22050234)|STATEMENT_EXECUTE|[279]
17:42:05.0 (22052179)|HEAP_ALLOCATE|[279]|Bytes:4
17:42:05.0 (22057414)|HEAP_ALLOCATE|[EXTERNAL]|Bytes:-4
17:42:05.0 (22062753)|HEAP_ALLOCATE|[276]|Bytes:5
17:42:05.0 (22066489)|VARIABLE_SCOPE_BEGIN|[276]|key|String|false|false
17:42:05.0 (22071247)|VARIABLE_ASSIGNMENT|[276]|key|"Cargo No Reconocido  (8 more) ..."
17:42:05.0 (22073100)|STATEMENT_EXECUTE|[276]
17:42:05.0 (22073826)|STATEMENT_EXECUTE|[278]
17:42:05.0 (22077951)|VARIABLE_SCOPE_BEGIN|[278]|info|Schema.RecordTypeInfo|true|false
17:42:05.0 (22095503)|VARIABLE_ASSIGNMENT|[278]|info|"common.api.soap.wsdl.RecordTypeInfo@9d794691"|0x3dcb772c
17:42:05.0 (22097909)|STATEMENT_EXECUTE|[279]
17:42:05.0 (22099823)|HEAP_ALLOCATE|[279]|Bytes:4
17:42:05.0 (22104735)|HEAP_ALLOCATE|[EXTERNAL]|Bytes:-4
17:42:05.0 (22109899)|HEAP_ALLOCATE|[276]|Bytes:5
17:42:05.0 (22113612)|VARIABLE_SCOPE_BEGIN|[276]|key|String|false|false
17:42:05.0 (22118022)|VARIABLE_ASSIGNMENT|[276]|key|"Cargo no reconocido"
17:42:05.0 (22119756)|STATEMENT_EXECUTE|[276]
17:42:05.0 (22120490)|STATEMENT_EXECUTE|[278]
17:42:05.0 (22124501)|VARIABLE_SCOPE_BEGIN|[278]|info|Schema.RecordTypeInfo|true|false
17:42:05.0 (22141601)|VARIABLE_ASSIGNMENT|[278]|info|"common.api.soap.wsdl.RecordTypeInfo@18d8e370"|0x6b57059d
17:42:05.0 (22144248)|STATEMENT_EXECUTE|[279]
17:42:05.0 (22146038)|HEAP_ALLOCATE|[279]|Bytes:4
17:42:05.0 (22152029)|HEAP_ALLOCATE|[EXTERNAL]|Bytes:-4
17:42:05.0 (22159416)|HEAP_ALLOCATE|[276]|Bytes:5
17:42:05.0 (22163449)|VARIABLE_SCOPE_BEGIN|[276]|key|String|false|false
17:42:05.0 (22168038)|VARIABLE_ASSIGNMENT|[276]|key|"Carta Finiquito"
17:42:05.0 (22169831)|STATEMENT_EXECUTE|[276]
17:42:05.0 (22170570)|STATEMENT_EXECUTE|[278]
17:42:05.0 (22174384)|VARIABLE_SCOPE_BEGIN|[278]|info|Schema.RecordTypeInfo|true|false
17:42:05.0 (22192877)|VARIABLE_ASSIGNMENT|[278]|info|"common.api.soap.wsdl.RecordTypeInfo@b7d2cccc"|0x969d9e3
17:42:05.0 (22195476)|STATEMENT_EXECUTE|[279]
17:42:05.0 (22197566)|HEAP_ALLOCATE|[279]|Bytes:4
17:42:05.0 (22202772)|HEAP_ALLOCATE|[EXTERNAL]|Bytes:-4
17:42:05.0 (22207972)|HEAP_ALLOCATE|[276]|Bytes:5
17:42:05.0 (22211623)|VARIABLE_SCOPE_BEGIN|[276]|key|String|false|false
17:42:05.0 (22216422)|VARIABLE_ASSIGNMENT|[276]|key|"Cliente en Mora Grav (1 more) ..."
17:42:05.0 (22218272)|STATEMENT_EXECUTE|[276]
17:42:05.0 (22219018)|STATEMENT_EXECUTE|[278]
17:42:05.0 (22222697)|VARIABLE_SCOPE_BEGIN|[278]|info|Schema.RecordTypeInfo|true|false
17:42:05.0 (22239741)|VARIABLE_ASSIGNMENT|[278]|info|"common.api.soap.wsdl.RecordTypeInfo@85d25fd8"|0x32b1830b
17:42:05.0 (22242311)|STATEMENT_EXECUTE|[279]
17:42:05.0 (22244382)|HEAP_ALLOCATE|[279]|Bytes:4
17:42:05.0 (22249352)|HEAP_ALLOCATE|[EXTERNAL]|Bytes:-4
17:42:05.0 (22254413)|HEAP_ALLOCATE|[276]|Bytes:5
17:42:05.0 (22258010)|VARIABLE_SCOPE_BEGIN|[276]|key|String|false|false
17:42:05.0 (22263274)|VARIABLE_ASSIGNMENT|[276]|key|"Cobro a Persona Equi (6 more) ..."
17:42:05.0 (22266317)|STATEMENT_EXECUTE|[276]
17:42:05.0 (22267524)|STATEMENT_EXECUTE|[278]
17:42:05.0 (22273640)|VARIABLE_SCOPE_BEGIN|[278]|info|Schema.RecordTypeInfo|true|false
17:42:05.0 (22294318)|VARIABLE_ASSIGNMENT|[278]|info|"common.api.soap.wsdl.RecordTypeInfo@2a2b8d4f"|0x54a5e066
17:42:05.0 (22297157)|STATEMENT_EXECUTE|[279]
17:42:05.0 (22299454)|HEAP_ALLOCATE|[279]|Bytes:4
17:42:05.0 (22305070)|HEAP_ALLOCATE|[EXTERNAL]|Bytes:-4
17:42:05.0 (22310131)|HEAP_ALLOCATE|[276]|Bytes:5
17:42:05.0 (22313883)|VARIABLE_SCOPE_BEGIN|[276]|key|String|false|false
17:42:05.0 (22318303)|VARIABLE_ASSIGNMENT|[276]|key|"Compra no diferida"
17:42:05.0 (22320085)|STATEMENT_EXECUTE|[276]
17:42:05.0 (22320828)|STATEMENT_EXECUTE|[278]
17:42:05.0 (22324659)|VARIABLE_SCOPE_BEGIN|[278]|info|Schema.RecordTypeInfo|true|false
17:42:05.0 (22343200)|VARIABLE_ASSIGNMENT|[278]|info|"common.api.soap.wsdl.RecordTypeInfo@2b1f53cf"|0x70d7c82
17:42:05.0 (22345705)|STATEMENT_EXECUTE|[279]
17:42:05.0 (22347500)|HEAP_ALLOCATE|[279]|Bytes:4
17:42:05.0 (22352507)|HEAP_ALLOCATE|[EXTERNAL]|Bytes:-4
17:42:05.0 (22357265)|HEAP_ALLOCATE|[276]|Bytes:5
17:42:05.0 (22361021)|VARIABLE_SCOPE_BEGIN|[276]|key|String|false|false
17:42:05.0 (22365895)|VARIABLE_ASSIGNMENT|[276]|key|"Compra no diferida ( (7 more) ..."
17:42:05.0 (22367600)|STATEMENT_EXECUTE|[276]
17:42:05.0 (22368357)|STATEMENT_EXECUTE|[278]
17:42:05.0 (22372135)|VARIABLE_SCOPE_BEGIN|[278]|info|Schema.RecordTypeInfo|true|false
17:42:05.0 (22389193)|VARIABLE_ASSIGNMENT|[278]|info|"common.api.soap.wsdl.RecordTypeInfo@b545a3a2"|0x406c0b41
17:42:05.0 (22391686)|STATEMENT_EXECUTE|[279]
17:42:05.0 (22393502)|HEAP_ALLOCATE|[279]|Bytes:4
17:42:05.0 (22398369)|HEAP_ALLOCATE|[EXTERNAL]|Bytes:-4
17:42:05.0 (22403099)|HEAP_ALLOCATE|[276]|Bytes:5
17:42:05.0 (22406847)|VARIABLE_SCOPE_BEGIN|[276]|key|String|false|false
17:42:05.0 (22411042)|VARIABLE_ASSIGNMENT|[276]|key|"Condonación"
17:42:05.0 (22413124)|STATEMENT_EXECUTE|[276]
17:42:05.0 (22413855)|STATEMENT_EXECUTE|[278]
17:42:05.0 (22417530)|VARIABLE_SCOPE_BEGIN|[278]|info|Schema.RecordTypeInfo|true|false
17:42:05.0 (22435328)|VARIABLE_ASSIGNMENT|[278]|info|"common.api.soap.wsdl.RecordTypeInfo@bf74e2cb"|0x7e7b719c
17:42:05.0 (22437735)|STATEMENT_EXECUTE|[279]
17:42:05.0 (22439548)|HEAP_ALLOCATE|[279]|Bytes:4
17:42:05.0 (22444203)|HEAP_ALLOCATE|[EXTERNAL]|Bytes:-4
17:42:05.0 (22449060)|HEAP_ALLOCATE|[276]|Bytes:5
17:42:05.0 (22452833)|VARIABLE_SCOPE_BEGIN|[276]|key|String|false|false
17:42:05.0 (22457230)|VARIABLE_ASSIGNMENT|[276]|key|"Consulta Fecha Corte (18 more) ..."
17:42:05.0 (22458983)|STATEMENT_EXECUTE|[276]
17:42:05.0 (22459718)|STATEMENT_EXECUTE|[278]
17:42:05.0 (22463552)|VARIABLE_SCOPE_BEGIN|[278]|info|Schema.RecordTypeInfo|true|false
17:42:05.0 (22480908)|VARIABLE_ASSIGNMENT|[278]|info|"common.api.soap.wsdl.RecordTypeInfo@edebf001"|0x5a618e5
17:42:05.0 (22483479)|STATEMENT_EXECUTE|[279]
17:42:05.0 (22485253)|HEAP_ALLOCATE|[279]|Bytes:4
17:42:05.0 (22489961)|HEAP_ALLOCATE|[EXTERNAL]|Bytes:-4
17:42:05.0 (22494661)|HEAP_ALLOCATE|[276]|Bytes:5
17:42:05.0 (22499778)|VARIABLE_SCOPE_BEGIN|[276]|key|String|false|false
17:42:05.0 (22507400)|VARIABLE_ASSIGNMENT|[276]|key|"Consulta Límite Créd (16 more) ..."
17:42:05.0 (22509919)|STATEMENT_EXECUTE|[276]
17:42:05.0 (22510694)|STATEMENT_EXECUTE|[278]
17:42:05.0 (22514743)|VARIABLE_SCOPE_BEGIN|[278]|info|Schema.RecordTypeInfo|true|false
17:42:05.0 (22533023)|VARIABLE_ASSIGNMENT|[278]|info|"common.api.soap.wsdl.RecordTypeInfo@df78061f"|0x69a38dbf
17:42:05.0 (22535616)|STATEMENT_EXECUTE|[279]
17:42:05.0 (22537694)|HEAP_ALLOCATE|[279]|Bytes:4
17:42:05.0 (22543008)|HEAP_ALLOCATE|[EXTERNAL]|Bytes:-4
17:42:05.0 (22548341)|HEAP_ALLOCATE|[276]|Bytes:5
17:42:05.0 (22552121)|VARIABLE_SCOPE_BEGIN|[276]|key|String|false|false
17:42:05.0 (22556680)|VARIABLE_ASSIGNMENT|[276]|key|"Consulta de Movimien (3 more) ..."
17:42:05.0 (22558446)|STATEMENT_EXECUTE|[276]
17:42:05.0 (22559182)|STATEMENT_EXECUTE|[278]
17:42:05.0 (22562964)|VARIABLE_SCOPE_BEGIN|[278]|info|Schema.RecordTypeInfo|true|false
17:42:05.0 (22580016)|VARIABLE_ASSIGNMENT|[278]|info|"common.api.soap.wsdl.RecordTypeInfo@c09e846b"|0x49b5b5c9
17:42:05.0 (22582612)|STATEMENT_EXECUTE|[279]
17:42:05.0 (22584467)|HEAP_ALLOCATE|[279]|Bytes:4
17:42:05.0 (22589567)|HEAP_ALLOCATE|[EXTERNAL]|Bytes:-4
17:42:05.0 (22594586)|HEAP_ALLOCATE|[276]|Bytes:5
17:42:05.0 (22598391)|VARIABLE_SCOPE_BEGIN|[276]|key|String|false|false
17:42:05.0 (22602926)|VARIABLE_ASSIGNMENT|[276]|key|"Consulta de PAN"
17:42:05.0 (22604780)|STATEMENT_EXECUTE|[276]
17:42:05.0 (22605502)|STATEMENT_EXECUTE|[278]
17:42:05.0 (22609382)|VARIABLE_SCOPE_BEGIN|[278]|info|Schema.RecordTypeInfo|true|false
17:42:05.0 (22626433)|VARIABLE_ASSIGNMENT|[278]|info|"common.api.soap.wsdl.RecordTypeInfo@33de21de"|0x6c67daf2
17:42:05.0 (22628850)|STATEMENT_EXECUTE|[279]
17:42:05.0 (22630670)|HEAP_ALLOCATE|[279]|Bytes:4
17:42:05.0 (22635650)|HEAP_ALLOCATE|[EXTERNAL]|Bytes:-4
17:42:05.0 (22640514)|HEAP_ALLOCATE|[276]|Bytes:5
17:42:05.0 (22644298)|VARIABLE_SCOPE_BEGIN|[276]|key|String|false|false
17:42:05.0 (22649021)|VARIABLE_ASSIGNMENT|[276]|key|"Consulta de Saldo a  (5 more) ..."
17:42:05.0 (22650917)|STATEMENT_EXECUTE|[276]
17:42:05.0 (22651651)|STATEMENT_EXECUTE|[278]
17:42:05.0 (22655566)|VARIABLE_SCOPE_BEGIN|[278]|info|Schema.RecordTypeInfo|true|false
17:42:05.0 (22672165)|VARIABLE_ASSIGNMENT|[278]|info|"common.api.soap.wsdl.RecordTypeInfo@287bf5b3"|0x59b386ab
17:42:05.0 (22674773)|STATEMENT_EXECUTE|[279]
17:42:05.0 (22676619)|HEAP_ALLOCATE|[279]|Bytes:4
17:42:05.0 (22681557)|HEAP_ALLOCATE|[EXTERNAL]|Bytes:-4
17:42:05.0 (22686426)|HEAP_ALLOCATE|[276]|Bytes:5
17:42:05.0 (22690274)|VARIABLE_SCOPE_BEGIN|[276]|key|String|false|false
17:42:05.0 (22694904)|VARIABLE_ASSIGNMENT|[276]|key|"Consulta de Saldos y (12 more) ..."
17:42:05.0 (22696750)|STATEMENT_EXECUTE|[276]
17:42:05.0 (22697959)|STATEMENT_EXECUTE|[278]
17:42:05.0 (22704085)|VARIABLE_SCOPE_BEGIN|[278]|info|Schema.RecordTypeInfo|true|false
17:42:05.0 (22731642)|VARIABLE_ASSIGNMENT|[278]|info|"common.api.soap.wsdl.RecordTypeInfo@3a09b8e5"|0x2c082657
17:42:05.0 (22735766)|STATEMENT_EXECUTE|[279]
17:42:05.0 (22739060)|HEAP_ALLOCATE|[279]|Bytes:4
17:42:05.0 (22747302)|HEAP_ALLOCATE|[EXTERNAL]|Bytes:-4
17:42:05.0 (22755461)|HEAP_ALLOCATE|[276]|Bytes:5
17:42:05.0 (22761321)|VARIABLE_SCOPE_BEGIN|[276]|key|String|false|false
17:42:05.0 (22767948)|VARIABLE_ASSIGNMENT|[276]|key|"Consulta de Seguros"
17:42:05.0 (22770686)|STATEMENT_EXECUTE|[276]
17:42:05.0 (22771670)|STATEMENT_EXECUTE|[278]
17:42:05.0 (22777671)|VARIABLE_SCOPE_BEGIN|[278]|info|Schema.RecordTypeInfo|true|false
17:42:05.0 (22804649)|VARIABLE_ASSIGNMENT|[278]|info|"common.api.soap.wsdl.RecordTypeInfo@cf799212"|0x48f7d5e2
17:42:05.0 (22808644)|STATEMENT_EXECUTE|[279]
17:42:05.0 (22813009)|HEAP_ALLOCATE|[279]|Bytes:4
17:42:05.0 (22822184)|HEAP_ALLOCATE|[EXTERNAL]|Bytes:-4
17:42:05.0 (22829584)|HEAP_ALLOCATE|[276]|Bytes:5
17:42:05.0 (22835538)|VARIABLE_SCOPE_BEGIN|[276]|key|String|false|false
17:42:05.0 (22842387)|VARIABLE_ASSIGNMENT|[276]|key|"Contrato manual"
17:42:05.0 (22845249)|STATEMENT_EXECUTE|[276]
17:42:05.0 (22846213)|STATEMENT_EXECUTE|[278]
17:42:05.0 (22852592)|VARIABLE_SCOPE_BEGIN|[278]|info|Schema.RecordTypeInfo|true|false
17:42:05.0 (22882936)|VARIABLE_ASSIGNMENT|[278]|info|"common.api.soap.wsdl.RecordTypeInfo@c7574dd9"|0x1a152644
17:42:05.0 (22887199)|STATEMENT_EXECUTE|[279]
17:42:05.0 (22890350)|HEAP_ALLOCATE|[279]|Bytes:4
17:42:05.0 (22899382)|HEAP_ALLOCATE|[EXTERNAL]|Bytes:-4
17:42:05.0 (22907147)|HEAP_ALLOCATE|[276]|Bytes:5
17:42:05.0 (22913197)|VARIABLE_SCOPE_BEGIN|[276]|key|String|false|false
17:42:05.0 (22920358)|VARIABLE_ASSIGNMENT|[276]|key|"Desbloqueo de PIN"
17:42:05.0 (22922999)|STATEMENT_EXECUTE|[276]
17:42:05.0 (22923945)|STATEMENT_EXECUTE|[278]
17:42:05.0 (22929941)|VARIABLE_SCOPE_BEGIN|[278]|info|Schema.RecordTypeInfo|true|false
17:42:05.0 (22954831)|VARIABLE_ASSIGNMENT|[278]|info|"common.api.soap.wsdl.RecordTypeInfo@30261dc8"|0x5fd67d73
17:42:05.0 (22957810)|STATEMENT_EXECUTE|[279]
17:42:05.0 (22960440)|HEAP_ALLOCATE|[279]|Bytes:4
17:42:05.0 (22968891)|HEAP_ALLOCATE|[EXTERNAL]|Bytes:-4
17:42:05.0 (22975181)|HEAP_ALLOCATE|[276]|Bytes:5
17:42:05.0 (22981670)|VARIABLE_SCOPE_BEGIN|[276]|key|String|false|false
17:42:05.0 (22986921)|VARIABLE_ASSIGNMENT|[276]|key|"Desconoce transacció (8 more) ..."
17:42:05.0 (22989305)|STATEMENT_EXECUTE|[276]
17:42:05.0 (22990041)|STATEMENT_EXECUTE|[278]
17:42:05.0 (22994441)|VARIABLE_SCOPE_BEGIN|[278]|info|Schema.RecordTypeInfo|true|false
17:42:05.0 (23013276)|VARIABLE_ASSIGNMENT|[278]|info|"common.api.soap.wsdl.RecordTypeInfo@96885c8c"|0x3201d240
17:42:05.0 (23016669)|STATEMENT_EXECUTE|[279]
17:42:05.0 (23018879)|HEAP_ALLOCATE|[279]|Bytes:4
17:42:05.0 (23024094)|HEAP_ALLOCATE|[EXTERNAL]|Bytes:-4
17:42:05.0 (23029404)|HEAP_ALLOCATE|[276]|Bytes:5
17:42:05.0 (23033314)|VARIABLE_SCOPE_BEGIN|[276]|key|String|false|false
17:42:05.0 (23037930)|VARIABLE_ASSIGNMENT|[276]|key|"Desconoce transacció (17 more) ..."
17:42:05.0 (23040123)|STATEMENT_EXECUTE|[276]
17:42:05.0 (23040848)|STATEMENT_EXECUTE|[278]
17:42:05.0 (23044813)|VARIABLE_SCOPE_BEGIN|[278]|info|Schema.RecordTypeInfo|true|false
17:42:05.0 (23062583)|VARIABLE_ASSIGNMENT|[278]|info|"common.api.soap.wsdl.RecordTypeInfo@aec1d09b"|0x44af5927
17:42:05.0 (23065288)|STATEMENT_EXECUTE|[279]
17:42:05.0 (23067230)|HEAP_ALLOCATE|[279]|Bytes:4
17:42:05.0 (23072235)|HEAP_ALLOCATE|[EXTERNAL]|Bytes:-4
17:42:05.0 (23077288)|HEAP_ALLOCATE|[276]|Bytes:5
17:42:05.0 (23081027)|VARIABLE_SCOPE_BEGIN|[276]|key|String|false|false
17:42:05.0 (23085814)|VARIABLE_ASSIGNMENT|[276]|key|"Emboce Centralizado"
17:42:05.0 (23087615)|STATEMENT_EXECUTE|[276]
17:42:05.0 (23088339)|STATEMENT_EXECUTE|[278]
17:42:05.0 (23092169)|VARIABLE_SCOPE_BEGIN|[278]|info|Schema.RecordTypeInfo|true|false
17:42:05.0 (23110903)|VARIABLE_ASSIGNMENT|[278]|info|"common.api.soap.wsdl.RecordTypeInfo@1e08cefd"|0x773b70f0
17:42:05.0 (23115631)|STATEMENT_EXECUTE|[279]
17:42:05.0 (23117888)|HEAP_ALLOCATE|[279]|Bytes:4
17:42:05.0 (23123412)|HEAP_ALLOCATE|[EXTERNAL]|Bytes:-4
17:42:05.0 (23128582)|HEAP_ALLOCATE|[276]|Bytes:5
17:42:05.0 (23132396)|VARIABLE_SCOPE_BEGIN|[276]|key|String|false|false
17:42:05.0 (23137362)|VARIABLE_ASSIGNMENT|[276]|key|"Estado de Cuenta No  (5 more) ..."
17:42:05.0 (23139261)|STATEMENT_EXECUTE|[276]
17:42:05.0 (23139994)|STATEMENT_EXECUTE|[278]
17:42:05.0 (23143876)|VARIABLE_SCOPE_BEGIN|[278]|info|Schema.RecordTypeInfo|true|false
17:42:05.0 (23161750)|VARIABLE_ASSIGNMENT|[278]|info|"common.api.soap.wsdl.RecordTypeInfo@5d8b692e"|0x1beab681
17:42:05.0 (23164327)|STATEMENT_EXECUTE|[279]
17:42:05.0 (23166353)|HEAP_ALLOCATE|[279]|Bytes:4
17:42:05.0 (23171347)|HEAP_ALLOCATE|[EXTERNAL]|Bytes:-4
17:42:05.0 (23176183)|HEAP_ALLOCATE|[276]|Bytes:5
17:42:05.0 (23179971)|VARIABLE_SCOPE_BEGIN|[276]|key|String|false|false
17:42:05.0 (23184725)|VARIABLE_ASSIGNMENT|[276]|key|"Estado de Cuenta No  (14 more) ..."
17:42:05.0 (23186531)|STATEMENT_EXECUTE|[276]
17:42:05.0 (23187282)|STATEMENT_EXECUTE|[278]
17:42:05.0 (23191241)|VARIABLE_SCOPE_BEGIN|[278]|info|Schema.RecordTypeInfo|true|false
17:42:05.0 (23209067)|VARIABLE_ASSIGNMENT|[278]|info|"common.api.soap.wsdl.RecordTypeInfo@245cdfba"|0x27c5f46e
17:42:05.0 (23211712)|STATEMENT_EXECUTE|[279]
17:42:05.0 (23213698)|HEAP_ALLOCATE|[279]|Bytes:4
17:42:05.0 (23218596)|HEAP_ALLOCATE|[EXTERNAL]|Bytes:-4
17:42:05.0 (23223289)|HEAP_ALLOCATE|[276]|Bytes:5
17:42:05.0 (23226919)|VARIABLE_SCOPE_BEGIN|[276]|key|String|false|false
17:42:05.0 (23231243)|VARIABLE_ASSIGNMENT|[276]|key|"Figital"
17:42:05.0 (23233031)|STATEMENT_EXECUTE|[276]
17:42:05.0 (23233754)|STATEMENT_EXECUTE|[278]
17:42:05.0 (23240297)|VARIABLE_SCOPE_BEGIN|[278]|info|Schema.RecordTypeInfo|true|false
17:42:05.0 (23265903)|VARIABLE_ASSIGNMENT|[278]|info|"common.api.soap.wsdl.RecordTypeInfo@7c4f98fb"|0x199de7d0
17:42:05.0 (23268708)|STATEMENT_EXECUTE|[279]
17:42:05.0 (23271100)|HEAP_ALLOCATE|[279]|Bytes:4
17:42:05.0 (23276906)|HEAP_ALLOCATE|[EXTERNAL]|Bytes:-4
17:42:05.0 (23282268)|HEAP_ALLOCATE|[276]|Bytes:5
17:42:05.0 (23286028)|VARIABLE_SCOPE_BEGIN|[276]|key|String|false|false
17:42:05.0 (23290741)|VARIABLE_ASSIGNMENT|[276]|key|"Información de Promo (6 more) ..."
17:42:05.0 (23292939)|STATEMENT_EXECUTE|[276]
17:42:05.0 (23293732)|STATEMENT_EXECUTE|[278]
17:42:05.0 (23297842)|VARIABLE_SCOPE_BEGIN|[278]|info|Schema.RecordTypeInfo|true|false
17:42:05.0 (23318831)|VARIABLE_ASSIGNMENT|[278]|info|"common.api.soap.wsdl.RecordTypeInfo@cd9eb64"|0x350db8e3
17:42:05.0 (23321709)|STATEMENT_EXECUTE|[279]
17:42:05.0 (23323826)|HEAP_ALLOCATE|[279]|Bytes:4
17:42:05.0 (23329514)|HEAP_ALLOCATE|[EXTERNAL]|Bytes:-4
17:42:05.0 (23334449)|HEAP_ALLOCATE|[276]|Bytes:5
17:42:05.0 (23338292)|VARIABLE_SCOPE_BEGIN|[276]|key|String|false|false
17:42:05.0 (23343060)|VARIABLE_ASSIGNMENT|[276]|key|"Invitación Canales D (8 more) ..."
17:42:05.0 (23345675)|STATEMENT_EXECUTE|[276]
17:42:05.0 (23346415)|STATEMENT_EXECUTE|[278]
17:42:05.0 (23350429)|VARIABLE_SCOPE_BEGIN|[278]|info|Schema.RecordTypeInfo|true|false
17:42:05.0 (23368125)|VARIABLE_ASSIGNMENT|[278]|info|"common.api.soap.wsdl.RecordTypeInfo@16f44053"|0x7b1d4e7d
17:42:05.0 (23370522)|STATEMENT_EXECUTE|[279]
17:42:05.0 (23372381)|HEAP_ALLOCATE|[279]|Bytes:4
17:42:05.0 (23377366)|HEAP_ALLOCATE|[EXTERNAL]|Bytes:-4
17:42:05.0 (23382327)|HEAP_ALLOCATE|[276]|Bytes:5
17:42:05.0 (23386184)|VARIABLE_SCOPE_BEGIN|[276]|key|String|false|false
17:42:05.0 (23390759)|VARIABLE_ASSIGNMENT|[276]|key|"Liberación de Compra (9 more) ..."
17:42:05.0 (23392938)|STATEMENT_EXECUTE|[276]
17:42:05.0 (23393689)|STATEMENT_EXECUTE|[278]
17:42:05.0 (23397925)|VARIABLE_SCOPE_BEGIN|[278]|info|Schema.RecordTypeInfo|true|false
17:42:05.0 (23415621)|VARIABLE_ASSIGNMENT|[278]|info|"common.api.soap.wsdl.RecordTypeInfo@93f08065"|0x73f3b3f4
17:42:05.0 (23418234)|STATEMENT_EXECUTE|[279]
17:42:05.0 (23420052)|HEAP_ALLOCATE|[279]|Bytes:4
17:42:05.0 (23425022)|HEAP_ALLOCATE|[EXTERNAL]|Bytes:-4
17:42:05.0 (23429856)|HEAP_ALLOCATE|[276]|Bytes:5
17:42:05.0 (23433629)|VARIABLE_SCOPE_BEGIN|[276]|key|String|false|false
17:42:05.0 (23438377)|VARIABLE_ASSIGNMENT|[276]|key|"Liberar Saldo Reteni (11 more) ..."
17:42:05.0 (23440179)|STATEMENT_EXECUTE|[276]
17:42:05.0 (23440931)|STATEMENT_EXECUTE|[278]
17:42:05.0 (23445047)|VARIABLE_SCOPE_BEGIN|[278]|info|Schema.RecordTypeInfo|true|false
17:42:05.0 (23462169)|VARIABLE_ASSIGNMENT|[278]|info|"common.api.soap.wsdl.RecordTypeInfo@c5ec1a81"|0x526793d
17:42:05.0 (23464735)|STATEMENT_EXECUTE|[279]
17:42:05.0 (23466601)|HEAP_ALLOCATE|[279]|Bytes:4
17:42:05.0 (23471483)|HEAP_ALLOCATE|[EXTERNAL]|Bytes:-4
17:42:05.0 (23476313)|HEAP_ALLOCATE|[276]|Bytes:5
17:42:05.0 (23480062)|VARIABLE_SCOPE_BEGIN|[276]|key|String|false|false
17:42:05.0 (23484932)|VARIABLE_ASSIGNMENT|[276]|key|"Liberar saldo reteni (2 more) ..."
17:42:05.0 (23486740)|STATEMENT_EXECUTE|[276]
17:42:05.0 (23487500)|STATEMENT_EXECUTE|[278]
17:42:05.0 (23491468)|VARIABLE_SCOPE_BEGIN|[278]|info|Schema.RecordTypeInfo|true|false
17:42:05.0 (23508524)|VARIABLE_ASSIGNMENT|[278]|info|"common.api.soap.wsdl.RecordTypeInfo@a1b19da2"|0x5d3413da
17:42:05.0 (23511009)|STATEMENT_EXECUTE|[279]
17:42:05.0 (23512807)|HEAP_ALLOCATE|[279]|Bytes:4
17:42:05.0 (23517652)|HEAP_ALLOCATE|[EXTERNAL]|Bytes:-4
17:42:05.0 (23522442)|HEAP_ALLOCATE|[276]|Bytes:5
17:42:05.0 (23526160)|VARIABLE_SCOPE_BEGIN|[276]|key|String|false|false
17:42:05.0 (23530789)|VARIABLE_ASSIGNMENT|[276]|key|"Mal proceso de cobro"
17:42:05.0 (23532594)|STATEMENT_EXECUTE|[276]
17:42:05.0 (23533333)|STATEMENT_EXECUTE|[278]
17:42:05.0 (23538925)|VARIABLE_SCOPE_BEGIN|[278]|info|Schema.RecordTypeInfo|true|false
17:42:05.0 (23559235)|VARIABLE_ASSIGNMENT|[278]|info|"common.api.soap.wsdl.RecordTypeInfo@41b8e3ba"|0x4c4bc0a7
17:42:05.0 (23561933)|STATEMENT_EXECUTE|[279]
17:42:05.0 (23564112)|HEAP_ALLOCATE|[279]|Bytes:4
17:42:05.0 (23569464)|HEAP_ALLOCATE|[EXTERNAL]|Bytes:-4
17:42:05.0 (23574430)|HEAP_ALLOCATE|[276]|Bytes:5
17:42:05.0 (23578234)|VARIABLE_SCOPE_BEGIN|[276]|key|String|false|false
17:42:05.0 (23582916)|VARIABLE_ASSIGNMENT|[276]|key|"Notificación Publici (3 more) ..."
17:42:05.0 (23584992)|STATEMENT_EXECUTE|[276]
17:42:05.0 (23585720)|STATEMENT_EXECUTE|[278]
17:42:05.0 (23589725)|VARIABLE_SCOPE_BEGIN|[278]|info|Schema.RecordTypeInfo|true|false
17:42:05.0 (23607281)|VARIABLE_ASSIGNMENT|[278]|info|"common.api.soap.wsdl.RecordTypeInfo@4196691a"|0x22c9a6c9
17:42:05.0 (23609891)|STATEMENT_EXECUTE|[279]
17:42:05.0 (23611811)|HEAP_ALLOCATE|[279]|Bytes:4
17:42:05.0 (23616859)|HEAP_ALLOCATE|[EXTERNAL]|Bytes:-4
17:42:05.0 (23621668)|HEAP_ALLOCATE|[276]|Bytes:5
17:42:05.0 (23625302)|VARIABLE_SCOPE_BEGIN|[276]|key|String|false|false
17:42:05.0 (23629612)|VARIABLE_ASSIGNMENT|[276]|key|"Pago No Aplicado"
17:42:05.0 (23631398)|STATEMENT_EXECUTE|[276]
17:42:05.0 (23632142)|STATEMENT_EXECUTE|[278]
17:42:05.0 (23636183)|VARIABLE_SCOPE_BEGIN|[278]|info|Schema.RecordTypeInfo|true|false
17:42:05.0 (23657216)|VARIABLE_ASSIGNMENT|[278]|info|"common.api.soap.wsdl.RecordTypeInfo@6663c20"|0x1410dc3c
17:42:05.0 (23661126)|STATEMENT_EXECUTE|[279]
17:42:05.0 (23664448)|HEAP_ALLOCATE|[279]|Bytes:4
17:42:05.0 (23672588)|HEAP_ALLOCATE|[EXTERNAL]|Bytes:-4
17:42:05.0 (23679301)|HEAP_ALLOCATE|[276]|Bytes:5
17:42:05.0 (23683105)|VARIABLE_SCOPE_BEGIN|[276]|key|String|false|false
17:42:05.0 (23688315)|VARIABLE_ASSIGNMENT|[276]|key|"Pago No Aplicado (Mó (5 more) ..."
17:42:05.0 (23690566)|STATEMENT_EXECUTE|[276]
17:42:05.0 (23691304)|STATEMENT_EXECUTE|[278]
17:42:05.0 (23695240)|VARIABLE_SCOPE_BEGIN|[278]|info|Schema.RecordTypeInfo|true|false
17:42:05.0 (23713723)|VARIABLE_ASSIGNMENT|[278]|info|"common.api.soap.wsdl.RecordTypeInfo@8334e7ee"|0x69c7b7a7
17:42:05.0 (23716372)|STATEMENT_EXECUTE|[279]
17:42:05.0 (23718384)|HEAP_ALLOCATE|[279]|Bytes:4
17:42:05.0 (23723509)|HEAP_ALLOCATE|[EXTERNAL]|Bytes:-4
17:42:05.0 (23728806)|HEAP_ALLOCATE|[276]|Bytes:5
17:42:05.0 (23732563)|VARIABLE_SCOPE_BEGIN|[276]|key|String|false|false
17:42:05.0 (23737124)|VARIABLE_ASSIGNMENT|[276]|key|"Plan de Pagos"
17:42:05.0 (23738895)|STATEMENT_EXECUTE|[276]
17:42:05.0 (23739633)|STATEMENT_EXECUTE|[278]
17:42:05.0 (23743460)|VARIABLE_SCOPE_BEGIN|[278]|info|Schema.RecordTypeInfo|true|false
17:42:05.0 (23760489)|VARIABLE_ASSIGNMENT|[278]|info|"common.api.soap.wsdl.RecordTypeInfo@153377c6"|0x7b1b0cc0
17:42:05.0 (23763096)|STATEMENT_EXECUTE|[279]
17:42:05.0 (23765007)|HEAP_ALLOCATE|[279]|Bytes:4
17:42:05.0 (23770339)|HEAP_ALLOCATE|[EXTERNAL]|Bytes:-4
17:42:05.0 (23775252)|HEAP_ALLOCATE|[276]|Bytes:5
17:42:05.0 (23779020)|VARIABLE_SCOPE_BEGIN|[276]|key|String|false|false
17:42:05.0 (23783503)|VARIABLE_ASSIGNMENT|[276]|key|"Promoción no Aplicad (1 more) ..."
17:42:05.0 (23785660)|STATEMENT_EXECUTE|[276]
17:42:05.0 (23786383)|STATEMENT_EXECUTE|[278]
17:42:05.0 (23790285)|VARIABLE_SCOPE_BEGIN|[278]|info|Schema.RecordTypeInfo|true|false
17:42:05.0 (23807581)|VARIABLE_ASSIGNMENT|[278]|info|"common.api.soap.wsdl.RecordTypeInfo@48530913"|0x148b0284
17:42:05.0 (23810046)|STATEMENT_EXECUTE|[279]
17:42:05.0 (23811975)|HEAP_ALLOCATE|[279]|Bytes:4
17:42:05.0 (23816915)|HEAP_ALLOCATE|[EXTERNAL]|Bytes:-4
17:42:05.0 (23821683)|HEAP_ALLOCATE|[276]|Bytes:5
17:42:05.0 (23825304)|VARIABLE_SCOPE_BEGIN|[276]|key|String|false|false
17:42:05.0 (23829968)|VARIABLE_ASSIGNMENT|[276]|key|"Promoción no Aplicad (10 more) ..."
17:42:05.0 (23832285)|STATEMENT_EXECUTE|[276]
17:42:05.0 (23833015)|STATEMENT_EXECUTE|[278]
17:42:05.0 (23837203)|VARIABLE_SCOPE_BEGIN|[278]|info|Schema.RecordTypeInfo|true|false
17:42:05.0 (23854397)|VARIABLE_ASSIGNMENT|[278]|info|"common.api.soap.wsdl.RecordTypeInfo@54ed86c2"|0x6e8dd15
17:42:05.0 (23856851)|STATEMENT_EXECUTE|[279]
17:42:05.0 (23858655)|HEAP_ALLOCATE|[279]|Bytes:4
17:42:05.0 (23863716)|HEAP_ALLOCATE|[EXTERNAL]|Bytes:-4
17:42:05.0 (23868570)|HEAP_ALLOCATE|[276]|Bytes:5
17:42:05.0 (23872265)|VARIABLE_SCOPE_BEGIN|[276]|key|String|false|false
17:42:05.0 (23876669)|VARIABLE_ASSIGNMENT|[276]|key|"Préstamo Personal"
17:42:05.0 (23878856)|STATEMENT_EXECUTE|[276]
17:42:05.0 (23879587)|STATEMENT_EXECUTE|[278]
17:42:05.0 (23883533)|VARIABLE_SCOPE_BEGIN|[278]|info|Schema.RecordTypeInfo|true|false
17:42:05.0 (23900343)|VARIABLE_ASSIGNMENT|[278]|info|"common.api.soap.wsdl.RecordTypeInfo@e847229"|0x52c628e0
17:42:05.0 (23902871)|STATEMENT_EXECUTE|[279]
17:42:05.0 (23904718)|HEAP_ALLOCATE|[279]|Bytes:4
17:42:05.0 (23909796)|HEAP_ALLOCATE|[EXTERNAL]|Bytes:-4
17:42:05.0 (23914579)|HEAP_ALLOCATE|[276]|Bytes:5
17:42:05.0 (23918249)|VARIABLE_SCOPE_BEGIN|[276]|key|String|false|false
17:42:05.0 (23922250)|VARIABLE_ASSIGNMENT|[276]|key|"QR"
17:42:05.0 (23924031)|STATEMENT_EXECUTE|[276]
17:42:05.0 (23924760)|STATEMENT_EXECUTE|[278]
17:42:05.0 (23928697)|VARIABLE_SCOPE_BEGIN|[278]|info|Schema.RecordTypeInfo|true|false
17:42:05.0 (23946024)|VARIABLE_ASSIGNMENT|[278]|info|"common.api.soap.wsdl.RecordTypeInfo@a3ca910f"|0x71985374
17:42:05.0 (23948591)|STATEMENT_EXECUTE|[279]
17:42:05.0 (23950400)|HEAP_ALLOCATE|[279]|Bytes:4
17:42:05.0 (23955371)|HEAP_ALLOCATE|[EXTERNAL]|Bytes:-4
17:42:05.0 (23962019)|HEAP_ALLOCATE|[276]|Bytes:5
17:42:05.0 (23968044)|VARIABLE_SCOPE_BEGIN|[276]|key|String|false|false
17:42:05.0 (23975249)|VARIABLE_ASSIGNMENT|[276]|key|"Quejas y Sugerencias"
17:42:05.0 (23977926)|STATEMENT_EXECUTE|[276]
17:42:05.0 (23978873)|STATEMENT_EXECUTE|[278]
17:42:05.0 (23984720)|VARIABLE_SCOPE_BEGIN|[278]|info|Schema.RecordTypeInfo|true|false
17:42:05.0 (24014115)|VARIABLE_ASSIGNMENT|[278]|info|"common.api.soap.wsdl.RecordTypeInfo@990e8655"|0x3dcbe0e1
17:42:05.0 (24019336)|STATEMENT_EXECUTE|[279]
17:42:05.0 (24022670)|HEAP_ALLOCATE|[279]|Bytes:4
17:42:05.0 (24031072)|HEAP_ALLOCATE|[EXTERNAL]|Bytes:-4
17:42:05.0 (24039299)|HEAP_ALLOCATE|[276]|Bytes:5
17:42:05.0 (24045353)|VARIABLE_SCOPE_BEGIN|[276]|key|String|false|false
17:42:05.0 (24052447)|VARIABLE_ASSIGNMENT|[276]|key|"Quejas y/o Sugerenci (11 more) ..."
17:42:05.0 (24055307)|STATEMENT_EXECUTE|[276]
17:42:05.0 (24056213)|STATEMENT_EXECUTE|[278]
17:42:05.0 (24062530)|VARIABLE_SCOPE_BEGIN|[278]|info|Schema.RecordTypeInfo|true|false
17:42:05.0 (24083138)|VARIABLE_ASSIGNMENT|[278]|info|"common.api.soap.wsdl.RecordTypeInfo@c16a1b67"|0x7d8b8238
17:42:05.0 (24085827)|STATEMENT_EXECUTE|[279]
17:42:05.0 (24088177)|HEAP_ALLOCATE|[279]|Bytes:4
17:42:05.0 (24094037)|HEAP_ALLOCATE|[EXTERNAL]|Bytes:-4
17:42:05.0 (24099433)|HEAP_ALLOCATE|[276]|Bytes:5
17:42:05.0 (24103253)|VARIABLE_SCOPE_BEGIN|[276]|key|String|false|false
17:42:05.0 (24107332)|VARIABLE_ASSIGNMENT|[276]|key|"Quita"
17:42:05.0 (24109174)|STATEMENT_EXECUTE|[276]
17:42:05.0 (24109907)|STATEMENT_EXECUTE|[278]
17:42:05.0 (24114064)|VARIABLE_SCOPE_BEGIN|[278]|info|Schema.RecordTypeInfo|true|false
17:42:05.0 (24131442)|VARIABLE_ASSIGNMENT|[278]|info|"common.api.soap.wsdl.RecordTypeInfo@537d4e99"|0x1e693441
17:42:05.0 (24133972)|STATEMENT_EXECUTE|[279]
17:42:05.0 (24135882)|HEAP_ALLOCATE|[279]|Bytes:4
17:42:05.0 (24140979)|HEAP_ALLOCATE|[EXTERNAL]|Bytes:-4
17:42:05.0 (24146094)|HEAP_ALLOCATE|[276]|Bytes:5
17:42:05.0 (24149952)|VARIABLE_SCOPE_BEGIN|[276]|key|String|false|false
17:42:05.0 (24153995)|VARIABLE_ASSIGNMENT|[276]|key|"REDECO"
17:42:05.0 (24155751)|STATEMENT_EXECUTE|[276]
17:42:05.0 (24156496)|STATEMENT_EXECUTE|[278]
17:42:05.0 (24160428)|VARIABLE_SCOPE_BEGIN|[278]|info|Schema.RecordTypeInfo|true|false
17:42:05.0 (24177943)|VARIABLE_ASSIGNMENT|[278]|info|"common.api.soap.wsdl.RecordTypeInfo@21ba273d"|0x2dd9d70b
17:42:05.0 (24180591)|STATEMENT_EXECUTE|[279]
17:42:05.0 (24182547)|HEAP_ALLOCATE|[279]|Bytes:4
17:42:05.0 (24187695)|HEAP_ALLOCATE|[EXTERNAL]|Bytes:-4
17:42:05.0 (24192705)|HEAP_ALLOCATE|[276]|Bytes:5
17:42:05.0 (24196415)|VARIABLE_SCOPE_BEGIN|[276]|key|String|false|false
17:42:05.0 (24200889)|VARIABLE_ASSIGNMENT|[276]|key|"Reenvío de Estado de (7 more) ..."
17:42:05.0 (24203067)|STATEMENT_EXECUTE|[276]
17:42:05.0 (24203811)|STATEMENT_EXECUTE|[278]
17:42:05.0 (24207924)|VARIABLE_SCOPE_BEGIN|[278]|info|Schema.RecordTypeInfo|true|false
17:42:05.0 (24227404)|VARIABLE_ASSIGNMENT|[278]|info|"common.api.soap.wsdl.RecordTypeInfo@2f4fb732"|0x4ff7f6b9
17:42:05.0 (24231495)|STATEMENT_EXECUTE|[279]
17:42:05.0 (24234672)|HEAP_ALLOCATE|[279]|Bytes:4
17:42:05.0 (24240687)|HEAP_ALLOCATE|[EXTERNAL]|Bytes:-4
17:42:05.0 (24245602)|HEAP_ALLOCATE|[276]|Bytes:5
17:42:05.0 (24249445)|VARIABLE_SCOPE_BEGIN|[276]|key|String|false|false
17:42:05.0 (24253972)|VARIABLE_ASSIGNMENT|[276]|key|"Reestructura"
17:42:05.0 (24255872)|STATEMENT_EXECUTE|[276]
17:42:05.0 (24256594)|STATEMENT_EXECUTE|[278]
17:42:05.0 (24260728)|VARIABLE_SCOPE_BEGIN|[278]|info|Schema.RecordTypeInfo|true|false
17:42:05.0 (24279471)|VARIABLE_ASSIGNMENT|[278]|info|"common.api.soap.wsdl.RecordTypeInfo@f96295ed"|0x6ecc373d
17:42:05.0 (24283459)|STATEMENT_EXECUTE|[279]
17:42:05.0 (24286783)|HEAP_ALLOCATE|[279]|Bytes:4
17:42:05.0 (24292530)|HEAP_ALLOCATE|[EXTERNAL]|Bytes:-4
17:42:05.0 (24297575)|HEAP_ALLOCATE|[276]|Bytes:5
17:42:05.0 (24302643)|VARIABLE_SCOPE_BEGIN|[276]|key|String|false|false
17:42:05.0 (24309148)|VARIABLE_ASSIGNMENT|[276]|key|"Remisión"
17:42:05.0 (24311510)|STATEMENT_EXECUTE|[276]
17:42:05.0 (24312248)|STATEMENT_EXECUTE|[278]
17:42:05.0 (24316526)|VARIABLE_SCOPE_BEGIN|[278]|info|Schema.RecordTypeInfo|true|false
17:42:05.0 (24334868)|VARIABLE_ASSIGNMENT|[278]|info|"common.api.soap.wsdl.RecordTypeInfo@e1e2d95d"|0x39d0cd99
17:42:05.0 (24337669)|STATEMENT_EXECUTE|[279]
17:42:05.0 (24339710)|HEAP_ALLOCATE|[279]|Bytes:4
17:42:05.0 (24344764)|HEAP_ALLOCATE|[EXTERNAL]|Bytes:-4
17:42:05.0 (24349960)|HEAP_ALLOCATE|[276]|Bytes:5
17:42:05.0 (24353800)|VARIABLE_SCOPE_BEGIN|[276]|key|String|false|false
17:42:05.0 (24358217)|VARIABLE_ASSIGNMENT|[276]|key|"Renegociación"
17:42:05.0 (24360397)|STATEMENT_EXECUTE|[276]
17:42:05.0 (24361152)|STATEMENT_EXECUTE|[278]
17:42:05.0 (24365047)|VARIABLE_SCOPE_BEGIN|[278]|info|Schema.RecordTypeInfo|true|false
17:42:05.0 (24382533)|VARIABLE_ASSIGNMENT|[278]|info|"common.api.soap.wsdl.RecordTypeInfo@23cd8d41"|0x5a523427
17:42:05.0 (24386539)|STATEMENT_EXECUTE|[279]
17:42:05.0 (24389749)|HEAP_ALLOCATE|[279]|Bytes:4
17:42:05.0 (24395355)|HEAP_ALLOCATE|[EXTERNAL]|Bytes:-4
17:42:05.0 (24400432)|HEAP_ALLOCATE|[276]|Bytes:5
17:42:05.0 (24404337)|VARIABLE_SCOPE_BEGIN|[276]|key|String|false|false
17:42:05.0 (24409190)|VARIABLE_ASSIGNMENT|[276]|key|"Reporte por Deterior (1 more) ..."
17:42:05.0 (24411055)|STATEMENT_EXECUTE|[276]
17:42:05.0 (24411793)|STATEMENT_EXECUTE|[278]
17:42:05.0 (24415816)|VARIABLE_SCOPE_BEGIN|[278]|info|Schema.RecordTypeInfo|true|false
17:42:05.0 (24433929)|VARIABLE_ASSIGNMENT|[278]|info|"common.api.soap.wsdl.RecordTypeInfo@d6e6859d"|0x2a6043ea
17:42:05.0 (24436713)|STATEMENT_EXECUTE|[279]
17:42:05.0 (24438787)|HEAP_ALLOCATE|[279]|Bytes:4
17:42:05.0 (24443843)|HEAP_ALLOCATE|[EXTERNAL]|Bytes:-4
17:42:05.0 (24448787)|HEAP_ALLOCATE|[276]|Bytes:5
17:42:05.0 (24452561)|VARIABLE_SCOPE_BEGIN|[276]|key|String|false|false
17:42:05.0 (24457412)|VARIABLE_ASSIGNMENT|[276]|key|"Reporte por Retenció (8 more) ..."
17:42:05.0 (24472800)|STATEMENT_EXECUTE|[276]
17:42:05.0 (24473582)|STATEMENT_EXECUTE|[278]
17:42:05.0 (24478632)|VARIABLE_SCOPE_BEGIN|[278]|info|Schema.RecordTypeInfo|true|false
17:42:05.0 (24500898)|VARIABLE_ASSIGNMENT|[278]|info|"common.api.soap.wsdl.RecordTypeInfo@e985f6a7"|0x251aec44
17:42:05.0 (24503803)|STATEMENT_EXECUTE|[279]
17:42:05.0 (24506323)|HEAP_ALLOCATE|[279]|Bytes:4
17:42:05.0 (24512286)|HEAP_ALLOCATE|[EXTERNAL]|Bytes:-4
17:42:05.0 (24517696)|HEAP_ALLOCATE|[276]|Bytes:5
17:42:05.0 (24521695)|VARIABLE_SCOPE_BEGIN|[276]|key|String|false|false
17:42:05.0 (24526409)|VARIABLE_ASSIGNMENT|[276]|key|"Reporte por Robo o E (7 more) ..."
17:42:05.0 (24528441)|STATEMENT_EXECUTE|[276]
17:42:05.0 (24529688)|STATEMENT_EXECUTE|[278]
17:42:05.0 (24536456)|VARIABLE_SCOPE_BEGIN|[278]|info|Schema.RecordTypeInfo|true|false
17:42:05.0 (24554274)|VARIABLE_ASSIGNMENT|[278]|info|"common.api.soap.wsdl.RecordTypeInfo@ed6b1696"|0x1a99517b
17:42:05.0 (24556989)|STATEMENT_EXECUTE|[279]
17:42:05.0 (24559187)|HEAP_ALLOCATE|[279]|Bytes:4
17:42:05.0 (24565634)|HEAP_ALLOCATE|[EXTERNAL]|Bytes:-4
17:42:05.0 (24572784)|HEAP_ALLOCATE|[276]|Bytes:5
17:42:05.0 (24578634)|VARIABLE_SCOPE_BEGIN|[276]|key|String|false|false
17:42:05.0 (24585337)|VARIABLE_ASSIGNMENT|[276]|key|"Reposición"
17:42:05.0 (24588691)|STATEMENT_EXECUTE|[276]
17:42:05.0 (24589896)|STATEMENT_EXECUTE|[278]
17:42:05.0 (24596406)|VARIABLE_SCOPE_BEGIN|[278]|info|Schema.RecordTypeInfo|true|false
17:42:05.0 (24623246)|VARIABLE_ASSIGNMENT|[278]|info|"common.api.soap.wsdl.RecordTypeInfo@bc60712d"|0x51a1ad03
17:42:05.0 (24627940)|STATEMENT_EXECUTE|[279]
17:42:05.0 (24631470)|HEAP_ALLOCATE|[279]|Bytes:4
17:42:05.0 (24639631)|HEAP_ALLOCATE|[EXTERNAL]|Bytes:-4
17:42:05.0 (24647629)|HEAP_ALLOCATE|[276]|Bytes:5
17:42:05.0 (24653432)|VARIABLE_SCOPE_BEGIN|[276]|key|String|false|false
17:42:05.0 (24659942)|VARIABLE_ASSIGNMENT|[276]|key|"Retención de Titular"
17:42:05.0 (24663030)|STATEMENT_EXECUTE|[276]
17:42:05.0 (24664103)|STATEMENT_EXECUTE|[278]
17:42:05.0 (24671028)|VARIABLE_SCOPE_BEGIN|[278]|info|Schema.RecordTypeInfo|true|false
17:42:05.0 (24698172)|VARIABLE_ASSIGNMENT|[278]|info|"common.api.soap.wsdl.RecordTypeInfo@a96fa95b"|0x79f6dbce
17:42:05.0 (24702353)|STATEMENT_EXECUTE|[279]
17:42:05.0 (24705689)|HEAP_ALLOCATE|[279]|Bytes:4
17:42:05.0 (24715052)|HEAP_ALLOCATE|[EXTERNAL]|Bytes:-4
17:42:05.0 (24723324)|HEAP_ALLOCATE|[276]|Bytes:5
17:42:05.0 (24727716)|VARIABLE_SCOPE_BEGIN|[276]|key|String|false|false
17:42:05.0 (24732789)|VARIABLE_ASSIGNMENT|[276]|key|"Retiro de Efectivo e (14 more) ..."
17:42:05.0 (24734642)|STATEMENT_EXECUTE|[276]
17:42:05.0 (24735370)|STATEMENT_EXECUTE|[278]
17:42:05.0 (24739778)|VARIABLE_SCOPE_BEGIN|[278]|info|Schema.RecordTypeInfo|true|false
17:42:05.0 (24759271)|VARIABLE_ASSIGNMENT|[278]|info|"common.api.soap.wsdl.RecordTypeInfo@91248e51"|0xb7c7078
17:42:05.0 (24761962)|STATEMENT_EXECUTE|[279]
17:42:05.0 (24764114)|HEAP_ALLOCATE|[279]|Bytes:4
17:42:05.0 (24769745)|HEAP_ALLOCATE|[EXTERNAL]|Bytes:-4
17:42:05.0 (24774980)|HEAP_ALLOCATE|[276]|Bytes:5
17:42:05.0 (24778647)|VARIABLE_SCOPE_BEGIN|[276]|key|String|false|false
17:42:05.0 (24783404)|VARIABLE_ASSIGNMENT|[276]|key|"Retiro de efectivo e (5 more) ..."
17:42:05.0 (24785204)|STATEMENT_EXECUTE|[276]
17:42:05.0 (24785953)|STATEMENT_EXECUTE|[278]
17:42:05.0 (24789947)|VARIABLE_SCOPE_BEGIN|[278]|info|Schema.RecordTypeInfo|true|false
17:42:05.0 (24807880)|VARIABLE_ASSIGNMENT|[278]|info|"common.api.soap.wsdl.RecordTypeInfo@20767856"|0x5bbeeae5
17:42:05.0 (24810399)|STATEMENT_EXECUTE|[279]
17:42:05.0 (24812435)|HEAP_ALLOCATE|[279]|Bytes:4
17:42:05.0 (24817656)|HEAP_ALLOCATE|[EXTERNAL]|Bytes:-4
17:42:05.0 (24822576)|HEAP_ALLOCATE|[276]|Bytes:5
17:42:05.0 (24826430)|VARIABLE_SCOPE_BEGIN|[276]|key|String|false|false
17:42:05.0 (24830871)|VARIABLE_ASSIGNMENT|[276]|key|"Retorno de Tarjeta"
17:42:05.0 (24832692)|STATEMENT_EXECUTE|[276]
17:42:05.0 (24833436)|STATEMENT_EXECUTE|[278]
17:42:05.0 (24837522)|VARIABLE_SCOPE_BEGIN|[278]|info|Schema.RecordTypeInfo|true|false
17:42:05.0 (24854889)|VARIABLE_ASSIGNMENT|[278]|info|"common.api.soap.wsdl.RecordTypeInfo@6bda56db"|0x7ab8d24
17:42:05.0 (24857387)|STATEMENT_EXECUTE|[279]
17:42:05.0 (24859392)|HEAP_ALLOCATE|[279]|Bytes:4
17:42:05.0 (24864269)|HEAP_ALLOCATE|[EXTERNAL]|Bytes:-4
17:42:05.0 (24868984)|HEAP_ALLOCATE|[276]|Bytes:5
17:42:05.0 (24872741)|VARIABLE_SCOPE_BEGIN|[276]|key|String|false|false
17:42:05.0 (24876972)|VARIABLE_ASSIGNMENT|[276]|key|"Reversa de Anualidad"
17:42:05.0 (24878772)|STATEMENT_EXECUTE|[276]
17:42:05.0 (24879522)|STATEMENT_EXECUTE|[278]
17:42:05.0 (24883617)|VARIABLE_SCOPE_BEGIN|[278]|info|Schema.RecordTypeInfo|true|false
17:42:05.0 (24900976)|VARIABLE_ASSIGNMENT|[278]|info|"common.api.soap.wsdl.RecordTypeInfo@95e3f3eb"|0x48cc0eb4
17:42:05.0 (24903649)|STATEMENT_EXECUTE|[279]
17:42:05.0 (24905597)|HEAP_ALLOCATE|[279]|Bytes:4
17:42:05.0 (24910934)|HEAP_ALLOCATE|[EXTERNAL]|Bytes:-4
17:42:05.0 (24915748)|HEAP_ALLOCATE|[276]|Bytes:5
17:42:05.0 (24919358)|VARIABLE_SCOPE_BEGIN|[276]|key|String|false|false
17:42:05.0 (24923942)|VARIABLE_ASSIGNMENT|[276]|key|"Reversa de Anualidad (9 more) ..."
17:42:05.0 (24925803)|STATEMENT_EXECUTE|[276]
17:42:05.0 (24926543)|STATEMENT_EXECUTE|[278]
17:42:05.0 (24930586)|VARIABLE_SCOPE_BEGIN|[278]|info|Schema.RecordTypeInfo|true|false
17:42:05.0 (24948066)|VARIABLE_ASSIGNMENT|[278]|info|"common.api.soap.wsdl.RecordTypeInfo@a08d19ba"|0x20db4865
17:42:05.0 (24950606)|STATEMENT_EXECUTE|[279]
17:42:05.0 (24952592)|HEAP_ALLOCATE|[279]|Bytes:4
17:42:05.0 (24957530)|HEAP_ALLOCATE|[EXTERNAL]|Bytes:-4
17:42:05.0 (24962308)|HEAP_ALLOCATE|[276]|Bytes:5
17:42:05.0 (24965928)|VARIABLE_SCOPE_BEGIN|[276]|key|String|false|false
17:42:05.0 (24970040)|VARIABLE_ASSIGNMENT|[276]|key|"Reversa de Comisión"
17:42:05.0 (24972278)|STATEMENT_EXECUTE|[276]
17:42:05.0 (24973008)|STATEMENT_EXECUTE|[278]
17:42:05.0 (24976857)|VARIABLE_SCOPE_BEGIN|[278]|info|Schema.RecordTypeInfo|true|false
17:42:05.0 (24994208)|VARIABLE_ASSIGNMENT|[278]|info|"common.api.soap.wsdl.RecordTypeInfo@c12cbb8e"|0xc1e7759
17:42:05.0 (24996753)|STATEMENT_EXECUTE|[279]
17:42:05.0 (24998735)|HEAP_ALLOCATE|[279]|Bytes:4
17:42:05.0 (25003788)|HEAP_ALLOCATE|[EXTERNAL]|Bytes:-4
17:42:05.0 (25009230)|HEAP_ALLOCATE|[276]|Bytes:5
17:42:05.0 (25013043)|VARIABLE_SCOPE_BEGIN|[276]|key|String|false|false
17:42:05.0 (25017511)|VARIABLE_ASSIGNMENT|[276]|key|"Reversa de Comisión  (8 more) ..."
17:42:05.0 (25019636)|STATEMENT_EXECUTE|[276]
17:42:05.0 (25020356)|STATEMENT_EXECUTE|[278]
17:42:05.0 (25024426)|VARIABLE_SCOPE_BEGIN|[278]|info|Schema.RecordTypeInfo|true|false
17:42:05.0 (25041521)|VARIABLE_ASSIGNMENT|[278]|info|"common.api.soap.wsdl.RecordTypeInfo@af5255b"|0x57870953
17:42:05.0 (25044171)|STATEMENT_EXECUTE|[279]
17:42:05.0 (25046126)|HEAP_ALLOCATE|[279]|Bytes:4
17:42:05.0 (25051303)|HEAP_ALLOCATE|[EXTERNAL]|Bytes:-4
17:42:05.0 (25056218)|HEAP_ALLOCATE|[276]|Bytes:5
17:42:05.0 (25059896)|VARIABLE_SCOPE_BEGIN|[276]|key|String|false|false
17:42:05.0 (25064208)|VARIABLE_ASSIGNMENT|[276]|key|"Riesgos/Originación"
17:42:05.0 (25066282)|STATEMENT_EXECUTE|[276]
17:42:05.0 (25067007)|STATEMENT_EXECUTE|[278]
17:42:05.0 (25070801)|VARIABLE_SCOPE_BEGIN|[278]|info|Schema.RecordTypeInfo|true|false
17:42:05.0 (25104661)|VARIABLE_ASSIGNMENT|[278]|info|"common.api.soap.wsdl.RecordTypeInfo@b4223aba"|0x7f1604b9
17:42:05.0 (25107386)|STATEMENT_EXECUTE|[279]
17:42:05.0 (25109433)|HEAP_ALLOCATE|[279]|Bytes:4
17:42:05.0 (25114708)|HEAP_ALLOCATE|[EXTERNAL]|Bytes:-4
17:42:05.0 (25119794)|HEAP_ALLOCATE|[276]|Bytes:5
17:42:05.0 (25123508)|VARIABLE_SCOPE_BEGIN|[276]|key|String|false|false
17:42:05.0 (25127651)|VARIABLE_ASSIGNMENT|[276]|key|"Saldo a Favor"
17:42:05.0 (25130763)|STATEMENT_EXECUTE|[276]
17:42:05.0 (25131949)|STATEMENT_EXECUTE|[278]
17:42:05.0 (25138510)|VARIABLE_SCOPE_BEGIN|[278]|info|Schema.RecordTypeInfo|true|false
17:42:05.0 (25165766)|VARIABLE_ASSIGNMENT|[278]|info|"common.api.soap.wsdl.RecordTypeInfo@3723677e"|0x5f4e35e
17:42:05.0 (25170156)|STATEMENT_EXECUTE|[279]
17:42:05.0 (25173512)|HEAP_ALLOCATE|[279]|Bytes:4
17:42:05.0 (25181806)|HEAP_ALLOCATE|[EXTERNAL]|Bytes:-4
17:42:05.0 (25189625)|HEAP_ALLOCATE|[276]|Bytes:5
17:42:05.0 (25195515)|VARIABLE_SCOPE_BEGIN|[276]|key|String|false|false
17:42:05.0 (25202714)|VARIABLE_ASSIGNMENT|[276]|key|"Seguimiento a Folios"
17:42:05.0 (25205469)|STATEMENT_EXECUTE|[276]
17:42:05.0 (25206510)|STATEMENT_EXECUTE|[278]
17:42:05.0 (25213454)|VARIABLE_SCOPE_BEGIN|[278]|info|Schema.RecordTypeInfo|true|false
17:42:05.0 (25236956)|VARIABLE_ASSIGNMENT|[278]|info|"common.api.soap.wsdl.RecordTypeInfo@eb3cbf33"|0x7a2fe806
17:42:05.0 (25239753)|STATEMENT_EXECUTE|[279]
17:42:05.0 (25242196)|HEAP_ALLOCATE|[279]|Bytes:4
17:42:05.0 (25247943)|HEAP_ALLOCATE|[EXTERNAL]|Bytes:-4
17:42:05.0 (25253398)|HEAP_ALLOCATE|[276]|Bytes:5
17:42:05.0 (25257439)|VARIABLE_SCOPE_BEGIN|[276]|key|String|false|false
17:42:05.0 (25262231)|VARIABLE_ASSIGNMENT|[276]|key|"Solicitud de Contrat (1 more) ..."
17:42:05.0 (25264222)|STATEMENT_EXECUTE|[276]
17:42:05.0 (25264947)|STATEMENT_EXECUTE|[278]
17:42:05.0 (25269472)|VARIABLE_SCOPE_BEGIN|[278]|info|Schema.RecordTypeInfo|true|false
17:42:05.0 (25287600)|VARIABLE_ASSIGNMENT|[278]|info|"common.api.soap.wsdl.RecordTypeInfo@7488117c"|0x150dab81
17:42:05.0 (25290232)|STATEMENT_EXECUTE|[279]
17:42:05.0 (25292213)|HEAP_ALLOCATE|[279]|Bytes:4
17:42:05.0 (25297912)|HEAP_ALLOCATE|[EXTERNAL]|Bytes:-4
17:42:05.0 (25302880)|HEAP_ALLOCATE|[276]|Bytes:5
17:42:05.0 (25306559)|VARIABLE_SCOPE_BEGIN|[276]|key|String|false|false
17:42:05.0 (25311104)|VARIABLE_ASSIGNMENT|[276]|key|"Soporte a Módulo"
17:42:05.0 (25313403)|STATEMENT_EXECUTE|[276]
17:42:05.0 (25314146)|STATEMENT_EXECUTE|[278]
17:42:05.0 (25318204)|VARIABLE_SCOPE_BEGIN|[278]|info|Schema.RecordTypeInfo|true|false
17:42:05.0 (25340393)|VARIABLE_ASSIGNMENT|[278]|info|"common.api.soap.wsdl.RecordTypeInfo@a144407d"|0x5a715655
17:42:05.0 (25343414)|STATEMENT_EXECUTE|[279]
17:42:05.0 (25345644)|HEAP_ALLOCATE|[279]|Bytes:4
17:42:05.0 (25351139)|HEAP_ALLOCATE|[EXTERNAL]|Bytes:-4
17:42:05.0 (25355900)|HEAP_ALLOCATE|[276]|Bytes:5
17:42:05.0 (25359775)|VARIABLE_SCOPE_BEGIN|[276]|key|String|false|false
17:42:05.0 (25365749)|VARIABLE_ASSIGNMENT|[276]|key|"Sospecha de Fraude"
17:42:05.0 (25369532)|STATEMENT_EXECUTE|[276]
17:42:05.0 (25370324)|STATEMENT_EXECUTE|[278]
17:42:05.0 (25374597)|VARIABLE_SCOPE_BEGIN|[278]|info|Schema.RecordTypeInfo|true|false
17:42:05.0 (25396187)|VARIABLE_ASSIGNMENT|[278]|info|"common.api.soap.wsdl.RecordTypeInfo@6c3b7acf"|0x78bda056
17:42:05.0 (25399172)|STATEMENT_EXECUTE|[279]
17:42:05.0 (25401373)|HEAP_ALLOCATE|[279]|Bytes:4
17:42:05.0 (25406946)|HEAP_ALLOCATE|[EXTERNAL]|Bytes:-4
17:42:05.0 (25411799)|HEAP_ALLOCATE|[276]|Bytes:5
17:42:05.0 (25415606)|VARIABLE_SCOPE_BEGIN|[276]|key|String|false|false
17:42:05.0 (25420202)|VARIABLE_ASSIGNMENT|[276]|key|"Sospecha de fraudes  (8 more) ..."
17:42:05.0 (25422115)|STATEMENT_EXECUTE|[276]
17:42:05.0 (25422935)|STATEMENT_EXECUTE|[278]
17:42:05.0 (25427251)|VARIABLE_SCOPE_BEGIN|[278]|info|Schema.RecordTypeInfo|true|false
17:42:05.0 (25445566)|VARIABLE_ASSIGNMENT|[278]|info|"common.api.soap.wsdl.RecordTypeInfo@8088bf01"|0x7d57189f
17:42:05.0 (25448317)|STATEMENT_EXECUTE|[279]
17:42:05.0 (25450241)|HEAP_ALLOCATE|[279]|Bytes:4
17:42:05.0 (25455305)|HEAP_ALLOCATE|[EXTERNAL]|Bytes:-4
17:42:05.0 (25460343)|HEAP_ALLOCATE|[276]|Bytes:5
17:42:05.0 (25464338)|VARIABLE_SCOPE_BEGIN|[276]|key|String|false|false
17:42:05.0 (25468752)|VARIABLE_ASSIGNMENT|[276]|key|"Tarjeta de Crédito"
17:42:05.0 (25471059)|STATEMENT_EXECUTE|[276]
17:42:05.0 (25471788)|STATEMENT_EXECUTE|[278]
17:42:05.0 (25475704)|VARIABLE_SCOPE_BEGIN|[278]|info|Schema.RecordTypeInfo|true|false
17:42:05.0 (25492881)|VARIABLE_ASSIGNMENT|[278]|info|"common.api.soap.wsdl.RecordTypeInfo@5d93dd17"|0x57ef517
17:42:05.0 (25495362)|STATEMENT_EXECUTE|[279]
17:42:05.0 (25497310)|HEAP_ALLOCATE|[279]|Bytes:4
17:42:05.0 (25507455)|HEAP_ALLOCATE|[EXTERNAL]|Bytes:-4
17:42:05.0 (25512403)|HEAP_ALLOCATE|[276]|Bytes:5
17:42:05.0 (25516173)|VARIABLE_SCOPE_BEGIN|[276]|key|String|false|false
17:42:05.0 (25520363)|VARIABLE_ASSIGNMENT|[276]|key|"Tarjeta no pasa"
17:42:05.0 (25522231)|STATEMENT_EXECUTE|[276]
17:42:05.0 (25522953)|STATEMENT_EXECUTE|[278]
17:42:05.0 (25527118)|VARIABLE_SCOPE_BEGIN|[278]|info|Schema.RecordTypeInfo|true|false
17:42:05.0 (25545476)|VARIABLE_ASSIGNMENT|[278]|info|"common.api.soap.wsdl.RecordTypeInfo@e5bf180e"|0x556dd813
17:42:05.0 (25547912)|STATEMENT_EXECUTE|[279]
17:42:05.0 (25549851)|HEAP_ALLOCATE|[279]|Bytes:4
17:42:05.0 (25554928)|HEAP_ALLOCATE|[EXTERNAL]|Bytes:-4
17:42:05.0 (25559970)|HEAP_ALLOCATE|[276]|Bytes:5
17:42:05.0 (25563839)|VARIABLE_SCOPE_BEGIN|[276]|key|String|false|false
17:42:05.0 (25568586)|VARIABLE_ASSIGNMENT|[276]|key|"Tarjeta no pasa (Mód (4 more) ..."
17:42:05.0 (25570985)|STATEMENT_EXECUTE|[276]
17:42:05.0 (25571718)|STATEMENT_EXECUTE|[278]
17:42:05.0 (25575809)|VARIABLE_SCOPE_BEGIN|[278]|info|Schema.RecordTypeInfo|true|false
17:42:05.0 (25593215)|VARIABLE_ASSIGNMENT|[278]|info|"common.api.soap.wsdl.RecordTypeInfo@aa34942d"|0x40477df8
17:42:05.0 (25595673)|STATEMENT_EXECUTE|[279]
17:42:05.0 (25597539)|HEAP_ALLOCATE|[279]|Bytes:4
17:42:05.0 (25602455)|HEAP_ALLOCATE|[EXTERNAL]|Bytes:-4
17:42:05.0 (25607330)|HEAP_ALLOCATE|[276]|Bytes:5
17:42:05.0 (25611130)|VARIABLE_SCOPE_BEGIN|[276]|key|String|false|false
17:42:05.0 (25615290)|VARIABLE_ASSIGNMENT|[276]|key|"Up Grade"
17:42:05.0 (25617132)|STATEMENT_EXECUTE|[276]
17:42:05.0 (25617862)|STATEMENT_EXECUTE|[278]
17:42:05.0 (25621718)|VARIABLE_SCOPE_BEGIN|[278]|info|Schema.RecordTypeInfo|true|false
17:42:05.0 (25639243)|VARIABLE_ASSIGNMENT|[278]|info|"common.api.soap.wsdl.RecordTypeInfo@f6ba334"|0x591168f
17:42:05.0 (25641805)|STATEMENT_EXECUTE|[279]
17:42:05.0 (25643736)|HEAP_ALLOCATE|[279]|Bytes:4
17:42:05.0 (25648487)|HEAP_ALLOCATE|[EXTERNAL]|Bytes:-4
17:42:05.0 (25653163)|HEAP_ALLOCATE|[276]|Bytes:5
17:42:05.0 (25705485)|VARIABLE_SCOPE_BEGIN|[276]|key|String|false|false
17:42:05.0 (25710424)|VARIABLE_ASSIGNMENT|[276]|key|"WEB"
17:42:05.0 (25712525)|STATEMENT_EXECUTE|[276]
17:42:05.0 (25713275)|STATEMENT_EXECUTE|[278]
17:42:05.0 (25717381)|VARIABLE_SCOPE_BEGIN|[278]|info|Schema.RecordTypeInfo|true|false
17:42:05.0 (25735962)|VARIABLE_ASSIGNMENT|[278]|info|"common.api.soap.wsdl.RecordTypeInfo@288d39b"|0x77359d67
17:42:05.0 (25738614)|STATEMENT_EXECUTE|[279]
17:42:05.0 (25740824)|HEAP_ALLOCATE|[279]|Bytes:4
17:42:05.0 (25746047)|HEAP_ALLOCATE|[EXTERNAL]|Bytes:-4
17:42:05.0 (25751043)|HEAP_ALLOCATE|[276]|Bytes:5
17:42:05.0 (25754756)|VARIABLE_SCOPE_BEGIN|[276]|key|String|false|false
17:42:05.0 (25758850)|VARIABLE_ASSIGNMENT|[276]|key|"Master"
17:42:05.0 (25760680)|STATEMENT_EXECUTE|[276]
17:42:05.0 (25761426)|STATEMENT_EXECUTE|[278]
17:42:05.0 (25765446)|VARIABLE_SCOPE_BEGIN|[278]|info|Schema.RecordTypeInfo|true|false
17:42:05.0 (25783421)|VARIABLE_ASSIGNMENT|[278]|info|"common.api.soap.wsdl.RecordTypeInfo@414d784a"|0x4ca36ed2
17:42:05.0 (25786057)|STATEMENT_EXECUTE|[279]
17:42:05.0 (25788054)|HEAP_ALLOCATE|[279]|Bytes:4
17:42:05.0 (25792919)|HEAP_ALLOCATE|[EXTERNAL]|Bytes:-4
17:42:05.0 (25797670)|HEAP_ALLOCATE|[276]|Bytes:5
17:42:05.0 (25805406)|VARIABLE_ASSIGNMENT|[276]|key|null
17:42:05.0 (25808958)|STATEMENT_EXECUTE|[283]
17:42:05.25 (25872775)|CUMULATIVE_LIMIT_USAGE
17:42:05.25 (25872775)|LIMIT_USAGE_FOR_NS|(default)|
  Number of SOQL queries: 0 out of 100
  Number of query rows: 0 out of 50000
  Number of SOSL queries: 0 out of 20
  Number of DML statements: 0 out of 150
  Number of Publish Immediate DML: 0 out of 150
  Number of DML rows: 0 out of 10000
  Maximum CPU time: 0 out of 10000
  Maximum heap size: 0 out of 6000000
  Number of callouts: 0 out of 100
  Number of Email Invocations: 0 out of 10
  Number of future calls: 0 out of 50
  Number of queueable jobs added to the queue: 0 out of 50
  Number of Mobile Apex push calls: 0 out of 10

17:42:05.25 (25872775)|CUMULATIVE_LIMIT_USAGE_END

17:42:05.0 (25899712)|CODE_UNIT_FINISHED|AuthenticateCustomerController.getCaseRecordTypesByName()
17:42:05.0 (26237833)|CODE_UNIT_FINISHED|apex://AuthenticateCustomerController/ACTION$getCaseRecordTypesByName
17:42:05.0 (26246798)|EXECUTION_FINISHED
