52.0 APEX_CODE,FINEST;APEX_PROFILING,INFO;CALLOUT,INFO;DATA_ACCESS,INFO;DB,INFO;NBA,INFO;SYSTEM,DEBUG;VALIDATION,INFO;VISUALFORCE,INFO;WAVE,INFO;WORKFLOW,INFO
17:00:02.0 (375111)|USER_INFO|[EXTERNAL]|0051N000005gvau|etrevinofalabella@izeicg.com.uat|(GMT-06:00) Central Standard Time (America/Mexico_City)|GMT-06:00
17:00:02.0 (425000)|EXECUTION_STARTED
17:00:02.0 (442481)|CODE_UNIT_STARTED|[EXTERNAL]|01p0v000003h7p3|BatchUpdateCaseGestorBO
17:00:02.0 (3176294)|HEAP_ALLOCATE|[95]|Bytes:3
17:00:02.0 (3419644)|HEAP_ALLOCATE|[100]|Bytes:152
17:00:02.0 (3470831)|HEAP_ALLOCATE|[417]|Bytes:408
17:00:02.0 (3488886)|HEAP_ALLOCATE|[430]|Bytes:408
17:00:02.0 (3561671)|HEAP_ALLOCATE|[317]|Bytes:6
17:00:02.0 (4243957)|HEAP_ALLOCATE|[EXTERNAL]|Bytes:98
17:00:02.0 (33655389)|HEAP_ALLOCATE|[EXTERNAL]|Bytes:11
17:00:02.0 (33695887)|SYSTEM_METHOD_ENTRY|[15]|BatchableContextImpl.BatchableContextImpl()
17:00:02.0 (33703002)|STATEMENT_EXECUTE|[15]
17:00:02.0 (33717086)|SYSTEM_METHOD_EXIT|[15]|BatchableContextImpl
17:00:02.0 (33723399)|HEAP_ALLOCATE|[EXTERNAL]|Bytes:12
17:00:02.0 (33727577)|HEAP_ALLOCATE|[EXTERNAL]|Bytes:4
17:00:02.0 (33732471)|VARIABLE_SCOPE_BEGIN|[31]|this|Database.BatchableContextImpl|true|false
17:00:02.0 (33852021)|VARIABLE_ASSIGNMENT|[31]|this|{}|0x58e74a93
17:00:02.0 (33858631)|VARIABLE_SCOPE_BEGIN|[31]|jobId|Id|false|false
17:00:02.0 (34024310)|VARIABLE_ASSIGNMENT|[31]|jobId|"707Rt000024QnNWIA0"
17:00:02.0 (34029914)|VARIABLE_SCOPE_BEGIN|[31]|childJobId|Id|false|false
17:00:02.0 (34036867)|VARIABLE_ASSIGNMENT|[31]|childJobId|null
17:00:02.0 (37759654)|HEAP_ALLOCATE|[EXTERNAL]|Bytes:99
17:00:02.0 (37782074)|HEAP_ALLOCATE|[EXTERNAL]|Bytes:12
17:00:02.0 (37792291)|METHOD_ENTRY|[11]|01p0v000003h7p3|BatchUpdateCaseGestorBO.BatchUpdateCaseGestorBO()
17:00:02.0 (37798904)|STATEMENT_EXECUTE|[11]
17:00:02.0 (37804688)|STATEMENT_EXECUTE|[11]
17:00:02.0 (37808973)|METHOD_EXIT|[11]|BatchUpdateCaseGestorBO
17:00:02.0 (37812587)|HEAP_ALLOCATE|[EXTERNAL]|Bytes:20
17:00:02.0 (37814345)|HEAP_ALLOCATE|[EXTERNAL]|Bytes:12
17:00:02.0 (37820628)|VARIABLE_SCOPE_BEGIN|[33]|this|BatchUpdateCaseGestorBO|true|false
17:00:02.0 (37872066)|VARIABLE_ASSIGNMENT|[33]|this|{"idQueueFraudesCredito":"00G0v000002erN3EAI","intCallMSAttempts":3,"lstRecordTypesBO":"0x48a243aa","lstRequestsWithError":"0x1c648ee0"}|0x273d2987
17:00:02.0 (37877759)|VARIABLE_SCOPE_BEGIN|[33]|BC|Database.BatchableContext|true|false
17:00:02.0 (37949707)|VARIABLE_ASSIGNMENT|[33]|BC|{"jobId":"707Rt000024QnNWIA0"}|0x58e74a93
17:00:02.0 (37958229)|STATEMENT_EXECUTE|[33]
17:00:02.0 (37959855)|STATEMENT_EXECUTE|[35]
17:00:02.0 (37963556)|HEAP_ALLOCATE|[35]|Bytes:217
17:00:02.0 (37986473)|HEAP_ALLOCATE|[35]|Bytes:4
17:00:02.0 (38000327)|HEAP_ALLOCATE|[35]|Bytes:7
17:00:02.0 (38021219)|HEAP_ALLOCATE|[35]|Bytes:7
17:00:02.0 (38025972)|HEAP_ALLOCATE|[35]|Bytes:7
17:00:02.0 (38064875)|HEAP_ALLOCATE|[68]|Bytes:5
17:00:02.0 (38083825)|HEAP_ALLOCATE|[74]|Bytes:5
17:00:02.0 (38088942)|HEAP_ALLOCATE|[82]|Bytes:7
17:00:02.0 (45588244)|SOQL_EXECUTE_BEGIN|[35]|Aggregations:0|SELECT ID_Solicitud__c, Solicitud_Repetida__c, Total_a_Condonar__c FROM Case WHERE (OwnerId = :tmpVar1 AND RecordTypeId IN :tmpVar2 AND (Actualizaci_n_de_domicilio_en_SAT__c = FALSE OR Total_a_Condonar__c < :tmpVar3))
17:00:02.0 (124286369)|SOQL_EXECUTE_END|[35]|Rows:14
17:00:02.0 (124520167)|HEAP_ALLOCATE|[35]|Bytes:20
17:00:02.165 (165061922)|CUMULATIVE_LIMIT_USAGE
17:00:02.165 (165061922)|LIMIT_USAGE_FOR_NS|(default)|
  Number of SOQL queries: 0 out of 200
  Number of query rows: 0 out of 50000
  Number of SOSL queries: 0 out of 20
  Number of DML statements: 0 out of 150
  Number of Publish Immediate DML: 0 out of 150
  Number of DML rows: 0 out of 10000
  Maximum CPU time: 0 out of 60000
  Maximum heap size: 0 out of 12000000
  Number of callouts: 0 out of 0
  Number of Email Invocations: 0 out of 10
  Number of future calls: 0 out of 0
  Number of queueable jobs added to the queue: 0 out of 1
  Number of Mobile Apex push calls: 0 out of 10

17:00:02.165 (165061922)|CUMULATIVE_LIMIT_USAGE_END

17:00:02.0 (165115938)|CODE_UNIT_FINISHED|BatchUpdateCaseGestorBO
17:00:02.0 (165135538)|EXECUTION_FINISHED
