67.0 APEX_CODE,FINEST;APEX_PROFILING,INFO;CALLOUT,INFO;DATA_ACCESS,INFO;DB,INFO;NBA,INFO;SYSTEM,DEBUG;VALIDATION,INFO;VISUALFORCE,INFO;WAVE,INFO;WORKFLOW,INFO
12:48:54.0 (507593)|USER_INFO|[EXTERNAL]|005Qg000002VBqt|jlandav@falabella.com.mx|(GMT-06:00) Central Standard Time (America/Mexico_City)|GMT-06:00
12:48:54.0 (617398)|EXECUTION_STARTED
12:48:54.0 (647424)|CODE_UNIT_STARTED|[EXTERNAL]|apex://MicroServicioModalImagenesBO/ACTION$getPDFReporteBuro
12:48:54.0 (4137280)|CODE_UNIT_STARTED|[EXTERNAL]|01p3l000005qhVh|MicroServicioModalImagenesBO.getPDFReporteBuro(String)
12:48:54.0 (4417857)|VARIABLE_SCOPE_BEGIN|[18]|MicroServicioModalImagenesBO.ENDPOINTBLOBSTORAGE|String|false|true
12:48:54.0 (4505935)|VARIABLE_SCOPE_BEGIN|[19]|MicroServicioModalImagenesBO.ENDPOINTWISTONDATA|String|false|true
12:48:54.0 (4510924)|VARIABLE_SCOPE_BEGIN|[20]|MicroServicioModalImagenesBO.MICROSBLOBSTORAGE|String|false|true
12:48:54.0 (4515674)|VARIABLE_SCOPE_BEGIN|[21]|MicroServicioModalImagenesBO.MICROSWISTONDATA|String|false|true
12:48:54.0 (4519876)|VARIABLE_SCOPE_BEGIN|[17]|MicroServicioModalImagenesBO.POST|String|false|true
12:48:54.0 (4690133)|HEAP_ALLOCATE|[95]|Bytes:3
12:48:54.0 (4757954)|HEAP_ALLOCATE|[100]|Bytes:152
12:48:54.0 (4772851)|HEAP_ALLOCATE|[417]|Bytes:408
12:48:54.0 (4784026)|HEAP_ALLOCATE|[430]|Bytes:408
12:48:54.0 (4831498)|HEAP_ALLOCATE|[317]|Bytes:6
12:48:54.0 (4843262)|HEAP_ALLOCATE|[EXTERNAL]|Bytes:20
12:48:54.0 (4847045)|HEAP_ALLOCATE|[EXTERNAL]|Bytes:48
12:48:54.0 (4849029)|HEAP_ALLOCATE|[EXTERNAL]|Bytes:24
12:48:54.0 (4955271)|VARIABLE_ASSIGNMENT|[EXTERNAL]|MicroServicioModalImagenesBO.ENDPOINTBLOBSTORAGE|"onboarding/file/down (4 more) ..."
12:48:54.0 (4963615)|HEAP_ALLOCATE|[EXTERNAL]|Bytes:25
12:48:54.0 (4971140)|VARIABLE_ASSIGNMENT|[EXTERNAL]|MicroServicioModalImagenesBO.ENDPOINTWISTONDATA|"integracion/file/dow (5 more) ..."
12:48:54.0 (4973402)|HEAP_ALLOCATE|[EXTERNAL]|Bytes:27
12:48:54.0 (4978645)|VARIABLE_ASSIGNMENT|[EXTERNAL]|MicroServicioModalImagenesBO.MICROSBLOBSTORAGE|"MicroServicioImgBlob (7 more) ..."
12:48:54.0 (4980822)|HEAP_ALLOCATE|[EXTERNAL]|Bytes:26
12:48:54.0 (4985110)|VARIABLE_ASSIGNMENT|[EXTERNAL]|MicroServicioModalImagenesBO.MICROSWISTONDATA|"MicroServicioImgWist (6 more) ..."
12:48:54.0 (4987224)|HEAP_ALLOCATE|[EXTERNAL]|Bytes:4
12:48:54.0 (4991509)|VARIABLE_ASSIGNMENT|[EXTERNAL]|MicroServicioModalImagenesBO.POST|"POST"
12:48:54.0 (5028984)|METHOD_ENTRY|[14]|01p3l000005qhVh|MicroServicioModalImagenesBO.MicroServicioModalImagenesBO()
12:48:54.0 (5037796)|STATEMENT_EXECUTE|[14]
12:48:54.0 (5047109)|STATEMENT_EXECUTE|[14]
12:48:54.0 (5053629)|METHOD_EXIT|[14]|MicroServicioModalImagenesBO
12:48:54.0 (5058328)|HEAP_ALLOCATE|[EXTERNAL]|Bytes:61
12:48:54.0 (5076194)|VARIABLE_SCOPE_BEGIN|[181]|urlReporte|String|false|false
12:48:54.0 (5085734)|VARIABLE_ASSIGNMENT|[181]|urlReporte|"/apex/PDFReporteDeCr (41 more) ..."
12:48:54.0 (5093173)|STATEMENT_EXECUTE|[181]
12:48:54.0 (5094143)|STATEMENT_EXECUTE|[183]
12:48:54.0 (5097950)|VARIABLE_SCOPE_BEGIN|[183]|resultPDF|String|false|false
12:48:54.0 (5106179)|VARIABLE_ASSIGNMENT|[183]|resultPDF|""
12:48:54.0 (5108600)|STATEMENT_EXECUTE|[184]
12:48:54.0 (5110014)|HEAP_ALLOCATE|[184]|Bytes:13
12:48:54.0 (5128520)|HEAP_ALLOCATE|[184]|Bytes:74
12:48:54.0 (5155361)|HEAP_ALLOCATE|[68]|Bytes:5
12:48:54.0 (5190338)|HEAP_ALLOCATE|[74]|Bytes:5
12:48:54.0 (5196728)|HEAP_ALLOCATE|[82]|Bytes:7
12:48:54.0 (5295174)|USER_DEBUG|[184]|DEBUG|urlReporte:  /apex/PDFReporteDeCredito?idSolicitud=310138462&tipoReporte=B
12:48:54.0 (5307009)|STATEMENT_EXECUTE|[185]
12:48:54.0 (5369537)|VARIABLE_SCOPE_BEGIN|[185]|pdfReporteBuro|System.PageReference|true|false
12:48:54.0 (6419770)|VARIABLE_ASSIGNMENT|[185]|pdfReporteBuro|"/apex/PDFReporteDeCredito?idSolicitud=310138462&tipoReporte=B"|0x4fdd9995
12:48:54.0 (6435429)|STATEMENT_EXECUTE|[187]
12:48:54.0 (6513725)|HEAP_ALLOCATE|[187]|Bytes:118
12:48:54.0 (6566684)|SYSTEM_METHOD_ENTRY|[1]|Test.Test()
12:48:54.0 (6573072)|STATEMENT_EXECUTE|[1]
12:48:54.0 (6590747)|SYSTEM_METHOD_EXIT|[1]|Test
12:48:54.0 (6621069)|METHOD_ENTRY|[187]||System.Test.isRunningTest()
12:48:54.0 (6669137)|METHOD_EXIT|[187]||System.Test.isRunningTest()
12:48:55.260 (1260574811)|HEAP_ALLOCATE|[187]|Bytes:4
12:48:55.260 (1260707983)|HEAP_ALLOCATE|[187]|Bytes:15
12:48:55.260 (1260761523)|SYSTEM_METHOD_ENTRY|[1]|EncodingUtil.EncodingUtil()
12:48:55.260 (1260767866)|STATEMENT_EXECUTE|[1]
12:48:55.260 (1260784253)|SYSTEM_METHOD_EXIT|[1]|EncodingUtil
12:48:55.260 (1260850613)|METHOD_ENTRY|[187]||System.EncodingUtil.base64Encode(Blob)
12:48:55.260 (1262364372)|METHOD_EXIT|[187]||System.EncodingUtil.base64Encode(Blob)
12:48:55.260 (1262396769)|VARIABLE_ASSIGNMENT|[187]|resultPDF|"JVBERi0xLjQKJeLjz9MK (16672 more) ..."
12:48:55.260 (1262403994)|STATEMENT_EXECUTE|[189]
12:48:55.262 (1262498526)|CUMULATIVE_LIMIT_USAGE
12:48:55.262 (1262498526)|LIMIT_USAGE_FOR_NS|(default)|
  Number of SOQL queries: 0 out of 100
  Number of query rows: 0 out of 50000
  Number of SOSL queries: 0 out of 20
  Number of DML statements: 0 out of 150
  Number of Publish Immediate DML: 0 out of 150
  Number of DML rows: 0 out of 10000
  Maximum CPU time: 12 out of 10000
  Maximum heap size: 0 out of 6000000
  Number of callouts: 3 out of 100
  Number of Email Invocations: 0 out of 10
  Number of future calls: 0 out of 50
  Number of queueable jobs added to the queue: 0 out of 50
  Number of Mobile Apex push calls: 0 out of 10

12:48:55.262 (1262498526)|CUMULATIVE_LIMIT_USAGE_END

12:48:55.260 (1262613951)|CODE_UNIT_FINISHED|MicroServicioModalImagenesBO.getPDFReporteBuro(String)
12:48:55.260 (1263217951)|CODE_UNIT_FINISHED|apex://MicroServicioModalImagenesBO/ACTION$getPDFReporteBuro
12:48:55.260 (1263233339)|EXECUTION_FINISHED
