66.0 APEX_CODE,FINEST;APEX_PROFILING,INFO;CALLOUT,INFO;DATA_ACCESS,INFO;DB,INFO;NBA,INFO;SYSTEM,DEBUG;VALIDATION,INFO;VISUALFORCE,INFO;WAVE,INFO;WORKFLOW,INFO
14:45:58.0 (132292)|USER_INFO|[EXTERNAL]|0051N000005gvau|etrevinofalabella@izeicg.com.uat|(GMT-06:00) Central Standard Time (America/Mexico_City)|GMT-06:00
14:45:58.0 (225751)|EXECUTION_STARTED
14:45:58.0 (234379)|CODE_UNIT_STARTED|[EXTERNAL]|apex://validateQuestionsController/ACTION$getValidateQuestionsTry
14:45:58.0 (1815518)|CODE_UNIT_STARTED|[EXTERNAL]|01p0v000003Gv5u|validateQuestionsController.getValidateQuestionsTry(String, String, String)
14:45:58.0 (2019368)|HEAP_ALLOCATE|[95]|Bytes:3
14:45:58.0 (2088714)|HEAP_ALLOCATE|[100]|Bytes:152
14:45:58.0 (2100705)|HEAP_ALLOCATE|[417]|Bytes:408
14:45:58.0 (2110606)|HEAP_ALLOCATE|[430]|Bytes:408
14:45:58.0 (2128397)|HEAP_ALLOCATE|[317]|Bytes:6
14:45:58.0 (2137876)|HEAP_ALLOCATE|[EXTERNAL]|Bytes:27
14:45:58.0 (2140686)|HEAP_ALLOCATE|[EXTERNAL]|Bytes:11
14:45:58.0 (2151568)|METHOD_ENTRY|[15]|01p0v000003Gv5u|validateQuestionsController.validateQuestionsController()
14:45:58.0 (2157513)|STATEMENT_EXECUTE|[15]
14:45:58.0 (2163300)|STATEMENT_EXECUTE|[15]
14:45:58.0 (2165691)|METHOD_EXIT|[15]|validateQuestionsController
14:45:58.0 (2168211)|HEAP_ALLOCATE|[EXTERNAL]|Bytes:17
14:45:58.0 (2169814)|HEAP_ALLOCATE|[EXTERNAL]|Bytes:20
14:45:58.0 (2171156)|HEAP_ALLOCATE|[EXTERNAL]|Bytes:19
14:45:58.0 (2179010)|VARIABLE_SCOPE_BEGIN|[25]|tipoDeIntento|String|false|false
14:45:58.0 (2223194)|VARIABLE_ASSIGNMENT|[25]|tipoDeIntento|"validateQuestions"
14:45:58.0 (2226272)|VARIABLE_SCOPE_BEGIN|[25]|rangoDiasVencimiento|String|false|false
14:45:58.0 (2230592)|VARIABLE_ASSIGNMENT|[25]|rangoDiasVencimiento|"rangoDiasVencimiento"
14:45:58.0 (2232562)|VARIABLE_SCOPE_BEGIN|[25]|rangoDiasUltimoPago|String|false|false
14:45:58.0 (2237396)|VARIABLE_ASSIGNMENT|[25]|rangoDiasUltimoPago|"rangoDiasUltimoPago"
14:45:58.0 (2243689)|STATEMENT_EXECUTE|[25]
14:45:58.0 (2244847)|STATEMENT_EXECUTE|[28]
14:45:58.0 (2257005)|HEAP_ALLOCATE|[28]|Bytes:4
14:45:58.0 (2268506)|VARIABLE_SCOPE_BEGIN|[28]|mapResult|Map<String,Integer>|true|false
14:45:58.0 (2291161)|VARIABLE_ASSIGNMENT|[28]|mapResult|{}|0x54dcb157
14:45:58.0 (2294100)|STATEMENT_EXECUTE|[30]
14:45:58.0 (2320496)|HEAP_ALLOCATE|[30]|Bytes:4
14:45:58.0 (2368366)|VARIABLE_SCOPE_BEGIN|[30]|listRegistros|List<String>|true|false
14:45:58.0 (2399882)|HEAP_ALLOCATE|[EXTERNAL]|Bytes:16
14:45:58.0 (2413096)|VARIABLE_ASSIGNMENT|[30]|listRegistros|["validateQuestions","rangoDiasVencimiento","rangoDiasUltimoPago"]|0xef9e8a5
14:45:58.0 (2415999)|STATEMENT_EXECUTE|[32]
14:45:58.0 (2417633)|HEAP_ALLOCATE|[32]|Bytes:94
14:45:58.0 (2424744)|HEAP_ALLOCATE|[32]|Bytes:4
14:45:58.0 (2428277)|HEAP_ALLOCATE|[32]|Bytes:7
14:45:58.0 (2457820)|HEAP_ALLOCATE|[68]|Bytes:5
14:45:58.0 (2474700)|HEAP_ALLOCATE|[74]|Bytes:5
14:45:58.0 (2479254)|HEAP_ALLOCATE|[82]|Bytes:7
14:45:58.0 (4439796)|SOQL_EXECUTE_BEGIN|[32]|Aggregations:0|SELECT Intentos__c, MasterLabel FROM Intentos_de_Validacion__mdt WHERE MasterLabel IN :tmpVar1
14:45:58.0 (8268556)|SOQL_EXECUTE_END|[32]|Rows:3
14:45:58.0 (8297060)|HEAP_ALLOCATE|[32]|Bytes:16
14:45:58.0 (8319695)|HEAP_ALLOCATE|[32]|Bytes:341
14:45:58.0 (8382332)|HEAP_ALLOCATE|[32]|Bytes:16
14:45:58.0 (8397672)|VARIABLE_SCOPE_BEGIN|[32]|intentos|List<Intentos_de_Validacion__mdt>|true|false
14:45:58.0 (8519387)|VARIABLE_ASSIGNMENT|[32]|intentos|[{"MasterLabel":"rangoDiasUltimoPago","Intentos__c":3.0,"Id":"m0A0v0000001S55EAE"},{"MasterLabel":"rangoDiasVencimiento","Intentos__c":1.0,"Id":"m0A0v0000001S56EAE"},{"MasterLabel":"validateQuestions","Intentos__c":1.0,"Id":"m0A0v0000009kdiEAA"}]|0xebcb416
14:45:58.0 (9045539)|HEAP_ALLOCATE|[37]|Bytes:5
14:45:58.0 (9101523)|HEAP_ALLOCATE|[37]|Bytes:16
14:45:58.0 (9110282)|VARIABLE_SCOPE_BEGIN|[37]|intVal|Intentos_de_Validacion__mdt|true|false
14:45:58.0 (9156613)|VARIABLE_ASSIGNMENT|[37]|intVal|{"MasterLabel":"rangoDiasUltimoPago","Intentos__c":3.0,"Id":"m0A0v0000001S55EAE"}|0x3e3e209e
14:45:58.0 (9163432)|STATEMENT_EXECUTE|[37]
14:45:58.0 (9231109)|STATEMENT_EXECUTE|[47]
14:45:58.0 (9232946)|STATEMENT_EXECUTE|[49]
14:45:58.0 (9320616)|HEAP_ALLOCATE|[49]|Bytes:4
14:45:58.0 (9329293)|HEAP_ALLOCATE|[EXTERNAL]|Bytes:-4
14:45:58.0 (9340081)|HEAP_ALLOCATE|[37]|Bytes:5
14:45:58.0 (9347198)|HEAP_ALLOCATE|[37]|Bytes:16
14:45:58.0 (9351132)|VARIABLE_SCOPE_BEGIN|[37]|intVal|Intentos_de_Validacion__mdt|true|false
14:45:58.0 (9378350)|VARIABLE_ASSIGNMENT|[37]|intVal|{"MasterLabel":"rangoDiasVencimiento","Intentos__c":1.0,"Id":"m0A0v0000001S56EAE"}|0x51b57b06
14:45:58.0 (9381657)|STATEMENT_EXECUTE|[37]
14:45:58.0 (9389976)|STATEMENT_EXECUTE|[43]
14:45:58.0 (9391086)|STATEMENT_EXECUTE|[45]
14:45:58.0 (9410061)|HEAP_ALLOCATE|[45]|Bytes:4
14:45:58.0 (9412662)|HEAP_ALLOCATE|[EXTERNAL]|Bytes:-4
14:45:58.0 (9418018)|HEAP_ALLOCATE|[37]|Bytes:5
14:45:58.0 (9422433)|HEAP_ALLOCATE|[37]|Bytes:16
14:45:58.0 (9425223)|VARIABLE_SCOPE_BEGIN|[37]|intVal|Intentos_de_Validacion__mdt|true|false
14:45:58.0 (9459776)|VARIABLE_ASSIGNMENT|[37]|intVal|{"MasterLabel":"validateQuestions","Intentos__c":1.0,"Id":"m0A0v0000009kdiEAA"}|0x4df1a39f
14:45:58.0 (9463447)|STATEMENT_EXECUTE|[37]
14:45:58.0 (9468257)|STATEMENT_EXECUTE|[39]
14:45:58.0 (9469130)|STATEMENT_EXECUTE|[41]
14:45:58.0 (9488254)|HEAP_ALLOCATE|[41]|Bytes:4
14:45:58.0 (9491187)|HEAP_ALLOCATE|[EXTERNAL]|Bytes:-4
14:45:58.0 (9496717)|HEAP_ALLOCATE|[37]|Bytes:5
14:45:58.0 (9502902)|VARIABLE_ASSIGNMENT|[37]|intVal|null|
14:45:58.0 (9505645)|STATEMENT_EXECUTE|[54]
14:45:58.9 (9562676)|CUMULATIVE_LIMIT_USAGE
14:45:58.9 (9562676)|LIMIT_USAGE_FOR_NS|(default)|
  Number of SOQL queries: 0 out of 100
  Number of query rows: 3 out of 50000
  Number of SOSL queries: 0 out of 20
  Number of DML statements: 0 out of 150
  Number of Publish Immediate DML: 0 out of 150
  Number of DML rows: 0 out of 10000
  Maximum CPU time: 0 out of 10000
  Maximum heap size: 0 out of 6000000
  Number of callouts: 0 out of 100
  Number of Email Invocations: 0 out of 10
  Number of future calls: 0 out of 50
  Number of queueable jobs added to the queue: 0 out of 50
  Number of Mobile Apex push calls: 0 out of 10

14:45:58.9 (9562676)|CUMULATIVE_LIMIT_USAGE_END

14:45:58.0 (9621466)|CODE_UNIT_FINISHED|validateQuestionsController.getValidateQuestionsTry(String, String, String)
14:45:58.0 (9814858)|CODE_UNIT_FINISHED|apex://validateQuestionsController/ACTION$getValidateQuestionsTry
14:45:58.0 (9825062)|EXECUTION_FINISHED
