66.0 APEX_CODE,FINEST;APEX_PROFILING,INFO;CALLOUT,INFO;DATA_ACCESS,INFO;DB,INFO;NBA,INFO;SYSTEM,DEBUG;VALIDATION,INFO;VISUALFORCE,INFO;WAVE,INFO;WORKFLOW,INFO
14:45:58.0 (235075)|USER_INFO|[EXTERNAL]|0051N000005gvau|etrevinofalabella@izeicg.com.uat|(GMT-06:00) Central Standard Time (America/Mexico_City)|GMT-06:00
14:45:58.0 (283440)|EXECUTION_STARTED
14:45:58.0 (302154)|CODE_UNIT_STARTED|[EXTERNAL]|apex://SessionController/ACTION$getSessionId
14:45:58.0 (3834109)|CODE_UNIT_STARTED|[EXTERNAL]|01p1N000005gzam|SessionController.getSessionId()
14:45:58.0 (4190019)|HEAP_ALLOCATE|[95]|Bytes:3
14:45:58.0 (4306426)|HEAP_ALLOCATE|[100]|Bytes:152
14:45:58.0 (4324323)|HEAP_ALLOCATE|[417]|Bytes:408
14:45:58.0 (4337255)|HEAP_ALLOCATE|[430]|Bytes:408
14:45:58.0 (4372078)|HEAP_ALLOCATE|[317]|Bytes:6
14:45:58.0 (4386394)|HEAP_ALLOCATE|[EXTERNAL]|Bytes:1
14:45:58.0 (4406300)|METHOD_ENTRY|[1]|01p1N000005gzam|SessionController.SessionController()
14:45:58.0 (4426473)|STATEMENT_EXECUTE|[1]
14:45:58.0 (4436934)|STATEMENT_EXECUTE|[1]
14:45:58.0 (4444805)|METHOD_EXIT|[1]|SessionController
14:45:58.0 (4457216)|STATEMENT_EXECUTE|[4]
14:45:58.0 (4459208)|STATEMENT_EXECUTE|[5]
14:45:58.0 (4490550)|HEAP_ALLOCATE|[5]|Bytes:105
14:45:58.0 (4505922)|SYSTEM_METHOD_ENTRY|[1]|UserInfo.UserInfo()
14:45:58.0 (4508698)|STATEMENT_EXECUTE|[1]
14:45:58.0 (4514402)|SYSTEM_METHOD_EXIT|[1]|UserInfo
14:45:58.0 (4530839)|METHOD_ENTRY|[5]||System.UserInfo.getSessionId()
14:45:58.0 (11835196)|METHOD_EXIT|[5]||System.UserInfo.getSessionId()
14:45:58.11 (11913046)|CUMULATIVE_LIMIT_USAGE
14:45:58.11 (11913046)|LIMIT_USAGE_FOR_NS|(default)|
  Number of SOQL queries: 0 out of 100
  Number of query rows: 0 out of 50000
  Number of SOSL queries: 0 out of 20
  Number of DML statements: 0 out of 150
  Number of Publish Immediate DML: 0 out of 150
  Number of DML rows: 0 out of 10000
  Maximum CPU time: 0 out of 10000
  Maximum heap size: 0 out of 6000000
  Number of callouts: 0 out of 100
  Number of Email Invocations: 0 out of 10
  Number of future calls: 0 out of 50
  Number of queueable jobs added to the queue: 0 out of 50
  Number of Mobile Apex push calls: 0 out of 10

14:45:58.11 (11913046)|CUMULATIVE_LIMIT_USAGE_END

14:45:58.0 (11959587)|CODE_UNIT_FINISHED|SessionController.getSessionId()
14:45:58.0 (12178246)|CODE_UNIT_FINISHED|apex://SessionController/ACTION$getSessionId
14:45:58.0 (12184304)|EXECUTION_FINISHED
