66.0 APEX_CODE,FINEST;APEX_PROFILING,INFO;CALLOUT,INFO;DATA_ACCESS,INFO;DB,INFO;NBA,INFO;SYSTEM,DEBUG;VALIDATION,INFO;VISUALFORCE,INFO;WAVE,INFO;WORKFLOW,INFO
14:50:37.0 (160464)|USER_INFO|[EXTERNAL]|0051N000005gvau|etrevinofalabella@izeicg.com.uat|(GMT-06:00) Central Standard Time (America/Mexico_City)|GMT-06:00
14:50:37.0 (207512)|EXECUTION_STARTED
14:50:37.0 (216748)|CODE_UNIT_STARTED|[EXTERNAL]|apex://AuthenticateCustomerController/ACTION$getCaseRecordTypesByName
14:50:37.0 (1361968)|CODE_UNIT_STARTED|[EXTERNAL]|01p1N00000DazLB|AuthenticateCustomerController.getCaseRecordTypesByName()
14:50:37.0 (1474413)|VARIABLE_SCOPE_BEGIN|[19]|AuthenticateCustomerController.BE|String|false|true
14:50:37.0 (1640001)|HEAP_ALLOCATE|[95]|Bytes:3
14:50:37.0 (1685235)|HEAP_ALLOCATE|[100]|Bytes:152
14:50:37.0 (1701348)|HEAP_ALLOCATE|[417]|Bytes:408
14:50:37.0 (1717044)|HEAP_ALLOCATE|[430]|Bytes:408
14:50:37.0 (1738162)|HEAP_ALLOCATE|[317]|Bytes:6
14:50:37.0 (1748214)|HEAP_ALLOCATE|[EXTERNAL]|Bytes:13
14:50:37.0 (1752279)|HEAP_ALLOCATE|[EXTERNAL]|Bytes:70
14:50:37.0 (1755451)|HEAP_ALLOCATE|[EXTERNAL]|Bytes:88
14:50:37.0 (1758032)|HEAP_ALLOCATE|[EXTERNAL]|Bytes:2
14:50:37.0 (1791681)|VARIABLE_ASSIGNMENT|[EXTERNAL]|AuthenticateCustomerController.BE|"BE"
14:50:37.0 (1799781)|METHOD_ENTRY|[17]|01p1N00000DazLB|AuthenticateCustomerController.AuthenticateCustomerController()
14:50:37.0 (1805800)|STATEMENT_EXECUTE|[17]
14:50:37.0 (1812400)|STATEMENT_EXECUTE|[17]
14:50:37.0 (1833150)|HEAP_ALLOCATE|[68]|Bytes:5
14:50:37.0 (1857643)|HEAP_ALLOCATE|[74]|Bytes:5
14:50:37.0 (1862276)|HEAP_ALLOCATE|[82]|Bytes:7
14:50:37.0 (1884390)|HEAP_ALLOCATE|[EXTERNAL]|Bytes:5
14:50:37.0 (1887525)|STATEMENT_EXECUTE|[21]
14:50:37.0 (1894707)|METHOD_EXIT|[17]|AuthenticateCustomerController
14:50:37.0 (1906882)|HEAP_ALLOCATE|[271]|Bytes:5
14:50:37.0 (1911226)|STATEMENT_EXECUTE|[269]
14:50:37.0 (1912833)|STATEMENT_EXECUTE|[271]
14:50:37.0 (1931044)|HEAP_ALLOCATE|[271]|Bytes:4
14:50:37.0 (1942838)|VARIABLE_SCOPE_BEGIN|[271]|result|Map<String,String>|true|false
14:50:37.0 (1968639)|VARIABLE_ASSIGNMENT|[271]|result|{}|0x66846371
14:50:37.0 (1973188)|STATEMENT_EXECUTE|[273]
14:50:37.0 (1975013)|HEAP_ALLOCATE|[273]|Bytes:4
14:50:37.0 (2139628)|HEAP_ALLOCATE|[273]|Bytes:4
14:50:37.0 (2154712)|VARIABLE_SCOPE_BEGIN|[273]|d|Schema.DescribeSObjectResult|true|false
14:50:37.0 (2378163)|VARIABLE_ASSIGNMENT|[273]|d|"common.api.soap.wsdl.DescribeSObjectResult@4fe82f51"|0x2e390e22
14:50:37.0 (2387378)|STATEMENT_EXECUTE|[274]
14:50:37.0 (3562361)|HEAP_ALLOCATE|[274]|Bytes:412
14:50:37.0 (3585582)|VARIABLE_SCOPE_BEGIN|[274]|rtMapByName|Map<String,Schema.RecordTypeInfo>|true|false
14:50:37.0 (3602478)|VARIABLE_ASSIGNMENT|[274]|rtMapByName|"Map of size 102 too large to display"|0x43b4c3e7
14:50:37.0 (3646005)|HEAP_ALLOCATE|[276]|Bytes:4
14:50:37.0 (3749831)|HEAP_ALLOCATE|[276]|Bytes:2582
14:50:37.0 (3769219)|HEAP_ALLOCATE|[276]|Bytes:408
14:50:37.0 (3807917)|HEAP_ALLOCATE|[276]|Bytes:5
14:50:37.0 (3824404)|VARIABLE_SCOPE_BEGIN|[276]|key|String|false|false
14:50:37.0 (3832193)|VARIABLE_ASSIGNMENT|[276]|key|"APP"
14:50:37.0 (3836648)|STATEMENT_EXECUTE|[276]
14:50:37.0 (3837771)|STATEMENT_EXECUTE|[278]
14:50:37.0 (3881126)|VARIABLE_SCOPE_BEGIN|[278]|info|Schema.RecordTypeInfo|true|false
14:50:37.0 (3955749)|VARIABLE_ASSIGNMENT|[278]|info|"common.api.soap.wsdl.RecordTypeInfo@f219f932"|0xf452b36
14:50:37.0 (3960248)|STATEMENT_EXECUTE|[279]
14:50:37.0 (3977166)|HEAP_ALLOCATE|[279]|Bytes:4
14:50:37.0 (4013545)|HEAP_ALLOCATE|[EXTERNAL]|Bytes:-4
14:50:37.0 (4022982)|HEAP_ALLOCATE|[276]|Bytes:5
14:50:37.0 (4028926)|VARIABLE_SCOPE_BEGIN|[276]|key|String|false|false
14:50:37.0 (4034549)|VARIABLE_ASSIGNMENT|[276]|key|"Abono de Puntos"
14:50:37.0 (4036861)|STATEMENT_EXECUTE|[276]
14:50:37.0 (4037780)|STATEMENT_EXECUTE|[278]
14:50:37.0 (4043852)|VARIABLE_SCOPE_BEGIN|[278]|info|Schema.RecordTypeInfo|true|false
14:50:37.0 (4068272)|VARIABLE_ASSIGNMENT|[278]|info|"common.api.soap.wsdl.RecordTypeInfo@bae8d6e2"|0x69eb7ce2
14:50:37.0 (4071666)|STATEMENT_EXECUTE|[279]
14:50:37.0 (4074764)|HEAP_ALLOCATE|[279]|Bytes:4
14:50:37.0 (4081366)|HEAP_ALLOCATE|[EXTERNAL]|Bytes:-4
14:50:37.0 (4087072)|HEAP_ALLOCATE|[276]|Bytes:5
14:50:37.0 (4091462)|VARIABLE_SCOPE_BEGIN|[276]|key|String|false|false
14:50:37.0 (4097283)|VARIABLE_ASSIGNMENT|[276]|key|"Abono de Puntos (Mód (4 more) ..."
14:50:37.0 (4100668)|STATEMENT_EXECUTE|[276]
14:50:37.0 (4101479)|STATEMENT_EXECUTE|[278]
14:50:37.0 (4105994)|VARIABLE_SCOPE_BEGIN|[278]|info|Schema.RecordTypeInfo|true|false
14:50:37.0 (4124794)|VARIABLE_ASSIGNMENT|[278]|info|"common.api.soap.wsdl.RecordTypeInfo@a9df86c5"|0xc2531c3
14:50:37.0 (4128009)|STATEMENT_EXECUTE|[279]
14:50:37.0 (4130510)|HEAP_ALLOCATE|[279]|Bytes:4
14:50:37.0 (4136038)|HEAP_ALLOCATE|[EXTERNAL]|Bytes:-4
14:50:37.0 (4141148)|HEAP_ALLOCATE|[276]|Bytes:5
14:50:37.0 (4144871)|VARIABLE_SCOPE_BEGIN|[276]|key|String|false|false
14:50:37.0 (4149890)|VARIABLE_ASSIGNMENT|[276]|key|"Activación de NIP"
14:50:37.0 (4152565)|STATEMENT_EXECUTE|[276]
14:50:37.0 (4153424)|STATEMENT_EXECUTE|[278]
14:50:37.0 (4157613)|VARIABLE_SCOPE_BEGIN|[278]|info|Schema.RecordTypeInfo|true|false
14:50:37.0 (4175789)|VARIABLE_ASSIGNMENT|[278]|info|"common.api.soap.wsdl.RecordTypeInfo@5e312afc"|0x3c3d3696
14:50:37.0 (4178900)|STATEMENT_EXECUTE|[279]
14:50:37.0 (4180840)|HEAP_ALLOCATE|[279]|Bytes:4
14:50:37.0 (4186068)|HEAP_ALLOCATE|[EXTERNAL]|Bytes:-4
14:50:37.0 (4191080)|HEAP_ALLOCATE|[276]|Bytes:5
14:50:37.0 (4194746)|VARIABLE_SCOPE_BEGIN|[276]|key|String|false|false
14:50:37.0 (4199901)|VARIABLE_ASSIGNMENT|[276]|key|"Activación de Tarjet (1 more) ..."
14:50:37.0 (4202381)|STATEMENT_EXECUTE|[276]
14:50:37.0 (4203190)|STATEMENT_EXECUTE|[278]
14:50:37.0 (4207536)|VARIABLE_SCOPE_BEGIN|[278]|info|Schema.RecordTypeInfo|true|false
14:50:37.0 (4224832)|VARIABLE_ASSIGNMENT|[278]|info|"common.api.soap.wsdl.RecordTypeInfo@d9f39a17"|0x1a07a6bc
14:50:37.0 (4228158)|STATEMENT_EXECUTE|[279]
14:50:37.0 (4230063)|HEAP_ALLOCATE|[279]|Bytes:4
14:50:37.0 (4235163)|HEAP_ALLOCATE|[EXTERNAL]|Bytes:-4
14:50:37.0 (4240042)|HEAP_ALLOCATE|[276]|Bytes:5
14:50:37.0 (4243848)|VARIABLE_SCOPE_BEGIN|[276]|key|String|false|false
14:50:37.0 (4248353)|VARIABLE_ASSIGNMENT|[276]|key|"Actualización Buró"
14:50:37.0 (4250985)|STATEMENT_EXECUTE|[276]
14:50:37.0 (4251803)|STATEMENT_EXECUTE|[278]
14:50:37.0 (4255911)|VARIABLE_SCOPE_BEGIN|[278]|info|Schema.RecordTypeInfo|true|false
14:50:37.0 (4273279)|VARIABLE_ASSIGNMENT|[278]|info|"common.api.soap.wsdl.RecordTypeInfo@7b9f67bd"|0x28b9d572
14:50:37.0 (4276363)|STATEMENT_EXECUTE|[279]
14:50:37.0 (4278294)|HEAP_ALLOCATE|[279]|Bytes:4
14:50:37.0 (4283324)|HEAP_ALLOCATE|[EXTERNAL]|Bytes:-4
14:50:37.0 (4288176)|HEAP_ALLOCATE|[276]|Bytes:5
14:50:37.0 (4291828)|VARIABLE_SCOPE_BEGIN|[276]|key|String|false|false
14:50:37.0 (4296810)|VARIABLE_ASSIGNMENT|[276]|key|"Actualización Correo (9 more) ..."
14:50:37.0 (4299341)|STATEMENT_EXECUTE|[276]
14:50:37.0 (4300336)|STATEMENT_EXECUTE|[278]
14:50:37.0 (4304503)|VARIABLE_SCOPE_BEGIN|[278]|info|Schema.RecordTypeInfo|true|false
14:50:37.0 (4321799)|VARIABLE_ASSIGNMENT|[278]|info|"common.api.soap.wsdl.RecordTypeInfo@aeecf39c"|0xdb7528f
14:50:37.0 (4324844)|STATEMENT_EXECUTE|[279]
14:50:37.0 (4326831)|HEAP_ALLOCATE|[279]|Bytes:4
14:50:37.0 (4331870)|HEAP_ALLOCATE|[EXTERNAL]|Bytes:-4
14:50:37.0 (4336738)|HEAP_ALLOCATE|[276]|Bytes:5
14:50:37.0 (4340373)|VARIABLE_SCOPE_BEGIN|[276]|key|String|false|false
14:50:37.0 (4345403)|VARIABLE_ASSIGNMENT|[276]|key|"Actualización Domici (12 more) ..."
14:50:37.0 (4347958)|STATEMENT_EXECUTE|[276]
14:50:37.0 (4348803)|STATEMENT_EXECUTE|[278]
14:50:37.0 (4353018)|VARIABLE_SCOPE_BEGIN|[278]|info|Schema.RecordTypeInfo|true|false
14:50:37.0 (4370469)|VARIABLE_ASSIGNMENT|[278]|info|"common.api.soap.wsdl.RecordTypeInfo@d5441330"|0x586b4c29
14:50:37.0 (4373554)|STATEMENT_EXECUTE|[279]
14:50:37.0 (4375569)|HEAP_ALLOCATE|[279]|Bytes:4
14:50:37.0 (4380610)|HEAP_ALLOCATE|[EXTERNAL]|Bytes:-4
14:50:37.0 (4385709)|HEAP_ALLOCATE|[276]|Bytes:5
14:50:37.0 (4389334)|VARIABLE_SCOPE_BEGIN|[276]|key|String|false|false
14:50:37.0 (4394278)|VARIABLE_ASSIGNMENT|[276]|key|"Actualización Nom, R (6 more) ..."
14:50:37.0 (4396592)|STATEMENT_EXECUTE|[276]
14:50:37.0 (4397469)|STATEMENT_EXECUTE|[278]
14:50:37.0 (4401742)|VARIABLE_SCOPE_BEGIN|[278]|info|Schema.RecordTypeInfo|true|false
14:50:37.0 (4418982)|VARIABLE_ASSIGNMENT|[278]|info|"common.api.soap.wsdl.RecordTypeInfo@56e7171e"|0x7ffe23de
14:50:37.0 (4421946)|STATEMENT_EXECUTE|[279]
14:50:37.0 (4423879)|HEAP_ALLOCATE|[279]|Bytes:4
14:50:37.0 (4428966)|HEAP_ALLOCATE|[EXTERNAL]|Bytes:-4
14:50:37.0 (4433905)|HEAP_ALLOCATE|[276]|Bytes:5
14:50:37.0 (4437533)|VARIABLE_SCOPE_BEGIN|[276]|key|String|false|false
14:50:37.0 (4442331)|VARIABLE_ASSIGNMENT|[276]|key|"Actualización SORIBA (1 more) ..."
14:50:37.0 (4444703)|STATEMENT_EXECUTE|[276]
14:50:37.0 (4445553)|STATEMENT_EXECUTE|[278]
14:50:37.0 (4449738)|VARIABLE_SCOPE_BEGIN|[278]|info|Schema.RecordTypeInfo|true|false
14:50:37.0 (4466863)|VARIABLE_ASSIGNMENT|[278]|info|"common.api.soap.wsdl.RecordTypeInfo@1da61f93"|0x190a7b16
14:50:37.0 (4469884)|STATEMENT_EXECUTE|[279]
14:50:37.0 (4471812)|HEAP_ALLOCATE|[279]|Bytes:4
14:50:37.0 (4477017)|HEAP_ALLOCATE|[EXTERNAL]|Bytes:-4
14:50:37.0 (4481926)|HEAP_ALLOCATE|[276]|Bytes:5
14:50:37.0 (4485545)|VARIABLE_SCOPE_BEGIN|[276]|key|String|false|false
14:50:37.0 (4490278)|VARIABLE_ASSIGNMENT|[276]|key|"Actualización de CUR (1 more) ..."
14:50:37.0 (4492619)|STATEMENT_EXECUTE|[276]
14:50:37.0 (4493475)|STATEMENT_EXECUTE|[278]
14:50:37.0 (4499110)|VARIABLE_SCOPE_BEGIN|[278]|info|Schema.RecordTypeInfo|true|false
14:50:37.0 (4520398)|VARIABLE_ASSIGNMENT|[278]|info|"common.api.soap.wsdl.RecordTypeInfo@ad5dbd7c"|0x2e1e6192
14:50:37.0 (4523912)|STATEMENT_EXECUTE|[279]
14:50:37.0 (4526090)|HEAP_ALLOCATE|[279]|Bytes:4
14:50:37.0 (4531749)|HEAP_ALLOCATE|[EXTERNAL]|Bytes:-4
14:50:37.0 (4536694)|HEAP_ALLOCATE|[276]|Bytes:5
14:50:37.0 (4540491)|VARIABLE_SCOPE_BEGIN|[276]|key|String|false|false
14:50:37.0 (4545337)|VARIABLE_ASSIGNMENT|[276]|key|"Actualización de Cel (5 more) ..."
14:50:37.0 (4547622)|STATEMENT_EXECUTE|[276]
14:50:37.0 (4548479)|STATEMENT_EXECUTE|[278]
14:50:37.0 (4552627)|VARIABLE_SCOPE_BEGIN|[278]|info|Schema.RecordTypeInfo|true|false
14:50:37.0 (4569925)|VARIABLE_ASSIGNMENT|[278]|info|"common.api.soap.wsdl.RecordTypeInfo@76d75e63"|0x2c967a7c
14:50:37.0 (4572904)|STATEMENT_EXECUTE|[279]
14:50:37.0 (4574777)|HEAP_ALLOCATE|[279]|Bytes:4
14:50:37.0 (4579778)|HEAP_ALLOCATE|[EXTERNAL]|Bytes:-4
14:50:37.0 (4584553)|HEAP_ALLOCATE|[276]|Bytes:5
14:50:37.0 (4588415)|VARIABLE_SCOPE_BEGIN|[276]|key|String|false|false
14:50:37.0 (4593150)|VARIABLE_ASSIGNMENT|[276]|key|"Actualización de Cel (4 more) ..."
14:50:37.0 (4595431)|STATEMENT_EXECUTE|[276]
14:50:37.0 (4596264)|STATEMENT_EXECUTE|[278]
14:50:37.0 (4600449)|VARIABLE_SCOPE_BEGIN|[278]|info|Schema.RecordTypeInfo|true|false
14:50:37.0 (4617292)|VARIABLE_ASSIGNMENT|[278]|info|"common.api.soap.wsdl.RecordTypeInfo@64a8cf3b"|0x22f84ce3
14:50:37.0 (4620437)|STATEMENT_EXECUTE|[279]
14:50:37.0 (4622272)|HEAP_ALLOCATE|[279]|Bytes:4
14:50:37.0 (4627874)|HEAP_ALLOCATE|[EXTERNAL]|Bytes:-4
14:50:37.0 (4632627)|HEAP_ALLOCATE|[276]|Bytes:5
14:50:37.0 (4636237)|VARIABLE_SCOPE_BEGIN|[276]|key|String|false|false
14:50:37.0 (4640771)|VARIABLE_ASSIGNMENT|[276]|key|"Actualización de Cor (3 more) ..."
14:50:37.0 (4643025)|STATEMENT_EXECUTE|[276]
14:50:37.0 (4643879)|STATEMENT_EXECUTE|[278]
14:50:37.0 (4648307)|VARIABLE_SCOPE_BEGIN|[278]|info|Schema.RecordTypeInfo|true|false
14:50:37.0 (4664845)|VARIABLE_ASSIGNMENT|[278]|info|"common.api.soap.wsdl.RecordTypeInfo@66178782"|0x68e04161
14:50:37.0 (4667839)|STATEMENT_EXECUTE|[279]
14:50:37.0 (4669647)|HEAP_ALLOCATE|[279]|Bytes:4
14:50:37.0 (4674643)|HEAP_ALLOCATE|[EXTERNAL]|Bytes:-4
14:50:37.0 (4679334)|HEAP_ALLOCATE|[276]|Bytes:5
14:50:37.0 (4682908)|VARIABLE_SCOPE_BEGIN|[276]|key|String|false|false
14:50:37.0 (4687471)|VARIABLE_ASSIGNMENT|[276]|key|"Actualización de Dom (6 more) ..."
14:50:37.0 (4689894)|STATEMENT_EXECUTE|[276]
14:50:37.0 (4690769)|STATEMENT_EXECUTE|[278]
14:50:37.0 (4694812)|VARIABLE_SCOPE_BEGIN|[278]|info|Schema.RecordTypeInfo|true|false
14:50:37.0 (4711297)|VARIABLE_ASSIGNMENT|[278]|info|"common.api.soap.wsdl.RecordTypeInfo@19cbc967"|0x35afaf1e
14:50:37.0 (4714212)|STATEMENT_EXECUTE|[279]
14:50:37.0 (4716065)|HEAP_ALLOCATE|[279]|Bytes:4
14:50:37.0 (4721172)|HEAP_ALLOCATE|[EXTERNAL]|Bytes:-4
14:50:37.0 (4725856)|HEAP_ALLOCATE|[276]|Bytes:5
14:50:37.0 (4729496)|VARIABLE_SCOPE_BEGIN|[276]|key|String|false|false
14:50:37.0 (4734256)|VARIABLE_ASSIGNMENT|[276]|key|"Actualización de Tel (10 more) ..."
14:50:37.0 (4736732)|STATEMENT_EXECUTE|[276]
14:50:37.0 (4737608)|STATEMENT_EXECUTE|[278]
14:50:37.0 (4741835)|VARIABLE_SCOPE_BEGIN|[278]|info|Schema.RecordTypeInfo|true|false
14:50:37.0 (4758660)|VARIABLE_ASSIGNMENT|[278]|info|"common.api.soap.wsdl.RecordTypeInfo@767cd3c0"|0x2a75764d
14:50:37.0 (4761489)|STATEMENT_EXECUTE|[279]
14:50:37.0 (4763277)|HEAP_ALLOCATE|[279]|Bytes:4
14:50:37.0 (4768533)|HEAP_ALLOCATE|[EXTERNAL]|Bytes:-4
14:50:37.0 (4773213)|HEAP_ALLOCATE|[276]|Bytes:5
14:50:37.0 (4776892)|VARIABLE_SCOPE_BEGIN|[276]|key|String|false|false
14:50:37.0 (4781453)|VARIABLE_ASSIGNMENT|[276]|key|"Alta Cliente"
14:50:37.0 (4783521)|STATEMENT_EXECUTE|[276]
14:50:37.0 (4784382)|STATEMENT_EXECUTE|[278]
14:50:37.0 (4788345)|VARIABLE_SCOPE_BEGIN|[278]|info|Schema.RecordTypeInfo|true|false
14:50:37.0 (4805603)|VARIABLE_ASSIGNMENT|[278]|info|"common.api.soap.wsdl.RecordTypeInfo@80a41a04"|0x4a8aa8b4
14:50:37.0 (4808433)|STATEMENT_EXECUTE|[279]
14:50:37.0 (4810318)|HEAP_ALLOCATE|[279]|Bytes:4
14:50:37.0 (4815280)|HEAP_ALLOCATE|[EXTERNAL]|Bytes:-4
14:50:37.0 (4819953)|HEAP_ALLOCATE|[276]|Bytes:5
14:50:37.0 (4823620)|VARIABLE_SCOPE_BEGIN|[276]|key|String|false|false
14:50:37.0 (4828078)|VARIABLE_ASSIGNMENT|[276]|key|"Audiencia CONDUSEF"
14:50:37.0 (4830144)|STATEMENT_EXECUTE|[276]
14:50:37.0 (4831002)|STATEMENT_EXECUTE|[278]
14:50:37.0 (4834937)|VARIABLE_SCOPE_BEGIN|[278]|info|Schema.RecordTypeInfo|true|false
14:50:37.0 (4851991)|VARIABLE_ASSIGNMENT|[278]|info|"common.api.soap.wsdl.RecordTypeInfo@ee8898d7"|0x200b13cd
14:50:37.0 (4854832)|STATEMENT_EXECUTE|[279]
14:50:37.0 (4856631)|HEAP_ALLOCATE|[279]|Bytes:4
14:50:37.0 (4861568)|HEAP_ALLOCATE|[EXTERNAL]|Bytes:-4
14:50:37.0 (4866244)|HEAP_ALLOCATE|[276]|Bytes:5
14:50:37.0 (4869799)|VARIABLE_SCOPE_BEGIN|[276]|key|String|false|false
14:50:37.0 (4874844)|VARIABLE_ASSIGNMENT|[276]|key|"Aumento de Línea de  (7 more) ..."
14:50:37.0 (4877389)|STATEMENT_EXECUTE|[276]
14:50:37.0 (4878213)|STATEMENT_EXECUTE|[278]
14:50:37.0 (4882165)|VARIABLE_SCOPE_BEGIN|[278]|info|Schema.RecordTypeInfo|true|false
14:50:37.0 (4899078)|VARIABLE_ASSIGNMENT|[278]|info|"common.api.soap.wsdl.RecordTypeInfo@b67992fe"|0x68948f8d
14:50:37.0 (4901996)|STATEMENT_EXECUTE|[279]
14:50:37.0 (4903758)|HEAP_ALLOCATE|[279]|Bytes:4
14:50:37.0 (4908621)|HEAP_ALLOCATE|[EXTERNAL]|Bytes:-4
14:50:37.0 (4913311)|HEAP_ALLOCATE|[276]|Bytes:5
14:50:37.0 (4916834)|VARIABLE_SCOPE_BEGIN|[276]|key|String|false|false
14:50:37.0 (4921386)|VARIABLE_ASSIGNMENT|[276]|key|"BackOffice Figital"
14:50:37.0 (4923512)|STATEMENT_EXECUTE|[276]
14:50:37.0 (4924329)|STATEMENT_EXECUTE|[278]
14:50:37.0 (4928243)|VARIABLE_SCOPE_BEGIN|[278]|info|Schema.RecordTypeInfo|true|false
14:50:37.0 (4945127)|VARIABLE_ASSIGNMENT|[278]|info|"common.api.soap.wsdl.RecordTypeInfo@e1ed000"|0x69524bcc
14:50:37.0 (4947996)|STATEMENT_EXECUTE|[279]
14:50:37.0 (4949843)|HEAP_ALLOCATE|[279]|Bytes:4
14:50:37.0 (4954937)|HEAP_ALLOCATE|[EXTERNAL]|Bytes:-4
14:50:37.0 (4959697)|HEAP_ALLOCATE|[276]|Bytes:5
14:50:37.0 (4963207)|VARIABLE_SCOPE_BEGIN|[276]|key|String|false|false
14:50:37.0 (4967538)|VARIABLE_ASSIGNMENT|[276]|key|"BackOffice Fraudes"
14:50:37.0 (4969598)|STATEMENT_EXECUTE|[276]
14:50:37.0 (4970422)|STATEMENT_EXECUTE|[278]
14:50:37.0 (4974349)|VARIABLE_SCOPE_BEGIN|[278]|info|Schema.RecordTypeInfo|true|false
14:50:37.0 (4991883)|VARIABLE_ASSIGNMENT|[278]|info|"common.api.soap.wsdl.RecordTypeInfo@a750b4b9"|0x7602915a
14:50:37.0 (4996494)|STATEMENT_EXECUTE|[279]
14:50:37.0 (5000031)|HEAP_ALLOCATE|[279]|Bytes:4
14:50:37.0 (5006712)|HEAP_ALLOCATE|[EXTERNAL]|Bytes:-4
14:50:37.0 (5011674)|HEAP_ALLOCATE|[276]|Bytes:5
14:50:37.0 (5015492)|VARIABLE_SCOPE_BEGIN|[276]|key|String|false|false
14:50:37.0 (5020268)|VARIABLE_ASSIGNMENT|[276]|key|"Bloqueo Seguridad"
14:50:37.0 (5022629)|STATEMENT_EXECUTE|[276]
14:50:37.0 (5023532)|STATEMENT_EXECUTE|[278]
14:50:37.0 (5027658)|VARIABLE_SCOPE_BEGIN|[278]|info|Schema.RecordTypeInfo|true|false
14:50:37.0 (5045446)|VARIABLE_ASSIGNMENT|[278]|info|"common.api.soap.wsdl.RecordTypeInfo@1ad47a66"|0xe6f712c
14:50:37.0 (5048557)|STATEMENT_EXECUTE|[279]
14:50:37.0 (5050493)|HEAP_ALLOCATE|[279]|Bytes:4
14:50:37.0 (5055517)|HEAP_ALLOCATE|[EXTERNAL]|Bytes:-4
14:50:37.0 (5060384)|HEAP_ALLOCATE|[276]|Bytes:5
14:50:37.0 (5064191)|VARIABLE_SCOPE_BEGIN|[276]|key|String|false|false
14:50:37.0 (5068443)|VARIABLE_ASSIGNMENT|[276]|key|"CVV Dinámico"
14:50:37.0 (5071032)|STATEMENT_EXECUTE|[276]
14:50:37.0 (5071886)|STATEMENT_EXECUTE|[278]
14:50:37.0 (5076084)|VARIABLE_SCOPE_BEGIN|[278]|info|Schema.RecordTypeInfo|true|false
14:50:37.0 (5092757)|VARIABLE_ASSIGNMENT|[278]|info|"common.api.soap.wsdl.RecordTypeInfo@5ce747f8"|0x42cb6f8b
14:50:37.0 (5095909)|STATEMENT_EXECUTE|[279]
14:50:37.0 (5097742)|HEAP_ALLOCATE|[279]|Bytes:4
14:50:37.0 (5102703)|HEAP_ALLOCATE|[EXTERNAL]|Bytes:-4
14:50:37.0 (5107283)|HEAP_ALLOCATE|[276]|Bytes:5
14:50:37.0 (5111067)|VARIABLE_SCOPE_BEGIN|[276]|key|String|false|false
14:50:37.0 (5115878)|VARIABLE_ASSIGNMENT|[276]|key|"Cambio de MC a Priva (2 more) ..."
14:50:37.0 (5117988)|STATEMENT_EXECUTE|[276]
14:50:37.0 (5118790)|STATEMENT_EXECUTE|[278]
14:50:37.0 (5122728)|VARIABLE_SCOPE_BEGIN|[278]|info|Schema.RecordTypeInfo|true|false
14:50:37.0 (5139967)|VARIABLE_ASSIGNMENT|[278]|info|"common.api.soap.wsdl.RecordTypeInfo@a6d8a80b"|0x39bc5035
14:50:37.0 (5142892)|STATEMENT_EXECUTE|[279]
14:50:37.0 (5144717)|HEAP_ALLOCATE|[279]|Bytes:4
14:50:37.0 (5149538)|HEAP_ALLOCATE|[EXTERNAL]|Bytes:-4
14:50:37.0 (5154166)|HEAP_ALLOCATE|[276]|Bytes:5
14:50:37.0 (5157843)|VARIABLE_SCOPE_BEGIN|[276]|key|String|false|false
14:50:37.0 (5162542)|VARIABLE_ASSIGNMENT|[276]|key|"Cambio de Medio Enví (1 more) ..."
14:50:37.0 (5165013)|STATEMENT_EXECUTE|[276]
14:50:37.0 (5165837)|STATEMENT_EXECUTE|[278]
14:50:37.0 (5170046)|VARIABLE_SCOPE_BEGIN|[278]|info|Schema.RecordTypeInfo|true|false
14:50:37.0 (5186835)|VARIABLE_ASSIGNMENT|[278]|info|"common.api.soap.wsdl.RecordTypeInfo@be215376"|0x5b568e19
14:50:37.0 (5189707)|STATEMENT_EXECUTE|[279]
14:50:37.0 (5191653)|HEAP_ALLOCATE|[279]|Bytes:4
14:50:37.0 (5197323)|HEAP_ALLOCATE|[EXTERNAL]|Bytes:-4
14:50:37.0 (5202016)|HEAP_ALLOCATE|[276]|Bytes:5
14:50:37.0 (5205638)|VARIABLE_SCOPE_BEGIN|[276]|key|String|false|false
14:50:37.0 (5209991)|VARIABLE_ASSIGNMENT|[276]|key|"Campañas Outbound"
14:50:37.0 (5212532)|STATEMENT_EXECUTE|[276]
14:50:37.0 (5213357)|STATEMENT_EXECUTE|[278]
14:50:37.0 (5217351)|VARIABLE_SCOPE_BEGIN|[278]|info|Schema.RecordTypeInfo|true|false
14:50:37.0 (5234458)|VARIABLE_ASSIGNMENT|[278]|info|"common.api.soap.wsdl.RecordTypeInfo@6d4e485f"|0x2e45624e
14:50:37.0 (5237693)|STATEMENT_EXECUTE|[279]
14:50:37.0 (5239547)|HEAP_ALLOCATE|[279]|Bytes:4
14:50:37.0 (5244456)|HEAP_ALLOCATE|[EXTERNAL]|Bytes:-4
14:50:37.0 (5249272)|HEAP_ALLOCATE|[276]|Bytes:5
14:50:37.0 (5252838)|VARIABLE_SCOPE_BEGIN|[276]|key|String|false|false
14:50:37.0 (5257201)|VARIABLE_ASSIGNMENT|[276]|key|"Campos Regulatorios"
14:50:37.0 (5259247)|STATEMENT_EXECUTE|[276]
14:50:37.0 (5260088)|STATEMENT_EXECUTE|[278]
14:50:37.0 (5263901)|VARIABLE_SCOPE_BEGIN|[278]|info|Schema.RecordTypeInfo|true|false
14:50:37.0 (5280601)|VARIABLE_ASSIGNMENT|[278]|info|"common.api.soap.wsdl.RecordTypeInfo@36673986"|0x376be73a
14:50:37.0 (5283351)|STATEMENT_EXECUTE|[279]
14:50:37.0 (5285194)|HEAP_ALLOCATE|[279]|Bytes:4
14:50:37.0 (5290759)|HEAP_ALLOCATE|[EXTERNAL]|Bytes:-4
14:50:37.0 (5298936)|HEAP_ALLOCATE|[276]|Bytes:5
14:50:37.0 (5303315)|VARIABLE_SCOPE_BEGIN|[276]|key|String|false|false
14:50:37.0 (5308213)|VARIABLE_ASSIGNMENT|[276]|key|"Cancelación Adiciona (1 more) ..."
14:50:37.0 (5310845)|STATEMENT_EXECUTE|[276]
14:50:37.0 (5311656)|STATEMENT_EXECUTE|[278]
14:50:37.0 (5315721)|VARIABLE_SCOPE_BEGIN|[278]|info|Schema.RecordTypeInfo|true|false
14:50:37.0 (5333367)|VARIABLE_ASSIGNMENT|[278]|info|"common.api.soap.wsdl.RecordTypeInfo@a287f482"|0x6c0d341a
14:50:37.0 (5336395)|STATEMENT_EXECUTE|[279]
14:50:37.0 (5338561)|HEAP_ALLOCATE|[279]|Bytes:4
14:50:37.0 (5347280)|HEAP_ALLOCATE|[EXTERNAL]|Bytes:-4
14:50:37.0 (5352462)|HEAP_ALLOCATE|[276]|Bytes:5
14:50:37.0 (5356473)|VARIABLE_SCOPE_BEGIN|[276]|key|String|false|false
14:50:37.0 (5361401)|VARIABLE_ASSIGNMENT|[276]|key|"Cancelación de Adici (13 more) ..."
14:50:37.0 (5363867)|STATEMENT_EXECUTE|[276]
14:50:37.0 (5364675)|STATEMENT_EXECUTE|[278]
14:50:37.0 (5368708)|VARIABLE_SCOPE_BEGIN|[278]|info|Schema.RecordTypeInfo|true|false
14:50:37.0 (5385840)|VARIABLE_ASSIGNMENT|[278]|info|"common.api.soap.wsdl.RecordTypeInfo@9677e4f6"|0x34449c4
14:50:37.0 (5388675)|STATEMENT_EXECUTE|[279]
14:50:37.0 (5390688)|HEAP_ALLOCATE|[279]|Bytes:4
14:50:37.0 (5395976)|HEAP_ALLOCATE|[EXTERNAL]|Bytes:-4
14:50:37.0 (5400730)|HEAP_ALLOCATE|[276]|Bytes:5
14:50:37.0 (5404278)|VARIABLE_SCOPE_BEGIN|[276]|key|String|false|false
14:50:37.0 (5408949)|VARIABLE_ASSIGNMENT|[276]|key|"Cancelación de Tarje (20 more) ..."
14:50:37.0 (5411314)|STATEMENT_EXECUTE|[276]
14:50:37.0 (5412125)|STATEMENT_EXECUTE|[278]
14:50:37.0 (5416081)|VARIABLE_SCOPE_BEGIN|[278]|info|Schema.RecordTypeInfo|true|false
14:50:37.0 (5433055)|VARIABLE_ASSIGNMENT|[278]|info|"common.api.soap.wsdl.RecordTypeInfo@41ee2a4a"|0x6161cf0
14:50:37.0 (5435956)|STATEMENT_EXECUTE|[279]
14:50:37.0 (5437993)|HEAP_ALLOCATE|[279]|Bytes:4
14:50:37.0 (5442925)|HEAP_ALLOCATE|[EXTERNAL]|Bytes:-4
14:50:37.0 (5447586)|HEAP_ALLOCATE|[276]|Bytes:5
14:50:37.0 (5451448)|VARIABLE_SCOPE_BEGIN|[276]|key|String|false|false
14:50:37.0 (5456372)|VARIABLE_ASSIGNMENT|[276]|key|"Cancelación de Titul (2 more) ..."
14:50:37.0 (5458812)|STATEMENT_EXECUTE|[276]
14:50:37.0 (5459633)|STATEMENT_EXECUTE|[278]
14:50:37.0 (5463771)|VARIABLE_SCOPE_BEGIN|[278]|info|Schema.RecordTypeInfo|true|false
14:50:37.0 (5480479)|VARIABLE_ASSIGNMENT|[278]|info|"common.api.soap.wsdl.RecordTypeInfo@f3aa61a5"|0x6eac693f
14:50:37.0 (5483329)|STATEMENT_EXECUTE|[279]
14:50:37.0 (5485397)|HEAP_ALLOCATE|[279]|Bytes:4
14:50:37.0 (5490411)|HEAP_ALLOCATE|[EXTERNAL]|Bytes:-4
14:50:37.0 (5495092)|HEAP_ALLOCATE|[276]|Bytes:5
14:50:37.0 (5498721)|VARIABLE_SCOPE_BEGIN|[276]|key|String|false|false
14:50:37.0 (5503691)|VARIABLE_ASSIGNMENT|[276]|key|"Cancelación por fall (30 more) ..."
14:50:37.0 (5506033)|STATEMENT_EXECUTE|[276]
14:50:37.0 (5506873)|STATEMENT_EXECUTE|[278]
14:50:37.0 (5510842)|VARIABLE_SCOPE_BEGIN|[278]|info|Schema.RecordTypeInfo|true|false
14:50:37.0 (5527060)|VARIABLE_ASSIGNMENT|[278]|info|"common.api.soap.wsdl.RecordTypeInfo@c2aa1923"|0x6b842d14
14:50:37.0 (5529863)|STATEMENT_EXECUTE|[279]
14:50:37.0 (5531763)|HEAP_ALLOCATE|[279]|Bytes:4
14:50:37.0 (5536726)|HEAP_ALLOCATE|[EXTERNAL]|Bytes:-4
14:50:37.0 (5541506)|HEAP_ALLOCATE|[276]|Bytes:5
14:50:37.0 (5545211)|VARIABLE_SCOPE_BEGIN|[276]|key|String|false|false
14:50:37.0 (5550036)|VARIABLE_ASSIGNMENT|[276]|key|"Cargo No Reconocido  (8 more) ..."
14:50:37.0 (5552176)|STATEMENT_EXECUTE|[276]
14:50:37.0 (5552986)|STATEMENT_EXECUTE|[278]
14:50:37.0 (5556838)|VARIABLE_SCOPE_BEGIN|[278]|info|Schema.RecordTypeInfo|true|false
14:50:37.0 (5573395)|VARIABLE_ASSIGNMENT|[278]|info|"common.api.soap.wsdl.RecordTypeInfo@9d794691"|0x4a2f53c9
14:50:37.0 (5576275)|STATEMENT_EXECUTE|[279]
14:50:37.0 (5578260)|HEAP_ALLOCATE|[279]|Bytes:4
14:50:37.0 (5583351)|HEAP_ALLOCATE|[EXTERNAL]|Bytes:-4
14:50:37.0 (5588145)|HEAP_ALLOCATE|[276]|Bytes:5
14:50:37.0 (5591709)|VARIABLE_SCOPE_BEGIN|[276]|key|String|false|false
14:50:37.0 (5596436)|VARIABLE_ASSIGNMENT|[276]|key|"Cargo no reconocido"
14:50:37.0 (5598509)|STATEMENT_EXECUTE|[276]
14:50:37.0 (5599321)|STATEMENT_EXECUTE|[278]
14:50:37.0 (5603267)|VARIABLE_SCOPE_BEGIN|[278]|info|Schema.RecordTypeInfo|true|false
14:50:37.0 (5619822)|VARIABLE_ASSIGNMENT|[278]|info|"common.api.soap.wsdl.RecordTypeInfo@18d8e370"|0x7ce837e0
14:50:37.0 (5622740)|STATEMENT_EXECUTE|[279]
14:50:37.0 (5624717)|HEAP_ALLOCATE|[279]|Bytes:4
14:50:37.0 (5629462)|HEAP_ALLOCATE|[EXTERNAL]|Bytes:-4
14:50:37.0 (5634104)|HEAP_ALLOCATE|[276]|Bytes:5
14:50:37.0 (5637813)|VARIABLE_SCOPE_BEGIN|[276]|key|String|false|false
14:50:37.0 (5642345)|VARIABLE_ASSIGNMENT|[276]|key|"Carta Finiquito"
14:50:37.0 (5644506)|STATEMENT_EXECUTE|[276]
14:50:37.0 (5645353)|STATEMENT_EXECUTE|[278]
14:50:37.0 (5649207)|VARIABLE_SCOPE_BEGIN|[278]|info|Schema.RecordTypeInfo|true|false
14:50:37.0 (5665787)|VARIABLE_ASSIGNMENT|[278]|info|"common.api.soap.wsdl.RecordTypeInfo@b7d2cccc"|0x71004cd3
14:50:37.0 (5668670)|STATEMENT_EXECUTE|[279]
14:50:37.0 (5670632)|HEAP_ALLOCATE|[279]|Bytes:4
14:50:37.0 (5675416)|HEAP_ALLOCATE|[EXTERNAL]|Bytes:-4
14:50:37.0 (5680126)|HEAP_ALLOCATE|[276]|Bytes:5
14:50:37.0 (5683740)|VARIABLE_SCOPE_BEGIN|[276]|key|String|false|false
14:50:37.0 (5688457)|VARIABLE_ASSIGNMENT|[276]|key|"Cliente en Mora Grav (1 more) ..."
14:50:37.0 (5690716)|STATEMENT_EXECUTE|[276]
14:50:37.0 (5691567)|STATEMENT_EXECUTE|[278]
14:50:37.0 (5695412)|VARIABLE_SCOPE_BEGIN|[278]|info|Schema.RecordTypeInfo|true|false
14:50:37.0 (5711586)|VARIABLE_ASSIGNMENT|[278]|info|"common.api.soap.wsdl.RecordTypeInfo@85d25fd8"|0x3b26236a
14:50:37.0 (5714387)|STATEMENT_EXECUTE|[279]
14:50:37.0 (5716268)|HEAP_ALLOCATE|[279]|Bytes:4
14:50:37.0 (5721216)|HEAP_ALLOCATE|[EXTERNAL]|Bytes:-4
14:50:37.0 (5725950)|HEAP_ALLOCATE|[276]|Bytes:5
14:50:37.0 (5729645)|VARIABLE_SCOPE_BEGIN|[276]|key|String|false|false
14:50:37.0 (5734369)|VARIABLE_ASSIGNMENT|[276]|key|"Cobro a Persona Equi (6 more) ..."
14:50:37.0 (5736435)|STATEMENT_EXECUTE|[276]
14:50:37.0 (5737270)|STATEMENT_EXECUTE|[278]
14:50:37.0 (5742146)|VARIABLE_SCOPE_BEGIN|[278]|info|Schema.RecordTypeInfo|true|false
14:50:37.0 (5762915)|VARIABLE_ASSIGNMENT|[278]|info|"common.api.soap.wsdl.RecordTypeInfo@2a2b8d4f"|0xba79edc
14:50:37.0 (5766684)|STATEMENT_EXECUTE|[279]
14:50:37.0 (5769086)|HEAP_ALLOCATE|[279]|Bytes:4
14:50:37.0 (5774826)|HEAP_ALLOCATE|[EXTERNAL]|Bytes:-4
14:50:37.0 (5779769)|HEAP_ALLOCATE|[276]|Bytes:5
14:50:37.0 (5783432)|VARIABLE_SCOPE_BEGIN|[276]|key|String|false|false
14:50:37.0 (5787934)|VARIABLE_ASSIGNMENT|[276]|key|"Compra no diferida"
14:50:37.0 (5789984)|STATEMENT_EXECUTE|[276]
14:50:37.0 (5790826)|STATEMENT_EXECUTE|[278]
14:50:37.0 (5794770)|VARIABLE_SCOPE_BEGIN|[278]|info|Schema.RecordTypeInfo|true|false
14:50:37.0 (5812321)|VARIABLE_ASSIGNMENT|[278]|info|"common.api.soap.wsdl.RecordTypeInfo@2b1f53cf"|0x36cdef7f
14:50:37.0 (5815285)|STATEMENT_EXECUTE|[279]
14:50:37.0 (5817221)|HEAP_ALLOCATE|[279]|Bytes:4
14:50:37.0 (5822339)|HEAP_ALLOCATE|[EXTERNAL]|Bytes:-4
14:50:37.0 (5827155)|HEAP_ALLOCATE|[276]|Bytes:5
14:50:37.0 (5830751)|VARIABLE_SCOPE_BEGIN|[276]|key|String|false|false
14:50:37.0 (5835554)|VARIABLE_ASSIGNMENT|[276]|key|"Compra no diferida ( (7 more) ..."
14:50:37.0 (5837688)|STATEMENT_EXECUTE|[276]
14:50:37.0 (5838510)|STATEMENT_EXECUTE|[278]
14:50:37.0 (5842588)|VARIABLE_SCOPE_BEGIN|[278]|info|Schema.RecordTypeInfo|true|false
14:50:37.0 (5859423)|VARIABLE_ASSIGNMENT|[278]|info|"common.api.soap.wsdl.RecordTypeInfo@b545a3a2"|0x45d84ba1
14:50:37.0 (5862274)|STATEMENT_EXECUTE|[279]
14:50:37.0 (5864104)|HEAP_ALLOCATE|[279]|Bytes:4
14:50:37.0 (5869048)|HEAP_ALLOCATE|[EXTERNAL]|Bytes:-4
14:50:37.0 (5873796)|HEAP_ALLOCATE|[276]|Bytes:5
14:50:37.0 (5877485)|VARIABLE_SCOPE_BEGIN|[276]|key|String|false|false
14:50:37.0 (5881690)|VARIABLE_ASSIGNMENT|[276]|key|"Condonación"
14:50:37.0 (5884136)|STATEMENT_EXECUTE|[276]
14:50:37.0 (5884958)|STATEMENT_EXECUTE|[278]
14:50:37.0 (5888909)|VARIABLE_SCOPE_BEGIN|[278]|info|Schema.RecordTypeInfo|true|false
14:50:37.0 (5905600)|VARIABLE_ASSIGNMENT|[278]|info|"common.api.soap.wsdl.RecordTypeInfo@bf74e2cb"|0x4f6f1d03
14:50:37.0 (5908381)|STATEMENT_EXECUTE|[279]
14:50:37.0 (5910258)|HEAP_ALLOCATE|[279]|Bytes:4
14:50:37.0 (5915285)|HEAP_ALLOCATE|[EXTERNAL]|Bytes:-4
14:50:37.0 (5919984)|HEAP_ALLOCATE|[276]|Bytes:5
14:50:37.0 (5923629)|VARIABLE_SCOPE_BEGIN|[276]|key|String|false|false
14:50:37.0 (5928337)|VARIABLE_ASSIGNMENT|[276]|key|"Consulta Fecha Corte (18 more) ..."
14:50:37.0 (5930542)|STATEMENT_EXECUTE|[276]
14:50:37.0 (5931373)|STATEMENT_EXECUTE|[278]
14:50:37.0 (5935332)|VARIABLE_SCOPE_BEGIN|[278]|info|Schema.RecordTypeInfo|true|false
14:50:37.0 (5952069)|VARIABLE_ASSIGNMENT|[278]|info|"common.api.soap.wsdl.RecordTypeInfo@edebf001"|0x78893b4c
14:50:37.0 (5954949)|STATEMENT_EXECUTE|[279]
14:50:37.0 (5956764)|HEAP_ALLOCATE|[279]|Bytes:4
14:50:37.0 (5961680)|HEAP_ALLOCATE|[EXTERNAL]|Bytes:-4
14:50:37.0 (5966567)|HEAP_ALLOCATE|[276]|Bytes:5
14:50:37.0 (5970179)|VARIABLE_SCOPE_BEGIN|[276]|key|String|false|false
14:50:37.0 (5974825)|VARIABLE_ASSIGNMENT|[276]|key|"Consulta Límite Créd (16 more) ..."
14:50:37.0 (5977305)|STATEMENT_EXECUTE|[276]
14:50:37.0 (5978117)|STATEMENT_EXECUTE|[278]
14:50:37.0 (5981996)|VARIABLE_SCOPE_BEGIN|[278]|info|Schema.RecordTypeInfo|true|false
14:50:37.0 (5998518)|VARIABLE_ASSIGNMENT|[278]|info|"common.api.soap.wsdl.RecordTypeInfo@df78061f"|0x21e68535
14:50:37.0 (6002731)|STATEMENT_EXECUTE|[279]
14:50:37.0 (6006376)|HEAP_ALLOCATE|[279]|Bytes:4
14:50:37.0 (6014724)|HEAP_ALLOCATE|[EXTERNAL]|Bytes:-4
14:50:37.0 (6021899)|HEAP_ALLOCATE|[276]|Bytes:5
14:50:37.0 (6027720)|VARIABLE_SCOPE_BEGIN|[276]|key|String|false|false
14:50:37.0 (6035088)|VARIABLE_ASSIGNMENT|[276]|key|"Consulta de Movimien (3 more) ..."
14:50:37.0 (6038261)|STATEMENT_EXECUTE|[276]
14:50:37.0 (6039250)|STATEMENT_EXECUTE|[278]
14:50:37.0 (6045012)|VARIABLE_SCOPE_BEGIN|[278]|info|Schema.RecordTypeInfo|true|false
14:50:37.0 (6073651)|VARIABLE_ASSIGNMENT|[278]|info|"common.api.soap.wsdl.RecordTypeInfo@c09e846b"|0x266447eb
14:50:37.0 (6079814)|STATEMENT_EXECUTE|[279]
14:50:37.0 (6083634)|HEAP_ALLOCATE|[279]|Bytes:4
14:50:37.0 (6092930)|HEAP_ALLOCATE|[EXTERNAL]|Bytes:-4
14:50:37.0 (6100868)|HEAP_ALLOCATE|[276]|Bytes:5
14:50:37.0 (6106999)|VARIABLE_SCOPE_BEGIN|[276]|key|String|false|false
14:50:37.0 (6113611)|VARIABLE_ASSIGNMENT|[276]|key|"Consulta de PAN"
14:50:37.0 (6116851)|STATEMENT_EXECUTE|[276]
14:50:37.0 (6118176)|STATEMENT_EXECUTE|[278]
14:50:37.0 (6124450)|VARIABLE_SCOPE_BEGIN|[278]|info|Schema.RecordTypeInfo|true|false
14:50:37.0 (6153064)|VARIABLE_ASSIGNMENT|[278]|info|"common.api.soap.wsdl.RecordTypeInfo@33de21de"|0x11d4c121
14:50:37.0 (6158211)|STATEMENT_EXECUTE|[279]
14:50:37.0 (6162075)|HEAP_ALLOCATE|[279]|Bytes:4
14:50:37.0 (6171835)|HEAP_ALLOCATE|[EXTERNAL]|Bytes:-4
14:50:37.0 (6179843)|HEAP_ALLOCATE|[276]|Bytes:5
14:50:37.0 (6187128)|VARIABLE_SCOPE_BEGIN|[276]|key|String|false|false
14:50:37.0 (6195367)|VARIABLE_ASSIGNMENT|[276]|key|"Consulta de Saldo a  (5 more) ..."
14:50:37.0 (6198718)|STATEMENT_EXECUTE|[276]
14:50:37.0 (6199826)|STATEMENT_EXECUTE|[278]
14:50:37.0 (6206507)|VARIABLE_SCOPE_BEGIN|[278]|info|Schema.RecordTypeInfo|true|false
14:50:37.0 (6234782)|VARIABLE_ASSIGNMENT|[278]|info|"common.api.soap.wsdl.RecordTypeInfo@287bf5b3"|0x2036cb0c
14:50:37.0 (6239926)|STATEMENT_EXECUTE|[279]
14:50:37.0 (6243883)|HEAP_ALLOCATE|[279]|Bytes:4
14:50:37.0 (6253876)|HEAP_ALLOCATE|[EXTERNAL]|Bytes:-4
14:50:37.0 (6261398)|HEAP_ALLOCATE|[276]|Bytes:5
14:50:37.0 (6267488)|VARIABLE_SCOPE_BEGIN|[276]|key|String|false|false
14:50:37.0 (6274245)|VARIABLE_ASSIGNMENT|[276]|key|"Consulta de Saldos y (12 more) ..."
14:50:37.0 (6277756)|STATEMENT_EXECUTE|[276]
14:50:37.0 (6278943)|STATEMENT_EXECUTE|[278]
14:50:37.0 (6284834)|VARIABLE_SCOPE_BEGIN|[278]|info|Schema.RecordTypeInfo|true|false
14:50:37.0 (6313049)|VARIABLE_ASSIGNMENT|[278]|info|"common.api.soap.wsdl.RecordTypeInfo@3a09b8e5"|0x35ec3d12
14:50:37.0 (6318756)|STATEMENT_EXECUTE|[279]
14:50:37.0 (6322048)|HEAP_ALLOCATE|[279]|Bytes:4
14:50:37.0 (6340892)|HEAP_ALLOCATE|[EXTERNAL]|Bytes:-4
14:50:37.0 (6349214)|HEAP_ALLOCATE|[276]|Bytes:5
14:50:37.0 (6355518)|VARIABLE_SCOPE_BEGIN|[276]|key|String|false|false
14:50:37.0 (6363123)|VARIABLE_ASSIGNMENT|[276]|key|"Consulta de Seguros"
14:50:37.0 (6366957)|STATEMENT_EXECUTE|[276]
14:50:37.0 (6368090)|STATEMENT_EXECUTE|[278]
14:50:37.0 (6374989)|VARIABLE_SCOPE_BEGIN|[278]|info|Schema.RecordTypeInfo|true|false
14:50:37.0 (6406055)|VARIABLE_ASSIGNMENT|[278]|info|"common.api.soap.wsdl.RecordTypeInfo@cf799212"|0x31b36f5b
14:50:37.0 (6411381)|STATEMENT_EXECUTE|[279]
14:50:37.0 (6414625)|HEAP_ALLOCATE|[279]|Bytes:4
14:50:37.0 (6423066)|HEAP_ALLOCATE|[EXTERNAL]|Bytes:-4
14:50:37.0 (6429664)|HEAP_ALLOCATE|[276]|Bytes:5
14:50:37.0 (6435773)|VARIABLE_SCOPE_BEGIN|[276]|key|String|false|false
14:50:37.0 (6441899)|VARIABLE_ASSIGNMENT|[276]|key|"Contrato manual"
14:50:37.0 (6445486)|STATEMENT_EXECUTE|[276]
14:50:37.0 (6446733)|STATEMENT_EXECUTE|[278]
14:50:37.0 (6453313)|VARIABLE_SCOPE_BEGIN|[278]|info|Schema.RecordTypeInfo|true|false
14:50:37.0 (6480494)|VARIABLE_ASSIGNMENT|[278]|info|"common.api.soap.wsdl.RecordTypeInfo@c7574dd9"|0x6d96d85
14:50:37.0 (6485796)|STATEMENT_EXECUTE|[279]
14:50:37.0 (6489237)|HEAP_ALLOCATE|[279]|Bytes:4
14:50:37.0 (6498565)|HEAP_ALLOCATE|[EXTERNAL]|Bytes:-4
14:50:37.0 (6505685)|HEAP_ALLOCATE|[276]|Bytes:5
14:50:37.0 (6511356)|VARIABLE_SCOPE_BEGIN|[276]|key|String|false|false
14:50:37.0 (6518873)|VARIABLE_ASSIGNMENT|[276]|key|"Desbloqueo de PIN"
14:50:37.0 (6522483)|STATEMENT_EXECUTE|[276]
14:50:37.0 (6523600)|STATEMENT_EXECUTE|[278]
14:50:37.0 (6529614)|VARIABLE_SCOPE_BEGIN|[278]|info|Schema.RecordTypeInfo|true|false
14:50:37.0 (6554639)|VARIABLE_ASSIGNMENT|[278]|info|"common.api.soap.wsdl.RecordTypeInfo@30261dc8"|0x10a1a8f9
14:50:37.0 (6558280)|STATEMENT_EXECUTE|[279]
14:50:37.0 (6560747)|HEAP_ALLOCATE|[279]|Bytes:4
14:50:37.0 (6571785)|HEAP_ALLOCATE|[EXTERNAL]|Bytes:-4
14:50:37.0 (6577291)|HEAP_ALLOCATE|[276]|Bytes:5
14:50:37.0 (6581342)|VARIABLE_SCOPE_BEGIN|[276]|key|String|false|false
14:50:37.0 (6586907)|VARIABLE_ASSIGNMENT|[276]|key|"Desconoce transacció (8 more) ..."
14:50:37.0 (6589788)|STATEMENT_EXECUTE|[276]
14:50:37.0 (6590617)|STATEMENT_EXECUTE|[278]
14:50:37.0 (6594937)|VARIABLE_SCOPE_BEGIN|[278]|info|Schema.RecordTypeInfo|true|false
14:50:37.0 (6612522)|VARIABLE_ASSIGNMENT|[278]|info|"common.api.soap.wsdl.RecordTypeInfo@96885c8c"|0x44710352
14:50:37.0 (6615866)|STATEMENT_EXECUTE|[279]
14:50:37.0 (6617792)|HEAP_ALLOCATE|[279]|Bytes:4
14:50:37.0 (6622820)|HEAP_ALLOCATE|[EXTERNAL]|Bytes:-4
14:50:37.0 (6627820)|HEAP_ALLOCATE|[276]|Bytes:5
14:50:37.0 (6631632)|VARIABLE_SCOPE_BEGIN|[276]|key|String|false|false
14:50:37.0 (6636408)|VARIABLE_ASSIGNMENT|[276]|key|"Desconoce transacció (17 more) ..."
14:50:37.0 (6638980)|STATEMENT_EXECUTE|[276]
14:50:37.0 (6639809)|STATEMENT_EXECUTE|[278]
14:50:37.0 (6643911)|VARIABLE_SCOPE_BEGIN|[278]|info|Schema.RecordTypeInfo|true|false
14:50:37.0 (6660452)|VARIABLE_ASSIGNMENT|[278]|info|"common.api.soap.wsdl.RecordTypeInfo@aec1d09b"|0x6e926530
14:50:37.0 (6663423)|STATEMENT_EXECUTE|[279]
14:50:37.0 (6665197)|HEAP_ALLOCATE|[279]|Bytes:4
14:50:37.0 (6670233)|HEAP_ALLOCATE|[EXTERNAL]|Bytes:-4
14:50:37.0 (6675170)|HEAP_ALLOCATE|[276]|Bytes:5
14:50:37.0 (6681265)|VARIABLE_SCOPE_BEGIN|[276]|key|String|false|false
14:50:37.0 (6688453)|VARIABLE_ASSIGNMENT|[276]|key|"Emboce Centralizado"
14:50:37.0 (6691954)|STATEMENT_EXECUTE|[276]
14:50:37.0 (6693176)|STATEMENT_EXECUTE|[278]
14:50:37.0 (6699262)|VARIABLE_SCOPE_BEGIN|[278]|info|Schema.RecordTypeInfo|true|false
14:50:37.0 (6726010)|VARIABLE_ASSIGNMENT|[278]|info|"common.api.soap.wsdl.RecordTypeInfo@1e08cefd"|0x23ea8822
14:50:37.0 (6730757)|STATEMENT_EXECUTE|[279]
14:50:37.0 (6734019)|HEAP_ALLOCATE|[279]|Bytes:4
14:50:37.0 (6742722)|HEAP_ALLOCATE|[EXTERNAL]|Bytes:-4
14:50:37.0 (6750069)|HEAP_ALLOCATE|[276]|Bytes:5
14:50:37.0 (6758169)|VARIABLE_SCOPE_BEGIN|[276]|key|String|false|false
14:50:37.0 (6768272)|VARIABLE_ASSIGNMENT|[276]|key|"Estado de Cuenta No  (5 more) ..."
14:50:37.0 (6771834)|STATEMENT_EXECUTE|[276]
14:50:37.0 (6772896)|STATEMENT_EXECUTE|[278]
14:50:37.0 (6779663)|VARIABLE_SCOPE_BEGIN|[278]|info|Schema.RecordTypeInfo|true|false
14:50:37.0 (6807752)|VARIABLE_ASSIGNMENT|[278]|info|"common.api.soap.wsdl.RecordTypeInfo@5d8b692e"|0x3e110ac6
14:50:37.0 (6813163)|STATEMENT_EXECUTE|[279]
14:50:37.0 (6816108)|HEAP_ALLOCATE|[279]|Bytes:4
14:50:37.0 (6824548)|HEAP_ALLOCATE|[EXTERNAL]|Bytes:-4
14:50:37.0 (6832070)|HEAP_ALLOCATE|[276]|Bytes:5
14:50:37.0 (6839457)|VARIABLE_SCOPE_BEGIN|[276]|key|String|false|false
14:50:37.0 (6846870)|VARIABLE_ASSIGNMENT|[276]|key|"Estado de Cuenta No  (14 more) ..."
14:50:37.0 (6850270)|STATEMENT_EXECUTE|[276]
14:50:37.0 (6851756)|STATEMENT_EXECUTE|[278]
14:50:37.0 (6857385)|VARIABLE_SCOPE_BEGIN|[278]|info|Schema.RecordTypeInfo|true|false
14:50:37.0 (6884027)|VARIABLE_ASSIGNMENT|[278]|info|"common.api.soap.wsdl.RecordTypeInfo@245cdfba"|0x7236f5c5
14:50:37.0 (6888707)|STATEMENT_EXECUTE|[279]
14:50:37.0 (6892127)|HEAP_ALLOCATE|[279]|Bytes:4
14:50:37.0 (6900668)|HEAP_ALLOCATE|[EXTERNAL]|Bytes:-4
14:50:37.0 (6907339)|HEAP_ALLOCATE|[276]|Bytes:5
14:50:37.0 (6913552)|VARIABLE_SCOPE_BEGIN|[276]|key|String|false|false
14:50:37.0 (6920050)|VARIABLE_ASSIGNMENT|[276]|key|"Figital"
14:50:37.0 (6922993)|STATEMENT_EXECUTE|[276]
14:50:37.0 (6924210)|STATEMENT_EXECUTE|[278]
14:50:37.0 (6929764)|VARIABLE_SCOPE_BEGIN|[278]|info|Schema.RecordTypeInfo|true|false
14:50:37.0 (6957446)|VARIABLE_ASSIGNMENT|[278]|info|"common.api.soap.wsdl.RecordTypeInfo@7c4f98fb"|0xff0a556
14:50:37.0 (6962870)|STATEMENT_EXECUTE|[279]
14:50:37.0 (6965856)|HEAP_ALLOCATE|[279]|Bytes:4
14:50:37.0 (6974628)|HEAP_ALLOCATE|[EXTERNAL]|Bytes:-4
14:50:37.0 (6981869)|HEAP_ALLOCATE|[276]|Bytes:5
14:50:37.0 (6988008)|VARIABLE_SCOPE_BEGIN|[276]|key|String|false|false
14:50:37.0 (6995398)|VARIABLE_ASSIGNMENT|[276]|key|"Información de Promo (6 more) ..."
14:50:37.0 (6999960)|STATEMENT_EXECUTE|[276]
14:50:37.0 (7001049)|STATEMENT_EXECUTE|[278]
14:50:37.0 (7008237)|VARIABLE_SCOPE_BEGIN|[278]|info|Schema.RecordTypeInfo|true|false
14:50:37.0 (7036015)|VARIABLE_ASSIGNMENT|[278]|info|"common.api.soap.wsdl.RecordTypeInfo@cd9eb64"|0x782c9712
14:50:37.0 (7041526)|STATEMENT_EXECUTE|[279]
14:50:37.0 (7045141)|HEAP_ALLOCATE|[279]|Bytes:4
14:50:37.0 (7054106)|HEAP_ALLOCATE|[EXTERNAL]|Bytes:-4
14:50:37.0 (7061161)|HEAP_ALLOCATE|[276]|Bytes:5
14:50:37.0 (7067324)|VARIABLE_SCOPE_BEGIN|[276]|key|String|false|false
14:50:37.0 (7074594)|VARIABLE_ASSIGNMENT|[276]|key|"Invitación Canales D (8 more) ..."
14:50:37.0 (7078522)|STATEMENT_EXECUTE|[276]
14:50:37.0 (7079733)|STATEMENT_EXECUTE|[278]
14:50:37.0 (7085733)|VARIABLE_SCOPE_BEGIN|[278]|info|Schema.RecordTypeInfo|true|false
14:50:37.0 (7114297)|VARIABLE_ASSIGNMENT|[278]|info|"common.api.soap.wsdl.RecordTypeInfo@16f44053"|0x4edde5eb
14:50:37.0 (7119241)|STATEMENT_EXECUTE|[279]
14:50:37.0 (7122312)|HEAP_ALLOCATE|[279]|Bytes:4
14:50:37.0 (7130162)|HEAP_ALLOCATE|[EXTERNAL]|Bytes:-4
14:50:37.0 (7136032)|HEAP_ALLOCATE|[276]|Bytes:5
14:50:37.0 (7139970)|VARIABLE_SCOPE_BEGIN|[276]|key|String|false|false
14:50:37.0 (7144942)|VARIABLE_ASSIGNMENT|[276]|key|"Liberación de Compra (9 more) ..."
14:50:37.0 (7147565)|STATEMENT_EXECUTE|[276]
14:50:37.0 (7148393)|STATEMENT_EXECUTE|[278]
14:50:37.0 (7152997)|VARIABLE_SCOPE_BEGIN|[278]|info|Schema.RecordTypeInfo|true|false
14:50:37.0 (7171488)|VARIABLE_ASSIGNMENT|[278]|info|"common.api.soap.wsdl.RecordTypeInfo@93f08065"|0xb80b928
14:50:37.0 (7174487)|STATEMENT_EXECUTE|[279]
14:50:37.0 (7176748)|HEAP_ALLOCATE|[279]|Bytes:4
14:50:37.0 (7182230)|HEAP_ALLOCATE|[EXTERNAL]|Bytes:-4
14:50:37.0 (7187155)|HEAP_ALLOCATE|[276]|Bytes:5
14:50:37.0 (7190793)|VARIABLE_SCOPE_BEGIN|[276]|key|String|false|false
14:50:37.0 (7195702)|VARIABLE_ASSIGNMENT|[276]|key|"Liberar Saldo Reteni (11 more) ..."
14:50:37.0 (7198067)|STATEMENT_EXECUTE|[276]
14:50:37.0 (7199304)|STATEMENT_EXECUTE|[278]
14:50:37.0 (7227138)|VARIABLE_SCOPE_BEGIN|[278]|info|Schema.RecordTypeInfo|true|false
14:50:37.0 (7256705)|VARIABLE_ASSIGNMENT|[278]|info|"common.api.soap.wsdl.RecordTypeInfo@c5ec1a81"|0x1d0771b
14:50:37.0 (7261741)|STATEMENT_EXECUTE|[279]
14:50:37.0 (7265789)|HEAP_ALLOCATE|[279]|Bytes:4
14:50:37.0 (7275456)|HEAP_ALLOCATE|[EXTERNAL]|Bytes:-4
14:50:37.0 (7283077)|HEAP_ALLOCATE|[276]|Bytes:5
14:50:37.0 (7289400)|VARIABLE_SCOPE_BEGIN|[276]|key|String|false|false
14:50:37.0 (7297076)|VARIABLE_ASSIGNMENT|[276]|key|"Liberar saldo reteni (2 more) ..."
14:50:37.0 (7300447)|STATEMENT_EXECUTE|[276]
14:50:37.0 (7301690)|STATEMENT_EXECUTE|[278]
14:50:37.0 (7308526)|VARIABLE_SCOPE_BEGIN|[278]|info|Schema.RecordTypeInfo|true|false
14:50:37.0 (7337578)|VARIABLE_ASSIGNMENT|[278]|info|"common.api.soap.wsdl.RecordTypeInfo@a1b19da2"|0x1d58f434
14:50:37.0 (7343006)|STATEMENT_EXECUTE|[279]
14:50:37.0 (7346840)|HEAP_ALLOCATE|[279]|Bytes:4
14:50:37.0 (7355610)|HEAP_ALLOCATE|[EXTERNAL]|Bytes:-4
14:50:37.0 (7362821)|HEAP_ALLOCATE|[276]|Bytes:5
14:50:37.0 (7369243)|VARIABLE_SCOPE_BEGIN|[276]|key|String|false|false
14:50:37.0 (7375974)|VARIABLE_ASSIGNMENT|[276]|key|"Mal proceso de cobro"
14:50:37.0 (7379513)|STATEMENT_EXECUTE|[276]
14:50:37.0 (7380708)|STATEMENT_EXECUTE|[278]
14:50:37.0 (7387306)|VARIABLE_SCOPE_BEGIN|[278]|info|Schema.RecordTypeInfo|true|false
14:50:37.0 (7415468)|VARIABLE_ASSIGNMENT|[278]|info|"common.api.soap.wsdl.RecordTypeInfo@41b8e3ba"|0x3c8ba8c9
14:50:37.0 (7421261)|STATEMENT_EXECUTE|[279]
14:50:37.0 (7424773)|HEAP_ALLOCATE|[279]|Bytes:4
14:50:37.0 (7433955)|HEAP_ALLOCATE|[EXTERNAL]|Bytes:-4
14:50:37.0 (7440725)|HEAP_ALLOCATE|[276]|Bytes:5
14:50:37.0 (7446966)|VARIABLE_SCOPE_BEGIN|[276]|key|String|false|false
14:50:37.0 (7454426)|VARIABLE_ASSIGNMENT|[276]|key|"Notificación Publici (3 more) ..."
14:50:37.0 (7458294)|STATEMENT_EXECUTE|[276]
14:50:37.0 (7459415)|STATEMENT_EXECUTE|[278]
14:50:37.0 (7466100)|VARIABLE_SCOPE_BEGIN|[278]|info|Schema.RecordTypeInfo|true|false
14:50:37.0 (7493117)|VARIABLE_ASSIGNMENT|[278]|info|"common.api.soap.wsdl.RecordTypeInfo@4196691a"|0x32cc0f89
14:50:37.0 (7496782)|STATEMENT_EXECUTE|[279]
14:50:37.0 (7499317)|HEAP_ALLOCATE|[279]|Bytes:4
14:50:37.0 (7505767)|HEAP_ALLOCATE|[EXTERNAL]|Bytes:-4
14:50:37.0 (7511041)|HEAP_ALLOCATE|[276]|Bytes:5
14:50:37.0 (7515158)|VARIABLE_SCOPE_BEGIN|[276]|key|String|false|false
14:50:37.0 (7520117)|VARIABLE_ASSIGNMENT|[276]|key|"Pago No Aplicado"
14:50:37.0 (7522282)|STATEMENT_EXECUTE|[276]
14:50:37.0 (7523148)|STATEMENT_EXECUTE|[278]
14:50:37.0 (7527656)|VARIABLE_SCOPE_BEGIN|[278]|info|Schema.RecordTypeInfo|true|false
14:50:37.0 (7552385)|VARIABLE_ASSIGNMENT|[278]|info|"common.api.soap.wsdl.RecordTypeInfo@6663c20"|0x30a6de64
14:50:37.0 (7557656)|STATEMENT_EXECUTE|[279]
14:50:37.0 (7560965)|HEAP_ALLOCATE|[279]|Bytes:4
14:50:37.0 (7568282)|HEAP_ALLOCATE|[EXTERNAL]|Bytes:-4
14:50:37.0 (7575494)|HEAP_ALLOCATE|[276]|Bytes:5
14:50:37.0 (7581505)|VARIABLE_SCOPE_BEGIN|[276]|key|String|false|false
14:50:37.0 (7589101)|VARIABLE_ASSIGNMENT|[276]|key|"Pago No Aplicado (Mó (5 more) ..."
14:50:37.0 (7593097)|STATEMENT_EXECUTE|[276]
14:50:37.0 (7594157)|STATEMENT_EXECUTE|[278]
14:50:37.0 (7600575)|VARIABLE_SCOPE_BEGIN|[278]|info|Schema.RecordTypeInfo|true|false
14:50:37.0 (7629836)|VARIABLE_ASSIGNMENT|[278]|info|"common.api.soap.wsdl.RecordTypeInfo@8334e7ee"|0x6a056510
14:50:37.0 (7635291)|STATEMENT_EXECUTE|[279]
14:50:37.0 (7638864)|HEAP_ALLOCATE|[279]|Bytes:4
14:50:37.0 (7649207)|HEAP_ALLOCATE|[EXTERNAL]|Bytes:-4
14:50:37.0 (7657613)|HEAP_ALLOCATE|[276]|Bytes:5
14:50:37.0 (7664124)|VARIABLE_SCOPE_BEGIN|[276]|key|String|false|false
14:50:37.0 (7671856)|VARIABLE_ASSIGNMENT|[276]|key|"Plan de Pagos"
14:50:37.0 (7675781)|STATEMENT_EXECUTE|[276]
14:50:37.0 (7677084)|STATEMENT_EXECUTE|[278]
14:50:37.0 (7683709)|VARIABLE_SCOPE_BEGIN|[278]|info|Schema.RecordTypeInfo|true|false
14:50:37.0 (7714101)|VARIABLE_ASSIGNMENT|[278]|info|"common.api.soap.wsdl.RecordTypeInfo@153377c6"|0xb295579
14:50:37.0 (7719710)|STATEMENT_EXECUTE|[279]
14:50:37.0 (7723226)|HEAP_ALLOCATE|[279]|Bytes:4
14:50:37.0 (7732861)|HEAP_ALLOCATE|[EXTERNAL]|Bytes:-4
14:50:37.0 (7741295)|HEAP_ALLOCATE|[276]|Bytes:5
14:50:37.0 (7747504)|VARIABLE_SCOPE_BEGIN|[276]|key|String|false|false
14:50:37.0 (7755243)|VARIABLE_ASSIGNMENT|[276]|key|"Promoción no Aplicad (1 more) ..."
14:50:37.0 (7759722)|STATEMENT_EXECUTE|[276]
14:50:37.0 (7761021)|STATEMENT_EXECUTE|[278]
14:50:37.0 (7767746)|VARIABLE_SCOPE_BEGIN|[278]|info|Schema.RecordTypeInfo|true|false
14:50:37.0 (7798080)|VARIABLE_ASSIGNMENT|[278]|info|"common.api.soap.wsdl.RecordTypeInfo@48530913"|0x594ba3d2
14:50:37.0 (7803007)|STATEMENT_EXECUTE|[279]
14:50:37.0 (7806090)|HEAP_ALLOCATE|[279]|Bytes:4
14:50:37.0 (7816280)|HEAP_ALLOCATE|[EXTERNAL]|Bytes:-4
14:50:37.0 (7824151)|HEAP_ALLOCATE|[276]|Bytes:5
14:50:37.0 (7830482)|VARIABLE_SCOPE_BEGIN|[276]|key|String|false|false
14:50:37.0 (7839657)|VARIABLE_ASSIGNMENT|[276]|key|"Promoción no Aplicad (10 more) ..."
14:50:37.0 (7843801)|STATEMENT_EXECUTE|[276]
14:50:37.0 (7845056)|STATEMENT_EXECUTE|[278]
14:50:37.0 (7852073)|VARIABLE_SCOPE_BEGIN|[278]|info|Schema.RecordTypeInfo|true|false
14:50:37.0 (7881345)|VARIABLE_ASSIGNMENT|[278]|info|"common.api.soap.wsdl.RecordTypeInfo@54ed86c2"|0x5f981361
14:50:37.0 (7886641)|STATEMENT_EXECUTE|[279]
14:50:37.0 (7889820)|HEAP_ALLOCATE|[279]|Bytes:4
14:50:37.0 (7900107)|HEAP_ALLOCATE|[EXTERNAL]|Bytes:-4
14:50:37.0 (7907830)|HEAP_ALLOCATE|[276]|Bytes:5
14:50:37.0 (7914195)|VARIABLE_SCOPE_BEGIN|[276]|key|String|false|false
14:50:37.0 (7921006)|VARIABLE_ASSIGNMENT|[276]|key|"Préstamo Personal"
14:50:37.0 (7924825)|STATEMENT_EXECUTE|[276]
14:50:37.0 (7926035)|STATEMENT_EXECUTE|[278]
14:50:37.0 (7932594)|VARIABLE_SCOPE_BEGIN|[278]|info|Schema.RecordTypeInfo|true|false
14:50:37.0 (7962933)|VARIABLE_ASSIGNMENT|[278]|info|"common.api.soap.wsdl.RecordTypeInfo@e847229"|0x1e74d067
14:50:37.0 (7967764)|STATEMENT_EXECUTE|[279]
14:50:37.0 (7971015)|HEAP_ALLOCATE|[279]|Bytes:4
14:50:37.0 (7980221)|HEAP_ALLOCATE|[EXTERNAL]|Bytes:-4
14:50:37.0 (7987374)|HEAP_ALLOCATE|[276]|Bytes:5
14:50:37.0 (7993634)|VARIABLE_SCOPE_BEGIN|[276]|key|String|false|false
14:50:37.0 (8001379)|VARIABLE_ASSIGNMENT|[276]|key|"QR"
14:50:37.0 (8006051)|STATEMENT_EXECUTE|[276]
14:50:37.0 (8007180)|STATEMENT_EXECUTE|[278]
14:50:37.0 (8014176)|VARIABLE_SCOPE_BEGIN|[278]|info|Schema.RecordTypeInfo|true|false
14:50:37.0 (8043070)|VARIABLE_ASSIGNMENT|[278]|info|"common.api.soap.wsdl.RecordTypeInfo@a3ca910f"|0x5fb7dc4d
14:50:37.0 (8047920)|STATEMENT_EXECUTE|[279]
14:50:37.0 (8051583)|HEAP_ALLOCATE|[279]|Bytes:4
14:50:37.0 (8060041)|HEAP_ALLOCATE|[EXTERNAL]|Bytes:-4
14:50:37.0 (8067250)|HEAP_ALLOCATE|[276]|Bytes:5
14:50:37.0 (8073490)|VARIABLE_SCOPE_BEGIN|[276]|key|String|false|false
14:50:37.0 (8080495)|VARIABLE_ASSIGNMENT|[276]|key|"Quejas y Sugerencias"
14:50:37.0 (8083564)|STATEMENT_EXECUTE|[276]
14:50:37.0 (8084661)|STATEMENT_EXECUTE|[278]
14:50:37.0 (8090644)|VARIABLE_SCOPE_BEGIN|[278]|info|Schema.RecordTypeInfo|true|false
14:50:37.0 (8112180)|VARIABLE_ASSIGNMENT|[278]|info|"common.api.soap.wsdl.RecordTypeInfo@990e8655"|0x5b66a15a
14:50:37.0 (8115572)|STATEMENT_EXECUTE|[279]
14:50:37.0 (8117929)|HEAP_ALLOCATE|[279]|Bytes:4
14:50:37.0 (8123732)|HEAP_ALLOCATE|[EXTERNAL]|Bytes:-4
14:50:37.0 (8128945)|HEAP_ALLOCATE|[276]|Bytes:5
14:50:37.0 (8132938)|VARIABLE_SCOPE_BEGIN|[276]|key|String|false|false
14:50:37.0 (8138363)|VARIABLE_ASSIGNMENT|[276]|key|"Quejas y/o Sugerenci (11 more) ..."
14:50:37.0 (8140443)|STATEMENT_EXECUTE|[276]
14:50:37.0 (8141282)|STATEMENT_EXECUTE|[278]
14:50:37.0 (8145512)|VARIABLE_SCOPE_BEGIN|[278]|info|Schema.RecordTypeInfo|true|false
14:50:37.0 (8162947)|VARIABLE_ASSIGNMENT|[278]|info|"common.api.soap.wsdl.RecordTypeInfo@c16a1b67"|0x44fab24c
14:50:37.0 (8166118)|STATEMENT_EXECUTE|[279]
14:50:37.0 (8168134)|HEAP_ALLOCATE|[279]|Bytes:4
14:50:37.0 (8173535)|HEAP_ALLOCATE|[EXTERNAL]|Bytes:-4
14:50:37.0 (8178400)|HEAP_ALLOCATE|[276]|Bytes:5
14:50:37.0 (8182047)|VARIABLE_SCOPE_BEGIN|[276]|key|String|false|false
14:50:37.0 (8186317)|VARIABLE_ASSIGNMENT|[276]|key|"Quita"
14:50:37.0 (8188476)|STATEMENT_EXECUTE|[276]
14:50:37.0 (8189299)|STATEMENT_EXECUTE|[278]
14:50:37.0 (8193560)|VARIABLE_SCOPE_BEGIN|[278]|info|Schema.RecordTypeInfo|true|false
14:50:37.0 (8210457)|VARIABLE_ASSIGNMENT|[278]|info|"common.api.soap.wsdl.RecordTypeInfo@537d4e99"|0x7c35b55c
14:50:37.0 (8214980)|STATEMENT_EXECUTE|[279]
14:50:37.0 (8217579)|HEAP_ALLOCATE|[279]|Bytes:4
14:50:37.0 (8225122)|HEAP_ALLOCATE|[EXTERNAL]|Bytes:-4
14:50:37.0 (8232021)|HEAP_ALLOCATE|[276]|Bytes:5
14:50:37.0 (8237824)|VARIABLE_SCOPE_BEGIN|[276]|key|String|false|false
14:50:37.0 (8244157)|VARIABLE_ASSIGNMENT|[276]|key|"REDECO"
14:50:37.0 (8247611)|STATEMENT_EXECUTE|[276]
14:50:37.0 (8248715)|STATEMENT_EXECUTE|[278]
14:50:37.0 (8254776)|VARIABLE_SCOPE_BEGIN|[278]|info|Schema.RecordTypeInfo|true|false
14:50:37.0 (8283480)|VARIABLE_ASSIGNMENT|[278]|info|"common.api.soap.wsdl.RecordTypeInfo@21ba273d"|0x1d014b23
14:50:37.0 (8288941)|STATEMENT_EXECUTE|[279]
14:50:37.0 (8292059)|HEAP_ALLOCATE|[279]|Bytes:4
14:50:37.0 (8300740)|HEAP_ALLOCATE|[EXTERNAL]|Bytes:-4
14:50:37.0 (8307894)|HEAP_ALLOCATE|[276]|Bytes:5
14:50:37.0 (8313899)|VARIABLE_SCOPE_BEGIN|[276]|key|String|false|false
14:50:37.0 (8322716)|VARIABLE_ASSIGNMENT|[276]|key|"Reenvío de Estado de (7 more) ..."
14:50:37.0 (8326807)|STATEMENT_EXECUTE|[276]
14:50:37.0 (8328114)|STATEMENT_EXECUTE|[278]
14:50:37.0 (8334725)|VARIABLE_SCOPE_BEGIN|[278]|info|Schema.RecordTypeInfo|true|false
14:50:37.0 (8363152)|VARIABLE_ASSIGNMENT|[278]|info|"common.api.soap.wsdl.RecordTypeInfo@2f4fb732"|0x730345a8
14:50:37.0 (8368334)|STATEMENT_EXECUTE|[279]
14:50:37.0 (8371720)|HEAP_ALLOCATE|[279]|Bytes:4
14:50:37.0 (8380546)|HEAP_ALLOCATE|[EXTERNAL]|Bytes:-4
14:50:37.0 (8388344)|HEAP_ALLOCATE|[276]|Bytes:5
14:50:37.0 (8394658)|VARIABLE_SCOPE_BEGIN|[276]|key|String|false|false
14:50:37.0 (8401231)|VARIABLE_ASSIGNMENT|[276]|key|"Reestructura"
14:50:37.0 (8404561)|STATEMENT_EXECUTE|[276]
14:50:37.0 (8405420)|STATEMENT_EXECUTE|[278]
14:50:37.0 (8410190)|VARIABLE_SCOPE_BEGIN|[278]|info|Schema.RecordTypeInfo|true|false
14:50:37.0 (8429579)|VARIABLE_ASSIGNMENT|[278]|info|"common.api.soap.wsdl.RecordTypeInfo@f96295ed"|0x627ae156
14:50:37.0 (8432755)|STATEMENT_EXECUTE|[279]
14:50:37.0 (8435026)|HEAP_ALLOCATE|[279]|Bytes:4
14:50:37.0 (8440623)|HEAP_ALLOCATE|[EXTERNAL]|Bytes:-4
14:50:37.0 (8445675)|HEAP_ALLOCATE|[276]|Bytes:5
14:50:37.0 (8449508)|VARIABLE_SCOPE_BEGIN|[276]|key|String|false|false
14:50:37.0 (8454337)|VARIABLE_ASSIGNMENT|[276]|key|"Remisión"
14:50:37.0 (8456939)|STATEMENT_EXECUTE|[276]
14:50:37.0 (8457814)|STATEMENT_EXECUTE|[278]
14:50:37.0 (8462044)|VARIABLE_SCOPE_BEGIN|[278]|info|Schema.RecordTypeInfo|true|false
14:50:37.0 (8479538)|VARIABLE_ASSIGNMENT|[278]|info|"common.api.soap.wsdl.RecordTypeInfo@e1e2d95d"|0x33b43710
14:50:37.0 (8482509)|STATEMENT_EXECUTE|[279]
14:50:37.0 (8484384)|HEAP_ALLOCATE|[279]|Bytes:4
14:50:37.0 (8489638)|HEAP_ALLOCATE|[EXTERNAL]|Bytes:-4
14:50:37.0 (8494381)|HEAP_ALLOCATE|[276]|Bytes:5
14:50:37.0 (8498118)|VARIABLE_SCOPE_BEGIN|[276]|key|String|false|false
14:50:37.0 (8502404)|VARIABLE_ASSIGNMENT|[276]|key|"Renegociación"
14:50:37.0 (8504988)|STATEMENT_EXECUTE|[276]
14:50:37.0 (8505801)|STATEMENT_EXECUTE|[278]
14:50:37.0 (8509923)|VARIABLE_SCOPE_BEGIN|[278]|info|Schema.RecordTypeInfo|true|false
14:50:37.0 (8526581)|VARIABLE_ASSIGNMENT|[278]|info|"common.api.soap.wsdl.RecordTypeInfo@23cd8d41"|0x247b2a16
14:50:37.0 (8529360)|STATEMENT_EXECUTE|[279]
14:50:37.0 (8531268)|HEAP_ALLOCATE|[279]|Bytes:4
14:50:37.0 (8536798)|HEAP_ALLOCATE|[EXTERNAL]|Bytes:-4
14:50:37.0 (8541515)|HEAP_ALLOCATE|[276]|Bytes:5
14:50:37.0 (8545210)|VARIABLE_SCOPE_BEGIN|[276]|key|String|false|false
14:50:37.0 (8550028)|VARIABLE_ASSIGNMENT|[276]|key|"Reporte por Deterior (1 more) ..."
14:50:37.0 (8552124)|STATEMENT_EXECUTE|[276]
14:50:37.0 (8553033)|STATEMENT_EXECUTE|[278]
14:50:37.0 (8557133)|VARIABLE_SCOPE_BEGIN|[278]|info|Schema.RecordTypeInfo|true|false
14:50:37.0 (8574087)|VARIABLE_ASSIGNMENT|[278]|info|"common.api.soap.wsdl.RecordTypeInfo@d6e6859d"|0x4dbc0534
14:50:37.0 (8576942)|STATEMENT_EXECUTE|[279]
14:50:37.0 (8578963)|HEAP_ALLOCATE|[279]|Bytes:4
14:50:37.0 (8584111)|HEAP_ALLOCATE|[EXTERNAL]|Bytes:-4
14:50:37.0 (8588997)|HEAP_ALLOCATE|[276]|Bytes:5
14:50:37.0 (8592748)|VARIABLE_SCOPE_BEGIN|[276]|key|String|false|false
14:50:37.0 (8597483)|VARIABLE_ASSIGNMENT|[276]|key|"Reporte por Retenció (8 more) ..."
14:50:37.0 (8599988)|STATEMENT_EXECUTE|[276]
14:50:37.0 (8600846)|STATEMENT_EXECUTE|[278]
14:50:37.0 (8604858)|VARIABLE_SCOPE_BEGIN|[278]|info|Schema.RecordTypeInfo|true|false
14:50:37.0 (8621584)|VARIABLE_ASSIGNMENT|[278]|info|"common.api.soap.wsdl.RecordTypeInfo@e985f6a7"|0x78f93d84
14:50:37.0 (8624528)|STATEMENT_EXECUTE|[279]
14:50:37.0 (8626409)|HEAP_ALLOCATE|[279]|Bytes:4
14:50:37.0 (8631383)|HEAP_ALLOCATE|[EXTERNAL]|Bytes:-4
14:50:37.0 (8636254)|HEAP_ALLOCATE|[276]|Bytes:5
14:50:37.0 (8640002)|VARIABLE_SCOPE_BEGIN|[276]|key|String|false|false
14:50:37.0 (8644690)|VARIABLE_ASSIGNMENT|[276]|key|"Reporte por Robo o E (7 more) ..."
14:50:37.0 (8646750)|STATEMENT_EXECUTE|[276]
14:50:37.0 (8647605)|STATEMENT_EXECUTE|[278]
14:50:37.0 (8651740)|VARIABLE_SCOPE_BEGIN|[278]|info|Schema.RecordTypeInfo|true|false
14:50:37.0 (8668137)|VARIABLE_ASSIGNMENT|[278]|info|"common.api.soap.wsdl.RecordTypeInfo@ed6b1696"|0x6ae7993c
14:50:37.0 (8671026)|STATEMENT_EXECUTE|[279]
14:50:37.0 (8672927)|HEAP_ALLOCATE|[279]|Bytes:4
14:50:37.0 (8678107)|HEAP_ALLOCATE|[EXTERNAL]|Bytes:-4
14:50:37.0 (8682775)|HEAP_ALLOCATE|[276]|Bytes:5
14:50:37.0 (8688549)|VARIABLE_SCOPE_BEGIN|[276]|key|String|false|false
14:50:37.0 (8694919)|VARIABLE_ASSIGNMENT|[276]|key|"Reposición"
14:50:37.0 (8699074)|STATEMENT_EXECUTE|[276]
14:50:37.0 (8699924)|STATEMENT_EXECUTE|[278]
14:50:37.0 (8704335)|VARIABLE_SCOPE_BEGIN|[278]|info|Schema.RecordTypeInfo|true|false
14:50:37.0 (8722218)|VARIABLE_ASSIGNMENT|[278]|info|"common.api.soap.wsdl.RecordTypeInfo@bc60712d"|0x173135ec
14:50:37.0 (8725078)|STATEMENT_EXECUTE|[279]
14:50:37.0 (8727180)|HEAP_ALLOCATE|[279]|Bytes:4
14:50:37.0 (8732581)|HEAP_ALLOCATE|[EXTERNAL]|Bytes:-4
14:50:37.0 (8737700)|HEAP_ALLOCATE|[276]|Bytes:5
14:50:37.0 (8741488)|VARIABLE_SCOPE_BEGIN|[276]|key|String|false|false
14:50:37.0 (8746197)|VARIABLE_ASSIGNMENT|[276]|key|"Retención de Titular"
14:50:37.0 (8748664)|STATEMENT_EXECUTE|[276]
14:50:37.0 (8749510)|STATEMENT_EXECUTE|[278]
14:50:37.0 (8753574)|VARIABLE_SCOPE_BEGIN|[278]|info|Schema.RecordTypeInfo|true|false
14:50:37.0 (8770168)|VARIABLE_ASSIGNMENT|[278]|info|"common.api.soap.wsdl.RecordTypeInfo@a96fa95b"|0x3a89079b
14:50:37.0 (8773092)|STATEMENT_EXECUTE|[279]
14:50:37.0 (8774943)|HEAP_ALLOCATE|[279]|Bytes:4
14:50:37.0 (8780007)|HEAP_ALLOCATE|[EXTERNAL]|Bytes:-4
14:50:37.0 (8784821)|HEAP_ALLOCATE|[276]|Bytes:5
14:50:37.0 (8788618)|VARIABLE_SCOPE_BEGIN|[276]|key|String|false|false
14:50:37.0 (8793573)|VARIABLE_ASSIGNMENT|[276]|key|"Retiro de Efectivo e (14 more) ..."
14:50:37.0 (8795670)|STATEMENT_EXECUTE|[276]
14:50:37.0 (8796528)|STATEMENT_EXECUTE|[278]
14:50:37.0 (8800507)|VARIABLE_SCOPE_BEGIN|[278]|info|Schema.RecordTypeInfo|true|false
14:50:37.0 (8816733)|VARIABLE_ASSIGNMENT|[278]|info|"common.api.soap.wsdl.RecordTypeInfo@91248e51"|0xbad0853
14:50:37.0 (8819742)|STATEMENT_EXECUTE|[279]
14:50:37.0 (8821639)|HEAP_ALLOCATE|[279]|Bytes:4
14:50:37.0 (8826679)|HEAP_ALLOCATE|[EXTERNAL]|Bytes:-4
14:50:37.0 (8831639)|HEAP_ALLOCATE|[276]|Bytes:5
14:50:37.0 (8835409)|VARIABLE_SCOPE_BEGIN|[276]|key|String|false|false
14:50:37.0 (8840296)|VARIABLE_ASSIGNMENT|[276]|key|"Retiro de efectivo e (5 more) ..."
14:50:37.0 (8842452)|STATEMENT_EXECUTE|[276]
14:50:37.0 (8843303)|STATEMENT_EXECUTE|[278]
14:50:37.0 (8847262)|VARIABLE_SCOPE_BEGIN|[278]|info|Schema.RecordTypeInfo|true|false
14:50:37.0 (8864034)|VARIABLE_ASSIGNMENT|[278]|info|"common.api.soap.wsdl.RecordTypeInfo@20767856"|0x5d555e63
14:50:37.0 (8866964)|STATEMENT_EXECUTE|[279]
14:50:37.0 (8868934)|HEAP_ALLOCATE|[279]|Bytes:4
14:50:37.0 (8874043)|HEAP_ALLOCATE|[EXTERNAL]|Bytes:-4
14:50:37.0 (8878988)|HEAP_ALLOCATE|[276]|Bytes:5
14:50:37.0 (8882843)|VARIABLE_SCOPE_BEGIN|[276]|key|String|false|false
14:50:37.0 (8887571)|VARIABLE_ASSIGNMENT|[276]|key|"Retorno de Tarjeta"
14:50:37.0 (8889749)|STATEMENT_EXECUTE|[276]
14:50:37.0 (8890588)|STATEMENT_EXECUTE|[278]
14:50:37.0 (8894545)|VARIABLE_SCOPE_BEGIN|[278]|info|Schema.RecordTypeInfo|true|false
14:50:37.0 (8910648)|VARIABLE_ASSIGNMENT|[278]|info|"common.api.soap.wsdl.RecordTypeInfo@6bda56db"|0x43558e70
14:50:37.0 (8913547)|STATEMENT_EXECUTE|[279]
14:50:37.0 (8915418)|HEAP_ALLOCATE|[279]|Bytes:4
14:50:37.0 (8920438)|HEAP_ALLOCATE|[EXTERNAL]|Bytes:-4
14:50:37.0 (8925311)|HEAP_ALLOCATE|[276]|Bytes:5
14:50:37.0 (8929069)|VARIABLE_SCOPE_BEGIN|[276]|key|String|false|false
14:50:37.0 (8933809)|VARIABLE_ASSIGNMENT|[276]|key|"Reversa de Anualidad"
14:50:37.0 (8935918)|STATEMENT_EXECUTE|[276]
14:50:37.0 (8936799)|STATEMENT_EXECUTE|[278]
14:50:37.0 (8940973)|VARIABLE_SCOPE_BEGIN|[278]|info|Schema.RecordTypeInfo|true|false
14:50:37.0 (8957456)|VARIABLE_ASSIGNMENT|[278]|info|"common.api.soap.wsdl.RecordTypeInfo@95e3f3eb"|0x3192ec5e
14:50:37.0 (8960337)|STATEMENT_EXECUTE|[279]
14:50:37.0 (8962238)|HEAP_ALLOCATE|[279]|Bytes:4
14:50:37.0 (8967470)|HEAP_ALLOCATE|[EXTERNAL]|Bytes:-4
14:50:37.0 (8972308)|HEAP_ALLOCATE|[276]|Bytes:5
14:50:37.0 (8976068)|VARIABLE_SCOPE_BEGIN|[276]|key|String|false|false
14:50:37.0 (8980819)|VARIABLE_ASSIGNMENT|[276]|key|"Reversa de Anualidad (9 more) ..."
14:50:37.0 (8982887)|STATEMENT_EXECUTE|[276]
14:50:37.0 (8983733)|STATEMENT_EXECUTE|[278]
14:50:37.0 (8987605)|VARIABLE_SCOPE_BEGIN|[278]|info|Schema.RecordTypeInfo|true|false
14:50:37.0 (9003952)|VARIABLE_ASSIGNMENT|[278]|info|"common.api.soap.wsdl.RecordTypeInfo@a08d19ba"|0x521e95af
14:50:37.0 (9007908)|STATEMENT_EXECUTE|[279]
14:50:37.0 (9009713)|HEAP_ALLOCATE|[279]|Bytes:4
14:50:37.0 (9014590)|HEAP_ALLOCATE|[EXTERNAL]|Bytes:-4
14:50:37.0 (9019602)|HEAP_ALLOCATE|[276]|Bytes:5
14:50:37.0 (9023389)|VARIABLE_SCOPE_BEGIN|[276]|key|String|false|false
14:50:37.0 (9027782)|VARIABLE_ASSIGNMENT|[276]|key|"Reversa de Comisión"
14:50:37.0 (9030254)|STATEMENT_EXECUTE|[276]
14:50:37.0 (9031099)|STATEMENT_EXECUTE|[278]
14:50:37.0 (9035072)|VARIABLE_SCOPE_BEGIN|[278]|info|Schema.RecordTypeInfo|true|false
14:50:37.0 (9051757)|VARIABLE_ASSIGNMENT|[278]|info|"common.api.soap.wsdl.RecordTypeInfo@c12cbb8e"|0x25cf7fc9
14:50:37.0 (9054608)|STATEMENT_EXECUTE|[279]
14:50:37.0 (9056523)|HEAP_ALLOCATE|[279]|Bytes:4
14:50:37.0 (9061638)|HEAP_ALLOCATE|[EXTERNAL]|Bytes:-4
14:50:37.0 (9066511)|HEAP_ALLOCATE|[276]|Bytes:5
14:50:37.0 (9070216)|VARIABLE_SCOPE_BEGIN|[276]|key|String|false|false
14:50:37.0 (9074992)|VARIABLE_ASSIGNMENT|[276]|key|"Reversa de Comisión  (8 more) ..."
14:50:37.0 (9077507)|STATEMENT_EXECUTE|[276]
14:50:37.0 (9078349)|STATEMENT_EXECUTE|[278]
14:50:37.0 (9082449)|VARIABLE_SCOPE_BEGIN|[278]|info|Schema.RecordTypeInfo|true|false
14:50:37.0 (9098502)|VARIABLE_ASSIGNMENT|[278]|info|"common.api.soap.wsdl.RecordTypeInfo@af5255b"|0x4a06530e
14:50:37.0 (9101544)|STATEMENT_EXECUTE|[279]
14:50:37.0 (9103551)|HEAP_ALLOCATE|[279]|Bytes:4
14:50:37.0 (9108693)|HEAP_ALLOCATE|[EXTERNAL]|Bytes:-4
14:50:37.0 (9113597)|HEAP_ALLOCATE|[276]|Bytes:5
14:50:37.0 (9117339)|VARIABLE_SCOPE_BEGIN|[276]|key|String|false|false
14:50:37.0 (9121749)|VARIABLE_ASSIGNMENT|[276]|key|"Riesgos/Originación"
14:50:37.0 (9124242)|STATEMENT_EXECUTE|[276]
14:50:37.0 (9125103)|STATEMENT_EXECUTE|[278]
14:50:37.0 (9129044)|VARIABLE_SCOPE_BEGIN|[278]|info|Schema.RecordTypeInfo|true|false
14:50:37.0 (9149330)|VARIABLE_ASSIGNMENT|[278]|info|"common.api.soap.wsdl.RecordTypeInfo@b4223aba"|0x6c50a60c
14:50:37.0 (9152202)|STATEMENT_EXECUTE|[279]
14:50:37.0 (9154226)|HEAP_ALLOCATE|[279]|Bytes:4
14:50:37.0 (9159224)|HEAP_ALLOCATE|[EXTERNAL]|Bytes:-4
14:50:37.0 (9164078)|HEAP_ALLOCATE|[276]|Bytes:5
14:50:37.0 (9167855)|VARIABLE_SCOPE_BEGIN|[276]|key|String|false|false
14:50:37.0 (9172327)|VARIABLE_ASSIGNMENT|[276]|key|"Saldo a Favor"
14:50:37.0 (9174585)|STATEMENT_EXECUTE|[276]
14:50:37.0 (9175487)|STATEMENT_EXECUTE|[278]
14:50:37.0 (9179418)|VARIABLE_SCOPE_BEGIN|[278]|info|Schema.RecordTypeInfo|true|false
14:50:37.0 (9196054)|VARIABLE_ASSIGNMENT|[278]|info|"common.api.soap.wsdl.RecordTypeInfo@3723677e"|0x4a45f5c4
14:50:37.0 (9198904)|STATEMENT_EXECUTE|[279]
14:50:37.0 (9200808)|HEAP_ALLOCATE|[279]|Bytes:4
14:50:37.0 (9205702)|HEAP_ALLOCATE|[EXTERNAL]|Bytes:-4
14:50:37.0 (9210431)|HEAP_ALLOCATE|[276]|Bytes:5
14:50:37.0 (9214255)|VARIABLE_SCOPE_BEGIN|[276]|key|String|false|false
14:50:37.0 (9218842)|VARIABLE_ASSIGNMENT|[276]|key|"Seguimiento a Folios"
14:50:37.0 (9220972)|STATEMENT_EXECUTE|[276]
14:50:37.0 (9221857)|STATEMENT_EXECUTE|[278]
14:50:37.0 (9225840)|VARIABLE_SCOPE_BEGIN|[278]|info|Schema.RecordTypeInfo|true|false
14:50:37.0 (9242904)|VARIABLE_ASSIGNMENT|[278]|info|"common.api.soap.wsdl.RecordTypeInfo@eb3cbf33"|0x142aea72
14:50:37.0 (9245887)|STATEMENT_EXECUTE|[279]
14:50:37.0 (9247771)|HEAP_ALLOCATE|[279]|Bytes:4
14:50:37.0 (9252616)|HEAP_ALLOCATE|[EXTERNAL]|Bytes:-4
14:50:37.0 (9257368)|HEAP_ALLOCATE|[276]|Bytes:5
14:50:37.0 (9261032)|VARIABLE_SCOPE_BEGIN|[276]|key|String|false|false
14:50:37.0 (9265938)|VARIABLE_ASSIGNMENT|[276]|key|"Solicitud de Contrat (1 more) ..."
14:50:37.0 (9268038)|STATEMENT_EXECUTE|[276]
14:50:37.0 (9268871)|STATEMENT_EXECUTE|[278]
14:50:37.0 (9273058)|VARIABLE_SCOPE_BEGIN|[278]|info|Schema.RecordTypeInfo|true|false
14:50:37.0 (9294858)|VARIABLE_ASSIGNMENT|[278]|info|"common.api.soap.wsdl.RecordTypeInfo@7488117c"|0x6c4c45da
14:50:37.0 (9299811)|STATEMENT_EXECUTE|[279]
14:50:37.0 (9302886)|HEAP_ALLOCATE|[279]|Bytes:4
14:50:37.0 (9311711)|HEAP_ALLOCATE|[EXTERNAL]|Bytes:-4
14:50:37.0 (9318747)|HEAP_ALLOCATE|[276]|Bytes:5
14:50:37.0 (9324597)|VARIABLE_SCOPE_BEGIN|[276]|key|String|false|false
14:50:37.0 (9331402)|VARIABLE_ASSIGNMENT|[276]|key|"Soporte a Módulo"
14:50:37.0 (9335377)|STATEMENT_EXECUTE|[276]
14:50:37.0 (9336429)|STATEMENT_EXECUTE|[278]
14:50:37.0 (9343230)|VARIABLE_SCOPE_BEGIN|[278]|info|Schema.RecordTypeInfo|true|false
14:50:37.0 (9373746)|VARIABLE_ASSIGNMENT|[278]|info|"common.api.soap.wsdl.RecordTypeInfo@a144407d"|0x5c5ee99
14:50:37.0 (9379190)|STATEMENT_EXECUTE|[279]
14:50:37.0 (9382670)|HEAP_ALLOCATE|[279]|Bytes:4
14:50:37.0 (9392488)|HEAP_ALLOCATE|[EXTERNAL]|Bytes:-4
14:50:37.0 (9400493)|HEAP_ALLOCATE|[276]|Bytes:5
14:50:37.0 (9406792)|VARIABLE_SCOPE_BEGIN|[276]|key|String|false|false
14:50:37.0 (9414393)|VARIABLE_ASSIGNMENT|[276]|key|"Sospecha de Fraude"
14:50:37.0 (9417825)|STATEMENT_EXECUTE|[276]
14:50:37.0 (9419107)|STATEMENT_EXECUTE|[278]
14:50:37.0 (9425905)|VARIABLE_SCOPE_BEGIN|[278]|info|Schema.RecordTypeInfo|true|false
14:50:37.0 (9458119)|VARIABLE_ASSIGNMENT|[278]|info|"common.api.soap.wsdl.RecordTypeInfo@6c3b7acf"|0x60cbc030
14:50:37.0 (9463833)|STATEMENT_EXECUTE|[279]
14:50:37.0 (9467298)|HEAP_ALLOCATE|[279]|Bytes:4
14:50:37.0 (9476321)|HEAP_ALLOCATE|[EXTERNAL]|Bytes:-4
14:50:37.0 (9484977)|HEAP_ALLOCATE|[276]|Bytes:5
14:50:37.0 (9491281)|VARIABLE_SCOPE_BEGIN|[276]|key|String|false|false
14:50:37.0 (9499463)|VARIABLE_ASSIGNMENT|[276]|key|"Sospecha de fraudes  (8 more) ..."
14:50:37.0 (9503351)|STATEMENT_EXECUTE|[276]
14:50:37.0 (9504556)|STATEMENT_EXECUTE|[278]
14:50:37.0 (9511144)|VARIABLE_SCOPE_BEGIN|[278]|info|Schema.RecordTypeInfo|true|false
14:50:37.0 (9540960)|VARIABLE_ASSIGNMENT|[278]|info|"common.api.soap.wsdl.RecordTypeInfo@8088bf01"|0x2371cf21
14:50:37.0 (9546190)|STATEMENT_EXECUTE|[279]
14:50:37.0 (9549493)|HEAP_ALLOCATE|[279]|Bytes:4
14:50:37.0 (9558765)|HEAP_ALLOCATE|[EXTERNAL]|Bytes:-4
14:50:37.0 (9566846)|HEAP_ALLOCATE|[276]|Bytes:5
14:50:37.0 (9573199)|VARIABLE_SCOPE_BEGIN|[276]|key|String|false|false
14:50:37.0 (9580045)|VARIABLE_ASSIGNMENT|[276]|key|"Tarjeta de Crédito"
14:50:37.0 (9583957)|STATEMENT_EXECUTE|[276]
14:50:37.0 (9585083)|STATEMENT_EXECUTE|[278]
14:50:37.0 (9591949)|VARIABLE_SCOPE_BEGIN|[278]|info|Schema.RecordTypeInfo|true|false
14:50:37.0 (9677023)|VARIABLE_ASSIGNMENT|[278]|info|"common.api.soap.wsdl.RecordTypeInfo@5d93dd17"|0x2d1d2c00
14:50:37.0 (9684410)|STATEMENT_EXECUTE|[279]
14:50:37.0 (9689308)|HEAP_ALLOCATE|[279]|Bytes:4
14:50:37.0 (9710226)|HEAP_ALLOCATE|[EXTERNAL]|Bytes:-4
14:50:37.0 (9720149)|HEAP_ALLOCATE|[276]|Bytes:5
14:50:37.0 (9727745)|VARIABLE_SCOPE_BEGIN|[276]|key|String|false|false
14:50:37.0 (9736030)|VARIABLE_ASSIGNMENT|[276]|key|"Tarjeta no pasa"
14:50:37.0 (9739901)|STATEMENT_EXECUTE|[276]
14:50:37.0 (9741115)|STATEMENT_EXECUTE|[278]
14:50:37.0 (9748304)|VARIABLE_SCOPE_BEGIN|[278]|info|Schema.RecordTypeInfo|true|false
14:50:37.0 (9782228)|VARIABLE_ASSIGNMENT|[278]|info|"common.api.soap.wsdl.RecordTypeInfo@e5bf180e"|0x706ae1c
14:50:37.0 (9787347)|STATEMENT_EXECUTE|[279]
14:50:37.0 (9790987)|HEAP_ALLOCATE|[279]|Bytes:4
14:50:37.0 (9801067)|HEAP_ALLOCATE|[EXTERNAL]|Bytes:-4
14:50:37.0 (9809483)|HEAP_ALLOCATE|[276]|Bytes:5
14:50:37.0 (9816602)|VARIABLE_SCOPE_BEGIN|[276]|key|String|false|false
14:50:37.0 (9825421)|VARIABLE_ASSIGNMENT|[276]|key|"Tarjeta no pasa (Mód (4 more) ..."
14:50:37.0 (9829867)|STATEMENT_EXECUTE|[276]
14:50:37.0 (9831330)|STATEMENT_EXECUTE|[278]
14:50:37.0 (9837907)|VARIABLE_SCOPE_BEGIN|[278]|info|Schema.RecordTypeInfo|true|false
14:50:37.0 (9869118)|VARIABLE_ASSIGNMENT|[278]|info|"common.api.soap.wsdl.RecordTypeInfo@aa34942d"|0x39f2248c
14:50:37.0 (9874510)|STATEMENT_EXECUTE|[279]
14:50:37.0 (9878050)|HEAP_ALLOCATE|[279]|Bytes:4
14:50:37.0 (9887359)|HEAP_ALLOCATE|[EXTERNAL]|Bytes:-4
14:50:37.0 (9895831)|HEAP_ALLOCATE|[276]|Bytes:5
14:50:37.0 (9902316)|VARIABLE_SCOPE_BEGIN|[276]|key|String|false|false
14:50:37.0 (9910207)|VARIABLE_ASSIGNMENT|[276]|key|"Up Grade"
14:50:37.0 (9913711)|STATEMENT_EXECUTE|[276]
14:50:37.0 (9914850)|STATEMENT_EXECUTE|[278]
14:50:37.0 (9921885)|VARIABLE_SCOPE_BEGIN|[278]|info|Schema.RecordTypeInfo|true|false
14:50:37.0 (9953976)|VARIABLE_ASSIGNMENT|[278]|info|"common.api.soap.wsdl.RecordTypeInfo@f6ba334"|0x14d7ec54
14:50:37.0 (9959597)|STATEMENT_EXECUTE|[279]
14:50:37.0 (9963596)|HEAP_ALLOCATE|[279]|Bytes:4
14:50:37.0 (9973726)|HEAP_ALLOCATE|[EXTERNAL]|Bytes:-4
14:50:37.0 (9981432)|HEAP_ALLOCATE|[276]|Bytes:5
14:50:37.0 (9987990)|VARIABLE_SCOPE_BEGIN|[276]|key|String|false|false
14:50:37.0 (9995206)|VARIABLE_ASSIGNMENT|[276]|key|"WEB"
14:50:37.0 (9998616)|STATEMENT_EXECUTE|[276]
14:50:37.0 (9999961)|STATEMENT_EXECUTE|[278]
14:50:37.0 (10007337)|VARIABLE_SCOPE_BEGIN|[278]|info|Schema.RecordTypeInfo|true|false
14:50:37.0 (10039875)|VARIABLE_ASSIGNMENT|[278]|info|"common.api.soap.wsdl.RecordTypeInfo@288d39b"|0x50eebfe2
14:50:37.0 (10045730)|STATEMENT_EXECUTE|[279]
14:50:37.0 (10049477)|HEAP_ALLOCATE|[279]|Bytes:4
14:50:37.0 (10059796)|HEAP_ALLOCATE|[EXTERNAL]|Bytes:-4
14:50:37.0 (10067911)|HEAP_ALLOCATE|[276]|Bytes:5
14:50:37.0 (10074390)|VARIABLE_SCOPE_BEGIN|[276]|key|String|false|false
14:50:37.0 (10081436)|VARIABLE_ASSIGNMENT|[276]|key|"Master"
14:50:37.0 (10085136)|STATEMENT_EXECUTE|[276]
14:50:37.0 (10086339)|STATEMENT_EXECUTE|[278]
14:50:37.0 (10092449)|VARIABLE_SCOPE_BEGIN|[278]|info|Schema.RecordTypeInfo|true|false
14:50:37.0 (10122880)|VARIABLE_ASSIGNMENT|[278]|info|"common.api.soap.wsdl.RecordTypeInfo@414d784a"|0x62aa8dad
14:50:37.0 (10128078)|STATEMENT_EXECUTE|[279]
14:50:37.0 (10131984)|HEAP_ALLOCATE|[279]|Bytes:4
14:50:37.0 (10141850)|HEAP_ALLOCATE|[EXTERNAL]|Bytes:-4
14:50:37.0 (10149956)|HEAP_ALLOCATE|[276]|Bytes:5
14:50:37.0 (10159664)|VARIABLE_ASSIGNMENT|[276]|key|null
14:50:37.0 (10164345)|STATEMENT_EXECUTE|[283]
14:50:37.10 (10228903)|CUMULATIVE_LIMIT_USAGE
14:50:37.10 (10228903)|LIMIT_USAGE_FOR_NS|(default)|
  Number of SOQL queries: 0 out of 100
  Number of query rows: 0 out of 50000
  Number of SOSL queries: 0 out of 20
  Number of DML statements: 0 out of 150
  Number of Publish Immediate DML: 0 out of 150
  Number of DML rows: 0 out of 10000
  Maximum CPU time: 0 out of 10000
  Maximum heap size: 0 out of 6000000
  Number of callouts: 0 out of 100
  Number of Email Invocations: 0 out of 10
  Number of future calls: 0 out of 50
  Number of queueable jobs added to the queue: 0 out of 50
  Number of Mobile Apex push calls: 0 out of 10

14:50:37.10 (10228903)|CUMULATIVE_LIMIT_USAGE_END

14:50:37.0 (10256160)|CODE_UNIT_FINISHED|AuthenticateCustomerController.getCaseRecordTypesByName()
14:50:37.0 (10598505)|CODE_UNIT_FINISHED|apex://AuthenticateCustomerController/ACTION$getCaseRecordTypesByName
14:50:37.0 (10605398)|EXECUTION_FINISHED
