67.0 APEX_CODE,FINEST;APEX_PROFILING,INFO;CALLOUT,INFO;DATA_ACCESS,INFO;DB,INFO;NBA,INFO;SYSTEM,DEBUG;VALIDATION,INFO;VISUALFORCE,INFO;WAVE,INFO;WORKFLOW,INFO
12:55:26.0 (325946)|USER_INFO|[EXTERNAL]|005Qg000002VBqt|jlandav@falabella.com.mx|(GMT-06:00) Central Standard Time (America/Mexico_City)|GMT-06:00
12:55:26.0 (413504)|EXECUTION_STARTED
12:55:26.0 (440076)|CODE_UNIT_STARTED|[EXTERNAL]|apex://CasosControllerExtension/ACTION$obtenerCasos
12:55:26.0 (3651066)|CODE_UNIT_STARTED|[EXTERNAL]|01p3l000005qcOV|CasosControllerExtension.obtenerCasos()
12:55:26.0 (4634092)|VARIABLE_SCOPE_BEGIN|[21]|CasosControllerExtension.QUEUE_CREDITO_FRAUDES|String|false|true
12:55:26.0 (4694626)|VARIABLE_SCOPE_BEGIN|[20]|CasosControllerExtension.RT_FIGITAL|String|false|true
12:55:26.0 (4698235)|VARIABLE_SCOPE_BEGIN|[19]|CasosControllerExtension.RT_RIESGOS|String|false|true
12:55:26.0 (4701426)|VARIABLE_SCOPE_BEGIN|[17]|CasosControllerExtension.ST_ASIGNADA|String|false|true
12:55:26.0 (4704524)|VARIABLE_SCOPE_BEGIN|[15]|CasosControllerExtension.ST_AUTORIZADA|String|false|true
12:55:26.0 (4707727)|VARIABLE_SCOPE_BEGIN|[18]|CasosControllerExtension.ST_CERRADO|String|false|true
12:55:26.0 (4710923)|VARIABLE_SCOPE_BEGIN|[16]|CasosControllerExtension.ST_NUEVO|String|false|true
12:55:26.0 (4829751)|HEAP_ALLOCATE|[95]|Bytes:3
12:55:26.0 (4879377)|HEAP_ALLOCATE|[100]|Bytes:152
12:55:26.0 (4892299)|HEAP_ALLOCATE|[417]|Bytes:408
12:55:26.0 (4902853)|HEAP_ALLOCATE|[430]|Bytes:408
12:55:26.0 (4920703)|HEAP_ALLOCATE|[317]|Bytes:6
12:55:26.0 (4931224)|HEAP_ALLOCATE|[EXTERNAL]|Bytes:11
12:55:26.0 (4941527)|METHOD_ENTRY|[13]|01p3l000005qcOV|CasosControllerExtension.CasosControllerExtension()
12:55:26.0 (4948701)|STATEMENT_EXECUTE|[13]
12:55:26.0 (4952770)|STATEMENT_EXECUTE|[13]
12:55:26.0 (4971660)|HEAP_ALLOCATE|[68]|Bytes:5
12:55:26.0 (4996427)|HEAP_ALLOCATE|[74]|Bytes:5
12:55:26.0 (5001081)|HEAP_ALLOCATE|[82]|Bytes:7
12:55:26.0 (5167832)|HEAP_ALLOCATE|[15]|Bytes:5
12:55:26.0 (5172511)|STATEMENT_EXECUTE|[15]
12:55:26.0 (5174407)|HEAP_ALLOCATE|[15]|Bytes:12
12:55:26.0 (5250831)|VARIABLE_ASSIGNMENT|[15]|CasosControllerExtension.ST_AUTORIZADA|"Autorización"
12:55:26.0 (5255055)|STATEMENT_EXECUTE|[16]
12:55:26.0 (5256536)|HEAP_ALLOCATE|[16]|Bytes:3
12:55:26.0 (5263204)|VARIABLE_ASSIGNMENT|[16]|CasosControllerExtension.ST_NUEVO|"New"
12:55:26.0 (5265736)|STATEMENT_EXECUTE|[17]
12:55:26.0 (5267016)|HEAP_ALLOCATE|[17]|Bytes:8
12:55:26.0 (5271325)|VARIABLE_ASSIGNMENT|[17]|CasosControllerExtension.ST_ASIGNADA|"Asignada"
12:55:26.0 (5273417)|STATEMENT_EXECUTE|[18]
12:55:26.0 (5274844)|HEAP_ALLOCATE|[18]|Bytes:7
12:55:26.0 (5278672)|VARIABLE_ASSIGNMENT|[18]|CasosControllerExtension.ST_CERRADO|"Cerrado"
12:55:26.0 (5280791)|STATEMENT_EXECUTE|[19]
12:55:26.0 (5282327)|HEAP_ALLOCATE|[19]|Bytes:19
12:55:26.0 (5286376)|VARIABLE_ASSIGNMENT|[19]|CasosControllerExtension.RT_RIESGOS|"Riesgos_Originaci_n"
12:55:26.0 (5288274)|STATEMENT_EXECUTE|[20]
12:55:26.0 (5289687)|HEAP_ALLOCATE|[20]|Bytes:18
12:55:26.0 (5293523)|VARIABLE_ASSIGNMENT|[20]|CasosControllerExtension.RT_FIGITAL|"BackOffice_Figital"
12:55:26.0 (5295480)|STATEMENT_EXECUTE|[21]
12:55:26.0 (5296652)|HEAP_ALLOCATE|[21]|Bytes:26
12:55:26.0 (5302403)|VARIABLE_ASSIGNMENT|[21]|CasosControllerExtension.QUEUE_CREDITO_FRAUDES|"BackOffice Credito/F (6 more) ..."
12:55:26.0 (5311512)|METHOD_EXIT|[13]|CasosControllerExtension
12:55:26.0 (5323670)|HEAP_ALLOCATE|[43]|Bytes:5
12:55:26.0 (5326178)|STATEMENT_EXECUTE|[41]
12:55:26.0 (5327049)|STATEMENT_EXECUTE|[43]
12:55:26.0 (5338010)|HEAP_ALLOCATE|[43]|Bytes:4
12:55:26.0 (5347553)|VARIABLE_SCOPE_BEGIN|[43]|mapResult|Map<String,ANY>|true|false
12:55:26.0 (5368453)|VARIABLE_ASSIGNMENT|[43]|mapResult|{}|0x21e754aa
12:55:26.0 (5371008)|STATEMENT_EXECUTE|[45]
12:55:26.0 (5380825)|METHOD_ENTRY|[45]|01p3l000005qcOV|CasosControllerExtension.getProfileName()
12:55:26.0 (5404777)|HEAP_ALLOCATE|[29]|Bytes:5
12:55:26.0 (5406800)|STATEMENT_EXECUTE|[27]
12:55:26.0 (5407820)|STATEMENT_EXECUTE|[29]
12:55:26.0 (5440345)|HEAP_ALLOCATE|[29]|Bytes:105
12:55:26.0 (5495696)|SYSTEM_METHOD_ENTRY|[1]|UserInfo.UserInfo()
12:55:26.0 (5498722)|STATEMENT_EXECUTE|[1]
12:55:26.0 (5509144)|SYSTEM_METHOD_EXIT|[1]|UserInfo
12:55:26.0 (5516492)|METHOD_ENTRY|[29]||System.UserInfo.getProfileId()
12:55:26.0 (8214690)|METHOD_EXIT|[29]||System.UserInfo.getProfileId()
12:55:26.0 (8245482)|HEAP_ALLOCATE|[29]|Bytes:4
12:55:26.0 (8253521)|VARIABLE_SCOPE_BEGIN|[29]|profileId|Id|false|false
12:55:26.0 (8442837)|VARIABLE_ASSIGNMENT|[29]|profileId|"00e1N000001u1HIQAY"
12:55:26.0 (8448396)|STATEMENT_EXECUTE|[30]
12:55:26.0 (8451889)|HEAP_ALLOCATE|[30]|Bytes:48
12:55:26.0 (8466482)|HEAP_ALLOCATE|[30]|Bytes:4
12:55:26.0 (8472193)|HEAP_ALLOCATE|[30]|Bytes:7
12:55:26.0 (10650580)|SOQL_EXECUTE_BEGIN|[30]|Aggregations:0|SELECT Id, Name FROM Profile WHERE Id = :tmpVar1
12:55:26.0 (16847971)|SOQL_EXECUTE_END|[30]|Rows:1
12:55:26.0 (16879928)|HEAP_ALLOCATE|[30]|Bytes:8
12:55:26.0 (16896023)|HEAP_ALLOCATE|[30]|Bytes:57
12:55:26.0 (17025743)|HEAP_ALLOCATE|[30]|Bytes:8
12:55:26.0 (17046704)|HEAP_ALLOCATE|[30]|Bytes:33
12:55:26.0 (17112692)|HEAP_ALLOCATE|[30]|Bytes:12
12:55:26.0 (17149641)|VARIABLE_SCOPE_BEGIN|[30]|profileName|String|false|false
12:55:26.0 (17168637)|VARIABLE_ASSIGNMENT|[30]|profileName|"System Administrator"
12:55:26.0 (17172892)|STATEMENT_EXECUTE|[32]
12:55:26.0 (17183263)|METHOD_EXIT|[45]|01p3l000005qcOV|CasosControllerExtension.getProfileName()
12:55:26.0 (17187719)|VARIABLE_SCOPE_BEGIN|[45]|profileName|String|false|false
12:55:26.0 (17192013)|VARIABLE_ASSIGNMENT|[45]|profileName|"System Administrator"
12:55:26.0 (17194237)|STATEMENT_EXECUTE|[47]
12:55:26.0 (17195978)|HEAP_ALLOCATE|[47]|Bytes:4
12:55:26.0 (17592871)|HEAP_ALLOCATE|[47]|Bytes:4
12:55:26.0 (20174651)|HEAP_ALLOCATE|[47]|Bytes:408
12:55:26.0 (20259990)|HEAP_ALLOCATE|[47]|Bytes:4
12:55:26.0 (20274841)|HEAP_ALLOCATE|[47]|Bytes:18
12:55:26.0 (20278517)|VARIABLE_SCOPE_BEGIN|[47]|idRecordTypeCredito|String|false|false
12:55:26.0 (20293242)|VARIABLE_ASSIGNMENT|[47]|idRecordTypeCredito|"0123l000001M9F8AAK"
12:55:26.0 (20297470)|STATEMENT_EXECUTE|[48]
12:55:26.0 (20389924)|HEAP_ALLOCATE|[48]|Bytes:4
12:55:26.0 (21271629)|HEAP_ALLOCATE|[48]|Bytes:408
12:55:26.0 (21298563)|HEAP_ALLOCATE|[48]|Bytes:4
12:55:26.0 (21304463)|HEAP_ALLOCATE|[48]|Bytes:18
12:55:26.0 (21307809)|VARIABLE_SCOPE_BEGIN|[48]|idRecordTypeFigital|String|false|false
12:55:26.0 (21319699)|VARIABLE_ASSIGNMENT|[48]|idRecordTypeFigital|"0123l0000019LkKAAU"
12:55:26.0 (21322571)|STATEMENT_EXECUTE|[50]
12:55:26.0 (21326054)|HEAP_ALLOCATE|[50]|Bytes:737
12:55:26.0 (21335084)|HEAP_ALLOCATE|[50]|Bytes:4
12:55:26.0 (21350058)|HEAP_ALLOCATE|[50]|Bytes:7
12:55:26.0 (21354897)|HEAP_ALLOCATE|[50]|Bytes:7
12:55:26.0 (21358863)|HEAP_ALLOCATE|[50]|Bytes:7
12:55:26.0 (21361945)|HEAP_ALLOCATE|[50]|Bytes:7
12:55:26.0 (21364936)|HEAP_ALLOCATE|[50]|Bytes:7
12:55:26.0 (23027740)|SOQL_EXECUTE_BEGIN|[50]|Aggregations:0|SELECT Id, CaseNumber, ID_Solicitud__c, Nombre_s__c, Primer_Apellido__c, Segundo_Apellido__c, CreatedDate, Status, Tiempo_en_Proceso__c, OwnerId, Owner.Name, Fecha_y_hora_de_solicitud_en_an_lisis__c, Tiempo_en_An_lisis__c, Solicitud_Repetida__c, Solicitud_de_cancelaci_n__c, C_digo_Postal_Direcci_n_Otros__c, Validar_Movimientos__c, Publicidad__c, Bloqueo_de_Tarjeta_por_Cancelaci_n__c, Canal_origen__c, Fecha_y_hora_de_solicitud_en_Nuevo__c FROM Case WHERE ((Status = :tmpVar1 OR Status = :tmpVar2 OR Status = :tmpVar3) AND (RecordTypeId = :tmpVar4 OR RecordTypeId = :tmpVar5) AND Owner.Name != :tmpVar6 AND OcultarBO__c != TRUE) ORDER BY RecordType.DeveloperName DESC NULLS FIRST, Fecha_y_hora_de_solicitud_en_Nuevo__c DESC NULLS FIRST
12:55:26.0 (91800090)|SOQL_EXECUTE_END|[50]|Rows:295
12:55:26.0 (91840180)|HEAP_ALLOCATE|[50]|Bytes:1184
12:55:26.0 (92928094)|HEAP_ALLOCATE|[50]|Bytes:177550
12:55:26.0 (93043798)|HEAP_ALLOCATE|[50]|Bytes:1184
12:55:26.0 (93071536)|VARIABLE_SCOPE_BEGIN|[50]|listaCasos|List<Case>|true|false
12:55:26.0 (93107866)|VARIABLE_ASSIGNMENT|[50]|listaCasos|"List of size 295 too large to display"|0x713d1f8e
12:55:26.0 (93115085)|STATEMENT_EXECUTE|[61]
12:55:26.0 (93120893)|HEAP_ALLOCATE|[61]|Bytes:95
12:55:26.0 (93136657)|HEAP_ALLOCATE|[61]|Bytes:4
12:55:26.0 (94824040)|SOQL_EXECUTE_BEGIN|[61]|Aggregations:0|SELECT MasterLabel, Canal_Origen__c, Segundos__c, Semaforo__c FROM Semaforo_Riesgos_Inicio__mdt
12:55:26.0 (103696652)|SOQL_EXECUTE_END|[61]|Rows:6
12:55:26.0 (103730612)|HEAP_ALLOCATE|[61]|Bytes:28
12:55:26.0 (103759884)|HEAP_ALLOCATE|[61]|Bytes:871
12:55:26.0 (103861740)|HEAP_ALLOCATE|[61]|Bytes:28
12:55:26.0 (103887407)|VARIABLE_SCOPE_BEGIN|[61]|lstSemaforoRiesgos|List<Semaforo_Riesgos_Inicio__mdt>|true|false
12:55:26.0 (103914278)|VARIABLE_ASSIGNMENT|[61]|lstSemaforoRiesgos|"List of size 6 too large to display"|0x5593b250
12:55:26.0 (103920005)|STATEMENT_EXECUTE|[63]
12:55:26.0 (103925546)|HEAP_ALLOCATE|[63]|Bytes:10
12:55:26.0 (104039023)|HEAP_ALLOCATE|[EXTERNAL]|Bytes:-4
12:55:26.0 (104047696)|STATEMENT_EXECUTE|[64]
12:55:26.0 (104049980)|HEAP_ALLOCATE|[64]|Bytes:11
12:55:26.0 (104061397)|HEAP_ALLOCATE|[EXTERNAL]|Bytes:-4
12:55:26.0 (104064264)|STATEMENT_EXECUTE|[65]
12:55:26.0 (104065579)|HEAP_ALLOCATE|[65]|Bytes:18
12:55:26.0 (104073410)|HEAP_ALLOCATE|[EXTERNAL]|Bytes:-4
12:55:26.0 (104075969)|STATEMENT_EXECUTE|[67]
12:55:26.104 (104139900)|CUMULATIVE_LIMIT_USAGE
12:55:26.104 (104139900)|LIMIT_USAGE_FOR_NS|(default)|
  Number of SOQL queries: 2 out of 100
  Number of query rows: 302 out of 50000
  Number of SOSL queries: 0 out of 20
  Number of DML statements: 0 out of 150
  Number of Publish Immediate DML: 0 out of 150
  Number of DML rows: 0 out of 10000
  Maximum CPU time: 0 out of 10000
  Maximum heap size: 0 out of 6000000
  Number of callouts: 0 out of 100
  Number of Email Invocations: 0 out of 10
  Number of future calls: 0 out of 50
  Number of queueable jobs added to the queue: 0 out of 50
  Number of Mobile Apex push calls: 0 out of 10

12:55:26.104 (104139900)|CUMULATIVE_LIMIT_USAGE_END

12:55:26.0 (104278738)|CODE_UNIT_FINISHED|CasosControllerExtension.obtenerCasos()
12:55:26.0 (107684093)|CODE_UNIT_FINISHED|apex://CasosControllerExtension/ACTION$obtenerCasos
12:55:26.0 (107707694)|EXECUTION_FINISHED
