66.0 APEX_CODE,FINEST;APEX_PROFILING,INFO;CALLOUT,INFO;DATA_ACCESS,INFO;DB,INFO;NBA,INFO;SYSTEM,DEBUG;VALIDATION,INFO;VISUALFORCE,INFO;WAVE,INFO;WORKFLOW,INFO
14:45:58.0 (206010)|USER_INFO|[EXTERNAL]|0051N000005gvau|etrevinofalabella@izeicg.com.uat|(GMT-06:00) Central Standard Time (America/Mexico_City)|GMT-06:00
14:45:58.0 (274060)|EXECUTION_STARTED
14:45:58.0 (284611)|CODE_UNIT_STARTED|[EXTERNAL]|apex://validateQuestionsController/ACTION$getUserProfile
14:45:58.0 (3155543)|CODE_UNIT_STARTED|[EXTERNAL]|01p0v000003Gv5u|validateQuestionsController.getUserProfile()
14:45:58.0 (3410438)|HEAP_ALLOCATE|[95]|Bytes:3
14:45:58.0 (3493493)|HEAP_ALLOCATE|[100]|Bytes:152
14:45:58.0 (3507984)|HEAP_ALLOCATE|[417]|Bytes:408
14:45:58.0 (3518904)|HEAP_ALLOCATE|[430]|Bytes:408
14:45:58.0 (3537829)|HEAP_ALLOCATE|[317]|Bytes:6
14:45:58.0 (3547574)|HEAP_ALLOCATE|[EXTERNAL]|Bytes:27
14:45:58.0 (3550839)|HEAP_ALLOCATE|[EXTERNAL]|Bytes:11
14:45:58.0 (3562316)|METHOD_ENTRY|[15]|01p0v000003Gv5u|validateQuestionsController.validateQuestionsController()
14:45:58.0 (3567949)|STATEMENT_EXECUTE|[15]
14:45:58.0 (3574095)|STATEMENT_EXECUTE|[15]
14:45:58.0 (3576541)|METHOD_EXIT|[15]|validateQuestionsController
14:45:58.0 (3585367)|STATEMENT_EXECUTE|[155]
14:45:58.0 (3586538)|STATEMENT_EXECUTE|[156]
14:45:58.0 (3658723)|VARIABLE_SCOPE_BEGIN|[156]|UserProfile|Profile|true|false
14:45:58.0 (3703796)|VARIABLE_ASSIGNMENT|[156]|UserProfile|null|
14:45:58.0 (3706406)|STATEMENT_EXECUTE|[157]
14:45:58.0 (3707245)|STATEMENT_EXECUTE|[157]
14:45:58.0 (3708037)|STATEMENT_EXECUTE|[158]
14:45:58.0 (3733896)|HEAP_ALLOCATE|[158]|Bytes:105
14:45:58.0 (3746170)|SYSTEM_METHOD_ENTRY|[1]|UserInfo.UserInfo()
14:45:58.0 (3748068)|STATEMENT_EXECUTE|[1]
14:45:58.0 (3752343)|SYSTEM_METHOD_EXIT|[1]|UserInfo
14:45:58.0 (3761108)|METHOD_ENTRY|[158]||System.UserInfo.getProfileId()
14:45:58.0 (5236847)|METHOD_EXIT|[158]||System.UserInfo.getProfileId()
14:45:58.0 (5259408)|HEAP_ALLOCATE|[158]|Bytes:4
14:45:58.0 (5265664)|VARIABLE_SCOPE_BEGIN|[158]|profileId|Id|false|false
14:45:58.0 (5451997)|VARIABLE_ASSIGNMENT|[158]|profileId|"00e1N000001u1HIQAY"
14:45:58.0 (5457445)|STATEMENT_EXECUTE|[159]
14:45:58.0 (5459681)|HEAP_ALLOCATE|[159]|Bytes:52
14:45:58.0 (5478914)|HEAP_ALLOCATE|[159]|Bytes:4
14:45:58.0 (5487785)|HEAP_ALLOCATE|[159]|Bytes:7
14:45:58.0 (8448937)|SOQL_EXECUTE_BEGIN|[159]|Aggregations:0|SELECT Name FROM Profile WHERE Id = :tmpVar1 LIMIT 1
14:45:58.0 (16170473)|SOQL_EXECUTE_END|[159]|Rows:1
14:45:58.0 (16202037)|HEAP_ALLOCATE|[159]|Bytes:8
14:45:58.0 (16224743)|HEAP_ALLOCATE|[159]|Bytes:57
14:45:58.0 (16339226)|HEAP_ALLOCATE|[159]|Bytes:8
14:45:58.0 (16355427)|HEAP_ALLOCATE|[159]|Bytes:33
14:45:58.0 (16415336)|HEAP_ALLOCATE|[159]|Bytes:12
14:45:58.0 (16488016)|VARIABLE_ASSIGNMENT|[159]|UserProfile|{"Name":"System Administrator","Id":"00e1N000001u1HIQAY"}|0x46b423b6
14:45:58.0 (16496250)|STATEMENT_EXECUTE|[163]
14:45:58.16 (16586270)|CUMULATIVE_LIMIT_USAGE
14:45:58.16 (16586270)|LIMIT_USAGE_FOR_NS|(default)|
  Number of SOQL queries: 1 out of 100
  Number of query rows: 1 out of 50000
  Number of SOSL queries: 0 out of 20
  Number of DML statements: 0 out of 150
  Number of Publish Immediate DML: 0 out of 150
  Number of DML rows: 0 out of 10000
  Maximum CPU time: 0 out of 10000
  Maximum heap size: 0 out of 6000000
  Number of callouts: 0 out of 100
  Number of Email Invocations: 0 out of 10
  Number of future calls: 0 out of 50
  Number of queueable jobs added to the queue: 0 out of 50
  Number of Mobile Apex push calls: 0 out of 10

14:45:58.16 (16586270)|CUMULATIVE_LIMIT_USAGE_END

14:45:58.0 (16646431)|CODE_UNIT_FINISHED|validateQuestionsController.getUserProfile()
14:45:58.0 (16816763)|CODE_UNIT_FINISHED|apex://validateQuestionsController/ACTION$getUserProfile
14:45:58.0 (16826730)|EXECUTION_FINISHED
