52.0 APEX_CODE,FINEST;APEX_PROFILING,INFO;CALLOUT,INFO;DATA_ACCESS,INFO;DB,INFO;NBA,INFO;SYSTEM,DEBUG;VALIDATION,INFO;VISUALFORCE,INFO;WAVE,INFO;WORKFLOW,INFO
18:24:03.0 (324789)|USER_INFO|[EXTERNAL]|0051N000008bAK9|contingenciafalabella@falabella.com.mx|(GMT-06:00) Central Standard Time (America/Mexico_City)|GMT-06:00
18:24:03.0 (411733)|EXECUTION_STARTED
18:24:03.0 (438179)|CODE_UNIT_STARTED|[EXTERNAL]|01p3l00000EBsec|BatchUpdateCaseGestorBO
18:24:03.0 (1503033)|HEAP_ALLOCATE|[95]|Bytes:3
18:24:03.0 (1590526)|HEAP_ALLOCATE|[100]|Bytes:152
18:24:03.0 (1602877)|HEAP_ALLOCATE|[417]|Bytes:408
18:24:03.0 (1613064)|HEAP_ALLOCATE|[430]|Bytes:408
18:24:03.0 (1632241)|HEAP_ALLOCATE|[317]|Bytes:6
18:24:03.0 (2776108)|HEAP_ALLOCATE|[EXTERNAL]|Bytes:98
18:24:03.0 (3116934)|HEAP_ALLOCATE|[EXTERNAL]|Bytes:11
18:24:03.0 (3143199)|SYSTEM_METHOD_ENTRY|[15]|BatchableContextImpl.BatchableContextImpl()
18:24:03.0 (3156397)|STATEMENT_EXECUTE|[15]
18:24:03.0 (3177402)|SYSTEM_METHOD_EXIT|[15]|BatchableContextImpl
18:24:03.0 (3181014)|HEAP_ALLOCATE|[EXTERNAL]|Bytes:12
18:24:03.0 (3183356)|HEAP_ALLOCATE|[EXTERNAL]|Bytes:4
18:24:03.0 (3194081)|VARIABLE_SCOPE_BEGIN|[31]|this|Database.BatchableContextImpl|true|false
18:24:03.0 (3285985)|VARIABLE_ASSIGNMENT|[31]|this|{}|0x466d2fd2
18:24:03.0 (3289270)|VARIABLE_SCOPE_BEGIN|[31]|jobId|Id|false|false
18:24:03.0 (3364033)|VARIABLE_ASSIGNMENT|[31]|jobId|"707RQ00001vVb6HYAS"
18:24:03.0 (3366518)|VARIABLE_SCOPE_BEGIN|[31]|childJobId|Id|false|false
18:24:03.0 (3372133)|VARIABLE_ASSIGNMENT|[31]|childJobId|null
18:24:03.0 (18143270)|HEAP_ALLOCATE|[EXTERNAL]|Bytes:99
18:24:03.0 (18161799)|HEAP_ALLOCATE|[EXTERNAL]|Bytes:12
18:24:03.0 (18177000)|METHOD_ENTRY|[11]|01p3l00000EBsec|BatchUpdateCaseGestorBO.BatchUpdateCaseGestorBO()
18:24:03.0 (18187677)|STATEMENT_EXECUTE|[11]
18:24:03.0 (18198867)|STATEMENT_EXECUTE|[11]
18:24:03.0 (18204344)|METHOD_EXIT|[11]|BatchUpdateCaseGestorBO
18:24:03.0 (18210318)|HEAP_ALLOCATE|[EXTERNAL]|Bytes:20
18:24:03.0 (18214420)|HEAP_ALLOCATE|[EXTERNAL]|Bytes:12
18:24:03.0 (18226681)|VARIABLE_SCOPE_BEGIN|[108]|this|BatchUpdateCaseGestorBO|true|false
18:24:03.0 (18288648)|VARIABLE_ASSIGNMENT|[108]|this|{"idQueueFraudesCredito":"00G3l000004HYBREA4","intCallMSAttempts":3,"lstRecordTypesBO":"0x7e4f13d5","lstRequestsWithError":"0x333cd6d"}|0x68928b
18:24:03.0 (18292784)|VARIABLE_SCOPE_BEGIN|[108]|BC|Database.BatchableContext|true|false
18:24:03.0 (18368085)|VARIABLE_ASSIGNMENT|[108]|BC|{"jobId":"707RQ00001vVb6HYAS"}|0x466d2fd2
18:24:03.0 (18379259)|STATEMENT_EXECUTE|[108]
18:24:03.0 (18450807)|STATEMENT_EXECUTE|[111]
18:24:03.36 (36715252)|CUMULATIVE_LIMIT_USAGE
18:24:03.36 (36715252)|LIMIT_USAGE_FOR_NS|(default)|
  Number of SOQL queries: 0 out of 200
  Number of query rows: 0 out of 50000
  Number of SOSL queries: 0 out of 20
  Number of DML statements: 0 out of 150
  Number of Publish Immediate DML: 0 out of 150
  Number of DML rows: 0 out of 10000
  Maximum CPU time: 0 out of 60000
  Maximum heap size: 0 out of 12000000
  Number of callouts: 0 out of 0
  Number of Email Invocations: 0 out of 10
  Number of future calls: 0 out of 0
  Number of queueable jobs added to the queue: 0 out of 1
  Number of Mobile Apex push calls: 0 out of 10

18:24:03.36 (36715252)|CUMULATIVE_LIMIT_USAGE_END

18:24:03.0 (36829924)|CODE_UNIT_FINISHED|BatchUpdateCaseGestorBO
18:24:03.0 (36851440)|EXECUTION_FINISHED
