67.0 APEX_CODE,FINEST;APEX_PROFILING,INFO;CALLOUT,INFO;DATA_ACCESS,INFO;DB,INFO;NBA,INFO;SYSTEM,DEBUG;VALIDATION,INFO;VISUALFORCE,INFO;WAVE,INFO;WORKFLOW,INFO
13:04:53.0 (361968)|USER_INFO|[EXTERNAL]|005Qg000002VBqt|jlandav@falabella.com.mx|(GMT-06:00) Central Standard Time (America/Mexico_City)|GMT-06:00
13:04:53.0 (463400)|EXECUTION_STARTED
13:04:53.0 (484952)|CODE_UNIT_STARTED|[EXTERNAL]|apex://CasosControllerExtension/ACTION$obtenerCasos
13:04:53.0 (3913240)|CODE_UNIT_STARTED|[EXTERNAL]|01p3l000005qcOV|CasosControllerExtension.obtenerCasos()
13:04:53.0 (4581133)|HEAP_ALLOCATE|[95]|Bytes:3
13:04:53.0 (4692550)|HEAP_ALLOCATE|[100]|Bytes:152
13:04:53.0 (4735205)|HEAP_ALLOCATE|[417]|Bytes:408
13:04:53.0 (4747627)|HEAP_ALLOCATE|[430]|Bytes:408
13:04:53.0 (4769335)|HEAP_ALLOCATE|[317]|Bytes:6
13:04:53.0 (4802373)|VARIABLE_SCOPE_BEGIN|[21]|CasosControllerExtension.QUEUE_CREDITO_FRAUDES|String|false|true
13:04:53.0 (4809417)|VARIABLE_SCOPE_BEGIN|[20]|CasosControllerExtension.RT_FIGITAL|String|false|true
13:04:53.0 (4812436)|VARIABLE_SCOPE_BEGIN|[19]|CasosControllerExtension.RT_RIESGOS|String|false|true
13:04:53.0 (4815382)|VARIABLE_SCOPE_BEGIN|[17]|CasosControllerExtension.ST_ASIGNADA|String|false|true
13:04:53.0 (4818226)|VARIABLE_SCOPE_BEGIN|[15]|CasosControllerExtension.ST_AUTORIZADA|String|false|true
13:04:53.0 (4821291)|VARIABLE_SCOPE_BEGIN|[18]|CasosControllerExtension.ST_CERRADO|String|false|true
13:04:53.0 (4824090)|VARIABLE_SCOPE_BEGIN|[16]|CasosControllerExtension.ST_NUEVO|String|false|true
13:04:53.0 (4872383)|HEAP_ALLOCATE|[EXTERNAL]|Bytes:11
13:04:53.0 (4899331)|METHOD_ENTRY|[13]|01p3l000005qcOV|CasosControllerExtension.CasosControllerExtension()
13:04:53.0 (4911929)|STATEMENT_EXECUTE|[13]
13:04:53.0 (4919292)|STATEMENT_EXECUTE|[13]
13:04:53.0 (4938166)|HEAP_ALLOCATE|[68]|Bytes:5
13:04:53.0 (4970601)|HEAP_ALLOCATE|[74]|Bytes:5
13:04:53.0 (4975867)|HEAP_ALLOCATE|[82]|Bytes:7
13:04:53.0 (5144568)|HEAP_ALLOCATE|[15]|Bytes:5
13:04:53.0 (5149992)|STATEMENT_EXECUTE|[15]
13:04:53.0 (5152410)|HEAP_ALLOCATE|[15]|Bytes:12
13:04:53.0 (5228348)|VARIABLE_ASSIGNMENT|[15]|CasosControllerExtension.ST_AUTORIZADA|"Autorización"
13:04:53.0 (5233523)|STATEMENT_EXECUTE|[16]
13:04:53.0 (5235995)|HEAP_ALLOCATE|[16]|Bytes:3
13:04:53.0 (5241713)|VARIABLE_ASSIGNMENT|[16]|CasosControllerExtension.ST_NUEVO|"New"
13:04:53.0 (5244653)|STATEMENT_EXECUTE|[17]
13:04:53.0 (5246248)|HEAP_ALLOCATE|[17]|Bytes:8
13:04:53.0 (5251356)|VARIABLE_ASSIGNMENT|[17]|CasosControllerExtension.ST_ASIGNADA|"Asignada"
13:04:53.0 (5254423)|STATEMENT_EXECUTE|[18]
13:04:53.0 (5256305)|HEAP_ALLOCATE|[18]|Bytes:7
13:04:53.0 (5261271)|VARIABLE_ASSIGNMENT|[18]|CasosControllerExtension.ST_CERRADO|"Cerrado"
13:04:53.0 (5264415)|STATEMENT_EXECUTE|[19]
13:04:53.0 (5266638)|HEAP_ALLOCATE|[19]|Bytes:19
13:04:53.0 (5271941)|VARIABLE_ASSIGNMENT|[19]|CasosControllerExtension.RT_RIESGOS|"Riesgos_Originaci_n"
13:04:53.0 (5274928)|STATEMENT_EXECUTE|[20]
13:04:53.0 (5276211)|HEAP_ALLOCATE|[20]|Bytes:18
13:04:53.0 (5279938)|VARIABLE_ASSIGNMENT|[20]|CasosControllerExtension.RT_FIGITAL|"BackOffice_Figital"
13:04:53.0 (5281916)|STATEMENT_EXECUTE|[21]
13:04:53.0 (5283261)|HEAP_ALLOCATE|[21]|Bytes:26
13:04:53.0 (5287934)|VARIABLE_ASSIGNMENT|[21]|CasosControllerExtension.QUEUE_CREDITO_FRAUDES|"BackOffice Credito/F (6 more) ..."
13:04:53.0 (5305202)|METHOD_EXIT|[13]|CasosControllerExtension
13:04:53.0 (5317762)|HEAP_ALLOCATE|[43]|Bytes:5
13:04:53.0 (5320462)|STATEMENT_EXECUTE|[41]
13:04:53.0 (5321337)|STATEMENT_EXECUTE|[43]
13:04:53.0 (5339310)|HEAP_ALLOCATE|[43]|Bytes:4
13:04:53.0 (5353340)|VARIABLE_SCOPE_BEGIN|[43]|mapResult|Map<String,ANY>|true|false
13:04:53.0 (5376856)|VARIABLE_ASSIGNMENT|[43]|mapResult|{}|0x379d4020
13:04:53.0 (5379543)|STATEMENT_EXECUTE|[45]
13:04:53.0 (5419188)|METHOD_ENTRY|[45]|01p3l000005qcOV|CasosControllerExtension.getProfileName()
13:04:53.0 (5440955)|HEAP_ALLOCATE|[29]|Bytes:5
13:04:53.0 (5443315)|STATEMENT_EXECUTE|[27]
13:04:53.0 (5444371)|STATEMENT_EXECUTE|[29]
13:04:53.0 (5478410)|HEAP_ALLOCATE|[29]|Bytes:105
13:04:53.0 (5484940)|SYSTEM_METHOD_ENTRY|[1]|UserInfo.UserInfo()
13:04:53.0 (5486884)|STATEMENT_EXECUTE|[1]
13:04:53.0 (5490886)|SYSTEM_METHOD_EXIT|[1]|UserInfo
13:04:53.0 (5497676)|METHOD_ENTRY|[29]||System.UserInfo.getProfileId()
13:04:53.0 (7653325)|METHOD_EXIT|[29]||System.UserInfo.getProfileId()
13:04:53.0 (7691129)|HEAP_ALLOCATE|[29]|Bytes:4
13:04:53.0 (7701193)|VARIABLE_SCOPE_BEGIN|[29]|profileId|Id|false|false
13:04:53.0 (7941750)|VARIABLE_ASSIGNMENT|[29]|profileId|"00e1N000001u1HIQAY"
13:04:53.0 (7948505)|STATEMENT_EXECUTE|[30]
13:04:53.0 (7953591)|HEAP_ALLOCATE|[30]|Bytes:48
13:04:53.0 (7974676)|HEAP_ALLOCATE|[30]|Bytes:4
13:04:53.0 (7984019)|HEAP_ALLOCATE|[30]|Bytes:7
13:04:53.0 (10302038)|SOQL_EXECUTE_BEGIN|[30]|Aggregations:0|SELECT Id, Name FROM Profile WHERE Id = :tmpVar1
13:04:53.0 (15163050)|SOQL_EXECUTE_END|[30]|Rows:1
13:04:53.0 (15190990)|HEAP_ALLOCATE|[30]|Bytes:8
13:04:53.0 (15209548)|HEAP_ALLOCATE|[30]|Bytes:57
13:04:53.0 (15303573)|HEAP_ALLOCATE|[30]|Bytes:8
13:04:53.0 (15315860)|HEAP_ALLOCATE|[30]|Bytes:33
13:04:53.0 (15369089)|HEAP_ALLOCATE|[30]|Bytes:12
13:04:53.0 (15406822)|VARIABLE_SCOPE_BEGIN|[30]|profileName|String|false|false
13:04:53.0 (15425205)|VARIABLE_ASSIGNMENT|[30]|profileName|"System Administrator"
13:04:53.0 (15428738)|STATEMENT_EXECUTE|[32]
13:04:53.0 (15439325)|METHOD_EXIT|[45]|01p3l000005qcOV|CasosControllerExtension.getProfileName()
13:04:53.0 (15443302)|VARIABLE_SCOPE_BEGIN|[45]|profileName|String|false|false
13:04:53.0 (15447390)|VARIABLE_ASSIGNMENT|[45]|profileName|"System Administrator"
13:04:53.0 (15449623)|STATEMENT_EXECUTE|[47]
13:04:53.0 (15451537)|HEAP_ALLOCATE|[47]|Bytes:4
13:04:53.0 (15949512)|HEAP_ALLOCATE|[47]|Bytes:4
13:04:53.0 (16982438)|HEAP_ALLOCATE|[47]|Bytes:408
13:04:53.0 (17052626)|HEAP_ALLOCATE|[47]|Bytes:4
13:04:53.0 (17065882)|HEAP_ALLOCATE|[47]|Bytes:18
13:04:53.0 (17070689)|VARIABLE_SCOPE_BEGIN|[47]|idRecordTypeCredito|String|false|false
13:04:53.0 (17082999)|VARIABLE_ASSIGNMENT|[47]|idRecordTypeCredito|"0123l000001M9F8AAK"
13:04:53.0 (17086129)|STATEMENT_EXECUTE|[48]
13:04:53.0 (17139499)|HEAP_ALLOCATE|[48]|Bytes:4
13:04:53.0 (17963847)|HEAP_ALLOCATE|[48]|Bytes:408
13:04:53.0 (17980946)|HEAP_ALLOCATE|[48]|Bytes:4
13:04:53.0 (17984910)|HEAP_ALLOCATE|[48]|Bytes:18
13:04:53.0 (17987545)|VARIABLE_SCOPE_BEGIN|[48]|idRecordTypeFigital|String|false|false
13:04:53.0 (17996343)|VARIABLE_ASSIGNMENT|[48]|idRecordTypeFigital|"0123l0000019LkKAAU"
13:04:53.0 (17998658)|STATEMENT_EXECUTE|[50]
13:04:53.0 (18000391)|HEAP_ALLOCATE|[50]|Bytes:737
13:04:53.0 (18008611)|HEAP_ALLOCATE|[50]|Bytes:4
13:04:53.0 (18020241)|HEAP_ALLOCATE|[50]|Bytes:7
13:04:53.0 (18024125)|HEAP_ALLOCATE|[50]|Bytes:7
13:04:53.0 (18027266)|HEAP_ALLOCATE|[50]|Bytes:7
13:04:53.0 (18030064)|HEAP_ALLOCATE|[50]|Bytes:7
13:04:53.0 (18032921)|HEAP_ALLOCATE|[50]|Bytes:7
13:04:53.0 (19668051)|SOQL_EXECUTE_BEGIN|[50]|Aggregations:0|SELECT Id, CaseNumber, ID_Solicitud__c, Nombre_s__c, Primer_Apellido__c, Segundo_Apellido__c, CreatedDate, Status, Tiempo_en_Proceso__c, OwnerId, Owner.Name, Fecha_y_hora_de_solicitud_en_an_lisis__c, Tiempo_en_An_lisis__c, Solicitud_Repetida__c, Solicitud_de_cancelaci_n__c, C_digo_Postal_Direcci_n_Otros__c, Validar_Movimientos__c, Publicidad__c, Bloqueo_de_Tarjeta_por_Cancelaci_n__c, Canal_origen__c, Fecha_y_hora_de_solicitud_en_Nuevo__c FROM Case WHERE ((Status = :tmpVar1 OR Status = :tmpVar2 OR Status = :tmpVar3) AND (RecordTypeId = :tmpVar4 OR RecordTypeId = :tmpVar5) AND Owner.Name != :tmpVar6 AND OcultarBO__c != TRUE) ORDER BY RecordType.DeveloperName DESC NULLS FIRST, Fecha_y_hora_de_solicitud_en_Nuevo__c DESC NULLS FIRST
13:04:53.0 (81189719)|SOQL_EXECUTE_END|[50]|Rows:290
13:04:53.0 (81221271)|HEAP_ALLOCATE|[50]|Bytes:1164
13:04:53.0 (82048230)|HEAP_ALLOCATE|[50]|Bytes:174476
13:04:53.0 (82140589)|HEAP_ALLOCATE|[50]|Bytes:1164
13:04:53.0 (82161797)|VARIABLE_SCOPE_BEGIN|[50]|listaCasos|List<Case>|true|false
13:04:53.0 (82195372)|VARIABLE_ASSIGNMENT|[50]|listaCasos|"List of size 290 too large to display"|0x19126d49
13:04:53.0 (82201759)|STATEMENT_EXECUTE|[61]
13:04:53.0 (82205237)|HEAP_ALLOCATE|[61]|Bytes:95
13:04:53.0 (82219929)|HEAP_ALLOCATE|[61]|Bytes:4
13:04:53.0 (83852288)|SOQL_EXECUTE_BEGIN|[61]|Aggregations:0|SELECT MasterLabel, Canal_Origen__c, Segundos__c, Semaforo__c FROM Semaforo_Riesgos_Inicio__mdt
13:04:53.0 (89876681)|SOQL_EXECUTE_END|[61]|Rows:6
13:04:53.0 (89901973)|HEAP_ALLOCATE|[61]|Bytes:28
13:04:53.0 (89925395)|HEAP_ALLOCATE|[61]|Bytes:871
13:04:53.0 (89995373)|HEAP_ALLOCATE|[61]|Bytes:28
13:04:53.0 (90017340)|VARIABLE_SCOPE_BEGIN|[61]|lstSemaforoRiesgos|List<Semaforo_Riesgos_Inicio__mdt>|true|false
13:04:53.0 (90039527)|VARIABLE_ASSIGNMENT|[61]|lstSemaforoRiesgos|"List of size 6 too large to display"|0x7d7c66a2
13:04:53.0 (90044162)|STATEMENT_EXECUTE|[63]
13:04:53.0 (90048146)|HEAP_ALLOCATE|[63]|Bytes:10
13:04:53.0 (90124991)|HEAP_ALLOCATE|[EXTERNAL]|Bytes:-4
13:04:53.0 (90131895)|STATEMENT_EXECUTE|[64]
13:04:53.0 (90133599)|HEAP_ALLOCATE|[64]|Bytes:11
13:04:53.0 (90144004)|HEAP_ALLOCATE|[EXTERNAL]|Bytes:-4
13:04:53.0 (90146751)|STATEMENT_EXECUTE|[65]
13:04:53.0 (90148205)|HEAP_ALLOCATE|[65]|Bytes:18
13:04:53.0 (90155326)|HEAP_ALLOCATE|[EXTERNAL]|Bytes:-4
13:04:53.0 (90158091)|STATEMENT_EXECUTE|[67]
13:04:53.90 (90234713)|CUMULATIVE_LIMIT_USAGE
13:04:53.90 (90234713)|LIMIT_USAGE_FOR_NS|(default)|
  Number of SOQL queries: 2 out of 100
  Number of query rows: 297 out of 50000
  Number of SOSL queries: 0 out of 20
  Number of DML statements: 0 out of 150
  Number of Publish Immediate DML: 0 out of 150
  Number of DML rows: 0 out of 10000
  Maximum CPU time: 0 out of 10000
  Maximum heap size: 0 out of 6000000
  Number of callouts: 0 out of 100
  Number of Email Invocations: 0 out of 10
  Number of future calls: 0 out of 50
  Number of queueable jobs added to the queue: 0 out of 50
  Number of Mobile Apex push calls: 0 out of 10

13:04:53.90 (90234713)|CUMULATIVE_LIMIT_USAGE_END

13:04:53.0 (90337979)|CODE_UNIT_FINISHED|CasosControllerExtension.obtenerCasos()
13:04:53.0 (93536280)|CODE_UNIT_FINISHED|apex://CasosControllerExtension/ACTION$obtenerCasos
13:04:53.0 (93559704)|EXECUTION_FINISHED
