66.0 APEX_CODE,FINEST;APEX_PROFILING,INFO;CALLOUT,INFO;DATA_ACCESS,INFO;DB,INFO;NBA,INFO;SYSTEM,DEBUG;VALIDATION,INFO;VISUALFORCE,INFO;WAVE,INFO;WORKFLOW,INFO
14:37:20.0 (194864)|USER_INFO|[EXTERNAL]|0051N000005gvau|etrevinofalabella@izeicg.com.uat|(GMT-06:00) Central Standard Time (America/Mexico_City)|GMT-06:00
14:37:20.0 (255359)|EXECUTION_STARTED
14:37:20.0 (265131)|CODE_UNIT_STARTED|[EXTERNAL]|apex://SessionController/ACTION$getSessionId
14:37:20.0 (2945330)|CODE_UNIT_STARTED|[EXTERNAL]|01p1N000005gzam|SessionController.getSessionId()
14:37:20.0 (3157910)|HEAP_ALLOCATE|[95]|Bytes:3
14:37:20.0 (3255614)|HEAP_ALLOCATE|[100]|Bytes:152
14:37:20.0 (3270340)|HEAP_ALLOCATE|[417]|Bytes:408
14:37:20.0 (3281174)|HEAP_ALLOCATE|[430]|Bytes:408
14:37:20.0 (3307829)|HEAP_ALLOCATE|[317]|Bytes:6
14:37:20.0 (3359342)|HEAP_ALLOCATE|[EXTERNAL]|Bytes:1
14:37:20.0 (3371718)|METHOD_ENTRY|[1]|01p1N000005gzam|SessionController.SessionController()
14:37:20.0 (3378052)|STATEMENT_EXECUTE|[1]
14:37:20.0 (3387693)|STATEMENT_EXECUTE|[1]
14:37:20.0 (3390577)|METHOD_EXIT|[1]|SessionController
14:37:20.0 (3402943)|STATEMENT_EXECUTE|[4]
14:37:20.0 (3404092)|STATEMENT_EXECUTE|[5]
14:37:20.0 (3421907)|HEAP_ALLOCATE|[5]|Bytes:105
14:37:20.0 (3431015)|SYSTEM_METHOD_ENTRY|[1]|UserInfo.UserInfo()
14:37:20.0 (3432779)|STATEMENT_EXECUTE|[1]
14:37:20.0 (3439947)|SYSTEM_METHOD_EXIT|[1]|UserInfo
14:37:20.0 (3455747)|METHOD_ENTRY|[5]||System.UserInfo.getSessionId()
14:37:20.0 (9201684)|METHOD_EXIT|[5]||System.UserInfo.getSessionId()
14:37:20.9 (9276221)|CUMULATIVE_LIMIT_USAGE
14:37:20.9 (9276221)|LIMIT_USAGE_FOR_NS|(default)|
  Number of SOQL queries: 0 out of 100
  Number of query rows: 0 out of 50000
  Number of SOSL queries: 0 out of 20
  Number of DML statements: 0 out of 150
  Number of Publish Immediate DML: 0 out of 150
  Number of DML rows: 0 out of 10000
  Maximum CPU time: 0 out of 10000
  Maximum heap size: 0 out of 6000000
  Number of callouts: 0 out of 100
  Number of Email Invocations: 0 out of 10
  Number of future calls: 0 out of 50
  Number of queueable jobs added to the queue: 0 out of 50
  Number of Mobile Apex push calls: 0 out of 10

14:37:20.9 (9276221)|CUMULATIVE_LIMIT_USAGE_END

14:37:20.0 (9305844)|CODE_UNIT_FINISHED|SessionController.getSessionId()
14:37:20.0 (9496861)|CODE_UNIT_FINISHED|apex://SessionController/ACTION$getSessionId
14:37:20.0 (9501230)|EXECUTION_FINISHED
