67.0 APEX_CODE,FINEST;APEX_PROFILING,INFO;CALLOUT,INFO;DATA_ACCESS,INFO;DB,INFO;NBA,INFO;SYSTEM,DEBUG;VALIDATION,INFO;VISUALFORCE,INFO;WAVE,INFO;WORKFLOW,INFO
13:07:17.0 (217507)|USER_INFO|[EXTERNAL]|005Qg000002VBqt|jlandav@falabella.com.mx|(GMT-06:00) Central Standard Time (America/Mexico_City)|GMT-06:00
13:07:17.0 (298485)|EXECUTION_STARTED
13:07:17.0 (320966)|CODE_UNIT_STARTED|[EXTERNAL]|apex://CasosControllerExtension/ACTION$obtenerCasosToday
13:07:17.0 (1425189)|CODE_UNIT_STARTED|[EXTERNAL]|01p3l000005qcOV|CasosControllerExtension.obtenerCasosToday()
13:07:17.0 (1522461)|VARIABLE_SCOPE_BEGIN|[21]|CasosControllerExtension.QUEUE_CREDITO_FRAUDES|String|false|true
13:07:17.0 (1561323)|VARIABLE_SCOPE_BEGIN|[20]|CasosControllerExtension.RT_FIGITAL|String|false|true
13:07:17.0 (1564471)|VARIABLE_SCOPE_BEGIN|[19]|CasosControllerExtension.RT_RIESGOS|String|false|true
13:07:17.0 (1567359)|VARIABLE_SCOPE_BEGIN|[17]|CasosControllerExtension.ST_ASIGNADA|String|false|true
13:07:17.0 (1570473)|VARIABLE_SCOPE_BEGIN|[15]|CasosControllerExtension.ST_AUTORIZADA|String|false|true
13:07:17.0 (1573373)|VARIABLE_SCOPE_BEGIN|[18]|CasosControllerExtension.ST_CERRADO|String|false|true
13:07:17.0 (1576202)|VARIABLE_SCOPE_BEGIN|[16]|CasosControllerExtension.ST_NUEVO|String|false|true
13:07:17.0 (1676563)|HEAP_ALLOCATE|[95]|Bytes:3
13:07:17.0 (1710566)|HEAP_ALLOCATE|[100]|Bytes:152
13:07:17.0 (1722021)|HEAP_ALLOCATE|[417]|Bytes:408
13:07:17.0 (1732808)|HEAP_ALLOCATE|[430]|Bytes:408
13:07:17.0 (1750678)|HEAP_ALLOCATE|[317]|Bytes:6
13:07:17.0 (1759718)|HEAP_ALLOCATE|[EXTERNAL]|Bytes:11
13:07:17.0 (1778261)|METHOD_ENTRY|[13]|01p3l000005qcOV|CasosControllerExtension.CasosControllerExtension()
13:07:17.0 (1782398)|STATEMENT_EXECUTE|[13]
13:07:17.0 (1786565)|STATEMENT_EXECUTE|[13]
13:07:17.0 (1802201)|HEAP_ALLOCATE|[68]|Bytes:5
13:07:17.0 (1820686)|HEAP_ALLOCATE|[74]|Bytes:5
13:07:17.0 (1825538)|HEAP_ALLOCATE|[82]|Bytes:7
13:07:17.0 (1840735)|HEAP_ALLOCATE|[15]|Bytes:5
13:07:17.0 (1843075)|STATEMENT_EXECUTE|[15]
13:07:17.0 (1844789)|HEAP_ALLOCATE|[15]|Bytes:12
13:07:17.0 (1899271)|VARIABLE_ASSIGNMENT|[15]|CasosControllerExtension.ST_AUTORIZADA|"Autorización"
13:07:17.0 (1902968)|STATEMENT_EXECUTE|[16]
13:07:17.0 (1904454)|HEAP_ALLOCATE|[16]|Bytes:3
13:07:17.0 (1913004)|VARIABLE_ASSIGNMENT|[16]|CasosControllerExtension.ST_NUEVO|"New"
13:07:17.0 (1915360)|STATEMENT_EXECUTE|[17]
13:07:17.0 (1916550)|HEAP_ALLOCATE|[17]|Bytes:8
13:07:17.0 (1920273)|VARIABLE_ASSIGNMENT|[17]|CasosControllerExtension.ST_ASIGNADA|"Asignada"
13:07:17.0 (1922231)|STATEMENT_EXECUTE|[18]
13:07:17.0 (1923280)|HEAP_ALLOCATE|[18]|Bytes:7
13:07:17.0 (1926770)|VARIABLE_ASSIGNMENT|[18]|CasosControllerExtension.ST_CERRADO|"Cerrado"
13:07:17.0 (1928562)|STATEMENT_EXECUTE|[19]
13:07:17.0 (1929709)|HEAP_ALLOCATE|[19]|Bytes:19
13:07:17.0 (1933589)|VARIABLE_ASSIGNMENT|[19]|CasosControllerExtension.RT_RIESGOS|"Riesgos_Originaci_n"
13:07:17.0 (1935732)|STATEMENT_EXECUTE|[20]
13:07:17.0 (1936707)|HEAP_ALLOCATE|[20]|Bytes:18
13:07:17.0 (1940065)|VARIABLE_ASSIGNMENT|[20]|CasosControllerExtension.RT_FIGITAL|"BackOffice_Figital"
13:07:17.0 (1941932)|STATEMENT_EXECUTE|[21]
13:07:17.0 (1942758)|HEAP_ALLOCATE|[21]|Bytes:26
13:07:17.0 (1947420)|VARIABLE_ASSIGNMENT|[21]|CasosControllerExtension.QUEUE_CREDITO_FRAUDES|"BackOffice Credito/F (6 more) ..."
13:07:17.0 (1957442)|METHOD_EXIT|[13]|CasosControllerExtension
13:07:17.0 (1967672)|HEAP_ALLOCATE|[78]|Bytes:5
13:07:17.0 (1969799)|STATEMENT_EXECUTE|[76]
13:07:17.0 (1970642)|STATEMENT_EXECUTE|[78]
13:07:17.0 (1971877)|HEAP_ALLOCATE|[78]|Bytes:4
13:07:17.0 (2104008)|HEAP_ALLOCATE|[78]|Bytes:4
13:07:17.0 (3123860)|HEAP_ALLOCATE|[78]|Bytes:408
13:07:17.0 (3194590)|HEAP_ALLOCATE|[78]|Bytes:4
13:07:17.0 (3206086)|HEAP_ALLOCATE|[78]|Bytes:18
13:07:17.0 (3210359)|VARIABLE_SCOPE_BEGIN|[78]|idRecordTypeCredito|String|false|false
13:07:17.0 (3222716)|VARIABLE_ASSIGNMENT|[78]|idRecordTypeCredito|"0123l000001M9F8AAK"
13:07:17.0 (3225602)|STATEMENT_EXECUTE|[79]
13:07:17.0 (3301406)|HEAP_ALLOCATE|[79]|Bytes:4
13:07:17.0 (4141107)|HEAP_ALLOCATE|[79]|Bytes:408
13:07:17.0 (4162865)|HEAP_ALLOCATE|[79]|Bytes:4
13:07:17.0 (4167819)|HEAP_ALLOCATE|[79]|Bytes:18
13:07:17.0 (4170819)|VARIABLE_SCOPE_BEGIN|[79]|idRecordTypeFigital|String|false|false
13:07:17.0 (4178969)|VARIABLE_ASSIGNMENT|[79]|idRecordTypeFigital|"0123l0000019LkKAAU"
13:07:17.0 (4181278)|STATEMENT_EXECUTE|[81]
13:07:17.0 (4183712)|HEAP_ALLOCATE|[81]|Bytes:196
13:07:17.0 (4191814)|HEAP_ALLOCATE|[81]|Bytes:4
13:07:17.0 (4199577)|HEAP_ALLOCATE|[81]|Bytes:7
13:07:17.0 (4208365)|HEAP_ALLOCATE|[81]|Bytes:7
13:07:17.0 (4212819)|HEAP_ALLOCATE|[81]|Bytes:7
13:07:17.0 (4216054)|HEAP_ALLOCATE|[81]|Bytes:7
13:07:17.0 (4219333)|HEAP_ALLOCATE|[81]|Bytes:7
13:07:17.0 (4222075)|HEAP_ALLOCATE|[81]|Bytes:7
13:07:17.0 (4790780)|SOQL_EXECUTE_BEGIN|[81]|Aggregations:0|SELECT COUNT() FROM Case WHERE ((Status = :tmpVar1 OR Status = :tmpVar2 OR Status = :tmpVar3 OR Status = :tmpVar4) AND CreatedDate = TODAY AND (RecordTypeId = :tmpVar5 OR RecordTypeId = :tmpVar6))
13:07:17.0 (20657594)|SOQL_EXECUTE_END|[81]|Rows:130
13:07:17.0 (20707888)|HEAP_ALLOCATE|[81]|Bytes:4
13:07:17.0 (20730626)|VARIABLE_SCOPE_BEGIN|[81]|total|Integer|false|false
13:07:17.0 (20737809)|HEAP_ALLOCATE|[81]|Bytes:4
13:07:17.0 (20754168)|VARIABLE_ASSIGNMENT|[81]|total|130
13:07:17.0 (20757744)|STATEMENT_EXECUTE|[83]
13:07:17.0 (20759594)|HEAP_ALLOCATE|[83]|Bytes:4
13:07:17.0 (20765490)|HEAP_ALLOCATE|[83]|Bytes:4
13:07:17.20 (20820927)|CUMULATIVE_LIMIT_USAGE
13:07:17.20 (20820927)|LIMIT_USAGE_FOR_NS|(default)|
  Number of SOQL queries: 1 out of 100
  Number of query rows: 1 out of 50000
  Number of SOSL queries: 0 out of 20
  Number of DML statements: 0 out of 150
  Number of Publish Immediate DML: 0 out of 150
  Number of DML rows: 0 out of 10000
  Maximum CPU time: 0 out of 10000
  Maximum heap size: 0 out of 6000000
  Number of callouts: 0 out of 100
  Number of Email Invocations: 0 out of 10
  Number of future calls: 0 out of 50
  Number of queueable jobs added to the queue: 0 out of 50
  Number of Mobile Apex push calls: 0 out of 10

13:07:17.20 (20820927)|CUMULATIVE_LIMIT_USAGE_END

13:07:17.0 (20917179)|CODE_UNIT_FINISHED|CasosControllerExtension.obtenerCasosToday()
13:07:17.0 (21124317)|CODE_UNIT_FINISHED|apex://CasosControllerExtension/ACTION$obtenerCasosToday
13:07:17.0 (21133580)|EXECUTION_FINISHED
