67.0 APEX_CODE,FINEST;APEX_PROFILING,INFO;CALLOUT,INFO;DATA_ACCESS,INFO;DB,INFO;NBA,INFO;SYSTEM,DEBUG;VALIDATION,INFO;VISUALFORCE,INFO;WAVE,INFO;WORKFLOW,INFO
12:21:24.0 (245282)|USER_INFO|[EXTERNAL]|0051N000005gvau|etrevinofalabella@izeicg.com.uat|(GMT-06:00) Central Standard Time (America/Mexico_City)|GMT-06:00
12:21:24.0 (285042)|EXECUTION_STARTED
12:21:24.0 (295041)|CODE_UNIT_STARTED|[EXTERNAL]|apex://PickListCaseOriginController/ACTION$getUserInfo
12:21:24.0 (3299252)|CODE_UNIT_STARTED|[EXTERNAL]|01p0v000003UL1s|PickListCaseOriginController.getUserInfo()
12:21:24.0 (3579859)|HEAP_ALLOCATE|[95]|Bytes:3
12:21:24.0 (3667988)|HEAP_ALLOCATE|[100]|Bytes:152
12:21:24.0 (3683168)|HEAP_ALLOCATE|[417]|Bytes:408
12:21:24.0 (3694056)|HEAP_ALLOCATE|[430]|Bytes:408
12:21:24.0 (3716305)|HEAP_ALLOCATE|[317]|Bytes:6
12:21:24.0 (3726870)|HEAP_ALLOCATE|[EXTERNAL]|Bytes:5
12:21:24.0 (3729813)|HEAP_ALLOCATE|[EXTERNAL]|Bytes:2
12:21:24.0 (3738488)|METHOD_ENTRY|[11]|01p0v000003UL1s|PickListCaseOriginController.PickListCaseOriginController()
12:21:24.0 (3744310)|STATEMENT_EXECUTE|[11]
12:21:24.0 (3748784)|STATEMENT_EXECUTE|[11]
12:21:24.0 (3752322)|METHOD_EXIT|[11]|PickListCaseOriginController
12:21:24.0 (3761287)|STATEMENT_EXECUTE|[18]
12:21:24.0 (3762521)|STATEMENT_EXECUTE|[20]
12:21:24.0 (3780837)|HEAP_ALLOCATE|[20]|Bytes:4
12:21:24.0 (3794510)|VARIABLE_SCOPE_BEGIN|[20]|mapResult|Map<String,ANY>|true|false
12:21:24.0 (3873157)|VARIABLE_ASSIGNMENT|[20]|mapResult|{}|0x3864e706
12:21:24.0 (3877152)|STATEMENT_EXECUTE|[21]
12:21:24.0 (3897928)|HEAP_ALLOCATE|[68]|Bytes:5
12:21:24.0 (3921476)|HEAP_ALLOCATE|[74]|Bytes:5
12:21:24.0 (3925954)|HEAP_ALLOCATE|[82]|Bytes:7
12:21:24.0 (3932692)|VARIABLE_SCOPE_BEGIN|[21]|success|Boolean|false|false
12:21:24.0 (4086764)|HEAP_ALLOCATE|[21]|Bytes:5
12:21:24.0 (4095388)|VARIABLE_ASSIGNMENT|[21]|success|false
12:21:24.0 (4098181)|STATEMENT_EXECUTE|[23]
12:21:24.0 (4099653)|HEAP_ALLOCATE|[23]|Bytes:49
12:21:24.0 (4106888)|HEAP_ALLOCATE|[23]|Bytes:4
12:21:24.0 (4110344)|HEAP_ALLOCATE|[23]|Bytes:7
12:21:24.0 (4146335)|HEAP_ALLOCATE|[23]|Bytes:105
12:21:24.0 (4151577)|SYSTEM_METHOD_ENTRY|[1]|UserInfo.UserInfo()
12:21:24.0 (4153722)|STATEMENT_EXECUTE|[1]
12:21:24.0 (4159067)|SYSTEM_METHOD_EXIT|[1]|UserInfo
12:21:24.0 (4171127)|METHOD_ENTRY|[23]||System.UserInfo.getUserId()
12:21:24.0 (6299591)|METHOD_EXIT|[23]||System.UserInfo.getUserId()
12:21:24.0 (11950251)|SOQL_EXECUTE_BEGIN|[23]|Aggregations:0|SELECT Profile.Name FROM User WHERE Id = :tmpVar1
12:21:24.0 (22739434)|SOQL_EXECUTE_END|[23]|Rows:1
12:21:24.0 (22771714)|HEAP_ALLOCATE|[23]|Bytes:8
12:21:24.0 (22793873)|HEAP_ALLOCATE|[23]|Bytes:127
12:21:24.0 (22940297)|HEAP_ALLOCATE|[23]|Bytes:8
12:21:24.0 (22961361)|VARIABLE_SCOPE_BEGIN|[23]|lstUsers|List<User>|true|false
12:21:24.0 (44223294)|VARIABLE_ASSIGNMENT|[23]|lstUsers|[{"ProfileId":"00e1N000001u1HIQAY","Profile":{"Name":"System Administrator","Id":"00e1N000001u1HIQAY"},"Id":"0051N000005gvauQAA"}]|0x165e0e11
12:21:24.0 (44363629)|STATEMENT_EXECUTE|[25]
12:21:24.0 (44365520)|STATEMENT_EXECUTE|[27]
12:21:24.0 (44374786)|HEAP_ALLOCATE|[27]|Bytes:11
12:21:24.0 (44419762)|HEAP_ALLOCATE|[27]|Bytes:16
12:21:24.0 (44571469)|HEAP_ALLOCATE|[EXTERNAL]|Bytes:-4
12:21:24.0 (44581834)|STATEMENT_EXECUTE|[29]
12:21:24.0 (44594711)|HEAP_ALLOCATE|[29]|Bytes:5
12:21:24.0 (44608522)|VARIABLE_ASSIGNMENT|[29]|success|true
12:21:24.0 (44613723)|STATEMENT_EXECUTE|[32]
12:21:24.0 (44616354)|HEAP_ALLOCATE|[32]|Bytes:7
12:21:24.0 (44632918)|HEAP_ALLOCATE|[32]|Bytes:5
12:21:24.0 (44636867)|HEAP_ALLOCATE|[EXTERNAL]|Bytes:-4
12:21:24.0 (44642043)|STATEMENT_EXECUTE|[34]
12:21:24.44 (44717331)|CUMULATIVE_LIMIT_USAGE
12:21:24.44 (44717331)|LIMIT_USAGE_FOR_NS|(default)|
  Number of SOQL queries: 1 out of 100
  Number of query rows: 1 out of 50000
  Number of SOSL queries: 0 out of 20
  Number of DML statements: 0 out of 150
  Number of Publish Immediate DML: 0 out of 150
  Number of DML rows: 0 out of 10000
  Maximum CPU time: 0 out of 10000
  Maximum heap size: 0 out of 6000000
  Number of callouts: 0 out of 100
  Number of Email Invocations: 0 out of 10
  Number of future calls: 0 out of 50
  Number of queueable jobs added to the queue: 0 out of 50
  Number of Mobile Apex push calls: 0 out of 10

12:21:24.44 (44717331)|CUMULATIVE_LIMIT_USAGE_END

12:21:24.0 (44748208)|CODE_UNIT_FINISHED|PickListCaseOriginController.getUserInfo()
12:21:24.0 (45013055)|CODE_UNIT_FINISHED|apex://PickListCaseOriginController/ACTION$getUserInfo
12:21:24.0 (45020653)|EXECUTION_FINISHED
