52.0 APEX_CODE,FINEST;APEX_PROFILING,INFO;CALLOUT,INFO;DATA_ACCESS,INFO;DB,INFO;NBA,INFO;SYSTEM,DEBUG;VALIDATION,INFO;VISUALFORCE,INFO;WAVE,INFO;WORKFLOW,INFO
18:36:00.0 (273977)|USER_INFO|[EXTERNAL]|0051N000008bAK9|contingenciafalabella@falabella.com.mx|(GMT-06:00) Central Standard Time (America/Mexico_City)|GMT-06:00
18:36:00.0 (364330)|EXECUTION_STARTED
18:36:00.0 (395867)|CODE_UNIT_STARTED|[EXTERNAL]|01p3l00000EBsek|BatchUpdateCaseGestorBOm min36
18:36:00.0 (13532158)|HEAP_ALLOCATE|[95]|Bytes:3
18:36:00.0 (13642547)|HEAP_ALLOCATE|[100]|Bytes:152
18:36:00.0 (13660372)|HEAP_ALLOCATE|[417]|Bytes:408
18:36:00.0 (13677115)|HEAP_ALLOCATE|[430]|Bytes:408
18:36:00.0 (13704281)|HEAP_ALLOCATE|[317]|Bytes:6
18:36:00.0 (13719527)|HEAP_ALLOCATE|[EXTERNAL]|Bytes:3
18:36:00.0 (13750015)|SYSTEM_METHOD_ENTRY|[1]|SchedulableContextImpl.SchedulableContextImpl()
18:36:00.0 (13771016)|STATEMENT_EXECUTE|[1]
18:36:00.0 (13786742)|SYSTEM_METHOD_EXIT|[1]|SchedulableContextImpl
18:36:00.0 (13791779)|HEAP_ALLOCATE|[EXTERNAL]|Bytes:8
18:36:00.0 (13793906)|HEAP_ALLOCATE|[EXTERNAL]|Bytes:4
18:36:00.0 (13809391)|VARIABLE_SCOPE_BEGIN|[4]|this|System.SchedulableContextImpl|true|false
18:36:00.0 (13920812)|VARIABLE_ASSIGNMENT|[4]|this|{}|0x1efbf075
18:36:00.0 (13928330)|VARIABLE_SCOPE_BEGIN|[4]|triggerId|Id|false|false
18:36:00.0 (14052072)|VARIABLE_ASSIGNMENT|[4]|triggerId|"08e3l000048VPUiAAO"
18:36:00.0 (15931968)|HEAP_ALLOCATE|[EXTERNAL]|Bytes:2
18:36:00.0 (15962974)|METHOD_ENTRY|[11]|01p3l00000EBsek|ScheduleBatchUpdateCaseGestorBO.ScheduleBatchUpdateCaseGestorBO()
18:36:00.0 (15975591)|STATEMENT_EXECUTE|[11]
18:36:00.0 (15984258)|STATEMENT_EXECUTE|[11]
18:36:00.0 (15990307)|METHOD_EXIT|[11]|ScheduleBatchUpdateCaseGestorBO
18:36:00.0 (16000663)|HEAP_ALLOCATE|[EXTERNAL]|Bytes:4
18:36:00.0 (16004441)|HEAP_ALLOCATE|[EXTERNAL]|Bytes:8
18:36:00.0 (16016429)|VARIABLE_SCOPE_BEGIN|[13]|this|ScheduleBatchUpdateCaseGestorBO|true|false
18:36:00.0 (16048201)|VARIABLE_ASSIGNMENT|[13]|this|{}|0x19b5f822
18:36:00.0 (16055182)|VARIABLE_SCOPE_BEGIN|[13]|SC|System.SchedulableContext|true|false
18:36:00.0 (16129225)|VARIABLE_ASSIGNMENT|[13]|SC|{"triggerId":"08e3l000048VPUiAAO"}|0x1efbf075
18:36:00.0 (16139700)|STATEMENT_EXECUTE|[13]
18:36:00.0 (16141515)|STATEMENT_EXECUTE|[15]
18:36:00.0 (16278804)|HEAP_ALLOCATE|[15]|Bytes:99
18:36:00.0 (16285399)|HEAP_ALLOCATE|[15]|Bytes:12
18:36:00.0 (16294408)|METHOD_ENTRY|[11]|01p3l00000EBsec|BatchUpdateCaseGestorBO.BatchUpdateCaseGestorBO()
18:36:00.0 (16300241)|STATEMENT_EXECUTE|[11]
18:36:00.0 (16303776)|STATEMENT_EXECUTE|[11]
18:36:00.0 (16307903)|METHOD_EXIT|[11]|BatchUpdateCaseGestorBO
18:36:00.0 (16314401)|HEAP_ALLOCATE|[15]|Bytes:20
18:36:00.0 (16357904)|CONSTRUCTOR_ENTRY|[15]|01p3l00000EBsec|<init>()|BatchUpdateCaseGestorBO
18:36:00.0 (16412140)|VARIABLE_SCOPE_BEGIN|[22]|this|BatchUpdateCaseGestorBO|true|false
18:36:00.0 (16439481)|VARIABLE_ASSIGNMENT|[22]|this|{}|0x6f297bbc
18:36:00.0 (16445683)|STATEMENT_EXECUTE|[11]
18:36:00.0 (16447472)|STATEMENT_EXECUTE|[13]
18:36:00.0 (16449198)|STATEMENT_EXECUTE|[14]
18:36:00.0 (16450718)|STATEMENT_EXECUTE|[17]
18:36:00.0 (16568344)|VARIABLE_SCOPE_BEGIN|[34]|Constants.APPROVAL_PROCESS_BO_UPDATE_MOBILE|String|false|true
18:36:00.0 (16576546)|VARIABLE_SCOPE_BEGIN|[63]|Constants.BATCH_BACKOFFICE_EMAIL_ADDRESS|String|false|true
18:36:00.0 (16582599)|VARIABLE_SCOPE_BEGIN|[64]|Constants.BATCH_BACKOFFICE_NUMBER_ATTEMPTS|String|false|true
18:36:00.0 (16588493)|VARIABLE_SCOPE_BEGIN|[33]|Constants.CUSTOM_NOTIFICATION_BO|String|false|true
18:36:00.0 (16594646)|VARIABLE_SCOPE_BEGIN|[19]|Constants.EMBOCE_CENTRALIZADO_VALIDACION_DIAS_SUBCATEGORIAS|String|false|true
18:36:00.0 (16634856)|VARIABLE_SCOPE_BEGIN|[15]|Constants.EMBOCE_CENTRALIZADO_VALOR_CREACION_DE_CASOS|String|false|true
18:36:00.0 (16640881)|VARIABLE_SCOPE_BEGIN|[85]|Constants.ESTAFETA_ENDPOINT_CUSTSHIPMENTTRACKING|String|false|true
18:36:00.0 (16647186)|VARIABLE_SCOPE_BEGIN|[84]|Constants.ESTAFETA_ENDPOINT_TOKEN|String|false|true
18:36:00.0 (16653493)|VARIABLE_SCOPE_BEGIN|[88]|Constants.ESTAFETA_FILTERTYPE|String|false|true
18:36:00.0 (16659865)|VARIABLE_SCOPE_BEGIN|[89]|Constants.ESTAFETA_HISTORYTYPE|String|false|true
18:36:00.0 (16666203)|VARIABLE_SCOPE_BEGIN|[86]|Constants.ESTAFETA_SEARCHTYPE|String|false|true
18:36:00.0 (16672371)|VARIABLE_SCOPE_BEGIN|[87]|Constants.ESTAFETA_WAYBILLTYPE|String|false|true
18:36:00.0 (16678274)|VARIABLE_SCOPE_BEGIN|[76]|Constants.HTTP_ACCEPT|String|false|true
18:36:00.0 (16684394)|VARIABLE_SCOPE_BEGIN|[78]|Constants.HTTP_APIKEY|String|false|true
18:36:00.0 (16690628)|VARIABLE_SCOPE_BEGIN|[77]|Constants.HTTP_APP_JSON|String|false|true
18:36:00.0 (16697027)|VARIABLE_SCOPE_BEGIN|[75]|Constants.HTTP_APP_URLENCODED|String|false|true
18:36:00.0 (16703258)|VARIABLE_SCOPE_BEGIN|[79]|Constants.HTTP_AUTHORIZATION|String|false|true
18:36:00.0 (16708877)|VARIABLE_SCOPE_BEGIN|[80]|Constants.HTTP_BEARER|String|false|true
18:36:00.0 (16714731)|VARIABLE_SCOPE_BEGIN|[69]|Constants.HTTP_CLIENT_CREDENTIALS|String|false|true
18:36:00.0 (16720833)|VARIABLE_SCOPE_BEGIN|[72]|Constants.HTTP_CLIENT_ID|String|false|true
18:36:00.0 (16726832)|VARIABLE_SCOPE_BEGIN|[73]|Constants.HTTP_CLIENT_SECRET|String|false|true
18:36:00.0 (16733017)|VARIABLE_SCOPE_BEGIN|[74]|Constants.HTTP_CONTENT_TYPE|String|false|true
18:36:00.0 (16739237)|VARIABLE_SCOPE_BEGIN|[71]|Constants.HTTP_EXECUTE|String|false|true
18:36:00.0 (16745222)|VARIABLE_SCOPE_BEGIN|[68]|Constants.HTTP_GRANT_TYPE|String|false|true
18:36:00.0 (16751732)|VARIABLE_SCOPE_BEGIN|[67]|Constants.HTTP_METHOD_POST|String|false|true
18:36:00.0 (16758353)|VARIABLE_SCOPE_BEGIN|[70]|Constants.HTTP_SCOPE|String|false|true
18:36:00.0 (16765007)|VARIABLE_SCOPE_BEGIN|[81]|Constants.HTTP_TIMEOUT|String|false|true
18:36:00.0 (16778179)|VARIABLE_SCOPE_BEGIN|[41]|Constants.MAP_MONTHS|Map<Integer,String>|true|true
18:36:00.0 (16785395)|VARIABLE_SCOPE_BEGIN|[57]|Constants.MS_INCODE_DASHBOARD_URL|String|false|true
18:36:00.0 (16792272)|VARIABLE_SCOPE_BEGIN|[38]|Constants.MS_SENDNOTIFICATION_CODIGO_AREA_MX|String|false|true
18:36:00.0 (16799237)|VARIABLE_SCOPE_BEGIN|[39]|Constants.MS_SENDNOTIFICATION_FIGITAL_SMS_APROBADO_1|String|false|true
18:36:00.0 (16806176)|VARIABLE_SCOPE_BEGIN|[40]|Constants.MS_SENDNOTIFICATION_FIGITAL_SMS_RECHAZO|String|false|true
18:36:00.0 (16813084)|VARIABLE_SCOPE_BEGIN|[37]|Constants.MS_SENDNOTIFICATION_TIPO_SMS|String|false|true
18:36:00.0 (16820080)|VARIABLE_SCOPE_BEGIN|[28]|Constants.PATH_CAN_TIT_MOTIVOS_DE_RETENCION_PERMITIDOS_N_VECES|String|false|true
18:36:00.0 (16827297)|VARIABLE_SCOPE_BEGIN|[21]|Constants.QUEUE_BACK_OFFICE_CASE_CALL_CENTER|String|false|true
18:36:00.0 (16834033)|VARIABLE_SCOPE_BEGIN|[32]|Constants.QUEUE_BO_COORDINADORES_APPROVAL_NOTIFICATION|String|false|true
18:36:00.0 (16840824)|VARIABLE_SCOPE_BEGIN|[24]|Constants.REGLA_DOCUMENTACION_ARCHINO_NO_VALIDO|String|false|true
18:36:00.0 (16847667)|VARIABLE_SCOPE_BEGIN|[23]|Constants.REGLA_DOCUMENTACION_ARCHIVOS_PERMITIDOS|String|false|true
18:36:00.0 (16854511)|VARIABLE_SCOPE_BEGIN|[22]|Constants.REGLA_DOCUMENTACION_MENSAJE_ERROR|String|false|true
18:36:00.0 (16861452)|VARIABLE_SCOPE_BEGIN|[60]|Constants.REPORTE_BACKOFFICE_PAGINATION_NUMBER_OF_RECORDS|String|false|true
18:36:00.0 (16868099)|VARIABLE_SCOPE_BEGIN|[20]|Constants.RETENCION_TITULAR_QUEUE_ACLARACIONES|String|false|true
18:36:00.0 (16899221)|METHOD_ENTRY|[12]|01p3l00000EBqyn|Constants.Constants()
18:36:00.0 (16907776)|STATEMENT_EXECUTE|[12]
18:36:00.0 (16912474)|STATEMENT_EXECUTE|[12]
18:36:00.0 (16914251)|STATEMENT_EXECUTE|[15]
18:36:00.0 (16919546)|HEAP_ALLOCATE|[15]|Bytes:43
18:36:00.0 (16952210)|HEAP_ALLOCATE|[68]|Bytes:5
18:36:00.0 (16980419)|HEAP_ALLOCATE|[74]|Bytes:5
18:36:00.0 (16989823)|HEAP_ALLOCATE|[82]|Bytes:7
18:36:00.0 (19362887)|HEAP_ALLOCATE|[15]|Bytes:3
18:36:00.0 (19436686)|VARIABLE_ASSIGNMENT|[15]|Constants.EMBOCE_CENTRALIZADO_VALOR_CREACION_DE_CASOS|"014"
18:36:00.0 (19447468)|STATEMENT_EXECUTE|[19]
18:36:00.0 (19451999)|HEAP_ALLOCATE|[19]|Bytes:49
18:36:00.0 (19485316)|HEAP_ALLOCATE|[19]|Bytes:1
18:36:00.0 (19497492)|VARIABLE_ASSIGNMENT|[19]|Constants.EMBOCE_CENTRALIZADO_VALIDACION_DIAS_SUBCATEGORIAS|"0"
18:36:00.0 (19502232)|STATEMENT_EXECUTE|[20]
18:36:00.0 (19504352)|HEAP_ALLOCATE|[20]|Bytes:36
18:36:00.0 (19513526)|HEAP_ALLOCATE|[20]|Bytes:18
18:36:00.0 (19530556)|VARIABLE_ASSIGNMENT|[20]|Constants.RETENCION_TITULAR_QUEUE_ACLARACIONES|"Aclaraciones_Corto"
18:36:00.0 (19534781)|STATEMENT_EXECUTE|[21]
18:36:00.0 (19536619)|HEAP_ALLOCATE|[21]|Bytes:34
18:36:00.0 (19548078)|HEAP_ALLOCATE|[21]|Bytes:19
18:36:00.0 (19558012)|VARIABLE_ASSIGNMENT|[21]|Constants.QUEUE_BACK_OFFICE_CASE_CALL_CENTER|"Atenci_n_BackOffice"
18:36:00.0 (19562143)|STATEMENT_EXECUTE|[22]
18:36:00.0 (19563841)|HEAP_ALLOCATE|[22]|Bytes:33
18:36:00.0 (19572325)|HEAP_ALLOCATE|[22]|Bytes:36
18:36:00.0 (19583548)|VARIABLE_ASSIGNMENT|[22]|Constants.REGLA_DOCUMENTACION_MENSAJE_ERROR|"Es necesario anexar  (16 more) ..."
18:36:00.0 (19587666)|STATEMENT_EXECUTE|[23]
18:36:00.0 (19589463)|HEAP_ALLOCATE|[23]|Bytes:39
18:36:00.0 (19597001)|HEAP_ALLOCATE|[23]|Bytes:4
18:36:00.0 (19605733)|VARIABLE_ASSIGNMENT|[23]|Constants.REGLA_DOCUMENTACION_ARCHIVOS_PERMITIDOS|"null"
18:36:00.0 (19609975)|STATEMENT_EXECUTE|[24]
18:36:00.0 (19611783)|HEAP_ALLOCATE|[24]|Bytes:37
18:36:00.0 (19619568)|HEAP_ALLOCATE|[24]|Bytes:39
18:36:00.0 (19628885)|VARIABLE_ASSIGNMENT|[24]|Constants.REGLA_DOCUMENTACION_ARCHINO_NO_VALIDO|"Es necesario anexar  (19 more) ..."
18:36:00.0 (19632742)|STATEMENT_EXECUTE|[28]
18:36:00.0 (19634329)|HEAP_ALLOCATE|[28]|Bytes:52
18:36:00.0 (19642375)|HEAP_ALLOCATE|[28]|Bytes:28
18:36:00.0 (19651828)|VARIABLE_ASSIGNMENT|[28]|Constants.PATH_CAN_TIT_MOTIVOS_DE_RETENCION_PERMITIDOS_N_VECES|"Asesoría producto;Be (8 more) ..."
18:36:00.0 (19656718)|STATEMENT_EXECUTE|[32]
18:36:00.0 (19658497)|HEAP_ALLOCATE|[32]|Bytes:44
18:36:00.0 (19665968)|HEAP_ALLOCATE|[32]|Bytes:21
18:36:00.0 (19675995)|VARIABLE_ASSIGNMENT|[32]|Constants.QUEUE_BO_COORDINADORES_APPROVAL_NOTIFICATION|"Riesgos_Coordinadore (1 more) ..."
18:36:00.0 (19679761)|STATEMENT_EXECUTE|[33]
18:36:00.0 (19681463)|HEAP_ALLOCATE|[33]|Bytes:22
18:36:00.0 (19689435)|HEAP_ALLOCATE|[33]|Bytes:26
18:36:00.0 (19698169)|VARIABLE_ASSIGNMENT|[33]|Constants.CUSTOM_NOTIFICATION_BO|"Aprobacion_de_Cupo_R (6 more) ..."
18:36:00.0 (19702487)|STATEMENT_EXECUTE|[34]
18:36:00.0 (19704209)|HEAP_ALLOCATE|[34]|Bytes:33
18:36:00.0 (19712144)|HEAP_ALLOCATE|[34]|Bytes:16
18:36:00.0 (19720189)|VARIABLE_ASSIGNMENT|[34]|Constants.APPROVAL_PROCESS_BO_UPDATE_MOBILE|"BO_Update_Mobile"
18:36:00.0 (19723977)|STATEMENT_EXECUTE|[37]
18:36:00.0 (19725677)|HEAP_ALLOCATE|[37]|Bytes:28
18:36:00.0 (19732834)|HEAP_ALLOCATE|[37]|Bytes:3
18:36:00.0 (19741089)|VARIABLE_ASSIGNMENT|[37]|Constants.MS_SENDNOTIFICATION_TIPO_SMS|"SMS"
18:36:00.0 (19744735)|STATEMENT_EXECUTE|[38]
18:36:00.0 (19746353)|HEAP_ALLOCATE|[38]|Bytes:34
18:36:00.0 (19754144)|HEAP_ALLOCATE|[38]|Bytes:3
18:36:00.0 (19762264)|VARIABLE_ASSIGNMENT|[38]|Constants.MS_SENDNOTIFICATION_CODIGO_AREA_MX|"521"
18:36:00.0 (19766049)|STATEMENT_EXECUTE|[39]
18:36:00.0 (19768104)|HEAP_ALLOCATE|[39]|Bytes:42
18:36:00.0 (19775649)|HEAP_ALLOCATE|[39]|Bytes:135
18:36:00.0 (19785319)|VARIABLE_ASSIGNMENT|[39]|Constants.MS_SENDNOTIFICATION_FIGITAL_SMS_APROBADO_1|"¡FELICIDADES! Tu TDC (115 more) ..."
18:36:00.0 (19789553)|STATEMENT_EXECUTE|[40]
18:36:00.0 (19791377)|HEAP_ALLOCATE|[40]|Bytes:39
18:36:00.0 (19799168)|HEAP_ALLOCATE|[40]|Bytes:158
18:36:00.0 (19809223)|VARIABLE_ASSIGNMENT|[40]|Constants.MS_SENDNOTIFICATION_FIGITAL_SMS_RECHAZO|"Lo sentimos, tu TDC  (138 more) ..."
18:36:00.0 (19812757)|STATEMENT_EXECUTE|[41]
18:36:00.0 (19829403)|HEAP_ALLOCATE|[41]|Bytes:4
18:36:00.0 (19850098)|HEAP_ALLOCATE|[42]|Bytes:3
18:36:00.0 (19926105)|HEAP_ALLOCATE|[41]|Bytes:4
18:36:00.0 (19943464)|HEAP_ALLOCATE|[43]|Bytes:3
18:36:00.0 (19949966)|HEAP_ALLOCATE|[41]|Bytes:4
18:36:00.0 (19956832)|HEAP_ALLOCATE|[44]|Bytes:3
18:36:00.0 (19963607)|HEAP_ALLOCATE|[41]|Bytes:4
18:36:00.0 (19969550)|HEAP_ALLOCATE|[45]|Bytes:3
18:36:00.0 (19974375)|HEAP_ALLOCATE|[41]|Bytes:4
18:36:00.0 (19980660)|HEAP_ALLOCATE|[46]|Bytes:3
18:36:00.0 (19985659)|HEAP_ALLOCATE|[41]|Bytes:4
18:36:00.0 (19991281)|HEAP_ALLOCATE|[47]|Bytes:3
18:36:00.0 (19995940)|HEAP_ALLOCATE|[41]|Bytes:4
18:36:00.0 (20000613)|HEAP_ALLOCATE|[48]|Bytes:3
18:36:00.0 (20006772)|HEAP_ALLOCATE|[41]|Bytes:4
18:36:00.0 (20012047)|HEAP_ALLOCATE|[49]|Bytes:3
18:36:00.0 (20016828)|HEAP_ALLOCATE|[41]|Bytes:4
18:36:00.0 (20021583)|HEAP_ALLOCATE|[50]|Bytes:3
18:36:00.0 (20026153)|HEAP_ALLOCATE|[41]|Bytes:4
18:36:00.0 (20031287)|HEAP_ALLOCATE|[51]|Bytes:3
18:36:00.0 (20035867)|HEAP_ALLOCATE|[41]|Bytes:4
18:36:00.0 (20041087)|HEAP_ALLOCATE|[52]|Bytes:3
18:36:00.0 (20045971)|HEAP_ALLOCATE|[41]|Bytes:4
18:36:00.0 (20050484)|HEAP_ALLOCATE|[53]|Bytes:3
18:36:00.0 (20055206)|HEAP_ALLOCATE|[41]|Bytes:4
18:36:00.0 (20088026)|VARIABLE_ASSIGNMENT|[41]|Constants.MAP_MONTHS|"Map of size 12 too large to display"|0x6112b268
18:36:00.0 (20094828)|STATEMENT_EXECUTE|[57]
18:36:00.0 (20096949)|HEAP_ALLOCATE|[57]|Bytes:23
18:36:00.0 (20121031)|HEAP_ALLOCATE|[57]|Bytes:54
18:36:00.0 (20133856)|VARIABLE_ASSIGNMENT|[57]|Constants.MS_INCODE_DASHBOARD_URL|"https://dashboard.in (34 more) ..."
18:36:00.0 (20138199)|STATEMENT_EXECUTE|[60]
18:36:00.0 (20140105)|HEAP_ALLOCATE|[60]|Bytes:47
18:36:00.0 (20149113)|HEAP_ALLOCATE|[60]|Bytes:2
18:36:00.0 (20162603)|VARIABLE_ASSIGNMENT|[60]|Constants.REPORTE_BACKOFFICE_PAGINATION_NUMBER_OF_RECORDS|"50"
18:36:00.0 (20166753)|STATEMENT_EXECUTE|[63]
18:36:00.0 (20168513)|HEAP_ALLOCATE|[63]|Bytes:30
18:36:00.0 (20176820)|HEAP_ALLOCATE|[63]|Bytes:437
18:36:00.0 (20185620)|VARIABLE_ASSIGNMENT|[63]|Constants.BATCH_BACKOFFICE_EMAIL_ADDRESS|"jorodriguezca@falabe (417 more) ..."
18:36:00.0 (20189258)|STATEMENT_EXECUTE|[64]
18:36:00.0 (20190850)|HEAP_ALLOCATE|[64]|Bytes:32
18:36:00.0 (20198084)|HEAP_ALLOCATE|[64]|Bytes:1
18:36:00.0 (20206261)|VARIABLE_ASSIGNMENT|[64]|Constants.BATCH_BACKOFFICE_NUMBER_ATTEMPTS|"3"
18:36:00.0 (20210440)|STATEMENT_EXECUTE|[67]
18:36:00.0 (20211891)|HEAP_ALLOCATE|[67]|Bytes:16
18:36:00.0 (20220193)|HEAP_ALLOCATE|[67]|Bytes:4
18:36:00.0 (20229233)|VARIABLE_ASSIGNMENT|[67]|Constants.HTTP_METHOD_POST|"POST"
18:36:00.0 (20233394)|STATEMENT_EXECUTE|[68]
18:36:00.0 (20235225)|HEAP_ALLOCATE|[68]|Bytes:15
18:36:00.0 (20243650)|HEAP_ALLOCATE|[68]|Bytes:10
18:36:00.0 (20251898)|VARIABLE_ASSIGNMENT|[68]|Constants.HTTP_GRANT_TYPE|"grant_type"
18:36:00.0 (20255665)|STATEMENT_EXECUTE|[69]
18:36:00.0 (20257350)|HEAP_ALLOCATE|[69]|Bytes:23
18:36:00.0 (20264853)|HEAP_ALLOCATE|[69]|Bytes:18
18:36:00.0 (20273045)|VARIABLE_ASSIGNMENT|[69]|Constants.HTTP_CLIENT_CREDENTIALS|"client_credentials"
18:36:00.0 (20276922)|STATEMENT_EXECUTE|[70]
18:36:00.0 (20278550)|HEAP_ALLOCATE|[70]|Bytes:10
18:36:00.0 (20285311)|HEAP_ALLOCATE|[70]|Bytes:5
18:36:00.0 (20293223)|VARIABLE_ASSIGNMENT|[70]|Constants.HTTP_SCOPE|"scope"
18:36:00.0 (20296823)|STATEMENT_EXECUTE|[71]
18:36:00.0 (20298526)|HEAP_ALLOCATE|[71]|Bytes:12
18:36:00.0 (20306164)|HEAP_ALLOCATE|[71]|Bytes:7
18:36:00.0 (20314169)|VARIABLE_ASSIGNMENT|[71]|Constants.HTTP_EXECUTE|"execute"
18:36:00.0 (20318149)|STATEMENT_EXECUTE|[72]
18:36:00.0 (20319733)|HEAP_ALLOCATE|[72]|Bytes:14
18:36:00.0 (20326939)|HEAP_ALLOCATE|[72]|Bytes:9
18:36:00.0 (20335662)|VARIABLE_ASSIGNMENT|[72]|Constants.HTTP_CLIENT_ID|"client_id"
18:36:00.0 (20339985)|STATEMENT_EXECUTE|[73]
18:36:00.0 (20341774)|HEAP_ALLOCATE|[73]|Bytes:18
18:36:00.0 (20349903)|HEAP_ALLOCATE|[73]|Bytes:13
18:36:00.0 (20358917)|VARIABLE_ASSIGNMENT|[73]|Constants.HTTP_CLIENT_SECRET|"client_secret"
18:36:00.0 (20363177)|STATEMENT_EXECUTE|[74]
18:36:00.0 (20365032)|HEAP_ALLOCATE|[74]|Bytes:17
18:36:00.0 (20374644)|HEAP_ALLOCATE|[74]|Bytes:12
18:36:00.0 (20383122)|VARIABLE_ASSIGNMENT|[74]|Constants.HTTP_CONTENT_TYPE|"Content-Type"
18:36:00.0 (20387207)|STATEMENT_EXECUTE|[75]
18:36:00.0 (20388904)|HEAP_ALLOCATE|[75]|Bytes:19
18:36:00.0 (20396090)|HEAP_ALLOCATE|[75]|Bytes:33
18:36:00.0 (20404642)|VARIABLE_ASSIGNMENT|[75]|Constants.HTTP_APP_URLENCODED|"application/x-www-fo (13 more) ..."
18:36:00.0 (20408435)|STATEMENT_EXECUTE|[76]
18:36:00.0 (20410310)|HEAP_ALLOCATE|[76]|Bytes:11
18:36:00.0 (20417379)|HEAP_ALLOCATE|[76]|Bytes:6
18:36:00.0 (20425206)|VARIABLE_ASSIGNMENT|[76]|Constants.HTTP_ACCEPT|"accept"
18:36:00.0 (20429259)|STATEMENT_EXECUTE|[77]
18:36:00.0 (20430981)|HEAP_ALLOCATE|[77]|Bytes:13
18:36:00.0 (20438963)|HEAP_ALLOCATE|[77]|Bytes:16
18:36:00.0 (20447111)|VARIABLE_ASSIGNMENT|[77]|Constants.HTTP_APP_JSON|"application/json"
18:36:00.0 (20450969)|STATEMENT_EXECUTE|[78]
18:36:00.0 (20452632)|HEAP_ALLOCATE|[78]|Bytes:11
18:36:00.0 (20460192)|HEAP_ALLOCATE|[78]|Bytes:6
18:36:00.0 (20468674)|VARIABLE_ASSIGNMENT|[78]|Constants.HTTP_APIKEY|"apikey"
18:36:00.0 (20472675)|STATEMENT_EXECUTE|[79]
18:36:00.0 (20474491)|HEAP_ALLOCATE|[79]|Bytes:18
18:36:00.0 (20482041)|HEAP_ALLOCATE|[79]|Bytes:13
18:36:00.0 (21113695)|VARIABLE_ASSIGNMENT|[79]|Constants.HTTP_AUTHORIZATION|"Authorization"
18:36:00.0 (21124775)|STATEMENT_EXECUTE|[80]
18:36:00.0 (21128068)|HEAP_ALLOCATE|[80]|Bytes:11
18:36:00.0 (21146000)|HEAP_ALLOCATE|[80]|Bytes:6
18:36:00.0 (21159260)|VARIABLE_ASSIGNMENT|[80]|Constants.HTTP_BEARER|"Bearer"
18:36:00.0 (21163801)|STATEMENT_EXECUTE|[81]
18:36:00.0 (21165687)|HEAP_ALLOCATE|[81]|Bytes:12
18:36:00.0 (21174043)|HEAP_ALLOCATE|[81]|Bytes:6
18:36:00.0 (21183488)|VARIABLE_ASSIGNMENT|[81]|Constants.HTTP_TIMEOUT|"120000"
18:36:00.0 (21187596)|STATEMENT_EXECUTE|[84]
18:36:00.0 (21189714)|HEAP_ALLOCATE|[84]|Bytes:23
18:36:00.0 (21197152)|HEAP_ALLOCATE|[84]|Bytes:44
18:36:00.0 (21207047)|VARIABLE_ASSIGNMENT|[84]|Constants.ESTAFETA_ENDPOINT_TOKEN|"https://api.estafeta (24 more) ..."
18:36:00.0 (21211305)|STATEMENT_EXECUTE|[85]
18:36:00.0 (21213002)|HEAP_ALLOCATE|[85]|Bytes:38
18:36:00.0 (21220659)|HEAP_ALLOCATE|[85]|Bytes:64
18:36:00.0 (21229572)|VARIABLE_ASSIGNMENT|[85]|Constants.ESTAFETA_ENDPOINT_CUSTSHIPMENTTRACKING|"https://csrest.estaf (44 more) ..."
18:36:00.0 (21233337)|STATEMENT_EXECUTE|[86]
18:36:00.0 (21234975)|HEAP_ALLOCATE|[86]|Bytes:19
18:36:00.0 (21243034)|HEAP_ALLOCATE|[86]|Bytes:1
18:36:00.0 (21254152)|VARIABLE_ASSIGNMENT|[86]|Constants.ESTAFETA_SEARCHTYPE|"L"
18:36:00.0 (21258379)|STATEMENT_EXECUTE|[87]
18:36:00.0 (21260241)|HEAP_ALLOCATE|[87]|Bytes:20
18:36:00.0 (21268082)|HEAP_ALLOCATE|[87]|Bytes:1
18:36:00.0 (21276527)|VARIABLE_ASSIGNMENT|[87]|Constants.ESTAFETA_WAYBILLTYPE|"G"
18:36:00.0 (21280466)|STATEMENT_EXECUTE|[88]
18:36:00.0 (21282100)|HEAP_ALLOCATE|[88]|Bytes:19
18:36:00.0 (21289516)|HEAP_ALLOCATE|[88]|Bytes:9
18:36:00.0 (21297234)|VARIABLE_ASSIGNMENT|[88]|Constants.ESTAFETA_FILTERTYPE|"DELIVERED"
18:36:00.0 (21301297)|STATEMENT_EXECUTE|[89]
18:36:00.0 (21302917)|HEAP_ALLOCATE|[89]|Bytes:20
18:36:00.0 (21310219)|HEAP_ALLOCATE|[89]|Bytes:3
18:36:00.0 (21529146)|VARIABLE_ASSIGNMENT|[89]|Constants.ESTAFETA_HISTORYTYPE|"ALL"
18:36:00.0 (21547680)|METHOD_EXIT|[12]|Constants
18:36:00.0 (21636412)|HEAP_ALLOCATE|[17]|Bytes:4
18:36:00.0 (21652220)|VARIABLE_ASSIGNMENT|[17]|this.intCallMSAttempts|3|0x6f297bbc
18:36:00.0 (21658206)|STATEMENT_EXECUTE|[20]
18:36:00.0 (21680408)|STATEMENT_EXECUTE|[22]
18:36:00.0 (21682104)|STATEMENT_EXECUTE|[24]
18:36:00.0 (21684819)|HEAP_ALLOCATE|[24]|Bytes:92
18:36:00.0 (21703413)|HEAP_ALLOCATE|[24]|Bytes:4
18:36:00.0 (22194350)|SOQL_EXECUTE_BEGIN|[24]|Aggregations:0|SELECT Id FROM Group WHERE (Type = 'Queue' AND DeveloperName = 'BackOffice_Credito_Fraudes')
18:36:00.0 (28194632)|SOQL_EXECUTE_END|[24]|Rows:1
18:36:00.0 (28218577)|HEAP_ALLOCATE|[24]|Bytes:8
18:36:00.0 (28233272)|HEAP_ALLOCATE|[24]|Bytes:29
18:36:00.0 (28320242)|HEAP_ALLOCATE|[24]|Bytes:8
18:36:00.0 (28335109)|HEAP_ALLOCATE|[24]|Bytes:31
18:36:00.0 (28384919)|HEAP_ALLOCATE|[24]|Bytes:8
18:36:00.0 (28420943)|HEAP_ALLOCATE|[24]|Bytes:18
18:36:00.0 (28439710)|VARIABLE_ASSIGNMENT|[24]|this.idQueueFraudesCredito|"00G3l000004HYBREA4"|0x6f297bbc
18:36:00.0 (28446500)|STATEMENT_EXECUTE|[25]
18:36:00.0 (28449189)|HEAP_ALLOCATE|[25]|Bytes:4
18:36:00.0 (28923512)|HEAP_ALLOCATE|[25]|Bytes:4
18:36:00.0 (32081387)|HEAP_ALLOCATE|[25]|Bytes:408
18:36:00.0 (32097782)|HEAP_ALLOCATE|[25]|Bytes:19
18:36:00.0 (32160528)|HEAP_ALLOCATE|[25]|Bytes:4
18:36:00.0 (32166926)|HEAP_ALLOCATE|[25]|Bytes:18
18:36:00.0 (32171419)|VARIABLE_SCOPE_BEGIN|[25]|idRecordTypeCredito|String|false|false
18:36:00.0 (32185739)|VARIABLE_ASSIGNMENT|[25]|idRecordTypeCredito|"0123l000001M9F8AAK"
18:36:00.0 (32191336)|STATEMENT_EXECUTE|[26]
18:36:00.0 (32253084)|HEAP_ALLOCATE|[26]|Bytes:4
18:36:00.0 (33134978)|HEAP_ALLOCATE|[26]|Bytes:408
18:36:00.0 (33142180)|HEAP_ALLOCATE|[26]|Bytes:18
18:36:00.0 (33162191)|HEAP_ALLOCATE|[26]|Bytes:4
18:36:00.0 (33167101)|HEAP_ALLOCATE|[26]|Bytes:18
18:36:00.0 (33170205)|VARIABLE_SCOPE_BEGIN|[26]|idRecordTypeFigital|String|false|false
18:36:00.0 (33179903)|VARIABLE_ASSIGNMENT|[26]|idRecordTypeFigital|"0123l0000019LkKAAU"
18:36:00.0 (33184467)|STATEMENT_EXECUTE|[28]
18:36:00.0 (33194461)|HEAP_ALLOCATE|[28]|Bytes:4
18:36:00.0 (33286239)|HEAP_ALLOCATE|[EXTERNAL]|Bytes:12
18:36:00.0 (33303195)|VARIABLE_ASSIGNMENT|[28]|this.lstRecordTypesBO|["0123l000001M9F8AAK","0123l0000019LkKAAU"]|0x6f297bbc
18:36:00.0 (33306613)|STATEMENT_EXECUTE|[30]
18:36:00.0 (33309497)|HEAP_ALLOCATE|[30]|Bytes:4
18:36:00.0 (33322134)|HEAP_ALLOCATE|[EXTERNAL]|Bytes:4
18:36:00.0 (33325296)|VARIABLE_ASSIGNMENT|[30]|this.lstRequestsWithError|[]|0x6f297bbc
18:36:00.0 (33339454)|CONSTRUCTOR_EXIT|[15]|01p3l00000EBsec|<init>()|BatchUpdateCaseGestorBO
18:36:00.0 (33343231)|VARIABLE_SCOPE_BEGIN|[15]|batchApex|BatchUpdateCaseGestorBO|true|false
18:36:00.0 (33379327)|VARIABLE_ASSIGNMENT|[15]|batchApex|{"idQueueFraudesCredito":"00G3l000004HYBREA4","intCallMSAttempts":3,"lstRecordTypesBO":"0x5a5c82bc","lstRequestsWithError":"0x5cb4a3e7"}|0x6f297bbc
18:36:00.0 (33383820)|STATEMENT_EXECUTE|[16]
18:36:00.102 (102605247)|CUMULATIVE_LIMIT_USAGE
18:36:00.102 (102605247)|LIMIT_USAGE_FOR_NS|(default)|
  Number of SOQL queries: 1 out of 100
  Number of query rows: 1 out of 50000
  Number of SOSL queries: 0 out of 20
  Number of DML statements: 0 out of 150
  Number of Publish Immediate DML: 0 out of 150
  Number of DML rows: 0 out of 10000
  Maximum CPU time: 0 out of 10000
  Maximum heap size: 0 out of 6000000
  Number of callouts: 0 out of 100
  Number of Email Invocations: 0 out of 10
  Number of future calls: 0 out of 50
  Number of queueable jobs added to the queue: 0 out of 50
  Number of Mobile Apex push calls: 0 out of 10

18:36:00.102 (102605247)|CUMULATIVE_LIMIT_USAGE_END

18:36:00.0 (102748534)|CODE_UNIT_FINISHED|BatchUpdateCaseGestorBOm min36
18:36:00.0 (102775279)|EXECUTION_FINISHED
