66.0 APEX_CODE,FINEST;APEX_PROFILING,INFO;CALLOUT,INFO;DATA_ACCESS,INFO;DB,INFO;NBA,INFO;SYSTEM,DEBUG;VALIDATION,INFO;VISUALFORCE,INFO;WAVE,INFO;WORKFLOW,INFO
14:45:58.0 (208157)|USER_INFO|[EXTERNAL]|0051N000005gvau|etrevinofalabella@izeicg.com.uat|(GMT-06:00) Central Standard Time (America/Mexico_City)|GMT-06:00
14:45:58.0 (240313)|EXECUTION_STARTED
14:45:58.0 (249906)|CODE_UNIT_STARTED|[EXTERNAL]|apex://validateQuestionsController/ACTION$getValidationToday
14:45:58.0 (5008037)|CODE_UNIT_STARTED|[EXTERNAL]|01p0v000003Gv5u|validateQuestionsController.getValidationToday(String)
14:45:58.0 (5347453)|HEAP_ALLOCATE|[95]|Bytes:3
14:45:58.0 (5442370)|HEAP_ALLOCATE|[100]|Bytes:152
14:45:58.0 (5456588)|HEAP_ALLOCATE|[417]|Bytes:408
14:45:58.0 (5467632)|HEAP_ALLOCATE|[430]|Bytes:408
14:45:58.0 (5493042)|HEAP_ALLOCATE|[317]|Bytes:6
14:45:58.0 (5503858)|HEAP_ALLOCATE|[EXTERNAL]|Bytes:27
14:45:58.0 (5506531)|HEAP_ALLOCATE|[EXTERNAL]|Bytes:11
14:45:58.0 (5514500)|METHOD_ENTRY|[15]|01p0v000003Gv5u|validateQuestionsController.validateQuestionsController()
14:45:58.0 (5521620)|STATEMENT_EXECUTE|[15]
14:45:58.0 (5528284)|STATEMENT_EXECUTE|[15]
14:45:58.0 (5535973)|METHOD_EXIT|[15]|validateQuestionsController
14:45:58.0 (5539087)|HEAP_ALLOCATE|[EXTERNAL]|Bytes:18
14:45:58.0 (5547545)|VARIABLE_SCOPE_BEGIN|[58]|customerId|String|false|false
14:45:58.0 (5599083)|VARIABLE_ASSIGNMENT|[58]|customerId|"001Rt000014IrsjIAC"
14:45:58.0 (5608193)|STATEMENT_EXECUTE|[58]
14:45:58.0 (5609181)|STATEMENT_EXECUTE|[59]
14:45:58.0 (6027564)|HEAP_ALLOCATE|[59]|Bytes:4
14:45:58.0 (6118540)|VARIABLE_SCOPE_BEGIN|[59]|VIList|List<Validacion_Incorrecta__c>|true|false
14:45:58.0 (6128756)|HEAP_ALLOCATE|[EXTERNAL]|Bytes:4
14:45:58.0 (6142806)|VARIABLE_ASSIGNMENT|[59]|VIList|[]|0x4e466539
14:45:58.0 (6148346)|STATEMENT_EXECUTE|[60]
14:45:58.0 (6149576)|STATEMENT_EXECUTE|[60]
14:45:58.0 (6150501)|STATEMENT_EXECUTE|[61]
14:45:58.0 (6153833)|HEAP_ALLOCATE|[61]|Bytes:128
14:45:58.0 (6168691)|HEAP_ALLOCATE|[61]|Bytes:4
14:45:58.0 (6175271)|HEAP_ALLOCATE|[61]|Bytes:7
14:45:58.0 (6211045)|HEAP_ALLOCATE|[68]|Bytes:5
14:45:58.0 (6234808)|HEAP_ALLOCATE|[74]|Bytes:5
14:45:58.0 (6239897)|HEAP_ALLOCATE|[82]|Bytes:7
14:45:58.0 (7152698)|SOQL_EXECUTE_BEGIN|[61]|Aggregations:0|SELECT Id FROM Validacion_Incorrecta__c WHERE (Account__c = :tmpVar1 AND Validacion_Exitosa__c = FALSE AND Creado_Hoy__c = TRUE)
14:45:58.0 (14551420)|SOQL_EXECUTE_END|[61]|Rows:0
14:45:58.0 (14594406)|HEAP_ALLOCATE|[61]|Bytes:4
14:45:58.0 (14615278)|HEAP_ALLOCATE|[61]|Bytes:0
14:45:58.0 (14687109)|HEAP_ALLOCATE|[61]|Bytes:4
14:45:58.0 (14727730)|VARIABLE_ASSIGNMENT|[61]|VIList|[]|0x78a54534
14:45:58.0 (14741073)|STATEMENT_EXECUTE|[68]
14:45:58.0 (14806842)|VARIABLE_SCOPE_BEGIN|[68]|numeroDeValidacionesIncorrectas|Integer|false|false
14:45:58.0 (14813138)|HEAP_ALLOCATE|[68]|Bytes:4
14:45:58.0 (14842744)|VARIABLE_ASSIGNMENT|[68]|numeroDeValidacionesIncorrectas|0
14:45:58.0 (14847018)|STATEMENT_EXECUTE|[69]
14:45:58.0 (14849463)|HEAP_ALLOCATE|[69]|Bytes:4
14:45:58.14 (14911305)|CUMULATIVE_LIMIT_USAGE
14:45:58.14 (14911305)|LIMIT_USAGE_FOR_NS|(default)|
  Number of SOQL queries: 1 out of 100
  Number of query rows: 0 out of 50000
  Number of SOSL queries: 0 out of 20
  Number of DML statements: 0 out of 150
  Number of Publish Immediate DML: 0 out of 150
  Number of DML rows: 0 out of 10000
  Maximum CPU time: 0 out of 10000
  Maximum heap size: 0 out of 6000000
  Number of callouts: 0 out of 100
  Number of Email Invocations: 0 out of 10
  Number of future calls: 0 out of 50
  Number of queueable jobs added to the queue: 0 out of 50
  Number of Mobile Apex push calls: 0 out of 10

14:45:58.14 (14911305)|CUMULATIVE_LIMIT_USAGE_END

14:45:58.0 (14943289)|CODE_UNIT_FINISHED|validateQuestionsController.getValidationToday(String)
14:45:58.0 (15157389)|CODE_UNIT_FINISHED|apex://validateQuestionsController/ACTION$getValidationToday
14:45:58.0 (15163039)|EXECUTION_FINISHED
