56.0 APEX_CODE,FINEST;APEX_PROFILING,INFO;CALLOUT,INFO;DATA_ACCESS,INFO;DB,INFO;NBA,INFO;SYSTEM,DEBUG;VALIDATION,INFO;VISUALFORCE,INFO;WAVE,INFO;WORKFLOW,INFO
17:00:04.1 (1224040)|USER_INFO|[EXTERNAL]|0051N000005gvau|etrevinofalabella@izeicg.com.uat|(GMT-06:00) Central Standard Time (America/Mexico_City)|GMT-06:00
17:00:04.1 (1264524)|EXECUTION_STARTED
17:00:04.1 (1277638)|CODE_UNIT_STARTED|[EXTERNAL]|01pDK00000AKh3n|BatchUpdateCasesEmboce
17:00:04.1 (2912017)|HEAP_ALLOCATE|[95]|Bytes:3
17:00:04.1 (2997340)|HEAP_ALLOCATE|[100]|Bytes:152
17:00:04.1 (3012939)|HEAP_ALLOCATE|[417]|Bytes:408
17:00:04.1 (3031649)|HEAP_ALLOCATE|[430]|Bytes:408
17:00:04.1 (3060199)|HEAP_ALLOCATE|[317]|Bytes:6
17:00:04.1 (4386636)|HEAP_ALLOCATE|[EXTERNAL]|Bytes:133
17:00:04.1 (4800481)|HEAP_ALLOCATE|[EXTERNAL]|Bytes:11
17:00:04.1 (4817579)|SYSTEM_METHOD_ENTRY|[15]|BatchableContextImpl.BatchableContextImpl()
17:00:04.1 (4828353)|STATEMENT_EXECUTE|[15]
17:00:04.1 (4839789)|SYSTEM_METHOD_EXIT|[15]|BatchableContextImpl
17:00:04.1 (4845238)|HEAP_ALLOCATE|[EXTERNAL]|Bytes:12
17:00:04.1 (4848644)|HEAP_ALLOCATE|[EXTERNAL]|Bytes:4
17:00:04.1 (4853136)|VARIABLE_SCOPE_BEGIN|[31]|this|Database.BatchableContextImpl|true|false
17:00:04.1 (4984728)|VARIABLE_ASSIGNMENT|[31]|this|{}|0x6eae5510
17:00:04.1 (4999691)|VARIABLE_SCOPE_BEGIN|[31]|jobId|Id|false|false
17:00:04.1 (5116075)|VARIABLE_ASSIGNMENT|[31]|jobId|"707Rt000024QqsWIAS"
17:00:04.1 (5121944)|VARIABLE_SCOPE_BEGIN|[31]|childJobId|Id|false|false
17:00:04.1 (5130074)|VARIABLE_ASSIGNMENT|[31]|childJobId|null
17:00:04.1 (25608421)|HEAP_ALLOCATE|[EXTERNAL]|Bytes:99
17:00:04.1 (25632888)|HEAP_ALLOCATE|[EXTERNAL]|Bytes:12
17:00:04.1 (25662813)|METHOD_ENTRY|[11]|01pDK00000AKh3n|BatchUpdateCasesEmboce.BatchUpdateCasesEmboce()
17:00:04.1 (25670442)|STATEMENT_EXECUTE|[11]
17:00:04.1 (25679839)|STATEMENT_EXECUTE|[11]
17:00:04.1 (25686078)|METHOD_EXIT|[11]|BatchUpdateCasesEmboce
17:00:04.1 (25691098)|HEAP_ALLOCATE|[EXTERNAL]|Bytes:24
17:00:04.1 (25694955)|HEAP_ALLOCATE|[EXTERNAL]|Bytes:12
17:00:04.1 (25710175)|VARIABLE_SCOPE_BEGIN|[217]|this|BatchUpdateCasesEmboce|true|false
17:00:04.1 (25791032)|VARIABLE_ASSIGNMENT|[217]|this|{"estatus":"CONFIRMADO","lstReturns":"0x6282bdbe","lstStatusCanceledCases":"0x7a4c1e3a","lstStatusClosedCases":"0x556194d8","mapErrors":"0x5fbdb161"}|0x86a41b5
17:00:04.1 (25800938)|VARIABLE_SCOPE_BEGIN|[217]|BC|Database.BatchableContext|true|false
17:00:04.1 (25896880)|VARIABLE_ASSIGNMENT|[217]|BC|{"jobId":"707Rt000024QqsWIAS"}|0x6eae5510
17:00:04.1 (25924352)|STATEMENT_EXECUTE|[217]
17:00:04.1 (25974028)|STATEMENT_EXECUTE|[220]
17:00:04.1 (25975584)|STATEMENT_EXECUTE|[222]
17:00:04.1 (25979974)|HEAP_ALLOCATE|[222]|Bytes:32
17:00:04.1 (28593158)|HEAP_ALLOCATE|[222]|Bytes:8
17:00:04.1 (28627441)|METHOD_ENTRY|[11]|01pDK00000AKnSH|UtilitiesBatchCasesEmboce.UtilitiesBatchCasesEmboce()
17:00:04.1 (28633735)|STATEMENT_EXECUTE|[11]
17:00:04.1 (28639796)|STATEMENT_EXECUTE|[11]
17:00:04.1 (28645652)|METHOD_EXIT|[11]|UtilitiesBatchCasesEmboce
17:00:04.1 (28703563)|METHOD_ENTRY|[222]|01pDK00000AKnSH|UtilitiesBatchCasesEmboce.sendEmail(String, Map<String,ANY>)
17:00:04.1 (28736922)|VARIABLE_SCOPE_BEGIN|[37]|strBatchName|String|false|false
17:00:04.1 (28756032)|VARIABLE_ASSIGNMENT|[37]|strBatchName|"Batch Consulta de Gu (12 more) ..."
17:00:04.1 (28760219)|VARIABLE_SCOPE_BEGIN|[37]|mapErrors|Map<String,ANY>|true|false
17:00:04.1 (28777275)|VARIABLE_ASSIGNMENT|[37]|mapErrors|{"WebService":{"CutShipmentrackingV2":"null;null"}}|0x5fbdb161
17:00:04.1 (28784062)|STATEMENT_EXECUTE|[37]
17:00:04.1 (28784981)|STATEMENT_EXECUTE|[39]
17:00:04.1 (28788053)|HEAP_ALLOCATE|[39]|Bytes:40
17:00:04.1 (28805049)|HEAP_ALLOCATE|[68]|Bytes:5
17:00:04.1 (28826297)|HEAP_ALLOCATE|[74]|Bytes:5
17:00:04.1 (28830504)|HEAP_ALLOCATE|[82]|Bytes:7
17:00:04.1 (30591352)|HEAP_ALLOCATE|[39]|Bytes:46
17:00:04.1 (30615784)|HEAP_ALLOCATE|[39]|Bytes:1
17:00:04.1 (30717811)|HEAP_ALLOCATE|[39]|Bytes:26
17:00:04.1 (30720405)|HEAP_ALLOCATE|[39]|Bytes:19
17:00:04.1 (30722935)|HEAP_ALLOCATE|[39]|Bytes:12
17:00:04.1 (30732229)|VARIABLE_SCOPE_BEGIN|[39]|lstToAdresses|List<String>|true|false
17:00:04.1 (30760655)|HEAP_ALLOCATE|[EXTERNAL]|Bytes:12
17:00:04.1 (30781960)|VARIABLE_ASSIGNMENT|[39]|lstToAdresses|["ljcordova@falabella. (6 more) ...","mrosales@izeicg.com"]|0x3b2b0b31
17:00:04.1 (30789525)|STATEMENT_EXECUTE|[41]
17:00:04.1 (30806257)|METHOD_ENTRY|[41]|01pDK00000AKnSH|UtilitiesBatchCasesEmboce.createBodyHtml(Map<String,ANY>)
17:00:04.1 (30817829)|VARIABLE_SCOPE_BEGIN|[58]|mapErrors|Map<String,ANY>|true|false
17:00:04.1 (30832591)|VARIABLE_ASSIGNMENT|[58]|mapErrors|{"WebService":{"CutShipmentrackingV2":"null;null"}}|0x5fbdb161
17:00:04.1 (30837836)|STATEMENT_EXECUTE|[58]
17:00:04.1 (30839131)|STATEMENT_EXECUTE|[60]
17:00:04.1 (30841220)|HEAP_ALLOCATE|[60]|Bytes:21
17:00:04.1 (30843657)|VARIABLE_SCOPE_BEGIN|[60]|strBodyHtml|String|false|false
17:00:04.1 (30849638)|VARIABLE_ASSIGNMENT|[60]|strBodyHtml|"<html><body>Buen día (1 more) ..."
17:00:04.1 (30853451)|HEAP_ALLOCATE|[63]|Bytes:10
17:00:04.1 (30880518)|STATEMENT_EXECUTE|[63]
17:00:04.1 (30881595)|STATEMENT_EXECUTE|[65]
17:00:04.1 (30883161)|HEAP_ALLOCATE|[65]|Bytes:70
17:00:04.1 (30890291)|HEAP_ALLOCATE|[65]|Bytes:91
17:00:04.1 (30894311)|VARIABLE_ASSIGNMENT|[65]|strBodyHtml|"<html><body>Buen día (71 more) ..."
17:00:04.1 (30896810)|STATEMENT_EXECUTE|[67]
17:00:04.1 (30897948)|HEAP_ALLOCATE|[67]|Bytes:66
17:00:04.1 (30900268)|HEAP_ALLOCATE|[67]|Bytes:157
17:00:04.1 (30903652)|VARIABLE_ASSIGNMENT|[67]|strBodyHtml|"<html><body>Buen día (137 more) ..."
17:00:04.1 (30905897)|STATEMENT_EXECUTE|[68]
17:00:04.1 (30907065)|HEAP_ALLOCATE|[68]|Bytes:50
17:00:04.1 (30909502)|HEAP_ALLOCATE|[68]|Bytes:207
17:00:04.1 (30912692)|VARIABLE_ASSIGNMENT|[68]|strBodyHtml|"<html><body>Buen día (187 more) ..."
17:00:04.1 (30914735)|STATEMENT_EXECUTE|[69]
17:00:04.1 (30915782)|HEAP_ALLOCATE|[69]|Bytes:45
17:00:04.1 (30917870)|HEAP_ALLOCATE|[69]|Bytes:252
17:00:04.1 (30920938)|VARIABLE_ASSIGNMENT|[69]|strBodyHtml|"<html><body>Buen día (232 more) ..."
17:00:04.1 (30923009)|STATEMENT_EXECUTE|[71]
17:00:04.1 (30945604)|VARIABLE_SCOPE_BEGIN|[71]|mapErrorsAux|Map<String,String>|true|false
17:00:04.1 (30951524)|VARIABLE_ASSIGNMENT|[71]|mapErrorsAux|{"CutShipmentrackingV2":"null;null"}|0x6b9c6b59
17:00:04.1 (30959340)|HEAP_ALLOCATE|[73]|Bytes:4
17:00:04.1 (31051613)|HEAP_ALLOCATE|[73]|Bytes:28
17:00:04.1 (31065037)|HEAP_ALLOCATE|[73]|Bytes:4
17:00:04.1 (31425877)|HEAP_ALLOCATE|[73]|Bytes:5
17:00:04.1 (31444000)|VARIABLE_SCOPE_BEGIN|[73]|strError|String|false|false
17:00:04.1 (31453439)|VARIABLE_ASSIGNMENT|[73]|strError|"CutShipmentrackingV2"
17:00:04.1 (31457469)|STATEMENT_EXECUTE|[73]
17:00:04.1 (31458672)|STATEMENT_EXECUTE|[75]
17:00:04.1 (31460433)|HEAP_ALLOCATE|[75]|Bytes:21
17:00:04.1 (31462923)|HEAP_ALLOCATE|[75]|Bytes:5
17:00:04.1 (31468392)|HEAP_ALLOCATE|[75]|Bytes:46
17:00:04.1 (31471719)|HEAP_ALLOCATE|[75]|Bytes:298
17:00:04.1 (31475820)|VARIABLE_ASSIGNMENT|[75]|strBodyHtml|"<html><body>Buen día (278 more) ..."
17:00:04.1 (31478619)|STATEMENT_EXECUTE|[76]
17:00:04.1 (31479853)|HEAP_ALLOCATE|[76]|Bytes:17
17:00:04.1 (31502373)|HEAP_ALLOCATE|[76]|Bytes:10
17:00:04.1 (31505086)|HEAP_ALLOCATE|[76]|Bytes:36
17:00:04.1 (31507417)|HEAP_ALLOCATE|[76]|Bytes:334
17:00:04.1 (31510911)|VARIABLE_ASSIGNMENT|[76]|strBodyHtml|"<html><body>Buen día (314 more) ..."
17:00:04.1 (31516782)|HEAP_ALLOCATE|[73]|Bytes:5
17:00:04.1 (31523213)|VARIABLE_ASSIGNMENT|[73]|strError|null
17:00:04.1 (31526087)|STATEMENT_EXECUTE|[78]
17:00:04.1 (31527520)|HEAP_ALLOCATE|[78]|Bytes:8
17:00:04.1 (31529867)|HEAP_ALLOCATE|[78]|Bytes:342
17:00:04.1 (31532999)|VARIABLE_ASSIGNMENT|[78]|strBodyHtml|"<html><body>Buen día (322 more) ..."
17:00:04.1 (31535839)|HEAP_ALLOCATE|[81]|Bytes:7
17:00:04.1 (31547463)|STATEMENT_EXECUTE|[81]
17:00:04.1 (31548889)|HEAP_ALLOCATE|[99]|Bytes:3
17:00:04.1 (31556311)|STATEMENT_EXECUTE|[99]
17:00:04.1 (31557573)|HEAP_ALLOCATE|[119]|Bytes:6
17:00:04.1 (31565234)|STATEMENT_EXECUTE|[119]
17:00:04.1 (31566376)|STATEMENT_EXECUTE|[154]
17:00:04.1 (31567623)|HEAP_ALLOCATE|[154]|Bytes:18
17:00:04.1 (31571547)|HEAP_ALLOCATE|[154]|Bytes:360
17:00:04.1 (31575035)|VARIABLE_ASSIGNMENT|[154]|strBodyHtml|"<html><body>Buen día (340 more) ..."
17:00:04.1 (31577402)|STATEMENT_EXECUTE|[155]
17:00:04.1 (31578479)|HEAP_ALLOCATE|[155]|Bytes:33
17:00:04.1 (31580368)|HEAP_ALLOCATE|[155]|Bytes:393
17:00:04.1 (31583589)|VARIABLE_ASSIGNMENT|[155]|strBodyHtml|"<html><body>Buen día (373 more) ..."
17:00:04.1 (31585694)|STATEMENT_EXECUTE|[157]
17:00:04.1 (31605139)|METHOD_EXIT|[41]|01pDK00000AKnSH|UtilitiesBatchCasesEmboce.createBodyHtml(Map<String,ANY>)
17:00:04.1 (31608576)|VARIABLE_SCOPE_BEGIN|[41]|strBodyHtml|String|false|false
17:00:04.1 (31613164)|VARIABLE_ASSIGNMENT|[41]|strBodyHtml|"<html><body>Buen día (373 more) ..."
17:00:04.1 (31615490)|STATEMENT_EXECUTE|[42]
17:00:04.1 (31617231)|VARIABLE_SCOPE_BEGIN|[42]|toAddresses|List<String>|true|false
17:00:04.1 (31627879)|VARIABLE_ASSIGNMENT|[42]|toAddresses|["ljcordova@falabella. (6 more) ...","mrosales@izeicg.com"]|0x3b2b0b31
17:00:04.1 (31631386)|STATEMENT_EXECUTE|[44]
17:00:04.1 (31671102)|HEAP_ALLOCATE|[44]|Bytes:4
17:00:04.1 (31711865)|VARIABLE_SCOPE_BEGIN|[44]|lstMails|List<Messaging.SingleEmailMessage>|true|false
17:00:04.1 (31727576)|HEAP_ALLOCATE|[EXTERNAL]|Bytes:4
17:00:04.1 (31732391)|VARIABLE_ASSIGNMENT|[44]|lstMails|[]|0xda32a74
17:00:04.1 (31735172)|STATEMENT_EXECUTE|[46]
17:00:04.1 (31794711)|VARIABLE_SCOPE_BEGIN|[46]|email|Messaging.SingleEmailMessage|true|false
17:00:04.1 (31840854)|VARIABLE_ASSIGNMENT|[46]|email|"common.api.soap.wsdl.SingleEmailMessage@1b9ce4ef"|0xf788d62
17:00:04.1 (31843856)|STATEMENT_EXECUTE|[48]
17:00:04.1 (31900208)|STATEMENT_EXECUTE|[49]
17:00:04.1 (31905867)|HEAP_ALLOCATE|[49]|Bytes:38
17:00:04.1 (31910255)|HEAP_ALLOCATE|[49]|Bytes:70
17:00:04.1 (31945515)|STATEMENT_EXECUTE|[50]
17:00:04.1 (31955015)|STATEMENT_EXECUTE|[51]
17:00:04.1 (31976262)|STATEMENT_EXECUTE|[53]
17:00:04.1 (31994315)|HEAP_ALLOCATE|[EXTERNAL]|Bytes:4
17:00:04.1 (31998887)|STATEMENT_EXECUTE|[55]
17:00:04.1 (32073414)|HEAP_ALLOCATE|[EXTERNAL]|Bytes:8
17:00:04.1 (96467010)|EMAIL_QUEUE|[55]|subject: Notificación de Error en el Proceso - Batch Consulta de Guias Estafeta, bccSender: false, saveAsActivity: false, useSignature: true, toAddresses: [ljcordova@falabella.com.mx, mrosales@izeicg.com], htmlBody: <html><body>Buen día,<br/><br/>Se produjo un error al consumir los Web Service de Estafeta:<br/><br/><table width="100%" style="border-collapse: collapse; "><tr><th width="30%" align="left" >Web Service</th><th width="70%" align="left" >Error</th></tr><tr><td align="left">CutShipmentrackingV2</td><td align="left">null;null</td></tr></table><br/><br/>Saludos,<br/>Administrador de Salesforce., 
17:00:04.1 (96933209)|HEAP_ALLOCATE|[EXTERNAL]|Bytes:8
17:00:04.1 (96982003)|METHOD_EXIT|[222]|01pDK00000AKnSH|UtilitiesBatchCasesEmboce.sendEmail(String, Map<String,ANY>)
17:00:04.115 (115088074)|CUMULATIVE_LIMIT_USAGE
17:00:04.115 (115088074)|LIMIT_USAGE_FOR_NS|(default)|
  Number of SOQL queries: 0 out of 200
  Number of query rows: 0 out of 50000
  Number of SOSL queries: 0 out of 20
  Number of DML statements: 0 out of 150
  Number of Publish Immediate DML: 0 out of 150
  Number of DML rows: 0 out of 10000
  Maximum CPU time: 0 out of 60000
  Maximum heap size: 0 out of 12000000
  Number of callouts: 0 out of 0
  Number of Email Invocations: 0 out of 10
  Number of future calls: 0 out of 0
  Number of queueable jobs added to the queue: 0 out of 1
  Number of Mobile Apex push calls: 0 out of 10

17:00:04.115 (115088074)|CUMULATIVE_LIMIT_USAGE_END

17:00:04.1 (115137166)|CODE_UNIT_FINISHED|BatchUpdateCasesEmboce
17:00:04.1 (115161222)|EXECUTION_FINISHED
