52.0 APEX_CODE,FINEST;APEX_PROFILING,INFO;CALLOUT,INFO;DATA_ACCESS,INFO;DB,INFO;NBA,INFO;SYSTEM,DEBUG;VALIDATION,INFO;VISUALFORCE,INFO;WAVE,INFO;WORKFLOW,INFO
14:30:03.0 (216805)|USER_INFO|[EXTERNAL]|0051N000005gvau|etrevinofalabella@izeicg.com.uat|(GMT-06:00) Central Standard Time (America/Mexico_City)|GMT-06:00
14:30:03.0 (256690)|EXECUTION_STARTED
14:30:03.0 (266286)|CODE_UNIT_STARTED|[EXTERNAL]|01p0v000003h7p3|BatchUpdateCaseGestorBO
14:30:03.0 (3651982)|HEAP_ALLOCATE|[95]|Bytes:3
14:30:03.0 (3751600)|HEAP_ALLOCATE|[100]|Bytes:152
14:30:03.0 (3769023)|HEAP_ALLOCATE|[417]|Bytes:408
14:30:03.0 (3785939)|HEAP_ALLOCATE|[430]|Bytes:408
14:30:03.0 (3814729)|HEAP_ALLOCATE|[317]|Bytes:6
14:30:03.0 (6280973)|HEAP_ALLOCATE|[EXTERNAL]|Bytes:98
14:30:03.0 (10355626)|HEAP_ALLOCATE|[EXTERNAL]|Bytes:11
14:30:03.0 (10384048)|SYSTEM_METHOD_ENTRY|[15]|BatchableContextImpl.BatchableContextImpl()
14:30:03.0 (10389501)|STATEMENT_EXECUTE|[15]
14:30:03.0 (10403513)|SYSTEM_METHOD_EXIT|[15]|BatchableContextImpl
14:30:03.0 (10426453)|HEAP_ALLOCATE|[EXTERNAL]|Bytes:12
14:30:03.0 (10430299)|HEAP_ALLOCATE|[EXTERNAL]|Bytes:4
14:30:03.0 (10431879)|HEAP_ALLOCATE|[EXTERNAL]|Bytes:4
14:30:03.0 (10436795)|VARIABLE_SCOPE_BEGIN|[31]|this|Database.BatchableContextImpl|true|false
14:30:03.0 (10496393)|VARIABLE_ASSIGNMENT|[31]|this|{}|0x6125cb1a
14:30:03.0 (10501421)|VARIABLE_SCOPE_BEGIN|[31]|jobId|Id|false|false
14:30:03.0 (10613053)|VARIABLE_ASSIGNMENT|[31]|jobId|"707Rt00001r8i4AIAQ"
14:30:03.0 (10616702)|VARIABLE_SCOPE_BEGIN|[31]|childJobId|Id|false|false
14:30:03.0 (10626668)|VARIABLE_ASSIGNMENT|[31]|childJobId|"707Rt00001r8oLeIAI"
14:30:03.0 (30272640)|HEAP_ALLOCATE|[EXTERNAL]|Bytes:24
14:30:06.781 (3781779732)|HEAP_ALLOCATE|[EXTERNAL]|Bytes:24
14:30:12.603 (9603190213)|HEAP_ALLOCATE|[EXTERNAL]|Bytes:12
14:30:15.259 (12259132221)|CUMULATIVE_LIMIT_USAGE
14:30:15.259 (12259132221)|LIMIT_USAGE_FOR_NS|(default)|
  Number of SOQL queries: 0 out of 200
  Number of query rows: 0 out of 50000
  Number of SOSL queries: 0 out of 20
  Number of DML statements: 0 out of 150
  Number of Publish Immediate DML: 0 out of 150
  Number of DML rows: 0 out of 10000
  Maximum CPU time: 0 out of 60000
  Maximum heap size: 0 out of 12000000
  Number of callouts: 0 out of 0
  Number of Email Invocations: 0 out of 10
  Number of future calls: 0 out of 0
  Number of queueable jobs added to the queue: 0 out of 1
  Number of Mobile Apex push calls: 0 out of 10

14:30:15.259 (12259132221)|CUMULATIVE_LIMIT_USAGE_END

14:30:15.259 (12259199218)|CODE_UNIT_FINISHED|BatchUpdateCaseGestorBO
14:30:15.259 (12259220122)|EXECUTION_FINISHED
