46.0 APEX_CODE,FINEST;APEX_PROFILING,INFO;CALLOUT,INFO;DATA_ACCESS,INFO;DB,INFO;NBA,INFO;SYSTEM,DEBUG;VALIDATION,INFO;VISUALFORCE,INFO;WAVE,INFO;WORKFLOW,INFO
16:41:35.5 (5234817)|SOQL_EXECUTE_BEGIN|[8]|Aggregations:0|SELECT id FROM permissionset WHERE name = 'et4ae5__ExactTarget_Integration_Admin'
16:41:35.5 (32573798)|SOQL_EXECUTE_END|[8]|Rows:0
16:41:35.5 (33431230)|SOQL_EXECUTE_BEGIN|[13]|Aggregations:0|SELECT id FROM permissionset WHERE name = 'ExactTarget_Integration_Admin'
16:41:35.5 (54620421)|SOQL_EXECUTE_END|[13]|Rows:1
16:41:35.5 (55271393)|SOQL_EXECUTE_BEGIN|[14]|Aggregations:0|SELECT id FROM permissionset WHERE name = 'ExactTarget_Integration'
16:41:35.5 (75727733)|SOQL_EXECUTE_END|[14]|Rows:1
16:41:35.5 (76641602)|SOQL_EXECUTE_BEGIN|[16]|Aggregations:0|SELECT assigneeId FROM permissionsetassignment WHERE (permissionSetId = :tmpVar1 AND assigneeId IN :tmpVar2)
16:41:35.5 (83054166)|SOQL_EXECUTE_END|[16]|Rows:0
16:41:35.5 (83758454)|SOQL_EXECUTE_BEGIN|[17]|Aggregations:0|SELECT assigneeId FROM permissionsetassignment WHERE (permissionSetId = :tmpVar1 AND assigneeId IN :tmpVar2)
16:41:35.5 (87839558)|SOQL_EXECUTE_END|[17]|Rows:0
16:41:35.88 (88983349)|CUMULATIVE_LIMIT_USAGE
16:41:35.88 (88983349)|LIMIT_USAGE_FOR_NS|(default)|
  Number of SOQL queries: 0 out of 100
  Number of query rows: 0 out of 50000
  Number of SOSL queries: 0 out of 20
  Number of DML statements: 0 out of 150
  Number of Publish Immediate DML: 0 out of 150
  Number of DML rows: 0 out of 10000
  Maximum CPU time: 0 out of 10000
  Maximum heap size: 0 out of 6000000
  Number of callouts: 0 out of 100
  Number of Email Invocations: 0 out of 10
  Number of future calls: 0 out of 50
  Number of queueable jobs added to the queue: 0 out of 50
  Number of Mobile Apex push calls: 0 out of 10

16:41:35.88 (88983349)|LIMIT_USAGE_FOR_NS|et4ae5|
  Number of SOQL queries: 5 out of 100
  Number of query rows: 2 out of 50000
  Number of SOSL queries: 0 out of 20
  Number of DML statements: 0 out of 150
  Number of Publish Immediate DML: 0 out of 150
  Number of DML rows: 0 out of 10000
  Maximum CPU time: 0 out of 10000
  Maximum heap size: 0 out of 6000000
  Number of callouts: 0 out of 100
  Number of Email Invocations: 0 out of 10
  Number of future calls: 0 out of 50
  Number of queueable jobs added to the queue: 0 out of 50
  Number of Mobile Apex push calls: 0 out of 10

16:41:35.88 (88983349)|CUMULATIVE_LIMIT_USAGE_END

