67.0 APEX_CODE,FINEST;APEX_PROFILING,INFO;CALLOUT,INFO;DATA_ACCESS,INFO;DB,INFO;NBA,INFO;SYSTEM,DEBUG;VALIDATION,INFO;VISUALFORCE,INFO;WAVE,INFO;WORKFLOW,INFO
12:21:19.0 (258786)|USER_INFO|[EXTERNAL]|0051N000005gvau|etrevinofalabella@izeicg.com.uat|(GMT-06:00) Central Standard Time (America/Mexico_City)|GMT-06:00
12:21:19.0 (295466)|EXECUTION_STARTED
12:21:19.0 (305543)|CODE_UNIT_STARTED|[EXTERNAL]|apex://MicroServicioGuiaDHL/ACTION$getGuiaDHL
12:21:19.0 (3644995)|CODE_UNIT_STARTED|[EXTERNAL]|01p0v000003MRTq|MicroServicioGuiaDHL.getGuiaDHL(String)
12:21:19.0 (3932290)|HEAP_ALLOCATE|[95]|Bytes:3
12:21:19.0 (4037651)|HEAP_ALLOCATE|[100]|Bytes:152
12:21:19.0 (4052388)|HEAP_ALLOCATE|[417]|Bytes:408
12:21:19.0 (4062805)|HEAP_ALLOCATE|[430]|Bytes:408
12:21:19.0 (4083935)|HEAP_ALLOCATE|[317]|Bytes:6
12:21:19.0 (4094745)|HEAP_ALLOCATE|[EXTERNAL]|Bytes:21
12:21:19.0 (4098013)|HEAP_ALLOCATE|[EXTERNAL]|Bytes:82
12:21:19.0 (4107044)|METHOD_ENTRY|[13]|01p0v000003MRTq|MicroServicioGuiaDHL.MicroServicioGuiaDHL()
12:21:19.0 (4113673)|STATEMENT_EXECUTE|[13]
12:21:19.0 (4118734)|STATEMENT_EXECUTE|[13]
12:21:19.0 (4138504)|HEAP_ALLOCATE|[68]|Bytes:5
12:21:19.0 (4161538)|HEAP_ALLOCATE|[74]|Bytes:5
12:21:19.0 (4166044)|HEAP_ALLOCATE|[82]|Bytes:7
12:21:19.0 (4323116)|HEAP_ALLOCATE|[EXTERNAL]|Bytes:5
12:21:19.0 (4333259)|METHOD_EXIT|[13]|MicroServicioGuiaDHL
12:21:19.0 (4336447)|HEAP_ALLOCATE|[EXTERNAL]|Bytes:18
12:21:19.0 (4353229)|VARIABLE_SCOPE_BEGIN|[16]|accountId|String|false|false
12:21:19.0 (4403067)|VARIABLE_ASSIGNMENT|[16]|accountId|"0010v00000MYqEtAAL"
12:21:19.0 (4413206)|HEAP_ALLOCATE|[18]|Bytes:5
12:21:19.0 (4416407)|STATEMENT_EXECUTE|[16]
12:21:19.0 (4417614)|STATEMENT_EXECUTE|[18]
12:21:19.0 (4419958)|HEAP_ALLOCATE|[18]|Bytes:78
12:21:19.0 (4439364)|HEAP_ALLOCATE|[18]|Bytes:4
12:21:19.0 (4450445)|HEAP_ALLOCATE|[18]|Bytes:7
12:21:19.0 (6758111)|SOQL_EXECUTE_BEGIN|[18]|Aggregations:0|SELECT Name FROM Guia_DHL__c WHERE (Cuenta__c = :tmpVar1 AND Activo__c = TRUE)
12:21:19.0 (18840009)|SOQL_EXECUTE_END|[18]|Rows:0
12:21:19.0 (18891591)|HEAP_ALLOCATE|[18]|Bytes:4
12:21:19.0 (18916267)|HEAP_ALLOCATE|[18]|Bytes:0
12:21:19.0 (19091941)|HEAP_ALLOCATE|[18]|Bytes:4
12:21:19.0 (19117601)|VARIABLE_SCOPE_BEGIN|[18]|guias|List<Guia_DHL__c>|true|false
12:21:19.0 (19146367)|VARIABLE_ASSIGNMENT|[18]|guias|[]|0x13355205
12:21:19.0 (19154924)|STATEMENT_EXECUTE|[20]
12:21:19.0 (19161685)|VARIABLE_SCOPE_BEGIN|[20]|retorno|String|false|false
12:21:19.0 (19171525)|VARIABLE_ASSIGNMENT|[20]|retorno|null
12:21:19.0 (19305250)|STATEMENT_EXECUTE|[22]
12:21:19.0 (19307215)|STATEMENT_EXECUTE|[47]
12:21:19.19 (19380480)|CUMULATIVE_LIMIT_USAGE
12:21:19.19 (19380480)|LIMIT_USAGE_FOR_NS|(default)|
  Number of SOQL queries: 1 out of 100
  Number of query rows: 0 out of 50000
  Number of SOSL queries: 0 out of 20
  Number of DML statements: 0 out of 150
  Number of Publish Immediate DML: 0 out of 150
  Number of DML rows: 0 out of 10000
  Maximum CPU time: 0 out of 10000
  Maximum heap size: 0 out of 6000000
  Number of callouts: 0 out of 100
  Number of Email Invocations: 0 out of 10
  Number of future calls: 0 out of 50
  Number of queueable jobs added to the queue: 0 out of 50
  Number of Mobile Apex push calls: 0 out of 10

12:21:19.19 (19380480)|CUMULATIVE_LIMIT_USAGE_END

12:21:19.0 (19410713)|CODE_UNIT_FINISHED|MicroServicioGuiaDHL.getGuiaDHL(String)
12:21:19.0 (19647038)|CODE_UNIT_FINISHED|apex://MicroServicioGuiaDHL/ACTION$getGuiaDHL
12:21:19.0 (19652528)|EXECUTION_FINISHED
