52.0 APEX_CODE,FINEST;APEX_PROFILING,INFO;CALLOUT,INFO;DATA_ACCESS,INFO;DB,INFO;NBA,INFO;SYSTEM,DEBUG;VALIDATION,INFO;VISUALFORCE,INFO;WAVE,INFO;WORKFLOW,INFO
12:20:00.1 (1917262)|USER_INFO|[EXTERNAL]|0051N000005gvau|etrevinofalabella@izeicg.com.uat|(GMT-06:00) Central Standard Time (America/Mexico_City)|GMT-06:00
12:20:00.1 (2009085)|EXECUTION_STARTED
12:20:00.1 (2040770)|CODE_UNIT_STARTED|[EXTERNAL]|01p0v000003h7p3|BatchUpdateCaseGestorBO
12:20:00.1 (6401050)|HEAP_ALLOCATE|[95]|Bytes:3
12:20:00.1 (6536541)|HEAP_ALLOCATE|[100]|Bytes:152
12:20:00.1 (6558263)|HEAP_ALLOCATE|[417]|Bytes:408
12:20:00.1 (6570853)|HEAP_ALLOCATE|[430]|Bytes:408
12:20:00.1 (6593428)|HEAP_ALLOCATE|[317]|Bytes:6
12:20:00.1 (11876901)|HEAP_ALLOCATE|[EXTERNAL]|Bytes:98
12:20:00.1 (27166602)|HEAP_ALLOCATE|[EXTERNAL]|Bytes:11
12:20:00.1 (27218783)|SYSTEM_METHOD_ENTRY|[15]|BatchableContextImpl.BatchableContextImpl()
12:20:00.1 (27238512)|STATEMENT_EXECUTE|[15]
12:20:00.1 (27262704)|SYSTEM_METHOD_EXIT|[15]|BatchableContextImpl
12:20:00.1 (27268727)|HEAP_ALLOCATE|[EXTERNAL]|Bytes:12
12:20:00.1 (27272296)|HEAP_ALLOCATE|[EXTERNAL]|Bytes:4
12:20:00.1 (27273775)|HEAP_ALLOCATE|[EXTERNAL]|Bytes:4
12:20:00.1 (27287447)|VARIABLE_SCOPE_BEGIN|[31]|this|Database.BatchableContextImpl|true|false
12:20:00.1 (27470259)|VARIABLE_ASSIGNMENT|[31]|this|{}|0x364bbced
12:20:00.1 (27479790)|VARIABLE_SCOPE_BEGIN|[31]|jobId|Id|false|false
12:20:00.1 (27637987)|VARIABLE_ASSIGNMENT|[31]|jobId|"707Rt000024lfuDIAQ"
12:20:00.1 (27642343)|VARIABLE_SCOPE_BEGIN|[31]|childJobId|Id|false|false
12:20:00.1 (27654317)|VARIABLE_ASSIGNMENT|[31]|childJobId|"707Rt000024l5DRIAY"
12:20:00.1 (52149093)|HEAP_ALLOCATE|[EXTERNAL]|Bytes:24
12:20:02.954 (2954087296)|HEAP_ALLOCATE|[EXTERNAL]|Bytes:24
12:20:06.416 (6416511392)|HEAP_ALLOCATE|[EXTERNAL]|Bytes:20
12:20:10.629 (10629650397)|CUMULATIVE_LIMIT_USAGE
12:20:10.629 (10629650397)|LIMIT_USAGE_FOR_NS|(default)|
  Number of SOQL queries: 0 out of 200
  Number of query rows: 0 out of 50000
  Number of SOSL queries: 0 out of 20
  Number of DML statements: 0 out of 150
  Number of Publish Immediate DML: 0 out of 150
  Number of DML rows: 0 out of 10000
  Maximum CPU time: 0 out of 60000
  Maximum heap size: 0 out of 12000000
  Number of callouts: 0 out of 0
  Number of Email Invocations: 0 out of 10
  Number of future calls: 0 out of 0
  Number of queueable jobs added to the queue: 0 out of 1
  Number of Mobile Apex push calls: 0 out of 10

12:20:10.629 (10629650397)|CUMULATIVE_LIMIT_USAGE_END

12:20:10.629 (10629712332)|CODE_UNIT_FINISHED|BatchUpdateCaseGestorBO
12:20:10.629 (10629729599)|EXECUTION_FINISHED
