67.0 APEX_CODE,FINEST;APEX_PROFILING,INFO;CALLOUT,INFO;DATA_ACCESS,INFO;DB,INFO;NBA,INFO;SYSTEM,DEBUG;VALIDATION,INFO;VISUALFORCE,INFO;WAVE,INFO;WORKFLOW,INFO
13:11:24.0 (376334)|USER_INFO|[EXTERNAL]|005Qg000002VBqt|jlandav@falabella.com.mx|(GMT-06:00) Central Standard Time (America/Mexico_City)|GMT-06:00
13:11:24.0 (477351)|EXECUTION_STARTED
13:11:24.0 (566252)|CODE_UNIT_STARTED|[EXTERNAL]|apex://CasosControllerExtension/ACTION$obtenerCasosCerrados
13:11:24.0 (2501472)|CODE_UNIT_STARTED|[EXTERNAL]|01p3l000005qcOV|CasosControllerExtension.obtenerCasosCerrados()
13:11:24.0 (2667275)|VARIABLE_SCOPE_BEGIN|[21]|CasosControllerExtension.QUEUE_CREDITO_FRAUDES|String|false|true
13:11:24.0 (2722058)|VARIABLE_SCOPE_BEGIN|[20]|CasosControllerExtension.RT_FIGITAL|String|false|true
13:11:24.0 (2727371)|VARIABLE_SCOPE_BEGIN|[19]|CasosControllerExtension.RT_RIESGOS|String|false|true
13:11:24.0 (2732383)|VARIABLE_SCOPE_BEGIN|[17]|CasosControllerExtension.ST_ASIGNADA|String|false|true
13:11:24.0 (2737238)|VARIABLE_SCOPE_BEGIN|[15]|CasosControllerExtension.ST_AUTORIZADA|String|false|true
13:11:24.0 (2742272)|VARIABLE_SCOPE_BEGIN|[18]|CasosControllerExtension.ST_CERRADO|String|false|true
13:11:24.0 (2747022)|VARIABLE_SCOPE_BEGIN|[16]|CasosControllerExtension.ST_NUEVO|String|false|true
13:11:24.0 (3001829)|HEAP_ALLOCATE|[95]|Bytes:3
13:11:24.0 (3051122)|HEAP_ALLOCATE|[100]|Bytes:152
13:11:24.0 (3066612)|HEAP_ALLOCATE|[417]|Bytes:408
13:11:24.0 (3077955)|HEAP_ALLOCATE|[430]|Bytes:408
13:11:24.0 (3095933)|HEAP_ALLOCATE|[317]|Bytes:6
13:11:24.0 (3106591)|HEAP_ALLOCATE|[EXTERNAL]|Bytes:11
13:11:24.0 (3130047)|METHOD_ENTRY|[13]|01p3l000005qcOV|CasosControllerExtension.CasosControllerExtension()
13:11:24.0 (3136010)|STATEMENT_EXECUTE|[13]
13:11:24.0 (3140909)|STATEMENT_EXECUTE|[13]
13:11:24.0 (3162459)|HEAP_ALLOCATE|[68]|Bytes:5
13:11:24.0 (3188443)|HEAP_ALLOCATE|[74]|Bytes:5
13:11:24.0 (3193364)|HEAP_ALLOCATE|[82]|Bytes:7
13:11:24.0 (3216205)|HEAP_ALLOCATE|[15]|Bytes:5
13:11:24.0 (3219320)|STATEMENT_EXECUTE|[15]
13:11:24.0 (3221478)|HEAP_ALLOCATE|[15]|Bytes:12
13:11:24.0 (3297256)|VARIABLE_ASSIGNMENT|[15]|CasosControllerExtension.ST_AUTORIZADA|"Autorización"
13:11:24.0 (3304110)|STATEMENT_EXECUTE|[16]
13:11:24.0 (3306730)|HEAP_ALLOCATE|[16]|Bytes:3
13:11:24.0 (3314273)|VARIABLE_ASSIGNMENT|[16]|CasosControllerExtension.ST_NUEVO|"New"
13:11:24.0 (3316957)|STATEMENT_EXECUTE|[17]
13:11:24.0 (3318854)|HEAP_ALLOCATE|[17]|Bytes:8
13:11:24.0 (3324593)|VARIABLE_ASSIGNMENT|[17]|CasosControllerExtension.ST_ASIGNADA|"Asignada"
13:11:24.0 (3327201)|STATEMENT_EXECUTE|[18]
13:11:24.0 (3328873)|HEAP_ALLOCATE|[18]|Bytes:7
13:11:24.0 (3334368)|VARIABLE_ASSIGNMENT|[18]|CasosControllerExtension.ST_CERRADO|"Cerrado"
13:11:24.0 (3337050)|STATEMENT_EXECUTE|[19]
13:11:24.0 (3338732)|HEAP_ALLOCATE|[19]|Bytes:19
13:11:24.0 (3344069)|VARIABLE_ASSIGNMENT|[19]|CasosControllerExtension.RT_RIESGOS|"Riesgos_Originaci_n"
13:11:24.0 (3347293)|STATEMENT_EXECUTE|[20]
13:11:24.0 (3349080)|HEAP_ALLOCATE|[20]|Bytes:18
13:11:24.0 (3356013)|VARIABLE_ASSIGNMENT|[20]|CasosControllerExtension.RT_FIGITAL|"BackOffice_Figital"
13:11:24.0 (3359528)|STATEMENT_EXECUTE|[21]
13:11:24.0 (3361278)|HEAP_ALLOCATE|[21]|Bytes:26
13:11:24.0 (3369543)|VARIABLE_ASSIGNMENT|[21]|CasosControllerExtension.QUEUE_CREDITO_FRAUDES|"BackOffice Credito/F (6 more) ..."
13:11:24.0 (3389693)|METHOD_EXIT|[13]|CasosControllerExtension
13:11:24.0 (3409595)|HEAP_ALLOCATE|[94]|Bytes:5
13:11:24.0 (3413085)|STATEMENT_EXECUTE|[92]
13:11:24.0 (3414510)|STATEMENT_EXECUTE|[94]
13:11:24.0 (3416331)|HEAP_ALLOCATE|[94]|Bytes:4
13:11:24.0 (3629311)|HEAP_ALLOCATE|[94]|Bytes:4
13:11:24.0 (5327293)|HEAP_ALLOCATE|[94]|Bytes:408
13:11:24.0 (5426657)|HEAP_ALLOCATE|[94]|Bytes:4
13:11:24.0 (5443906)|HEAP_ALLOCATE|[94]|Bytes:18
13:11:24.0 (5449334)|VARIABLE_SCOPE_BEGIN|[94]|idRecordTypeCredito|String|false|false
13:11:24.0 (5469771)|VARIABLE_ASSIGNMENT|[94]|idRecordTypeCredito|"0123l000001M9F8AAK"
13:11:24.0 (5473362)|STATEMENT_EXECUTE|[95]
13:11:24.0 (5571115)|HEAP_ALLOCATE|[95]|Bytes:4
13:11:24.0 (6799010)|HEAP_ALLOCATE|[95]|Bytes:408
13:11:24.0 (6849699)|HEAP_ALLOCATE|[95]|Bytes:4
13:11:24.0 (6859625)|HEAP_ALLOCATE|[95]|Bytes:18
13:11:24.0 (6865408)|VARIABLE_SCOPE_BEGIN|[95]|idRecordTypeFigital|String|false|false
13:11:24.0 (6884247)|VARIABLE_ASSIGNMENT|[95]|idRecordTypeFigital|"0123l0000019LkKAAU"
13:11:24.0 (6889099)|STATEMENT_EXECUTE|[97]
13:11:24.0 (6891830)|HEAP_ALLOCATE|[97]|Bytes:151
13:11:24.0 (6909378)|HEAP_ALLOCATE|[97]|Bytes:4
13:11:24.0 (6921584)|HEAP_ALLOCATE|[97]|Bytes:7
13:11:24.0 (6933249)|HEAP_ALLOCATE|[97]|Bytes:7
13:11:24.0 (6938660)|HEAP_ALLOCATE|[97]|Bytes:7
13:11:24.0 (7674236)|SOQL_EXECUTE_BEGIN|[97]|Aggregations:0|SELECT Id, CreatedDate, ClosedDate FROM Case WHERE (Status = :tmpVar1 AND CreatedDate = TODAY AND (RecordTypeId = :tmpVar2 OR RecordTypeId = :tmpVar3))
13:11:24.0 (23422227)|SOQL_EXECUTE_END|[97]|Rows:31
13:11:24.0 (23535123)|HEAP_ALLOCATE|[97]|Bytes:128
13:11:24.0 (23593148)|HEAP_ALLOCATE|[97]|Bytes:2046
13:11:24.0 (23666543)|HEAP_ALLOCATE|[97]|Bytes:128
13:11:24.0 (23692155)|VARIABLE_SCOPE_BEGIN|[97]|listaCasosCerrados|List<Case>|true|false
13:11:24.0 (23726208)|VARIABLE_ASSIGNMENT|[97]|listaCasosCerrados|"List of size 31 too large to display"|0x147b5cf1
13:11:24.0 (23733027)|STATEMENT_EXECUTE|[99]
13:11:24.23 (23840306)|CUMULATIVE_LIMIT_USAGE
13:11:24.23 (23840306)|LIMIT_USAGE_FOR_NS|(default)|
  Number of SOQL queries: 1 out of 100
  Number of query rows: 31 out of 50000
  Number of SOSL queries: 0 out of 20
  Number of DML statements: 0 out of 150
  Number of Publish Immediate DML: 0 out of 150
  Number of DML rows: 0 out of 10000
  Maximum CPU time: 0 out of 10000
  Maximum heap size: 0 out of 6000000
  Number of callouts: 0 out of 100
  Number of Email Invocations: 0 out of 10
  Number of future calls: 0 out of 50
  Number of queueable jobs added to the queue: 0 out of 50
  Number of Mobile Apex push calls: 0 out of 10

13:11:24.23 (23840306)|CUMULATIVE_LIMIT_USAGE_END

13:11:24.0 (24004601)|CODE_UNIT_FINISHED|CasosControllerExtension.obtenerCasosCerrados()
13:11:24.0 (24552165)|CODE_UNIT_FINISHED|apex://CasosControllerExtension/ACTION$obtenerCasosCerrados
13:11:24.0 (24574699)|EXECUTION_FINISHED
